[2024-01-08T17:37:15.898+0300] {processor.py:161} INFO - Started process (PID=5485) to work on /usr/local/lib/python3.10/dist-packages/airflow/example_dags/example_trigger_controller_dag.py
[2024-01-08T17:37:15.900+0300] {processor.py:830} INFO - Processing file /usr/local/lib/python3.10/dist-packages/airflow/example_dags/example_trigger_controller_dag.py for tasks to queue
[2024-01-08T17:37:15.906+0300] {logging_mixin.py:188} INFO - [2024-01-08T17:37:15.905+0300] {dagbag.py:538} INFO - Filling up the DagBag from /usr/local/lib/python3.10/dist-packages/airflow/example_dags/example_trigger_controller_dag.py
[2024-01-08T17:37:15.942+0300] {processor.py:840} INFO - DAG(s) 'example_trigger_controller_dag' retrieved from /usr/local/lib/python3.10/dist-packages/airflow/example_dags/example_trigger_controller_dag.py
[2024-01-08T17:37:16.067+0300] {logging_mixin.py:188} INFO - [2024-01-08T17:37:16.066+0300] {dag.py:3033} INFO - Sync 1 DAGs
[2024-01-08T17:37:16.144+0300] {logging_mixin.py:188} INFO - [2024-01-08T17:37:16.144+0300] {dag.py:3820} INFO - Setting next_dagrun for example_trigger_controller_dag to 2021-01-01T00:00:00+00:00, run_after=2021-01-01T00:00:00+00:00
[2024-01-08T17:37:16.202+0300] {processor.py:183} INFO - Processing /usr/local/lib/python3.10/dist-packages/airflow/example_dags/example_trigger_controller_dag.py took 0.345 seconds
[2024-01-08T17:37:46.360+0300] {processor.py:161} INFO - Started process (PID=5831) to work on /usr/local/lib/python3.10/dist-packages/airflow/example_dags/example_trigger_controller_dag.py
[2024-01-08T17:37:46.363+0300] {processor.py:830} INFO - Processing file /usr/local/lib/python3.10/dist-packages/airflow/example_dags/example_trigger_controller_dag.py for tasks to queue
[2024-01-08T17:37:46.364+0300] {logging_mixin.py:188} INFO - [2024-01-08T17:37:46.364+0300] {dagbag.py:538} INFO - Filling up the DagBag from /usr/local/lib/python3.10/dist-packages/airflow/example_dags/example_trigger_controller_dag.py
[2024-01-08T17:37:46.376+0300] {processor.py:840} INFO - DAG(s) 'example_trigger_controller_dag' retrieved from /usr/local/lib/python3.10/dist-packages/airflow/example_dags/example_trigger_controller_dag.py
[2024-01-08T17:37:46.457+0300] {logging_mixin.py:188} INFO - [2024-01-08T17:37:46.457+0300] {dag.py:3033} INFO - Sync 1 DAGs
[2024-01-08T17:37:46.518+0300] {logging_mixin.py:188} INFO - [2024-01-08T17:37:46.517+0300] {dag.py:3820} INFO - Setting next_dagrun for example_trigger_controller_dag to 2021-01-01T00:00:00+00:00, run_after=2021-01-01T00:00:00+00:00
[2024-01-08T17:37:46.574+0300] {processor.py:183} INFO - Processing /usr/local/lib/python3.10/dist-packages/airflow/example_dags/example_trigger_controller_dag.py took 0.223 seconds
[2024-01-08T17:38:16.659+0300] {processor.py:161} INFO - Started process (PID=6142) to work on /usr/local/lib/python3.10/dist-packages/airflow/example_dags/example_trigger_controller_dag.py
[2024-01-08T17:38:16.664+0300] {processor.py:830} INFO - Processing file /usr/local/lib/python3.10/dist-packages/airflow/example_dags/example_trigger_controller_dag.py for tasks to queue
[2024-01-08T17:38:16.667+0300] {logging_mixin.py:188} INFO - [2024-01-08T17:38:16.666+0300] {dagbag.py:538} INFO - Filling up the DagBag from /usr/local/lib/python3.10/dist-packages/airflow/example_dags/example_trigger_controller_dag.py
[2024-01-08T17:38:16.682+0300] {processor.py:840} INFO - DAG(s) 'example_trigger_controller_dag' retrieved from /usr/local/lib/python3.10/dist-packages/airflow/example_dags/example_trigger_controller_dag.py
[2024-01-08T17:38:16.825+0300] {logging_mixin.py:188} INFO - [2024-01-08T17:38:16.825+0300] {dag.py:3033} INFO - Sync 1 DAGs
[2024-01-08T17:38:16.884+0300] {logging_mixin.py:188} INFO - [2024-01-08T17:38:16.884+0300] {dag.py:3820} INFO - Setting next_dagrun for example_trigger_controller_dag to 2021-01-01T00:00:00+00:00, run_after=2021-01-01T00:00:00+00:00
[2024-01-08T17:38:16.940+0300] {processor.py:183} INFO - Processing /usr/local/lib/python3.10/dist-packages/airflow/example_dags/example_trigger_controller_dag.py took 0.292 seconds
[2024-01-08T18:15:18.942+0300] {processor.py:161} INFO - Started process (PID=7422) to work on /usr/local/lib/python3.10/dist-packages/airflow/example_dags/example_trigger_controller_dag.py
[2024-01-08T18:15:18.946+0300] {processor.py:830} INFO - Processing file /usr/local/lib/python3.10/dist-packages/airflow/example_dags/example_trigger_controller_dag.py for tasks to queue
[2024-01-08T18:15:18.948+0300] {logging_mixin.py:188} INFO - [2024-01-08T18:15:18.948+0300] {dagbag.py:538} INFO - Filling up the DagBag from /usr/local/lib/python3.10/dist-packages/airflow/example_dags/example_trigger_controller_dag.py
[2024-01-08T18:15:18.972+0300] {processor.py:840} INFO - DAG(s) 'example_trigger_controller_dag' retrieved from /usr/local/lib/python3.10/dist-packages/airflow/example_dags/example_trigger_controller_dag.py
[2024-01-08T18:15:19.130+0300] {logging_mixin.py:188} INFO - [2024-01-08T18:15:19.129+0300] {dag.py:3033} INFO - Sync 1 DAGs
[2024-01-08T18:15:19.194+0300] {logging_mixin.py:188} INFO - [2024-01-08T18:15:19.192+0300] {dag.py:3820} INFO - Setting next_dagrun for example_trigger_controller_dag to 2021-01-01T00:00:00+00:00, run_after=2021-01-01T00:00:00+00:00
[2024-01-08T18:15:19.247+0300] {processor.py:183} INFO - Processing /usr/local/lib/python3.10/dist-packages/airflow/example_dags/example_trigger_controller_dag.py took 0.319 seconds
[2024-01-08T18:15:50.917+0300] {processor.py:161} INFO - Started process (PID=7762) to work on /usr/local/lib/python3.10/dist-packages/airflow/example_dags/example_trigger_controller_dag.py
[2024-01-08T18:15:50.920+0300] {processor.py:830} INFO - Processing file /usr/local/lib/python3.10/dist-packages/airflow/example_dags/example_trigger_controller_dag.py for tasks to queue
[2024-01-08T18:15:50.923+0300] {logging_mixin.py:188} INFO - [2024-01-08T18:15:50.922+0300] {dagbag.py:538} INFO - Filling up the DagBag from /usr/local/lib/python3.10/dist-packages/airflow/example_dags/example_trigger_controller_dag.py
[2024-01-08T18:15:50.938+0300] {processor.py:840} INFO - DAG(s) 'example_trigger_controller_dag' retrieved from /usr/local/lib/python3.10/dist-packages/airflow/example_dags/example_trigger_controller_dag.py
[2024-01-08T18:15:51.057+0300] {logging_mixin.py:188} INFO - [2024-01-08T18:15:51.057+0300] {dag.py:3033} INFO - Sync 1 DAGs
[2024-01-08T18:15:51.158+0300] {logging_mixin.py:188} INFO - [2024-01-08T18:15:51.157+0300] {dag.py:3820} INFO - Setting next_dagrun for example_trigger_controller_dag to 2021-01-01T00:00:00+00:00, run_after=2021-01-01T00:00:00+00:00
[2024-01-08T18:15:51.288+0300] {processor.py:183} INFO - Processing /usr/local/lib/python3.10/dist-packages/airflow/example_dags/example_trigger_controller_dag.py took 0.384 seconds
[2024-01-08T18:28:22.449+0300] {processor.py:161} INFO - Started process (PID=8461) to work on /usr/local/lib/python3.10/dist-packages/airflow/example_dags/example_trigger_controller_dag.py
[2024-01-08T18:28:22.556+0300] {processor.py:830} INFO - Processing file /usr/local/lib/python3.10/dist-packages/airflow/example_dags/example_trigger_controller_dag.py for tasks to queue
[2024-01-08T18:28:22.558+0300] {logging_mixin.py:188} INFO - [2024-01-08T18:28:22.557+0300] {dagbag.py:538} INFO - Filling up the DagBag from /usr/local/lib/python3.10/dist-packages/airflow/example_dags/example_trigger_controller_dag.py
[2024-01-08T18:28:23.352+0300] {processor.py:840} INFO - DAG(s) 'example_trigger_controller_dag' retrieved from /usr/local/lib/python3.10/dist-packages/airflow/example_dags/example_trigger_controller_dag.py
[2024-01-08T18:28:24.841+0300] {logging_mixin.py:188} INFO - [2024-01-08T18:28:24.839+0300] {dag.py:3033} INFO - Sync 1 DAGs
[2024-01-08T18:28:26.086+0300] {logging_mixin.py:188} INFO - [2024-01-08T18:28:26.085+0300] {dag.py:3820} INFO - Setting next_dagrun for example_trigger_controller_dag to 2021-01-01T00:00:00+00:00, run_after=2021-01-01T00:00:00+00:00
[2024-01-08T18:28:27.522+0300] {processor.py:183} INFO - Processing /usr/local/lib/python3.10/dist-packages/airflow/example_dags/example_trigger_controller_dag.py took 5.084 seconds
[2024-01-08T18:32:18.582+0300] {processor.py:161} INFO - Started process (PID=9725) to work on /usr/local/lib/python3.10/dist-packages/airflow/example_dags/example_trigger_controller_dag.py
[2024-01-08T18:32:18.587+0300] {processor.py:830} INFO - Processing file /usr/local/lib/python3.10/dist-packages/airflow/example_dags/example_trigger_controller_dag.py for tasks to queue
[2024-01-08T18:32:18.613+0300] {logging_mixin.py:188} INFO - [2024-01-08T18:32:18.612+0300] {dagbag.py:538} INFO - Filling up the DagBag from /usr/local/lib/python3.10/dist-packages/airflow/example_dags/example_trigger_controller_dag.py
[2024-01-08T18:32:18.700+0300] {processor.py:840} INFO - DAG(s) 'example_trigger_controller_dag' retrieved from /usr/local/lib/python3.10/dist-packages/airflow/example_dags/example_trigger_controller_dag.py
[2024-01-08T18:32:20.538+0300] {logging_mixin.py:188} INFO - [2024-01-08T18:32:20.537+0300] {dag.py:3033} INFO - Sync 1 DAGs
[2024-01-08T18:32:21.886+0300] {logging_mixin.py:188} INFO - [2024-01-08T18:32:21.885+0300] {dag.py:3820} INFO - Setting next_dagrun for example_trigger_controller_dag to 2021-01-01T00:00:00+00:00, run_after=2021-01-01T00:00:00+00:00
[2024-01-08T18:32:22.617+0300] {processor.py:183} INFO - Processing /usr/local/lib/python3.10/dist-packages/airflow/example_dags/example_trigger_controller_dag.py took 4.054 seconds
[2024-01-08T18:34:57.539+0300] {processor.py:161} INFO - Started process (PID=10749) to work on /usr/local/lib/python3.10/dist-packages/airflow/example_dags/example_trigger_controller_dag.py
[2024-01-08T18:34:57.738+0300] {processor.py:830} INFO - Processing file /usr/local/lib/python3.10/dist-packages/airflow/example_dags/example_trigger_controller_dag.py for tasks to queue
[2024-01-08T18:34:57.740+0300] {logging_mixin.py:188} INFO - [2024-01-08T18:34:57.739+0300] {dagbag.py:538} INFO - Filling up the DagBag from /usr/local/lib/python3.10/dist-packages/airflow/example_dags/example_trigger_controller_dag.py
[2024-01-08T18:34:58.323+0300] {processor.py:840} INFO - DAG(s) 'example_trigger_controller_dag' retrieved from /usr/local/lib/python3.10/dist-packages/airflow/example_dags/example_trigger_controller_dag.py
[2024-01-08T18:34:59.694+0300] {logging_mixin.py:188} INFO - [2024-01-08T18:34:59.694+0300] {dag.py:3033} INFO - Sync 1 DAGs
[2024-01-08T18:35:00.398+0300] {logging_mixin.py:188} INFO - [2024-01-08T18:35:00.398+0300] {dag.py:3820} INFO - Setting next_dagrun for example_trigger_controller_dag to 2021-01-01T00:00:00+00:00, run_after=2021-01-01T00:00:00+00:00
[2024-01-08T18:35:00.957+0300] {processor.py:183} INFO - Processing /usr/local/lib/python3.10/dist-packages/airflow/example_dags/example_trigger_controller_dag.py took 3.742 seconds
[2024-01-08T18:37:37.495+0300] {processor.py:161} INFO - Started process (PID=11785) to work on /usr/local/lib/python3.10/dist-packages/airflow/example_dags/example_trigger_controller_dag.py
[2024-01-08T18:37:37.546+0300] {processor.py:830} INFO - Processing file /usr/local/lib/python3.10/dist-packages/airflow/example_dags/example_trigger_controller_dag.py for tasks to queue
[2024-01-08T18:37:37.550+0300] {logging_mixin.py:188} INFO - [2024-01-08T18:37:37.548+0300] {dagbag.py:538} INFO - Filling up the DagBag from /usr/local/lib/python3.10/dist-packages/airflow/example_dags/example_trigger_controller_dag.py
[2024-01-08T18:37:37.656+0300] {processor.py:840} INFO - DAG(s) 'example_trigger_controller_dag' retrieved from /usr/local/lib/python3.10/dist-packages/airflow/example_dags/example_trigger_controller_dag.py
[2024-01-08T18:37:38.265+0300] {logging_mixin.py:188} INFO - [2024-01-08T18:37:38.264+0300] {dag.py:3033} INFO - Sync 1 DAGs
[2024-01-08T18:37:38.797+0300] {logging_mixin.py:188} INFO - [2024-01-08T18:37:38.796+0300] {dag.py:3820} INFO - Setting next_dagrun for example_trigger_controller_dag to 2021-01-01T00:00:00+00:00, run_after=2021-01-01T00:00:00+00:00
[2024-01-08T18:37:39.072+0300] {processor.py:183} INFO - Processing /usr/local/lib/python3.10/dist-packages/airflow/example_dags/example_trigger_controller_dag.py took 1.700 seconds
[2024-01-08T18:38:51.367+0300] {processor.py:161} INFO - Started process (PID=12330) to work on /usr/local/lib/python3.10/dist-packages/airflow/example_dags/example_trigger_controller_dag.py
[2024-01-08T18:38:51.370+0300] {processor.py:830} INFO - Processing file /usr/local/lib/python3.10/dist-packages/airflow/example_dags/example_trigger_controller_dag.py for tasks to queue
[2024-01-08T18:38:51.380+0300] {logging_mixin.py:188} INFO - [2024-01-08T18:38:51.379+0300] {dagbag.py:538} INFO - Filling up the DagBag from /usr/local/lib/python3.10/dist-packages/airflow/example_dags/example_trigger_controller_dag.py
[2024-01-08T18:38:51.458+0300] {processor.py:840} INFO - DAG(s) 'example_trigger_controller_dag' retrieved from /usr/local/lib/python3.10/dist-packages/airflow/example_dags/example_trigger_controller_dag.py
[2024-01-08T18:38:53.002+0300] {logging_mixin.py:188} INFO - [2024-01-08T18:38:53.002+0300] {dag.py:3033} INFO - Sync 1 DAGs
[2024-01-08T18:38:54.454+0300] {logging_mixin.py:188} INFO - [2024-01-08T18:38:54.453+0300] {dag.py:3820} INFO - Setting next_dagrun for example_trigger_controller_dag to 2021-01-01T00:00:00+00:00, run_after=2021-01-01T00:00:00+00:00
[2024-01-08T18:38:55.722+0300] {processor.py:183} INFO - Processing /usr/local/lib/python3.10/dist-packages/airflow/example_dags/example_trigger_controller_dag.py took 4.383 seconds
[2024-01-08T18:40:43.399+0300] {processor.py:161} INFO - Started process (PID=12987) to work on /usr/local/lib/python3.10/dist-packages/airflow/example_dags/example_trigger_controller_dag.py
[2024-01-08T18:40:43.414+0300] {processor.py:830} INFO - Processing file /usr/local/lib/python3.10/dist-packages/airflow/example_dags/example_trigger_controller_dag.py for tasks to queue
[2024-01-08T18:40:43.416+0300] {logging_mixin.py:188} INFO - [2024-01-08T18:40:43.415+0300] {dagbag.py:538} INFO - Filling up the DagBag from /usr/local/lib/python3.10/dist-packages/airflow/example_dags/example_trigger_controller_dag.py
[2024-01-08T18:40:43.602+0300] {processor.py:840} INFO - DAG(s) 'example_trigger_controller_dag' retrieved from /usr/local/lib/python3.10/dist-packages/airflow/example_dags/example_trigger_controller_dag.py
[2024-01-08T18:40:44.833+0300] {logging_mixin.py:188} INFO - [2024-01-08T18:40:44.832+0300] {dag.py:3033} INFO - Sync 1 DAGs
[2024-01-08T18:40:45.829+0300] {logging_mixin.py:188} INFO - [2024-01-08T18:40:45.821+0300] {dag.py:3820} INFO - Setting next_dagrun for example_trigger_controller_dag to 2021-01-01T00:00:00+00:00, run_after=2021-01-01T00:00:00+00:00
[2024-01-08T18:40:46.558+0300] {processor.py:183} INFO - Processing /usr/local/lib/python3.10/dist-packages/airflow/example_dags/example_trigger_controller_dag.py took 3.270 seconds
[2024-01-08T18:41:36.544+0300] {processor.py:161} INFO - Started process (PID=13554) to work on /usr/local/lib/python3.10/dist-packages/airflow/example_dags/example_trigger_controller_dag.py
[2024-01-08T18:41:36.559+0300] {processor.py:830} INFO - Processing file /usr/local/lib/python3.10/dist-packages/airflow/example_dags/example_trigger_controller_dag.py for tasks to queue
[2024-01-08T18:41:36.570+0300] {logging_mixin.py:188} INFO - [2024-01-08T18:41:36.561+0300] {dagbag.py:538} INFO - Filling up the DagBag from /usr/local/lib/python3.10/dist-packages/airflow/example_dags/example_trigger_controller_dag.py
[2024-01-08T18:41:36.865+0300] {processor.py:840} INFO - DAG(s) 'example_trigger_controller_dag' retrieved from /usr/local/lib/python3.10/dist-packages/airflow/example_dags/example_trigger_controller_dag.py
[2024-01-08T18:41:37.329+0300] {logging_mixin.py:188} INFO - [2024-01-08T18:41:37.328+0300] {dag.py:3033} INFO - Sync 1 DAGs
[2024-01-08T18:41:37.963+0300] {logging_mixin.py:188} INFO - [2024-01-08T18:41:37.962+0300] {dag.py:3820} INFO - Setting next_dagrun for example_trigger_controller_dag to 2021-01-01T00:00:00+00:00, run_after=2021-01-01T00:00:00+00:00
[2024-01-08T18:41:38.892+0300] {processor.py:183} INFO - Processing /usr/local/lib/python3.10/dist-packages/airflow/example_dags/example_trigger_controller_dag.py took 2.414 seconds
[2024-01-08T18:42:16.068+0300] {processor.py:161} INFO - Started process (PID=14034) to work on /usr/local/lib/python3.10/dist-packages/airflow/example_dags/example_trigger_controller_dag.py
[2024-01-08T18:42:16.088+0300] {processor.py:830} INFO - Processing file /usr/local/lib/python3.10/dist-packages/airflow/example_dags/example_trigger_controller_dag.py for tasks to queue
[2024-01-08T18:42:16.090+0300] {logging_mixin.py:188} INFO - [2024-01-08T18:42:16.090+0300] {dagbag.py:538} INFO - Filling up the DagBag from /usr/local/lib/python3.10/dist-packages/airflow/example_dags/example_trigger_controller_dag.py
[2024-01-08T18:42:16.111+0300] {processor.py:840} INFO - DAG(s) 'example_trigger_controller_dag' retrieved from /usr/local/lib/python3.10/dist-packages/airflow/example_dags/example_trigger_controller_dag.py
[2024-01-08T18:42:16.363+0300] {logging_mixin.py:188} INFO - [2024-01-08T18:42:16.362+0300] {dag.py:3033} INFO - Sync 1 DAGs
[2024-01-08T18:42:16.414+0300] {logging_mixin.py:188} INFO - [2024-01-08T18:42:16.414+0300] {dag.py:3820} INFO - Setting next_dagrun for example_trigger_controller_dag to 2021-01-01T00:00:00+00:00, run_after=2021-01-01T00:00:00+00:00
[2024-01-08T18:42:16.474+0300] {processor.py:183} INFO - Processing /usr/local/lib/python3.10/dist-packages/airflow/example_dags/example_trigger_controller_dag.py took 0.452 seconds
[2024-01-08T18:43:01.608+0300] {processor.py:161} INFO - Started process (PID=14493) to work on /usr/local/lib/python3.10/dist-packages/airflow/example_dags/example_trigger_controller_dag.py
[2024-01-08T18:43:01.611+0300] {processor.py:830} INFO - Processing file /usr/local/lib/python3.10/dist-packages/airflow/example_dags/example_trigger_controller_dag.py for tasks to queue
[2024-01-08T18:43:01.613+0300] {logging_mixin.py:188} INFO - [2024-01-08T18:43:01.613+0300] {dagbag.py:538} INFO - Filling up the DagBag from /usr/local/lib/python3.10/dist-packages/airflow/example_dags/example_trigger_controller_dag.py
[2024-01-08T18:43:01.629+0300] {processor.py:840} INFO - DAG(s) 'example_trigger_controller_dag' retrieved from /usr/local/lib/python3.10/dist-packages/airflow/example_dags/example_trigger_controller_dag.py
[2024-01-08T18:43:01.794+0300] {logging_mixin.py:188} INFO - [2024-01-08T18:43:01.793+0300] {dag.py:3033} INFO - Sync 1 DAGs
[2024-01-08T18:43:01.947+0300] {logging_mixin.py:188} INFO - [2024-01-08T18:43:01.946+0300] {dag.py:3820} INFO - Setting next_dagrun for example_trigger_controller_dag to 2021-01-01T00:00:00+00:00, run_after=2021-01-01T00:00:00+00:00
[2024-01-08T18:43:02.009+0300] {processor.py:183} INFO - Processing /usr/local/lib/python3.10/dist-packages/airflow/example_dags/example_trigger_controller_dag.py took 0.412 seconds
[2024-01-08T18:43:32.698+0300] {processor.py:161} INFO - Started process (PID=14814) to work on /usr/local/lib/python3.10/dist-packages/airflow/example_dags/example_trigger_controller_dag.py
[2024-01-08T18:43:32.702+0300] {processor.py:830} INFO - Processing file /usr/local/lib/python3.10/dist-packages/airflow/example_dags/example_trigger_controller_dag.py for tasks to queue
[2024-01-08T18:43:32.704+0300] {logging_mixin.py:188} INFO - [2024-01-08T18:43:32.703+0300] {dagbag.py:538} INFO - Filling up the DagBag from /usr/local/lib/python3.10/dist-packages/airflow/example_dags/example_trigger_controller_dag.py
[2024-01-08T18:43:32.720+0300] {processor.py:840} INFO - DAG(s) 'example_trigger_controller_dag' retrieved from /usr/local/lib/python3.10/dist-packages/airflow/example_dags/example_trigger_controller_dag.py
[2024-01-08T18:43:32.822+0300] {logging_mixin.py:188} INFO - [2024-01-08T18:43:32.822+0300] {dag.py:3033} INFO - Sync 1 DAGs
[2024-01-08T18:43:32.893+0300] {logging_mixin.py:188} INFO - [2024-01-08T18:43:32.892+0300] {dag.py:3820} INFO - Setting next_dagrun for example_trigger_controller_dag to 2021-01-01T00:00:00+00:00, run_after=2021-01-01T00:00:00+00:00
[2024-01-08T18:43:32.932+0300] {processor.py:183} INFO - Processing /usr/local/lib/python3.10/dist-packages/airflow/example_dags/example_trigger_controller_dag.py took 0.248 seconds
[2024-01-08T18:44:03.860+0300] {processor.py:161} INFO - Started process (PID=15132) to work on /usr/local/lib/python3.10/dist-packages/airflow/example_dags/example_trigger_controller_dag.py
[2024-01-08T18:44:03.864+0300] {processor.py:830} INFO - Processing file /usr/local/lib/python3.10/dist-packages/airflow/example_dags/example_trigger_controller_dag.py for tasks to queue
[2024-01-08T18:44:03.865+0300] {logging_mixin.py:188} INFO - [2024-01-08T18:44:03.865+0300] {dagbag.py:538} INFO - Filling up the DagBag from /usr/local/lib/python3.10/dist-packages/airflow/example_dags/example_trigger_controller_dag.py
[2024-01-08T18:44:03.883+0300] {processor.py:840} INFO - DAG(s) 'example_trigger_controller_dag' retrieved from /usr/local/lib/python3.10/dist-packages/airflow/example_dags/example_trigger_controller_dag.py
[2024-01-08T18:44:03.998+0300] {logging_mixin.py:188} INFO - [2024-01-08T18:44:03.998+0300] {dag.py:3033} INFO - Sync 1 DAGs
[2024-01-08T18:44:04.069+0300] {logging_mixin.py:188} INFO - [2024-01-08T18:44:04.069+0300] {dag.py:3820} INFO - Setting next_dagrun for example_trigger_controller_dag to 2021-01-01T00:00:00+00:00, run_after=2021-01-01T00:00:00+00:00
[2024-01-08T18:44:04.138+0300] {processor.py:183} INFO - Processing /usr/local/lib/python3.10/dist-packages/airflow/example_dags/example_trigger_controller_dag.py took 0.293 seconds
[2024-01-08T18:44:34.499+0300] {processor.py:161} INFO - Started process (PID=15445) to work on /usr/local/lib/python3.10/dist-packages/airflow/example_dags/example_trigger_controller_dag.py
[2024-01-08T18:44:34.502+0300] {processor.py:830} INFO - Processing file /usr/local/lib/python3.10/dist-packages/airflow/example_dags/example_trigger_controller_dag.py for tasks to queue
[2024-01-08T18:44:34.504+0300] {logging_mixin.py:188} INFO - [2024-01-08T18:44:34.504+0300] {dagbag.py:538} INFO - Filling up the DagBag from /usr/local/lib/python3.10/dist-packages/airflow/example_dags/example_trigger_controller_dag.py
[2024-01-08T18:44:34.524+0300] {processor.py:840} INFO - DAG(s) 'example_trigger_controller_dag' retrieved from /usr/local/lib/python3.10/dist-packages/airflow/example_dags/example_trigger_controller_dag.py
[2024-01-08T18:44:34.634+0300] {logging_mixin.py:188} INFO - [2024-01-08T18:44:34.634+0300] {dag.py:3033} INFO - Sync 1 DAGs
[2024-01-08T18:44:34.706+0300] {logging_mixin.py:188} INFO - [2024-01-08T18:44:34.706+0300] {dag.py:3820} INFO - Setting next_dagrun for example_trigger_controller_dag to 2021-01-01T00:00:00+00:00, run_after=2021-01-01T00:00:00+00:00
[2024-01-08T18:44:34.777+0300] {processor.py:183} INFO - Processing /usr/local/lib/python3.10/dist-packages/airflow/example_dags/example_trigger_controller_dag.py took 0.295 seconds
[2024-01-08T18:45:05.045+0300] {processor.py:161} INFO - Started process (PID=15834) to work on /usr/local/lib/python3.10/dist-packages/airflow/example_dags/example_trigger_controller_dag.py
[2024-01-08T18:45:05.048+0300] {processor.py:830} INFO - Processing file /usr/local/lib/python3.10/dist-packages/airflow/example_dags/example_trigger_controller_dag.py for tasks to queue
[2024-01-08T18:45:05.051+0300] {logging_mixin.py:188} INFO - [2024-01-08T18:45:05.050+0300] {dagbag.py:538} INFO - Filling up the DagBag from /usr/local/lib/python3.10/dist-packages/airflow/example_dags/example_trigger_controller_dag.py
[2024-01-08T18:45:05.073+0300] {processor.py:840} INFO - DAG(s) 'example_trigger_controller_dag' retrieved from /usr/local/lib/python3.10/dist-packages/airflow/example_dags/example_trigger_controller_dag.py
[2024-01-08T18:45:05.203+0300] {logging_mixin.py:188} INFO - [2024-01-08T18:45:05.202+0300] {dag.py:3033} INFO - Sync 1 DAGs
[2024-01-08T18:45:05.278+0300] {logging_mixin.py:188} INFO - [2024-01-08T18:45:05.277+0300] {dag.py:3820} INFO - Setting next_dagrun for example_trigger_controller_dag to 2021-01-01T00:00:00+00:00, run_after=2021-01-01T00:00:00+00:00
[2024-01-08T18:45:05.338+0300] {processor.py:183} INFO - Processing /usr/local/lib/python3.10/dist-packages/airflow/example_dags/example_trigger_controller_dag.py took 0.311 seconds
[2024-01-08T18:45:38.361+0300] {processor.py:161} INFO - Started process (PID=16247) to work on /usr/local/lib/python3.10/dist-packages/airflow/example_dags/example_trigger_controller_dag.py
[2024-01-08T18:45:38.378+0300] {processor.py:830} INFO - Processing file /usr/local/lib/python3.10/dist-packages/airflow/example_dags/example_trigger_controller_dag.py for tasks to queue
[2024-01-08T18:45:38.379+0300] {logging_mixin.py:188} INFO - [2024-01-08T18:45:38.379+0300] {dagbag.py:538} INFO - Filling up the DagBag from /usr/local/lib/python3.10/dist-packages/airflow/example_dags/example_trigger_controller_dag.py
[2024-01-08T18:45:38.418+0300] {processor.py:840} INFO - DAG(s) 'example_trigger_controller_dag' retrieved from /usr/local/lib/python3.10/dist-packages/airflow/example_dags/example_trigger_controller_dag.py
[2024-01-08T18:45:38.907+0300] {logging_mixin.py:188} INFO - [2024-01-08T18:45:38.907+0300] {dag.py:3033} INFO - Sync 1 DAGs
[2024-01-08T18:45:39.414+0300] {logging_mixin.py:188} INFO - [2024-01-08T18:45:39.410+0300] {dag.py:3820} INFO - Setting next_dagrun for example_trigger_controller_dag to 2021-01-01T00:00:00+00:00, run_after=2021-01-01T00:00:00+00:00
[2024-01-08T18:45:39.578+0300] {processor.py:183} INFO - Processing /usr/local/lib/python3.10/dist-packages/airflow/example_dags/example_trigger_controller_dag.py took 1.228 seconds
[2024-01-08T18:46:31.603+0300] {processor.py:161} INFO - Started process (PID=16786) to work on /usr/local/lib/python3.10/dist-packages/airflow/example_dags/example_trigger_controller_dag.py
[2024-01-08T18:46:31.623+0300] {processor.py:830} INFO - Processing file /usr/local/lib/python3.10/dist-packages/airflow/example_dags/example_trigger_controller_dag.py for tasks to queue
[2024-01-08T18:46:31.637+0300] {logging_mixin.py:188} INFO - [2024-01-08T18:46:31.636+0300] {dagbag.py:538} INFO - Filling up the DagBag from /usr/local/lib/python3.10/dist-packages/airflow/example_dags/example_trigger_controller_dag.py
[2024-01-08T18:46:31.747+0300] {processor.py:840} INFO - DAG(s) 'example_trigger_controller_dag' retrieved from /usr/local/lib/python3.10/dist-packages/airflow/example_dags/example_trigger_controller_dag.py
[2024-01-08T18:46:32.317+0300] {logging_mixin.py:188} INFO - [2024-01-08T18:46:32.317+0300] {dag.py:3033} INFO - Sync 1 DAGs
[2024-01-08T18:46:32.642+0300] {logging_mixin.py:188} INFO - [2024-01-08T18:46:32.642+0300] {dag.py:3820} INFO - Setting next_dagrun for example_trigger_controller_dag to 2021-01-01T00:00:00+00:00, run_after=2021-01-01T00:00:00+00:00
[2024-01-08T18:46:32.944+0300] {processor.py:183} INFO - Processing /usr/local/lib/python3.10/dist-packages/airflow/example_dags/example_trigger_controller_dag.py took 1.396 seconds
[2024-01-08T18:47:04.940+0300] {processor.py:161} INFO - Started process (PID=17202) to work on /usr/local/lib/python3.10/dist-packages/airflow/example_dags/example_trigger_controller_dag.py
[2024-01-08T18:47:04.960+0300] {processor.py:830} INFO - Processing file /usr/local/lib/python3.10/dist-packages/airflow/example_dags/example_trigger_controller_dag.py for tasks to queue
[2024-01-08T18:47:04.964+0300] {logging_mixin.py:188} INFO - [2024-01-08T18:47:04.962+0300] {dagbag.py:538} INFO - Filling up the DagBag from /usr/local/lib/python3.10/dist-packages/airflow/example_dags/example_trigger_controller_dag.py
[2024-01-08T18:47:05.047+0300] {processor.py:840} INFO - DAG(s) 'example_trigger_controller_dag' retrieved from /usr/local/lib/python3.10/dist-packages/airflow/example_dags/example_trigger_controller_dag.py
[2024-01-08T18:47:05.368+0300] {logging_mixin.py:188} INFO - [2024-01-08T18:47:05.367+0300] {dag.py:3033} INFO - Sync 1 DAGs
[2024-01-08T18:47:05.791+0300] {logging_mixin.py:188} INFO - [2024-01-08T18:47:05.790+0300] {dag.py:3820} INFO - Setting next_dagrun for example_trigger_controller_dag to 2021-01-01T00:00:00+00:00, run_after=2021-01-01T00:00:00+00:00
[2024-01-08T18:47:05.974+0300] {processor.py:183} INFO - Processing /usr/local/lib/python3.10/dist-packages/airflow/example_dags/example_trigger_controller_dag.py took 1.117 seconds
[2024-01-08T18:47:36.297+0300] {processor.py:161} INFO - Started process (PID=17547) to work on /usr/local/lib/python3.10/dist-packages/airflow/example_dags/example_trigger_controller_dag.py
[2024-01-08T18:47:36.302+0300] {processor.py:830} INFO - Processing file /usr/local/lib/python3.10/dist-packages/airflow/example_dags/example_trigger_controller_dag.py for tasks to queue
[2024-01-08T18:47:36.305+0300] {logging_mixin.py:188} INFO - [2024-01-08T18:47:36.304+0300] {dagbag.py:538} INFO - Filling up the DagBag from /usr/local/lib/python3.10/dist-packages/airflow/example_dags/example_trigger_controller_dag.py
[2024-01-08T18:47:36.325+0300] {processor.py:840} INFO - DAG(s) 'example_trigger_controller_dag' retrieved from /usr/local/lib/python3.10/dist-packages/airflow/example_dags/example_trigger_controller_dag.py
[2024-01-08T18:47:36.486+0300] {logging_mixin.py:188} INFO - [2024-01-08T18:47:36.486+0300] {dag.py:3033} INFO - Sync 1 DAGs
[2024-01-08T18:47:36.558+0300] {logging_mixin.py:188} INFO - [2024-01-08T18:47:36.558+0300] {dag.py:3820} INFO - Setting next_dagrun for example_trigger_controller_dag to 2021-01-01T00:00:00+00:00, run_after=2021-01-01T00:00:00+00:00
[2024-01-08T18:47:36.643+0300] {processor.py:183} INFO - Processing /usr/local/lib/python3.10/dist-packages/airflow/example_dags/example_trigger_controller_dag.py took 0.361 seconds
[2024-01-08T18:48:09.412+0300] {processor.py:161} INFO - Started process (PID=17902) to work on /usr/local/lib/python3.10/dist-packages/airflow/example_dags/example_trigger_controller_dag.py
[2024-01-08T18:48:09.419+0300] {processor.py:830} INFO - Processing file /usr/local/lib/python3.10/dist-packages/airflow/example_dags/example_trigger_controller_dag.py for tasks to queue
[2024-01-08T18:48:09.421+0300] {logging_mixin.py:188} INFO - [2024-01-08T18:48:09.420+0300] {dagbag.py:538} INFO - Filling up the DagBag from /usr/local/lib/python3.10/dist-packages/airflow/example_dags/example_trigger_controller_dag.py
[2024-01-08T18:48:09.501+0300] {processor.py:840} INFO - DAG(s) 'example_trigger_controller_dag' retrieved from /usr/local/lib/python3.10/dist-packages/airflow/example_dags/example_trigger_controller_dag.py
[2024-01-08T18:48:09.787+0300] {logging_mixin.py:188} INFO - [2024-01-08T18:48:09.786+0300] {dag.py:3033} INFO - Sync 1 DAGs
[2024-01-08T18:48:10.183+0300] {logging_mixin.py:188} INFO - [2024-01-08T18:48:10.183+0300] {dag.py:3820} INFO - Setting next_dagrun for example_trigger_controller_dag to 2021-01-01T00:00:00+00:00, run_after=2021-01-01T00:00:00+00:00
[2024-01-08T18:48:10.544+0300] {processor.py:183} INFO - Processing /usr/local/lib/python3.10/dist-packages/airflow/example_dags/example_trigger_controller_dag.py took 1.213 seconds
[2024-01-08T18:48:42.276+0300] {processor.py:161} INFO - Started process (PID=18328) to work on /usr/local/lib/python3.10/dist-packages/airflow/example_dags/example_trigger_controller_dag.py
[2024-01-08T18:48:42.278+0300] {processor.py:830} INFO - Processing file /usr/local/lib/python3.10/dist-packages/airflow/example_dags/example_trigger_controller_dag.py for tasks to queue
[2024-01-08T18:48:42.281+0300] {logging_mixin.py:188} INFO - [2024-01-08T18:48:42.280+0300] {dagbag.py:538} INFO - Filling up the DagBag from /usr/local/lib/python3.10/dist-packages/airflow/example_dags/example_trigger_controller_dag.py
[2024-01-08T18:48:42.316+0300] {processor.py:840} INFO - DAG(s) 'example_trigger_controller_dag' retrieved from /usr/local/lib/python3.10/dist-packages/airflow/example_dags/example_trigger_controller_dag.py
[2024-01-08T18:48:42.600+0300] {logging_mixin.py:188} INFO - [2024-01-08T18:48:42.599+0300] {dag.py:3033} INFO - Sync 1 DAGs
[2024-01-08T18:48:42.764+0300] {logging_mixin.py:188} INFO - [2024-01-08T18:48:42.764+0300] {dag.py:3820} INFO - Setting next_dagrun for example_trigger_controller_dag to 2021-01-01T00:00:00+00:00, run_after=2021-01-01T00:00:00+00:00
[2024-01-08T18:48:42.863+0300] {processor.py:183} INFO - Processing /usr/local/lib/python3.10/dist-packages/airflow/example_dags/example_trigger_controller_dag.py took 0.625 seconds
[2024-01-08T18:49:20.335+0300] {processor.py:161} INFO - Started process (PID=18676) to work on /usr/local/lib/python3.10/dist-packages/airflow/example_dags/example_trigger_controller_dag.py
[2024-01-08T18:49:20.352+0300] {processor.py:830} INFO - Processing file /usr/local/lib/python3.10/dist-packages/airflow/example_dags/example_trigger_controller_dag.py for tasks to queue
[2024-01-08T18:49:20.354+0300] {logging_mixin.py:188} INFO - [2024-01-08T18:49:20.353+0300] {dagbag.py:538} INFO - Filling up the DagBag from /usr/local/lib/python3.10/dist-packages/airflow/example_dags/example_trigger_controller_dag.py
[2024-01-08T18:49:20.380+0300] {processor.py:840} INFO - DAG(s) 'example_trigger_controller_dag' retrieved from /usr/local/lib/python3.10/dist-packages/airflow/example_dags/example_trigger_controller_dag.py
[2024-01-08T18:49:20.911+0300] {logging_mixin.py:188} INFO - [2024-01-08T18:49:20.911+0300] {dag.py:3033} INFO - Sync 1 DAGs
[2024-01-08T18:49:21.156+0300] {logging_mixin.py:188} INFO - [2024-01-08T18:49:21.155+0300] {dag.py:3820} INFO - Setting next_dagrun for example_trigger_controller_dag to 2021-01-01T00:00:00+00:00, run_after=2021-01-01T00:00:00+00:00
[2024-01-08T18:49:21.284+0300] {processor.py:183} INFO - Processing /usr/local/lib/python3.10/dist-packages/airflow/example_dags/example_trigger_controller_dag.py took 0.975 seconds
[2024-01-08T18:49:51.983+0300] {processor.py:161} INFO - Started process (PID=19008) to work on /usr/local/lib/python3.10/dist-packages/airflow/example_dags/example_trigger_controller_dag.py
[2024-01-08T18:49:51.990+0300] {processor.py:830} INFO - Processing file /usr/local/lib/python3.10/dist-packages/airflow/example_dags/example_trigger_controller_dag.py for tasks to queue
[2024-01-08T18:49:51.997+0300] {logging_mixin.py:188} INFO - [2024-01-08T18:49:51.997+0300] {dagbag.py:538} INFO - Filling up the DagBag from /usr/local/lib/python3.10/dist-packages/airflow/example_dags/example_trigger_controller_dag.py
[2024-01-08T18:49:52.024+0300] {processor.py:840} INFO - DAG(s) 'example_trigger_controller_dag' retrieved from /usr/local/lib/python3.10/dist-packages/airflow/example_dags/example_trigger_controller_dag.py
[2024-01-08T18:49:52.182+0300] {logging_mixin.py:188} INFO - [2024-01-08T18:49:52.182+0300] {dag.py:3033} INFO - Sync 1 DAGs
[2024-01-08T18:49:52.277+0300] {logging_mixin.py:188} INFO - [2024-01-08T18:49:52.276+0300] {dag.py:3820} INFO - Setting next_dagrun for example_trigger_controller_dag to 2021-01-01T00:00:00+00:00, run_after=2021-01-01T00:00:00+00:00
[2024-01-08T18:49:52.338+0300] {processor.py:183} INFO - Processing /usr/local/lib/python3.10/dist-packages/airflow/example_dags/example_trigger_controller_dag.py took 0.373 seconds
[2024-01-08T18:50:22.699+0300] {processor.py:161} INFO - Started process (PID=19324) to work on /usr/local/lib/python3.10/dist-packages/airflow/example_dags/example_trigger_controller_dag.py
[2024-01-08T18:50:22.702+0300] {processor.py:830} INFO - Processing file /usr/local/lib/python3.10/dist-packages/airflow/example_dags/example_trigger_controller_dag.py for tasks to queue
[2024-01-08T18:50:22.704+0300] {logging_mixin.py:188} INFO - [2024-01-08T18:50:22.703+0300] {dagbag.py:538} INFO - Filling up the DagBag from /usr/local/lib/python3.10/dist-packages/airflow/example_dags/example_trigger_controller_dag.py
[2024-01-08T18:50:22.720+0300] {processor.py:840} INFO - DAG(s) 'example_trigger_controller_dag' retrieved from /usr/local/lib/python3.10/dist-packages/airflow/example_dags/example_trigger_controller_dag.py
[2024-01-08T18:50:22.886+0300] {logging_mixin.py:188} INFO - [2024-01-08T18:50:22.885+0300] {dag.py:3033} INFO - Sync 1 DAGs
[2024-01-08T18:50:22.986+0300] {logging_mixin.py:188} INFO - [2024-01-08T18:50:22.984+0300] {dag.py:3820} INFO - Setting next_dagrun for example_trigger_controller_dag to 2021-01-01T00:00:00+00:00, run_after=2021-01-01T00:00:00+00:00
[2024-01-08T18:50:23.046+0300] {processor.py:183} INFO - Processing /usr/local/lib/python3.10/dist-packages/airflow/example_dags/example_trigger_controller_dag.py took 0.362 seconds
[2024-01-08T18:50:53.901+0300] {processor.py:161} INFO - Started process (PID=19641) to work on /usr/local/lib/python3.10/dist-packages/airflow/example_dags/example_trigger_controller_dag.py
[2024-01-08T18:50:53.922+0300] {processor.py:830} INFO - Processing file /usr/local/lib/python3.10/dist-packages/airflow/example_dags/example_trigger_controller_dag.py for tasks to queue
[2024-01-08T18:50:53.930+0300] {logging_mixin.py:188} INFO - [2024-01-08T18:50:53.923+0300] {dagbag.py:538} INFO - Filling up the DagBag from /usr/local/lib/python3.10/dist-packages/airflow/example_dags/example_trigger_controller_dag.py
[2024-01-08T18:50:53.969+0300] {processor.py:840} INFO - DAG(s) 'example_trigger_controller_dag' retrieved from /usr/local/lib/python3.10/dist-packages/airflow/example_dags/example_trigger_controller_dag.py
[2024-01-08T18:50:54.114+0300] {logging_mixin.py:188} INFO - [2024-01-08T18:50:54.114+0300] {dag.py:3033} INFO - Sync 1 DAGs
[2024-01-08T18:50:54.181+0300] {logging_mixin.py:188} INFO - [2024-01-08T18:50:54.180+0300] {dag.py:3820} INFO - Setting next_dagrun for example_trigger_controller_dag to 2021-01-01T00:00:00+00:00, run_after=2021-01-01T00:00:00+00:00
[2024-01-08T18:50:54.290+0300] {processor.py:183} INFO - Processing /usr/local/lib/python3.10/dist-packages/airflow/example_dags/example_trigger_controller_dag.py took 0.419 seconds
[2024-01-08T18:51:24.606+0300] {processor.py:161} INFO - Started process (PID=20027) to work on /usr/local/lib/python3.10/dist-packages/airflow/example_dags/example_trigger_controller_dag.py
[2024-01-08T18:51:24.609+0300] {processor.py:830} INFO - Processing file /usr/local/lib/python3.10/dist-packages/airflow/example_dags/example_trigger_controller_dag.py for tasks to queue
[2024-01-08T18:51:24.613+0300] {logging_mixin.py:188} INFO - [2024-01-08T18:51:24.610+0300] {dagbag.py:538} INFO - Filling up the DagBag from /usr/local/lib/python3.10/dist-packages/airflow/example_dags/example_trigger_controller_dag.py
[2024-01-08T18:51:24.633+0300] {processor.py:840} INFO - DAG(s) 'example_trigger_controller_dag' retrieved from /usr/local/lib/python3.10/dist-packages/airflow/example_dags/example_trigger_controller_dag.py
[2024-01-08T18:51:24.786+0300] {logging_mixin.py:188} INFO - [2024-01-08T18:51:24.786+0300] {dag.py:3033} INFO - Sync 1 DAGs
[2024-01-08T18:51:24.867+0300] {logging_mixin.py:188} INFO - [2024-01-08T18:51:24.866+0300] {dag.py:3820} INFO - Setting next_dagrun for example_trigger_controller_dag to 2021-01-01T00:00:00+00:00, run_after=2021-01-01T00:00:00+00:00
[2024-01-08T18:51:24.929+0300] {processor.py:183} INFO - Processing /usr/local/lib/python3.10/dist-packages/airflow/example_dags/example_trigger_controller_dag.py took 0.336 seconds
[2024-01-08T18:52:10.989+0300] {processor.py:161} INFO - Started process (PID=20519) to work on /usr/local/lib/python3.10/dist-packages/airflow/example_dags/example_trigger_controller_dag.py
[2024-01-08T18:52:11.005+0300] {processor.py:830} INFO - Processing file /usr/local/lib/python3.10/dist-packages/airflow/example_dags/example_trigger_controller_dag.py for tasks to queue
[2024-01-08T18:52:11.008+0300] {logging_mixin.py:188} INFO - [2024-01-08T18:52:11.007+0300] {dagbag.py:538} INFO - Filling up the DagBag from /usr/local/lib/python3.10/dist-packages/airflow/example_dags/example_trigger_controller_dag.py
[2024-01-08T18:52:11.232+0300] {processor.py:840} INFO - DAG(s) 'example_trigger_controller_dag' retrieved from /usr/local/lib/python3.10/dist-packages/airflow/example_dags/example_trigger_controller_dag.py
[2024-01-08T18:52:11.925+0300] {logging_mixin.py:188} INFO - [2024-01-08T18:52:11.924+0300] {dag.py:3033} INFO - Sync 1 DAGs
[2024-01-08T18:52:12.474+0300] {logging_mixin.py:188} INFO - [2024-01-08T18:52:12.473+0300] {dag.py:3820} INFO - Setting next_dagrun for example_trigger_controller_dag to 2021-01-01T00:00:00+00:00, run_after=2021-01-01T00:00:00+00:00
[2024-01-08T18:52:12.923+0300] {processor.py:183} INFO - Processing /usr/local/lib/python3.10/dist-packages/airflow/example_dags/example_trigger_controller_dag.py took 2.064 seconds
[2024-01-08T18:52:43.374+0300] {processor.py:161} INFO - Started process (PID=20939) to work on /usr/local/lib/python3.10/dist-packages/airflow/example_dags/example_trigger_controller_dag.py
[2024-01-08T18:52:43.380+0300] {processor.py:830} INFO - Processing file /usr/local/lib/python3.10/dist-packages/airflow/example_dags/example_trigger_controller_dag.py for tasks to queue
[2024-01-08T18:52:43.382+0300] {logging_mixin.py:188} INFO - [2024-01-08T18:52:43.381+0300] {dagbag.py:538} INFO - Filling up the DagBag from /usr/local/lib/python3.10/dist-packages/airflow/example_dags/example_trigger_controller_dag.py
[2024-01-08T18:52:43.417+0300] {processor.py:840} INFO - DAG(s) 'example_trigger_controller_dag' retrieved from /usr/local/lib/python3.10/dist-packages/airflow/example_dags/example_trigger_controller_dag.py
[2024-01-08T18:52:43.606+0300] {logging_mixin.py:188} INFO - [2024-01-08T18:52:43.605+0300] {dag.py:3033} INFO - Sync 1 DAGs
[2024-01-08T18:52:43.751+0300] {logging_mixin.py:188} INFO - [2024-01-08T18:52:43.751+0300] {dag.py:3820} INFO - Setting next_dagrun for example_trigger_controller_dag to 2021-01-01T00:00:00+00:00, run_after=2021-01-01T00:00:00+00:00
[2024-01-08T18:52:43.881+0300] {processor.py:183} INFO - Processing /usr/local/lib/python3.10/dist-packages/airflow/example_dags/example_trigger_controller_dag.py took 0.525 seconds
[2024-01-08T18:53:54.937+0300] {processor.py:161} INFO - Started process (PID=21515) to work on /usr/local/lib/python3.10/dist-packages/airflow/example_dags/example_trigger_controller_dag.py
[2024-01-08T18:53:54.958+0300] {processor.py:830} INFO - Processing file /usr/local/lib/python3.10/dist-packages/airflow/example_dags/example_trigger_controller_dag.py for tasks to queue
[2024-01-08T18:53:54.961+0300] {logging_mixin.py:188} INFO - [2024-01-08T18:53:54.960+0300] {dagbag.py:538} INFO - Filling up the DagBag from /usr/local/lib/python3.10/dist-packages/airflow/example_dags/example_trigger_controller_dag.py
[2024-01-08T18:53:55.032+0300] {processor.py:840} INFO - DAG(s) 'example_trigger_controller_dag' retrieved from /usr/local/lib/python3.10/dist-packages/airflow/example_dags/example_trigger_controller_dag.py
[2024-01-08T18:53:55.651+0300] {logging_mixin.py:188} INFO - [2024-01-08T18:53:55.650+0300] {dag.py:3033} INFO - Sync 1 DAGs
[2024-01-08T18:53:55.955+0300] {logging_mixin.py:188} INFO - [2024-01-08T18:53:55.954+0300] {dag.py:3820} INFO - Setting next_dagrun for example_trigger_controller_dag to 2021-01-01T00:00:00+00:00, run_after=2021-01-01T00:00:00+00:00
[2024-01-08T18:53:56.121+0300] {processor.py:183} INFO - Processing /usr/local/lib/python3.10/dist-packages/airflow/example_dags/example_trigger_controller_dag.py took 1.232 seconds
[2024-01-08T18:54:32.005+0300] {processor.py:161} INFO - Started process (PID=21929) to work on /usr/local/lib/python3.10/dist-packages/airflow/example_dags/example_trigger_controller_dag.py
[2024-01-08T18:54:32.024+0300] {processor.py:830} INFO - Processing file /usr/local/lib/python3.10/dist-packages/airflow/example_dags/example_trigger_controller_dag.py for tasks to queue
[2024-01-08T18:54:32.027+0300] {logging_mixin.py:188} INFO - [2024-01-08T18:54:32.026+0300] {dagbag.py:538} INFO - Filling up the DagBag from /usr/local/lib/python3.10/dist-packages/airflow/example_dags/example_trigger_controller_dag.py
[2024-01-08T18:54:32.171+0300] {processor.py:840} INFO - DAG(s) 'example_trigger_controller_dag' retrieved from /usr/local/lib/python3.10/dist-packages/airflow/example_dags/example_trigger_controller_dag.py
[2024-01-08T18:54:32.505+0300] {logging_mixin.py:188} INFO - [2024-01-08T18:54:32.505+0300] {dag.py:3033} INFO - Sync 1 DAGs
[2024-01-08T18:54:32.768+0300] {logging_mixin.py:188} INFO - [2024-01-08T18:54:32.762+0300] {dag.py:3820} INFO - Setting next_dagrun for example_trigger_controller_dag to 2021-01-01T00:00:00+00:00, run_after=2021-01-01T00:00:00+00:00
[2024-01-08T18:54:33.054+0300] {processor.py:183} INFO - Processing /usr/local/lib/python3.10/dist-packages/airflow/example_dags/example_trigger_controller_dag.py took 1.156 seconds
[2024-01-08T18:55:03.198+0300] {processor.py:161} INFO - Started process (PID=22374) to work on /usr/local/lib/python3.10/dist-packages/airflow/example_dags/example_trigger_controller_dag.py
[2024-01-08T18:55:03.226+0300] {processor.py:830} INFO - Processing file /usr/local/lib/python3.10/dist-packages/airflow/example_dags/example_trigger_controller_dag.py for tasks to queue
[2024-01-08T18:55:03.229+0300] {logging_mixin.py:188} INFO - [2024-01-08T18:55:03.228+0300] {dagbag.py:538} INFO - Filling up the DagBag from /usr/local/lib/python3.10/dist-packages/airflow/example_dags/example_trigger_controller_dag.py
[2024-01-08T18:55:03.258+0300] {processor.py:840} INFO - DAG(s) 'example_trigger_controller_dag' retrieved from /usr/local/lib/python3.10/dist-packages/airflow/example_dags/example_trigger_controller_dag.py
[2024-01-08T18:55:03.577+0300] {logging_mixin.py:188} INFO - [2024-01-08T18:55:03.577+0300] {dag.py:3033} INFO - Sync 1 DAGs
[2024-01-08T18:55:03.728+0300] {logging_mixin.py:188} INFO - [2024-01-08T18:55:03.727+0300] {dag.py:3820} INFO - Setting next_dagrun for example_trigger_controller_dag to 2021-01-01T00:00:00+00:00, run_after=2021-01-01T00:00:00+00:00
[2024-01-08T18:55:03.797+0300] {processor.py:183} INFO - Processing /usr/local/lib/python3.10/dist-packages/airflow/example_dags/example_trigger_controller_dag.py took 0.635 seconds
[2024-01-08T18:55:40.622+0300] {processor.py:161} INFO - Started process (PID=22793) to work on /usr/local/lib/python3.10/dist-packages/airflow/example_dags/example_trigger_controller_dag.py
[2024-01-08T18:55:40.633+0300] {processor.py:830} INFO - Processing file /usr/local/lib/python3.10/dist-packages/airflow/example_dags/example_trigger_controller_dag.py for tasks to queue
[2024-01-08T18:55:40.636+0300] {logging_mixin.py:188} INFO - [2024-01-08T18:55:40.635+0300] {dagbag.py:538} INFO - Filling up the DagBag from /usr/local/lib/python3.10/dist-packages/airflow/example_dags/example_trigger_controller_dag.py
[2024-01-08T18:55:40.654+0300] {processor.py:840} INFO - DAG(s) 'example_trigger_controller_dag' retrieved from /usr/local/lib/python3.10/dist-packages/airflow/example_dags/example_trigger_controller_dag.py
[2024-01-08T18:55:40.763+0300] {logging_mixin.py:188} INFO - [2024-01-08T18:55:40.763+0300] {dag.py:3033} INFO - Sync 1 DAGs
[2024-01-08T18:55:40.846+0300] {logging_mixin.py:188} INFO - [2024-01-08T18:55:40.845+0300] {dag.py:3820} INFO - Setting next_dagrun for example_trigger_controller_dag to 2021-01-01T00:00:00+00:00, run_after=2021-01-01T00:00:00+00:00
[2024-01-08T18:55:40.952+0300] {processor.py:183} INFO - Processing /usr/local/lib/python3.10/dist-packages/airflow/example_dags/example_trigger_controller_dag.py took 0.345 seconds
[2024-01-08T18:56:11.801+0300] {processor.py:161} INFO - Started process (PID=23109) to work on /usr/local/lib/python3.10/dist-packages/airflow/example_dags/example_trigger_controller_dag.py
[2024-01-08T18:56:11.805+0300] {processor.py:830} INFO - Processing file /usr/local/lib/python3.10/dist-packages/airflow/example_dags/example_trigger_controller_dag.py for tasks to queue
[2024-01-08T18:56:11.807+0300] {logging_mixin.py:188} INFO - [2024-01-08T18:56:11.806+0300] {dagbag.py:538} INFO - Filling up the DagBag from /usr/local/lib/python3.10/dist-packages/airflow/example_dags/example_trigger_controller_dag.py
[2024-01-08T18:56:11.827+0300] {processor.py:840} INFO - DAG(s) 'example_trigger_controller_dag' retrieved from /usr/local/lib/python3.10/dist-packages/airflow/example_dags/example_trigger_controller_dag.py
[2024-01-08T18:56:11.927+0300] {logging_mixin.py:188} INFO - [2024-01-08T18:56:11.926+0300] {dag.py:3033} INFO - Sync 1 DAGs
[2024-01-08T18:56:12.006+0300] {logging_mixin.py:188} INFO - [2024-01-08T18:56:12.006+0300] {dag.py:3820} INFO - Setting next_dagrun for example_trigger_controller_dag to 2021-01-01T00:00:00+00:00, run_after=2021-01-01T00:00:00+00:00
[2024-01-08T18:56:12.053+0300] {processor.py:183} INFO - Processing /usr/local/lib/python3.10/dist-packages/airflow/example_dags/example_trigger_controller_dag.py took 0.263 seconds
[2024-01-08T18:56:42.543+0300] {processor.py:161} INFO - Started process (PID=23425) to work on /usr/local/lib/python3.10/dist-packages/airflow/example_dags/example_trigger_controller_dag.py
[2024-01-08T18:56:42.548+0300] {processor.py:830} INFO - Processing file /usr/local/lib/python3.10/dist-packages/airflow/example_dags/example_trigger_controller_dag.py for tasks to queue
[2024-01-08T18:56:42.549+0300] {logging_mixin.py:188} INFO - [2024-01-08T18:56:42.549+0300] {dagbag.py:538} INFO - Filling up the DagBag from /usr/local/lib/python3.10/dist-packages/airflow/example_dags/example_trigger_controller_dag.py
[2024-01-08T18:56:42.568+0300] {processor.py:840} INFO - DAG(s) 'example_trigger_controller_dag' retrieved from /usr/local/lib/python3.10/dist-packages/airflow/example_dags/example_trigger_controller_dag.py
[2024-01-08T18:56:42.676+0300] {logging_mixin.py:188} INFO - [2024-01-08T18:56:42.676+0300] {dag.py:3033} INFO - Sync 1 DAGs
[2024-01-08T18:56:42.754+0300] {logging_mixin.py:188} INFO - [2024-01-08T18:56:42.753+0300] {dag.py:3820} INFO - Setting next_dagrun for example_trigger_controller_dag to 2021-01-01T00:00:00+00:00, run_after=2021-01-01T00:00:00+00:00
[2024-01-08T18:56:42.853+0300] {processor.py:183} INFO - Processing /usr/local/lib/python3.10/dist-packages/airflow/example_dags/example_trigger_controller_dag.py took 0.326 seconds
[2024-01-08T18:57:14.483+0300] {processor.py:161} INFO - Started process (PID=23791) to work on /usr/local/lib/python3.10/dist-packages/airflow/example_dags/example_trigger_controller_dag.py
[2024-01-08T18:57:14.486+0300] {processor.py:830} INFO - Processing file /usr/local/lib/python3.10/dist-packages/airflow/example_dags/example_trigger_controller_dag.py for tasks to queue
[2024-01-08T18:57:14.488+0300] {logging_mixin.py:188} INFO - [2024-01-08T18:57:14.487+0300] {dagbag.py:538} INFO - Filling up the DagBag from /usr/local/lib/python3.10/dist-packages/airflow/example_dags/example_trigger_controller_dag.py
[2024-01-08T18:57:14.503+0300] {processor.py:840} INFO - DAG(s) 'example_trigger_controller_dag' retrieved from /usr/local/lib/python3.10/dist-packages/airflow/example_dags/example_trigger_controller_dag.py
[2024-01-08T18:57:14.663+0300] {logging_mixin.py:188} INFO - [2024-01-08T18:57:14.663+0300] {dag.py:3033} INFO - Sync 1 DAGs
[2024-01-08T18:57:14.774+0300] {logging_mixin.py:188} INFO - [2024-01-08T18:57:14.774+0300] {dag.py:3820} INFO - Setting next_dagrun for example_trigger_controller_dag to 2021-01-01T00:00:00+00:00, run_after=2021-01-01T00:00:00+00:00
[2024-01-08T18:57:14.873+0300] {processor.py:183} INFO - Processing /usr/local/lib/python3.10/dist-packages/airflow/example_dags/example_trigger_controller_dag.py took 0.411 seconds
[2024-01-08T18:57:51.258+0300] {processor.py:161} INFO - Started process (PID=24160) to work on /usr/local/lib/python3.10/dist-packages/airflow/example_dags/example_trigger_controller_dag.py
[2024-01-08T18:57:51.268+0300] {processor.py:830} INFO - Processing file /usr/local/lib/python3.10/dist-packages/airflow/example_dags/example_trigger_controller_dag.py for tasks to queue
[2024-01-08T18:57:51.271+0300] {logging_mixin.py:188} INFO - [2024-01-08T18:57:51.270+0300] {dagbag.py:538} INFO - Filling up the DagBag from /usr/local/lib/python3.10/dist-packages/airflow/example_dags/example_trigger_controller_dag.py
[2024-01-08T18:57:51.351+0300] {processor.py:840} INFO - DAG(s) 'example_trigger_controller_dag' retrieved from /usr/local/lib/python3.10/dist-packages/airflow/example_dags/example_trigger_controller_dag.py
[2024-01-08T18:57:51.679+0300] {logging_mixin.py:188} INFO - [2024-01-08T18:57:51.678+0300] {dag.py:3033} INFO - Sync 1 DAGs
[2024-01-08T18:57:51.885+0300] {logging_mixin.py:188} INFO - [2024-01-08T18:57:51.885+0300] {dag.py:3820} INFO - Setting next_dagrun for example_trigger_controller_dag to 2021-01-01T00:00:00+00:00, run_after=2021-01-01T00:00:00+00:00
[2024-01-08T18:57:52.012+0300] {processor.py:183} INFO - Processing /usr/local/lib/python3.10/dist-packages/airflow/example_dags/example_trigger_controller_dag.py took 0.827 seconds
[2024-01-08T18:58:22.285+0300] {processor.py:161} INFO - Started process (PID=24506) to work on /usr/local/lib/python3.10/dist-packages/airflow/example_dags/example_trigger_controller_dag.py
[2024-01-08T18:58:22.294+0300] {processor.py:830} INFO - Processing file /usr/local/lib/python3.10/dist-packages/airflow/example_dags/example_trigger_controller_dag.py for tasks to queue
[2024-01-08T18:58:22.297+0300] {logging_mixin.py:188} INFO - [2024-01-08T18:58:22.296+0300] {dagbag.py:538} INFO - Filling up the DagBag from /usr/local/lib/python3.10/dist-packages/airflow/example_dags/example_trigger_controller_dag.py
[2024-01-08T18:58:22.325+0300] {processor.py:840} INFO - DAG(s) 'example_trigger_controller_dag' retrieved from /usr/local/lib/python3.10/dist-packages/airflow/example_dags/example_trigger_controller_dag.py
[2024-01-08T18:58:22.523+0300] {logging_mixin.py:188} INFO - [2024-01-08T18:58:22.523+0300] {dag.py:3033} INFO - Sync 1 DAGs
[2024-01-08T18:58:22.642+0300] {logging_mixin.py:188} INFO - [2024-01-08T18:58:22.642+0300] {dag.py:3820} INFO - Setting next_dagrun for example_trigger_controller_dag to 2021-01-01T00:00:00+00:00, run_after=2021-01-01T00:00:00+00:00
[2024-01-08T18:58:22.744+0300] {processor.py:183} INFO - Processing /usr/local/lib/python3.10/dist-packages/airflow/example_dags/example_trigger_controller_dag.py took 0.517 seconds
[2024-01-08T18:58:56.772+0300] {processor.py:161} INFO - Started process (PID=24953) to work on /usr/local/lib/python3.10/dist-packages/airflow/example_dags/example_trigger_controller_dag.py
[2024-01-08T18:58:56.782+0300] {processor.py:830} INFO - Processing file /usr/local/lib/python3.10/dist-packages/airflow/example_dags/example_trigger_controller_dag.py for tasks to queue
[2024-01-08T18:58:56.784+0300] {logging_mixin.py:188} INFO - [2024-01-08T18:58:56.784+0300] {dagbag.py:538} INFO - Filling up the DagBag from /usr/local/lib/python3.10/dist-packages/airflow/example_dags/example_trigger_controller_dag.py
[2024-01-08T18:58:56.811+0300] {processor.py:840} INFO - DAG(s) 'example_trigger_controller_dag' retrieved from /usr/local/lib/python3.10/dist-packages/airflow/example_dags/example_trigger_controller_dag.py
[2024-01-08T18:58:57.043+0300] {logging_mixin.py:188} INFO - [2024-01-08T18:58:57.043+0300] {dag.py:3033} INFO - Sync 1 DAGs
[2024-01-08T18:58:57.247+0300] {logging_mixin.py:188} INFO - [2024-01-08T18:58:57.247+0300] {dag.py:3820} INFO - Setting next_dagrun for example_trigger_controller_dag to 2021-01-01T00:00:00+00:00, run_after=2021-01-01T00:00:00+00:00
[2024-01-08T18:58:57.423+0300] {processor.py:183} INFO - Processing /usr/local/lib/python3.10/dist-packages/airflow/example_dags/example_trigger_controller_dag.py took 0.675 seconds
[2024-01-08T18:59:30.921+0300] {processor.py:161} INFO - Started process (PID=25340) to work on /usr/local/lib/python3.10/dist-packages/airflow/example_dags/example_trigger_controller_dag.py
[2024-01-08T18:59:30.936+0300] {processor.py:830} INFO - Processing file /usr/local/lib/python3.10/dist-packages/airflow/example_dags/example_trigger_controller_dag.py for tasks to queue
[2024-01-08T18:59:30.943+0300] {logging_mixin.py:188} INFO - [2024-01-08T18:59:30.943+0300] {dagbag.py:538} INFO - Filling up the DagBag from /usr/local/lib/python3.10/dist-packages/airflow/example_dags/example_trigger_controller_dag.py
[2024-01-08T18:59:31.026+0300] {processor.py:840} INFO - DAG(s) 'example_trigger_controller_dag' retrieved from /usr/local/lib/python3.10/dist-packages/airflow/example_dags/example_trigger_controller_dag.py
[2024-01-08T18:59:31.398+0300] {logging_mixin.py:188} INFO - [2024-01-08T18:59:31.397+0300] {dag.py:3033} INFO - Sync 1 DAGs
[2024-01-08T18:59:31.823+0300] {logging_mixin.py:188} INFO - [2024-01-08T18:59:31.823+0300] {dag.py:3820} INFO - Setting next_dagrun for example_trigger_controller_dag to 2021-01-01T00:00:00+00:00, run_after=2021-01-01T00:00:00+00:00
[2024-01-08T18:59:32.086+0300] {processor.py:183} INFO - Processing /usr/local/lib/python3.10/dist-packages/airflow/example_dags/example_trigger_controller_dag.py took 1.179 seconds
[2024-01-08T19:00:02.375+0300] {processor.py:161} INFO - Started process (PID=25740) to work on /usr/local/lib/python3.10/dist-packages/airflow/example_dags/example_trigger_controller_dag.py
[2024-01-08T19:00:02.378+0300] {processor.py:830} INFO - Processing file /usr/local/lib/python3.10/dist-packages/airflow/example_dags/example_trigger_controller_dag.py for tasks to queue
[2024-01-08T19:00:02.382+0300] {logging_mixin.py:188} INFO - [2024-01-08T19:00:02.380+0300] {dagbag.py:538} INFO - Filling up the DagBag from /usr/local/lib/python3.10/dist-packages/airflow/example_dags/example_trigger_controller_dag.py
[2024-01-08T19:00:02.430+0300] {processor.py:840} INFO - DAG(s) 'example_trigger_controller_dag' retrieved from /usr/local/lib/python3.10/dist-packages/airflow/example_dags/example_trigger_controller_dag.py
[2024-01-08T19:00:02.663+0300] {logging_mixin.py:188} INFO - [2024-01-08T19:00:02.662+0300] {dag.py:3033} INFO - Sync 1 DAGs
[2024-01-08T19:00:02.838+0300] {logging_mixin.py:188} INFO - [2024-01-08T19:00:02.837+0300] {dag.py:3820} INFO - Setting next_dagrun for example_trigger_controller_dag to 2021-01-01T00:00:00+00:00, run_after=2021-01-01T00:00:00+00:00
[2024-01-08T19:00:02.924+0300] {processor.py:183} INFO - Processing /usr/local/lib/python3.10/dist-packages/airflow/example_dags/example_trigger_controller_dag.py took 0.592 seconds
[2024-01-08T19:00:33.401+0300] {processor.py:161} INFO - Started process (PID=26144) to work on /usr/local/lib/python3.10/dist-packages/airflow/example_dags/example_trigger_controller_dag.py
[2024-01-08T19:00:33.405+0300] {processor.py:830} INFO - Processing file /usr/local/lib/python3.10/dist-packages/airflow/example_dags/example_trigger_controller_dag.py for tasks to queue
[2024-01-08T19:00:33.406+0300] {logging_mixin.py:188} INFO - [2024-01-08T19:00:33.406+0300] {dagbag.py:538} INFO - Filling up the DagBag from /usr/local/lib/python3.10/dist-packages/airflow/example_dags/example_trigger_controller_dag.py
[2024-01-08T19:00:33.423+0300] {processor.py:840} INFO - DAG(s) 'example_trigger_controller_dag' retrieved from /usr/local/lib/python3.10/dist-packages/airflow/example_dags/example_trigger_controller_dag.py
[2024-01-08T19:00:33.540+0300] {logging_mixin.py:188} INFO - [2024-01-08T19:00:33.539+0300] {dag.py:3033} INFO - Sync 1 DAGs
[2024-01-08T19:00:33.621+0300] {logging_mixin.py:188} INFO - [2024-01-08T19:00:33.621+0300] {dag.py:3820} INFO - Setting next_dagrun for example_trigger_controller_dag to 2021-01-01T00:00:00+00:00, run_after=2021-01-01T00:00:00+00:00
[2024-01-08T19:00:33.690+0300] {processor.py:183} INFO - Processing /usr/local/lib/python3.10/dist-packages/airflow/example_dags/example_trigger_controller_dag.py took 0.302 seconds
[2024-01-08T19:01:04.257+0300] {processor.py:161} INFO - Started process (PID=26544) to work on /usr/local/lib/python3.10/dist-packages/airflow/example_dags/example_trigger_controller_dag.py
[2024-01-08T19:01:04.259+0300] {processor.py:830} INFO - Processing file /usr/local/lib/python3.10/dist-packages/airflow/example_dags/example_trigger_controller_dag.py for tasks to queue
[2024-01-08T19:01:04.262+0300] {logging_mixin.py:188} INFO - [2024-01-08T19:01:04.261+0300] {dagbag.py:538} INFO - Filling up the DagBag from /usr/local/lib/python3.10/dist-packages/airflow/example_dags/example_trigger_controller_dag.py
[2024-01-08T19:01:04.275+0300] {processor.py:840} INFO - DAG(s) 'example_trigger_controller_dag' retrieved from /usr/local/lib/python3.10/dist-packages/airflow/example_dags/example_trigger_controller_dag.py
[2024-01-08T19:01:04.413+0300] {logging_mixin.py:188} INFO - [2024-01-08T19:01:04.413+0300] {dag.py:3033} INFO - Sync 1 DAGs
[2024-01-08T19:01:04.482+0300] {logging_mixin.py:188} INFO - [2024-01-08T19:01:04.482+0300] {dag.py:3820} INFO - Setting next_dagrun for example_trigger_controller_dag to 2021-01-01T00:00:00+00:00, run_after=2021-01-01T00:00:00+00:00
[2024-01-08T19:01:04.530+0300] {processor.py:183} INFO - Processing /usr/local/lib/python3.10/dist-packages/airflow/example_dags/example_trigger_controller_dag.py took 0.288 seconds
[2024-01-08T19:01:35.407+0300] {processor.py:161} INFO - Started process (PID=26913) to work on /usr/local/lib/python3.10/dist-packages/airflow/example_dags/example_trigger_controller_dag.py
[2024-01-08T19:01:35.420+0300] {processor.py:830} INFO - Processing file /usr/local/lib/python3.10/dist-packages/airflow/example_dags/example_trigger_controller_dag.py for tasks to queue
[2024-01-08T19:01:35.423+0300] {logging_mixin.py:188} INFO - [2024-01-08T19:01:35.422+0300] {dagbag.py:538} INFO - Filling up the DagBag from /usr/local/lib/python3.10/dist-packages/airflow/example_dags/example_trigger_controller_dag.py
[2024-01-08T19:01:35.465+0300] {processor.py:840} INFO - DAG(s) 'example_trigger_controller_dag' retrieved from /usr/local/lib/python3.10/dist-packages/airflow/example_dags/example_trigger_controller_dag.py
[2024-01-08T19:01:35.726+0300] {logging_mixin.py:188} INFO - [2024-01-08T19:01:35.725+0300] {dag.py:3033} INFO - Sync 1 DAGs
[2024-01-08T19:01:35.870+0300] {logging_mixin.py:188} INFO - [2024-01-08T19:01:35.867+0300] {dag.py:3820} INFO - Setting next_dagrun for example_trigger_controller_dag to 2021-01-01T00:00:00+00:00, run_after=2021-01-01T00:00:00+00:00
[2024-01-08T19:01:36.021+0300] {processor.py:183} INFO - Processing /usr/local/lib/python3.10/dist-packages/airflow/example_dags/example_trigger_controller_dag.py took 0.643 seconds
[2024-01-08T19:02:06.535+0300] {processor.py:161} INFO - Started process (PID=27232) to work on /usr/local/lib/python3.10/dist-packages/airflow/example_dags/example_trigger_controller_dag.py
[2024-01-08T19:02:06.539+0300] {processor.py:830} INFO - Processing file /usr/local/lib/python3.10/dist-packages/airflow/example_dags/example_trigger_controller_dag.py for tasks to queue
[2024-01-08T19:02:06.544+0300] {logging_mixin.py:188} INFO - [2024-01-08T19:02:06.542+0300] {dagbag.py:538} INFO - Filling up the DagBag from /usr/local/lib/python3.10/dist-packages/airflow/example_dags/example_trigger_controller_dag.py
[2024-01-08T19:02:06.567+0300] {processor.py:840} INFO - DAG(s) 'example_trigger_controller_dag' retrieved from /usr/local/lib/python3.10/dist-packages/airflow/example_dags/example_trigger_controller_dag.py
[2024-01-08T19:02:06.713+0300] {logging_mixin.py:188} INFO - [2024-01-08T19:02:06.713+0300] {dag.py:3033} INFO - Sync 1 DAGs
[2024-01-08T19:02:06.818+0300] {logging_mixin.py:188} INFO - [2024-01-08T19:02:06.818+0300] {dag.py:3820} INFO - Setting next_dagrun for example_trigger_controller_dag to 2021-01-01T00:00:00+00:00, run_after=2021-01-01T00:00:00+00:00
[2024-01-08T19:02:06.865+0300] {processor.py:183} INFO - Processing /usr/local/lib/python3.10/dist-packages/airflow/example_dags/example_trigger_controller_dag.py took 0.344 seconds
[2024-01-08T19:02:37.475+0300] {processor.py:161} INFO - Started process (PID=27549) to work on /usr/local/lib/python3.10/dist-packages/airflow/example_dags/example_trigger_controller_dag.py
[2024-01-08T19:02:37.483+0300] {processor.py:830} INFO - Processing file /usr/local/lib/python3.10/dist-packages/airflow/example_dags/example_trigger_controller_dag.py for tasks to queue
[2024-01-08T19:02:37.485+0300] {logging_mixin.py:188} INFO - [2024-01-08T19:02:37.484+0300] {dagbag.py:538} INFO - Filling up the DagBag from /usr/local/lib/python3.10/dist-packages/airflow/example_dags/example_trigger_controller_dag.py
[2024-01-08T19:02:37.509+0300] {processor.py:840} INFO - DAG(s) 'example_trigger_controller_dag' retrieved from /usr/local/lib/python3.10/dist-packages/airflow/example_dags/example_trigger_controller_dag.py
[2024-01-08T19:02:37.671+0300] {logging_mixin.py:188} INFO - [2024-01-08T19:02:37.669+0300] {dag.py:3033} INFO - Sync 1 DAGs
[2024-01-08T19:02:37.809+0300] {logging_mixin.py:188} INFO - [2024-01-08T19:02:37.809+0300] {dag.py:3820} INFO - Setting next_dagrun for example_trigger_controller_dag to 2021-01-01T00:00:00+00:00, run_after=2021-01-01T00:00:00+00:00
[2024-01-08T19:02:37.923+0300] {processor.py:183} INFO - Processing /usr/local/lib/python3.10/dist-packages/airflow/example_dags/example_trigger_controller_dag.py took 0.462 seconds
[2024-01-08T19:03:17.298+0300] {processor.py:161} INFO - Started process (PID=27923) to work on /usr/local/lib/python3.10/dist-packages/airflow/example_dags/example_trigger_controller_dag.py
[2024-01-08T19:03:17.306+0300] {processor.py:830} INFO - Processing file /usr/local/lib/python3.10/dist-packages/airflow/example_dags/example_trigger_controller_dag.py for tasks to queue
[2024-01-08T19:03:17.309+0300] {logging_mixin.py:188} INFO - [2024-01-08T19:03:17.308+0300] {dagbag.py:538} INFO - Filling up the DagBag from /usr/local/lib/python3.10/dist-packages/airflow/example_dags/example_trigger_controller_dag.py
[2024-01-08T19:03:17.356+0300] {processor.py:840} INFO - DAG(s) 'example_trigger_controller_dag' retrieved from /usr/local/lib/python3.10/dist-packages/airflow/example_dags/example_trigger_controller_dag.py
[2024-01-08T19:03:17.660+0300] {logging_mixin.py:188} INFO - [2024-01-08T19:03:17.659+0300] {dag.py:3033} INFO - Sync 1 DAGs
[2024-01-08T19:03:17.759+0300] {logging_mixin.py:188} INFO - [2024-01-08T19:03:17.758+0300] {dag.py:3820} INFO - Setting next_dagrun for example_trigger_controller_dag to 2021-01-01T00:00:00+00:00, run_after=2021-01-01T00:00:00+00:00
[2024-01-08T19:03:18.209+0300] {processor.py:183} INFO - Processing /usr/local/lib/python3.10/dist-packages/airflow/example_dags/example_trigger_controller_dag.py took 0.967 seconds
[2024-01-08T19:03:48.506+0300] {processor.py:161} INFO - Started process (PID=28323) to work on /usr/local/lib/python3.10/dist-packages/airflow/example_dags/example_trigger_controller_dag.py
[2024-01-08T19:03:48.509+0300] {processor.py:830} INFO - Processing file /usr/local/lib/python3.10/dist-packages/airflow/example_dags/example_trigger_controller_dag.py for tasks to queue
[2024-01-08T19:03:48.511+0300] {logging_mixin.py:188} INFO - [2024-01-08T19:03:48.510+0300] {dagbag.py:538} INFO - Filling up the DagBag from /usr/local/lib/python3.10/dist-packages/airflow/example_dags/example_trigger_controller_dag.py
[2024-01-08T19:03:48.571+0300] {processor.py:840} INFO - DAG(s) 'example_trigger_controller_dag' retrieved from /usr/local/lib/python3.10/dist-packages/airflow/example_dags/example_trigger_controller_dag.py
[2024-01-08T19:03:48.744+0300] {logging_mixin.py:188} INFO - [2024-01-08T19:03:48.744+0300] {dag.py:3033} INFO - Sync 1 DAGs
[2024-01-08T19:03:48.902+0300] {logging_mixin.py:188} INFO - [2024-01-08T19:03:48.902+0300] {dag.py:3820} INFO - Setting next_dagrun for example_trigger_controller_dag to 2021-01-01T00:00:00+00:00, run_after=2021-01-01T00:00:00+00:00
[2024-01-08T19:03:49.038+0300] {processor.py:183} INFO - Processing /usr/local/lib/python3.10/dist-packages/airflow/example_dags/example_trigger_controller_dag.py took 0.553 seconds
[2024-01-08T19:04:19.360+0300] {processor.py:161} INFO - Started process (PID=28692) to work on /usr/local/lib/python3.10/dist-packages/airflow/example_dags/example_trigger_controller_dag.py
[2024-01-08T19:04:19.365+0300] {processor.py:830} INFO - Processing file /usr/local/lib/python3.10/dist-packages/airflow/example_dags/example_trigger_controller_dag.py for tasks to queue
[2024-01-08T19:04:19.367+0300] {logging_mixin.py:188} INFO - [2024-01-08T19:04:19.367+0300] {dagbag.py:538} INFO - Filling up the DagBag from /usr/local/lib/python3.10/dist-packages/airflow/example_dags/example_trigger_controller_dag.py
[2024-01-08T19:04:19.380+0300] {processor.py:840} INFO - DAG(s) 'example_trigger_controller_dag' retrieved from /usr/local/lib/python3.10/dist-packages/airflow/example_dags/example_trigger_controller_dag.py
[2024-01-08T19:04:19.516+0300] {logging_mixin.py:188} INFO - [2024-01-08T19:04:19.515+0300] {dag.py:3033} INFO - Sync 1 DAGs
[2024-01-08T19:04:19.587+0300] {logging_mixin.py:188} INFO - [2024-01-08T19:04:19.587+0300] {dag.py:3820} INFO - Setting next_dagrun for example_trigger_controller_dag to 2021-01-01T00:00:00+00:00, run_after=2021-01-01T00:00:00+00:00
[2024-01-08T19:04:19.660+0300] {processor.py:183} INFO - Processing /usr/local/lib/python3.10/dist-packages/airflow/example_dags/example_trigger_controller_dag.py took 0.316 seconds
[2024-01-08T19:04:51.475+0300] {processor.py:161} INFO - Started process (PID=29081) to work on /usr/local/lib/python3.10/dist-packages/airflow/example_dags/example_trigger_controller_dag.py
[2024-01-08T19:04:51.519+0300] {processor.py:830} INFO - Processing file /usr/local/lib/python3.10/dist-packages/airflow/example_dags/example_trigger_controller_dag.py for tasks to queue
[2024-01-08T19:04:51.525+0300] {logging_mixin.py:188} INFO - [2024-01-08T19:04:51.524+0300] {dagbag.py:538} INFO - Filling up the DagBag from /usr/local/lib/python3.10/dist-packages/airflow/example_dags/example_trigger_controller_dag.py
[2024-01-08T19:04:51.632+0300] {processor.py:840} INFO - DAG(s) 'example_trigger_controller_dag' retrieved from /usr/local/lib/python3.10/dist-packages/airflow/example_dags/example_trigger_controller_dag.py
[2024-01-08T19:04:52.227+0300] {logging_mixin.py:188} INFO - [2024-01-08T19:04:52.227+0300] {dag.py:3033} INFO - Sync 1 DAGs
[2024-01-08T19:04:52.603+0300] {logging_mixin.py:188} INFO - [2024-01-08T19:04:52.602+0300] {dag.py:3820} INFO - Setting next_dagrun for example_trigger_controller_dag to 2021-01-01T00:00:00+00:00, run_after=2021-01-01T00:00:00+00:00
[2024-01-08T19:04:52.853+0300] {processor.py:183} INFO - Processing /usr/local/lib/python3.10/dist-packages/airflow/example_dags/example_trigger_controller_dag.py took 1.428 seconds
[2024-01-08T19:05:23.369+0300] {processor.py:161} INFO - Started process (PID=29504) to work on /usr/local/lib/python3.10/dist-packages/airflow/example_dags/example_trigger_controller_dag.py
[2024-01-08T19:05:23.404+0300] {processor.py:830} INFO - Processing file /usr/local/lib/python3.10/dist-packages/airflow/example_dags/example_trigger_controller_dag.py for tasks to queue
[2024-01-08T19:05:23.407+0300] {logging_mixin.py:188} INFO - [2024-01-08T19:05:23.406+0300] {dagbag.py:538} INFO - Filling up the DagBag from /usr/local/lib/python3.10/dist-packages/airflow/example_dags/example_trigger_controller_dag.py
[2024-01-08T19:05:23.479+0300] {processor.py:840} INFO - DAG(s) 'example_trigger_controller_dag' retrieved from /usr/local/lib/python3.10/dist-packages/airflow/example_dags/example_trigger_controller_dag.py
[2024-01-08T19:05:23.934+0300] {logging_mixin.py:188} INFO - [2024-01-08T19:05:23.934+0300] {dag.py:3033} INFO - Sync 1 DAGs
[2024-01-08T19:05:24.263+0300] {logging_mixin.py:188} INFO - [2024-01-08T19:05:24.263+0300] {dag.py:3820} INFO - Setting next_dagrun for example_trigger_controller_dag to 2021-01-01T00:00:00+00:00, run_after=2021-01-01T00:00:00+00:00
[2024-01-08T19:05:24.816+0300] {processor.py:183} INFO - Processing /usr/local/lib/python3.10/dist-packages/airflow/example_dags/example_trigger_controller_dag.py took 1.529 seconds
[2024-01-08T19:06:01.187+0300] {processor.py:161} INFO - Started process (PID=29901) to work on /usr/local/lib/python3.10/dist-packages/airflow/example_dags/example_trigger_controller_dag.py
[2024-01-08T19:06:01.190+0300] {processor.py:830} INFO - Processing file /usr/local/lib/python3.10/dist-packages/airflow/example_dags/example_trigger_controller_dag.py for tasks to queue
[2024-01-08T19:06:01.192+0300] {logging_mixin.py:188} INFO - [2024-01-08T19:06:01.191+0300] {dagbag.py:538} INFO - Filling up the DagBag from /usr/local/lib/python3.10/dist-packages/airflow/example_dags/example_trigger_controller_dag.py
[2024-01-08T19:06:01.220+0300] {processor.py:840} INFO - DAG(s) 'example_trigger_controller_dag' retrieved from /usr/local/lib/python3.10/dist-packages/airflow/example_dags/example_trigger_controller_dag.py
[2024-01-08T19:06:01.321+0300] {logging_mixin.py:188} INFO - [2024-01-08T19:06:01.321+0300] {dag.py:3033} INFO - Sync 1 DAGs
[2024-01-08T19:06:01.385+0300] {logging_mixin.py:188} INFO - [2024-01-08T19:06:01.384+0300] {dag.py:3820} INFO - Setting next_dagrun for example_trigger_controller_dag to 2021-01-01T00:00:00+00:00, run_after=2021-01-01T00:00:00+00:00
[2024-01-08T19:06:01.433+0300] {processor.py:183} INFO - Processing /usr/local/lib/python3.10/dist-packages/airflow/example_dags/example_trigger_controller_dag.py took 0.281 seconds
[2024-01-08T19:06:37.948+0300] {processor.py:161} INFO - Started process (PID=30292) to work on /usr/local/lib/python3.10/dist-packages/airflow/example_dags/example_trigger_controller_dag.py
[2024-01-08T19:06:37.959+0300] {processor.py:830} INFO - Processing file /usr/local/lib/python3.10/dist-packages/airflow/example_dags/example_trigger_controller_dag.py for tasks to queue
[2024-01-08T19:06:37.963+0300] {logging_mixin.py:188} INFO - [2024-01-08T19:06:37.961+0300] {dagbag.py:538} INFO - Filling up the DagBag from /usr/local/lib/python3.10/dist-packages/airflow/example_dags/example_trigger_controller_dag.py
[2024-01-08T19:06:38.299+0300] {processor.py:840} INFO - DAG(s) 'example_trigger_controller_dag' retrieved from /usr/local/lib/python3.10/dist-packages/airflow/example_dags/example_trigger_controller_dag.py
[2024-01-08T19:06:38.966+0300] {logging_mixin.py:188} INFO - [2024-01-08T19:06:38.966+0300] {dag.py:3033} INFO - Sync 1 DAGs
[2024-01-08T19:06:39.476+0300] {logging_mixin.py:188} INFO - [2024-01-08T19:06:39.475+0300] {dag.py:3820} INFO - Setting next_dagrun for example_trigger_controller_dag to 2021-01-01T00:00:00+00:00, run_after=2021-01-01T00:00:00+00:00
[2024-01-08T19:06:40.044+0300] {processor.py:183} INFO - Processing /usr/local/lib/python3.10/dist-packages/airflow/example_dags/example_trigger_controller_dag.py took 2.208 seconds
[2024-01-08T19:07:17.170+0300] {processor.py:161} INFO - Started process (PID=30728) to work on /usr/local/lib/python3.10/dist-packages/airflow/example_dags/example_trigger_controller_dag.py
[2024-01-08T19:07:17.172+0300] {processor.py:830} INFO - Processing file /usr/local/lib/python3.10/dist-packages/airflow/example_dags/example_trigger_controller_dag.py for tasks to queue
[2024-01-08T19:07:17.174+0300] {logging_mixin.py:188} INFO - [2024-01-08T19:07:17.173+0300] {dagbag.py:538} INFO - Filling up the DagBag from /usr/local/lib/python3.10/dist-packages/airflow/example_dags/example_trigger_controller_dag.py
[2024-01-08T19:07:17.199+0300] {processor.py:840} INFO - DAG(s) 'example_trigger_controller_dag' retrieved from /usr/local/lib/python3.10/dist-packages/airflow/example_dags/example_trigger_controller_dag.py
[2024-01-08T19:07:17.351+0300] {logging_mixin.py:188} INFO - [2024-01-08T19:07:17.350+0300] {dag.py:3033} INFO - Sync 1 DAGs
[2024-01-08T19:07:17.480+0300] {logging_mixin.py:188} INFO - [2024-01-08T19:07:17.476+0300] {dag.py:3820} INFO - Setting next_dagrun for example_trigger_controller_dag to 2021-01-01T00:00:00+00:00, run_after=2021-01-01T00:00:00+00:00
[2024-01-08T19:07:17.614+0300] {processor.py:183} INFO - Processing /usr/local/lib/python3.10/dist-packages/airflow/example_dags/example_trigger_controller_dag.py took 0.489 seconds
[2024-01-08T19:07:48.123+0300] {processor.py:161} INFO - Started process (PID=31052) to work on /usr/local/lib/python3.10/dist-packages/airflow/example_dags/example_trigger_controller_dag.py
[2024-01-08T19:07:48.131+0300] {processor.py:830} INFO - Processing file /usr/local/lib/python3.10/dist-packages/airflow/example_dags/example_trigger_controller_dag.py for tasks to queue
[2024-01-08T19:07:48.133+0300] {logging_mixin.py:188} INFO - [2024-01-08T19:07:48.132+0300] {dagbag.py:538} INFO - Filling up the DagBag from /usr/local/lib/python3.10/dist-packages/airflow/example_dags/example_trigger_controller_dag.py
[2024-01-08T19:07:48.207+0300] {processor.py:840} INFO - DAG(s) 'example_trigger_controller_dag' retrieved from /usr/local/lib/python3.10/dist-packages/airflow/example_dags/example_trigger_controller_dag.py
[2024-01-08T19:07:48.474+0300] {logging_mixin.py:188} INFO - [2024-01-08T19:07:48.473+0300] {dag.py:3033} INFO - Sync 1 DAGs
[2024-01-08T19:07:48.593+0300] {logging_mixin.py:188} INFO - [2024-01-08T19:07:48.592+0300] {dag.py:3820} INFO - Setting next_dagrun for example_trigger_controller_dag to 2021-01-01T00:00:00+00:00, run_after=2021-01-01T00:00:00+00:00
[2024-01-08T19:07:48.713+0300] {processor.py:183} INFO - Processing /usr/local/lib/python3.10/dist-packages/airflow/example_dags/example_trigger_controller_dag.py took 0.609 seconds
[2024-01-08T19:08:18.799+0300] {processor.py:161} INFO - Started process (PID=31361) to work on /usr/local/lib/python3.10/dist-packages/airflow/example_dags/example_trigger_controller_dag.py
[2024-01-08T19:08:18.802+0300] {processor.py:830} INFO - Processing file /usr/local/lib/python3.10/dist-packages/airflow/example_dags/example_trigger_controller_dag.py for tasks to queue
[2024-01-08T19:08:18.804+0300] {logging_mixin.py:188} INFO - [2024-01-08T19:08:18.803+0300] {dagbag.py:538} INFO - Filling up the DagBag from /usr/local/lib/python3.10/dist-packages/airflow/example_dags/example_trigger_controller_dag.py
[2024-01-08T19:08:18.819+0300] {processor.py:840} INFO - DAG(s) 'example_trigger_controller_dag' retrieved from /usr/local/lib/python3.10/dist-packages/airflow/example_dags/example_trigger_controller_dag.py
[2024-01-08T19:08:18.915+0300] {logging_mixin.py:188} INFO - [2024-01-08T19:08:18.915+0300] {dag.py:3033} INFO - Sync 1 DAGs
[2024-01-08T19:08:18.978+0300] {logging_mixin.py:188} INFO - [2024-01-08T19:08:18.978+0300] {dag.py:3820} INFO - Setting next_dagrun for example_trigger_controller_dag to 2021-01-01T00:00:00+00:00, run_after=2021-01-01T00:00:00+00:00
[2024-01-08T19:08:19.026+0300] {processor.py:183} INFO - Processing /usr/local/lib/python3.10/dist-packages/airflow/example_dags/example_trigger_controller_dag.py took 0.238 seconds
[2024-01-08T19:08:50.359+0300] {processor.py:161} INFO - Started process (PID=31687) to work on /usr/local/lib/python3.10/dist-packages/airflow/example_dags/example_trigger_controller_dag.py
[2024-01-08T19:08:50.379+0300] {processor.py:830} INFO - Processing file /usr/local/lib/python3.10/dist-packages/airflow/example_dags/example_trigger_controller_dag.py for tasks to queue
[2024-01-08T19:08:50.381+0300] {logging_mixin.py:188} INFO - [2024-01-08T19:08:50.380+0300] {dagbag.py:538} INFO - Filling up the DagBag from /usr/local/lib/python3.10/dist-packages/airflow/example_dags/example_trigger_controller_dag.py
[2024-01-08T19:08:50.405+0300] {processor.py:840} INFO - DAG(s) 'example_trigger_controller_dag' retrieved from /usr/local/lib/python3.10/dist-packages/airflow/example_dags/example_trigger_controller_dag.py
[2024-01-08T19:08:50.563+0300] {logging_mixin.py:188} INFO - [2024-01-08T19:08:50.563+0300] {dag.py:3033} INFO - Sync 1 DAGs
[2024-01-08T19:08:50.766+0300] {logging_mixin.py:188} INFO - [2024-01-08T19:08:50.765+0300] {dag.py:3820} INFO - Setting next_dagrun for example_trigger_controller_dag to 2021-01-01T00:00:00+00:00, run_after=2021-01-01T00:00:00+00:00
[2024-01-08T19:08:50.925+0300] {processor.py:183} INFO - Processing /usr/local/lib/python3.10/dist-packages/airflow/example_dags/example_trigger_controller_dag.py took 0.613 seconds
[2024-01-08T19:09:21.146+0300] {processor.py:161} INFO - Started process (PID=32056) to work on /usr/local/lib/python3.10/dist-packages/airflow/example_dags/example_trigger_controller_dag.py
[2024-01-08T19:09:21.150+0300] {processor.py:830} INFO - Processing file /usr/local/lib/python3.10/dist-packages/airflow/example_dags/example_trigger_controller_dag.py for tasks to queue
[2024-01-08T19:09:21.152+0300] {logging_mixin.py:188} INFO - [2024-01-08T19:09:21.151+0300] {dagbag.py:538} INFO - Filling up the DagBag from /usr/local/lib/python3.10/dist-packages/airflow/example_dags/example_trigger_controller_dag.py
[2024-01-08T19:09:21.182+0300] {processor.py:840} INFO - DAG(s) 'example_trigger_controller_dag' retrieved from /usr/local/lib/python3.10/dist-packages/airflow/example_dags/example_trigger_controller_dag.py
[2024-01-08T19:09:21.264+0300] {logging_mixin.py:188} INFO - [2024-01-08T19:09:21.264+0300] {dag.py:3033} INFO - Sync 1 DAGs
[2024-01-08T19:09:21.311+0300] {logging_mixin.py:188} INFO - [2024-01-08T19:09:21.311+0300] {dag.py:3820} INFO - Setting next_dagrun for example_trigger_controller_dag to 2021-01-01T00:00:00+00:00, run_after=2021-01-01T00:00:00+00:00
[2024-01-08T19:09:21.350+0300] {processor.py:183} INFO - Processing /usr/local/lib/python3.10/dist-packages/airflow/example_dags/example_trigger_controller_dag.py took 0.215 seconds
[2024-01-08T19:09:52.150+0300] {processor.py:161} INFO - Started process (PID=32435) to work on /usr/local/lib/python3.10/dist-packages/airflow/example_dags/example_trigger_controller_dag.py
[2024-01-08T19:09:52.154+0300] {processor.py:830} INFO - Processing file /usr/local/lib/python3.10/dist-packages/airflow/example_dags/example_trigger_controller_dag.py for tasks to queue
[2024-01-08T19:09:52.156+0300] {logging_mixin.py:188} INFO - [2024-01-08T19:09:52.155+0300] {dagbag.py:538} INFO - Filling up the DagBag from /usr/local/lib/python3.10/dist-packages/airflow/example_dags/example_trigger_controller_dag.py
[2024-01-08T19:09:52.178+0300] {processor.py:840} INFO - DAG(s) 'example_trigger_controller_dag' retrieved from /usr/local/lib/python3.10/dist-packages/airflow/example_dags/example_trigger_controller_dag.py
[2024-01-08T19:09:52.273+0300] {logging_mixin.py:188} INFO - [2024-01-08T19:09:52.272+0300] {dag.py:3033} INFO - Sync 1 DAGs
[2024-01-08T19:09:52.328+0300] {logging_mixin.py:188} INFO - [2024-01-08T19:09:52.328+0300] {dag.py:3820} INFO - Setting next_dagrun for example_trigger_controller_dag to 2021-01-01T00:00:00+00:00, run_after=2021-01-01T00:00:00+00:00
[2024-01-08T19:09:52.378+0300] {processor.py:183} INFO - Processing /usr/local/lib/python3.10/dist-packages/airflow/example_dags/example_trigger_controller_dag.py took 0.253 seconds
[2024-01-08T19:10:28.599+0300] {processor.py:161} INFO - Started process (PID=32779) to work on /usr/local/lib/python3.10/dist-packages/airflow/example_dags/example_trigger_controller_dag.py
[2024-01-08T19:10:28.622+0300] {processor.py:830} INFO - Processing file /usr/local/lib/python3.10/dist-packages/airflow/example_dags/example_trigger_controller_dag.py for tasks to queue
[2024-01-08T19:10:28.626+0300] {logging_mixin.py:188} INFO - [2024-01-08T19:10:28.625+0300] {dagbag.py:538} INFO - Filling up the DagBag from /usr/local/lib/python3.10/dist-packages/airflow/example_dags/example_trigger_controller_dag.py
[2024-01-08T19:10:28.651+0300] {processor.py:840} INFO - DAG(s) 'example_trigger_controller_dag' retrieved from /usr/local/lib/python3.10/dist-packages/airflow/example_dags/example_trigger_controller_dag.py
[2024-01-08T19:10:28.798+0300] {logging_mixin.py:188} INFO - [2024-01-08T19:10:28.797+0300] {dag.py:3033} INFO - Sync 1 DAGs
[2024-01-08T19:10:28.983+0300] {logging_mixin.py:188} INFO - [2024-01-08T19:10:28.983+0300] {dag.py:3820} INFO - Setting next_dagrun for example_trigger_controller_dag to 2021-01-01T00:00:00+00:00, run_after=2021-01-01T00:00:00+00:00
[2024-01-08T19:10:29.166+0300] {processor.py:183} INFO - Processing /usr/local/lib/python3.10/dist-packages/airflow/example_dags/example_trigger_controller_dag.py took 0.597 seconds
[2024-01-08T19:11:09.273+0300] {processor.py:161} INFO - Started process (PID=33171) to work on /usr/local/lib/python3.10/dist-packages/airflow/example_dags/example_trigger_controller_dag.py
[2024-01-08T19:11:09.278+0300] {processor.py:830} INFO - Processing file /usr/local/lib/python3.10/dist-packages/airflow/example_dags/example_trigger_controller_dag.py for tasks to queue
[2024-01-08T19:11:09.290+0300] {logging_mixin.py:188} INFO - [2024-01-08T19:11:09.289+0300] {dagbag.py:538} INFO - Filling up the DagBag from /usr/local/lib/python3.10/dist-packages/airflow/example_dags/example_trigger_controller_dag.py
[2024-01-08T19:11:09.376+0300] {processor.py:840} INFO - DAG(s) 'example_trigger_controller_dag' retrieved from /usr/local/lib/python3.10/dist-packages/airflow/example_dags/example_trigger_controller_dag.py
[2024-01-08T19:11:09.725+0300] {logging_mixin.py:188} INFO - [2024-01-08T19:11:09.722+0300] {dag.py:3033} INFO - Sync 1 DAGs
[2024-01-08T19:11:09.871+0300] {logging_mixin.py:188} INFO - [2024-01-08T19:11:09.870+0300] {dag.py:3820} INFO - Setting next_dagrun for example_trigger_controller_dag to 2021-01-01T00:00:00+00:00, run_after=2021-01-01T00:00:00+00:00
[2024-01-08T19:11:09.933+0300] {processor.py:183} INFO - Processing /usr/local/lib/python3.10/dist-packages/airflow/example_dags/example_trigger_controller_dag.py took 0.735 seconds
[2024-01-08T19:11:58.252+0300] {processor.py:161} INFO - Started process (PID=33646) to work on /usr/local/lib/python3.10/dist-packages/airflow/example_dags/example_trigger_controller_dag.py
[2024-01-08T19:11:58.275+0300] {processor.py:830} INFO - Processing file /usr/local/lib/python3.10/dist-packages/airflow/example_dags/example_trigger_controller_dag.py for tasks to queue
[2024-01-08T19:11:58.277+0300] {logging_mixin.py:188} INFO - [2024-01-08T19:11:58.276+0300] {dagbag.py:538} INFO - Filling up the DagBag from /usr/local/lib/python3.10/dist-packages/airflow/example_dags/example_trigger_controller_dag.py
[2024-01-08T19:11:58.328+0300] {processor.py:840} INFO - DAG(s) 'example_trigger_controller_dag' retrieved from /usr/local/lib/python3.10/dist-packages/airflow/example_dags/example_trigger_controller_dag.py
[2024-01-08T19:11:58.604+0300] {logging_mixin.py:188} INFO - [2024-01-08T19:11:58.603+0300] {dag.py:3033} INFO - Sync 1 DAGs
[2024-01-08T19:11:58.826+0300] {logging_mixin.py:188} INFO - [2024-01-08T19:11:58.824+0300] {dag.py:3820} INFO - Setting next_dagrun for example_trigger_controller_dag to 2021-01-01T00:00:00+00:00, run_after=2021-01-01T00:00:00+00:00
[2024-01-08T19:11:59.006+0300] {processor.py:183} INFO - Processing /usr/local/lib/python3.10/dist-packages/airflow/example_dags/example_trigger_controller_dag.py took 0.800 seconds
[2024-01-08T19:12:30.939+0300] {processor.py:161} INFO - Started process (PID=34004) to work on /usr/local/lib/python3.10/dist-packages/airflow/example_dags/example_trigger_controller_dag.py
[2024-01-08T19:12:30.944+0300] {processor.py:830} INFO - Processing file /usr/local/lib/python3.10/dist-packages/airflow/example_dags/example_trigger_controller_dag.py for tasks to queue
[2024-01-08T19:12:30.950+0300] {logging_mixin.py:188} INFO - [2024-01-08T19:12:30.948+0300] {dagbag.py:538} INFO - Filling up the DagBag from /usr/local/lib/python3.10/dist-packages/airflow/example_dags/example_trigger_controller_dag.py
[2024-01-08T19:12:31.025+0300] {processor.py:840} INFO - DAG(s) 'example_trigger_controller_dag' retrieved from /usr/local/lib/python3.10/dist-packages/airflow/example_dags/example_trigger_controller_dag.py
[2024-01-08T19:12:31.376+0300] {logging_mixin.py:188} INFO - [2024-01-08T19:12:31.375+0300] {dag.py:3033} INFO - Sync 1 DAGs
[2024-01-08T19:12:31.804+0300] {logging_mixin.py:188} INFO - [2024-01-08T19:12:31.803+0300] {dag.py:3820} INFO - Setting next_dagrun for example_trigger_controller_dag to 2021-01-01T00:00:00+00:00, run_after=2021-01-01T00:00:00+00:00
[2024-01-08T19:12:33.206+0300] {processor.py:183} INFO - Processing /usr/local/lib/python3.10/dist-packages/airflow/example_dags/example_trigger_controller_dag.py took 2.301 seconds
