[2024-01-08T17:37:17.467+0300] {processor.py:161} INFO - Started process (PID=5524) to work on /usr/local/lib/python3.10/dist-packages/airflow/example_dags/example_sla_dag.py
[2024-01-08T17:37:17.469+0300] {processor.py:830} INFO - Processing file /usr/local/lib/python3.10/dist-packages/airflow/example_dags/example_sla_dag.py for tasks to queue
[2024-01-08T17:37:17.471+0300] {logging_mixin.py:188} INFO - [2024-01-08T17:37:17.470+0300] {dagbag.py:538} INFO - Filling up the DagBag from /usr/local/lib/python3.10/dist-packages/airflow/example_dags/example_sla_dag.py
[2024-01-08T17:37:17.499+0300] {processor.py:840} INFO - DAG(s) 'example_sla_dag' retrieved from /usr/local/lib/python3.10/dist-packages/airflow/example_dags/example_sla_dag.py
[2024-01-08T17:37:17.616+0300] {logging_mixin.py:188} INFO - [2024-01-08T17:37:17.616+0300] {dag.py:3033} INFO - Sync 1 DAGs
[2024-01-08T17:37:17.682+0300] {logging_mixin.py:188} INFO - [2024-01-08T17:37:17.681+0300] {dag.py:3820} INFO - Setting next_dagrun for example_sla_dag to 2024-01-08T14:34:00+00:00, run_after=2024-01-08T14:36:00+00:00
[2024-01-08T17:37:17.738+0300] {processor.py:183} INFO - Processing /usr/local/lib/python3.10/dist-packages/airflow/example_dags/example_sla_dag.py took 0.282 seconds
[2024-01-08T17:37:48.229+0300] {processor.py:161} INFO - Started process (PID=5876) to work on /usr/local/lib/python3.10/dist-packages/airflow/example_dags/example_sla_dag.py
[2024-01-08T17:37:48.232+0300] {processor.py:830} INFO - Processing file /usr/local/lib/python3.10/dist-packages/airflow/example_dags/example_sla_dag.py for tasks to queue
[2024-01-08T17:37:48.234+0300] {logging_mixin.py:188} INFO - [2024-01-08T17:37:48.233+0300] {dagbag.py:538} INFO - Filling up the DagBag from /usr/local/lib/python3.10/dist-packages/airflow/example_dags/example_sla_dag.py
[2024-01-08T17:37:48.256+0300] {processor.py:840} INFO - DAG(s) 'example_sla_dag' retrieved from /usr/local/lib/python3.10/dist-packages/airflow/example_dags/example_sla_dag.py
[2024-01-08T17:37:48.371+0300] {logging_mixin.py:188} INFO - [2024-01-08T17:37:48.371+0300] {dag.py:3033} INFO - Sync 1 DAGs
[2024-01-08T17:37:48.430+0300] {logging_mixin.py:188} INFO - [2024-01-08T17:37:48.430+0300] {dag.py:3820} INFO - Setting next_dagrun for example_sla_dag to 2024-01-08T14:34:00+00:00, run_after=2024-01-08T14:36:00+00:00
[2024-01-08T17:37:48.475+0300] {processor.py:183} INFO - Processing /usr/local/lib/python3.10/dist-packages/airflow/example_dags/example_sla_dag.py took 0.260 seconds
[2024-01-08T17:38:19.795+0300] {processor.py:161} INFO - Started process (PID=6190) to work on /usr/local/lib/python3.10/dist-packages/airflow/example_dags/example_sla_dag.py
[2024-01-08T17:38:19.800+0300] {processor.py:830} INFO - Processing file /usr/local/lib/python3.10/dist-packages/airflow/example_dags/example_sla_dag.py for tasks to queue
[2024-01-08T17:38:19.802+0300] {logging_mixin.py:188} INFO - [2024-01-08T17:38:19.801+0300] {dagbag.py:538} INFO - Filling up the DagBag from /usr/local/lib/python3.10/dist-packages/airflow/example_dags/example_sla_dag.py
[2024-01-08T17:38:19.842+0300] {processor.py:840} INFO - DAG(s) 'example_sla_dag' retrieved from /usr/local/lib/python3.10/dist-packages/airflow/example_dags/example_sla_dag.py
[2024-01-08T17:38:19.946+0300] {logging_mixin.py:188} INFO - [2024-01-08T17:38:19.945+0300] {dag.py:3033} INFO - Sync 1 DAGs
[2024-01-08T17:38:20.056+0300] {logging_mixin.py:188} INFO - [2024-01-08T17:38:20.056+0300] {dag.py:3820} INFO - Setting next_dagrun for example_sla_dag to 2024-01-08T14:36:00+00:00, run_after=2024-01-08T14:38:00+00:00
[2024-01-08T17:38:20.161+0300] {processor.py:183} INFO - Processing /usr/local/lib/python3.10/dist-packages/airflow/example_dags/example_sla_dag.py took 0.383 seconds
[2024-01-08T18:15:20.438+0300] {processor.py:161} INFO - Started process (PID=7464) to work on /usr/local/lib/python3.10/dist-packages/airflow/example_dags/example_sla_dag.py
[2024-01-08T18:15:20.441+0300] {processor.py:830} INFO - Processing file /usr/local/lib/python3.10/dist-packages/airflow/example_dags/example_sla_dag.py for tasks to queue
[2024-01-08T18:15:20.444+0300] {logging_mixin.py:188} INFO - [2024-01-08T18:15:20.443+0300] {dagbag.py:538} INFO - Filling up the DagBag from /usr/local/lib/python3.10/dist-packages/airflow/example_dags/example_sla_dag.py
[2024-01-08T18:15:20.469+0300] {processor.py:840} INFO - DAG(s) 'example_sla_dag' retrieved from /usr/local/lib/python3.10/dist-packages/airflow/example_dags/example_sla_dag.py
[2024-01-08T18:15:20.599+0300] {logging_mixin.py:188} INFO - [2024-01-08T18:15:20.598+0300] {dag.py:3033} INFO - Sync 1 DAGs
[2024-01-08T18:15:20.706+0300] {logging_mixin.py:188} INFO - [2024-01-08T18:15:20.705+0300] {dag.py:3820} INFO - Setting next_dagrun for example_sla_dag to 2024-01-08T15:12:00+00:00, run_after=2024-01-08T15:14:00+00:00
[2024-01-08T18:15:20.753+0300] {processor.py:183} INFO - Processing /usr/local/lib/python3.10/dist-packages/airflow/example_dags/example_sla_dag.py took 0.323 seconds
[2024-01-08T18:15:52.714+0300] {processor.py:161} INFO - Started process (PID=7805) to work on /usr/local/lib/python3.10/dist-packages/airflow/example_dags/example_sla_dag.py
[2024-01-08T18:15:52.718+0300] {processor.py:830} INFO - Processing file /usr/local/lib/python3.10/dist-packages/airflow/example_dags/example_sla_dag.py for tasks to queue
[2024-01-08T18:15:52.729+0300] {logging_mixin.py:188} INFO - [2024-01-08T18:15:52.720+0300] {dagbag.py:538} INFO - Filling up the DagBag from /usr/local/lib/python3.10/dist-packages/airflow/example_dags/example_sla_dag.py
[2024-01-08T18:15:52.757+0300] {processor.py:840} INFO - DAG(s) 'example_sla_dag' retrieved from /usr/local/lib/python3.10/dist-packages/airflow/example_dags/example_sla_dag.py
[2024-01-08T18:15:52.863+0300] {logging_mixin.py:188} INFO - [2024-01-08T18:15:52.862+0300] {dag.py:3033} INFO - Sync 1 DAGs
[2024-01-08T18:15:52.961+0300] {logging_mixin.py:188} INFO - [2024-01-08T18:15:52.960+0300] {dag.py:3820} INFO - Setting next_dagrun for example_sla_dag to 2024-01-08T15:12:00+00:00, run_after=2024-01-08T15:14:00+00:00
[2024-01-08T18:15:53.016+0300] {processor.py:183} INFO - Processing /usr/local/lib/python3.10/dist-packages/airflow/example_dags/example_sla_dag.py took 0.319 seconds
[2024-01-08T18:28:46.905+0300] {processor.py:161} INFO - Started process (PID=8568) to work on /usr/local/lib/python3.10/dist-packages/airflow/example_dags/example_sla_dag.py
[2024-01-08T18:28:46.996+0300] {processor.py:830} INFO - Processing file /usr/local/lib/python3.10/dist-packages/airflow/example_dags/example_sla_dag.py for tasks to queue
[2024-01-08T18:28:47.000+0300] {logging_mixin.py:188} INFO - [2024-01-08T18:28:46.999+0300] {dagbag.py:538} INFO - Filling up the DagBag from /usr/local/lib/python3.10/dist-packages/airflow/example_dags/example_sla_dag.py
[2024-01-08T18:28:47.871+0300] {processor.py:840} INFO - DAG(s) 'example_sla_dag' retrieved from /usr/local/lib/python3.10/dist-packages/airflow/example_dags/example_sla_dag.py
[2024-01-08T18:28:50.952+0300] {logging_mixin.py:188} INFO - [2024-01-08T18:28:50.951+0300] {dag.py:3033} INFO - Sync 1 DAGs
[2024-01-08T18:28:58.489+0300] {logging_mixin.py:188} INFO - [2024-01-08T18:28:58.488+0300] {dag.py:3820} INFO - Setting next_dagrun for example_sla_dag to 2024-01-08T15:26:00+00:00, run_after=2024-01-08T15:28:00+00:00
[2024-01-08T18:29:02.149+0300] {processor.py:183} INFO - Processing /usr/local/lib/python3.10/dist-packages/airflow/example_dags/example_sla_dag.py took 15.423 seconds
[2024-01-08T18:32:46.085+0300] {processor.py:161} INFO - Started process (PID=9904) to work on /usr/local/lib/python3.10/dist-packages/airflow/example_dags/example_sla_dag.py
[2024-01-08T18:32:46.096+0300] {processor.py:830} INFO - Processing file /usr/local/lib/python3.10/dist-packages/airflow/example_dags/example_sla_dag.py for tasks to queue
[2024-01-08T18:32:46.098+0300] {logging_mixin.py:188} INFO - [2024-01-08T18:32:46.097+0300] {dagbag.py:538} INFO - Filling up the DagBag from /usr/local/lib/python3.10/dist-packages/airflow/example_dags/example_sla_dag.py
[2024-01-08T18:32:47.045+0300] {processor.py:840} INFO - DAG(s) 'example_sla_dag' retrieved from /usr/local/lib/python3.10/dist-packages/airflow/example_dags/example_sla_dag.py
[2024-01-08T18:32:49.251+0300] {logging_mixin.py:188} INFO - [2024-01-08T18:32:49.250+0300] {dag.py:3033} INFO - Sync 1 DAGs
[2024-01-08T18:32:50.782+0300] {logging_mixin.py:188} INFO - [2024-01-08T18:32:50.781+0300] {dag.py:3820} INFO - Setting next_dagrun for example_sla_dag to 2024-01-08T15:30:00+00:00, run_after=2024-01-08T15:32:00+00:00
[2024-01-08T18:32:51.858+0300] {processor.py:183} INFO - Processing /usr/local/lib/python3.10/dist-packages/airflow/example_dags/example_sla_dag.py took 6.004 seconds
[2024-01-08T18:35:37.830+0300] {processor.py:161} INFO - Started process (PID=11007) to work on /usr/local/lib/python3.10/dist-packages/airflow/example_dags/example_sla_dag.py
[2024-01-08T18:35:37.864+0300] {processor.py:830} INFO - Processing file /usr/local/lib/python3.10/dist-packages/airflow/example_dags/example_sla_dag.py for tasks to queue
[2024-01-08T18:35:37.876+0300] {logging_mixin.py:188} INFO - [2024-01-08T18:35:37.875+0300] {dagbag.py:538} INFO - Filling up the DagBag from /usr/local/lib/python3.10/dist-packages/airflow/example_dags/example_sla_dag.py
[2024-01-08T18:35:38.075+0300] {processor.py:840} INFO - DAG(s) 'example_sla_dag' retrieved from /usr/local/lib/python3.10/dist-packages/airflow/example_dags/example_sla_dag.py
[2024-01-08T18:35:38.794+0300] {logging_mixin.py:188} INFO - [2024-01-08T18:35:38.793+0300] {dag.py:3033} INFO - Sync 1 DAGs
[2024-01-08T18:35:39.747+0300] {logging_mixin.py:188} INFO - [2024-01-08T18:35:39.746+0300] {dag.py:3820} INFO - Setting next_dagrun for example_sla_dag to 2024-01-08T15:32:00+00:00, run_after=2024-01-08T15:34:00+00:00
[2024-01-08T18:35:41.367+0300] {processor.py:183} INFO - Processing /usr/local/lib/python3.10/dist-packages/airflow/example_dags/example_sla_dag.py took 3.600 seconds
[2024-01-08T18:37:46.986+0300] {processor.py:161} INFO - Started process (PID=11859) to work on /usr/local/lib/python3.10/dist-packages/airflow/example_dags/example_sla_dag.py
[2024-01-08T18:37:46.996+0300] {processor.py:830} INFO - Processing file /usr/local/lib/python3.10/dist-packages/airflow/example_dags/example_sla_dag.py for tasks to queue
[2024-01-08T18:37:46.999+0300] {logging_mixin.py:188} INFO - [2024-01-08T18:37:46.998+0300] {dagbag.py:538} INFO - Filling up the DagBag from /usr/local/lib/python3.10/dist-packages/airflow/example_dags/example_sla_dag.py
[2024-01-08T18:37:47.094+0300] {processor.py:840} INFO - DAG(s) 'example_sla_dag' retrieved from /usr/local/lib/python3.10/dist-packages/airflow/example_dags/example_sla_dag.py
[2024-01-08T18:37:47.705+0300] {logging_mixin.py:188} INFO - [2024-01-08T18:37:47.704+0300] {dag.py:3033} INFO - Sync 1 DAGs
[2024-01-08T18:37:48.062+0300] {logging_mixin.py:188} INFO - [2024-01-08T18:37:48.028+0300] {dag.py:3820} INFO - Setting next_dagrun for example_sla_dag to 2024-01-08T15:34:00+00:00, run_after=2024-01-08T15:36:00+00:00
[2024-01-08T18:37:48.253+0300] {processor.py:183} INFO - Processing /usr/local/lib/python3.10/dist-packages/airflow/example_dags/example_sla_dag.py took 1.331 seconds
[2024-01-08T18:39:13.274+0300] {processor.py:161} INFO - Started process (PID=12438) to work on /usr/local/lib/python3.10/dist-packages/airflow/example_dags/example_sla_dag.py
[2024-01-08T18:39:13.330+0300] {processor.py:830} INFO - Processing file /usr/local/lib/python3.10/dist-packages/airflow/example_dags/example_sla_dag.py for tasks to queue
[2024-01-08T18:39:13.333+0300] {logging_mixin.py:188} INFO - [2024-01-08T18:39:13.332+0300] {dagbag.py:538} INFO - Filling up the DagBag from /usr/local/lib/python3.10/dist-packages/airflow/example_dags/example_sla_dag.py
[2024-01-08T18:39:13.586+0300] {processor.py:840} INFO - DAG(s) 'example_sla_dag' retrieved from /usr/local/lib/python3.10/dist-packages/airflow/example_dags/example_sla_dag.py
[2024-01-08T18:39:16.164+0300] {logging_mixin.py:188} INFO - [2024-01-08T18:39:16.101+0300] {dag.py:3033} INFO - Sync 1 DAGs
[2024-01-08T18:39:18.696+0300] {logging_mixin.py:188} INFO - [2024-01-08T18:39:18.695+0300] {dag.py:3820} INFO - Setting next_dagrun for example_sla_dag to 2024-01-08T15:36:00+00:00, run_after=2024-01-08T15:38:00+00:00
[2024-01-08T18:39:20.482+0300] {processor.py:183} INFO - Processing /usr/local/lib/python3.10/dist-packages/airflow/example_dags/example_sla_dag.py took 7.514 seconds
[2024-01-08T18:40:53.118+0300] {processor.py:161} INFO - Started process (PID=13075) to work on /usr/local/lib/python3.10/dist-packages/airflow/example_dags/example_sla_dag.py
[2024-01-08T18:40:53.123+0300] {processor.py:830} INFO - Processing file /usr/local/lib/python3.10/dist-packages/airflow/example_dags/example_sla_dag.py for tasks to queue
[2024-01-08T18:40:53.133+0300] {logging_mixin.py:188} INFO - [2024-01-08T18:40:53.129+0300] {dagbag.py:538} INFO - Filling up the DagBag from /usr/local/lib/python3.10/dist-packages/airflow/example_dags/example_sla_dag.py
[2024-01-08T18:40:53.252+0300] {processor.py:840} INFO - DAG(s) 'example_sla_dag' retrieved from /usr/local/lib/python3.10/dist-packages/airflow/example_dags/example_sla_dag.py
[2024-01-08T18:40:53.647+0300] {logging_mixin.py:188} INFO - [2024-01-08T18:40:53.646+0300] {dag.py:3033} INFO - Sync 1 DAGs
[2024-01-08T18:40:54.077+0300] {logging_mixin.py:188} INFO - [2024-01-08T18:40:54.077+0300] {dag.py:3820} INFO - Setting next_dagrun for example_sla_dag to 2024-01-08T15:38:00+00:00, run_after=2024-01-08T15:40:00+00:00
[2024-01-08T18:40:54.483+0300] {processor.py:183} INFO - Processing /usr/local/lib/python3.10/dist-packages/airflow/example_dags/example_sla_dag.py took 1.433 seconds
[2024-01-08T18:41:52.662+0300] {processor.py:161} INFO - Started process (PID=13703) to work on /usr/local/lib/python3.10/dist-packages/airflow/example_dags/example_sla_dag.py
[2024-01-08T18:41:52.667+0300] {processor.py:830} INFO - Processing file /usr/local/lib/python3.10/dist-packages/airflow/example_dags/example_sla_dag.py for tasks to queue
[2024-01-08T18:41:52.670+0300] {logging_mixin.py:188} INFO - [2024-01-08T18:41:52.669+0300] {dagbag.py:538} INFO - Filling up the DagBag from /usr/local/lib/python3.10/dist-packages/airflow/example_dags/example_sla_dag.py
[2024-01-08T18:41:52.732+0300] {processor.py:840} INFO - DAG(s) 'example_sla_dag' retrieved from /usr/local/lib/python3.10/dist-packages/airflow/example_dags/example_sla_dag.py
[2024-01-08T18:41:53.066+0300] {logging_mixin.py:188} INFO - [2024-01-08T18:41:53.066+0300] {dag.py:3033} INFO - Sync 1 DAGs
[2024-01-08T18:41:53.392+0300] {logging_mixin.py:188} INFO - [2024-01-08T18:41:53.392+0300] {dag.py:3820} INFO - Setting next_dagrun for example_sla_dag to 2024-01-08T15:38:00+00:00, run_after=2024-01-08T15:40:00+00:00
[2024-01-08T18:41:53.713+0300] {processor.py:183} INFO - Processing /usr/local/lib/python3.10/dist-packages/airflow/example_dags/example_sla_dag.py took 1.070 seconds
[2024-01-08T18:42:23.960+0300] {processor.py:161} INFO - Started process (PID=14143) to work on /usr/local/lib/python3.10/dist-packages/airflow/example_dags/example_sla_dag.py
[2024-01-08T18:42:23.963+0300] {processor.py:830} INFO - Processing file /usr/local/lib/python3.10/dist-packages/airflow/example_dags/example_sla_dag.py for tasks to queue
[2024-01-08T18:42:23.966+0300] {logging_mixin.py:188} INFO - [2024-01-08T18:42:23.965+0300] {dagbag.py:538} INFO - Filling up the DagBag from /usr/local/lib/python3.10/dist-packages/airflow/example_dags/example_sla_dag.py
[2024-01-08T18:42:24.003+0300] {processor.py:840} INFO - DAG(s) 'example_sla_dag' retrieved from /usr/local/lib/python3.10/dist-packages/airflow/example_dags/example_sla_dag.py
[2024-01-08T18:42:24.185+0300] {logging_mixin.py:188} INFO - [2024-01-08T18:42:24.185+0300] {dag.py:3033} INFO - Sync 1 DAGs
[2024-01-08T18:42:24.450+0300] {logging_mixin.py:188} INFO - [2024-01-08T18:42:24.449+0300] {dag.py:3820} INFO - Setting next_dagrun for example_sla_dag to 2024-01-08T15:40:00+00:00, run_after=2024-01-08T15:42:00+00:00
[2024-01-08T18:42:24.581+0300] {processor.py:183} INFO - Processing /usr/local/lib/python3.10/dist-packages/airflow/example_dags/example_sla_dag.py took 0.637 seconds
[2024-01-08T18:43:03.811+0300] {processor.py:161} INFO - Started process (PID=14536) to work on /usr/local/lib/python3.10/dist-packages/airflow/example_dags/example_sla_dag.py
[2024-01-08T18:43:03.814+0300] {processor.py:830} INFO - Processing file /usr/local/lib/python3.10/dist-packages/airflow/example_dags/example_sla_dag.py for tasks to queue
[2024-01-08T18:43:03.816+0300] {logging_mixin.py:188} INFO - [2024-01-08T18:43:03.815+0300] {dagbag.py:538} INFO - Filling up the DagBag from /usr/local/lib/python3.10/dist-packages/airflow/example_dags/example_sla_dag.py
[2024-01-08T18:43:03.845+0300] {processor.py:840} INFO - DAG(s) 'example_sla_dag' retrieved from /usr/local/lib/python3.10/dist-packages/airflow/example_dags/example_sla_dag.py
[2024-01-08T18:43:03.962+0300] {logging_mixin.py:188} INFO - [2024-01-08T18:43:03.962+0300] {dag.py:3033} INFO - Sync 1 DAGs
[2024-01-08T18:43:04.176+0300] {logging_mixin.py:188} INFO - [2024-01-08T18:43:04.175+0300] {dag.py:3820} INFO - Setting next_dagrun for example_sla_dag to 2024-01-08T15:40:00+00:00, run_after=2024-01-08T15:42:00+00:00
[2024-01-08T18:43:04.373+0300] {processor.py:183} INFO - Processing /usr/local/lib/python3.10/dist-packages/airflow/example_dags/example_sla_dag.py took 0.580 seconds
[2024-01-08T18:43:34.552+0300] {processor.py:161} INFO - Started process (PID=14856) to work on /usr/local/lib/python3.10/dist-packages/airflow/example_dags/example_sla_dag.py
[2024-01-08T18:43:34.554+0300] {processor.py:830} INFO - Processing file /usr/local/lib/python3.10/dist-packages/airflow/example_dags/example_sla_dag.py for tasks to queue
[2024-01-08T18:43:34.558+0300] {logging_mixin.py:188} INFO - [2024-01-08T18:43:34.557+0300] {dagbag.py:538} INFO - Filling up the DagBag from /usr/local/lib/python3.10/dist-packages/airflow/example_dags/example_sla_dag.py
[2024-01-08T18:43:34.613+0300] {processor.py:840} INFO - DAG(s) 'example_sla_dag' retrieved from /usr/local/lib/python3.10/dist-packages/airflow/example_dags/example_sla_dag.py
[2024-01-08T18:43:34.744+0300] {logging_mixin.py:188} INFO - [2024-01-08T18:43:34.744+0300] {dag.py:3033} INFO - Sync 1 DAGs
[2024-01-08T18:43:34.854+0300] {logging_mixin.py:188} INFO - [2024-01-08T18:43:34.853+0300] {dag.py:3820} INFO - Setting next_dagrun for example_sla_dag to 2024-01-08T15:40:00+00:00, run_after=2024-01-08T15:42:00+00:00
[2024-01-08T18:43:34.911+0300] {processor.py:183} INFO - Processing /usr/local/lib/python3.10/dist-packages/airflow/example_dags/example_sla_dag.py took 0.372 seconds
[2024-01-08T18:44:06.006+0300] {processor.py:161} INFO - Started process (PID=15175) to work on /usr/local/lib/python3.10/dist-packages/airflow/example_dags/example_sla_dag.py
[2024-01-08T18:44:06.009+0300] {processor.py:830} INFO - Processing file /usr/local/lib/python3.10/dist-packages/airflow/example_dags/example_sla_dag.py for tasks to queue
[2024-01-08T18:44:06.016+0300] {logging_mixin.py:188} INFO - [2024-01-08T18:44:06.015+0300] {dagbag.py:538} INFO - Filling up the DagBag from /usr/local/lib/python3.10/dist-packages/airflow/example_dags/example_sla_dag.py
[2024-01-08T18:44:06.045+0300] {processor.py:840} INFO - DAG(s) 'example_sla_dag' retrieved from /usr/local/lib/python3.10/dist-packages/airflow/example_dags/example_sla_dag.py
[2024-01-08T18:44:06.176+0300] {logging_mixin.py:188} INFO - [2024-01-08T18:44:06.176+0300] {dag.py:3033} INFO - Sync 1 DAGs
[2024-01-08T18:44:06.265+0300] {logging_mixin.py:188} INFO - [2024-01-08T18:44:06.264+0300] {dag.py:3820} INFO - Setting next_dagrun for example_sla_dag to 2024-01-08T15:42:00+00:00, run_after=2024-01-08T15:44:00+00:00
[2024-01-08T18:44:06.328+0300] {processor.py:183} INFO - Processing /usr/local/lib/python3.10/dist-packages/airflow/example_dags/example_sla_dag.py took 0.335 seconds
[2024-01-08T18:44:38.161+0300] {processor.py:161} INFO - Started process (PID=15497) to work on /usr/local/lib/python3.10/dist-packages/airflow/example_dags/example_sla_dag.py
[2024-01-08T18:44:38.164+0300] {processor.py:830} INFO - Processing file /usr/local/lib/python3.10/dist-packages/airflow/example_dags/example_sla_dag.py for tasks to queue
[2024-01-08T18:44:38.166+0300] {logging_mixin.py:188} INFO - [2024-01-08T18:44:38.165+0300] {dagbag.py:538} INFO - Filling up the DagBag from /usr/local/lib/python3.10/dist-packages/airflow/example_dags/example_sla_dag.py
[2024-01-08T18:44:38.242+0300] {processor.py:840} INFO - DAG(s) 'example_sla_dag' retrieved from /usr/local/lib/python3.10/dist-packages/airflow/example_dags/example_sla_dag.py
[2024-01-08T18:44:38.393+0300] {logging_mixin.py:188} INFO - [2024-01-08T18:44:38.393+0300] {dag.py:3033} INFO - Sync 1 DAGs
[2024-01-08T18:44:38.489+0300] {logging_mixin.py:188} INFO - [2024-01-08T18:44:38.489+0300] {dag.py:3820} INFO - Setting next_dagrun for example_sla_dag to 2024-01-08T15:42:00+00:00, run_after=2024-01-08T15:44:00+00:00
[2024-01-08T18:44:38.558+0300] {processor.py:183} INFO - Processing /usr/local/lib/python3.10/dist-packages/airflow/example_dags/example_sla_dag.py took 0.421 seconds
[2024-01-08T18:45:08.712+0300] {processor.py:161} INFO - Started process (PID=15878) to work on /usr/local/lib/python3.10/dist-packages/airflow/example_dags/example_sla_dag.py
[2024-01-08T18:45:08.714+0300] {processor.py:830} INFO - Processing file /usr/local/lib/python3.10/dist-packages/airflow/example_dags/example_sla_dag.py for tasks to queue
[2024-01-08T18:45:08.717+0300] {logging_mixin.py:188} INFO - [2024-01-08T18:45:08.716+0300] {dagbag.py:538} INFO - Filling up the DagBag from /usr/local/lib/python3.10/dist-packages/airflow/example_dags/example_sla_dag.py
[2024-01-08T18:45:08.744+0300] {processor.py:840} INFO - DAG(s) 'example_sla_dag' retrieved from /usr/local/lib/python3.10/dist-packages/airflow/example_dags/example_sla_dag.py
[2024-01-08T18:45:08.840+0300] {logging_mixin.py:188} INFO - [2024-01-08T18:45:08.839+0300] {dag.py:3033} INFO - Sync 1 DAGs
[2024-01-08T18:45:08.906+0300] {logging_mixin.py:188} INFO - [2024-01-08T18:45:08.906+0300] {dag.py:3820} INFO - Setting next_dagrun for example_sla_dag to 2024-01-08T15:42:00+00:00, run_after=2024-01-08T15:44:00+00:00
[2024-01-08T18:45:08.991+0300] {processor.py:183} INFO - Processing /usr/local/lib/python3.10/dist-packages/airflow/example_dags/example_sla_dag.py took 0.290 seconds
[2024-01-08T18:45:46.646+0300] {processor.py:161} INFO - Started process (PID=16314) to work on /usr/local/lib/python3.10/dist-packages/airflow/example_dags/example_sla_dag.py
[2024-01-08T18:45:46.650+0300] {processor.py:830} INFO - Processing file /usr/local/lib/python3.10/dist-packages/airflow/example_dags/example_sla_dag.py for tasks to queue
[2024-01-08T18:45:46.655+0300] {logging_mixin.py:188} INFO - [2024-01-08T18:45:46.651+0300] {dagbag.py:538} INFO - Filling up the DagBag from /usr/local/lib/python3.10/dist-packages/airflow/example_dags/example_sla_dag.py
[2024-01-08T18:45:46.870+0300] {processor.py:840} INFO - DAG(s) 'example_sla_dag' retrieved from /usr/local/lib/python3.10/dist-packages/airflow/example_dags/example_sla_dag.py
[2024-01-08T18:45:47.552+0300] {logging_mixin.py:188} INFO - [2024-01-08T18:45:47.551+0300] {dag.py:3033} INFO - Sync 1 DAGs
[2024-01-08T18:45:48.055+0300] {logging_mixin.py:188} INFO - [2024-01-08T18:45:48.055+0300] {dag.py:3820} INFO - Setting next_dagrun for example_sla_dag to 2024-01-08T15:42:00+00:00, run_after=2024-01-08T15:44:00+00:00
[2024-01-08T18:45:48.638+0300] {processor.py:183} INFO - Processing /usr/local/lib/python3.10/dist-packages/airflow/example_dags/example_sla_dag.py took 2.290 seconds
[2024-01-08T18:46:37.915+0300] {processor.py:161} INFO - Started process (PID=16850) to work on /usr/local/lib/python3.10/dist-packages/airflow/example_dags/example_sla_dag.py
[2024-01-08T18:46:37.925+0300] {processor.py:830} INFO - Processing file /usr/local/lib/python3.10/dist-packages/airflow/example_dags/example_sla_dag.py for tasks to queue
[2024-01-08T18:46:37.927+0300] {logging_mixin.py:188} INFO - [2024-01-08T18:46:37.926+0300] {dagbag.py:538} INFO - Filling up the DagBag from /usr/local/lib/python3.10/dist-packages/airflow/example_dags/example_sla_dag.py
[2024-01-08T18:46:38.056+0300] {processor.py:840} INFO - DAG(s) 'example_sla_dag' retrieved from /usr/local/lib/python3.10/dist-packages/airflow/example_dags/example_sla_dag.py
[2024-01-08T18:46:38.382+0300] {logging_mixin.py:188} INFO - [2024-01-08T18:46:38.381+0300] {dag.py:3033} INFO - Sync 1 DAGs
[2024-01-08T18:46:38.460+0300] {logging_mixin.py:188} INFO - [2024-01-08T18:46:38.460+0300] {dag.py:3820} INFO - Setting next_dagrun for example_sla_dag to 2024-01-08T15:44:00+00:00, run_after=2024-01-08T15:46:00+00:00
[2024-01-08T18:46:38.591+0300] {processor.py:183} INFO - Processing /usr/local/lib/python3.10/dist-packages/airflow/example_dags/example_sla_dag.py took 0.690 seconds
[2024-01-08T18:47:08.803+0300] {processor.py:161} INFO - Started process (PID=17255) to work on /usr/local/lib/python3.10/dist-packages/airflow/example_dags/example_sla_dag.py
[2024-01-08T18:47:08.807+0300] {processor.py:830} INFO - Processing file /usr/local/lib/python3.10/dist-packages/airflow/example_dags/example_sla_dag.py for tasks to queue
[2024-01-08T18:47:08.809+0300] {logging_mixin.py:188} INFO - [2024-01-08T18:47:08.808+0300] {dagbag.py:538} INFO - Filling up the DagBag from /usr/local/lib/python3.10/dist-packages/airflow/example_dags/example_sla_dag.py
[2024-01-08T18:47:08.835+0300] {processor.py:840} INFO - DAG(s) 'example_sla_dag' retrieved from /usr/local/lib/python3.10/dist-packages/airflow/example_dags/example_sla_dag.py
[2024-01-08T18:47:08.961+0300] {logging_mixin.py:188} INFO - [2024-01-08T18:47:08.961+0300] {dag.py:3033} INFO - Sync 1 DAGs
[2024-01-08T18:47:09.017+0300] {logging_mixin.py:188} INFO - [2024-01-08T18:47:09.017+0300] {dag.py:3820} INFO - Setting next_dagrun for example_sla_dag to 2024-01-08T15:44:00+00:00, run_after=2024-01-08T15:46:00+00:00
[2024-01-08T18:47:09.074+0300] {processor.py:183} INFO - Processing /usr/local/lib/python3.10/dist-packages/airflow/example_dags/example_sla_dag.py took 0.280 seconds
[2024-01-08T18:47:39.509+0300] {processor.py:161} INFO - Started process (PID=17588) to work on /usr/local/lib/python3.10/dist-packages/airflow/example_dags/example_sla_dag.py
[2024-01-08T18:47:39.511+0300] {processor.py:830} INFO - Processing file /usr/local/lib/python3.10/dist-packages/airflow/example_dags/example_sla_dag.py for tasks to queue
[2024-01-08T18:47:39.513+0300] {logging_mixin.py:188} INFO - [2024-01-08T18:47:39.513+0300] {dagbag.py:538} INFO - Filling up the DagBag from /usr/local/lib/python3.10/dist-packages/airflow/example_dags/example_sla_dag.py
[2024-01-08T18:47:39.541+0300] {processor.py:840} INFO - DAG(s) 'example_sla_dag' retrieved from /usr/local/lib/python3.10/dist-packages/airflow/example_dags/example_sla_dag.py
[2024-01-08T18:47:39.702+0300] {logging_mixin.py:188} INFO - [2024-01-08T18:47:39.702+0300] {dag.py:3033} INFO - Sync 1 DAGs
[2024-01-08T18:47:39.793+0300] {logging_mixin.py:188} INFO - [2024-01-08T18:47:39.792+0300] {dag.py:3820} INFO - Setting next_dagrun for example_sla_dag to 2024-01-08T15:44:00+00:00, run_after=2024-01-08T15:46:00+00:00
[2024-01-08T18:47:39.882+0300] {processor.py:183} INFO - Processing /usr/local/lib/python3.10/dist-packages/airflow/example_dags/example_sla_dag.py took 0.384 seconds
[2024-01-08T18:48:15.884+0300] {processor.py:161} INFO - Started process (PID=17968) to work on /usr/local/lib/python3.10/dist-packages/airflow/example_dags/example_sla_dag.py
[2024-01-08T18:48:15.933+0300] {processor.py:830} INFO - Processing file /usr/local/lib/python3.10/dist-packages/airflow/example_dags/example_sla_dag.py for tasks to queue
[2024-01-08T18:48:15.935+0300] {logging_mixin.py:188} INFO - [2024-01-08T18:48:15.935+0300] {dagbag.py:538} INFO - Filling up the DagBag from /usr/local/lib/python3.10/dist-packages/airflow/example_dags/example_sla_dag.py
[2024-01-08T18:48:16.003+0300] {processor.py:840} INFO - DAG(s) 'example_sla_dag' retrieved from /usr/local/lib/python3.10/dist-packages/airflow/example_dags/example_sla_dag.py
[2024-01-08T18:48:16.751+0300] {logging_mixin.py:188} INFO - [2024-01-08T18:48:16.750+0300] {dag.py:3033} INFO - Sync 1 DAGs
[2024-01-08T18:48:16.895+0300] {logging_mixin.py:188} INFO - [2024-01-08T18:48:16.895+0300] {dag.py:3820} INFO - Setting next_dagrun for example_sla_dag to 2024-01-08T15:46:00+00:00, run_after=2024-01-08T15:48:00+00:00
[2024-01-08T18:48:17.346+0300] {processor.py:183} INFO - Processing /usr/local/lib/python3.10/dist-packages/airflow/example_dags/example_sla_dag.py took 1.474 seconds
[2024-01-08T18:48:47.520+0300] {processor.py:161} INFO - Started process (PID=18376) to work on /usr/local/lib/python3.10/dist-packages/airflow/example_dags/example_sla_dag.py
[2024-01-08T18:48:47.522+0300] {processor.py:830} INFO - Processing file /usr/local/lib/python3.10/dist-packages/airflow/example_dags/example_sla_dag.py for tasks to queue
[2024-01-08T18:48:47.525+0300] {logging_mixin.py:188} INFO - [2024-01-08T18:48:47.523+0300] {dagbag.py:538} INFO - Filling up the DagBag from /usr/local/lib/python3.10/dist-packages/airflow/example_dags/example_sla_dag.py
[2024-01-08T18:48:47.558+0300] {processor.py:840} INFO - DAG(s) 'example_sla_dag' retrieved from /usr/local/lib/python3.10/dist-packages/airflow/example_dags/example_sla_dag.py
[2024-01-08T18:48:47.657+0300] {logging_mixin.py:188} INFO - [2024-01-08T18:48:47.657+0300] {dag.py:3033} INFO - Sync 1 DAGs
[2024-01-08T18:48:47.716+0300] {logging_mixin.py:188} INFO - [2024-01-08T18:48:47.715+0300] {dag.py:3820} INFO - Setting next_dagrun for example_sla_dag to 2024-01-08T15:46:00+00:00, run_after=2024-01-08T15:48:00+00:00
[2024-01-08T18:48:47.768+0300] {processor.py:183} INFO - Processing /usr/local/lib/python3.10/dist-packages/airflow/example_dags/example_sla_dag.py took 0.258 seconds
[2024-01-08T18:49:28.670+0300] {processor.py:161} INFO - Started process (PID=18846) to work on /usr/local/lib/python3.10/dist-packages/airflow/example_dags/example_sla_dag.py
[2024-01-08T18:49:28.675+0300] {processor.py:830} INFO - Processing file /usr/local/lib/python3.10/dist-packages/airflow/example_dags/example_sla_dag.py for tasks to queue
[2024-01-08T18:49:28.684+0300] {logging_mixin.py:188} INFO - [2024-01-08T18:49:28.683+0300] {dagbag.py:538} INFO - Filling up the DagBag from /usr/local/lib/python3.10/dist-packages/airflow/example_dags/example_sla_dag.py
[2024-01-08T18:49:28.726+0300] {processor.py:840} INFO - DAG(s) 'example_sla_dag' retrieved from /usr/local/lib/python3.10/dist-packages/airflow/example_dags/example_sla_dag.py
[2024-01-08T18:49:28.910+0300] {logging_mixin.py:188} INFO - [2024-01-08T18:49:28.910+0300] {dag.py:3033} INFO - Sync 1 DAGs
[2024-01-08T18:49:29.036+0300] {logging_mixin.py:188} INFO - [2024-01-08T18:49:29.035+0300] {dag.py:3820} INFO - Setting next_dagrun for example_sla_dag to 2024-01-08T15:46:00+00:00, run_after=2024-01-08T15:48:00+00:00
[2024-01-08T18:49:29.118+0300] {processor.py:183} INFO - Processing /usr/local/lib/python3.10/dist-packages/airflow/example_dags/example_sla_dag.py took 0.470 seconds
[2024-01-08T18:50:00.047+0300] {processor.py:161} INFO - Started process (PID=19164) to work on /usr/local/lib/python3.10/dist-packages/airflow/example_dags/example_sla_dag.py
[2024-01-08T18:50:00.051+0300] {processor.py:830} INFO - Processing file /usr/local/lib/python3.10/dist-packages/airflow/example_dags/example_sla_dag.py for tasks to queue
[2024-01-08T18:50:00.054+0300] {logging_mixin.py:188} INFO - [2024-01-08T18:50:00.053+0300] {dagbag.py:538} INFO - Filling up the DagBag from /usr/local/lib/python3.10/dist-packages/airflow/example_dags/example_sla_dag.py
[2024-01-08T18:50:00.088+0300] {processor.py:840} INFO - DAG(s) 'example_sla_dag' retrieved from /usr/local/lib/python3.10/dist-packages/airflow/example_dags/example_sla_dag.py
[2024-01-08T18:50:00.293+0300] {logging_mixin.py:188} INFO - [2024-01-08T18:50:00.292+0300] {dag.py:3033} INFO - Sync 1 DAGs
[2024-01-08T18:50:00.414+0300] {logging_mixin.py:188} INFO - [2024-01-08T18:50:00.411+0300] {dag.py:3820} INFO - Setting next_dagrun for example_sla_dag to 2024-01-08T15:48:00+00:00, run_after=2024-01-08T15:50:00+00:00
[2024-01-08T18:50:00.511+0300] {processor.py:183} INFO - Processing /usr/local/lib/python3.10/dist-packages/airflow/example_dags/example_sla_dag.py took 0.485 seconds
[2024-01-08T18:50:31.198+0300] {processor.py:161} INFO - Started process (PID=19480) to work on /usr/local/lib/python3.10/dist-packages/airflow/example_dags/example_sla_dag.py
[2024-01-08T18:50:31.207+0300] {processor.py:830} INFO - Processing file /usr/local/lib/python3.10/dist-packages/airflow/example_dags/example_sla_dag.py for tasks to queue
[2024-01-08T18:50:31.216+0300] {logging_mixin.py:188} INFO - [2024-01-08T18:50:31.215+0300] {dagbag.py:538} INFO - Filling up the DagBag from /usr/local/lib/python3.10/dist-packages/airflow/example_dags/example_sla_dag.py
[2024-01-08T18:50:31.273+0300] {processor.py:840} INFO - DAG(s) 'example_sla_dag' retrieved from /usr/local/lib/python3.10/dist-packages/airflow/example_dags/example_sla_dag.py
[2024-01-08T18:50:31.387+0300] {logging_mixin.py:188} INFO - [2024-01-08T18:50:31.387+0300] {dag.py:3033} INFO - Sync 1 DAGs
[2024-01-08T18:50:31.501+0300] {logging_mixin.py:188} INFO - [2024-01-08T18:50:31.500+0300] {dag.py:3820} INFO - Setting next_dagrun for example_sla_dag to 2024-01-08T15:48:00+00:00, run_after=2024-01-08T15:50:00+00:00
[2024-01-08T18:50:31.557+0300] {processor.py:183} INFO - Processing /usr/local/lib/python3.10/dist-packages/airflow/example_dags/example_sla_dag.py took 0.394 seconds
[2024-01-08T18:51:05.045+0300] {processor.py:161} INFO - Started process (PID=19820) to work on /usr/local/lib/python3.10/dist-packages/airflow/example_dags/example_sla_dag.py
[2024-01-08T18:51:05.058+0300] {processor.py:830} INFO - Processing file /usr/local/lib/python3.10/dist-packages/airflow/example_dags/example_sla_dag.py for tasks to queue
[2024-01-08T18:51:05.063+0300] {logging_mixin.py:188} INFO - [2024-01-08T18:51:05.061+0300] {dagbag.py:538} INFO - Filling up the DagBag from /usr/local/lib/python3.10/dist-packages/airflow/example_dags/example_sla_dag.py
[2024-01-08T18:51:05.107+0300] {processor.py:840} INFO - DAG(s) 'example_sla_dag' retrieved from /usr/local/lib/python3.10/dist-packages/airflow/example_dags/example_sla_dag.py
[2024-01-08T18:51:05.390+0300] {logging_mixin.py:188} INFO - [2024-01-08T18:51:05.390+0300] {dag.py:3033} INFO - Sync 1 DAGs
[2024-01-08T18:51:05.508+0300] {logging_mixin.py:188} INFO - [2024-01-08T18:51:05.508+0300] {dag.py:3820} INFO - Setting next_dagrun for example_sla_dag to 2024-01-08T15:48:00+00:00, run_after=2024-01-08T15:50:00+00:00
[2024-01-08T18:51:05.630+0300] {processor.py:183} INFO - Processing /usr/local/lib/python3.10/dist-packages/airflow/example_dags/example_sla_dag.py took 0.624 seconds
[2024-01-08T18:51:37.058+0300] {processor.py:161} INFO - Started process (PID=20193) to work on /usr/local/lib/python3.10/dist-packages/airflow/example_dags/example_sla_dag.py
[2024-01-08T18:51:37.077+0300] {processor.py:830} INFO - Processing file /usr/local/lib/python3.10/dist-packages/airflow/example_dags/example_sla_dag.py for tasks to queue
[2024-01-08T18:51:37.079+0300] {logging_mixin.py:188} INFO - [2024-01-08T18:51:37.078+0300] {dagbag.py:538} INFO - Filling up the DagBag from /usr/local/lib/python3.10/dist-packages/airflow/example_dags/example_sla_dag.py
[2024-01-08T18:51:37.147+0300] {processor.py:840} INFO - DAG(s) 'example_sla_dag' retrieved from /usr/local/lib/python3.10/dist-packages/airflow/example_dags/example_sla_dag.py
[2024-01-08T18:51:37.269+0300] {logging_mixin.py:188} INFO - [2024-01-08T18:51:37.269+0300] {dag.py:3033} INFO - Sync 1 DAGs
[2024-01-08T18:51:37.348+0300] {logging_mixin.py:188} INFO - [2024-01-08T18:51:37.347+0300] {dag.py:3820} INFO - Setting next_dagrun for example_sla_dag to 2024-01-08T15:48:00+00:00, run_after=2024-01-08T15:50:00+00:00
[2024-01-08T18:51:37.506+0300] {processor.py:183} INFO - Processing /usr/local/lib/python3.10/dist-packages/airflow/example_dags/example_sla_dag.py took 0.475 seconds
[2024-01-08T18:52:30.307+0300] {processor.py:161} INFO - Started process (PID=20743) to work on /usr/local/lib/python3.10/dist-packages/airflow/example_dags/example_sla_dag.py
[2024-01-08T18:52:30.312+0300] {processor.py:830} INFO - Processing file /usr/local/lib/python3.10/dist-packages/airflow/example_dags/example_sla_dag.py for tasks to queue
[2024-01-08T18:52:30.324+0300] {logging_mixin.py:188} INFO - [2024-01-08T18:52:30.323+0300] {dagbag.py:538} INFO - Filling up the DagBag from /usr/local/lib/python3.10/dist-packages/airflow/example_dags/example_sla_dag.py
[2024-01-08T18:52:30.382+0300] {processor.py:840} INFO - DAG(s) 'example_sla_dag' retrieved from /usr/local/lib/python3.10/dist-packages/airflow/example_dags/example_sla_dag.py
[2024-01-08T18:52:30.606+0300] {logging_mixin.py:188} INFO - [2024-01-08T18:52:30.606+0300] {dag.py:3033} INFO - Sync 1 DAGs
[2024-01-08T18:52:30.739+0300] {logging_mixin.py:188} INFO - [2024-01-08T18:52:30.738+0300] {dag.py:3820} INFO - Setting next_dagrun for example_sla_dag to 2024-01-08T15:50:00+00:00, run_after=2024-01-08T15:52:00+00:00
[2024-01-08T18:52:30.885+0300] {processor.py:183} INFO - Processing /usr/local/lib/python3.10/dist-packages/airflow/example_dags/example_sla_dag.py took 0.606 seconds
[2024-01-08T18:53:26.357+0300] {processor.py:161} INFO - Started process (PID=21293) to work on /usr/local/lib/python3.10/dist-packages/airflow/example_dags/example_sla_dag.py
[2024-01-08T18:53:26.365+0300] {processor.py:830} INFO - Processing file /usr/local/lib/python3.10/dist-packages/airflow/example_dags/example_sla_dag.py for tasks to queue
[2024-01-08T18:53:26.368+0300] {logging_mixin.py:188} INFO - [2024-01-08T18:53:26.366+0300] {dagbag.py:538} INFO - Filling up the DagBag from /usr/local/lib/python3.10/dist-packages/airflow/example_dags/example_sla_dag.py
[2024-01-08T18:53:26.592+0300] {processor.py:840} INFO - DAG(s) 'example_sla_dag' retrieved from /usr/local/lib/python3.10/dist-packages/airflow/example_dags/example_sla_dag.py
[2024-01-08T18:53:26.988+0300] {logging_mixin.py:188} INFO - [2024-01-08T18:53:26.988+0300] {dag.py:3033} INFO - Sync 1 DAGs
[2024-01-08T18:53:27.533+0300] {logging_mixin.py:188} INFO - [2024-01-08T18:53:27.532+0300] {dag.py:3820} INFO - Setting next_dagrun for example_sla_dag to 2024-01-08T15:50:00+00:00, run_after=2024-01-08T15:52:00+00:00
[2024-01-08T18:53:28.094+0300] {processor.py:183} INFO - Processing /usr/local/lib/python3.10/dist-packages/airflow/example_dags/example_sla_dag.py took 1.813 seconds
[2024-01-08T18:54:14.014+0300] {processor.py:161} INFO - Started process (PID=21712) to work on /usr/local/lib/python3.10/dist-packages/airflow/example_dags/example_sla_dag.py
[2024-01-08T18:54:14.017+0300] {processor.py:830} INFO - Processing file /usr/local/lib/python3.10/dist-packages/airflow/example_dags/example_sla_dag.py for tasks to queue
[2024-01-08T18:54:14.022+0300] {logging_mixin.py:188} INFO - [2024-01-08T18:54:14.019+0300] {dagbag.py:538} INFO - Filling up the DagBag from /usr/local/lib/python3.10/dist-packages/airflow/example_dags/example_sla_dag.py
[2024-01-08T18:54:14.070+0300] {processor.py:840} INFO - DAG(s) 'example_sla_dag' retrieved from /usr/local/lib/python3.10/dist-packages/airflow/example_dags/example_sla_dag.py
[2024-01-08T18:54:14.315+0300] {logging_mixin.py:188} INFO - [2024-01-08T18:54:14.314+0300] {dag.py:3033} INFO - Sync 1 DAGs
[2024-01-08T18:54:14.639+0300] {logging_mixin.py:188} INFO - [2024-01-08T18:54:14.639+0300] {dag.py:3820} INFO - Setting next_dagrun for example_sla_dag to 2024-01-08T15:52:00+00:00, run_after=2024-01-08T15:54:00+00:00
[2024-01-08T18:54:14.818+0300] {processor.py:183} INFO - Processing /usr/local/lib/python3.10/dist-packages/airflow/example_dags/example_sla_dag.py took 0.825 seconds
[2024-01-08T18:54:54.797+0300] {processor.py:161} INFO - Started process (PID=22207) to work on /usr/local/lib/python3.10/dist-packages/airflow/example_dags/example_sla_dag.py
[2024-01-08T18:54:54.801+0300] {processor.py:830} INFO - Processing file /usr/local/lib/python3.10/dist-packages/airflow/example_dags/example_sla_dag.py for tasks to queue
[2024-01-08T18:54:54.806+0300] {logging_mixin.py:188} INFO - [2024-01-08T18:54:54.804+0300] {dagbag.py:538} INFO - Filling up the DagBag from /usr/local/lib/python3.10/dist-packages/airflow/example_dags/example_sla_dag.py
[2024-01-08T18:54:54.837+0300] {processor.py:840} INFO - DAG(s) 'example_sla_dag' retrieved from /usr/local/lib/python3.10/dist-packages/airflow/example_dags/example_sla_dag.py
[2024-01-08T18:54:54.921+0300] {logging_mixin.py:188} INFO - [2024-01-08T18:54:54.920+0300] {dag.py:3033} INFO - Sync 1 DAGs
[2024-01-08T18:54:55.038+0300] {logging_mixin.py:188} INFO - [2024-01-08T18:54:55.037+0300] {dag.py:3820} INFO - Setting next_dagrun for example_sla_dag to 2024-01-08T15:52:00+00:00, run_after=2024-01-08T15:54:00+00:00
[2024-01-08T18:54:55.108+0300] {processor.py:183} INFO - Processing /usr/local/lib/python3.10/dist-packages/airflow/example_dags/example_sla_dag.py took 0.323 seconds
[2024-01-08T18:55:27.020+0300] {processor.py:161} INFO - Started process (PID=22578) to work on /usr/local/lib/python3.10/dist-packages/airflow/example_dags/example_sla_dag.py
[2024-01-08T18:55:27.035+0300] {processor.py:830} INFO - Processing file /usr/local/lib/python3.10/dist-packages/airflow/example_dags/example_sla_dag.py for tasks to queue
[2024-01-08T18:55:27.037+0300] {logging_mixin.py:188} INFO - [2024-01-08T18:55:27.036+0300] {dagbag.py:538} INFO - Filling up the DagBag from /usr/local/lib/python3.10/dist-packages/airflow/example_dags/example_sla_dag.py
[2024-01-08T18:55:27.108+0300] {processor.py:840} INFO - DAG(s) 'example_sla_dag' retrieved from /usr/local/lib/python3.10/dist-packages/airflow/example_dags/example_sla_dag.py
[2024-01-08T18:55:27.430+0300] {logging_mixin.py:188} INFO - [2024-01-08T18:55:27.430+0300] {dag.py:3033} INFO - Sync 1 DAGs
[2024-01-08T18:55:27.677+0300] {logging_mixin.py:188} INFO - [2024-01-08T18:55:27.677+0300] {dag.py:3820} INFO - Setting next_dagrun for example_sla_dag to 2024-01-08T15:52:00+00:00, run_after=2024-01-08T15:54:00+00:00
[2024-01-08T18:55:27.899+0300] {processor.py:183} INFO - Processing /usr/local/lib/python3.10/dist-packages/airflow/example_dags/example_sla_dag.py took 0.905 seconds
[2024-01-08T18:55:58.533+0300] {processor.py:161} INFO - Started process (PID=22944) to work on /usr/local/lib/python3.10/dist-packages/airflow/example_dags/example_sla_dag.py
[2024-01-08T18:55:58.536+0300] {processor.py:830} INFO - Processing file /usr/local/lib/python3.10/dist-packages/airflow/example_dags/example_sla_dag.py for tasks to queue
[2024-01-08T18:55:58.538+0300] {logging_mixin.py:188} INFO - [2024-01-08T18:55:58.537+0300] {dagbag.py:538} INFO - Filling up the DagBag from /usr/local/lib/python3.10/dist-packages/airflow/example_dags/example_sla_dag.py
[2024-01-08T18:55:58.565+0300] {processor.py:840} INFO - DAG(s) 'example_sla_dag' retrieved from /usr/local/lib/python3.10/dist-packages/airflow/example_dags/example_sla_dag.py
[2024-01-08T18:55:58.652+0300] {logging_mixin.py:188} INFO - [2024-01-08T18:55:58.652+0300] {dag.py:3033} INFO - Sync 1 DAGs
[2024-01-08T18:55:58.707+0300] {logging_mixin.py:188} INFO - [2024-01-08T18:55:58.707+0300] {dag.py:3820} INFO - Setting next_dagrun for example_sla_dag to 2024-01-08T15:52:00+00:00, run_after=2024-01-08T15:54:00+00:00
[2024-01-08T18:55:58.751+0300] {processor.py:183} INFO - Processing /usr/local/lib/python3.10/dist-packages/airflow/example_dags/example_sla_dag.py took 0.228 seconds
[2024-01-08T18:56:29.033+0300] {processor.py:161} INFO - Started process (PID=23259) to work on /usr/local/lib/python3.10/dist-packages/airflow/example_dags/example_sla_dag.py
[2024-01-08T18:56:29.035+0300] {processor.py:830} INFO - Processing file /usr/local/lib/python3.10/dist-packages/airflow/example_dags/example_sla_dag.py for tasks to queue
[2024-01-08T18:56:29.037+0300] {logging_mixin.py:188} INFO - [2024-01-08T18:56:29.037+0300] {dagbag.py:538} INFO - Filling up the DagBag from /usr/local/lib/python3.10/dist-packages/airflow/example_dags/example_sla_dag.py
[2024-01-08T18:56:29.063+0300] {processor.py:840} INFO - DAG(s) 'example_sla_dag' retrieved from /usr/local/lib/python3.10/dist-packages/airflow/example_dags/example_sla_dag.py
[2024-01-08T18:56:29.147+0300] {logging_mixin.py:188} INFO - [2024-01-08T18:56:29.146+0300] {dag.py:3033} INFO - Sync 1 DAGs
[2024-01-08T18:56:29.222+0300] {logging_mixin.py:188} INFO - [2024-01-08T18:56:29.221+0300] {dag.py:3820} INFO - Setting next_dagrun for example_sla_dag to 2024-01-08T15:54:00+00:00, run_after=2024-01-08T15:56:00+00:00
[2024-01-08T18:56:29.306+0300] {processor.py:183} INFO - Processing /usr/local/lib/python3.10/dist-packages/airflow/example_dags/example_sla_dag.py took 0.286 seconds
[2024-01-08T18:57:00.241+0300] {processor.py:161} INFO - Started process (PID=23581) to work on /usr/local/lib/python3.10/dist-packages/airflow/example_dags/example_sla_dag.py
[2024-01-08T18:57:00.248+0300] {processor.py:830} INFO - Processing file /usr/local/lib/python3.10/dist-packages/airflow/example_dags/example_sla_dag.py for tasks to queue
[2024-01-08T18:57:00.249+0300] {logging_mixin.py:188} INFO - [2024-01-08T18:57:00.249+0300] {dagbag.py:538} INFO - Filling up the DagBag from /usr/local/lib/python3.10/dist-packages/airflow/example_dags/example_sla_dag.py
[2024-01-08T18:57:00.322+0300] {processor.py:840} INFO - DAG(s) 'example_sla_dag' retrieved from /usr/local/lib/python3.10/dist-packages/airflow/example_dags/example_sla_dag.py
[2024-01-08T18:57:00.666+0300] {logging_mixin.py:188} INFO - [2024-01-08T18:57:00.666+0300] {dag.py:3033} INFO - Sync 1 DAGs
[2024-01-08T18:57:00.870+0300] {logging_mixin.py:188} INFO - [2024-01-08T18:57:00.869+0300] {dag.py:3820} INFO - Setting next_dagrun for example_sla_dag to 2024-01-08T15:54:00+00:00, run_after=2024-01-08T15:56:00+00:00
[2024-01-08T18:57:01.017+0300] {processor.py:183} INFO - Processing /usr/local/lib/python3.10/dist-packages/airflow/example_dags/example_sla_dag.py took 0.821 seconds
[2024-01-08T18:57:31.962+0300] {processor.py:161} INFO - Started process (PID=23957) to work on /usr/local/lib/python3.10/dist-packages/airflow/example_dags/example_sla_dag.py
[2024-01-08T18:57:31.970+0300] {processor.py:830} INFO - Processing file /usr/local/lib/python3.10/dist-packages/airflow/example_dags/example_sla_dag.py for tasks to queue
[2024-01-08T18:57:31.973+0300] {logging_mixin.py:188} INFO - [2024-01-08T18:57:31.972+0300] {dagbag.py:538} INFO - Filling up the DagBag from /usr/local/lib/python3.10/dist-packages/airflow/example_dags/example_sla_dag.py
[2024-01-08T18:57:32.000+0300] {processor.py:840} INFO - DAG(s) 'example_sla_dag' retrieved from /usr/local/lib/python3.10/dist-packages/airflow/example_dags/example_sla_dag.py
[2024-01-08T18:57:32.107+0300] {logging_mixin.py:188} INFO - [2024-01-08T18:57:32.107+0300] {dag.py:3033} INFO - Sync 1 DAGs
[2024-01-08T18:57:32.183+0300] {logging_mixin.py:188} INFO - [2024-01-08T18:57:32.180+0300] {dag.py:3820} INFO - Setting next_dagrun for example_sla_dag to 2024-01-08T15:54:00+00:00, run_after=2024-01-08T15:56:00+00:00
[2024-01-08T18:57:32.240+0300] {processor.py:183} INFO - Processing /usr/local/lib/python3.10/dist-packages/airflow/example_dags/example_sla_dag.py took 0.287 seconds
[2024-01-08T18:58:02.510+0300] {processor.py:161} INFO - Started process (PID=24338) to work on /usr/local/lib/python3.10/dist-packages/airflow/example_dags/example_sla_dag.py
[2024-01-08T18:58:02.512+0300] {processor.py:830} INFO - Processing file /usr/local/lib/python3.10/dist-packages/airflow/example_dags/example_sla_dag.py for tasks to queue
[2024-01-08T18:58:02.514+0300] {logging_mixin.py:188} INFO - [2024-01-08T18:58:02.514+0300] {dagbag.py:538} INFO - Filling up the DagBag from /usr/local/lib/python3.10/dist-packages/airflow/example_dags/example_sla_dag.py
[2024-01-08T18:58:02.549+0300] {processor.py:840} INFO - DAG(s) 'example_sla_dag' retrieved from /usr/local/lib/python3.10/dist-packages/airflow/example_dags/example_sla_dag.py
[2024-01-08T18:58:02.668+0300] {logging_mixin.py:188} INFO - [2024-01-08T18:58:02.668+0300] {dag.py:3033} INFO - Sync 1 DAGs
[2024-01-08T18:58:02.743+0300] {logging_mixin.py:188} INFO - [2024-01-08T18:58:02.743+0300] {dag.py:3820} INFO - Setting next_dagrun for example_sla_dag to 2024-01-08T15:56:00+00:00, run_after=2024-01-08T15:58:00+00:00
[2024-01-08T18:58:02.795+0300] {processor.py:183} INFO - Processing /usr/local/lib/python3.10/dist-packages/airflow/example_dags/example_sla_dag.py took 0.294 seconds
[2024-01-08T18:58:36.394+0300] {processor.py:161} INFO - Started process (PID=24697) to work on /usr/local/lib/python3.10/dist-packages/airflow/example_dags/example_sla_dag.py
[2024-01-08T18:58:36.471+0300] {processor.py:830} INFO - Processing file /usr/local/lib/python3.10/dist-packages/airflow/example_dags/example_sla_dag.py for tasks to queue
[2024-01-08T18:58:36.479+0300] {logging_mixin.py:188} INFO - [2024-01-08T18:58:36.476+0300] {dagbag.py:538} INFO - Filling up the DagBag from /usr/local/lib/python3.10/dist-packages/airflow/example_dags/example_sla_dag.py
[2024-01-08T18:58:36.666+0300] {processor.py:840} INFO - DAG(s) 'example_sla_dag' retrieved from /usr/local/lib/python3.10/dist-packages/airflow/example_dags/example_sla_dag.py
[2024-01-08T18:58:37.029+0300] {logging_mixin.py:188} INFO - [2024-01-08T18:58:37.012+0300] {dag.py:3033} INFO - Sync 1 DAGs
[2024-01-08T18:58:37.355+0300] {logging_mixin.py:188} INFO - [2024-01-08T18:58:37.355+0300] {dag.py:3820} INFO - Setting next_dagrun for example_sla_dag to 2024-01-08T15:56:00+00:00, run_after=2024-01-08T15:58:00+00:00
[2024-01-08T18:58:37.622+0300] {processor.py:183} INFO - Processing /usr/local/lib/python3.10/dist-packages/airflow/example_dags/example_sla_dag.py took 1.250 seconds
[2024-01-08T18:59:07.828+0300] {processor.py:161} INFO - Started process (PID=25128) to work on /usr/local/lib/python3.10/dist-packages/airflow/example_dags/example_sla_dag.py
[2024-01-08T18:59:07.832+0300] {processor.py:830} INFO - Processing file /usr/local/lib/python3.10/dist-packages/airflow/example_dags/example_sla_dag.py for tasks to queue
[2024-01-08T18:59:07.835+0300] {logging_mixin.py:188} INFO - [2024-01-08T18:59:07.834+0300] {dagbag.py:538} INFO - Filling up the DagBag from /usr/local/lib/python3.10/dist-packages/airflow/example_dags/example_sla_dag.py
[2024-01-08T18:59:07.863+0300] {processor.py:840} INFO - DAG(s) 'example_sla_dag' retrieved from /usr/local/lib/python3.10/dist-packages/airflow/example_dags/example_sla_dag.py
[2024-01-08T18:59:08.010+0300] {logging_mixin.py:188} INFO - [2024-01-08T18:59:08.010+0300] {dag.py:3033} INFO - Sync 1 DAGs
[2024-01-08T18:59:08.103+0300] {logging_mixin.py:188} INFO - [2024-01-08T18:59:08.102+0300] {dag.py:3820} INFO - Setting next_dagrun for example_sla_dag to 2024-01-08T15:56:00+00:00, run_after=2024-01-08T15:58:00+00:00
[2024-01-08T18:59:08.155+0300] {processor.py:183} INFO - Processing /usr/local/lib/python3.10/dist-packages/airflow/example_dags/example_sla_dag.py took 0.341 seconds
[2024-01-08T18:59:41.622+0300] {processor.py:161} INFO - Started process (PID=25535) to work on /usr/local/lib/python3.10/dist-packages/airflow/example_dags/example_sla_dag.py
[2024-01-08T18:59:41.626+0300] {processor.py:830} INFO - Processing file /usr/local/lib/python3.10/dist-packages/airflow/example_dags/example_sla_dag.py for tasks to queue
[2024-01-08T18:59:41.629+0300] {logging_mixin.py:188} INFO - [2024-01-08T18:59:41.628+0300] {dagbag.py:538} INFO - Filling up the DagBag from /usr/local/lib/python3.10/dist-packages/airflow/example_dags/example_sla_dag.py
[2024-01-08T18:59:41.666+0300] {processor.py:840} INFO - DAG(s) 'example_sla_dag' retrieved from /usr/local/lib/python3.10/dist-packages/airflow/example_dags/example_sla_dag.py
[2024-01-08T18:59:41.769+0300] {logging_mixin.py:188} INFO - [2024-01-08T18:59:41.769+0300] {dag.py:3033} INFO - Sync 1 DAGs
[2024-01-08T18:59:41.930+0300] {logging_mixin.py:188} INFO - [2024-01-08T18:59:41.930+0300] {dag.py:3820} INFO - Setting next_dagrun for example_sla_dag to 2024-01-08T15:56:00+00:00, run_after=2024-01-08T15:58:00+00:00
[2024-01-08T18:59:42.024+0300] {processor.py:183} INFO - Processing /usr/local/lib/python3.10/dist-packages/airflow/example_dags/example_sla_dag.py took 0.419 seconds
[2024-01-08T19:00:15.241+0300] {processor.py:161} INFO - Started process (PID=25905) to work on /usr/local/lib/python3.10/dist-packages/airflow/example_dags/example_sla_dag.py
[2024-01-08T19:00:15.248+0300] {processor.py:830} INFO - Processing file /usr/local/lib/python3.10/dist-packages/airflow/example_dags/example_sla_dag.py for tasks to queue
[2024-01-08T19:00:15.251+0300] {logging_mixin.py:188} INFO - [2024-01-08T19:00:15.250+0300] {dagbag.py:538} INFO - Filling up the DagBag from /usr/local/lib/python3.10/dist-packages/airflow/example_dags/example_sla_dag.py
[2024-01-08T19:00:15.316+0300] {processor.py:840} INFO - DAG(s) 'example_sla_dag' retrieved from /usr/local/lib/python3.10/dist-packages/airflow/example_dags/example_sla_dag.py
[2024-01-08T19:00:15.468+0300] {logging_mixin.py:188} INFO - [2024-01-08T19:00:15.467+0300] {dag.py:3033} INFO - Sync 1 DAGs
[2024-01-08T19:00:15.677+0300] {logging_mixin.py:188} INFO - [2024-01-08T19:00:15.677+0300] {dag.py:3820} INFO - Setting next_dagrun for example_sla_dag to 2024-01-08T15:58:00+00:00, run_after=2024-01-08T16:00:00+00:00
[2024-01-08T19:00:15.882+0300] {processor.py:183} INFO - Processing /usr/local/lib/python3.10/dist-packages/airflow/example_dags/example_sla_dag.py took 0.669 seconds
[2024-01-08T19:00:48.602+0300] {processor.py:161} INFO - Started process (PID=26348) to work on /usr/local/lib/python3.10/dist-packages/airflow/example_dags/example_sla_dag.py
[2024-01-08T19:00:48.616+0300] {processor.py:830} INFO - Processing file /usr/local/lib/python3.10/dist-packages/airflow/example_dags/example_sla_dag.py for tasks to queue
[2024-01-08T19:00:48.625+0300] {logging_mixin.py:188} INFO - [2024-01-08T19:00:48.624+0300] {dagbag.py:538} INFO - Filling up the DagBag from /usr/local/lib/python3.10/dist-packages/airflow/example_dags/example_sla_dag.py
[2024-01-08T19:00:48.714+0300] {processor.py:840} INFO - DAG(s) 'example_sla_dag' retrieved from /usr/local/lib/python3.10/dist-packages/airflow/example_dags/example_sla_dag.py
[2024-01-08T19:00:48.995+0300] {logging_mixin.py:188} INFO - [2024-01-08T19:00:48.995+0300] {dag.py:3033} INFO - Sync 1 DAGs
[2024-01-08T19:00:49.208+0300] {logging_mixin.py:188} INFO - [2024-01-08T19:00:49.207+0300] {dag.py:3820} INFO - Setting next_dagrun for example_sla_dag to 2024-01-08T15:58:00+00:00, run_after=2024-01-08T16:00:00+00:00
[2024-01-08T19:00:49.377+0300] {processor.py:183} INFO - Processing /usr/local/lib/python3.10/dist-packages/airflow/example_dags/example_sla_dag.py took 0.837 seconds
[2024-01-08T19:01:20.774+0300] {processor.py:161} INFO - Started process (PID=26712) to work on /usr/local/lib/python3.10/dist-packages/airflow/example_dags/example_sla_dag.py
[2024-01-08T19:01:20.784+0300] {processor.py:830} INFO - Processing file /usr/local/lib/python3.10/dist-packages/airflow/example_dags/example_sla_dag.py for tasks to queue
[2024-01-08T19:01:20.787+0300] {logging_mixin.py:188} INFO - [2024-01-08T19:01:20.786+0300] {dagbag.py:538} INFO - Filling up the DagBag from /usr/local/lib/python3.10/dist-packages/airflow/example_dags/example_sla_dag.py
[2024-01-08T19:01:20.912+0300] {processor.py:840} INFO - DAG(s) 'example_sla_dag' retrieved from /usr/local/lib/python3.10/dist-packages/airflow/example_dags/example_sla_dag.py
[2024-01-08T19:01:21.194+0300] {logging_mixin.py:188} INFO - [2024-01-08T19:01:21.194+0300] {dag.py:3033} INFO - Sync 1 DAGs
[2024-01-08T19:01:21.392+0300] {logging_mixin.py:188} INFO - [2024-01-08T19:01:21.391+0300] {dag.py:3820} INFO - Setting next_dagrun for example_sla_dag to 2024-01-08T15:58:00+00:00, run_after=2024-01-08T16:00:00+00:00
[2024-01-08T19:01:21.595+0300] {processor.py:183} INFO - Processing /usr/local/lib/python3.10/dist-packages/airflow/example_dags/example_sla_dag.py took 0.896 seconds
[2024-01-08T19:01:52.199+0300] {processor.py:161} INFO - Started process (PID=27105) to work on /usr/local/lib/python3.10/dist-packages/airflow/example_dags/example_sla_dag.py
[2024-01-08T19:01:52.204+0300] {processor.py:830} INFO - Processing file /usr/local/lib/python3.10/dist-packages/airflow/example_dags/example_sla_dag.py for tasks to queue
[2024-01-08T19:01:52.206+0300] {logging_mixin.py:188} INFO - [2024-01-08T19:01:52.205+0300] {dagbag.py:538} INFO - Filling up the DagBag from /usr/local/lib/python3.10/dist-packages/airflow/example_dags/example_sla_dag.py
[2024-01-08T19:01:52.288+0300] {processor.py:840} INFO - DAG(s) 'example_sla_dag' retrieved from /usr/local/lib/python3.10/dist-packages/airflow/example_dags/example_sla_dag.py
[2024-01-08T19:01:52.547+0300] {logging_mixin.py:188} INFO - [2024-01-08T19:01:52.547+0300] {dag.py:3033} INFO - Sync 1 DAGs
[2024-01-08T19:01:52.695+0300] {logging_mixin.py:188} INFO - [2024-01-08T19:01:52.694+0300] {dag.py:3820} INFO - Setting next_dagrun for example_sla_dag to 2024-01-08T15:58:00+00:00, run_after=2024-01-08T16:00:00+00:00
[2024-01-08T19:01:52.764+0300] {processor.py:183} INFO - Processing /usr/local/lib/python3.10/dist-packages/airflow/example_dags/example_sla_dag.py took 0.581 seconds
[2024-01-08T19:02:23.540+0300] {processor.py:161} INFO - Started process (PID=27422) to work on /usr/local/lib/python3.10/dist-packages/airflow/example_dags/example_sla_dag.py
[2024-01-08T19:02:23.543+0300] {processor.py:830} INFO - Processing file /usr/local/lib/python3.10/dist-packages/airflow/example_dags/example_sla_dag.py for tasks to queue
[2024-01-08T19:02:23.547+0300] {logging_mixin.py:188} INFO - [2024-01-08T19:02:23.546+0300] {dagbag.py:538} INFO - Filling up the DagBag from /usr/local/lib/python3.10/dist-packages/airflow/example_dags/example_sla_dag.py
[2024-01-08T19:02:23.572+0300] {processor.py:840} INFO - DAG(s) 'example_sla_dag' retrieved from /usr/local/lib/python3.10/dist-packages/airflow/example_dags/example_sla_dag.py
[2024-01-08T19:02:23.699+0300] {logging_mixin.py:188} INFO - [2024-01-08T19:02:23.698+0300] {dag.py:3033} INFO - Sync 1 DAGs
[2024-01-08T19:02:23.799+0300] {logging_mixin.py:188} INFO - [2024-01-08T19:02:23.799+0300] {dag.py:3820} INFO - Setting next_dagrun for example_sla_dag to 2024-01-08T16:00:00+00:00, run_after=2024-01-08T16:02:00+00:00
[2024-01-08T19:02:23.857+0300] {processor.py:183} INFO - Processing /usr/local/lib/python3.10/dist-packages/airflow/example_dags/example_sla_dag.py took 0.338 seconds
[2024-01-08T19:02:54.229+0300] {processor.py:161} INFO - Started process (PID=27743) to work on /usr/local/lib/python3.10/dist-packages/airflow/example_dags/example_sla_dag.py
[2024-01-08T19:02:54.250+0300] {processor.py:830} INFO - Processing file /usr/local/lib/python3.10/dist-packages/airflow/example_dags/example_sla_dag.py for tasks to queue
[2024-01-08T19:02:54.288+0300] {logging_mixin.py:188} INFO - [2024-01-08T19:02:54.280+0300] {dagbag.py:538} INFO - Filling up the DagBag from /usr/local/lib/python3.10/dist-packages/airflow/example_dags/example_sla_dag.py
[2024-01-08T19:02:54.541+0300] {processor.py:840} INFO - DAG(s) 'example_sla_dag' retrieved from /usr/local/lib/python3.10/dist-packages/airflow/example_dags/example_sla_dag.py
[2024-01-08T19:02:55.391+0300] {logging_mixin.py:188} INFO - [2024-01-08T19:02:55.391+0300] {dag.py:3033} INFO - Sync 1 DAGs
[2024-01-08T19:02:55.961+0300] {logging_mixin.py:188} INFO - [2024-01-08T19:02:55.961+0300] {dag.py:3820} INFO - Setting next_dagrun for example_sla_dag to 2024-01-08T16:00:00+00:00, run_after=2024-01-08T16:02:00+00:00
[2024-01-08T19:02:56.281+0300] {processor.py:183} INFO - Processing /usr/local/lib/python3.10/dist-packages/airflow/example_dags/example_sla_dag.py took 2.109 seconds
[2024-01-08T19:03:30.775+0300] {processor.py:161} INFO - Started process (PID=28129) to work on /usr/local/lib/python3.10/dist-packages/airflow/example_dags/example_sla_dag.py
[2024-01-08T19:03:30.778+0300] {processor.py:830} INFO - Processing file /usr/local/lib/python3.10/dist-packages/airflow/example_dags/example_sla_dag.py for tasks to queue
[2024-01-08T19:03:30.781+0300] {logging_mixin.py:188} INFO - [2024-01-08T19:03:30.780+0300] {dagbag.py:538} INFO - Filling up the DagBag from /usr/local/lib/python3.10/dist-packages/airflow/example_dags/example_sla_dag.py
[2024-01-08T19:03:30.833+0300] {processor.py:840} INFO - DAG(s) 'example_sla_dag' retrieved from /usr/local/lib/python3.10/dist-packages/airflow/example_dags/example_sla_dag.py
[2024-01-08T19:03:30.966+0300] {logging_mixin.py:188} INFO - [2024-01-08T19:03:30.965+0300] {dag.py:3033} INFO - Sync 1 DAGs
[2024-01-08T19:03:31.108+0300] {logging_mixin.py:188} INFO - [2024-01-08T19:03:31.107+0300] {dag.py:3820} INFO - Setting next_dagrun for example_sla_dag to 2024-01-08T16:00:00+00:00, run_after=2024-01-08T16:02:00+00:00
[2024-01-08T19:03:31.171+0300] {processor.py:183} INFO - Processing /usr/local/lib/python3.10/dist-packages/airflow/example_dags/example_sla_dag.py took 0.416 seconds
[2024-01-08T19:04:01.684+0300] {processor.py:161} INFO - Started process (PID=28513) to work on /usr/local/lib/python3.10/dist-packages/airflow/example_dags/example_sla_dag.py
[2024-01-08T19:04:01.689+0300] {processor.py:830} INFO - Processing file /usr/local/lib/python3.10/dist-packages/airflow/example_dags/example_sla_dag.py for tasks to queue
[2024-01-08T19:04:01.693+0300] {logging_mixin.py:188} INFO - [2024-01-08T19:04:01.692+0300] {dagbag.py:538} INFO - Filling up the DagBag from /usr/local/lib/python3.10/dist-packages/airflow/example_dags/example_sla_dag.py
[2024-01-08T19:04:01.744+0300] {processor.py:840} INFO - DAG(s) 'example_sla_dag' retrieved from /usr/local/lib/python3.10/dist-packages/airflow/example_dags/example_sla_dag.py
[2024-01-08T19:04:01.908+0300] {logging_mixin.py:188} INFO - [2024-01-08T19:04:01.908+0300] {dag.py:3033} INFO - Sync 1 DAGs
[2024-01-08T19:04:02.114+0300] {logging_mixin.py:188} INFO - [2024-01-08T19:04:02.113+0300] {dag.py:3820} INFO - Setting next_dagrun for example_sla_dag to 2024-01-08T16:02:00+00:00, run_after=2024-01-08T16:04:00+00:00
[2024-01-08T19:04:02.306+0300] {processor.py:183} INFO - Processing /usr/local/lib/python3.10/dist-packages/airflow/example_dags/example_sla_dag.py took 0.672 seconds
[2024-01-08T19:04:33.400+0300] {processor.py:161} INFO - Started process (PID=28860) to work on /usr/local/lib/python3.10/dist-packages/airflow/example_dags/example_sla_dag.py
[2024-01-08T19:04:33.404+0300] {processor.py:830} INFO - Processing file /usr/local/lib/python3.10/dist-packages/airflow/example_dags/example_sla_dag.py for tasks to queue
[2024-01-08T19:04:33.407+0300] {logging_mixin.py:188} INFO - [2024-01-08T19:04:33.406+0300] {dagbag.py:538} INFO - Filling up the DagBag from /usr/local/lib/python3.10/dist-packages/airflow/example_dags/example_sla_dag.py
[2024-01-08T19:04:33.451+0300] {processor.py:840} INFO - DAG(s) 'example_sla_dag' retrieved from /usr/local/lib/python3.10/dist-packages/airflow/example_dags/example_sla_dag.py
[2024-01-08T19:04:33.644+0300] {logging_mixin.py:188} INFO - [2024-01-08T19:04:33.643+0300] {dag.py:3033} INFO - Sync 1 DAGs
[2024-01-08T19:04:33.789+0300] {logging_mixin.py:188} INFO - [2024-01-08T19:04:33.788+0300] {dag.py:3820} INFO - Setting next_dagrun for example_sla_dag to 2024-01-08T16:02:00+00:00, run_after=2024-01-08T16:04:00+00:00
[2024-01-08T19:04:33.847+0300] {processor.py:183} INFO - Processing /usr/local/lib/python3.10/dist-packages/airflow/example_dags/example_sla_dag.py took 0.463 seconds
[2024-01-08T19:05:04.816+0300] {processor.py:161} INFO - Started process (PID=29299) to work on /usr/local/lib/python3.10/dist-packages/airflow/example_dags/example_sla_dag.py
[2024-01-08T19:05:04.818+0300] {processor.py:830} INFO - Processing file /usr/local/lib/python3.10/dist-packages/airflow/example_dags/example_sla_dag.py for tasks to queue
[2024-01-08T19:05:04.820+0300] {logging_mixin.py:188} INFO - [2024-01-08T19:05:04.820+0300] {dagbag.py:538} INFO - Filling up the DagBag from /usr/local/lib/python3.10/dist-packages/airflow/example_dags/example_sla_dag.py
[2024-01-08T19:05:04.852+0300] {processor.py:840} INFO - DAG(s) 'example_sla_dag' retrieved from /usr/local/lib/python3.10/dist-packages/airflow/example_dags/example_sla_dag.py
[2024-01-08T19:05:04.965+0300] {logging_mixin.py:188} INFO - [2024-01-08T19:05:04.965+0300] {dag.py:3033} INFO - Sync 1 DAGs
[2024-01-08T19:05:05.019+0300] {logging_mixin.py:188} INFO - [2024-01-08T19:05:05.019+0300] {dag.py:3820} INFO - Setting next_dagrun for example_sla_dag to 2024-01-08T16:02:00+00:00, run_after=2024-01-08T16:04:00+00:00
[2024-01-08T19:05:05.068+0300] {processor.py:183} INFO - Processing /usr/local/lib/python3.10/dist-packages/airflow/example_dags/example_sla_dag.py took 0.268 seconds
[2024-01-08T19:05:44.323+0300] {processor.py:161} INFO - Started process (PID=29706) to work on /usr/local/lib/python3.10/dist-packages/airflow/example_dags/example_sla_dag.py
[2024-01-08T19:05:44.330+0300] {processor.py:830} INFO - Processing file /usr/local/lib/python3.10/dist-packages/airflow/example_dags/example_sla_dag.py for tasks to queue
[2024-01-08T19:05:44.333+0300] {logging_mixin.py:188} INFO - [2024-01-08T19:05:44.332+0300] {dagbag.py:538} INFO - Filling up the DagBag from /usr/local/lib/python3.10/dist-packages/airflow/example_dags/example_sla_dag.py
[2024-01-08T19:05:44.404+0300] {processor.py:840} INFO - DAG(s) 'example_sla_dag' retrieved from /usr/local/lib/python3.10/dist-packages/airflow/example_dags/example_sla_dag.py
[2024-01-08T19:05:44.654+0300] {logging_mixin.py:188} INFO - [2024-01-08T19:05:44.653+0300] {dag.py:3033} INFO - Sync 1 DAGs
[2024-01-08T19:05:44.834+0300] {logging_mixin.py:188} INFO - [2024-01-08T19:05:44.833+0300] {dag.py:3820} INFO - Setting next_dagrun for example_sla_dag to 2024-01-08T16:02:00+00:00, run_after=2024-01-08T16:04:00+00:00
[2024-01-08T19:05:44.979+0300] {processor.py:183} INFO - Processing /usr/local/lib/python3.10/dist-packages/airflow/example_dags/example_sla_dag.py took 0.679 seconds
[2024-01-08T19:06:15.674+0300] {processor.py:161} INFO - Started process (PID=30078) to work on /usr/local/lib/python3.10/dist-packages/airflow/example_dags/example_sla_dag.py
[2024-01-08T19:06:15.706+0300] {processor.py:830} INFO - Processing file /usr/local/lib/python3.10/dist-packages/airflow/example_dags/example_sla_dag.py for tasks to queue
[2024-01-08T19:06:15.709+0300] {logging_mixin.py:188} INFO - [2024-01-08T19:06:15.708+0300] {dagbag.py:538} INFO - Filling up the DagBag from /usr/local/lib/python3.10/dist-packages/airflow/example_dags/example_sla_dag.py
[2024-01-08T19:06:15.847+0300] {processor.py:840} INFO - DAG(s) 'example_sla_dag' retrieved from /usr/local/lib/python3.10/dist-packages/airflow/example_dags/example_sla_dag.py
[2024-01-08T19:06:16.246+0300] {logging_mixin.py:188} INFO - [2024-01-08T19:06:16.242+0300] {dag.py:3033} INFO - Sync 1 DAGs
[2024-01-08T19:06:16.564+0300] {logging_mixin.py:188} INFO - [2024-01-08T19:06:16.564+0300] {dag.py:3820} INFO - Setting next_dagrun for example_sla_dag to 2024-01-08T16:04:00+00:00, run_after=2024-01-08T16:06:00+00:00
[2024-01-08T19:06:17.010+0300] {processor.py:183} INFO - Processing /usr/local/lib/python3.10/dist-packages/airflow/example_dags/example_sla_dag.py took 1.388 seconds
[2024-01-08T19:06:54.944+0300] {processor.py:161} INFO - Started process (PID=30427) to work on /usr/local/lib/python3.10/dist-packages/airflow/example_dags/example_sla_dag.py
[2024-01-08T19:06:54.962+0300] {processor.py:830} INFO - Processing file /usr/local/lib/python3.10/dist-packages/airflow/example_dags/example_sla_dag.py for tasks to queue
[2024-01-08T19:06:54.964+0300] {logging_mixin.py:188} INFO - [2024-01-08T19:06:54.963+0300] {dagbag.py:538} INFO - Filling up the DagBag from /usr/local/lib/python3.10/dist-packages/airflow/example_dags/example_sla_dag.py
[2024-01-08T19:06:55.099+0300] {processor.py:840} INFO - DAG(s) 'example_sla_dag' retrieved from /usr/local/lib/python3.10/dist-packages/airflow/example_dags/example_sla_dag.py
[2024-01-08T19:06:55.988+0300] {logging_mixin.py:188} INFO - [2024-01-08T19:06:55.987+0300] {dag.py:3033} INFO - Sync 1 DAGs
[2024-01-08T19:06:56.484+0300] {logging_mixin.py:188} INFO - [2024-01-08T19:06:56.483+0300] {dag.py:3820} INFO - Setting next_dagrun for example_sla_dag to 2024-01-08T16:04:00+00:00, run_after=2024-01-08T16:06:00+00:00
[2024-01-08T19:06:56.974+0300] {processor.py:183} INFO - Processing /usr/local/lib/python3.10/dist-packages/airflow/example_dags/example_sla_dag.py took 2.039 seconds
[2024-01-08T19:07:27.370+0300] {processor.py:161} INFO - Started process (PID=30821) to work on /usr/local/lib/python3.10/dist-packages/airflow/example_dags/example_sla_dag.py
[2024-01-08T19:07:27.379+0300] {processor.py:830} INFO - Processing file /usr/local/lib/python3.10/dist-packages/airflow/example_dags/example_sla_dag.py for tasks to queue
[2024-01-08T19:07:27.381+0300] {logging_mixin.py:188} INFO - [2024-01-08T19:07:27.380+0300] {dagbag.py:538} INFO - Filling up the DagBag from /usr/local/lib/python3.10/dist-packages/airflow/example_dags/example_sla_dag.py
[2024-01-08T19:07:27.424+0300] {processor.py:840} INFO - DAG(s) 'example_sla_dag' retrieved from /usr/local/lib/python3.10/dist-packages/airflow/example_dags/example_sla_dag.py
[2024-01-08T19:07:27.621+0300] {logging_mixin.py:188} INFO - [2024-01-08T19:07:27.618+0300] {dag.py:3033} INFO - Sync 1 DAGs
[2024-01-08T19:07:27.935+0300] {logging_mixin.py:188} INFO - [2024-01-08T19:07:27.935+0300] {dag.py:3820} INFO - Setting next_dagrun for example_sla_dag to 2024-01-08T16:04:00+00:00, run_after=2024-01-08T16:06:00+00:00
[2024-01-08T19:07:28.125+0300] {processor.py:183} INFO - Processing /usr/local/lib/python3.10/dist-packages/airflow/example_dags/example_sla_dag.py took 0.808 seconds
[2024-01-08T19:07:58.924+0300] {processor.py:161} INFO - Started process (PID=31223) to work on /usr/local/lib/python3.10/dist-packages/airflow/example_dags/example_sla_dag.py
[2024-01-08T19:07:58.926+0300] {processor.py:830} INFO - Processing file /usr/local/lib/python3.10/dist-packages/airflow/example_dags/example_sla_dag.py for tasks to queue
[2024-01-08T19:07:58.928+0300] {logging_mixin.py:188} INFO - [2024-01-08T19:07:58.927+0300] {dagbag.py:538} INFO - Filling up the DagBag from /usr/local/lib/python3.10/dist-packages/airflow/example_dags/example_sla_dag.py
[2024-01-08T19:07:58.961+0300] {processor.py:840} INFO - DAG(s) 'example_sla_dag' retrieved from /usr/local/lib/python3.10/dist-packages/airflow/example_dags/example_sla_dag.py
[2024-01-08T19:07:59.086+0300] {logging_mixin.py:188} INFO - [2024-01-08T19:07:59.086+0300] {dag.py:3033} INFO - Sync 1 DAGs
[2024-01-08T19:07:59.200+0300] {logging_mixin.py:188} INFO - [2024-01-08T19:07:59.199+0300] {dag.py:3820} INFO - Setting next_dagrun for example_sla_dag to 2024-01-08T16:04:00+00:00, run_after=2024-01-08T16:06:00+00:00
[2024-01-08T19:07:59.306+0300] {processor.py:183} INFO - Processing /usr/local/lib/python3.10/dist-packages/airflow/example_dags/example_sla_dag.py took 0.393 seconds
[2024-01-08T19:08:29.494+0300] {processor.py:161} INFO - Started process (PID=31539) to work on /usr/local/lib/python3.10/dist-packages/airflow/example_dags/example_sla_dag.py
[2024-01-08T19:08:29.497+0300] {processor.py:830} INFO - Processing file /usr/local/lib/python3.10/dist-packages/airflow/example_dags/example_sla_dag.py for tasks to queue
[2024-01-08T19:08:29.500+0300] {logging_mixin.py:188} INFO - [2024-01-08T19:08:29.499+0300] {dagbag.py:538} INFO - Filling up the DagBag from /usr/local/lib/python3.10/dist-packages/airflow/example_dags/example_sla_dag.py
[2024-01-08T19:08:29.529+0300] {processor.py:840} INFO - DAG(s) 'example_sla_dag' retrieved from /usr/local/lib/python3.10/dist-packages/airflow/example_dags/example_sla_dag.py
[2024-01-08T19:08:29.626+0300] {logging_mixin.py:188} INFO - [2024-01-08T19:08:29.626+0300] {dag.py:3033} INFO - Sync 1 DAGs
[2024-01-08T19:08:29.679+0300] {logging_mixin.py:188} INFO - [2024-01-08T19:08:29.678+0300] {dag.py:3820} INFO - Setting next_dagrun for example_sla_dag to 2024-01-08T16:06:00+00:00, run_after=2024-01-08T16:08:00+00:00
[2024-01-08T19:08:29.728+0300] {processor.py:183} INFO - Processing /usr/local/lib/python3.10/dist-packages/airflow/example_dags/example_sla_dag.py took 0.244 seconds
[2024-01-08T19:09:03.274+0300] {processor.py:161} INFO - Started process (PID=31879) to work on /usr/local/lib/python3.10/dist-packages/airflow/example_dags/example_sla_dag.py
[2024-01-08T19:09:03.281+0300] {processor.py:830} INFO - Processing file /usr/local/lib/python3.10/dist-packages/airflow/example_dags/example_sla_dag.py for tasks to queue
[2024-01-08T19:09:03.283+0300] {logging_mixin.py:188} INFO - [2024-01-08T19:09:03.282+0300] {dagbag.py:538} INFO - Filling up the DagBag from /usr/local/lib/python3.10/dist-packages/airflow/example_dags/example_sla_dag.py
[2024-01-08T19:09:03.373+0300] {processor.py:840} INFO - DAG(s) 'example_sla_dag' retrieved from /usr/local/lib/python3.10/dist-packages/airflow/example_dags/example_sla_dag.py
[2024-01-08T19:09:03.581+0300] {logging_mixin.py:188} INFO - [2024-01-08T19:09:03.581+0300] {dag.py:3033} INFO - Sync 1 DAGs
[2024-01-08T19:09:03.644+0300] {logging_mixin.py:188} INFO - [2024-01-08T19:09:03.644+0300] {dag.py:3820} INFO - Setting next_dagrun for example_sla_dag to 2024-01-08T16:06:00+00:00, run_after=2024-01-08T16:08:00+00:00
[2024-01-08T19:09:03.710+0300] {processor.py:183} INFO - Processing /usr/local/lib/python3.10/dist-packages/airflow/example_dags/example_sla_dag.py took 0.461 seconds
[2024-01-08T19:09:37.471+0300] {processor.py:161} INFO - Started process (PID=32239) to work on /usr/local/lib/python3.10/dist-packages/airflow/example_dags/example_sla_dag.py
[2024-01-08T19:09:37.477+0300] {processor.py:830} INFO - Processing file /usr/local/lib/python3.10/dist-packages/airflow/example_dags/example_sla_dag.py for tasks to queue
[2024-01-08T19:09:37.483+0300] {logging_mixin.py:188} INFO - [2024-01-08T19:09:37.482+0300] {dagbag.py:538} INFO - Filling up the DagBag from /usr/local/lib/python3.10/dist-packages/airflow/example_dags/example_sla_dag.py
[2024-01-08T19:09:37.544+0300] {processor.py:840} INFO - DAG(s) 'example_sla_dag' retrieved from /usr/local/lib/python3.10/dist-packages/airflow/example_dags/example_sla_dag.py
[2024-01-08T19:09:38.052+0300] {logging_mixin.py:188} INFO - [2024-01-08T19:09:38.051+0300] {dag.py:3033} INFO - Sync 1 DAGs
[2024-01-08T19:09:38.372+0300] {logging_mixin.py:188} INFO - [2024-01-08T19:09:38.371+0300] {dag.py:3820} INFO - Setting next_dagrun for example_sla_dag to 2024-01-08T16:06:00+00:00, run_after=2024-01-08T16:08:00+00:00
[2024-01-08T19:09:38.643+0300] {processor.py:183} INFO - Processing /usr/local/lib/python3.10/dist-packages/airflow/example_dags/example_sla_dag.py took 1.188 seconds
[2024-01-08T19:10:09.007+0300] {processor.py:161} INFO - Started process (PID=32594) to work on /usr/local/lib/python3.10/dist-packages/airflow/example_dags/example_sla_dag.py
[2024-01-08T19:10:09.010+0300] {processor.py:830} INFO - Processing file /usr/local/lib/python3.10/dist-packages/airflow/example_dags/example_sla_dag.py for tasks to queue
[2024-01-08T19:10:09.038+0300] {logging_mixin.py:188} INFO - [2024-01-08T19:10:09.037+0300] {dagbag.py:538} INFO - Filling up the DagBag from /usr/local/lib/python3.10/dist-packages/airflow/example_dags/example_sla_dag.py
[2024-01-08T19:10:09.218+0300] {processor.py:840} INFO - DAG(s) 'example_sla_dag' retrieved from /usr/local/lib/python3.10/dist-packages/airflow/example_dags/example_sla_dag.py
[2024-01-08T19:10:09.626+0300] {logging_mixin.py:188} INFO - [2024-01-08T19:10:09.625+0300] {dag.py:3033} INFO - Sync 1 DAGs
[2024-01-08T19:10:09.741+0300] {logging_mixin.py:188} INFO - [2024-01-08T19:10:09.741+0300] {dag.py:3820} INFO - Setting next_dagrun for example_sla_dag to 2024-01-08T16:08:00+00:00, run_after=2024-01-08T16:10:00+00:00
[2024-01-08T19:10:09.897+0300] {processor.py:183} INFO - Processing /usr/local/lib/python3.10/dist-packages/airflow/example_dags/example_sla_dag.py took 0.981 seconds
[2024-01-08T19:10:55.849+0300] {processor.py:161} INFO - Started process (PID=33015) to work on /usr/local/lib/python3.10/dist-packages/airflow/example_dags/example_sla_dag.py
[2024-01-08T19:10:55.864+0300] {processor.py:830} INFO - Processing file /usr/local/lib/python3.10/dist-packages/airflow/example_dags/example_sla_dag.py for tasks to queue
[2024-01-08T19:10:55.871+0300] {logging_mixin.py:188} INFO - [2024-01-08T19:10:55.866+0300] {dagbag.py:538} INFO - Filling up the DagBag from /usr/local/lib/python3.10/dist-packages/airflow/example_dags/example_sla_dag.py
[2024-01-08T19:10:56.086+0300] {processor.py:840} INFO - DAG(s) 'example_sla_dag' retrieved from /usr/local/lib/python3.10/dist-packages/airflow/example_dags/example_sla_dag.py
[2024-01-08T19:10:56.396+0300] {logging_mixin.py:188} INFO - [2024-01-08T19:10:56.393+0300] {dag.py:3033} INFO - Sync 1 DAGs
[2024-01-08T19:10:58.328+0300] {logging_mixin.py:188} INFO - [2024-01-08T19:10:58.327+0300] {dag.py:3820} INFO - Setting next_dagrun for example_sla_dag to 2024-01-08T16:08:00+00:00, run_after=2024-01-08T16:10:00+00:00
[2024-01-08T19:10:58.425+0300] {processor.py:183} INFO - Processing /usr/local/lib/python3.10/dist-packages/airflow/example_dags/example_sla_dag.py took 2.736 seconds
[2024-01-08T19:11:30.346+0300] {processor.py:161} INFO - Started process (PID=33398) to work on /usr/local/lib/python3.10/dist-packages/airflow/example_dags/example_sla_dag.py
[2024-01-08T19:11:30.379+0300] {processor.py:830} INFO - Processing file /usr/local/lib/python3.10/dist-packages/airflow/example_dags/example_sla_dag.py for tasks to queue
[2024-01-08T19:11:30.381+0300] {logging_mixin.py:188} INFO - [2024-01-08T19:11:30.380+0300] {dagbag.py:538} INFO - Filling up the DagBag from /usr/local/lib/python3.10/dist-packages/airflow/example_dags/example_sla_dag.py
[2024-01-08T19:11:30.606+0300] {processor.py:840} INFO - DAG(s) 'example_sla_dag' retrieved from /usr/local/lib/python3.10/dist-packages/airflow/example_dags/example_sla_dag.py
[2024-01-08T19:11:31.181+0300] {logging_mixin.py:188} INFO - [2024-01-08T19:11:31.153+0300] {dag.py:3033} INFO - Sync 1 DAGs
[2024-01-08T19:11:31.872+0300] {logging_mixin.py:188} INFO - [2024-01-08T19:11:31.860+0300] {dag.py:3820} INFO - Setting next_dagrun for example_sla_dag to 2024-01-08T16:08:00+00:00, run_after=2024-01-08T16:10:00+00:00
[2024-01-08T19:11:32.100+0300] {processor.py:183} INFO - Processing /usr/local/lib/python3.10/dist-packages/airflow/example_dags/example_sla_dag.py took 1.931 seconds
[2024-01-08T19:12:09.213+0300] {processor.py:161} INFO - Started process (PID=33842) to work on /usr/local/lib/python3.10/dist-packages/airflow/example_dags/example_sla_dag.py
[2024-01-08T19:12:09.222+0300] {processor.py:830} INFO - Processing file /usr/local/lib/python3.10/dist-packages/airflow/example_dags/example_sla_dag.py for tasks to queue
[2024-01-08T19:12:09.225+0300] {logging_mixin.py:188} INFO - [2024-01-08T19:12:09.224+0300] {dagbag.py:538} INFO - Filling up the DagBag from /usr/local/lib/python3.10/dist-packages/airflow/example_dags/example_sla_dag.py
[2024-01-08T19:12:09.265+0300] {processor.py:840} INFO - DAG(s) 'example_sla_dag' retrieved from /usr/local/lib/python3.10/dist-packages/airflow/example_dags/example_sla_dag.py
[2024-01-08T19:12:09.377+0300] {logging_mixin.py:188} INFO - [2024-01-08T19:12:09.377+0300] {dag.py:3033} INFO - Sync 1 DAGs
[2024-01-08T19:12:09.459+0300] {logging_mixin.py:188} INFO - [2024-01-08T19:12:09.458+0300] {dag.py:3820} INFO - Setting next_dagrun for example_sla_dag to 2024-01-08T16:10:00+00:00, run_after=2024-01-08T16:12:00+00:00
[2024-01-08T19:12:09.520+0300] {processor.py:183} INFO - Processing /usr/local/lib/python3.10/dist-packages/airflow/example_dags/example_sla_dag.py took 0.322 seconds
