[2024-01-08T17:37:26.287+0300] {processor.py:161} INFO - Started process (PID=5684) to work on /usr/local/lib/python3.10/dist-packages/airflow/example_dags/example_complex.py
[2024-01-08T17:37:26.289+0300] {processor.py:830} INFO - Processing file /usr/local/lib/python3.10/dist-packages/airflow/example_dags/example_complex.py for tasks to queue
[2024-01-08T17:37:26.296+0300] {logging_mixin.py:188} INFO - [2024-01-08T17:37:26.292+0300] {dagbag.py:538} INFO - Filling up the DagBag from /usr/local/lib/python3.10/dist-packages/airflow/example_dags/example_complex.py
[2024-01-08T17:37:26.336+0300] {processor.py:840} INFO - DAG(s) 'example_complex' retrieved from /usr/local/lib/python3.10/dist-packages/airflow/example_dags/example_complex.py
[2024-01-08T17:37:26.505+0300] {logging_mixin.py:188} INFO - [2024-01-08T17:37:26.504+0300] {dag.py:3033} INFO - Sync 1 DAGs
[2024-01-08T17:37:26.532+0300] {logging_mixin.py:188} INFO - [2024-01-08T17:37:26.531+0300] {dag.py:3820} INFO - Setting next_dagrun for example_complex to None, run_after=None
[2024-01-08T17:37:26.587+0300] {processor.py:183} INFO - Processing /usr/local/lib/python3.10/dist-packages/airflow/example_dags/example_complex.py took 0.314 seconds
[2024-01-08T17:37:57.430+0300] {processor.py:161} INFO - Started process (PID=6030) to work on /usr/local/lib/python3.10/dist-packages/airflow/example_dags/example_complex.py
[2024-01-08T17:37:57.433+0300] {processor.py:830} INFO - Processing file /usr/local/lib/python3.10/dist-packages/airflow/example_dags/example_complex.py for tasks to queue
[2024-01-08T17:37:57.435+0300] {logging_mixin.py:188} INFO - [2024-01-08T17:37:57.435+0300] {dagbag.py:538} INFO - Filling up the DagBag from /usr/local/lib/python3.10/dist-packages/airflow/example_dags/example_complex.py
[2024-01-08T17:37:57.495+0300] {processor.py:840} INFO - DAG(s) 'example_complex' retrieved from /usr/local/lib/python3.10/dist-packages/airflow/example_dags/example_complex.py
[2024-01-08T17:37:57.715+0300] {logging_mixin.py:188} INFO - [2024-01-08T17:37:57.713+0300] {dag.py:3033} INFO - Sync 1 DAGs
[2024-01-08T17:37:57.779+0300] {logging_mixin.py:188} INFO - [2024-01-08T17:37:57.778+0300] {dag.py:3820} INFO - Setting next_dagrun for example_complex to None, run_after=None
[2024-01-08T17:37:57.853+0300] {processor.py:183} INFO - Processing /usr/local/lib/python3.10/dist-packages/airflow/example_dags/example_complex.py took 0.437 seconds
[2024-01-08T17:38:28.252+0300] {processor.py:161} INFO - Started process (PID=6348) to work on /usr/local/lib/python3.10/dist-packages/airflow/example_dags/example_complex.py
[2024-01-08T17:38:28.255+0300] {processor.py:830} INFO - Processing file /usr/local/lib/python3.10/dist-packages/airflow/example_dags/example_complex.py for tasks to queue
[2024-01-08T17:38:28.257+0300] {logging_mixin.py:188} INFO - [2024-01-08T17:38:28.256+0300] {dagbag.py:538} INFO - Filling up the DagBag from /usr/local/lib/python3.10/dist-packages/airflow/example_dags/example_complex.py
[2024-01-08T17:38:28.290+0300] {processor.py:840} INFO - DAG(s) 'example_complex' retrieved from /usr/local/lib/python3.10/dist-packages/airflow/example_dags/example_complex.py
[2024-01-08T17:38:28.468+0300] {logging_mixin.py:188} INFO - [2024-01-08T17:38:28.468+0300] {dag.py:3033} INFO - Sync 1 DAGs
[2024-01-08T17:38:28.509+0300] {logging_mixin.py:188} INFO - [2024-01-08T17:38:28.509+0300] {dag.py:3820} INFO - Setting next_dagrun for example_complex to None, run_after=None
[2024-01-08T17:38:28.576+0300] {processor.py:183} INFO - Processing /usr/local/lib/python3.10/dist-packages/airflow/example_dags/example_complex.py took 0.336 seconds
[2024-01-08T18:15:25.519+0300] {processor.py:161} INFO - Started process (PID=7620) to work on /usr/local/lib/python3.10/dist-packages/airflow/example_dags/example_complex.py
[2024-01-08T18:15:25.522+0300] {processor.py:830} INFO - Processing file /usr/local/lib/python3.10/dist-packages/airflow/example_dags/example_complex.py for tasks to queue
[2024-01-08T18:15:25.524+0300] {logging_mixin.py:188} INFO - [2024-01-08T18:15:25.523+0300] {dagbag.py:538} INFO - Filling up the DagBag from /usr/local/lib/python3.10/dist-packages/airflow/example_dags/example_complex.py
[2024-01-08T18:15:25.598+0300] {processor.py:840} INFO - DAG(s) 'example_complex' retrieved from /usr/local/lib/python3.10/dist-packages/airflow/example_dags/example_complex.py
[2024-01-08T18:15:25.762+0300] {logging_mixin.py:188} INFO - [2024-01-08T18:15:25.762+0300] {dag.py:3033} INFO - Sync 1 DAGs
[2024-01-08T18:15:25.792+0300] {logging_mixin.py:188} INFO - [2024-01-08T18:15:25.792+0300] {dag.py:3820} INFO - Setting next_dagrun for example_complex to None, run_after=None
[2024-01-08T18:15:25.847+0300] {processor.py:183} INFO - Processing /usr/local/lib/python3.10/dist-packages/airflow/example_dags/example_complex.py took 0.339 seconds
[2024-01-08T18:15:58.117+0300] {processor.py:161} INFO - Started process (PID=7961) to work on /usr/local/lib/python3.10/dist-packages/airflow/example_dags/example_complex.py
[2024-01-08T18:15:58.121+0300] {processor.py:830} INFO - Processing file /usr/local/lib/python3.10/dist-packages/airflow/example_dags/example_complex.py for tasks to queue
[2024-01-08T18:15:58.123+0300] {logging_mixin.py:188} INFO - [2024-01-08T18:15:58.122+0300] {dagbag.py:538} INFO - Filling up the DagBag from /usr/local/lib/python3.10/dist-packages/airflow/example_dags/example_complex.py
[2024-01-08T18:15:58.153+0300] {processor.py:840} INFO - DAG(s) 'example_complex' retrieved from /usr/local/lib/python3.10/dist-packages/airflow/example_dags/example_complex.py
[2024-01-08T18:15:58.284+0300] {logging_mixin.py:188} INFO - [2024-01-08T18:15:58.284+0300] {dag.py:3033} INFO - Sync 1 DAGs
[2024-01-08T18:15:58.312+0300] {logging_mixin.py:188} INFO - [2024-01-08T18:15:58.311+0300] {dag.py:3820} INFO - Setting next_dagrun for example_complex to None, run_after=None
[2024-01-08T18:15:58.376+0300] {processor.py:183} INFO - Processing /usr/local/lib/python3.10/dist-packages/airflow/example_dags/example_complex.py took 0.271 seconds
[2024-01-08T18:31:13.131+0300] {processor.py:161} INFO - Started process (PID=9243) to work on /usr/local/lib/python3.10/dist-packages/airflow/example_dags/example_complex.py
[2024-01-08T18:31:13.256+0300] {processor.py:830} INFO - Processing file /usr/local/lib/python3.10/dist-packages/airflow/example_dags/example_complex.py for tasks to queue
[2024-01-08T18:31:13.282+0300] {logging_mixin.py:188} INFO - [2024-01-08T18:31:13.281+0300] {dagbag.py:538} INFO - Filling up the DagBag from /usr/local/lib/python3.10/dist-packages/airflow/example_dags/example_complex.py
[2024-01-08T18:31:13.534+0300] {processor.py:840} INFO - DAG(s) 'example_complex' retrieved from /usr/local/lib/python3.10/dist-packages/airflow/example_dags/example_complex.py
[2024-01-08T18:31:15.327+0300] {logging_mixin.py:188} INFO - [2024-01-08T18:31:15.306+0300] {dag.py:3033} INFO - Sync 1 DAGs
[2024-01-08T18:31:16.402+0300] {logging_mixin.py:188} INFO - [2024-01-08T18:31:16.402+0300] {dag.py:3820} INFO - Setting next_dagrun for example_complex to None, run_after=None
[2024-01-08T18:31:19.559+0300] {processor.py:183} INFO - Processing /usr/local/lib/python3.10/dist-packages/airflow/example_dags/example_complex.py took 6.503 seconds
[2024-01-08T18:36:21.300+0300] {processor.py:161} INFO - Started process (PID=11257) to work on /usr/local/lib/python3.10/dist-packages/airflow/example_dags/example_complex.py
[2024-01-08T18:36:21.882+0300] {processor.py:830} INFO - Processing file /usr/local/lib/python3.10/dist-packages/airflow/example_dags/example_complex.py for tasks to queue
[2024-01-08T18:36:21.885+0300] {logging_mixin.py:188} INFO - [2024-01-08T18:36:21.884+0300] {dagbag.py:538} INFO - Filling up the DagBag from /usr/local/lib/python3.10/dist-packages/airflow/example_dags/example_complex.py
[2024-01-08T18:36:26.286+0300] {processor.py:840} INFO - DAG(s) 'example_complex' retrieved from /usr/local/lib/python3.10/dist-packages/airflow/example_dags/example_complex.py
[2024-01-08T18:36:33.195+0300] {logging_mixin.py:188} INFO - [2024-01-08T18:36:33.194+0300] {dag.py:3033} INFO - Sync 1 DAGs
[2024-01-08T18:36:34.336+0300] {logging_mixin.py:188} INFO - [2024-01-08T18:36:34.335+0300] {dag.py:3820} INFO - Setting next_dagrun for example_complex to None, run_after=None
[2024-01-08T18:36:35.566+0300] {processor.py:183} INFO - Processing /usr/local/lib/python3.10/dist-packages/airflow/example_dags/example_complex.py took 14.560 seconds
[2024-01-08T18:39:23.823+0300] {processor.py:161} INFO - Started process (PID=12502) to work on /usr/local/lib/python3.10/dist-packages/airflow/example_dags/example_complex.py
[2024-01-08T18:39:23.865+0300] {processor.py:830} INFO - Processing file /usr/local/lib/python3.10/dist-packages/airflow/example_dags/example_complex.py for tasks to queue
[2024-01-08T18:39:23.895+0300] {logging_mixin.py:188} INFO - [2024-01-08T18:39:23.894+0300] {dagbag.py:538} INFO - Filling up the DagBag from /usr/local/lib/python3.10/dist-packages/airflow/example_dags/example_complex.py
[2024-01-08T18:39:24.870+0300] {processor.py:840} INFO - DAG(s) 'example_complex' retrieved from /usr/local/lib/python3.10/dist-packages/airflow/example_dags/example_complex.py
[2024-01-08T18:39:28.376+0300] {logging_mixin.py:188} INFO - [2024-01-08T18:39:28.370+0300] {dag.py:3033} INFO - Sync 1 DAGs
[2024-01-08T18:39:29.628+0300] {logging_mixin.py:188} INFO - [2024-01-08T18:39:29.628+0300] {dag.py:3820} INFO - Setting next_dagrun for example_complex to None, run_after=None
[2024-01-08T18:39:32.102+0300] {processor.py:183} INFO - Processing /usr/local/lib/python3.10/dist-packages/airflow/example_dags/example_complex.py took 8.953 seconds
[2024-01-08T18:41:42.523+0300] {processor.py:161} INFO - Started process (PID=13597) to work on /usr/local/lib/python3.10/dist-packages/airflow/example_dags/example_complex.py
[2024-01-08T18:41:42.565+0300] {processor.py:830} INFO - Processing file /usr/local/lib/python3.10/dist-packages/airflow/example_dags/example_complex.py for tasks to queue
[2024-01-08T18:41:42.567+0300] {logging_mixin.py:188} INFO - [2024-01-08T18:41:42.566+0300] {dagbag.py:538} INFO - Filling up the DagBag from /usr/local/lib/python3.10/dist-packages/airflow/example_dags/example_complex.py
[2024-01-08T18:41:42.834+0300] {processor.py:840} INFO - DAG(s) 'example_complex' retrieved from /usr/local/lib/python3.10/dist-packages/airflow/example_dags/example_complex.py
[2024-01-08T18:41:43.270+0300] {logging_mixin.py:188} INFO - [2024-01-08T18:41:43.270+0300] {dag.py:3033} INFO - Sync 1 DAGs
[2024-01-08T18:41:43.576+0300] {logging_mixin.py:188} INFO - [2024-01-08T18:41:43.575+0300] {dag.py:3820} INFO - Setting next_dagrun for example_complex to None, run_after=None
[2024-01-08T18:41:43.884+0300] {processor.py:183} INFO - Processing /usr/local/lib/python3.10/dist-packages/airflow/example_dags/example_complex.py took 1.580 seconds
[2024-01-08T18:42:17.582+0300] {processor.py:161} INFO - Started process (PID=14060) to work on /usr/local/lib/python3.10/dist-packages/airflow/example_dags/example_complex.py
[2024-01-08T18:42:17.585+0300] {processor.py:830} INFO - Processing file /usr/local/lib/python3.10/dist-packages/airflow/example_dags/example_complex.py for tasks to queue
[2024-01-08T18:42:17.587+0300] {logging_mixin.py:188} INFO - [2024-01-08T18:42:17.586+0300] {dagbag.py:538} INFO - Filling up the DagBag from /usr/local/lib/python3.10/dist-packages/airflow/example_dags/example_complex.py
[2024-01-08T18:42:17.644+0300] {processor.py:840} INFO - DAG(s) 'example_complex' retrieved from /usr/local/lib/python3.10/dist-packages/airflow/example_dags/example_complex.py
[2024-01-08T18:42:17.919+0300] {logging_mixin.py:188} INFO - [2024-01-08T18:42:17.919+0300] {dag.py:3033} INFO - Sync 1 DAGs
[2024-01-08T18:42:17.995+0300] {logging_mixin.py:188} INFO - [2024-01-08T18:42:17.995+0300] {dag.py:3820} INFO - Setting next_dagrun for example_complex to None, run_after=None
[2024-01-08T18:42:18.066+0300] {processor.py:183} INFO - Processing /usr/local/lib/python3.10/dist-packages/airflow/example_dags/example_complex.py took 0.507 seconds
[2024-01-08T18:43:06.304+0300] {processor.py:161} INFO - Started process (PID=14588) to work on /usr/local/lib/python3.10/dist-packages/airflow/example_dags/example_complex.py
[2024-01-08T18:43:06.308+0300] {processor.py:830} INFO - Processing file /usr/local/lib/python3.10/dist-packages/airflow/example_dags/example_complex.py for tasks to queue
[2024-01-08T18:43:06.311+0300] {logging_mixin.py:188} INFO - [2024-01-08T18:43:06.309+0300] {dagbag.py:538} INFO - Filling up the DagBag from /usr/local/lib/python3.10/dist-packages/airflow/example_dags/example_complex.py
[2024-01-08T18:43:06.359+0300] {processor.py:840} INFO - DAG(s) 'example_complex' retrieved from /usr/local/lib/python3.10/dist-packages/airflow/example_dags/example_complex.py
[2024-01-08T18:43:06.655+0300] {logging_mixin.py:188} INFO - [2024-01-08T18:43:06.646+0300] {dag.py:3033} INFO - Sync 1 DAGs
[2024-01-08T18:43:06.735+0300] {logging_mixin.py:188} INFO - [2024-01-08T18:43:06.734+0300] {dag.py:3820} INFO - Setting next_dagrun for example_complex to None, run_after=None
[2024-01-08T18:43:06.806+0300] {processor.py:183} INFO - Processing /usr/local/lib/python3.10/dist-packages/airflow/example_dags/example_complex.py took 0.519 seconds
[2024-01-08T18:43:37.749+0300] {processor.py:161} INFO - Started process (PID=14905) to work on /usr/local/lib/python3.10/dist-packages/airflow/example_dags/example_complex.py
[2024-01-08T18:43:37.752+0300] {processor.py:830} INFO - Processing file /usr/local/lib/python3.10/dist-packages/airflow/example_dags/example_complex.py for tasks to queue
[2024-01-08T18:43:37.756+0300] {logging_mixin.py:188} INFO - [2024-01-08T18:43:37.754+0300] {dagbag.py:538} INFO - Filling up the DagBag from /usr/local/lib/python3.10/dist-packages/airflow/example_dags/example_complex.py
[2024-01-08T18:43:37.789+0300] {processor.py:840} INFO - DAG(s) 'example_complex' retrieved from /usr/local/lib/python3.10/dist-packages/airflow/example_dags/example_complex.py
[2024-01-08T18:43:37.958+0300] {logging_mixin.py:188} INFO - [2024-01-08T18:43:37.957+0300] {dag.py:3033} INFO - Sync 1 DAGs
[2024-01-08T18:43:38.010+0300] {logging_mixin.py:188} INFO - [2024-01-08T18:43:38.009+0300] {dag.py:3820} INFO - Setting next_dagrun for example_complex to None, run_after=None
[2024-01-08T18:43:38.064+0300] {processor.py:183} INFO - Processing /usr/local/lib/python3.10/dist-packages/airflow/example_dags/example_complex.py took 0.335 seconds
[2024-01-08T18:44:08.511+0300] {processor.py:161} INFO - Started process (PID=15225) to work on /usr/local/lib/python3.10/dist-packages/airflow/example_dags/example_complex.py
[2024-01-08T18:44:08.514+0300] {processor.py:830} INFO - Processing file /usr/local/lib/python3.10/dist-packages/airflow/example_dags/example_complex.py for tasks to queue
[2024-01-08T18:44:08.517+0300] {logging_mixin.py:188} INFO - [2024-01-08T18:44:08.516+0300] {dagbag.py:538} INFO - Filling up the DagBag from /usr/local/lib/python3.10/dist-packages/airflow/example_dags/example_complex.py
[2024-01-08T18:44:08.575+0300] {processor.py:840} INFO - DAG(s) 'example_complex' retrieved from /usr/local/lib/python3.10/dist-packages/airflow/example_dags/example_complex.py
[2024-01-08T18:44:08.730+0300] {logging_mixin.py:188} INFO - [2024-01-08T18:44:08.730+0300] {dag.py:3033} INFO - Sync 1 DAGs
[2024-01-08T18:44:08.760+0300] {logging_mixin.py:188} INFO - [2024-01-08T18:44:08.760+0300] {dag.py:3820} INFO - Setting next_dagrun for example_complex to None, run_after=None
[2024-01-08T18:44:08.809+0300] {processor.py:183} INFO - Processing /usr/local/lib/python3.10/dist-packages/airflow/example_dags/example_complex.py took 0.314 seconds
[2024-01-08T18:44:41.653+0300] {processor.py:161} INFO - Started process (PID=15567) to work on /usr/local/lib/python3.10/dist-packages/airflow/example_dags/example_complex.py
[2024-01-08T18:44:41.656+0300] {processor.py:830} INFO - Processing file /usr/local/lib/python3.10/dist-packages/airflow/example_dags/example_complex.py for tasks to queue
[2024-01-08T18:44:41.662+0300] {logging_mixin.py:188} INFO - [2024-01-08T18:44:41.657+0300] {dagbag.py:538} INFO - Filling up the DagBag from /usr/local/lib/python3.10/dist-packages/airflow/example_dags/example_complex.py
[2024-01-08T18:44:41.734+0300] {processor.py:840} INFO - DAG(s) 'example_complex' retrieved from /usr/local/lib/python3.10/dist-packages/airflow/example_dags/example_complex.py
[2024-01-08T18:44:42.062+0300] {logging_mixin.py:188} INFO - [2024-01-08T18:44:42.055+0300] {dag.py:3033} INFO - Sync 1 DAGs
[2024-01-08T18:44:42.131+0300] {logging_mixin.py:188} INFO - [2024-01-08T18:44:42.130+0300] {dag.py:3820} INFO - Setting next_dagrun for example_complex to None, run_after=None
[2024-01-08T18:44:42.214+0300] {processor.py:183} INFO - Processing /usr/local/lib/python3.10/dist-packages/airflow/example_dags/example_complex.py took 0.571 seconds
[2024-01-08T18:45:14.885+0300] {processor.py:161} INFO - Started process (PID=15953) to work on /usr/local/lib/python3.10/dist-packages/airflow/example_dags/example_complex.py
[2024-01-08T18:45:14.890+0300] {processor.py:830} INFO - Processing file /usr/local/lib/python3.10/dist-packages/airflow/example_dags/example_complex.py for tasks to queue
[2024-01-08T18:45:14.891+0300] {logging_mixin.py:188} INFO - [2024-01-08T18:45:14.891+0300] {dagbag.py:538} INFO - Filling up the DagBag from /usr/local/lib/python3.10/dist-packages/airflow/example_dags/example_complex.py
[2024-01-08T18:45:14.918+0300] {processor.py:840} INFO - DAG(s) 'example_complex' retrieved from /usr/local/lib/python3.10/dist-packages/airflow/example_dags/example_complex.py
[2024-01-08T18:45:15.098+0300] {logging_mixin.py:188} INFO - [2024-01-08T18:45:15.097+0300] {dag.py:3033} INFO - Sync 1 DAGs
[2024-01-08T18:45:15.200+0300] {logging_mixin.py:188} INFO - [2024-01-08T18:45:15.187+0300] {dag.py:3820} INFO - Setting next_dagrun for example_complex to None, run_after=None
[2024-01-08T18:45:15.288+0300] {processor.py:183} INFO - Processing /usr/local/lib/python3.10/dist-packages/airflow/example_dags/example_complex.py took 0.419 seconds
[2024-01-08T18:46:02.014+0300] {processor.py:161} INFO - Started process (PID=16451) to work on /usr/local/lib/python3.10/dist-packages/airflow/example_dags/example_complex.py
[2024-01-08T18:46:02.030+0300] {processor.py:830} INFO - Processing file /usr/local/lib/python3.10/dist-packages/airflow/example_dags/example_complex.py for tasks to queue
[2024-01-08T18:46:02.058+0300] {logging_mixin.py:188} INFO - [2024-01-08T18:46:02.056+0300] {dagbag.py:538} INFO - Filling up the DagBag from /usr/local/lib/python3.10/dist-packages/airflow/example_dags/example_complex.py
[2024-01-08T18:46:02.204+0300] {processor.py:840} INFO - DAG(s) 'example_complex' retrieved from /usr/local/lib/python3.10/dist-packages/airflow/example_dags/example_complex.py
[2024-01-08T18:46:02.947+0300] {logging_mixin.py:188} INFO - [2024-01-08T18:46:02.947+0300] {dag.py:3033} INFO - Sync 1 DAGs
[2024-01-08T18:46:03.143+0300] {logging_mixin.py:188} INFO - [2024-01-08T18:46:03.142+0300] {dag.py:3820} INFO - Setting next_dagrun for example_complex to None, run_after=None
[2024-01-08T18:46:03.455+0300] {processor.py:183} INFO - Processing /usr/local/lib/python3.10/dist-packages/airflow/example_dags/example_complex.py took 1.519 seconds
[2024-01-08T18:46:48.248+0300] {processor.py:161} INFO - Started process (PID=16975) to work on /usr/local/lib/python3.10/dist-packages/airflow/example_dags/example_complex.py
[2024-01-08T18:46:48.251+0300] {processor.py:830} INFO - Processing file /usr/local/lib/python3.10/dist-packages/airflow/example_dags/example_complex.py for tasks to queue
[2024-01-08T18:46:48.259+0300] {logging_mixin.py:188} INFO - [2024-01-08T18:46:48.258+0300] {dagbag.py:538} INFO - Filling up the DagBag from /usr/local/lib/python3.10/dist-packages/airflow/example_dags/example_complex.py
[2024-01-08T18:46:48.322+0300] {processor.py:840} INFO - DAG(s) 'example_complex' retrieved from /usr/local/lib/python3.10/dist-packages/airflow/example_dags/example_complex.py
[2024-01-08T18:46:48.476+0300] {logging_mixin.py:188} INFO - [2024-01-08T18:46:48.476+0300] {dag.py:3033} INFO - Sync 1 DAGs
[2024-01-08T18:46:48.514+0300] {logging_mixin.py:188} INFO - [2024-01-08T18:46:48.514+0300] {dag.py:3820} INFO - Setting next_dagrun for example_complex to None, run_after=None
[2024-01-08T18:46:48.608+0300] {processor.py:183} INFO - Processing /usr/local/lib/python3.10/dist-packages/airflow/example_dags/example_complex.py took 0.387 seconds
[2024-01-08T18:47:19.300+0300] {processor.py:161} INFO - Started process (PID=17352) to work on /usr/local/lib/python3.10/dist-packages/airflow/example_dags/example_complex.py
[2024-01-08T18:47:19.302+0300] {processor.py:830} INFO - Processing file /usr/local/lib/python3.10/dist-packages/airflow/example_dags/example_complex.py for tasks to queue
[2024-01-08T18:47:19.304+0300] {logging_mixin.py:188} INFO - [2024-01-08T18:47:19.303+0300] {dagbag.py:538} INFO - Filling up the DagBag from /usr/local/lib/python3.10/dist-packages/airflow/example_dags/example_complex.py
[2024-01-08T18:47:19.334+0300] {processor.py:840} INFO - DAG(s) 'example_complex' retrieved from /usr/local/lib/python3.10/dist-packages/airflow/example_dags/example_complex.py
[2024-01-08T18:47:19.437+0300] {logging_mixin.py:188} INFO - [2024-01-08T18:47:19.437+0300] {dag.py:3033} INFO - Sync 1 DAGs
[2024-01-08T18:47:19.465+0300] {logging_mixin.py:188} INFO - [2024-01-08T18:47:19.465+0300] {dag.py:3820} INFO - Setting next_dagrun for example_complex to None, run_after=None
[2024-01-08T18:47:19.516+0300] {processor.py:183} INFO - Processing /usr/local/lib/python3.10/dist-packages/airflow/example_dags/example_complex.py took 0.233 seconds
[2024-01-08T18:47:50.163+0300] {processor.py:161} INFO - Started process (PID=17691) to work on /usr/local/lib/python3.10/dist-packages/airflow/example_dags/example_complex.py
[2024-01-08T18:47:50.186+0300] {processor.py:830} INFO - Processing file /usr/local/lib/python3.10/dist-packages/airflow/example_dags/example_complex.py for tasks to queue
[2024-01-08T18:47:50.189+0300] {logging_mixin.py:188} INFO - [2024-01-08T18:47:50.188+0300] {dagbag.py:538} INFO - Filling up the DagBag from /usr/local/lib/python3.10/dist-packages/airflow/example_dags/example_complex.py
[2024-01-08T18:47:50.272+0300] {processor.py:840} INFO - DAG(s) 'example_complex' retrieved from /usr/local/lib/python3.10/dist-packages/airflow/example_dags/example_complex.py
[2024-01-08T18:47:50.543+0300] {logging_mixin.py:188} INFO - [2024-01-08T18:47:50.543+0300] {dag.py:3033} INFO - Sync 1 DAGs
[2024-01-08T18:47:50.589+0300] {logging_mixin.py:188} INFO - [2024-01-08T18:47:50.588+0300] {dag.py:3820} INFO - Setting next_dagrun for example_complex to None, run_after=None
[2024-01-08T18:47:50.652+0300] {processor.py:183} INFO - Processing /usr/local/lib/python3.10/dist-packages/airflow/example_dags/example_complex.py took 0.516 seconds
[2024-01-08T18:48:34.917+0300] {processor.py:161} INFO - Started process (PID=18190) to work on /usr/local/lib/python3.10/dist-packages/airflow/example_dags/example_complex.py
[2024-01-08T18:48:34.933+0300] {processor.py:830} INFO - Processing file /usr/local/lib/python3.10/dist-packages/airflow/example_dags/example_complex.py for tasks to queue
[2024-01-08T18:48:34.935+0300] {logging_mixin.py:188} INFO - [2024-01-08T18:48:34.935+0300] {dagbag.py:538} INFO - Filling up the DagBag from /usr/local/lib/python3.10/dist-packages/airflow/example_dags/example_complex.py
[2024-01-08T18:48:34.984+0300] {processor.py:840} INFO - DAG(s) 'example_complex' retrieved from /usr/local/lib/python3.10/dist-packages/airflow/example_dags/example_complex.py
[2024-01-08T18:48:35.344+0300] {logging_mixin.py:188} INFO - [2024-01-08T18:48:35.344+0300] {dag.py:3033} INFO - Sync 1 DAGs
[2024-01-08T18:48:35.432+0300] {logging_mixin.py:188} INFO - [2024-01-08T18:48:35.431+0300] {dag.py:3820} INFO - Setting next_dagrun for example_complex to None, run_after=None
[2024-01-08T18:48:35.501+0300] {processor.py:183} INFO - Processing /usr/local/lib/python3.10/dist-packages/airflow/example_dags/example_complex.py took 0.625 seconds
[2024-01-08T18:49:15.556+0300] {processor.py:161} INFO - Started process (PID=18614) to work on /usr/local/lib/python3.10/dist-packages/airflow/example_dags/example_complex.py
[2024-01-08T18:49:15.661+0300] {processor.py:830} INFO - Processing file /usr/local/lib/python3.10/dist-packages/airflow/example_dags/example_complex.py for tasks to queue
[2024-01-08T18:49:15.663+0300] {logging_mixin.py:188} INFO - [2024-01-08T18:49:15.662+0300] {dagbag.py:538} INFO - Filling up the DagBag from /usr/local/lib/python3.10/dist-packages/airflow/example_dags/example_complex.py
[2024-01-08T18:49:15.860+0300] {processor.py:840} INFO - DAG(s) 'example_complex' retrieved from /usr/local/lib/python3.10/dist-packages/airflow/example_dags/example_complex.py
[2024-01-08T18:49:16.776+0300] {logging_mixin.py:188} INFO - [2024-01-08T18:49:16.775+0300] {dag.py:3033} INFO - Sync 1 DAGs
[2024-01-08T18:49:17.039+0300] {logging_mixin.py:188} INFO - [2024-01-08T18:49:17.037+0300] {dag.py:3820} INFO - Setting next_dagrun for example_complex to None, run_after=None
[2024-01-08T18:49:17.459+0300] {processor.py:183} INFO - Processing /usr/local/lib/python3.10/dist-packages/airflow/example_dags/example_complex.py took 1.982 seconds
[2024-01-08T18:49:47.997+0300] {processor.py:161} INFO - Started process (PID=18958) to work on /usr/local/lib/python3.10/dist-packages/airflow/example_dags/example_complex.py
[2024-01-08T18:49:48.000+0300] {processor.py:830} INFO - Processing file /usr/local/lib/python3.10/dist-packages/airflow/example_dags/example_complex.py for tasks to queue
[2024-01-08T18:49:48.003+0300] {logging_mixin.py:188} INFO - [2024-01-08T18:49:48.003+0300] {dagbag.py:538} INFO - Filling up the DagBag from /usr/local/lib/python3.10/dist-packages/airflow/example_dags/example_complex.py
[2024-01-08T18:49:48.057+0300] {processor.py:840} INFO - DAG(s) 'example_complex' retrieved from /usr/local/lib/python3.10/dist-packages/airflow/example_dags/example_complex.py
[2024-01-08T18:49:48.215+0300] {logging_mixin.py:188} INFO - [2024-01-08T18:49:48.214+0300] {dag.py:3033} INFO - Sync 1 DAGs
[2024-01-08T18:49:48.243+0300] {logging_mixin.py:188} INFO - [2024-01-08T18:49:48.243+0300] {dag.py:3820} INFO - Setting next_dagrun for example_complex to None, run_after=None
[2024-01-08T18:49:48.295+0300] {processor.py:183} INFO - Processing /usr/local/lib/python3.10/dist-packages/airflow/example_dags/example_complex.py took 0.315 seconds
[2024-01-08T18:50:18.507+0300] {processor.py:161} INFO - Started process (PID=19276) to work on /usr/local/lib/python3.10/dist-packages/airflow/example_dags/example_complex.py
[2024-01-08T18:50:18.510+0300] {processor.py:830} INFO - Processing file /usr/local/lib/python3.10/dist-packages/airflow/example_dags/example_complex.py for tasks to queue
[2024-01-08T18:50:18.512+0300] {logging_mixin.py:188} INFO - [2024-01-08T18:50:18.511+0300] {dagbag.py:538} INFO - Filling up the DagBag from /usr/local/lib/python3.10/dist-packages/airflow/example_dags/example_complex.py
[2024-01-08T18:50:18.541+0300] {processor.py:840} INFO - DAG(s) 'example_complex' retrieved from /usr/local/lib/python3.10/dist-packages/airflow/example_dags/example_complex.py
[2024-01-08T18:50:18.668+0300] {logging_mixin.py:188} INFO - [2024-01-08T18:50:18.667+0300] {dag.py:3033} INFO - Sync 1 DAGs
[2024-01-08T18:50:18.695+0300] {logging_mixin.py:188} INFO - [2024-01-08T18:50:18.695+0300] {dag.py:3820} INFO - Setting next_dagrun for example_complex to None, run_after=None
[2024-01-08T18:50:18.747+0300] {processor.py:183} INFO - Processing /usr/local/lib/python3.10/dist-packages/airflow/example_dags/example_complex.py took 0.252 seconds
[2024-01-08T18:50:49.478+0300] {processor.py:161} INFO - Started process (PID=19590) to work on /usr/local/lib/python3.10/dist-packages/airflow/example_dags/example_complex.py
[2024-01-08T18:50:49.482+0300] {processor.py:830} INFO - Processing file /usr/local/lib/python3.10/dist-packages/airflow/example_dags/example_complex.py for tasks to queue
[2024-01-08T18:50:49.485+0300] {logging_mixin.py:188} INFO - [2024-01-08T18:50:49.485+0300] {dagbag.py:538} INFO - Filling up the DagBag from /usr/local/lib/python3.10/dist-packages/airflow/example_dags/example_complex.py
[2024-01-08T18:50:49.538+0300] {processor.py:840} INFO - DAG(s) 'example_complex' retrieved from /usr/local/lib/python3.10/dist-packages/airflow/example_dags/example_complex.py
[2024-01-08T18:50:49.681+0300] {logging_mixin.py:188} INFO - [2024-01-08T18:50:49.681+0300] {dag.py:3033} INFO - Sync 1 DAGs
[2024-01-08T18:50:49.732+0300] {logging_mixin.py:188} INFO - [2024-01-08T18:50:49.731+0300] {dag.py:3820} INFO - Setting next_dagrun for example_complex to None, run_after=None
[2024-01-08T18:50:49.778+0300] {processor.py:183} INFO - Processing /usr/local/lib/python3.10/dist-packages/airflow/example_dags/example_complex.py took 0.313 seconds
[2024-01-08T18:51:21.680+0300] {processor.py:161} INFO - Started process (PID=19972) to work on /usr/local/lib/python3.10/dist-packages/airflow/example_dags/example_complex.py
[2024-01-08T18:51:21.683+0300] {processor.py:830} INFO - Processing file /usr/local/lib/python3.10/dist-packages/airflow/example_dags/example_complex.py for tasks to queue
[2024-01-08T18:51:21.685+0300] {logging_mixin.py:188} INFO - [2024-01-08T18:51:21.684+0300] {dagbag.py:538} INFO - Filling up the DagBag from /usr/local/lib/python3.10/dist-packages/airflow/example_dags/example_complex.py
[2024-01-08T18:51:21.783+0300] {processor.py:840} INFO - DAG(s) 'example_complex' retrieved from /usr/local/lib/python3.10/dist-packages/airflow/example_dags/example_complex.py
[2024-01-08T18:51:21.908+0300] {logging_mixin.py:188} INFO - [2024-01-08T18:51:21.908+0300] {dag.py:3033} INFO - Sync 1 DAGs
[2024-01-08T18:51:21.966+0300] {logging_mixin.py:188} INFO - [2024-01-08T18:51:21.966+0300] {dag.py:3820} INFO - Setting next_dagrun for example_complex to None, run_after=None
[2024-01-08T18:51:22.103+0300] {processor.py:183} INFO - Processing /usr/local/lib/python3.10/dist-packages/airflow/example_dags/example_complex.py took 0.487 seconds
[2024-01-08T18:52:05.395+0300] {processor.py:161} INFO - Started process (PID=20471) to work on /usr/local/lib/python3.10/dist-packages/airflow/example_dags/example_complex.py
[2024-01-08T18:52:05.445+0300] {processor.py:830} INFO - Processing file /usr/local/lib/python3.10/dist-packages/airflow/example_dags/example_complex.py for tasks to queue
[2024-01-08T18:52:05.460+0300] {logging_mixin.py:188} INFO - [2024-01-08T18:52:05.459+0300] {dagbag.py:538} INFO - Filling up the DagBag from /usr/local/lib/python3.10/dist-packages/airflow/example_dags/example_complex.py
[2024-01-08T18:52:05.544+0300] {processor.py:840} INFO - DAG(s) 'example_complex' retrieved from /usr/local/lib/python3.10/dist-packages/airflow/example_dags/example_complex.py
[2024-01-08T18:52:06.042+0300] {logging_mixin.py:188} INFO - [2024-01-08T18:52:06.042+0300] {dag.py:3033} INFO - Sync 1 DAGs
[2024-01-08T18:52:06.245+0300] {logging_mixin.py:188} INFO - [2024-01-08T18:52:06.244+0300] {dag.py:3820} INFO - Setting next_dagrun for example_complex to None, run_after=None
[2024-01-08T18:52:06.744+0300] {processor.py:183} INFO - Processing /usr/local/lib/python3.10/dist-packages/airflow/example_dags/example_complex.py took 1.397 seconds
[2024-01-08T18:52:39.782+0300] {processor.py:161} INFO - Started process (PID=20910) to work on /usr/local/lib/python3.10/dist-packages/airflow/example_dags/example_complex.py
[2024-01-08T18:52:39.793+0300] {processor.py:830} INFO - Processing file /usr/local/lib/python3.10/dist-packages/airflow/example_dags/example_complex.py for tasks to queue
[2024-01-08T18:52:39.796+0300] {logging_mixin.py:188} INFO - [2024-01-08T18:52:39.795+0300] {dagbag.py:538} INFO - Filling up the DagBag from /usr/local/lib/python3.10/dist-packages/airflow/example_dags/example_complex.py
[2024-01-08T18:52:39.873+0300] {processor.py:840} INFO - DAG(s) 'example_complex' retrieved from /usr/local/lib/python3.10/dist-packages/airflow/example_dags/example_complex.py
[2024-01-08T18:52:40.251+0300] {logging_mixin.py:188} INFO - [2024-01-08T18:52:40.250+0300] {dag.py:3033} INFO - Sync 1 DAGs
[2024-01-08T18:52:40.431+0300] {logging_mixin.py:188} INFO - [2024-01-08T18:52:40.425+0300] {dag.py:3820} INFO - Setting next_dagrun for example_complex to None, run_after=None
[2024-01-08T18:52:40.635+0300] {processor.py:183} INFO - Processing /usr/local/lib/python3.10/dist-packages/airflow/example_dags/example_complex.py took 0.906 seconds
[2024-01-08T18:53:46.424+0300] {processor.py:161} INFO - Started process (PID=21440) to work on /usr/local/lib/python3.10/dist-packages/airflow/example_dags/example_complex.py
[2024-01-08T18:53:46.460+0300] {processor.py:830} INFO - Processing file /usr/local/lib/python3.10/dist-packages/airflow/example_dags/example_complex.py for tasks to queue
[2024-01-08T18:53:46.462+0300] {logging_mixin.py:188} INFO - [2024-01-08T18:53:46.461+0300] {dagbag.py:538} INFO - Filling up the DagBag from /usr/local/lib/python3.10/dist-packages/airflow/example_dags/example_complex.py
[2024-01-08T18:53:46.682+0300] {processor.py:840} INFO - DAG(s) 'example_complex' retrieved from /usr/local/lib/python3.10/dist-packages/airflow/example_dags/example_complex.py
[2024-01-08T18:53:47.442+0300] {logging_mixin.py:188} INFO - [2024-01-08T18:53:47.442+0300] {dag.py:3033} INFO - Sync 1 DAGs
[2024-01-08T18:53:47.724+0300] {logging_mixin.py:188} INFO - [2024-01-08T18:53:47.723+0300] {dag.py:3820} INFO - Setting next_dagrun for example_complex to None, run_after=None
[2024-01-08T18:53:48.124+0300] {processor.py:183} INFO - Processing /usr/local/lib/python3.10/dist-packages/airflow/example_dags/example_complex.py took 1.829 seconds
[2024-01-08T18:54:25.898+0300] {processor.py:161} INFO - Started process (PID=21855) to work on /usr/local/lib/python3.10/dist-packages/airflow/example_dags/example_complex.py
[2024-01-08T18:54:25.902+0300] {processor.py:830} INFO - Processing file /usr/local/lib/python3.10/dist-packages/airflow/example_dags/example_complex.py for tasks to queue
[2024-01-08T18:54:25.905+0300] {logging_mixin.py:188} INFO - [2024-01-08T18:54:25.905+0300] {dagbag.py:538} INFO - Filling up the DagBag from /usr/local/lib/python3.10/dist-packages/airflow/example_dags/example_complex.py
[2024-01-08T18:54:25.955+0300] {processor.py:840} INFO - DAG(s) 'example_complex' retrieved from /usr/local/lib/python3.10/dist-packages/airflow/example_dags/example_complex.py
[2024-01-08T18:54:26.385+0300] {logging_mixin.py:188} INFO - [2024-01-08T18:54:26.384+0300] {dag.py:3033} INFO - Sync 1 DAGs
[2024-01-08T18:54:26.615+0300] {logging_mixin.py:188} INFO - [2024-01-08T18:54:26.614+0300] {dag.py:3820} INFO - Setting next_dagrun for example_complex to None, run_after=None
[2024-01-08T18:54:26.747+0300] {processor.py:183} INFO - Processing /usr/local/lib/python3.10/dist-packages/airflow/example_dags/example_complex.py took 0.864 seconds
[2024-01-08T18:55:00.306+0300] {processor.py:161} INFO - Started process (PID=22319) to work on /usr/local/lib/python3.10/dist-packages/airflow/example_dags/example_complex.py
[2024-01-08T18:55:00.331+0300] {processor.py:830} INFO - Processing file /usr/local/lib/python3.10/dist-packages/airflow/example_dags/example_complex.py for tasks to queue
[2024-01-08T18:55:00.334+0300] {logging_mixin.py:188} INFO - [2024-01-08T18:55:00.333+0300] {dagbag.py:538} INFO - Filling up the DagBag from /usr/local/lib/python3.10/dist-packages/airflow/example_dags/example_complex.py
[2024-01-08T18:55:00.407+0300] {processor.py:840} INFO - DAG(s) 'example_complex' retrieved from /usr/local/lib/python3.10/dist-packages/airflow/example_dags/example_complex.py
[2024-01-08T18:55:00.706+0300] {logging_mixin.py:188} INFO - [2024-01-08T18:55:00.706+0300] {dag.py:3033} INFO - Sync 1 DAGs
[2024-01-08T18:55:00.779+0300] {logging_mixin.py:188} INFO - [2024-01-08T18:55:00.779+0300] {dag.py:3820} INFO - Setting next_dagrun for example_complex to None, run_after=None
[2024-01-08T18:55:00.914+0300] {processor.py:183} INFO - Processing /usr/local/lib/python3.10/dist-packages/airflow/example_dags/example_complex.py took 0.632 seconds
[2024-01-08T18:55:38.525+0300] {processor.py:161} INFO - Started process (PID=22753) to work on /usr/local/lib/python3.10/dist-packages/airflow/example_dags/example_complex.py
[2024-01-08T18:55:38.536+0300] {processor.py:830} INFO - Processing file /usr/local/lib/python3.10/dist-packages/airflow/example_dags/example_complex.py for tasks to queue
[2024-01-08T18:55:38.540+0300] {logging_mixin.py:188} INFO - [2024-01-08T18:55:38.540+0300] {dagbag.py:538} INFO - Filling up the DagBag from /usr/local/lib/python3.10/dist-packages/airflow/example_dags/example_complex.py
[2024-01-08T18:55:38.612+0300] {processor.py:840} INFO - DAG(s) 'example_complex' retrieved from /usr/local/lib/python3.10/dist-packages/airflow/example_dags/example_complex.py
[2024-01-08T18:55:38.870+0300] {logging_mixin.py:188} INFO - [2024-01-08T18:55:38.869+0300] {dag.py:3033} INFO - Sync 1 DAGs
[2024-01-08T18:55:38.938+0300] {logging_mixin.py:188} INFO - [2024-01-08T18:55:38.937+0300] {dag.py:3820} INFO - Setting next_dagrun for example_complex to None, run_after=None
[2024-01-08T18:55:39.042+0300] {processor.py:183} INFO - Processing /usr/local/lib/python3.10/dist-packages/airflow/example_dags/example_complex.py took 0.539 seconds
[2024-01-08T18:56:09.631+0300] {processor.py:161} INFO - Started process (PID=23079) to work on /usr/local/lib/python3.10/dist-packages/airflow/example_dags/example_complex.py
[2024-01-08T18:56:09.632+0300] {processor.py:830} INFO - Processing file /usr/local/lib/python3.10/dist-packages/airflow/example_dags/example_complex.py for tasks to queue
[2024-01-08T18:56:09.634+0300] {logging_mixin.py:188} INFO - [2024-01-08T18:56:09.633+0300] {dagbag.py:538} INFO - Filling up the DagBag from /usr/local/lib/python3.10/dist-packages/airflow/example_dags/example_complex.py
[2024-01-08T18:56:09.666+0300] {processor.py:840} INFO - DAG(s) 'example_complex' retrieved from /usr/local/lib/python3.10/dist-packages/airflow/example_dags/example_complex.py
[2024-01-08T18:56:09.796+0300] {logging_mixin.py:188} INFO - [2024-01-08T18:56:09.796+0300] {dag.py:3033} INFO - Sync 1 DAGs
[2024-01-08T18:56:09.838+0300] {logging_mixin.py:188} INFO - [2024-01-08T18:56:09.837+0300] {dag.py:3820} INFO - Setting next_dagrun for example_complex to None, run_after=None
[2024-01-08T18:56:09.899+0300] {processor.py:183} INFO - Processing /usr/local/lib/python3.10/dist-packages/airflow/example_dags/example_complex.py took 0.281 seconds
[2024-01-08T18:56:40.289+0300] {processor.py:161} INFO - Started process (PID=23393) to work on /usr/local/lib/python3.10/dist-packages/airflow/example_dags/example_complex.py
[2024-01-08T18:56:40.296+0300] {processor.py:830} INFO - Processing file /usr/local/lib/python3.10/dist-packages/airflow/example_dags/example_complex.py for tasks to queue
[2024-01-08T18:56:40.298+0300] {logging_mixin.py:188} INFO - [2024-01-08T18:56:40.297+0300] {dagbag.py:538} INFO - Filling up the DagBag from /usr/local/lib/python3.10/dist-packages/airflow/example_dags/example_complex.py
[2024-01-08T18:56:40.417+0300] {processor.py:840} INFO - DAG(s) 'example_complex' retrieved from /usr/local/lib/python3.10/dist-packages/airflow/example_dags/example_complex.py
[2024-01-08T18:56:40.735+0300] {logging_mixin.py:188} INFO - [2024-01-08T18:56:40.734+0300] {dag.py:3033} INFO - Sync 1 DAGs
[2024-01-08T18:56:40.786+0300] {logging_mixin.py:188} INFO - [2024-01-08T18:56:40.786+0300] {dag.py:3820} INFO - Setting next_dagrun for example_complex to None, run_after=None
[2024-01-08T18:56:40.902+0300] {processor.py:183} INFO - Processing /usr/local/lib/python3.10/dist-packages/airflow/example_dags/example_complex.py took 0.649 seconds
[2024-01-08T18:57:15.159+0300] {processor.py:161} INFO - Started process (PID=23807) to work on /usr/local/lib/python3.10/dist-packages/airflow/example_dags/example_complex.py
[2024-01-08T18:57:15.172+0300] {processor.py:830} INFO - Processing file /usr/local/lib/python3.10/dist-packages/airflow/example_dags/example_complex.py for tasks to queue
[2024-01-08T18:57:15.175+0300] {logging_mixin.py:188} INFO - [2024-01-08T18:57:15.174+0300] {dagbag.py:538} INFO - Filling up the DagBag from /usr/local/lib/python3.10/dist-packages/airflow/example_dags/example_complex.py
[2024-01-08T18:57:15.223+0300] {processor.py:840} INFO - DAG(s) 'example_complex' retrieved from /usr/local/lib/python3.10/dist-packages/airflow/example_dags/example_complex.py
[2024-01-08T18:57:15.435+0300] {logging_mixin.py:188} INFO - [2024-01-08T18:57:15.434+0300] {dag.py:3033} INFO - Sync 1 DAGs
[2024-01-08T18:57:15.465+0300] {logging_mixin.py:188} INFO - [2024-01-08T18:57:15.464+0300] {dag.py:3820} INFO - Setting next_dagrun for example_complex to None, run_after=None
[2024-01-08T18:57:15.514+0300] {processor.py:183} INFO - Processing /usr/local/lib/python3.10/dist-packages/airflow/example_dags/example_complex.py took 0.372 seconds
[2024-01-08T18:57:56.197+0300] {processor.py:161} INFO - Started process (PID=24262) to work on /usr/local/lib/python3.10/dist-packages/airflow/example_dags/example_complex.py
[2024-01-08T18:57:56.200+0300] {processor.py:830} INFO - Processing file /usr/local/lib/python3.10/dist-packages/airflow/example_dags/example_complex.py for tasks to queue
[2024-01-08T18:57:56.203+0300] {logging_mixin.py:188} INFO - [2024-01-08T18:57:56.202+0300] {dagbag.py:538} INFO - Filling up the DagBag from /usr/local/lib/python3.10/dist-packages/airflow/example_dags/example_complex.py
[2024-01-08T18:57:56.227+0300] {processor.py:840} INFO - DAG(s) 'example_complex' retrieved from /usr/local/lib/python3.10/dist-packages/airflow/example_dags/example_complex.py
[2024-01-08T18:57:56.347+0300] {logging_mixin.py:188} INFO - [2024-01-08T18:57:56.346+0300] {dag.py:3033} INFO - Sync 1 DAGs
[2024-01-08T18:57:56.388+0300] {logging_mixin.py:188} INFO - [2024-01-08T18:57:56.388+0300] {dag.py:3820} INFO - Setting next_dagrun for example_complex to None, run_after=None
[2024-01-08T18:57:56.546+0300] {processor.py:183} INFO - Processing /usr/local/lib/python3.10/dist-packages/airflow/example_dags/example_complex.py took 0.362 seconds
[2024-01-08T18:58:32.364+0300] {processor.py:161} INFO - Started process (PID=24647) to work on /usr/local/lib/python3.10/dist-packages/airflow/example_dags/example_complex.py
[2024-01-08T18:58:32.411+0300] {processor.py:830} INFO - Processing file /usr/local/lib/python3.10/dist-packages/airflow/example_dags/example_complex.py for tasks to queue
[2024-01-08T18:58:32.415+0300] {logging_mixin.py:188} INFO - [2024-01-08T18:58:32.414+0300] {dagbag.py:538} INFO - Filling up the DagBag from /usr/local/lib/python3.10/dist-packages/airflow/example_dags/example_complex.py
[2024-01-08T18:58:32.608+0300] {processor.py:840} INFO - DAG(s) 'example_complex' retrieved from /usr/local/lib/python3.10/dist-packages/airflow/example_dags/example_complex.py
[2024-01-08T18:58:33.005+0300] {logging_mixin.py:188} INFO - [2024-01-08T18:58:33.005+0300] {dag.py:3033} INFO - Sync 1 DAGs
[2024-01-08T18:58:33.099+0300] {logging_mixin.py:188} INFO - [2024-01-08T18:58:33.098+0300] {dag.py:3820} INFO - Setting next_dagrun for example_complex to None, run_after=None
[2024-01-08T18:58:33.167+0300] {processor.py:183} INFO - Processing /usr/local/lib/python3.10/dist-packages/airflow/example_dags/example_complex.py took 0.871 seconds
[2024-01-08T18:59:03.618+0300] {processor.py:161} INFO - Started process (PID=25078) to work on /usr/local/lib/python3.10/dist-packages/airflow/example_dags/example_complex.py
[2024-01-08T18:59:03.636+0300] {processor.py:830} INFO - Processing file /usr/local/lib/python3.10/dist-packages/airflow/example_dags/example_complex.py for tasks to queue
[2024-01-08T18:59:03.638+0300] {logging_mixin.py:188} INFO - [2024-01-08T18:59:03.637+0300] {dagbag.py:538} INFO - Filling up the DagBag from /usr/local/lib/python3.10/dist-packages/airflow/example_dags/example_complex.py
[2024-01-08T18:59:03.685+0300] {processor.py:840} INFO - DAG(s) 'example_complex' retrieved from /usr/local/lib/python3.10/dist-packages/airflow/example_dags/example_complex.py
[2024-01-08T18:59:03.815+0300] {logging_mixin.py:188} INFO - [2024-01-08T18:59:03.814+0300] {dag.py:3033} INFO - Sync 1 DAGs
[2024-01-08T18:59:03.844+0300] {logging_mixin.py:188} INFO - [2024-01-08T18:59:03.844+0300] {dag.py:3820} INFO - Setting next_dagrun for example_complex to None, run_after=None
[2024-01-08T18:59:03.897+0300] {processor.py:183} INFO - Processing /usr/local/lib/python3.10/dist-packages/airflow/example_dags/example_complex.py took 0.292 seconds
[2024-01-08T18:59:40.447+0300] {processor.py:161} INFO - Started process (PID=25505) to work on /usr/local/lib/python3.10/dist-packages/airflow/example_dags/example_complex.py
[2024-01-08T18:59:40.451+0300] {processor.py:830} INFO - Processing file /usr/local/lib/python3.10/dist-packages/airflow/example_dags/example_complex.py for tasks to queue
[2024-01-08T18:59:40.454+0300] {logging_mixin.py:188} INFO - [2024-01-08T18:59:40.452+0300] {dagbag.py:538} INFO - Filling up the DagBag from /usr/local/lib/python3.10/dist-packages/airflow/example_dags/example_complex.py
[2024-01-08T18:59:40.493+0300] {processor.py:840} INFO - DAG(s) 'example_complex' retrieved from /usr/local/lib/python3.10/dist-packages/airflow/example_dags/example_complex.py
[2024-01-08T18:59:40.681+0300] {logging_mixin.py:188} INFO - [2024-01-08T18:59:40.681+0300] {dag.py:3033} INFO - Sync 1 DAGs
[2024-01-08T18:59:40.721+0300] {logging_mixin.py:188} INFO - [2024-01-08T18:59:40.720+0300] {dag.py:3820} INFO - Setting next_dagrun for example_complex to None, run_after=None
[2024-01-08T18:59:40.787+0300] {processor.py:183} INFO - Processing /usr/local/lib/python3.10/dist-packages/airflow/example_dags/example_complex.py took 0.355 seconds
[2024-01-08T19:00:12.324+0300] {processor.py:161} INFO - Started process (PID=25868) to work on /usr/local/lib/python3.10/dist-packages/airflow/example_dags/example_complex.py
[2024-01-08T19:00:12.326+0300] {processor.py:830} INFO - Processing file /usr/local/lib/python3.10/dist-packages/airflow/example_dags/example_complex.py for tasks to queue
[2024-01-08T19:00:12.328+0300] {logging_mixin.py:188} INFO - [2024-01-08T19:00:12.327+0300] {dagbag.py:538} INFO - Filling up the DagBag from /usr/local/lib/python3.10/dist-packages/airflow/example_dags/example_complex.py
[2024-01-08T19:00:12.488+0300] {processor.py:840} INFO - DAG(s) 'example_complex' retrieved from /usr/local/lib/python3.10/dist-packages/airflow/example_dags/example_complex.py
[2024-01-08T19:00:12.823+0300] {logging_mixin.py:188} INFO - [2024-01-08T19:00:12.823+0300] {dag.py:3033} INFO - Sync 1 DAGs
[2024-01-08T19:00:12.920+0300] {logging_mixin.py:188} INFO - [2024-01-08T19:00:12.920+0300] {dag.py:3820} INFO - Setting next_dagrun for example_complex to None, run_after=None
[2024-01-08T19:00:13.096+0300] {processor.py:183} INFO - Processing /usr/local/lib/python3.10/dist-packages/airflow/example_dags/example_complex.py took 0.806 seconds
[2024-01-08T19:00:45.965+0300] {processor.py:161} INFO - Started process (PID=26314) to work on /usr/local/lib/python3.10/dist-packages/airflow/example_dags/example_complex.py
[2024-01-08T19:00:46.003+0300] {processor.py:830} INFO - Processing file /usr/local/lib/python3.10/dist-packages/airflow/example_dags/example_complex.py for tasks to queue
[2024-01-08T19:00:46.008+0300] {logging_mixin.py:188} INFO - [2024-01-08T19:00:46.007+0300] {dagbag.py:538} INFO - Filling up the DagBag from /usr/local/lib/python3.10/dist-packages/airflow/example_dags/example_complex.py
[2024-01-08T19:00:46.117+0300] {processor.py:840} INFO - DAG(s) 'example_complex' retrieved from /usr/local/lib/python3.10/dist-packages/airflow/example_dags/example_complex.py
[2024-01-08T19:00:47.007+0300] {logging_mixin.py:188} INFO - [2024-01-08T19:00:47.006+0300] {dag.py:3033} INFO - Sync 1 DAGs
[2024-01-08T19:00:47.175+0300] {logging_mixin.py:188} INFO - [2024-01-08T19:00:47.175+0300] {dag.py:3820} INFO - Setting next_dagrun for example_complex to None, run_after=None
[2024-01-08T19:00:47.388+0300] {processor.py:183} INFO - Processing /usr/local/lib/python3.10/dist-packages/airflow/example_dags/example_complex.py took 1.462 seconds
[2024-01-08T19:01:17.778+0300] {processor.py:161} INFO - Started process (PID=26680) to work on /usr/local/lib/python3.10/dist-packages/airflow/example_dags/example_complex.py
[2024-01-08T19:01:17.779+0300] {processor.py:830} INFO - Processing file /usr/local/lib/python3.10/dist-packages/airflow/example_dags/example_complex.py for tasks to queue
[2024-01-08T19:01:17.781+0300] {logging_mixin.py:188} INFO - [2024-01-08T19:01:17.780+0300] {dagbag.py:538} INFO - Filling up the DagBag from /usr/local/lib/python3.10/dist-packages/airflow/example_dags/example_complex.py
[2024-01-08T19:01:17.975+0300] {processor.py:840} INFO - DAG(s) 'example_complex' retrieved from /usr/local/lib/python3.10/dist-packages/airflow/example_dags/example_complex.py
[2024-01-08T19:01:18.361+0300] {logging_mixin.py:188} INFO - [2024-01-08T19:01:18.361+0300] {dag.py:3033} INFO - Sync 1 DAGs
[2024-01-08T19:01:18.471+0300] {logging_mixin.py:188} INFO - [2024-01-08T19:01:18.471+0300] {dag.py:3820} INFO - Setting next_dagrun for example_complex to None, run_after=None
[2024-01-08T19:01:18.652+0300] {processor.py:183} INFO - Processing /usr/local/lib/python3.10/dist-packages/airflow/example_dags/example_complex.py took 0.928 seconds
[2024-01-08T19:01:48.989+0300] {processor.py:161} INFO - Started process (PID=27075) to work on /usr/local/lib/python3.10/dist-packages/airflow/example_dags/example_complex.py
[2024-01-08T19:01:48.993+0300] {processor.py:830} INFO - Processing file /usr/local/lib/python3.10/dist-packages/airflow/example_dags/example_complex.py for tasks to queue
[2024-01-08T19:01:48.996+0300] {logging_mixin.py:188} INFO - [2024-01-08T19:01:48.995+0300] {dagbag.py:538} INFO - Filling up the DagBag from /usr/local/lib/python3.10/dist-packages/airflow/example_dags/example_complex.py
[2024-01-08T19:01:49.032+0300] {processor.py:840} INFO - DAG(s) 'example_complex' retrieved from /usr/local/lib/python3.10/dist-packages/airflow/example_dags/example_complex.py
[2024-01-08T19:01:49.193+0300] {logging_mixin.py:188} INFO - [2024-01-08T19:01:49.192+0300] {dag.py:3033} INFO - Sync 1 DAGs
[2024-01-08T19:01:49.274+0300] {logging_mixin.py:188} INFO - [2024-01-08T19:01:49.273+0300] {dag.py:3820} INFO - Setting next_dagrun for example_complex to None, run_after=None
[2024-01-08T19:01:49.365+0300] {processor.py:183} INFO - Processing /usr/local/lib/python3.10/dist-packages/airflow/example_dags/example_complex.py took 0.389 seconds
[2024-01-08T19:02:19.535+0300] {processor.py:161} INFO - Started process (PID=27391) to work on /usr/local/lib/python3.10/dist-packages/airflow/example_dags/example_complex.py
[2024-01-08T19:02:19.537+0300] {processor.py:830} INFO - Processing file /usr/local/lib/python3.10/dist-packages/airflow/example_dags/example_complex.py for tasks to queue
[2024-01-08T19:02:19.539+0300] {logging_mixin.py:188} INFO - [2024-01-08T19:02:19.538+0300] {dagbag.py:538} INFO - Filling up the DagBag from /usr/local/lib/python3.10/dist-packages/airflow/example_dags/example_complex.py
[2024-01-08T19:02:19.569+0300] {processor.py:840} INFO - DAG(s) 'example_complex' retrieved from /usr/local/lib/python3.10/dist-packages/airflow/example_dags/example_complex.py
[2024-01-08T19:02:19.683+0300] {logging_mixin.py:188} INFO - [2024-01-08T19:02:19.683+0300] {dag.py:3033} INFO - Sync 1 DAGs
[2024-01-08T19:02:19.712+0300] {logging_mixin.py:188} INFO - [2024-01-08T19:02:19.712+0300] {dag.py:3820} INFO - Setting next_dagrun for example_complex to None, run_after=None
[2024-01-08T19:02:19.759+0300] {processor.py:183} INFO - Processing /usr/local/lib/python3.10/dist-packages/airflow/example_dags/example_complex.py took 0.234 seconds
[2024-01-08T19:02:50.473+0300] {processor.py:161} INFO - Started process (PID=27712) to work on /usr/local/lib/python3.10/dist-packages/airflow/example_dags/example_complex.py
[2024-01-08T19:02:50.477+0300] {processor.py:830} INFO - Processing file /usr/local/lib/python3.10/dist-packages/airflow/example_dags/example_complex.py for tasks to queue
[2024-01-08T19:02:50.480+0300] {logging_mixin.py:188} INFO - [2024-01-08T19:02:50.479+0300] {dagbag.py:538} INFO - Filling up the DagBag from /usr/local/lib/python3.10/dist-packages/airflow/example_dags/example_complex.py
[2024-01-08T19:02:50.537+0300] {processor.py:840} INFO - DAG(s) 'example_complex' retrieved from /usr/local/lib/python3.10/dist-packages/airflow/example_dags/example_complex.py
[2024-01-08T19:02:50.762+0300] {logging_mixin.py:188} INFO - [2024-01-08T19:02:50.759+0300] {dag.py:3033} INFO - Sync 1 DAGs
[2024-01-08T19:02:50.827+0300] {logging_mixin.py:188} INFO - [2024-01-08T19:02:50.827+0300] {dag.py:3820} INFO - Setting next_dagrun for example_complex to None, run_after=None
[2024-01-08T19:02:50.970+0300] {processor.py:183} INFO - Processing /usr/local/lib/python3.10/dist-packages/airflow/example_dags/example_complex.py took 0.532 seconds
[2024-01-08T19:03:30.401+0300] {processor.py:161} INFO - Started process (PID=28123) to work on /usr/local/lib/python3.10/dist-packages/airflow/example_dags/example_complex.py
[2024-01-08T19:03:30.404+0300] {processor.py:830} INFO - Processing file /usr/local/lib/python3.10/dist-packages/airflow/example_dags/example_complex.py for tasks to queue
[2024-01-08T19:03:30.407+0300] {logging_mixin.py:188} INFO - [2024-01-08T19:03:30.406+0300] {dagbag.py:538} INFO - Filling up the DagBag from /usr/local/lib/python3.10/dist-packages/airflow/example_dags/example_complex.py
[2024-01-08T19:03:30.517+0300] {processor.py:840} INFO - DAG(s) 'example_complex' retrieved from /usr/local/lib/python3.10/dist-packages/airflow/example_dags/example_complex.py
[2024-01-08T19:03:30.734+0300] {logging_mixin.py:188} INFO - [2024-01-08T19:03:30.732+0300] {dag.py:3033} INFO - Sync 1 DAGs
[2024-01-08T19:03:30.788+0300] {logging_mixin.py:188} INFO - [2024-01-08T19:03:30.787+0300] {dag.py:3820} INFO - Setting next_dagrun for example_complex to None, run_after=None
[2024-01-08T19:03:30.849+0300] {processor.py:183} INFO - Processing /usr/local/lib/python3.10/dist-packages/airflow/example_dags/example_complex.py took 0.490 seconds
[2024-01-08T19:04:01.104+0300] {processor.py:161} INFO - Started process (PID=28506) to work on /usr/local/lib/python3.10/dist-packages/airflow/example_dags/example_complex.py
[2024-01-08T19:04:01.107+0300] {processor.py:830} INFO - Processing file /usr/local/lib/python3.10/dist-packages/airflow/example_dags/example_complex.py for tasks to queue
[2024-01-08T19:04:01.109+0300] {logging_mixin.py:188} INFO - [2024-01-08T19:04:01.108+0300] {dagbag.py:538} INFO - Filling up the DagBag from /usr/local/lib/python3.10/dist-packages/airflow/example_dags/example_complex.py
[2024-01-08T19:04:01.144+0300] {processor.py:840} INFO - DAG(s) 'example_complex' retrieved from /usr/local/lib/python3.10/dist-packages/airflow/example_dags/example_complex.py
[2024-01-08T19:04:01.328+0300] {logging_mixin.py:188} INFO - [2024-01-08T19:04:01.327+0300] {dag.py:3033} INFO - Sync 1 DAGs
[2024-01-08T19:04:01.387+0300] {logging_mixin.py:188} INFO - [2024-01-08T19:04:01.387+0300] {dag.py:3820} INFO - Setting next_dagrun for example_complex to None, run_after=None
[2024-01-08T19:04:01.493+0300] {processor.py:183} INFO - Processing /usr/local/lib/python3.10/dist-packages/airflow/example_dags/example_complex.py took 0.401 seconds
[2024-01-08T19:04:35.316+0300] {processor.py:161} INFO - Started process (PID=28886) to work on /usr/local/lib/python3.10/dist-packages/airflow/example_dags/example_complex.py
[2024-01-08T19:04:35.319+0300] {processor.py:830} INFO - Processing file /usr/local/lib/python3.10/dist-packages/airflow/example_dags/example_complex.py for tasks to queue
[2024-01-08T19:04:35.322+0300] {logging_mixin.py:188} INFO - [2024-01-08T19:04:35.321+0300] {dagbag.py:538} INFO - Filling up the DagBag from /usr/local/lib/python3.10/dist-packages/airflow/example_dags/example_complex.py
[2024-01-08T19:04:35.408+0300] {processor.py:840} INFO - DAG(s) 'example_complex' retrieved from /usr/local/lib/python3.10/dist-packages/airflow/example_dags/example_complex.py
[2024-01-08T19:04:35.822+0300] {logging_mixin.py:188} INFO - [2024-01-08T19:04:35.821+0300] {dag.py:3033} INFO - Sync 1 DAGs
[2024-01-08T19:04:35.945+0300] {logging_mixin.py:188} INFO - [2024-01-08T19:04:35.944+0300] {dag.py:3820} INFO - Setting next_dagrun for example_complex to None, run_after=None
[2024-01-08T19:04:36.216+0300] {processor.py:183} INFO - Processing /usr/local/lib/python3.10/dist-packages/airflow/example_dags/example_complex.py took 0.915 seconds
[2024-01-08T19:05:06.476+0300] {processor.py:161} INFO - Started process (PID=29335) to work on /usr/local/lib/python3.10/dist-packages/airflow/example_dags/example_complex.py
[2024-01-08T19:05:06.478+0300] {processor.py:830} INFO - Processing file /usr/local/lib/python3.10/dist-packages/airflow/example_dags/example_complex.py for tasks to queue
[2024-01-08T19:05:06.480+0300] {logging_mixin.py:188} INFO - [2024-01-08T19:05:06.479+0300] {dagbag.py:538} INFO - Filling up the DagBag from /usr/local/lib/python3.10/dist-packages/airflow/example_dags/example_complex.py
[2024-01-08T19:05:06.503+0300] {processor.py:840} INFO - DAG(s) 'example_complex' retrieved from /usr/local/lib/python3.10/dist-packages/airflow/example_dags/example_complex.py
[2024-01-08T19:05:06.599+0300] {logging_mixin.py:188} INFO - [2024-01-08T19:05:06.599+0300] {dag.py:3033} INFO - Sync 1 DAGs
[2024-01-08T19:05:06.643+0300] {logging_mixin.py:188} INFO - [2024-01-08T19:05:06.642+0300] {dag.py:3820} INFO - Setting next_dagrun for example_complex to None, run_after=None
[2024-01-08T19:05:06.696+0300] {processor.py:183} INFO - Processing /usr/local/lib/python3.10/dist-packages/airflow/example_dags/example_complex.py took 0.232 seconds
[2024-01-08T19:05:54.945+0300] {processor.py:161} INFO - Started process (PID=29810) to work on /usr/local/lib/python3.10/dist-packages/airflow/example_dags/example_complex.py
[2024-01-08T19:05:54.954+0300] {processor.py:830} INFO - Processing file /usr/local/lib/python3.10/dist-packages/airflow/example_dags/example_complex.py for tasks to queue
[2024-01-08T19:05:54.957+0300] {logging_mixin.py:188} INFO - [2024-01-08T19:05:54.956+0300] {dagbag.py:538} INFO - Filling up the DagBag from /usr/local/lib/python3.10/dist-packages/airflow/example_dags/example_complex.py
[2024-01-08T19:05:55.003+0300] {processor.py:840} INFO - DAG(s) 'example_complex' retrieved from /usr/local/lib/python3.10/dist-packages/airflow/example_dags/example_complex.py
[2024-01-08T19:05:55.235+0300] {logging_mixin.py:188} INFO - [2024-01-08T19:05:55.234+0300] {dag.py:3033} INFO - Sync 1 DAGs
[2024-01-08T19:05:55.375+0300] {logging_mixin.py:188} INFO - [2024-01-08T19:05:55.374+0300] {dag.py:3820} INFO - Setting next_dagrun for example_complex to None, run_after=None
[2024-01-08T19:05:55.662+0300] {processor.py:183} INFO - Processing /usr/local/lib/python3.10/dist-packages/airflow/example_dags/example_complex.py took 0.746 seconds
[2024-01-08T19:06:26.882+0300] {processor.py:161} INFO - Started process (PID=30167) to work on /usr/local/lib/python3.10/dist-packages/airflow/example_dags/example_complex.py
[2024-01-08T19:06:26.907+0300] {processor.py:830} INFO - Processing file /usr/local/lib/python3.10/dist-packages/airflow/example_dags/example_complex.py for tasks to queue
[2024-01-08T19:06:26.910+0300] {logging_mixin.py:188} INFO - [2024-01-08T19:06:26.909+0300] {dagbag.py:538} INFO - Filling up the DagBag from /usr/local/lib/python3.10/dist-packages/airflow/example_dags/example_complex.py
[2024-01-08T19:06:26.970+0300] {processor.py:840} INFO - DAG(s) 'example_complex' retrieved from /usr/local/lib/python3.10/dist-packages/airflow/example_dags/example_complex.py
[2024-01-08T19:06:27.612+0300] {logging_mixin.py:188} INFO - [2024-01-08T19:06:27.611+0300] {dag.py:3033} INFO - Sync 1 DAGs
[2024-01-08T19:06:27.790+0300] {logging_mixin.py:188} INFO - [2024-01-08T19:06:27.789+0300] {dag.py:3820} INFO - Setting next_dagrun for example_complex to None, run_after=None
[2024-01-08T19:06:28.279+0300] {processor.py:183} INFO - Processing /usr/local/lib/python3.10/dist-packages/airflow/example_dags/example_complex.py took 1.543 seconds
[2024-01-08T19:07:15.274+0300] {processor.py:161} INFO - Started process (PID=30697) to work on /usr/local/lib/python3.10/dist-packages/airflow/example_dags/example_complex.py
[2024-01-08T19:07:15.277+0300] {processor.py:830} INFO - Processing file /usr/local/lib/python3.10/dist-packages/airflow/example_dags/example_complex.py for tasks to queue
[2024-01-08T19:07:15.279+0300] {logging_mixin.py:188} INFO - [2024-01-08T19:07:15.278+0300] {dagbag.py:538} INFO - Filling up the DagBag from /usr/local/lib/python3.10/dist-packages/airflow/example_dags/example_complex.py
[2024-01-08T19:07:15.320+0300] {processor.py:840} INFO - DAG(s) 'example_complex' retrieved from /usr/local/lib/python3.10/dist-packages/airflow/example_dags/example_complex.py
[2024-01-08T19:07:15.496+0300] {logging_mixin.py:188} INFO - [2024-01-08T19:07:15.496+0300] {dag.py:3033} INFO - Sync 1 DAGs
[2024-01-08T19:07:15.550+0300] {logging_mixin.py:188} INFO - [2024-01-08T19:07:15.550+0300] {dag.py:3820} INFO - Setting next_dagrun for example_complex to None, run_after=None
[2024-01-08T19:07:15.628+0300] {processor.py:183} INFO - Processing /usr/local/lib/python3.10/dist-packages/airflow/example_dags/example_complex.py took 0.365 seconds
[2024-01-08T19:07:52.444+0300] {processor.py:161} INFO - Started process (PID=31119) to work on /usr/local/lib/python3.10/dist-packages/airflow/example_dags/example_complex.py
[2024-01-08T19:07:52.452+0300] {processor.py:830} INFO - Processing file /usr/local/lib/python3.10/dist-packages/airflow/example_dags/example_complex.py for tasks to queue
[2024-01-08T19:07:52.454+0300] {logging_mixin.py:188} INFO - [2024-01-08T19:07:52.453+0300] {dagbag.py:538} INFO - Filling up the DagBag from /usr/local/lib/python3.10/dist-packages/airflow/example_dags/example_complex.py
[2024-01-08T19:07:52.509+0300] {processor.py:840} INFO - DAG(s) 'example_complex' retrieved from /usr/local/lib/python3.10/dist-packages/airflow/example_dags/example_complex.py
[2024-01-08T19:07:52.739+0300] {logging_mixin.py:188} INFO - [2024-01-08T19:07:52.738+0300] {dag.py:3033} INFO - Sync 1 DAGs
[2024-01-08T19:07:52.854+0300] {logging_mixin.py:188} INFO - [2024-01-08T19:07:52.853+0300] {dag.py:3820} INFO - Setting next_dagrun for example_complex to None, run_after=None
[2024-01-08T19:07:52.921+0300] {processor.py:183} INFO - Processing /usr/local/lib/python3.10/dist-packages/airflow/example_dags/example_complex.py took 0.512 seconds
[2024-01-08T19:08:23.670+0300] {processor.py:161} INFO - Started process (PID=31434) to work on /usr/local/lib/python3.10/dist-packages/airflow/example_dags/example_complex.py
[2024-01-08T19:08:23.673+0300] {processor.py:830} INFO - Processing file /usr/local/lib/python3.10/dist-packages/airflow/example_dags/example_complex.py for tasks to queue
[2024-01-08T19:08:23.676+0300] {logging_mixin.py:188} INFO - [2024-01-08T19:08:23.675+0300] {dagbag.py:538} INFO - Filling up the DagBag from /usr/local/lib/python3.10/dist-packages/airflow/example_dags/example_complex.py
[2024-01-08T19:08:23.719+0300] {processor.py:840} INFO - DAG(s) 'example_complex' retrieved from /usr/local/lib/python3.10/dist-packages/airflow/example_dags/example_complex.py
[2024-01-08T19:08:23.907+0300] {logging_mixin.py:188} INFO - [2024-01-08T19:08:23.907+0300] {dag.py:3033} INFO - Sync 1 DAGs
[2024-01-08T19:08:23.947+0300] {logging_mixin.py:188} INFO - [2024-01-08T19:08:23.947+0300] {dag.py:3820} INFO - Setting next_dagrun for example_complex to None, run_after=None
[2024-01-08T19:08:24.004+0300] {processor.py:183} INFO - Processing /usr/local/lib/python3.10/dist-packages/airflow/example_dags/example_complex.py took 0.347 seconds
[2024-01-08T19:08:59.222+0300] {processor.py:161} INFO - Started process (PID=31794) to work on /usr/local/lib/python3.10/dist-packages/airflow/example_dags/example_complex.py
[2024-01-08T19:08:59.231+0300] {processor.py:830} INFO - Processing file /usr/local/lib/python3.10/dist-packages/airflow/example_dags/example_complex.py for tasks to queue
[2024-01-08T19:08:59.232+0300] {logging_mixin.py:188} INFO - [2024-01-08T19:08:59.232+0300] {dagbag.py:538} INFO - Filling up the DagBag from /usr/local/lib/python3.10/dist-packages/airflow/example_dags/example_complex.py
[2024-01-08T19:08:59.367+0300] {processor.py:840} INFO - DAG(s) 'example_complex' retrieved from /usr/local/lib/python3.10/dist-packages/airflow/example_dags/example_complex.py
[2024-01-08T19:08:59.586+0300] {logging_mixin.py:188} INFO - [2024-01-08T19:08:59.586+0300] {dag.py:3033} INFO - Sync 1 DAGs
[2024-01-08T19:08:59.638+0300] {logging_mixin.py:188} INFO - [2024-01-08T19:08:59.638+0300] {dag.py:3820} INFO - Setting next_dagrun for example_complex to None, run_after=None
[2024-01-08T19:08:59.768+0300] {processor.py:183} INFO - Processing /usr/local/lib/python3.10/dist-packages/airflow/example_dags/example_complex.py took 0.569 seconds
[2024-01-08T19:09:31.062+0300] {processor.py:161} INFO - Started process (PID=32141) to work on /usr/local/lib/python3.10/dist-packages/airflow/example_dags/example_complex.py
[2024-01-08T19:09:31.066+0300] {processor.py:830} INFO - Processing file /usr/local/lib/python3.10/dist-packages/airflow/example_dags/example_complex.py for tasks to queue
[2024-01-08T19:09:31.068+0300] {logging_mixin.py:188} INFO - [2024-01-08T19:09:31.067+0300] {dagbag.py:538} INFO - Filling up the DagBag from /usr/local/lib/python3.10/dist-packages/airflow/example_dags/example_complex.py
[2024-01-08T19:09:31.135+0300] {processor.py:840} INFO - DAG(s) 'example_complex' retrieved from /usr/local/lib/python3.10/dist-packages/airflow/example_dags/example_complex.py
[2024-01-08T19:09:31.451+0300] {logging_mixin.py:188} INFO - [2024-01-08T19:09:31.450+0300] {dag.py:3033} INFO - Sync 1 DAGs
[2024-01-08T19:09:31.572+0300] {logging_mixin.py:188} INFO - [2024-01-08T19:09:31.572+0300] {dag.py:3820} INFO - Setting next_dagrun for example_complex to None, run_after=None
[2024-01-08T19:09:31.752+0300] {processor.py:183} INFO - Processing /usr/local/lib/python3.10/dist-packages/airflow/example_dags/example_complex.py took 0.728 seconds
[2024-01-08T19:10:04.199+0300] {processor.py:161} INFO - Started process (PID=32514) to work on /usr/local/lib/python3.10/dist-packages/airflow/example_dags/example_complex.py
[2024-01-08T19:10:04.203+0300] {processor.py:830} INFO - Processing file /usr/local/lib/python3.10/dist-packages/airflow/example_dags/example_complex.py for tasks to queue
[2024-01-08T19:10:04.205+0300] {logging_mixin.py:188} INFO - [2024-01-08T19:10:04.204+0300] {dagbag.py:538} INFO - Filling up the DagBag from /usr/local/lib/python3.10/dist-packages/airflow/example_dags/example_complex.py
[2024-01-08T19:10:04.280+0300] {processor.py:840} INFO - DAG(s) 'example_complex' retrieved from /usr/local/lib/python3.10/dist-packages/airflow/example_dags/example_complex.py
[2024-01-08T19:10:04.533+0300] {logging_mixin.py:188} INFO - [2024-01-08T19:10:04.532+0300] {dag.py:3033} INFO - Sync 1 DAGs
[2024-01-08T19:10:04.636+0300] {logging_mixin.py:188} INFO - [2024-01-08T19:10:04.635+0300] {dag.py:3820} INFO - Setting next_dagrun for example_complex to None, run_after=None
[2024-01-08T19:10:04.779+0300] {processor.py:183} INFO - Processing /usr/local/lib/python3.10/dist-packages/airflow/example_dags/example_complex.py took 0.608 seconds
[2024-01-08T19:11:00.883+0300] {processor.py:161} INFO - Started process (PID=33062) to work on /usr/local/lib/python3.10/dist-packages/airflow/example_dags/example_complex.py
[2024-01-08T19:11:00.887+0300] {processor.py:830} INFO - Processing file /usr/local/lib/python3.10/dist-packages/airflow/example_dags/example_complex.py for tasks to queue
[2024-01-08T19:11:00.890+0300] {logging_mixin.py:188} INFO - [2024-01-08T19:11:00.889+0300] {dagbag.py:538} INFO - Filling up the DagBag from /usr/local/lib/python3.10/dist-packages/airflow/example_dags/example_complex.py
[2024-01-08T19:11:01.024+0300] {processor.py:840} INFO - DAG(s) 'example_complex' retrieved from /usr/local/lib/python3.10/dist-packages/airflow/example_dags/example_complex.py
[2024-01-08T19:11:01.420+0300] {logging_mixin.py:188} INFO - [2024-01-08T19:11:01.419+0300] {dag.py:3033} INFO - Sync 1 DAGs
[2024-01-08T19:11:01.558+0300] {logging_mixin.py:188} INFO - [2024-01-08T19:11:01.557+0300] {dag.py:3820} INFO - Setting next_dagrun for example_complex to None, run_after=None
[2024-01-08T19:11:01.710+0300] {processor.py:183} INFO - Processing /usr/local/lib/python3.10/dist-packages/airflow/example_dags/example_complex.py took 0.867 seconds
[2024-01-08T19:11:33.985+0300] {processor.py:161} INFO - Started process (PID=33429) to work on /usr/local/lib/python3.10/dist-packages/airflow/example_dags/example_complex.py
[2024-01-08T19:11:34.010+0300] {processor.py:830} INFO - Processing file /usr/local/lib/python3.10/dist-packages/airflow/example_dags/example_complex.py for tasks to queue
[2024-01-08T19:11:34.013+0300] {logging_mixin.py:188} INFO - [2024-01-08T19:11:34.012+0300] {dagbag.py:538} INFO - Filling up the DagBag from /usr/local/lib/python3.10/dist-packages/airflow/example_dags/example_complex.py
[2024-01-08T19:11:34.190+0300] {processor.py:840} INFO - DAG(s) 'example_complex' retrieved from /usr/local/lib/python3.10/dist-packages/airflow/example_dags/example_complex.py
[2024-01-08T19:11:34.989+0300] {logging_mixin.py:188} INFO - [2024-01-08T19:11:34.989+0300] {dag.py:3033} INFO - Sync 1 DAGs
[2024-01-08T19:11:35.242+0300] {logging_mixin.py:188} INFO - [2024-01-08T19:11:35.242+0300] {dag.py:3820} INFO - Setting next_dagrun for example_complex to None, run_after=None
[2024-01-08T19:11:37.770+0300] {processor.py:183} INFO - Processing /usr/local/lib/python3.10/dist-packages/airflow/example_dags/example_complex.py took 3.814 seconds
[2024-01-08T19:12:11.843+0300] {processor.py:161} INFO - Started process (PID=33882) to work on /usr/local/lib/python3.10/dist-packages/airflow/example_dags/example_complex.py
[2024-01-08T19:12:11.848+0300] {processor.py:830} INFO - Processing file /usr/local/lib/python3.10/dist-packages/airflow/example_dags/example_complex.py for tasks to queue
[2024-01-08T19:12:11.851+0300] {logging_mixin.py:188} INFO - [2024-01-08T19:12:11.850+0300] {dagbag.py:538} INFO - Filling up the DagBag from /usr/local/lib/python3.10/dist-packages/airflow/example_dags/example_complex.py
[2024-01-08T19:12:11.912+0300] {processor.py:840} INFO - DAG(s) 'example_complex' retrieved from /usr/local/lib/python3.10/dist-packages/airflow/example_dags/example_complex.py
[2024-01-08T19:12:12.107+0300] {logging_mixin.py:188} INFO - [2024-01-08T19:12:12.107+0300] {dag.py:3033} INFO - Sync 1 DAGs
[2024-01-08T19:12:12.153+0300] {logging_mixin.py:188} INFO - [2024-01-08T19:12:12.153+0300] {dag.py:3820} INFO - Setting next_dagrun for example_complex to None, run_after=None
[2024-01-08T19:12:12.212+0300] {processor.py:183} INFO - Processing /usr/local/lib/python3.10/dist-packages/airflow/example_dags/example_complex.py took 0.396 seconds
