[2024-01-08T17:37:19.344+0300] {processor.py:161} INFO - Started process (PID=5567) to work on /usr/local/lib/python3.10/dist-packages/airflow/example_dags/example_python_decorator.py
[2024-01-08T17:37:19.348+0300] {processor.py:830} INFO - Processing file /usr/local/lib/python3.10/dist-packages/airflow/example_dags/example_python_decorator.py for tasks to queue
[2024-01-08T17:37:19.351+0300] {logging_mixin.py:188} INFO - [2024-01-08T17:37:19.350+0300] {dagbag.py:538} INFO - Filling up the DagBag from /usr/local/lib/python3.10/dist-packages/airflow/example_dags/example_python_decorator.py
[2024-01-08T17:37:19.396+0300] {processor.py:840} INFO - DAG(s) 'example_python_decorator' retrieved from /usr/local/lib/python3.10/dist-packages/airflow/example_dags/example_python_decorator.py
[2024-01-08T17:37:20.180+0300] {logging_mixin.py:188} INFO - [2024-01-08T17:37:20.180+0300] {dag.py:3033} INFO - Sync 1 DAGs
[2024-01-08T17:37:20.232+0300] {logging_mixin.py:188} INFO - [2024-01-08T17:37:20.232+0300] {dag.py:3820} INFO - Setting next_dagrun for example_python_decorator to None, run_after=None
[2024-01-08T17:37:20.295+0300] {processor.py:183} INFO - Processing /usr/local/lib/python3.10/dist-packages/airflow/example_dags/example_python_decorator.py took 0.964 seconds
[2024-01-08T17:37:50.471+0300] {processor.py:161} INFO - Started process (PID=5915) to work on /usr/local/lib/python3.10/dist-packages/airflow/example_dags/example_python_decorator.py
[2024-01-08T17:37:50.474+0300] {processor.py:830} INFO - Processing file /usr/local/lib/python3.10/dist-packages/airflow/example_dags/example_python_decorator.py for tasks to queue
[2024-01-08T17:37:50.476+0300] {logging_mixin.py:188} INFO - [2024-01-08T17:37:50.475+0300] {dagbag.py:538} INFO - Filling up the DagBag from /usr/local/lib/python3.10/dist-packages/airflow/example_dags/example_python_decorator.py
[2024-01-08T17:37:50.509+0300] {processor.py:840} INFO - DAG(s) 'example_python_decorator' retrieved from /usr/local/lib/python3.10/dist-packages/airflow/example_dags/example_python_decorator.py
[2024-01-08T17:37:50.627+0300] {logging_mixin.py:188} INFO - [2024-01-08T17:37:50.627+0300] {dag.py:3033} INFO - Sync 1 DAGs
[2024-01-08T17:37:50.666+0300] {logging_mixin.py:188} INFO - [2024-01-08T17:37:50.666+0300] {dag.py:3820} INFO - Setting next_dagrun for example_python_decorator to None, run_after=None
[2024-01-08T17:37:50.732+0300] {processor.py:183} INFO - Processing /usr/local/lib/python3.10/dist-packages/airflow/example_dags/example_python_decorator.py took 0.273 seconds
[2024-01-08T17:38:21.192+0300] {processor.py:161} INFO - Started process (PID=6231) to work on /usr/local/lib/python3.10/dist-packages/airflow/example_dags/example_python_decorator.py
[2024-01-08T17:38:21.195+0300] {processor.py:830} INFO - Processing file /usr/local/lib/python3.10/dist-packages/airflow/example_dags/example_python_decorator.py for tasks to queue
[2024-01-08T17:38:21.197+0300] {logging_mixin.py:188} INFO - [2024-01-08T17:38:21.196+0300] {dagbag.py:538} INFO - Filling up the DagBag from /usr/local/lib/python3.10/dist-packages/airflow/example_dags/example_python_decorator.py
[2024-01-08T17:38:21.251+0300] {processor.py:840} INFO - DAG(s) 'example_python_decorator' retrieved from /usr/local/lib/python3.10/dist-packages/airflow/example_dags/example_python_decorator.py
[2024-01-08T17:38:21.359+0300] {logging_mixin.py:188} INFO - [2024-01-08T17:38:21.359+0300] {dag.py:3033} INFO - Sync 1 DAGs
[2024-01-08T17:38:21.400+0300] {logging_mixin.py:188} INFO - [2024-01-08T17:38:21.399+0300] {dag.py:3820} INFO - Setting next_dagrun for example_python_decorator to None, run_after=None
[2024-01-08T17:38:21.448+0300] {processor.py:183} INFO - Processing /usr/local/lib/python3.10/dist-packages/airflow/example_dags/example_python_decorator.py took 0.266 seconds
[2024-01-08T18:15:21.856+0300] {processor.py:161} INFO - Started process (PID=7506) to work on /usr/local/lib/python3.10/dist-packages/airflow/example_dags/example_python_decorator.py
[2024-01-08T18:15:21.861+0300] {processor.py:830} INFO - Processing file /usr/local/lib/python3.10/dist-packages/airflow/example_dags/example_python_decorator.py for tasks to queue
[2024-01-08T18:15:21.863+0300] {logging_mixin.py:188} INFO - [2024-01-08T18:15:21.862+0300] {dagbag.py:538} INFO - Filling up the DagBag from /usr/local/lib/python3.10/dist-packages/airflow/example_dags/example_python_decorator.py
[2024-01-08T18:15:21.900+0300] {processor.py:840} INFO - DAG(s) 'example_python_decorator' retrieved from /usr/local/lib/python3.10/dist-packages/airflow/example_dags/example_python_decorator.py
[2024-01-08T18:15:22.028+0300] {logging_mixin.py:188} INFO - [2024-01-08T18:15:22.027+0300] {dag.py:3033} INFO - Sync 1 DAGs
[2024-01-08T18:15:22.083+0300] {logging_mixin.py:188} INFO - [2024-01-08T18:15:22.082+0300] {dag.py:3820} INFO - Setting next_dagrun for example_python_decorator to None, run_after=None
[2024-01-08T18:15:22.132+0300] {processor.py:183} INFO - Processing /usr/local/lib/python3.10/dist-packages/airflow/example_dags/example_python_decorator.py took 0.287 seconds
[2024-01-08T18:15:54.106+0300] {processor.py:161} INFO - Started process (PID=7846) to work on /usr/local/lib/python3.10/dist-packages/airflow/example_dags/example_python_decorator.py
[2024-01-08T18:15:54.110+0300] {processor.py:830} INFO - Processing file /usr/local/lib/python3.10/dist-packages/airflow/example_dags/example_python_decorator.py for tasks to queue
[2024-01-08T18:15:54.113+0300] {logging_mixin.py:188} INFO - [2024-01-08T18:15:54.112+0300] {dagbag.py:538} INFO - Filling up the DagBag from /usr/local/lib/python3.10/dist-packages/airflow/example_dags/example_python_decorator.py
[2024-01-08T18:15:54.146+0300] {processor.py:840} INFO - DAG(s) 'example_python_decorator' retrieved from /usr/local/lib/python3.10/dist-packages/airflow/example_dags/example_python_decorator.py
[2024-01-08T18:15:54.272+0300] {logging_mixin.py:188} INFO - [2024-01-08T18:15:54.271+0300] {dag.py:3033} INFO - Sync 1 DAGs
[2024-01-08T18:15:54.307+0300] {logging_mixin.py:188} INFO - [2024-01-08T18:15:54.306+0300] {dag.py:3820} INFO - Setting next_dagrun for example_python_decorator to None, run_after=None
[2024-01-08T18:15:54.362+0300] {processor.py:183} INFO - Processing /usr/local/lib/python3.10/dist-packages/airflow/example_dags/example_python_decorator.py took 0.268 seconds
[2024-01-08T18:29:48.413+0300] {processor.py:161} INFO - Started process (PID=8801) to work on /usr/local/lib/python3.10/dist-packages/airflow/example_dags/example_python_decorator.py
[2024-01-08T18:29:48.500+0300] {processor.py:830} INFO - Processing file /usr/local/lib/python3.10/dist-packages/airflow/example_dags/example_python_decorator.py for tasks to queue
[2024-01-08T18:29:48.553+0300] {logging_mixin.py:188} INFO - [2024-01-08T18:29:48.506+0300] {dagbag.py:538} INFO - Filling up the DagBag from /usr/local/lib/python3.10/dist-packages/airflow/example_dags/example_python_decorator.py
[2024-01-08T18:29:48.884+0300] {processor.py:840} INFO - DAG(s) 'example_python_decorator' retrieved from /usr/local/lib/python3.10/dist-packages/airflow/example_dags/example_python_decorator.py
[2024-01-08T18:29:51.897+0300] {logging_mixin.py:188} INFO - [2024-01-08T18:29:51.897+0300] {dag.py:3033} INFO - Sync 1 DAGs
[2024-01-08T18:29:52.485+0300] {logging_mixin.py:188} INFO - [2024-01-08T18:29:52.327+0300] {dag.py:3820} INFO - Setting next_dagrun for example_python_decorator to None, run_after=None
[2024-01-08T18:29:53.626+0300] {processor.py:183} INFO - Processing /usr/local/lib/python3.10/dist-packages/airflow/example_dags/example_python_decorator.py took 6.079 seconds
[2024-01-08T18:33:17.287+0300] {processor.py:161} INFO - Started process (PID=10120) to work on /usr/local/lib/python3.10/dist-packages/airflow/example_dags/example_python_decorator.py
[2024-01-08T18:33:17.321+0300] {processor.py:830} INFO - Processing file /usr/local/lib/python3.10/dist-packages/airflow/example_dags/example_python_decorator.py for tasks to queue
[2024-01-08T18:33:17.325+0300] {logging_mixin.py:188} INFO - [2024-01-08T18:33:17.323+0300] {dagbag.py:538} INFO - Filling up the DagBag from /usr/local/lib/python3.10/dist-packages/airflow/example_dags/example_python_decorator.py
[2024-01-08T18:33:18.238+0300] {processor.py:840} INFO - DAG(s) 'example_python_decorator' retrieved from /usr/local/lib/python3.10/dist-packages/airflow/example_dags/example_python_decorator.py
[2024-01-08T18:33:20.297+0300] {logging_mixin.py:188} INFO - [2024-01-08T18:33:20.296+0300] {dag.py:3033} INFO - Sync 1 DAGs
[2024-01-08T18:33:20.997+0300] {logging_mixin.py:188} INFO - [2024-01-08T18:33:20.975+0300] {dag.py:3820} INFO - Setting next_dagrun for example_python_decorator to None, run_after=None
[2024-01-08T18:33:23.066+0300] {processor.py:183} INFO - Processing /usr/local/lib/python3.10/dist-packages/airflow/example_dags/example_python_decorator.py took 5.928 seconds
[2024-01-08T18:36:04.993+0300] {processor.py:161} INFO - Started process (PID=11159) to work on /usr/local/lib/python3.10/dist-packages/airflow/example_dags/example_python_decorator.py
[2024-01-08T18:36:05.013+0300] {processor.py:830} INFO - Processing file /usr/local/lib/python3.10/dist-packages/airflow/example_dags/example_python_decorator.py for tasks to queue
[2024-01-08T18:36:05.028+0300] {logging_mixin.py:188} INFO - [2024-01-08T18:36:05.027+0300] {dagbag.py:538} INFO - Filling up the DagBag from /usr/local/lib/python3.10/dist-packages/airflow/example_dags/example_python_decorator.py
[2024-01-08T18:36:05.297+0300] {processor.py:840} INFO - DAG(s) 'example_python_decorator' retrieved from /usr/local/lib/python3.10/dist-packages/airflow/example_dags/example_python_decorator.py
[2024-01-08T18:36:06.478+0300] {logging_mixin.py:188} INFO - [2024-01-08T18:36:06.477+0300] {dag.py:3033} INFO - Sync 1 DAGs
[2024-01-08T18:36:07.252+0300] {logging_mixin.py:188} INFO - [2024-01-08T18:36:07.252+0300] {dag.py:3820} INFO - Setting next_dagrun for example_python_decorator to None, run_after=None
[2024-01-08T18:36:08.337+0300] {processor.py:183} INFO - Processing /usr/local/lib/python3.10/dist-packages/airflow/example_dags/example_python_decorator.py took 3.493 seconds
[2024-01-08T18:37:56.304+0300] {processor.py:161} INFO - Started process (PID=11945) to work on /usr/local/lib/python3.10/dist-packages/airflow/example_dags/example_python_decorator.py
[2024-01-08T18:37:56.437+0300] {processor.py:830} INFO - Processing file /usr/local/lib/python3.10/dist-packages/airflow/example_dags/example_python_decorator.py for tasks to queue
[2024-01-08T18:37:56.440+0300] {logging_mixin.py:188} INFO - [2024-01-08T18:37:56.439+0300] {dagbag.py:538} INFO - Filling up the DagBag from /usr/local/lib/python3.10/dist-packages/airflow/example_dags/example_python_decorator.py
[2024-01-08T18:37:56.994+0300] {processor.py:840} INFO - DAG(s) 'example_python_decorator' retrieved from /usr/local/lib/python3.10/dist-packages/airflow/example_dags/example_python_decorator.py
[2024-01-08T18:37:58.105+0300] {logging_mixin.py:188} INFO - [2024-01-08T18:37:58.104+0300] {dag.py:3033} INFO - Sync 1 DAGs
[2024-01-08T18:37:58.463+0300] {logging_mixin.py:188} INFO - [2024-01-08T18:37:58.462+0300] {dag.py:3820} INFO - Setting next_dagrun for example_python_decorator to None, run_after=None
[2024-01-08T18:37:59.257+0300] {processor.py:183} INFO - Processing /usr/local/lib/python3.10/dist-packages/airflow/example_dags/example_python_decorator.py took 3.111 seconds
[2024-01-08T18:41:00.954+0300] {processor.py:161} INFO - Started process (PID=13181) to work on /usr/local/lib/python3.10/dist-packages/airflow/example_dags/example_python_decorator.py
[2024-01-08T18:41:00.990+0300] {processor.py:830} INFO - Processing file /usr/local/lib/python3.10/dist-packages/airflow/example_dags/example_python_decorator.py for tasks to queue
[2024-01-08T18:41:01.069+0300] {logging_mixin.py:188} INFO - [2024-01-08T18:41:00.991+0300] {dagbag.py:538} INFO - Filling up the DagBag from /usr/local/lib/python3.10/dist-packages/airflow/example_dags/example_python_decorator.py
[2024-01-08T18:41:01.449+0300] {processor.py:840} INFO - DAG(s) 'example_python_decorator' retrieved from /usr/local/lib/python3.10/dist-packages/airflow/example_dags/example_python_decorator.py
[2024-01-08T18:41:02.158+0300] {logging_mixin.py:188} INFO - [2024-01-08T18:41:02.157+0300] {dag.py:3033} INFO - Sync 1 DAGs
[2024-01-08T18:41:02.491+0300] {logging_mixin.py:188} INFO - [2024-01-08T18:41:02.491+0300] {dag.py:3820} INFO - Setting next_dagrun for example_python_decorator to None, run_after=None
[2024-01-08T18:41:02.994+0300] {processor.py:183} INFO - Processing /usr/local/lib/python3.10/dist-packages/airflow/example_dags/example_python_decorator.py took 2.146 seconds
[2024-01-08T18:42:00.317+0300] {processor.py:161} INFO - Started process (PID=13790) to work on /usr/local/lib/python3.10/dist-packages/airflow/example_dags/example_python_decorator.py
[2024-01-08T18:42:00.347+0300] {processor.py:830} INFO - Processing file /usr/local/lib/python3.10/dist-packages/airflow/example_dags/example_python_decorator.py for tasks to queue
[2024-01-08T18:42:00.349+0300] {logging_mixin.py:188} INFO - [2024-01-08T18:42:00.349+0300] {dagbag.py:538} INFO - Filling up the DagBag from /usr/local/lib/python3.10/dist-packages/airflow/example_dags/example_python_decorator.py
[2024-01-08T18:42:00.661+0300] {processor.py:840} INFO - DAG(s) 'example_python_decorator' retrieved from /usr/local/lib/python3.10/dist-packages/airflow/example_dags/example_python_decorator.py
[2024-01-08T18:42:01.381+0300] {logging_mixin.py:188} INFO - [2024-01-08T18:42:01.365+0300] {dag.py:3033} INFO - Sync 1 DAGs
[2024-01-08T18:42:01.650+0300] {logging_mixin.py:188} INFO - [2024-01-08T18:42:01.650+0300] {dag.py:3820} INFO - Setting next_dagrun for example_python_decorator to None, run_after=None
[2024-01-08T18:42:01.922+0300] {processor.py:183} INFO - Processing /usr/local/lib/python3.10/dist-packages/airflow/example_dags/example_python_decorator.py took 1.675 seconds
[2024-01-08T18:42:32.331+0300] {processor.py:161} INFO - Started process (PID=14190) to work on /usr/local/lib/python3.10/dist-packages/airflow/example_dags/example_python_decorator.py
[2024-01-08T18:42:32.341+0300] {processor.py:830} INFO - Processing file /usr/local/lib/python3.10/dist-packages/airflow/example_dags/example_python_decorator.py for tasks to queue
[2024-01-08T18:42:32.343+0300] {logging_mixin.py:188} INFO - [2024-01-08T18:42:32.342+0300] {dagbag.py:538} INFO - Filling up the DagBag from /usr/local/lib/python3.10/dist-packages/airflow/example_dags/example_python_decorator.py
[2024-01-08T18:42:32.497+0300] {processor.py:840} INFO - DAG(s) 'example_python_decorator' retrieved from /usr/local/lib/python3.10/dist-packages/airflow/example_dags/example_python_decorator.py
[2024-01-08T18:42:32.787+0300] {logging_mixin.py:188} INFO - [2024-01-08T18:42:32.787+0300] {dag.py:3033} INFO - Sync 1 DAGs
[2024-01-08T18:42:32.970+0300] {logging_mixin.py:188} INFO - [2024-01-08T18:42:32.970+0300] {dag.py:3820} INFO - Setting next_dagrun for example_python_decorator to None, run_after=None
[2024-01-08T18:42:33.022+0300] {processor.py:183} INFO - Processing /usr/local/lib/python3.10/dist-packages/airflow/example_dags/example_python_decorator.py took 0.750 seconds
[2024-01-08T18:43:08.789+0300] {processor.py:161} INFO - Started process (PID=14633) to work on /usr/local/lib/python3.10/dist-packages/airflow/example_dags/example_python_decorator.py
[2024-01-08T18:43:08.791+0300] {processor.py:830} INFO - Processing file /usr/local/lib/python3.10/dist-packages/airflow/example_dags/example_python_decorator.py for tasks to queue
[2024-01-08T18:43:08.801+0300] {logging_mixin.py:188} INFO - [2024-01-08T18:43:08.800+0300] {dagbag.py:538} INFO - Filling up the DagBag from /usr/local/lib/python3.10/dist-packages/airflow/example_dags/example_python_decorator.py
[2024-01-08T18:43:08.837+0300] {processor.py:840} INFO - DAG(s) 'example_python_decorator' retrieved from /usr/local/lib/python3.10/dist-packages/airflow/example_dags/example_python_decorator.py
[2024-01-08T18:43:08.942+0300] {logging_mixin.py:188} INFO - [2024-01-08T18:43:08.942+0300] {dag.py:3033} INFO - Sync 1 DAGs
[2024-01-08T18:43:08.972+0300] {logging_mixin.py:188} INFO - [2024-01-08T18:43:08.971+0300] {dag.py:3820} INFO - Setting next_dagrun for example_python_decorator to None, run_after=None
[2024-01-08T18:43:09.028+0300] {processor.py:183} INFO - Processing /usr/local/lib/python3.10/dist-packages/airflow/example_dags/example_python_decorator.py took 0.250 seconds
[2024-01-08T18:43:39.760+0300] {processor.py:161} INFO - Started process (PID=14941) to work on /usr/local/lib/python3.10/dist-packages/airflow/example_dags/example_python_decorator.py
[2024-01-08T18:43:39.771+0300] {processor.py:830} INFO - Processing file /usr/local/lib/python3.10/dist-packages/airflow/example_dags/example_python_decorator.py for tasks to queue
[2024-01-08T18:43:39.777+0300] {logging_mixin.py:188} INFO - [2024-01-08T18:43:39.775+0300] {dagbag.py:538} INFO - Filling up the DagBag from /usr/local/lib/python3.10/dist-packages/airflow/example_dags/example_python_decorator.py
[2024-01-08T18:43:39.878+0300] {processor.py:840} INFO - DAG(s) 'example_python_decorator' retrieved from /usr/local/lib/python3.10/dist-packages/airflow/example_dags/example_python_decorator.py
[2024-01-08T18:43:40.097+0300] {logging_mixin.py:188} INFO - [2024-01-08T18:43:40.095+0300] {dag.py:3033} INFO - Sync 1 DAGs
[2024-01-08T18:43:40.143+0300] {logging_mixin.py:188} INFO - [2024-01-08T18:43:40.143+0300] {dag.py:3820} INFO - Setting next_dagrun for example_python_decorator to None, run_after=None
[2024-01-08T18:43:40.219+0300] {processor.py:183} INFO - Processing /usr/local/lib/python3.10/dist-packages/airflow/example_dags/example_python_decorator.py took 0.494 seconds
[2024-01-08T18:44:10.479+0300] {processor.py:161} INFO - Started process (PID=15259) to work on /usr/local/lib/python3.10/dist-packages/airflow/example_dags/example_python_decorator.py
[2024-01-08T18:44:10.491+0300] {processor.py:830} INFO - Processing file /usr/local/lib/python3.10/dist-packages/airflow/example_dags/example_python_decorator.py for tasks to queue
[2024-01-08T18:44:10.496+0300] {logging_mixin.py:188} INFO - [2024-01-08T18:44:10.495+0300] {dagbag.py:538} INFO - Filling up the DagBag from /usr/local/lib/python3.10/dist-packages/airflow/example_dags/example_python_decorator.py
[2024-01-08T18:44:10.618+0300] {processor.py:840} INFO - DAG(s) 'example_python_decorator' retrieved from /usr/local/lib/python3.10/dist-packages/airflow/example_dags/example_python_decorator.py
[2024-01-08T18:44:10.825+0300] {logging_mixin.py:188} INFO - [2024-01-08T18:44:10.824+0300] {dag.py:3033} INFO - Sync 1 DAGs
[2024-01-08T18:44:10.892+0300] {logging_mixin.py:188} INFO - [2024-01-08T18:44:10.892+0300] {dag.py:3820} INFO - Setting next_dagrun for example_python_decorator to None, run_after=None
[2024-01-08T18:44:10.964+0300] {processor.py:183} INFO - Processing /usr/local/lib/python3.10/dist-packages/airflow/example_dags/example_python_decorator.py took 0.516 seconds
[2024-01-08T18:44:41.276+0300] {processor.py:161} INFO - Started process (PID=15555) to work on /usr/local/lib/python3.10/dist-packages/airflow/example_dags/example_python_decorator.py
[2024-01-08T18:44:41.280+0300] {processor.py:830} INFO - Processing file /usr/local/lib/python3.10/dist-packages/airflow/example_dags/example_python_decorator.py for tasks to queue
[2024-01-08T18:44:41.282+0300] {logging_mixin.py:188} INFO - [2024-01-08T18:44:41.281+0300] {dagbag.py:538} INFO - Filling up the DagBag from /usr/local/lib/python3.10/dist-packages/airflow/example_dags/example_python_decorator.py
[2024-01-08T18:44:41.313+0300] {processor.py:840} INFO - DAG(s) 'example_python_decorator' retrieved from /usr/local/lib/python3.10/dist-packages/airflow/example_dags/example_python_decorator.py
[2024-01-08T18:44:41.439+0300] {logging_mixin.py:188} INFO - [2024-01-08T18:44:41.439+0300] {dag.py:3033} INFO - Sync 1 DAGs
[2024-01-08T18:44:41.477+0300] {logging_mixin.py:188} INFO - [2024-01-08T18:44:41.477+0300] {dag.py:3820} INFO - Setting next_dagrun for example_python_decorator to None, run_after=None
[2024-01-08T18:44:41.539+0300] {processor.py:183} INFO - Processing /usr/local/lib/python3.10/dist-packages/airflow/example_dags/example_python_decorator.py took 0.278 seconds
[2024-01-08T18:45:13.745+0300] {processor.py:161} INFO - Started process (PID=15934) to work on /usr/local/lib/python3.10/dist-packages/airflow/example_dags/example_python_decorator.py
[2024-01-08T18:45:13.757+0300] {processor.py:830} INFO - Processing file /usr/local/lib/python3.10/dist-packages/airflow/example_dags/example_python_decorator.py for tasks to queue
[2024-01-08T18:45:13.758+0300] {logging_mixin.py:188} INFO - [2024-01-08T18:45:13.758+0300] {dagbag.py:538} INFO - Filling up the DagBag from /usr/local/lib/python3.10/dist-packages/airflow/example_dags/example_python_decorator.py
[2024-01-08T18:45:13.847+0300] {processor.py:840} INFO - DAG(s) 'example_python_decorator' retrieved from /usr/local/lib/python3.10/dist-packages/airflow/example_dags/example_python_decorator.py
[2024-01-08T18:45:14.132+0300] {logging_mixin.py:188} INFO - [2024-01-08T18:45:14.127+0300] {dag.py:3033} INFO - Sync 1 DAGs
[2024-01-08T18:45:14.199+0300] {logging_mixin.py:188} INFO - [2024-01-08T18:45:14.199+0300] {dag.py:3820} INFO - Setting next_dagrun for example_python_decorator to None, run_after=None
[2024-01-08T18:45:14.269+0300] {processor.py:183} INFO - Processing /usr/local/lib/python3.10/dist-packages/airflow/example_dags/example_python_decorator.py took 0.553 seconds
[2024-01-08T18:45:59.294+0300] {processor.py:161} INFO - Started process (PID=16421) to work on /usr/local/lib/python3.10/dist-packages/airflow/example_dags/example_python_decorator.py
[2024-01-08T18:45:59.316+0300] {processor.py:830} INFO - Processing file /usr/local/lib/python3.10/dist-packages/airflow/example_dags/example_python_decorator.py for tasks to queue
[2024-01-08T18:45:59.334+0300] {logging_mixin.py:188} INFO - [2024-01-08T18:45:59.333+0300] {dagbag.py:538} INFO - Filling up the DagBag from /usr/local/lib/python3.10/dist-packages/airflow/example_dags/example_python_decorator.py
[2024-01-08T18:45:59.588+0300] {processor.py:840} INFO - DAG(s) 'example_python_decorator' retrieved from /usr/local/lib/python3.10/dist-packages/airflow/example_dags/example_python_decorator.py
[2024-01-08T18:46:00.279+0300] {logging_mixin.py:188} INFO - [2024-01-08T18:46:00.279+0300] {dag.py:3033} INFO - Sync 1 DAGs
[2024-01-08T18:46:00.358+0300] {logging_mixin.py:188} INFO - [2024-01-08T18:46:00.357+0300] {dag.py:3820} INFO - Setting next_dagrun for example_python_decorator to None, run_after=None
[2024-01-08T18:46:00.466+0300] {processor.py:183} INFO - Processing /usr/local/lib/python3.10/dist-packages/airflow/example_dags/example_python_decorator.py took 1.237 seconds
[2024-01-08T18:46:44.804+0300] {processor.py:161} INFO - Started process (PID=16945) to work on /usr/local/lib/python3.10/dist-packages/airflow/example_dags/example_python_decorator.py
[2024-01-08T18:46:44.814+0300] {processor.py:830} INFO - Processing file /usr/local/lib/python3.10/dist-packages/airflow/example_dags/example_python_decorator.py for tasks to queue
[2024-01-08T18:46:44.817+0300] {logging_mixin.py:188} INFO - [2024-01-08T18:46:44.816+0300] {dagbag.py:538} INFO - Filling up the DagBag from /usr/local/lib/python3.10/dist-packages/airflow/example_dags/example_python_decorator.py
[2024-01-08T18:46:44.898+0300] {processor.py:840} INFO - DAG(s) 'example_python_decorator' retrieved from /usr/local/lib/python3.10/dist-packages/airflow/example_dags/example_python_decorator.py
[2024-01-08T18:46:45.038+0300] {logging_mixin.py:188} INFO - [2024-01-08T18:46:45.036+0300] {dag.py:3033} INFO - Sync 1 DAGs
[2024-01-08T18:46:45.136+0300] {logging_mixin.py:188} INFO - [2024-01-08T18:46:45.135+0300] {dag.py:3820} INFO - Setting next_dagrun for example_python_decorator to None, run_after=None
[2024-01-08T18:46:45.356+0300] {processor.py:183} INFO - Processing /usr/local/lib/python3.10/dist-packages/airflow/example_dags/example_python_decorator.py took 0.601 seconds
[2024-01-08T18:47:16.069+0300] {processor.py:161} INFO - Started process (PID=17328) to work on /usr/local/lib/python3.10/dist-packages/airflow/example_dags/example_python_decorator.py
[2024-01-08T18:47:16.071+0300] {processor.py:830} INFO - Processing file /usr/local/lib/python3.10/dist-packages/airflow/example_dags/example_python_decorator.py for tasks to queue
[2024-01-08T18:47:16.073+0300] {logging_mixin.py:188} INFO - [2024-01-08T18:47:16.072+0300] {dagbag.py:538} INFO - Filling up the DagBag from /usr/local/lib/python3.10/dist-packages/airflow/example_dags/example_python_decorator.py
[2024-01-08T18:47:16.098+0300] {processor.py:840} INFO - DAG(s) 'example_python_decorator' retrieved from /usr/local/lib/python3.10/dist-packages/airflow/example_dags/example_python_decorator.py
[2024-01-08T18:47:16.233+0300] {logging_mixin.py:188} INFO - [2024-01-08T18:47:16.233+0300] {dag.py:3033} INFO - Sync 1 DAGs
[2024-01-08T18:47:16.274+0300] {logging_mixin.py:188} INFO - [2024-01-08T18:47:16.273+0300] {dag.py:3820} INFO - Setting next_dagrun for example_python_decorator to None, run_after=None
[2024-01-08T18:47:16.403+0300] {processor.py:183} INFO - Processing /usr/local/lib/python3.10/dist-packages/airflow/example_dags/example_python_decorator.py took 0.347 seconds
[2024-01-08T18:47:46.735+0300] {processor.py:161} INFO - Started process (PID=17668) to work on /usr/local/lib/python3.10/dist-packages/airflow/example_dags/example_python_decorator.py
[2024-01-08T18:47:46.742+0300] {processor.py:830} INFO - Processing file /usr/local/lib/python3.10/dist-packages/airflow/example_dags/example_python_decorator.py for tasks to queue
[2024-01-08T18:47:46.746+0300] {logging_mixin.py:188} INFO - [2024-01-08T18:47:46.744+0300] {dagbag.py:538} INFO - Filling up the DagBag from /usr/local/lib/python3.10/dist-packages/airflow/example_dags/example_python_decorator.py
[2024-01-08T18:47:46.798+0300] {processor.py:840} INFO - DAG(s) 'example_python_decorator' retrieved from /usr/local/lib/python3.10/dist-packages/airflow/example_dags/example_python_decorator.py
[2024-01-08T18:47:46.925+0300] {logging_mixin.py:188} INFO - [2024-01-08T18:47:46.924+0300] {dag.py:3033} INFO - Sync 1 DAGs
[2024-01-08T18:47:46.966+0300] {logging_mixin.py:188} INFO - [2024-01-08T18:47:46.966+0300] {dag.py:3820} INFO - Setting next_dagrun for example_python_decorator to None, run_after=None
[2024-01-08T18:47:47.021+0300] {processor.py:183} INFO - Processing /usr/local/lib/python3.10/dist-packages/airflow/example_dags/example_python_decorator.py took 0.305 seconds
[2024-01-08T18:48:27.298+0300] {processor.py:161} INFO - Started process (PID=18097) to work on /usr/local/lib/python3.10/dist-packages/airflow/example_dags/example_python_decorator.py
[2024-01-08T18:48:27.361+0300] {processor.py:830} INFO - Processing file /usr/local/lib/python3.10/dist-packages/airflow/example_dags/example_python_decorator.py for tasks to queue
[2024-01-08T18:48:27.438+0300] {logging_mixin.py:188} INFO - [2024-01-08T18:48:27.438+0300] {dagbag.py:538} INFO - Filling up the DagBag from /usr/local/lib/python3.10/dist-packages/airflow/example_dags/example_python_decorator.py
[2024-01-08T18:48:27.622+0300] {processor.py:840} INFO - DAG(s) 'example_python_decorator' retrieved from /usr/local/lib/python3.10/dist-packages/airflow/example_dags/example_python_decorator.py
[2024-01-08T18:48:28.352+0300] {logging_mixin.py:188} INFO - [2024-01-08T18:48:28.343+0300] {dag.py:3033} INFO - Sync 1 DAGs
[2024-01-08T18:48:28.534+0300] {logging_mixin.py:188} INFO - [2024-01-08T18:48:28.534+0300] {dag.py:3820} INFO - Setting next_dagrun for example_python_decorator to None, run_after=None
[2024-01-08T18:48:28.769+0300] {processor.py:183} INFO - Processing /usr/local/lib/python3.10/dist-packages/airflow/example_dags/example_python_decorator.py took 1.660 seconds
[2024-01-08T18:48:59.208+0300] {processor.py:161} INFO - Started process (PID=18465) to work on /usr/local/lib/python3.10/dist-packages/airflow/example_dags/example_python_decorator.py
[2024-01-08T18:48:59.211+0300] {processor.py:830} INFO - Processing file /usr/local/lib/python3.10/dist-packages/airflow/example_dags/example_python_decorator.py for tasks to queue
[2024-01-08T18:48:59.226+0300] {logging_mixin.py:188} INFO - [2024-01-08T18:48:59.225+0300] {dagbag.py:538} INFO - Filling up the DagBag from /usr/local/lib/python3.10/dist-packages/airflow/example_dags/example_python_decorator.py
[2024-01-08T18:48:59.290+0300] {processor.py:840} INFO - DAG(s) 'example_python_decorator' retrieved from /usr/local/lib/python3.10/dist-packages/airflow/example_dags/example_python_decorator.py
[2024-01-08T18:48:59.850+0300] {logging_mixin.py:188} INFO - [2024-01-08T18:48:59.850+0300] {dag.py:3033} INFO - Sync 1 DAGs
[2024-01-08T18:49:00.000+0300] {logging_mixin.py:188} INFO - [2024-01-08T18:48:59.999+0300] {dag.py:3820} INFO - Setting next_dagrun for example_python_decorator to None, run_after=None
[2024-01-08T18:49:00.297+0300] {processor.py:183} INFO - Processing /usr/local/lib/python3.10/dist-packages/airflow/example_dags/example_python_decorator.py took 1.118 seconds
[2024-01-08T18:49:30.579+0300] {processor.py:161} INFO - Started process (PID=18891) to work on /usr/local/lib/python3.10/dist-packages/airflow/example_dags/example_python_decorator.py
[2024-01-08T18:49:30.584+0300] {processor.py:830} INFO - Processing file /usr/local/lib/python3.10/dist-packages/airflow/example_dags/example_python_decorator.py for tasks to queue
[2024-01-08T18:49:30.586+0300] {logging_mixin.py:188} INFO - [2024-01-08T18:49:30.585+0300] {dagbag.py:538} INFO - Filling up the DagBag from /usr/local/lib/python3.10/dist-packages/airflow/example_dags/example_python_decorator.py
[2024-01-08T18:49:30.626+0300] {processor.py:840} INFO - DAG(s) 'example_python_decorator' retrieved from /usr/local/lib/python3.10/dist-packages/airflow/example_dags/example_python_decorator.py
[2024-01-08T18:49:30.750+0300] {logging_mixin.py:188} INFO - [2024-01-08T18:49:30.749+0300] {dag.py:3033} INFO - Sync 1 DAGs
[2024-01-08T18:49:30.790+0300] {logging_mixin.py:188} INFO - [2024-01-08T18:49:30.790+0300] {dag.py:3820} INFO - Setting next_dagrun for example_python_decorator to None, run_after=None
[2024-01-08T18:49:30.835+0300] {processor.py:183} INFO - Processing /usr/local/lib/python3.10/dist-packages/airflow/example_dags/example_python_decorator.py took 0.271 seconds
[2024-01-08T18:50:02.172+0300] {processor.py:161} INFO - Started process (PID=19205) to work on /usr/local/lib/python3.10/dist-packages/airflow/example_dags/example_python_decorator.py
[2024-01-08T18:50:02.177+0300] {processor.py:830} INFO - Processing file /usr/local/lib/python3.10/dist-packages/airflow/example_dags/example_python_decorator.py for tasks to queue
[2024-01-08T18:50:02.181+0300] {logging_mixin.py:188} INFO - [2024-01-08T18:50:02.180+0300] {dagbag.py:538} INFO - Filling up the DagBag from /usr/local/lib/python3.10/dist-packages/airflow/example_dags/example_python_decorator.py
[2024-01-08T18:50:02.231+0300] {processor.py:840} INFO - DAG(s) 'example_python_decorator' retrieved from /usr/local/lib/python3.10/dist-packages/airflow/example_dags/example_python_decorator.py
[2024-01-08T18:50:02.354+0300] {logging_mixin.py:188} INFO - [2024-01-08T18:50:02.354+0300] {dag.py:3033} INFO - Sync 1 DAGs
[2024-01-08T18:50:02.386+0300] {logging_mixin.py:188} INFO - [2024-01-08T18:50:02.386+0300] {dag.py:3820} INFO - Setting next_dagrun for example_python_decorator to None, run_after=None
[2024-01-08T18:50:02.467+0300] {processor.py:183} INFO - Processing /usr/local/lib/python3.10/dist-packages/airflow/example_dags/example_python_decorator.py took 0.311 seconds
[2024-01-08T18:50:32.865+0300] {processor.py:161} INFO - Started process (PID=19521) to work on /usr/local/lib/python3.10/dist-packages/airflow/example_dags/example_python_decorator.py
[2024-01-08T18:50:32.871+0300] {processor.py:830} INFO - Processing file /usr/local/lib/python3.10/dist-packages/airflow/example_dags/example_python_decorator.py for tasks to queue
[2024-01-08T18:50:32.873+0300] {logging_mixin.py:188} INFO - [2024-01-08T18:50:32.872+0300] {dagbag.py:538} INFO - Filling up the DagBag from /usr/local/lib/python3.10/dist-packages/airflow/example_dags/example_python_decorator.py
[2024-01-08T18:50:32.933+0300] {processor.py:840} INFO - DAG(s) 'example_python_decorator' retrieved from /usr/local/lib/python3.10/dist-packages/airflow/example_dags/example_python_decorator.py
[2024-01-08T18:50:33.070+0300] {logging_mixin.py:188} INFO - [2024-01-08T18:50:33.069+0300] {dag.py:3033} INFO - Sync 1 DAGs
[2024-01-08T18:50:33.123+0300] {logging_mixin.py:188} INFO - [2024-01-08T18:50:33.122+0300] {dag.py:3820} INFO - Setting next_dagrun for example_python_decorator to None, run_after=None
[2024-01-08T18:50:33.202+0300] {processor.py:183} INFO - Processing /usr/local/lib/python3.10/dist-packages/airflow/example_dags/example_python_decorator.py took 0.357 seconds
[2024-01-08T18:51:08.451+0300] {processor.py:161} INFO - Started process (PID=19864) to work on /usr/local/lib/python3.10/dist-packages/airflow/example_dags/example_python_decorator.py
[2024-01-08T18:51:08.454+0300] {processor.py:830} INFO - Processing file /usr/local/lib/python3.10/dist-packages/airflow/example_dags/example_python_decorator.py for tasks to queue
[2024-01-08T18:51:08.456+0300] {logging_mixin.py:188} INFO - [2024-01-08T18:51:08.455+0300] {dagbag.py:538} INFO - Filling up the DagBag from /usr/local/lib/python3.10/dist-packages/airflow/example_dags/example_python_decorator.py
[2024-01-08T18:51:08.547+0300] {processor.py:840} INFO - DAG(s) 'example_python_decorator' retrieved from /usr/local/lib/python3.10/dist-packages/airflow/example_dags/example_python_decorator.py
[2024-01-08T18:51:08.883+0300] {logging_mixin.py:188} INFO - [2024-01-08T18:51:08.882+0300] {dag.py:3033} INFO - Sync 1 DAGs
[2024-01-08T18:51:09.003+0300] {logging_mixin.py:188} INFO - [2024-01-08T18:51:08.999+0300] {dag.py:3820} INFO - Setting next_dagrun for example_python_decorator to None, run_after=None
[2024-01-08T18:51:09.228+0300] {processor.py:183} INFO - Processing /usr/local/lib/python3.10/dist-packages/airflow/example_dags/example_python_decorator.py took 0.811 seconds
[2024-01-08T18:51:41.609+0300] {processor.py:161} INFO - Started process (PID=20243) to work on /usr/local/lib/python3.10/dist-packages/airflow/example_dags/example_python_decorator.py
[2024-01-08T18:51:41.613+0300] {processor.py:830} INFO - Processing file /usr/local/lib/python3.10/dist-packages/airflow/example_dags/example_python_decorator.py for tasks to queue
[2024-01-08T18:51:41.616+0300] {logging_mixin.py:188} INFO - [2024-01-08T18:51:41.615+0300] {dagbag.py:538} INFO - Filling up the DagBag from /usr/local/lib/python3.10/dist-packages/airflow/example_dags/example_python_decorator.py
[2024-01-08T18:51:41.763+0300] {processor.py:840} INFO - DAG(s) 'example_python_decorator' retrieved from /usr/local/lib/python3.10/dist-packages/airflow/example_dags/example_python_decorator.py
[2024-01-08T18:51:42.353+0300] {logging_mixin.py:188} INFO - [2024-01-08T18:51:42.353+0300] {dag.py:3033} INFO - Sync 1 DAGs
[2024-01-08T18:51:42.548+0300] {logging_mixin.py:188} INFO - [2024-01-08T18:51:42.547+0300] {dag.py:3820} INFO - Setting next_dagrun for example_python_decorator to None, run_after=None
[2024-01-08T18:51:43.004+0300] {processor.py:183} INFO - Processing /usr/local/lib/python3.10/dist-packages/airflow/example_dags/example_python_decorator.py took 1.517 seconds
[2024-01-08T18:52:32.741+0300] {processor.py:161} INFO - Started process (PID=20791) to work on /usr/local/lib/python3.10/dist-packages/airflow/example_dags/example_python_decorator.py
[2024-01-08T18:52:32.746+0300] {processor.py:830} INFO - Processing file /usr/local/lib/python3.10/dist-packages/airflow/example_dags/example_python_decorator.py for tasks to queue
[2024-01-08T18:52:32.750+0300] {logging_mixin.py:188} INFO - [2024-01-08T18:52:32.748+0300] {dagbag.py:538} INFO - Filling up the DagBag from /usr/local/lib/python3.10/dist-packages/airflow/example_dags/example_python_decorator.py
[2024-01-08T18:52:32.812+0300] {processor.py:840} INFO - DAG(s) 'example_python_decorator' retrieved from /usr/local/lib/python3.10/dist-packages/airflow/example_dags/example_python_decorator.py
[2024-01-08T18:52:32.975+0300] {logging_mixin.py:188} INFO - [2024-01-08T18:52:32.975+0300] {dag.py:3033} INFO - Sync 1 DAGs
[2024-01-08T18:52:33.022+0300] {logging_mixin.py:188} INFO - [2024-01-08T18:52:33.022+0300] {dag.py:3820} INFO - Setting next_dagrun for example_python_decorator to None, run_after=None
[2024-01-08T18:52:33.108+0300] {processor.py:183} INFO - Processing /usr/local/lib/python3.10/dist-packages/airflow/example_dags/example_python_decorator.py took 0.398 seconds
[2024-01-08T18:53:36.400+0300] {processor.py:161} INFO - Started process (PID=21366) to work on /usr/local/lib/python3.10/dist-packages/airflow/example_dags/example_python_decorator.py
[2024-01-08T18:53:36.404+0300] {processor.py:830} INFO - Processing file /usr/local/lib/python3.10/dist-packages/airflow/example_dags/example_python_decorator.py for tasks to queue
[2024-01-08T18:53:36.406+0300] {logging_mixin.py:188} INFO - [2024-01-08T18:53:36.405+0300] {dagbag.py:538} INFO - Filling up the DagBag from /usr/local/lib/python3.10/dist-packages/airflow/example_dags/example_python_decorator.py
[2024-01-08T18:53:36.787+0300] {processor.py:840} INFO - DAG(s) 'example_python_decorator' retrieved from /usr/local/lib/python3.10/dist-packages/airflow/example_dags/example_python_decorator.py
[2024-01-08T18:53:37.326+0300] {logging_mixin.py:188} INFO - [2024-01-08T18:53:37.326+0300] {dag.py:3033} INFO - Sync 1 DAGs
[2024-01-08T18:53:37.538+0300] {logging_mixin.py:188} INFO - [2024-01-08T18:53:37.538+0300] {dag.py:3820} INFO - Setting next_dagrun for example_python_decorator to None, run_after=None
[2024-01-08T18:53:37.866+0300] {processor.py:183} INFO - Processing /usr/local/lib/python3.10/dist-packages/airflow/example_dags/example_python_decorator.py took 1.575 seconds
[2024-01-08T18:54:19.045+0300] {processor.py:161} INFO - Started process (PID=21769) to work on /usr/local/lib/python3.10/dist-packages/airflow/example_dags/example_python_decorator.py
[2024-01-08T18:54:19.100+0300] {processor.py:830} INFO - Processing file /usr/local/lib/python3.10/dist-packages/airflow/example_dags/example_python_decorator.py for tasks to queue
[2024-01-08T18:54:19.103+0300] {logging_mixin.py:188} INFO - [2024-01-08T18:54:19.102+0300] {dagbag.py:538} INFO - Filling up the DagBag from /usr/local/lib/python3.10/dist-packages/airflow/example_dags/example_python_decorator.py
[2024-01-08T18:54:19.333+0300] {processor.py:840} INFO - DAG(s) 'example_python_decorator' retrieved from /usr/local/lib/python3.10/dist-packages/airflow/example_dags/example_python_decorator.py
[2024-01-08T18:54:19.669+0300] {logging_mixin.py:188} INFO - [2024-01-08T18:54:19.669+0300] {dag.py:3033} INFO - Sync 1 DAGs
[2024-01-08T18:54:19.709+0300] {logging_mixin.py:188} INFO - [2024-01-08T18:54:19.708+0300] {dag.py:3820} INFO - Setting next_dagrun for example_python_decorator to None, run_after=None
[2024-01-08T18:54:19.923+0300] {processor.py:183} INFO - Processing /usr/local/lib/python3.10/dist-packages/airflow/example_dags/example_python_decorator.py took 0.908 seconds
[2024-01-08T18:54:56.584+0300] {processor.py:161} INFO - Started process (PID=22249) to work on /usr/local/lib/python3.10/dist-packages/airflow/example_dags/example_python_decorator.py
[2024-01-08T18:54:56.587+0300] {processor.py:830} INFO - Processing file /usr/local/lib/python3.10/dist-packages/airflow/example_dags/example_python_decorator.py for tasks to queue
[2024-01-08T18:54:56.591+0300] {logging_mixin.py:188} INFO - [2024-01-08T18:54:56.590+0300] {dagbag.py:538} INFO - Filling up the DagBag from /usr/local/lib/python3.10/dist-packages/airflow/example_dags/example_python_decorator.py
[2024-01-08T18:54:56.625+0300] {processor.py:840} INFO - DAG(s) 'example_python_decorator' retrieved from /usr/local/lib/python3.10/dist-packages/airflow/example_dags/example_python_decorator.py
[2024-01-08T18:54:56.738+0300] {logging_mixin.py:188} INFO - [2024-01-08T18:54:56.738+0300] {dag.py:3033} INFO - Sync 1 DAGs
[2024-01-08T18:54:56.766+0300] {logging_mixin.py:188} INFO - [2024-01-08T18:54:56.766+0300] {dag.py:3820} INFO - Setting next_dagrun for example_python_decorator to None, run_after=None
[2024-01-08T18:54:56.821+0300] {processor.py:183} INFO - Processing /usr/local/lib/python3.10/dist-packages/airflow/example_dags/example_python_decorator.py took 0.256 seconds
[2024-01-08T18:55:31.559+0300] {processor.py:161} INFO - Started process (PID=22644) to work on /usr/local/lib/python3.10/dist-packages/airflow/example_dags/example_python_decorator.py
[2024-01-08T18:55:31.566+0300] {processor.py:830} INFO - Processing file /usr/local/lib/python3.10/dist-packages/airflow/example_dags/example_python_decorator.py for tasks to queue
[2024-01-08T18:55:31.568+0300] {logging_mixin.py:188} INFO - [2024-01-08T18:55:31.567+0300] {dagbag.py:538} INFO - Filling up the DagBag from /usr/local/lib/python3.10/dist-packages/airflow/example_dags/example_python_decorator.py
[2024-01-08T18:55:31.682+0300] {processor.py:840} INFO - DAG(s) 'example_python_decorator' retrieved from /usr/local/lib/python3.10/dist-packages/airflow/example_dags/example_python_decorator.py
[2024-01-08T18:55:32.275+0300] {logging_mixin.py:188} INFO - [2024-01-08T18:55:32.264+0300] {dag.py:3033} INFO - Sync 1 DAGs
[2024-01-08T18:55:32.464+0300] {logging_mixin.py:188} INFO - [2024-01-08T18:55:32.463+0300] {dag.py:3820} INFO - Setting next_dagrun for example_python_decorator to None, run_after=None
[2024-01-08T18:55:32.790+0300] {processor.py:183} INFO - Processing /usr/local/lib/python3.10/dist-packages/airflow/example_dags/example_python_decorator.py took 1.269 seconds
[2024-01-08T18:56:03.858+0300] {processor.py:161} INFO - Started process (PID=22995) to work on /usr/local/lib/python3.10/dist-packages/airflow/example_dags/example_python_decorator.py
[2024-01-08T18:56:03.861+0300] {processor.py:830} INFO - Processing file /usr/local/lib/python3.10/dist-packages/airflow/example_dags/example_python_decorator.py for tasks to queue
[2024-01-08T18:56:03.863+0300] {logging_mixin.py:188} INFO - [2024-01-08T18:56:03.863+0300] {dagbag.py:538} INFO - Filling up the DagBag from /usr/local/lib/python3.10/dist-packages/airflow/example_dags/example_python_decorator.py
[2024-01-08T18:56:03.895+0300] {processor.py:840} INFO - DAG(s) 'example_python_decorator' retrieved from /usr/local/lib/python3.10/dist-packages/airflow/example_dags/example_python_decorator.py
[2024-01-08T18:56:03.977+0300] {logging_mixin.py:188} INFO - [2024-01-08T18:56:03.976+0300] {dag.py:3033} INFO - Sync 1 DAGs
[2024-01-08T18:56:04.005+0300] {logging_mixin.py:188} INFO - [2024-01-08T18:56:04.004+0300] {dag.py:3820} INFO - Setting next_dagrun for example_python_decorator to None, run_after=None
[2024-01-08T18:56:04.063+0300] {processor.py:183} INFO - Processing /usr/local/lib/python3.10/dist-packages/airflow/example_dags/example_python_decorator.py took 0.214 seconds
[2024-01-08T18:56:34.329+0300] {processor.py:161} INFO - Started process (PID=23311) to work on /usr/local/lib/python3.10/dist-packages/airflow/example_dags/example_python_decorator.py
[2024-01-08T18:56:34.333+0300] {processor.py:830} INFO - Processing file /usr/local/lib/python3.10/dist-packages/airflow/example_dags/example_python_decorator.py for tasks to queue
[2024-01-08T18:56:34.336+0300] {logging_mixin.py:188} INFO - [2024-01-08T18:56:34.335+0300] {dagbag.py:538} INFO - Filling up the DagBag from /usr/local/lib/python3.10/dist-packages/airflow/example_dags/example_python_decorator.py
[2024-01-08T18:56:34.375+0300] {processor.py:840} INFO - DAG(s) 'example_python_decorator' retrieved from /usr/local/lib/python3.10/dist-packages/airflow/example_dags/example_python_decorator.py
[2024-01-08T18:56:34.466+0300] {logging_mixin.py:188} INFO - [2024-01-08T18:56:34.466+0300] {dag.py:3033} INFO - Sync 1 DAGs
[2024-01-08T18:56:34.504+0300] {logging_mixin.py:188} INFO - [2024-01-08T18:56:34.503+0300] {dag.py:3820} INFO - Setting next_dagrun for example_python_decorator to None, run_after=None
[2024-01-08T18:56:34.559+0300] {processor.py:183} INFO - Processing /usr/local/lib/python3.10/dist-packages/airflow/example_dags/example_python_decorator.py took 0.254 seconds
[2024-01-08T18:57:07.954+0300] {processor.py:161} INFO - Started process (PID=23668) to work on /usr/local/lib/python3.10/dist-packages/airflow/example_dags/example_python_decorator.py
[2024-01-08T18:57:07.970+0300] {processor.py:830} INFO - Processing file /usr/local/lib/python3.10/dist-packages/airflow/example_dags/example_python_decorator.py for tasks to queue
[2024-01-08T18:57:07.973+0300] {logging_mixin.py:188} INFO - [2024-01-08T18:57:07.972+0300] {dagbag.py:538} INFO - Filling up the DagBag from /usr/local/lib/python3.10/dist-packages/airflow/example_dags/example_python_decorator.py
[2024-01-08T18:57:08.036+0300] {processor.py:840} INFO - DAG(s) 'example_python_decorator' retrieved from /usr/local/lib/python3.10/dist-packages/airflow/example_dags/example_python_decorator.py
[2024-01-08T18:57:08.262+0300] {logging_mixin.py:188} INFO - [2024-01-08T18:57:08.261+0300] {dag.py:3033} INFO - Sync 1 DAGs
[2024-01-08T18:57:08.322+0300] {logging_mixin.py:188} INFO - [2024-01-08T18:57:08.321+0300] {dag.py:3820} INFO - Setting next_dagrun for example_python_decorator to None, run_after=None
[2024-01-08T18:57:08.421+0300] {processor.py:183} INFO - Processing /usr/local/lib/python3.10/dist-packages/airflow/example_dags/example_python_decorator.py took 0.480 seconds
[2024-01-08T18:57:38.994+0300] {processor.py:161} INFO - Started process (PID=24008) to work on /usr/local/lib/python3.10/dist-packages/airflow/example_dags/example_python_decorator.py
[2024-01-08T18:57:39.015+0300] {processor.py:830} INFO - Processing file /usr/local/lib/python3.10/dist-packages/airflow/example_dags/example_python_decorator.py for tasks to queue
[2024-01-08T18:57:39.022+0300] {logging_mixin.py:188} INFO - [2024-01-08T18:57:39.021+0300] {dagbag.py:538} INFO - Filling up the DagBag from /usr/local/lib/python3.10/dist-packages/airflow/example_dags/example_python_decorator.py
[2024-01-08T18:57:39.152+0300] {processor.py:840} INFO - DAG(s) 'example_python_decorator' retrieved from /usr/local/lib/python3.10/dist-packages/airflow/example_dags/example_python_decorator.py
[2024-01-08T18:57:39.537+0300] {logging_mixin.py:188} INFO - [2024-01-08T18:57:39.536+0300] {dag.py:3033} INFO - Sync 1 DAGs
[2024-01-08T18:57:39.671+0300] {logging_mixin.py:188} INFO - [2024-01-08T18:57:39.670+0300] {dag.py:3820} INFO - Setting next_dagrun for example_python_decorator to None, run_after=None
[2024-01-08T18:57:39.852+0300] {processor.py:183} INFO - Processing /usr/local/lib/python3.10/dist-packages/airflow/example_dags/example_python_decorator.py took 0.897 seconds
[2024-01-08T18:58:10.086+0300] {processor.py:161} INFO - Started process (PID=24382) to work on /usr/local/lib/python3.10/dist-packages/airflow/example_dags/example_python_decorator.py
[2024-01-08T18:58:10.091+0300] {processor.py:830} INFO - Processing file /usr/local/lib/python3.10/dist-packages/airflow/example_dags/example_python_decorator.py for tasks to queue
[2024-01-08T18:58:10.094+0300] {logging_mixin.py:188} INFO - [2024-01-08T18:58:10.092+0300] {dagbag.py:538} INFO - Filling up the DagBag from /usr/local/lib/python3.10/dist-packages/airflow/example_dags/example_python_decorator.py
[2024-01-08T18:58:10.141+0300] {processor.py:840} INFO - DAG(s) 'example_python_decorator' retrieved from /usr/local/lib/python3.10/dist-packages/airflow/example_dags/example_python_decorator.py
[2024-01-08T18:58:10.305+0300] {logging_mixin.py:188} INFO - [2024-01-08T18:58:10.305+0300] {dag.py:3033} INFO - Sync 1 DAGs
[2024-01-08T18:58:10.350+0300] {logging_mixin.py:188} INFO - [2024-01-08T18:58:10.349+0300] {dag.py:3820} INFO - Setting next_dagrun for example_python_decorator to None, run_after=None
[2024-01-08T18:58:10.430+0300] {processor.py:183} INFO - Processing /usr/local/lib/python3.10/dist-packages/airflow/example_dags/example_python_decorator.py took 0.357 seconds
[2024-01-08T18:58:46.250+0300] {processor.py:161} INFO - Started process (PID=24815) to work on /usr/local/lib/python3.10/dist-packages/airflow/example_dags/example_python_decorator.py
[2024-01-08T18:58:46.263+0300] {processor.py:830} INFO - Processing file /usr/local/lib/python3.10/dist-packages/airflow/example_dags/example_python_decorator.py for tasks to queue
[2024-01-08T18:58:46.265+0300] {logging_mixin.py:188} INFO - [2024-01-08T18:58:46.264+0300] {dagbag.py:538} INFO - Filling up the DagBag from /usr/local/lib/python3.10/dist-packages/airflow/example_dags/example_python_decorator.py
[2024-01-08T18:58:46.445+0300] {processor.py:840} INFO - DAG(s) 'example_python_decorator' retrieved from /usr/local/lib/python3.10/dist-packages/airflow/example_dags/example_python_decorator.py
[2024-01-08T18:58:47.004+0300] {logging_mixin.py:188} INFO - [2024-01-08T18:58:47.003+0300] {dag.py:3033} INFO - Sync 1 DAGs
[2024-01-08T18:58:47.102+0300] {logging_mixin.py:188} INFO - [2024-01-08T18:58:47.101+0300] {dag.py:3820} INFO - Setting next_dagrun for example_python_decorator to None, run_after=None
[2024-01-08T18:58:47.369+0300] {processor.py:183} INFO - Processing /usr/local/lib/python3.10/dist-packages/airflow/example_dags/example_python_decorator.py took 1.155 seconds
[2024-01-08T18:59:17.907+0300] {processor.py:161} INFO - Started process (PID=25197) to work on /usr/local/lib/python3.10/dist-packages/airflow/example_dags/example_python_decorator.py
[2024-01-08T18:59:17.909+0300] {processor.py:830} INFO - Processing file /usr/local/lib/python3.10/dist-packages/airflow/example_dags/example_python_decorator.py for tasks to queue
[2024-01-08T18:59:17.912+0300] {logging_mixin.py:188} INFO - [2024-01-08T18:59:17.911+0300] {dagbag.py:538} INFO - Filling up the DagBag from /usr/local/lib/python3.10/dist-packages/airflow/example_dags/example_python_decorator.py
[2024-01-08T18:59:18.022+0300] {processor.py:840} INFO - DAG(s) 'example_python_decorator' retrieved from /usr/local/lib/python3.10/dist-packages/airflow/example_dags/example_python_decorator.py
[2024-01-08T18:59:18.288+0300] {logging_mixin.py:188} INFO - [2024-01-08T18:59:18.287+0300] {dag.py:3033} INFO - Sync 1 DAGs
[2024-01-08T18:59:18.386+0300] {logging_mixin.py:188} INFO - [2024-01-08T18:59:18.385+0300] {dag.py:3820} INFO - Setting next_dagrun for example_python_decorator to None, run_after=None
[2024-01-08T18:59:18.514+0300] {processor.py:183} INFO - Processing /usr/local/lib/python3.10/dist-packages/airflow/example_dags/example_python_decorator.py took 0.634 seconds
[2024-01-08T18:59:49.390+0300] {processor.py:161} INFO - Started process (PID=25604) to work on /usr/local/lib/python3.10/dist-packages/airflow/example_dags/example_python_decorator.py
[2024-01-08T18:59:49.405+0300] {processor.py:830} INFO - Processing file /usr/local/lib/python3.10/dist-packages/airflow/example_dags/example_python_decorator.py for tasks to queue
[2024-01-08T18:59:49.407+0300] {logging_mixin.py:188} INFO - [2024-01-08T18:59:49.406+0300] {dagbag.py:538} INFO - Filling up the DagBag from /usr/local/lib/python3.10/dist-packages/airflow/example_dags/example_python_decorator.py
[2024-01-08T18:59:49.450+0300] {processor.py:840} INFO - DAG(s) 'example_python_decorator' retrieved from /usr/local/lib/python3.10/dist-packages/airflow/example_dags/example_python_decorator.py
[2024-01-08T18:59:49.555+0300] {logging_mixin.py:188} INFO - [2024-01-08T18:59:49.555+0300] {dag.py:3033} INFO - Sync 1 DAGs
[2024-01-08T18:59:49.592+0300] {logging_mixin.py:188} INFO - [2024-01-08T18:59:49.592+0300] {dag.py:3820} INFO - Setting next_dagrun for example_python_decorator to None, run_after=None
[2024-01-08T18:59:49.767+0300] {processor.py:183} INFO - Processing /usr/local/lib/python3.10/dist-packages/airflow/example_dags/example_python_decorator.py took 0.396 seconds
[2024-01-08T19:00:22.700+0300] {processor.py:161} INFO - Started process (PID=26015) to work on /usr/local/lib/python3.10/dist-packages/airflow/example_dags/example_python_decorator.py
[2024-01-08T19:00:22.726+0300] {processor.py:830} INFO - Processing file /usr/local/lib/python3.10/dist-packages/airflow/example_dags/example_python_decorator.py for tasks to queue
[2024-01-08T19:00:22.729+0300] {logging_mixin.py:188} INFO - [2024-01-08T19:00:22.728+0300] {dagbag.py:538} INFO - Filling up the DagBag from /usr/local/lib/python3.10/dist-packages/airflow/example_dags/example_python_decorator.py
[2024-01-08T19:00:22.805+0300] {processor.py:840} INFO - DAG(s) 'example_python_decorator' retrieved from /usr/local/lib/python3.10/dist-packages/airflow/example_dags/example_python_decorator.py
[2024-01-08T19:00:23.024+0300] {logging_mixin.py:188} INFO - [2024-01-08T19:00:23.023+0300] {dag.py:3033} INFO - Sync 1 DAGs
[2024-01-08T19:00:23.100+0300] {logging_mixin.py:188} INFO - [2024-01-08T19:00:23.099+0300] {dag.py:3820} INFO - Setting next_dagrun for example_python_decorator to None, run_after=None
[2024-01-08T19:00:23.215+0300] {processor.py:183} INFO - Processing /usr/local/lib/python3.10/dist-packages/airflow/example_dags/example_python_decorator.py took 0.525 seconds
[2024-01-08T19:00:54.709+0300] {processor.py:161} INFO - Started process (PID=26442) to work on /usr/local/lib/python3.10/dist-packages/airflow/example_dags/example_python_decorator.py
[2024-01-08T19:00:54.714+0300] {processor.py:830} INFO - Processing file /usr/local/lib/python3.10/dist-packages/airflow/example_dags/example_python_decorator.py for tasks to queue
[2024-01-08T19:00:54.716+0300] {logging_mixin.py:188} INFO - [2024-01-08T19:00:54.715+0300] {dagbag.py:538} INFO - Filling up the DagBag from /usr/local/lib/python3.10/dist-packages/airflow/example_dags/example_python_decorator.py
[2024-01-08T19:00:54.770+0300] {processor.py:840} INFO - DAG(s) 'example_python_decorator' retrieved from /usr/local/lib/python3.10/dist-packages/airflow/example_dags/example_python_decorator.py
[2024-01-08T19:00:54.956+0300] {logging_mixin.py:188} INFO - [2024-01-08T19:00:54.955+0300] {dag.py:3033} INFO - Sync 1 DAGs
[2024-01-08T19:00:55.027+0300] {logging_mixin.py:188} INFO - [2024-01-08T19:00:55.026+0300] {dag.py:3820} INFO - Setting next_dagrun for example_python_decorator to None, run_after=None
[2024-01-08T19:00:55.149+0300] {processor.py:183} INFO - Processing /usr/local/lib/python3.10/dist-packages/airflow/example_dags/example_python_decorator.py took 0.480 seconds
[2024-01-08T19:01:34.255+0300] {processor.py:161} INFO - Started process (PID=26896) to work on /usr/local/lib/python3.10/dist-packages/airflow/example_dags/example_python_decorator.py
[2024-01-08T19:01:34.283+0300] {processor.py:830} INFO - Processing file /usr/local/lib/python3.10/dist-packages/airflow/example_dags/example_python_decorator.py for tasks to queue
[2024-01-08T19:01:34.285+0300] {logging_mixin.py:188} INFO - [2024-01-08T19:01:34.284+0300] {dagbag.py:538} INFO - Filling up the DagBag from /usr/local/lib/python3.10/dist-packages/airflow/example_dags/example_python_decorator.py
[2024-01-08T19:01:34.433+0300] {processor.py:840} INFO - DAG(s) 'example_python_decorator' retrieved from /usr/local/lib/python3.10/dist-packages/airflow/example_dags/example_python_decorator.py
[2024-01-08T19:01:34.777+0300] {logging_mixin.py:188} INFO - [2024-01-08T19:01:34.777+0300] {dag.py:3033} INFO - Sync 1 DAGs
[2024-01-08T19:01:34.898+0300] {logging_mixin.py:188} INFO - [2024-01-08T19:01:34.897+0300] {dag.py:3820} INFO - Setting next_dagrun for example_python_decorator to None, run_after=None
[2024-01-08T19:01:35.091+0300] {processor.py:183} INFO - Processing /usr/local/lib/python3.10/dist-packages/airflow/example_dags/example_python_decorator.py took 0.860 seconds
[2024-01-08T19:02:05.221+0300] {processor.py:161} INFO - Started process (PID=27220) to work on /usr/local/lib/python3.10/dist-packages/airflow/example_dags/example_python_decorator.py
[2024-01-08T19:02:05.224+0300] {processor.py:830} INFO - Processing file /usr/local/lib/python3.10/dist-packages/airflow/example_dags/example_python_decorator.py for tasks to queue
[2024-01-08T19:02:05.227+0300] {logging_mixin.py:188} INFO - [2024-01-08T19:02:05.226+0300] {dagbag.py:538} INFO - Filling up the DagBag from /usr/local/lib/python3.10/dist-packages/airflow/example_dags/example_python_decorator.py
[2024-01-08T19:02:05.262+0300] {processor.py:840} INFO - DAG(s) 'example_python_decorator' retrieved from /usr/local/lib/python3.10/dist-packages/airflow/example_dags/example_python_decorator.py
[2024-01-08T19:02:05.359+0300] {logging_mixin.py:188} INFO - [2024-01-08T19:02:05.358+0300] {dag.py:3033} INFO - Sync 1 DAGs
[2024-01-08T19:02:05.388+0300] {logging_mixin.py:188} INFO - [2024-01-08T19:02:05.388+0300] {dag.py:3820} INFO - Setting next_dagrun for example_python_decorator to None, run_after=None
[2024-01-08T19:02:05.439+0300] {processor.py:183} INFO - Processing /usr/local/lib/python3.10/dist-packages/airflow/example_dags/example_python_decorator.py took 0.236 seconds
[2024-01-08T19:02:36.023+0300] {processor.py:161} INFO - Started process (PID=27529) to work on /usr/local/lib/python3.10/dist-packages/airflow/example_dags/example_python_decorator.py
[2024-01-08T19:02:36.035+0300] {processor.py:830} INFO - Processing file /usr/local/lib/python3.10/dist-packages/airflow/example_dags/example_python_decorator.py for tasks to queue
[2024-01-08T19:02:36.037+0300] {logging_mixin.py:188} INFO - [2024-01-08T19:02:36.036+0300] {dagbag.py:538} INFO - Filling up the DagBag from /usr/local/lib/python3.10/dist-packages/airflow/example_dags/example_python_decorator.py
[2024-01-08T19:02:36.106+0300] {processor.py:840} INFO - DAG(s) 'example_python_decorator' retrieved from /usr/local/lib/python3.10/dist-packages/airflow/example_dags/example_python_decorator.py
[2024-01-08T19:02:36.296+0300] {logging_mixin.py:188} INFO - [2024-01-08T19:02:36.296+0300] {dag.py:3033} INFO - Sync 1 DAGs
[2024-01-08T19:02:36.373+0300] {logging_mixin.py:188} INFO - [2024-01-08T19:02:36.373+0300] {dag.py:3820} INFO - Setting next_dagrun for example_python_decorator to None, run_after=None
[2024-01-08T19:02:36.439+0300] {processor.py:183} INFO - Processing /usr/local/lib/python3.10/dist-packages/airflow/example_dags/example_python_decorator.py took 0.446 seconds
[2024-01-08T19:03:20.666+0300] {processor.py:161} INFO - Started process (PID=27965) to work on /usr/local/lib/python3.10/dist-packages/airflow/example_dags/example_python_decorator.py
[2024-01-08T19:03:20.698+0300] {processor.py:830} INFO - Processing file /usr/local/lib/python3.10/dist-packages/airflow/example_dags/example_python_decorator.py for tasks to queue
[2024-01-08T19:03:20.701+0300] {logging_mixin.py:188} INFO - [2024-01-08T19:03:20.700+0300] {dagbag.py:538} INFO - Filling up the DagBag from /usr/local/lib/python3.10/dist-packages/airflow/example_dags/example_python_decorator.py
[2024-01-08T19:03:20.908+0300] {processor.py:840} INFO - DAG(s) 'example_python_decorator' retrieved from /usr/local/lib/python3.10/dist-packages/airflow/example_dags/example_python_decorator.py
[2024-01-08T19:03:21.595+0300] {logging_mixin.py:188} INFO - [2024-01-08T19:03:21.594+0300] {dag.py:3033} INFO - Sync 1 DAGs
[2024-01-08T19:03:21.817+0300] {logging_mixin.py:188} INFO - [2024-01-08T19:03:21.817+0300] {dag.py:3820} INFO - Setting next_dagrun for example_python_decorator to None, run_after=None
[2024-01-08T19:03:22.002+0300] {processor.py:183} INFO - Processing /usr/local/lib/python3.10/dist-packages/airflow/example_dags/example_python_decorator.py took 1.422 seconds
[2024-01-08T19:03:52.769+0300] {processor.py:161} INFO - Started process (PID=28362) to work on /usr/local/lib/python3.10/dist-packages/airflow/example_dags/example_python_decorator.py
[2024-01-08T19:03:52.772+0300] {processor.py:830} INFO - Processing file /usr/local/lib/python3.10/dist-packages/airflow/example_dags/example_python_decorator.py for tasks to queue
[2024-01-08T19:03:52.774+0300] {logging_mixin.py:188} INFO - [2024-01-08T19:03:52.773+0300] {dagbag.py:538} INFO - Filling up the DagBag from /usr/local/lib/python3.10/dist-packages/airflow/example_dags/example_python_decorator.py
[2024-01-08T19:03:52.857+0300] {processor.py:840} INFO - DAG(s) 'example_python_decorator' retrieved from /usr/local/lib/python3.10/dist-packages/airflow/example_dags/example_python_decorator.py
[2024-01-08T19:03:53.030+0300] {logging_mixin.py:188} INFO - [2024-01-08T19:03:53.028+0300] {dag.py:3033} INFO - Sync 1 DAGs
[2024-01-08T19:03:53.082+0300] {logging_mixin.py:188} INFO - [2024-01-08T19:03:53.082+0300] {dag.py:3820} INFO - Setting next_dagrun for example_python_decorator to None, run_after=None
[2024-01-08T19:03:53.209+0300] {processor.py:183} INFO - Processing /usr/local/lib/python3.10/dist-packages/airflow/example_dags/example_python_decorator.py took 0.477 seconds
[2024-01-08T19:04:23.570+0300] {processor.py:161} INFO - Started process (PID=28722) to work on /usr/local/lib/python3.10/dist-packages/airflow/example_dags/example_python_decorator.py
[2024-01-08T19:04:23.573+0300] {processor.py:830} INFO - Processing file /usr/local/lib/python3.10/dist-packages/airflow/example_dags/example_python_decorator.py for tasks to queue
[2024-01-08T19:04:23.575+0300] {logging_mixin.py:188} INFO - [2024-01-08T19:04:23.574+0300] {dagbag.py:538} INFO - Filling up the DagBag from /usr/local/lib/python3.10/dist-packages/airflow/example_dags/example_python_decorator.py
[2024-01-08T19:04:23.607+0300] {processor.py:840} INFO - DAG(s) 'example_python_decorator' retrieved from /usr/local/lib/python3.10/dist-packages/airflow/example_dags/example_python_decorator.py
[2024-01-08T19:04:23.727+0300] {logging_mixin.py:188} INFO - [2024-01-08T19:04:23.727+0300] {dag.py:3033} INFO - Sync 1 DAGs
[2024-01-08T19:04:23.766+0300] {logging_mixin.py:188} INFO - [2024-01-08T19:04:23.765+0300] {dag.py:3820} INFO - Setting next_dagrun for example_python_decorator to None, run_after=None
[2024-01-08T19:04:23.821+0300] {processor.py:183} INFO - Processing /usr/local/lib/python3.10/dist-packages/airflow/example_dags/example_python_decorator.py took 0.265 seconds
[2024-01-08T19:04:55.857+0300] {processor.py:161} INFO - Started process (PID=29143) to work on /usr/local/lib/python3.10/dist-packages/airflow/example_dags/example_python_decorator.py
[2024-01-08T19:04:55.859+0300] {processor.py:830} INFO - Processing file /usr/local/lib/python3.10/dist-packages/airflow/example_dags/example_python_decorator.py for tasks to queue
[2024-01-08T19:04:55.862+0300] {logging_mixin.py:188} INFO - [2024-01-08T19:04:55.862+0300] {dagbag.py:538} INFO - Filling up the DagBag from /usr/local/lib/python3.10/dist-packages/airflow/example_dags/example_python_decorator.py
[2024-01-08T19:04:56.060+0300] {processor.py:840} INFO - DAG(s) 'example_python_decorator' retrieved from /usr/local/lib/python3.10/dist-packages/airflow/example_dags/example_python_decorator.py
[2024-01-08T19:04:56.532+0300] {logging_mixin.py:188} INFO - [2024-01-08T19:04:56.532+0300] {dag.py:3033} INFO - Sync 1 DAGs
[2024-01-08T19:04:56.736+0300] {logging_mixin.py:188} INFO - [2024-01-08T19:04:56.735+0300] {dag.py:3820} INFO - Setting next_dagrun for example_python_decorator to None, run_after=None
[2024-01-08T19:04:56.959+0300] {processor.py:183} INFO - Processing /usr/local/lib/python3.10/dist-packages/airflow/example_dags/example_python_decorator.py took 1.186 seconds
[2024-01-08T19:05:29.771+0300] {processor.py:161} INFO - Started process (PID=29571) to work on /usr/local/lib/python3.10/dist-packages/airflow/example_dags/example_python_decorator.py
[2024-01-08T19:05:29.839+0300] {processor.py:830} INFO - Processing file /usr/local/lib/python3.10/dist-packages/airflow/example_dags/example_python_decorator.py for tasks to queue
[2024-01-08T19:05:29.887+0300] {logging_mixin.py:188} INFO - [2024-01-08T19:05:29.886+0300] {dagbag.py:538} INFO - Filling up the DagBag from /usr/local/lib/python3.10/dist-packages/airflow/example_dags/example_python_decorator.py
[2024-01-08T19:05:30.466+0300] {processor.py:840} INFO - DAG(s) 'example_python_decorator' retrieved from /usr/local/lib/python3.10/dist-packages/airflow/example_dags/example_python_decorator.py
[2024-01-08T19:05:31.245+0300] {logging_mixin.py:188} INFO - [2024-01-08T19:05:31.244+0300] {dag.py:3033} INFO - Sync 1 DAGs
[2024-01-08T19:05:31.306+0300] {logging_mixin.py:188} INFO - [2024-01-08T19:05:31.306+0300] {dag.py:3820} INFO - Setting next_dagrun for example_python_decorator to None, run_after=None
[2024-01-08T19:05:31.679+0300] {processor.py:183} INFO - Processing /usr/local/lib/python3.10/dist-packages/airflow/example_dags/example_python_decorator.py took 2.236 seconds
[2024-01-08T19:06:05.091+0300] {processor.py:161} INFO - Started process (PID=29957) to work on /usr/local/lib/python3.10/dist-packages/airflow/example_dags/example_python_decorator.py
[2024-01-08T19:06:05.097+0300] {processor.py:830} INFO - Processing file /usr/local/lib/python3.10/dist-packages/airflow/example_dags/example_python_decorator.py for tasks to queue
[2024-01-08T19:06:05.104+0300] {logging_mixin.py:188} INFO - [2024-01-08T19:06:05.099+0300] {dagbag.py:538} INFO - Filling up the DagBag from /usr/local/lib/python3.10/dist-packages/airflow/example_dags/example_python_decorator.py
[2024-01-08T19:06:05.241+0300] {processor.py:840} INFO - DAG(s) 'example_python_decorator' retrieved from /usr/local/lib/python3.10/dist-packages/airflow/example_dags/example_python_decorator.py
[2024-01-08T19:06:05.543+0300] {logging_mixin.py:188} INFO - [2024-01-08T19:06:05.543+0300] {dag.py:3033} INFO - Sync 1 DAGs
[2024-01-08T19:06:05.696+0300] {logging_mixin.py:188} INFO - [2024-01-08T19:06:05.695+0300] {dag.py:3820} INFO - Setting next_dagrun for example_python_decorator to None, run_after=None
[2024-01-08T19:06:05.971+0300] {processor.py:183} INFO - Processing /usr/local/lib/python3.10/dist-packages/airflow/example_dags/example_python_decorator.py took 0.923 seconds
[2024-01-08T19:06:57.608+0300] {processor.py:161} INFO - Started process (PID=30450) to work on /usr/local/lib/python3.10/dist-packages/airflow/example_dags/example_python_decorator.py
[2024-01-08T19:06:57.614+0300] {processor.py:830} INFO - Processing file /usr/local/lib/python3.10/dist-packages/airflow/example_dags/example_python_decorator.py for tasks to queue
[2024-01-08T19:06:57.620+0300] {logging_mixin.py:188} INFO - [2024-01-08T19:06:57.619+0300] {dagbag.py:538} INFO - Filling up the DagBag from /usr/local/lib/python3.10/dist-packages/airflow/example_dags/example_python_decorator.py
[2024-01-08T19:06:57.784+0300] {processor.py:840} INFO - DAG(s) 'example_python_decorator' retrieved from /usr/local/lib/python3.10/dist-packages/airflow/example_dags/example_python_decorator.py
[2024-01-08T19:06:58.246+0300] {logging_mixin.py:188} INFO - [2024-01-08T19:06:58.245+0300] {dag.py:3033} INFO - Sync 1 DAGs
[2024-01-08T19:06:58.309+0300] {logging_mixin.py:188} INFO - [2024-01-08T19:06:58.309+0300] {dag.py:3820} INFO - Setting next_dagrun for example_python_decorator to None, run_after=None
[2024-01-08T19:06:58.506+0300] {processor.py:183} INFO - Processing /usr/local/lib/python3.10/dist-packages/airflow/example_dags/example_python_decorator.py took 1.020 seconds
[2024-01-08T19:07:29.319+0300] {processor.py:161} INFO - Started process (PID=30838) to work on /usr/local/lib/python3.10/dist-packages/airflow/example_dags/example_python_decorator.py
[2024-01-08T19:07:29.322+0300] {processor.py:830} INFO - Processing file /usr/local/lib/python3.10/dist-packages/airflow/example_dags/example_python_decorator.py for tasks to queue
[2024-01-08T19:07:29.324+0300] {logging_mixin.py:188} INFO - [2024-01-08T19:07:29.323+0300] {dagbag.py:538} INFO - Filling up the DagBag from /usr/local/lib/python3.10/dist-packages/airflow/example_dags/example_python_decorator.py
[2024-01-08T19:07:29.396+0300] {processor.py:840} INFO - DAG(s) 'example_python_decorator' retrieved from /usr/local/lib/python3.10/dist-packages/airflow/example_dags/example_python_decorator.py
[2024-01-08T19:07:29.724+0300] {logging_mixin.py:188} INFO - [2024-01-08T19:07:29.724+0300] {dag.py:3033} INFO - Sync 1 DAGs
[2024-01-08T19:07:29.787+0300] {logging_mixin.py:188} INFO - [2024-01-08T19:07:29.786+0300] {dag.py:3820} INFO - Setting next_dagrun for example_python_decorator to None, run_after=None
[2024-01-08T19:07:29.926+0300] {processor.py:183} INFO - Processing /usr/local/lib/python3.10/dist-packages/airflow/example_dags/example_python_decorator.py took 0.628 seconds
[2024-01-08T19:08:00.410+0300] {processor.py:161} INFO - Started process (PID=31235) to work on /usr/local/lib/python3.10/dist-packages/airflow/example_dags/example_python_decorator.py
[2024-01-08T19:08:00.413+0300] {processor.py:830} INFO - Processing file /usr/local/lib/python3.10/dist-packages/airflow/example_dags/example_python_decorator.py for tasks to queue
[2024-01-08T19:08:00.414+0300] {logging_mixin.py:188} INFO - [2024-01-08T19:08:00.414+0300] {dagbag.py:538} INFO - Filling up the DagBag from /usr/local/lib/python3.10/dist-packages/airflow/example_dags/example_python_decorator.py
[2024-01-08T19:08:00.438+0300] {processor.py:840} INFO - DAG(s) 'example_python_decorator' retrieved from /usr/local/lib/python3.10/dist-packages/airflow/example_dags/example_python_decorator.py
[2024-01-08T19:08:00.536+0300] {logging_mixin.py:188} INFO - [2024-01-08T19:08:00.536+0300] {dag.py:3033} INFO - Sync 1 DAGs
[2024-01-08T19:08:00.579+0300] {logging_mixin.py:188} INFO - [2024-01-08T19:08:00.578+0300] {dag.py:3820} INFO - Setting next_dagrun for example_python_decorator to None, run_after=None
[2024-01-08T19:08:00.653+0300] {processor.py:183} INFO - Processing /usr/local/lib/python3.10/dist-packages/airflow/example_dags/example_python_decorator.py took 0.255 seconds
[2024-01-08T19:08:30.835+0300] {processor.py:161} INFO - Started process (PID=31551) to work on /usr/local/lib/python3.10/dist-packages/airflow/example_dags/example_python_decorator.py
[2024-01-08T19:08:30.841+0300] {processor.py:830} INFO - Processing file /usr/local/lib/python3.10/dist-packages/airflow/example_dags/example_python_decorator.py for tasks to queue
[2024-01-08T19:08:30.847+0300] {logging_mixin.py:188} INFO - [2024-01-08T19:08:30.844+0300] {dagbag.py:538} INFO - Filling up the DagBag from /usr/local/lib/python3.10/dist-packages/airflow/example_dags/example_python_decorator.py
[2024-01-08T19:08:30.899+0300] {processor.py:840} INFO - DAG(s) 'example_python_decorator' retrieved from /usr/local/lib/python3.10/dist-packages/airflow/example_dags/example_python_decorator.py
[2024-01-08T19:08:31.046+0300] {logging_mixin.py:188} INFO - [2024-01-08T19:08:31.045+0300] {dag.py:3033} INFO - Sync 1 DAGs
[2024-01-08T19:08:31.106+0300] {logging_mixin.py:188} INFO - [2024-01-08T19:08:31.105+0300] {dag.py:3820} INFO - Setting next_dagrun for example_python_decorator to None, run_after=None
[2024-01-08T19:08:31.181+0300] {processor.py:183} INFO - Processing /usr/local/lib/python3.10/dist-packages/airflow/example_dags/example_python_decorator.py took 0.369 seconds
[2024-01-08T19:09:05.494+0300] {processor.py:161} INFO - Started process (PID=31929) to work on /usr/local/lib/python3.10/dist-packages/airflow/example_dags/example_python_decorator.py
[2024-01-08T19:09:05.497+0300] {processor.py:830} INFO - Processing file /usr/local/lib/python3.10/dist-packages/airflow/example_dags/example_python_decorator.py for tasks to queue
[2024-01-08T19:09:05.500+0300] {logging_mixin.py:188} INFO - [2024-01-08T19:09:05.499+0300] {dagbag.py:538} INFO - Filling up the DagBag from /usr/local/lib/python3.10/dist-packages/airflow/example_dags/example_python_decorator.py
[2024-01-08T19:09:05.547+0300] {processor.py:840} INFO - DAG(s) 'example_python_decorator' retrieved from /usr/local/lib/python3.10/dist-packages/airflow/example_dags/example_python_decorator.py
[2024-01-08T19:09:05.652+0300] {logging_mixin.py:188} INFO - [2024-01-08T19:09:05.652+0300] {dag.py:3033} INFO - Sync 1 DAGs
[2024-01-08T19:09:05.689+0300] {logging_mixin.py:188} INFO - [2024-01-08T19:09:05.689+0300] {dag.py:3820} INFO - Setting next_dagrun for example_python_decorator to None, run_after=None
[2024-01-08T19:09:05.746+0300] {processor.py:183} INFO - Processing /usr/local/lib/python3.10/dist-packages/airflow/example_dags/example_python_decorator.py took 0.269 seconds
[2024-01-08T19:09:40.516+0300] {processor.py:161} INFO - Started process (PID=32286) to work on /usr/local/lib/python3.10/dist-packages/airflow/example_dags/example_python_decorator.py
[2024-01-08T19:09:40.527+0300] {processor.py:830} INFO - Processing file /usr/local/lib/python3.10/dist-packages/airflow/example_dags/example_python_decorator.py for tasks to queue
[2024-01-08T19:09:40.528+0300] {logging_mixin.py:188} INFO - [2024-01-08T19:09:40.528+0300] {dagbag.py:538} INFO - Filling up the DagBag from /usr/local/lib/python3.10/dist-packages/airflow/example_dags/example_python_decorator.py
[2024-01-08T19:09:40.556+0300] {processor.py:840} INFO - DAG(s) 'example_python_decorator' retrieved from /usr/local/lib/python3.10/dist-packages/airflow/example_dags/example_python_decorator.py
[2024-01-08T19:09:40.689+0300] {logging_mixin.py:188} INFO - [2024-01-08T19:09:40.689+0300] {dag.py:3033} INFO - Sync 1 DAGs
[2024-01-08T19:09:40.778+0300] {logging_mixin.py:188} INFO - [2024-01-08T19:09:40.778+0300] {dag.py:3820} INFO - Setting next_dagrun for example_python_decorator to None, run_after=None
[2024-01-08T19:09:40.932+0300] {processor.py:183} INFO - Processing /usr/local/lib/python3.10/dist-packages/airflow/example_dags/example_python_decorator.py took 0.429 seconds
[2024-01-08T19:10:13.727+0300] {processor.py:161} INFO - Started process (PID=32640) to work on /usr/local/lib/python3.10/dist-packages/airflow/example_dags/example_python_decorator.py
[2024-01-08T19:10:13.841+0300] {processor.py:830} INFO - Processing file /usr/local/lib/python3.10/dist-packages/airflow/example_dags/example_python_decorator.py for tasks to queue
[2024-01-08T19:10:14.288+0300] {logging_mixin.py:188} INFO - [2024-01-08T19:10:14.287+0300] {dagbag.py:538} INFO - Filling up the DagBag from /usr/local/lib/python3.10/dist-packages/airflow/example_dags/example_python_decorator.py
[2024-01-08T19:10:15.161+0300] {processor.py:840} INFO - DAG(s) 'example_python_decorator' retrieved from /usr/local/lib/python3.10/dist-packages/airflow/example_dags/example_python_decorator.py
[2024-01-08T19:10:16.333+0300] {logging_mixin.py:188} INFO - [2024-01-08T19:10:16.332+0300] {dag.py:3033} INFO - Sync 1 DAGs
[2024-01-08T19:10:16.483+0300] {logging_mixin.py:188} INFO - [2024-01-08T19:10:16.483+0300] {dag.py:3820} INFO - Setting next_dagrun for example_python_decorator to None, run_after=None
[2024-01-08T19:10:16.817+0300] {processor.py:183} INFO - Processing /usr/local/lib/python3.10/dist-packages/airflow/example_dags/example_python_decorator.py took 3.372 seconds
[2024-01-08T19:11:11.307+0300] {processor.py:161} INFO - Started process (PID=33201) to work on /usr/local/lib/python3.10/dist-packages/airflow/example_dags/example_python_decorator.py
[2024-01-08T19:11:11.310+0300] {processor.py:830} INFO - Processing file /usr/local/lib/python3.10/dist-packages/airflow/example_dags/example_python_decorator.py for tasks to queue
[2024-01-08T19:11:11.311+0300] {logging_mixin.py:188} INFO - [2024-01-08T19:11:11.311+0300] {dagbag.py:538} INFO - Filling up the DagBag from /usr/local/lib/python3.10/dist-packages/airflow/example_dags/example_python_decorator.py
[2024-01-08T19:11:11.369+0300] {processor.py:840} INFO - DAG(s) 'example_python_decorator' retrieved from /usr/local/lib/python3.10/dist-packages/airflow/example_dags/example_python_decorator.py
[2024-01-08T19:11:11.507+0300] {logging_mixin.py:188} INFO - [2024-01-08T19:11:11.506+0300] {dag.py:3033} INFO - Sync 1 DAGs
[2024-01-08T19:11:11.571+0300] {logging_mixin.py:188} INFO - [2024-01-08T19:11:11.570+0300] {dag.py:3820} INFO - Setting next_dagrun for example_python_decorator to None, run_after=None
[2024-01-08T19:11:11.654+0300] {processor.py:183} INFO - Processing /usr/local/lib/python3.10/dist-packages/airflow/example_dags/example_python_decorator.py took 0.375 seconds
[2024-01-08T19:12:00.246+0300] {processor.py:161} INFO - Started process (PID=33672) to work on /usr/local/lib/python3.10/dist-packages/airflow/example_dags/example_python_decorator.py
[2024-01-08T19:12:00.250+0300] {processor.py:830} INFO - Processing file /usr/local/lib/python3.10/dist-packages/airflow/example_dags/example_python_decorator.py for tasks to queue
[2024-01-08T19:12:00.256+0300] {logging_mixin.py:188} INFO - [2024-01-08T19:12:00.255+0300] {dagbag.py:538} INFO - Filling up the DagBag from /usr/local/lib/python3.10/dist-packages/airflow/example_dags/example_python_decorator.py
[2024-01-08T19:12:00.295+0300] {processor.py:840} INFO - DAG(s) 'example_python_decorator' retrieved from /usr/local/lib/python3.10/dist-packages/airflow/example_dags/example_python_decorator.py
[2024-01-08T19:12:00.614+0300] {logging_mixin.py:188} INFO - [2024-01-08T19:12:00.612+0300] {dag.py:3033} INFO - Sync 1 DAGs
[2024-01-08T19:12:00.766+0300] {logging_mixin.py:188} INFO - [2024-01-08T19:12:00.766+0300] {dag.py:3820} INFO - Setting next_dagrun for example_python_decorator to None, run_after=None
[2024-01-08T19:12:00.872+0300] {processor.py:183} INFO - Processing /usr/local/lib/python3.10/dist-packages/airflow/example_dags/example_python_decorator.py took 0.645 seconds
[2024-01-08T19:12:38.360+0300] {processor.py:161} INFO - Started process (PID=34042) to work on /usr/local/lib/python3.10/dist-packages/airflow/example_dags/example_python_decorator.py
[2024-01-08T19:12:38.370+0300] {processor.py:830} INFO - Processing file /usr/local/lib/python3.10/dist-packages/airflow/example_dags/example_python_decorator.py for tasks to queue
[2024-01-08T19:12:38.373+0300] {logging_mixin.py:188} INFO - [2024-01-08T19:12:38.372+0300] {dagbag.py:538} INFO - Filling up the DagBag from /usr/local/lib/python3.10/dist-packages/airflow/example_dags/example_python_decorator.py
[2024-01-08T19:12:38.529+0300] {processor.py:840} INFO - DAG(s) 'example_python_decorator' retrieved from /usr/local/lib/python3.10/dist-packages/airflow/example_dags/example_python_decorator.py
[2024-01-08T19:12:38.889+0300] {logging_mixin.py:188} INFO - [2024-01-08T19:12:38.889+0300] {dag.py:3033} INFO - Sync 1 DAGs
[2024-01-08T19:12:39.071+0300] {logging_mixin.py:188} INFO - [2024-01-08T19:12:39.070+0300] {dag.py:3820} INFO - Setting next_dagrun for example_python_decorator to None, run_after=None
[2024-01-08T19:12:40.420+0300] {processor.py:183} INFO - Processing /usr/local/lib/python3.10/dist-packages/airflow/example_dags/example_python_decorator.py took 2.096 seconds
