[2024-01-08T17:37:24.927+0300] {processor.py:161} INFO - Started process (PID=5660) to work on /usr/local/lib/python3.10/dist-packages/airflow/example_dags/example_branch_operator.py
[2024-01-08T17:37:24.929+0300] {processor.py:830} INFO - Processing file /usr/local/lib/python3.10/dist-packages/airflow/example_dags/example_branch_operator.py for tasks to queue
[2024-01-08T17:37:24.932+0300] {logging_mixin.py:188} INFO - [2024-01-08T17:37:24.931+0300] {dagbag.py:538} INFO - Filling up the DagBag from /usr/local/lib/python3.10/dist-packages/airflow/example_dags/example_branch_operator.py
[2024-01-08T17:37:24.991+0300] {processor.py:840} INFO - DAG(s) 'example_branch_operator' retrieved from /usr/local/lib/python3.10/dist-packages/airflow/example_dags/example_branch_operator.py
[2024-01-08T17:37:25.410+0300] {logging_mixin.py:188} INFO - [2024-01-08T17:37:25.409+0300] {override.py:1769} INFO - Created Permission View: can edit on DAG:example_branch_operator
[2024-01-08T17:37:25.438+0300] {logging_mixin.py:188} INFO - [2024-01-08T17:37:25.438+0300] {override.py:1769} INFO - Created Permission View: can delete on DAG:example_branch_operator
[2024-01-08T17:37:25.460+0300] {logging_mixin.py:188} INFO - [2024-01-08T17:37:25.459+0300] {override.py:1769} INFO - Created Permission View: can read on DAG:example_branch_operator
[2024-01-08T17:37:25.460+0300] {logging_mixin.py:188} INFO - [2024-01-08T17:37:25.460+0300] {dag.py:3033} INFO - Sync 1 DAGs
[2024-01-08T17:37:25.495+0300] {logging_mixin.py:188} INFO - [2024-01-08T17:37:25.493+0300] {dag.py:3055} INFO - Creating ORM DAG for example_branch_operator
[2024-01-08T17:37:25.535+0300] {logging_mixin.py:188} INFO - [2024-01-08T17:37:25.534+0300] {dag.py:3820} INFO - Setting next_dagrun for example_branch_operator to 2024-01-07T00:00:00+00:00, run_after=2024-01-08T00:00:00+00:00
[2024-01-08T17:37:25.603+0300] {processor.py:183} INFO - Processing /usr/local/lib/python3.10/dist-packages/airflow/example_dags/example_branch_operator.py took 0.687 seconds
[2024-01-08T17:37:56.266+0300] {processor.py:161} INFO - Started process (PID=6008) to work on /usr/local/lib/python3.10/dist-packages/airflow/example_dags/example_branch_operator.py
[2024-01-08T17:37:56.268+0300] {processor.py:830} INFO - Processing file /usr/local/lib/python3.10/dist-packages/airflow/example_dags/example_branch_operator.py for tasks to queue
[2024-01-08T17:37:56.271+0300] {logging_mixin.py:188} INFO - [2024-01-08T17:37:56.270+0300] {dagbag.py:538} INFO - Filling up the DagBag from /usr/local/lib/python3.10/dist-packages/airflow/example_dags/example_branch_operator.py
[2024-01-08T17:37:56.338+0300] {processor.py:840} INFO - DAG(s) 'example_branch_operator' retrieved from /usr/local/lib/python3.10/dist-packages/airflow/example_dags/example_branch_operator.py
[2024-01-08T17:37:56.510+0300] {logging_mixin.py:188} INFO - [2024-01-08T17:37:56.510+0300] {dag.py:3033} INFO - Sync 1 DAGs
[2024-01-08T17:37:56.583+0300] {logging_mixin.py:188} INFO - [2024-01-08T17:37:56.583+0300] {dag.py:3820} INFO - Setting next_dagrun for example_branch_operator to 2024-01-07T00:00:00+00:00, run_after=2024-01-08T00:00:00+00:00
[2024-01-08T17:37:56.629+0300] {processor.py:183} INFO - Processing /usr/local/lib/python3.10/dist-packages/airflow/example_dags/example_branch_operator.py took 0.375 seconds
[2024-01-08T17:38:26.880+0300] {processor.py:161} INFO - Started process (PID=6324) to work on /usr/local/lib/python3.10/dist-packages/airflow/example_dags/example_branch_operator.py
[2024-01-08T17:38:26.883+0300] {processor.py:830} INFO - Processing file /usr/local/lib/python3.10/dist-packages/airflow/example_dags/example_branch_operator.py for tasks to queue
[2024-01-08T17:38:26.885+0300] {logging_mixin.py:188} INFO - [2024-01-08T17:38:26.884+0300] {dagbag.py:538} INFO - Filling up the DagBag from /usr/local/lib/python3.10/dist-packages/airflow/example_dags/example_branch_operator.py
[2024-01-08T17:38:26.931+0300] {processor.py:840} INFO - DAG(s) 'example_branch_operator' retrieved from /usr/local/lib/python3.10/dist-packages/airflow/example_dags/example_branch_operator.py
[2024-01-08T17:38:27.053+0300] {logging_mixin.py:188} INFO - [2024-01-08T17:38:27.053+0300] {dag.py:3033} INFO - Sync 1 DAGs
[2024-01-08T17:38:27.111+0300] {logging_mixin.py:188} INFO - [2024-01-08T17:38:27.111+0300] {dag.py:3820} INFO - Setting next_dagrun for example_branch_operator to 2024-01-07T00:00:00+00:00, run_after=2024-01-08T00:00:00+00:00
[2024-01-08T17:38:27.160+0300] {processor.py:183} INFO - Processing /usr/local/lib/python3.10/dist-packages/airflow/example_dags/example_branch_operator.py took 0.289 seconds
[2024-01-08T18:15:24.657+0300] {processor.py:161} INFO - Started process (PID=7596) to work on /usr/local/lib/python3.10/dist-packages/airflow/example_dags/example_branch_operator.py
[2024-01-08T18:15:24.660+0300] {processor.py:830} INFO - Processing file /usr/local/lib/python3.10/dist-packages/airflow/example_dags/example_branch_operator.py for tasks to queue
[2024-01-08T18:15:24.662+0300] {logging_mixin.py:188} INFO - [2024-01-08T18:15:24.662+0300] {dagbag.py:538} INFO - Filling up the DagBag from /usr/local/lib/python3.10/dist-packages/airflow/example_dags/example_branch_operator.py
[2024-01-08T18:15:24.729+0300] {processor.py:840} INFO - DAG(s) 'example_branch_operator' retrieved from /usr/local/lib/python3.10/dist-packages/airflow/example_dags/example_branch_operator.py
[2024-01-08T18:15:25.076+0300] {logging_mixin.py:188} INFO - [2024-01-08T18:15:25.075+0300] {dag.py:3033} INFO - Sync 1 DAGs
[2024-01-08T18:15:25.153+0300] {logging_mixin.py:188} INFO - [2024-01-08T18:15:25.153+0300] {dag.py:3820} INFO - Setting next_dagrun for example_branch_operator to 2024-01-07T00:00:00+00:00, run_after=2024-01-08T00:00:00+00:00
[2024-01-08T18:15:25.207+0300] {processor.py:183} INFO - Processing /usr/local/lib/python3.10/dist-packages/airflow/example_dags/example_branch_operator.py took 0.561 seconds
[2024-01-08T18:15:57.304+0300] {processor.py:161} INFO - Started process (PID=7937) to work on /usr/local/lib/python3.10/dist-packages/airflow/example_dags/example_branch_operator.py
[2024-01-08T18:15:57.306+0300] {processor.py:830} INFO - Processing file /usr/local/lib/python3.10/dist-packages/airflow/example_dags/example_branch_operator.py for tasks to queue
[2024-01-08T18:15:57.308+0300] {logging_mixin.py:188} INFO - [2024-01-08T18:15:57.307+0300] {dagbag.py:538} INFO - Filling up the DagBag from /usr/local/lib/python3.10/dist-packages/airflow/example_dags/example_branch_operator.py
[2024-01-08T18:15:57.350+0300] {processor.py:840} INFO - DAG(s) 'example_branch_operator' retrieved from /usr/local/lib/python3.10/dist-packages/airflow/example_dags/example_branch_operator.py
[2024-01-08T18:15:57.444+0300] {logging_mixin.py:188} INFO - [2024-01-08T18:15:57.444+0300] {dag.py:3033} INFO - Sync 1 DAGs
[2024-01-08T18:15:57.507+0300] {logging_mixin.py:188} INFO - [2024-01-08T18:15:57.506+0300] {dag.py:3820} INFO - Setting next_dagrun for example_branch_operator to 2024-01-07T00:00:00+00:00, run_after=2024-01-08T00:00:00+00:00
[2024-01-08T18:15:57.579+0300] {processor.py:183} INFO - Processing /usr/local/lib/python3.10/dist-packages/airflow/example_dags/example_branch_operator.py took 0.292 seconds
[2024-01-08T18:30:47.937+0300] {processor.py:161} INFO - Started process (PID=9126) to work on /usr/local/lib/python3.10/dist-packages/airflow/example_dags/example_branch_operator.py
[2024-01-08T18:30:48.034+0300] {processor.py:830} INFO - Processing file /usr/local/lib/python3.10/dist-packages/airflow/example_dags/example_branch_operator.py for tasks to queue
[2024-01-08T18:30:48.037+0300] {logging_mixin.py:188} INFO - [2024-01-08T18:30:48.036+0300] {dagbag.py:538} INFO - Filling up the DagBag from /usr/local/lib/python3.10/dist-packages/airflow/example_dags/example_branch_operator.py
[2024-01-08T18:30:51.020+0300] {processor.py:840} INFO - DAG(s) 'example_branch_operator' retrieved from /usr/local/lib/python3.10/dist-packages/airflow/example_dags/example_branch_operator.py
[2024-01-08T18:31:06.298+0300] {logging_mixin.py:188} INFO - [2024-01-08T18:31:06.297+0300] {dag.py:3033} INFO - Sync 1 DAGs
[2024-01-08T18:31:07.793+0300] {logging_mixin.py:188} INFO - [2024-01-08T18:31:07.793+0300] {dag.py:3820} INFO - Setting next_dagrun for example_branch_operator to 2024-01-07T00:00:00+00:00, run_after=2024-01-08T00:00:00+00:00
[2024-01-08T18:31:09.584+0300] {processor.py:183} INFO - Processing /usr/local/lib/python3.10/dist-packages/airflow/example_dags/example_branch_operator.py took 22.031 seconds
[2024-01-08T18:36:12.546+0300] {processor.py:161} INFO - Started process (PID=11218) to work on /usr/local/lib/python3.10/dist-packages/airflow/example_dags/example_branch_operator.py
[2024-01-08T18:36:12.580+0300] {processor.py:830} INFO - Processing file /usr/local/lib/python3.10/dist-packages/airflow/example_dags/example_branch_operator.py for tasks to queue
[2024-01-08T18:36:12.583+0300] {logging_mixin.py:188} INFO - [2024-01-08T18:36:12.583+0300] {dagbag.py:538} INFO - Filling up the DagBag from /usr/local/lib/python3.10/dist-packages/airflow/example_dags/example_branch_operator.py
[2024-01-08T18:36:13.079+0300] {processor.py:840} INFO - DAG(s) 'example_branch_operator' retrieved from /usr/local/lib/python3.10/dist-packages/airflow/example_dags/example_branch_operator.py
[2024-01-08T18:36:14.262+0300] {logging_mixin.py:188} INFO - [2024-01-08T18:36:14.262+0300] {dag.py:3033} INFO - Sync 1 DAGs
[2024-01-08T18:36:16.274+0300] {logging_mixin.py:188} INFO - [2024-01-08T18:36:16.274+0300] {dag.py:3820} INFO - Setting next_dagrun for example_branch_operator to 2024-01-07T00:00:00+00:00, run_after=2024-01-08T00:00:00+00:00
[2024-01-08T18:36:17.276+0300] {processor.py:183} INFO - Processing /usr/local/lib/python3.10/dist-packages/airflow/example_dags/example_branch_operator.py took 4.860 seconds
[2024-01-08T18:38:16.869+0300] {processor.py:161} INFO - Started process (PID=12110) to work on /usr/local/lib/python3.10/dist-packages/airflow/example_dags/example_branch_operator.py
[2024-01-08T18:38:16.876+0300] {processor.py:830} INFO - Processing file /usr/local/lib/python3.10/dist-packages/airflow/example_dags/example_branch_operator.py for tasks to queue
[2024-01-08T18:38:16.879+0300] {logging_mixin.py:188} INFO - [2024-01-08T18:38:16.878+0300] {dagbag.py:538} INFO - Filling up the DagBag from /usr/local/lib/python3.10/dist-packages/airflow/example_dags/example_branch_operator.py
[2024-01-08T18:38:17.591+0300] {processor.py:840} INFO - DAG(s) 'example_branch_operator' retrieved from /usr/local/lib/python3.10/dist-packages/airflow/example_dags/example_branch_operator.py
[2024-01-08T18:38:18.456+0300] {logging_mixin.py:188} INFO - [2024-01-08T18:38:18.455+0300] {dag.py:3033} INFO - Sync 1 DAGs
[2024-01-08T18:38:19.029+0300] {logging_mixin.py:188} INFO - [2024-01-08T18:38:19.029+0300] {dag.py:3820} INFO - Setting next_dagrun for example_branch_operator to 2024-01-07T00:00:00+00:00, run_after=2024-01-08T00:00:00+00:00
[2024-01-08T18:38:19.718+0300] {processor.py:183} INFO - Processing /usr/local/lib/python3.10/dist-packages/airflow/example_dags/example_branch_operator.py took 2.894 seconds
[2024-01-08T18:41:15.615+0300] {processor.py:161} INFO - Started process (PID=13332) to work on /usr/local/lib/python3.10/dist-packages/airflow/example_dags/example_branch_operator.py
[2024-01-08T18:41:15.620+0300] {processor.py:830} INFO - Processing file /usr/local/lib/python3.10/dist-packages/airflow/example_dags/example_branch_operator.py for tasks to queue
[2024-01-08T18:41:15.622+0300] {logging_mixin.py:188} INFO - [2024-01-08T18:41:15.621+0300] {dagbag.py:538} INFO - Filling up the DagBag from /usr/local/lib/python3.10/dist-packages/airflow/example_dags/example_branch_operator.py
[2024-01-08T18:41:15.912+0300] {processor.py:840} INFO - DAG(s) 'example_branch_operator' retrieved from /usr/local/lib/python3.10/dist-packages/airflow/example_dags/example_branch_operator.py
[2024-01-08T18:41:16.855+0300] {logging_mixin.py:188} INFO - [2024-01-08T18:41:16.854+0300] {dag.py:3033} INFO - Sync 1 DAGs
[2024-01-08T18:41:17.276+0300] {logging_mixin.py:188} INFO - [2024-01-08T18:41:17.275+0300] {dag.py:3820} INFO - Setting next_dagrun for example_branch_operator to 2024-01-07T00:00:00+00:00, run_after=2024-01-08T00:00:00+00:00
[2024-01-08T18:41:17.496+0300] {processor.py:183} INFO - Processing /usr/local/lib/python3.10/dist-packages/airflow/example_dags/example_branch_operator.py took 1.964 seconds
[2024-01-08T18:42:10.479+0300] {processor.py:161} INFO - Started process (PID=13935) to work on /usr/local/lib/python3.10/dist-packages/airflow/example_dags/example_branch_operator.py
[2024-01-08T18:42:10.483+0300] {processor.py:830} INFO - Processing file /usr/local/lib/python3.10/dist-packages/airflow/example_dags/example_branch_operator.py for tasks to queue
[2024-01-08T18:42:10.485+0300] {logging_mixin.py:188} INFO - [2024-01-08T18:42:10.484+0300] {dagbag.py:538} INFO - Filling up the DagBag from /usr/local/lib/python3.10/dist-packages/airflow/example_dags/example_branch_operator.py
[2024-01-08T18:42:10.615+0300] {processor.py:840} INFO - DAG(s) 'example_branch_operator' retrieved from /usr/local/lib/python3.10/dist-packages/airflow/example_dags/example_branch_operator.py
[2024-01-08T18:42:10.735+0300] {logging_mixin.py:188} INFO - [2024-01-08T18:42:10.734+0300] {dag.py:3033} INFO - Sync 1 DAGs
[2024-01-08T18:42:10.939+0300] {logging_mixin.py:188} INFO - [2024-01-08T18:42:10.939+0300] {dag.py:3820} INFO - Setting next_dagrun for example_branch_operator to 2024-01-07T00:00:00+00:00, run_after=2024-01-08T00:00:00+00:00
[2024-01-08T18:42:11.090+0300] {processor.py:183} INFO - Processing /usr/local/lib/python3.10/dist-packages/airflow/example_dags/example_branch_operator.py took 0.637 seconds
[2024-01-08T18:42:46.214+0300] {processor.py:161} INFO - Started process (PID=14345) to work on /usr/local/lib/python3.10/dist-packages/airflow/example_dags/example_branch_operator.py
[2024-01-08T18:42:46.302+0300] {processor.py:830} INFO - Processing file /usr/local/lib/python3.10/dist-packages/airflow/example_dags/example_branch_operator.py for tasks to queue
[2024-01-08T18:42:46.305+0300] {logging_mixin.py:188} INFO - [2024-01-08T18:42:46.304+0300] {dagbag.py:538} INFO - Filling up the DagBag from /usr/local/lib/python3.10/dist-packages/airflow/example_dags/example_branch_operator.py
[2024-01-08T18:42:46.992+0300] {processor.py:840} INFO - DAG(s) 'example_branch_operator' retrieved from /usr/local/lib/python3.10/dist-packages/airflow/example_dags/example_branch_operator.py
[2024-01-08T18:42:47.826+0300] {logging_mixin.py:188} INFO - [2024-01-08T18:42:47.825+0300] {dag.py:3033} INFO - Sync 1 DAGs
[2024-01-08T18:42:48.329+0300] {logging_mixin.py:188} INFO - [2024-01-08T18:42:48.328+0300] {dag.py:3820} INFO - Setting next_dagrun for example_branch_operator to 2024-01-07T00:00:00+00:00, run_after=2024-01-08T00:00:00+00:00
[2024-01-08T18:42:48.667+0300] {processor.py:183} INFO - Processing /usr/local/lib/python3.10/dist-packages/airflow/example_dags/example_branch_operator.py took 2.558 seconds
[2024-01-08T18:43:20.020+0300] {processor.py:161} INFO - Started process (PID=14742) to work on /usr/local/lib/python3.10/dist-packages/airflow/example_dags/example_branch_operator.py
[2024-01-08T18:43:20.022+0300] {processor.py:830} INFO - Processing file /usr/local/lib/python3.10/dist-packages/airflow/example_dags/example_branch_operator.py for tasks to queue
[2024-01-08T18:43:20.024+0300] {logging_mixin.py:188} INFO - [2024-01-08T18:43:20.023+0300] {dagbag.py:538} INFO - Filling up the DagBag from /usr/local/lib/python3.10/dist-packages/airflow/example_dags/example_branch_operator.py
[2024-01-08T18:43:20.074+0300] {processor.py:840} INFO - DAG(s) 'example_branch_operator' retrieved from /usr/local/lib/python3.10/dist-packages/airflow/example_dags/example_branch_operator.py
[2024-01-08T18:43:20.203+0300] {logging_mixin.py:188} INFO - [2024-01-08T18:43:20.202+0300] {dag.py:3033} INFO - Sync 1 DAGs
[2024-01-08T18:43:20.265+0300] {logging_mixin.py:188} INFO - [2024-01-08T18:43:20.265+0300] {dag.py:3820} INFO - Setting next_dagrun for example_branch_operator to 2024-01-07T00:00:00+00:00, run_after=2024-01-08T00:00:00+00:00
[2024-01-08T18:43:20.304+0300] {processor.py:183} INFO - Processing /usr/local/lib/python3.10/dist-packages/airflow/example_dags/example_branch_operator.py took 0.297 seconds
[2024-01-08T18:43:50.623+0300] {processor.py:161} INFO - Started process (PID=15059) to work on /usr/local/lib/python3.10/dist-packages/airflow/example_dags/example_branch_operator.py
[2024-01-08T18:43:50.626+0300] {processor.py:830} INFO - Processing file /usr/local/lib/python3.10/dist-packages/airflow/example_dags/example_branch_operator.py for tasks to queue
[2024-01-08T18:43:50.628+0300] {logging_mixin.py:188} INFO - [2024-01-08T18:43:50.627+0300] {dagbag.py:538} INFO - Filling up the DagBag from /usr/local/lib/python3.10/dist-packages/airflow/example_dags/example_branch_operator.py
[2024-01-08T18:43:50.673+0300] {processor.py:840} INFO - DAG(s) 'example_branch_operator' retrieved from /usr/local/lib/python3.10/dist-packages/airflow/example_dags/example_branch_operator.py
[2024-01-08T18:43:50.791+0300] {logging_mixin.py:188} INFO - [2024-01-08T18:43:50.790+0300] {dag.py:3033} INFO - Sync 1 DAGs
[2024-01-08T18:43:50.849+0300] {logging_mixin.py:188} INFO - [2024-01-08T18:43:50.849+0300] {dag.py:3820} INFO - Setting next_dagrun for example_branch_operator to 2024-01-07T00:00:00+00:00, run_after=2024-01-08T00:00:00+00:00
[2024-01-08T18:43:50.901+0300] {processor.py:183} INFO - Processing /usr/local/lib/python3.10/dist-packages/airflow/example_dags/example_branch_operator.py took 0.289 seconds
[2024-01-08T18:44:21.486+0300] {processor.py:161} INFO - Started process (PID=15376) to work on /usr/local/lib/python3.10/dist-packages/airflow/example_dags/example_branch_operator.py
[2024-01-08T18:44:21.488+0300] {processor.py:830} INFO - Processing file /usr/local/lib/python3.10/dist-packages/airflow/example_dags/example_branch_operator.py for tasks to queue
[2024-01-08T18:44:21.490+0300] {logging_mixin.py:188} INFO - [2024-01-08T18:44:21.489+0300] {dagbag.py:538} INFO - Filling up the DagBag from /usr/local/lib/python3.10/dist-packages/airflow/example_dags/example_branch_operator.py
[2024-01-08T18:44:21.552+0300] {processor.py:840} INFO - DAG(s) 'example_branch_operator' retrieved from /usr/local/lib/python3.10/dist-packages/airflow/example_dags/example_branch_operator.py
[2024-01-08T18:44:21.671+0300] {logging_mixin.py:188} INFO - [2024-01-08T18:44:21.671+0300] {dag.py:3033} INFO - Sync 1 DAGs
[2024-01-08T18:44:21.727+0300] {logging_mixin.py:188} INFO - [2024-01-08T18:44:21.727+0300] {dag.py:3820} INFO - Setting next_dagrun for example_branch_operator to 2024-01-07T00:00:00+00:00, run_after=2024-01-08T00:00:00+00:00
[2024-01-08T18:44:21.769+0300] {processor.py:183} INFO - Processing /usr/local/lib/python3.10/dist-packages/airflow/example_dags/example_branch_operator.py took 0.295 seconds
[2024-01-08T18:44:53.014+0300] {processor.py:161} INFO - Started process (PID=15718) to work on /usr/local/lib/python3.10/dist-packages/airflow/example_dags/example_branch_operator.py
[2024-01-08T18:44:53.030+0300] {processor.py:830} INFO - Processing file /usr/local/lib/python3.10/dist-packages/airflow/example_dags/example_branch_operator.py for tasks to queue
[2024-01-08T18:44:53.034+0300] {logging_mixin.py:188} INFO - [2024-01-08T18:44:53.032+0300] {dagbag.py:538} INFO - Filling up the DagBag from /usr/local/lib/python3.10/dist-packages/airflow/example_dags/example_branch_operator.py
[2024-01-08T18:44:53.098+0300] {processor.py:840} INFO - DAG(s) 'example_branch_operator' retrieved from /usr/local/lib/python3.10/dist-packages/airflow/example_dags/example_branch_operator.py
[2024-01-08T18:44:53.362+0300] {logging_mixin.py:188} INFO - [2024-01-08T18:44:53.362+0300] {dag.py:3033} INFO - Sync 1 DAGs
[2024-01-08T18:44:53.506+0300] {logging_mixin.py:188} INFO - [2024-01-08T18:44:53.505+0300] {dag.py:3820} INFO - Setting next_dagrun for example_branch_operator to 2024-01-07T00:00:00+00:00, run_after=2024-01-08T00:00:00+00:00
[2024-01-08T18:44:53.576+0300] {processor.py:183} INFO - Processing /usr/local/lib/python3.10/dist-packages/airflow/example_dags/example_branch_operator.py took 0.585 seconds
[2024-01-08T18:45:28.835+0300] {processor.py:161} INFO - Started process (PID=16127) to work on /usr/local/lib/python3.10/dist-packages/airflow/example_dags/example_branch_operator.py
[2024-01-08T18:45:28.845+0300] {processor.py:830} INFO - Processing file /usr/local/lib/python3.10/dist-packages/airflow/example_dags/example_branch_operator.py for tasks to queue
[2024-01-08T18:45:28.846+0300] {logging_mixin.py:188} INFO - [2024-01-08T18:45:28.846+0300] {dagbag.py:538} INFO - Filling up the DagBag from /usr/local/lib/python3.10/dist-packages/airflow/example_dags/example_branch_operator.py
[2024-01-08T18:45:29.423+0300] {processor.py:840} INFO - DAG(s) 'example_branch_operator' retrieved from /usr/local/lib/python3.10/dist-packages/airflow/example_dags/example_branch_operator.py
[2024-01-08T18:45:30.233+0300] {logging_mixin.py:188} INFO - [2024-01-08T18:45:30.233+0300] {dag.py:3033} INFO - Sync 1 DAGs
[2024-01-08T18:45:30.687+0300] {logging_mixin.py:188} INFO - [2024-01-08T18:45:30.687+0300] {dag.py:3820} INFO - Setting next_dagrun for example_branch_operator to 2024-01-07T00:00:00+00:00, run_after=2024-01-08T00:00:00+00:00
[2024-01-08T18:45:30.919+0300] {processor.py:183} INFO - Processing /usr/local/lib/python3.10/dist-packages/airflow/example_dags/example_branch_operator.py took 2.132 seconds
[2024-01-08T18:46:21.101+0300] {processor.py:161} INFO - Started process (PID=16654) to work on /usr/local/lib/python3.10/dist-packages/airflow/example_dags/example_branch_operator.py
[2024-01-08T18:46:21.118+0300] {processor.py:830} INFO - Processing file /usr/local/lib/python3.10/dist-packages/airflow/example_dags/example_branch_operator.py for tasks to queue
[2024-01-08T18:46:21.120+0300] {logging_mixin.py:188} INFO - [2024-01-08T18:46:21.119+0300] {dagbag.py:538} INFO - Filling up the DagBag from /usr/local/lib/python3.10/dist-packages/airflow/example_dags/example_branch_operator.py
[2024-01-08T18:46:21.431+0300] {processor.py:840} INFO - DAG(s) 'example_branch_operator' retrieved from /usr/local/lib/python3.10/dist-packages/airflow/example_dags/example_branch_operator.py
[2024-01-08T18:46:22.052+0300] {logging_mixin.py:188} INFO - [2024-01-08T18:46:22.051+0300] {dag.py:3033} INFO - Sync 1 DAGs
[2024-01-08T18:46:22.148+0300] {logging_mixin.py:188} INFO - [2024-01-08T18:46:22.147+0300] {dag.py:3820} INFO - Setting next_dagrun for example_branch_operator to 2024-01-07T00:00:00+00:00, run_after=2024-01-08T00:00:00+00:00
[2024-01-08T18:46:22.232+0300] {processor.py:183} INFO - Processing /usr/local/lib/python3.10/dist-packages/airflow/example_dags/example_branch_operator.py took 1.213 seconds
[2024-01-08T18:46:57.987+0300] {processor.py:161} INFO - Started process (PID=17110) to work on /usr/local/lib/python3.10/dist-packages/airflow/example_dags/example_branch_operator.py
[2024-01-08T18:46:57.996+0300] {processor.py:830} INFO - Processing file /usr/local/lib/python3.10/dist-packages/airflow/example_dags/example_branch_operator.py for tasks to queue
[2024-01-08T18:46:58.011+0300] {logging_mixin.py:188} INFO - [2024-01-08T18:46:58.001+0300] {dagbag.py:538} INFO - Filling up the DagBag from /usr/local/lib/python3.10/dist-packages/airflow/example_dags/example_branch_operator.py
[2024-01-08T18:46:58.103+0300] {processor.py:840} INFO - DAG(s) 'example_branch_operator' retrieved from /usr/local/lib/python3.10/dist-packages/airflow/example_dags/example_branch_operator.py
[2024-01-08T18:46:58.477+0300] {logging_mixin.py:188} INFO - [2024-01-08T18:46:58.477+0300] {dag.py:3033} INFO - Sync 1 DAGs
[2024-01-08T18:46:58.605+0300] {logging_mixin.py:188} INFO - [2024-01-08T18:46:58.604+0300] {dag.py:3820} INFO - Setting next_dagrun for example_branch_operator to 2024-01-07T00:00:00+00:00, run_after=2024-01-08T00:00:00+00:00
[2024-01-08T18:46:58.725+0300] {processor.py:183} INFO - Processing /usr/local/lib/python3.10/dist-packages/airflow/example_dags/example_branch_operator.py took 0.783 seconds
[2024-01-08T18:47:28.856+0300] {processor.py:161} INFO - Started process (PID=17449) to work on /usr/local/lib/python3.10/dist-packages/airflow/example_dags/example_branch_operator.py
[2024-01-08T18:47:28.858+0300] {processor.py:830} INFO - Processing file /usr/local/lib/python3.10/dist-packages/airflow/example_dags/example_branch_operator.py for tasks to queue
[2024-01-08T18:47:28.860+0300] {logging_mixin.py:188} INFO - [2024-01-08T18:47:28.859+0300] {dagbag.py:538} INFO - Filling up the DagBag from /usr/local/lib/python3.10/dist-packages/airflow/example_dags/example_branch_operator.py
[2024-01-08T18:47:28.972+0300] {processor.py:840} INFO - DAG(s) 'example_branch_operator' retrieved from /usr/local/lib/python3.10/dist-packages/airflow/example_dags/example_branch_operator.py
[2024-01-08T18:47:29.255+0300] {logging_mixin.py:188} INFO - [2024-01-08T18:47:29.254+0300] {dag.py:3033} INFO - Sync 1 DAGs
[2024-01-08T18:47:29.361+0300] {logging_mixin.py:188} INFO - [2024-01-08T18:47:29.360+0300] {dag.py:3820} INFO - Setting next_dagrun for example_branch_operator to 2024-01-07T00:00:00+00:00, run_after=2024-01-08T00:00:00+00:00
[2024-01-08T18:47:29.442+0300] {processor.py:183} INFO - Processing /usr/local/lib/python3.10/dist-packages/airflow/example_dags/example_branch_operator.py took 0.600 seconds
[2024-01-08T18:47:59.656+0300] {processor.py:161} INFO - Started process (PID=17792) to work on /usr/local/lib/python3.10/dist-packages/airflow/example_dags/example_branch_operator.py
[2024-01-08T18:47:59.667+0300] {processor.py:830} INFO - Processing file /usr/local/lib/python3.10/dist-packages/airflow/example_dags/example_branch_operator.py for tasks to queue
[2024-01-08T18:47:59.671+0300] {logging_mixin.py:188} INFO - [2024-01-08T18:47:59.670+0300] {dagbag.py:538} INFO - Filling up the DagBag from /usr/local/lib/python3.10/dist-packages/airflow/example_dags/example_branch_operator.py
[2024-01-08T18:47:59.807+0300] {processor.py:840} INFO - DAG(s) 'example_branch_operator' retrieved from /usr/local/lib/python3.10/dist-packages/airflow/example_dags/example_branch_operator.py
[2024-01-08T18:48:00.122+0300] {logging_mixin.py:188} INFO - [2024-01-08T18:48:00.122+0300] {dag.py:3033} INFO - Sync 1 DAGs
[2024-01-08T18:48:00.373+0300] {logging_mixin.py:188} INFO - [2024-01-08T18:48:00.373+0300] {dag.py:3820} INFO - Setting next_dagrun for example_branch_operator to 2024-01-07T00:00:00+00:00, run_after=2024-01-08T00:00:00+00:00
[2024-01-08T18:48:00.581+0300] {processor.py:183} INFO - Processing /usr/local/lib/python3.10/dist-packages/airflow/example_dags/example_branch_operator.py took 0.950 seconds
[2024-01-08T18:48:39.375+0300] {processor.py:161} INFO - Started process (PID=18275) to work on /usr/local/lib/python3.10/dist-packages/airflow/example_dags/example_branch_operator.py
[2024-01-08T18:48:39.379+0300] {processor.py:830} INFO - Processing file /usr/local/lib/python3.10/dist-packages/airflow/example_dags/example_branch_operator.py for tasks to queue
[2024-01-08T18:48:39.382+0300] {logging_mixin.py:188} INFO - [2024-01-08T18:48:39.381+0300] {dagbag.py:538} INFO - Filling up the DagBag from /usr/local/lib/python3.10/dist-packages/airflow/example_dags/example_branch_operator.py
[2024-01-08T18:48:39.445+0300] {processor.py:840} INFO - DAG(s) 'example_branch_operator' retrieved from /usr/local/lib/python3.10/dist-packages/airflow/example_dags/example_branch_operator.py
[2024-01-08T18:48:39.575+0300] {logging_mixin.py:188} INFO - [2024-01-08T18:48:39.574+0300] {dag.py:3033} INFO - Sync 1 DAGs
[2024-01-08T18:48:39.667+0300] {logging_mixin.py:188} INFO - [2024-01-08T18:48:39.666+0300] {dag.py:3820} INFO - Setting next_dagrun for example_branch_operator to 2024-01-07T00:00:00+00:00, run_after=2024-01-08T00:00:00+00:00
[2024-01-08T18:48:39.726+0300] {processor.py:183} INFO - Processing /usr/local/lib/python3.10/dist-packages/airflow/example_dags/example_branch_operator.py took 0.364 seconds
[2024-01-08T18:49:24.632+0300] {processor.py:161} INFO - Started process (PID=18758) to work on /usr/local/lib/python3.10/dist-packages/airflow/example_dags/example_branch_operator.py
[2024-01-08T18:49:24.638+0300] {processor.py:830} INFO - Processing file /usr/local/lib/python3.10/dist-packages/airflow/example_dags/example_branch_operator.py for tasks to queue
[2024-01-08T18:49:24.643+0300] {logging_mixin.py:188} INFO - [2024-01-08T18:49:24.640+0300] {dagbag.py:538} INFO - Filling up the DagBag from /usr/local/lib/python3.10/dist-packages/airflow/example_dags/example_branch_operator.py
[2024-01-08T18:49:24.818+0300] {processor.py:840} INFO - DAG(s) 'example_branch_operator' retrieved from /usr/local/lib/python3.10/dist-packages/airflow/example_dags/example_branch_operator.py
[2024-01-08T18:49:25.149+0300] {logging_mixin.py:188} INFO - [2024-01-08T18:49:25.148+0300] {dag.py:3033} INFO - Sync 1 DAGs
[2024-01-08T18:49:25.283+0300] {logging_mixin.py:188} INFO - [2024-01-08T18:49:25.283+0300] {dag.py:3820} INFO - Setting next_dagrun for example_branch_operator to 2024-01-07T00:00:00+00:00, run_after=2024-01-08T00:00:00+00:00
[2024-01-08T18:49:25.387+0300] {processor.py:183} INFO - Processing /usr/local/lib/python3.10/dist-packages/airflow/example_dags/example_branch_operator.py took 0.781 seconds
[2024-01-08T18:49:56.183+0300] {processor.py:161} INFO - Started process (PID=19080) to work on /usr/local/lib/python3.10/dist-packages/airflow/example_dags/example_branch_operator.py
[2024-01-08T18:49:56.186+0300] {processor.py:830} INFO - Processing file /usr/local/lib/python3.10/dist-packages/airflow/example_dags/example_branch_operator.py for tasks to queue
[2024-01-08T18:49:56.191+0300] {logging_mixin.py:188} INFO - [2024-01-08T18:49:56.190+0300] {dagbag.py:538} INFO - Filling up the DagBag from /usr/local/lib/python3.10/dist-packages/airflow/example_dags/example_branch_operator.py
[2024-01-08T18:49:56.255+0300] {processor.py:840} INFO - DAG(s) 'example_branch_operator' retrieved from /usr/local/lib/python3.10/dist-packages/airflow/example_dags/example_branch_operator.py
[2024-01-08T18:49:56.403+0300] {logging_mixin.py:188} INFO - [2024-01-08T18:49:56.402+0300] {dag.py:3033} INFO - Sync 1 DAGs
[2024-01-08T18:49:56.461+0300] {logging_mixin.py:188} INFO - [2024-01-08T18:49:56.460+0300] {dag.py:3820} INFO - Setting next_dagrun for example_branch_operator to 2024-01-07T00:00:00+00:00, run_after=2024-01-08T00:00:00+00:00
[2024-01-08T18:49:56.503+0300] {processor.py:183} INFO - Processing /usr/local/lib/python3.10/dist-packages/airflow/example_dags/example_branch_operator.py took 0.338 seconds
[2024-01-08T18:50:27.228+0300] {processor.py:161} INFO - Started process (PID=19396) to work on /usr/local/lib/python3.10/dist-packages/airflow/example_dags/example_branch_operator.py
[2024-01-08T18:50:27.230+0300] {processor.py:830} INFO - Processing file /usr/local/lib/python3.10/dist-packages/airflow/example_dags/example_branch_operator.py for tasks to queue
[2024-01-08T18:50:27.232+0300] {logging_mixin.py:188} INFO - [2024-01-08T18:50:27.231+0300] {dagbag.py:538} INFO - Filling up the DagBag from /usr/local/lib/python3.10/dist-packages/airflow/example_dags/example_branch_operator.py
[2024-01-08T18:50:27.277+0300] {processor.py:840} INFO - DAG(s) 'example_branch_operator' retrieved from /usr/local/lib/python3.10/dist-packages/airflow/example_dags/example_branch_operator.py
[2024-01-08T18:50:27.494+0300] {logging_mixin.py:188} INFO - [2024-01-08T18:50:27.491+0300] {dag.py:3033} INFO - Sync 1 DAGs
[2024-01-08T18:50:27.658+0300] {logging_mixin.py:188} INFO - [2024-01-08T18:50:27.657+0300] {dag.py:3820} INFO - Setting next_dagrun for example_branch_operator to 2024-01-07T00:00:00+00:00, run_after=2024-01-08T00:00:00+00:00
[2024-01-08T18:50:27.783+0300] {processor.py:183} INFO - Processing /usr/local/lib/python3.10/dist-packages/airflow/example_dags/example_branch_operator.py took 0.566 seconds
[2024-01-08T18:50:58.628+0300] {processor.py:161} INFO - Started process (PID=19719) to work on /usr/local/lib/python3.10/dist-packages/airflow/example_dags/example_branch_operator.py
[2024-01-08T18:50:58.636+0300] {processor.py:830} INFO - Processing file /usr/local/lib/python3.10/dist-packages/airflow/example_dags/example_branch_operator.py for tasks to queue
[2024-01-08T18:50:58.639+0300] {logging_mixin.py:188} INFO - [2024-01-08T18:50:58.638+0300] {dagbag.py:538} INFO - Filling up the DagBag from /usr/local/lib/python3.10/dist-packages/airflow/example_dags/example_branch_operator.py
[2024-01-08T18:50:58.791+0300] {processor.py:840} INFO - DAG(s) 'example_branch_operator' retrieved from /usr/local/lib/python3.10/dist-packages/airflow/example_dags/example_branch_operator.py
[2024-01-08T18:50:59.019+0300] {logging_mixin.py:188} INFO - [2024-01-08T18:50:59.018+0300] {dag.py:3033} INFO - Sync 1 DAGs
[2024-01-08T18:50:59.101+0300] {logging_mixin.py:188} INFO - [2024-01-08T18:50:59.101+0300] {dag.py:3820} INFO - Setting next_dagrun for example_branch_operator to 2024-01-07T00:00:00+00:00, run_after=2024-01-08T00:00:00+00:00
[2024-01-08T18:50:59.201+0300] {processor.py:183} INFO - Processing /usr/local/lib/python3.10/dist-packages/airflow/example_dags/example_branch_operator.py took 0.618 seconds
[2024-01-08T18:51:29.431+0300] {processor.py:161} INFO - Started process (PID=20099) to work on /usr/local/lib/python3.10/dist-packages/airflow/example_dags/example_branch_operator.py
[2024-01-08T18:51:29.434+0300] {processor.py:830} INFO - Processing file /usr/local/lib/python3.10/dist-packages/airflow/example_dags/example_branch_operator.py for tasks to queue
[2024-01-08T18:51:29.436+0300] {logging_mixin.py:188} INFO - [2024-01-08T18:51:29.435+0300] {dagbag.py:538} INFO - Filling up the DagBag from /usr/local/lib/python3.10/dist-packages/airflow/example_dags/example_branch_operator.py
[2024-01-08T18:51:29.490+0300] {processor.py:840} INFO - DAG(s) 'example_branch_operator' retrieved from /usr/local/lib/python3.10/dist-packages/airflow/example_dags/example_branch_operator.py
[2024-01-08T18:51:29.649+0300] {logging_mixin.py:188} INFO - [2024-01-08T18:51:29.648+0300] {dag.py:3033} INFO - Sync 1 DAGs
[2024-01-08T18:51:29.742+0300] {logging_mixin.py:188} INFO - [2024-01-08T18:51:29.741+0300] {dag.py:3820} INFO - Setting next_dagrun for example_branch_operator to 2024-01-07T00:00:00+00:00, run_after=2024-01-08T00:00:00+00:00
[2024-01-08T18:51:29.850+0300] {processor.py:183} INFO - Processing /usr/local/lib/python3.10/dist-packages/airflow/example_dags/example_branch_operator.py took 0.435 seconds
[2024-01-08T18:52:22.511+0300] {processor.py:161} INFO - Started process (PID=20633) to work on /usr/local/lib/python3.10/dist-packages/airflow/example_dags/example_branch_operator.py
[2024-01-08T18:52:22.532+0300] {processor.py:830} INFO - Processing file /usr/local/lib/python3.10/dist-packages/airflow/example_dags/example_branch_operator.py for tasks to queue
[2024-01-08T18:52:22.534+0300] {logging_mixin.py:188} INFO - [2024-01-08T18:52:22.533+0300] {dagbag.py:538} INFO - Filling up the DagBag from /usr/local/lib/python3.10/dist-packages/airflow/example_dags/example_branch_operator.py
[2024-01-08T18:52:22.759+0300] {processor.py:840} INFO - DAG(s) 'example_branch_operator' retrieved from /usr/local/lib/python3.10/dist-packages/airflow/example_dags/example_branch_operator.py
[2024-01-08T18:52:23.115+0300] {logging_mixin.py:188} INFO - [2024-01-08T18:52:23.115+0300] {dag.py:3033} INFO - Sync 1 DAGs
[2024-01-08T18:52:23.310+0300] {logging_mixin.py:188} INFO - [2024-01-08T18:52:23.309+0300] {dag.py:3820} INFO - Setting next_dagrun for example_branch_operator to 2024-01-07T00:00:00+00:00, run_after=2024-01-08T00:00:00+00:00
[2024-01-08T18:52:23.464+0300] {processor.py:183} INFO - Processing /usr/local/lib/python3.10/dist-packages/airflow/example_dags/example_branch_operator.py took 0.996 seconds
[2024-01-08T18:53:02.832+0300] {processor.py:161} INFO - Started process (PID=21053) to work on /usr/local/lib/python3.10/dist-packages/airflow/example_dags/example_branch_operator.py
[2024-01-08T18:53:02.916+0300] {processor.py:830} INFO - Processing file /usr/local/lib/python3.10/dist-packages/airflow/example_dags/example_branch_operator.py for tasks to queue
[2024-01-08T18:53:02.956+0300] {logging_mixin.py:188} INFO - [2024-01-08T18:53:02.918+0300] {dagbag.py:538} INFO - Filling up the DagBag from /usr/local/lib/python3.10/dist-packages/airflow/example_dags/example_branch_operator.py
[2024-01-08T18:53:03.820+0300] {processor.py:840} INFO - DAG(s) 'example_branch_operator' retrieved from /usr/local/lib/python3.10/dist-packages/airflow/example_dags/example_branch_operator.py
[2024-01-08T18:53:04.812+0300] {logging_mixin.py:188} INFO - [2024-01-08T18:53:04.811+0300] {dag.py:3033} INFO - Sync 1 DAGs
[2024-01-08T18:53:05.310+0300] {logging_mixin.py:188} INFO - [2024-01-08T18:53:05.310+0300] {dag.py:3820} INFO - Setting next_dagrun for example_branch_operator to 2024-01-07T00:00:00+00:00, run_after=2024-01-08T00:00:00+00:00
[2024-01-08T18:53:05.425+0300] {processor.py:183} INFO - Processing /usr/local/lib/python3.10/dist-packages/airflow/example_dags/example_branch_operator.py took 2.959 seconds
[2024-01-08T18:54:02.884+0300] {processor.py:161} INFO - Started process (PID=21608) to work on /usr/local/lib/python3.10/dist-packages/airflow/example_dags/example_branch_operator.py
[2024-01-08T18:54:02.889+0300] {processor.py:830} INFO - Processing file /usr/local/lib/python3.10/dist-packages/airflow/example_dags/example_branch_operator.py for tasks to queue
[2024-01-08T18:54:02.892+0300] {logging_mixin.py:188} INFO - [2024-01-08T18:54:02.891+0300] {dagbag.py:538} INFO - Filling up the DagBag from /usr/local/lib/python3.10/dist-packages/airflow/example_dags/example_branch_operator.py
[2024-01-08T18:54:03.266+0300] {processor.py:840} INFO - DAG(s) 'example_branch_operator' retrieved from /usr/local/lib/python3.10/dist-packages/airflow/example_dags/example_branch_operator.py
[2024-01-08T18:54:03.887+0300] {logging_mixin.py:188} INFO - [2024-01-08T18:54:03.887+0300] {dag.py:3033} INFO - Sync 1 DAGs
[2024-01-08T18:54:04.134+0300] {logging_mixin.py:188} INFO - [2024-01-08T18:54:04.134+0300] {dag.py:3820} INFO - Setting next_dagrun for example_branch_operator to 2024-01-07T00:00:00+00:00, run_after=2024-01-08T00:00:00+00:00
[2024-01-08T18:54:04.560+0300] {processor.py:183} INFO - Processing /usr/local/lib/python3.10/dist-packages/airflow/example_dags/example_branch_operator.py took 1.725 seconds
[2024-01-08T18:54:42.036+0300] {processor.py:161} INFO - Started process (PID=22044) to work on /usr/local/lib/python3.10/dist-packages/airflow/example_dags/example_branch_operator.py
[2024-01-08T18:54:42.095+0300] {processor.py:830} INFO - Processing file /usr/local/lib/python3.10/dist-packages/airflow/example_dags/example_branch_operator.py for tasks to queue
[2024-01-08T18:54:42.110+0300] {logging_mixin.py:188} INFO - [2024-01-08T18:54:42.096+0300] {dagbag.py:538} INFO - Filling up the DagBag from /usr/local/lib/python3.10/dist-packages/airflow/example_dags/example_branch_operator.py
[2024-01-08T18:54:42.626+0300] {processor.py:840} INFO - DAG(s) 'example_branch_operator' retrieved from /usr/local/lib/python3.10/dist-packages/airflow/example_dags/example_branch_operator.py
[2024-01-08T18:54:43.240+0300] {logging_mixin.py:188} INFO - [2024-01-08T18:54:43.232+0300] {dag.py:3033} INFO - Sync 1 DAGs
[2024-01-08T18:54:43.628+0300] {logging_mixin.py:188} INFO - [2024-01-08T18:54:43.628+0300] {dag.py:3820} INFO - Setting next_dagrun for example_branch_operator to 2024-01-07T00:00:00+00:00, run_after=2024-01-08T00:00:00+00:00
[2024-01-08T18:54:43.968+0300] {processor.py:183} INFO - Processing /usr/local/lib/python3.10/dist-packages/airflow/example_dags/example_branch_operator.py took 1.941 seconds
[2024-01-08T18:55:14.568+0300] {processor.py:161} INFO - Started process (PID=22488) to work on /usr/local/lib/python3.10/dist-packages/airflow/example_dags/example_branch_operator.py
[2024-01-08T18:55:14.573+0300] {processor.py:830} INFO - Processing file /usr/local/lib/python3.10/dist-packages/airflow/example_dags/example_branch_operator.py for tasks to queue
[2024-01-08T18:55:14.578+0300] {logging_mixin.py:188} INFO - [2024-01-08T18:55:14.576+0300] {dagbag.py:538} INFO - Filling up the DagBag from /usr/local/lib/python3.10/dist-packages/airflow/example_dags/example_branch_operator.py
[2024-01-08T18:55:14.663+0300] {processor.py:840} INFO - DAG(s) 'example_branch_operator' retrieved from /usr/local/lib/python3.10/dist-packages/airflow/example_dags/example_branch_operator.py
[2024-01-08T18:55:14.781+0300] {logging_mixin.py:188} INFO - [2024-01-08T18:55:14.781+0300] {dag.py:3033} INFO - Sync 1 DAGs
[2024-01-08T18:55:14.847+0300] {logging_mixin.py:188} INFO - [2024-01-08T18:55:14.847+0300] {dag.py:3820} INFO - Setting next_dagrun for example_branch_operator to 2024-01-07T00:00:00+00:00, run_after=2024-01-08T00:00:00+00:00
[2024-01-08T18:55:14.890+0300] {processor.py:183} INFO - Processing /usr/local/lib/python3.10/dist-packages/airflow/example_dags/example_branch_operator.py took 0.370 seconds
[2024-01-08T18:55:45.185+0300] {processor.py:161} INFO - Started process (PID=22869) to work on /usr/local/lib/python3.10/dist-packages/airflow/example_dags/example_branch_operator.py
[2024-01-08T18:55:45.189+0300] {processor.py:830} INFO - Processing file /usr/local/lib/python3.10/dist-packages/airflow/example_dags/example_branch_operator.py for tasks to queue
[2024-01-08T18:55:45.195+0300] {logging_mixin.py:188} INFO - [2024-01-08T18:55:45.194+0300] {dagbag.py:538} INFO - Filling up the DagBag from /usr/local/lib/python3.10/dist-packages/airflow/example_dags/example_branch_operator.py
[2024-01-08T18:55:45.258+0300] {processor.py:840} INFO - DAG(s) 'example_branch_operator' retrieved from /usr/local/lib/python3.10/dist-packages/airflow/example_dags/example_branch_operator.py
[2024-01-08T18:55:45.397+0300] {logging_mixin.py:188} INFO - [2024-01-08T18:55:45.397+0300] {dag.py:3033} INFO - Sync 1 DAGs
[2024-01-08T18:55:45.457+0300] {logging_mixin.py:188} INFO - [2024-01-08T18:55:45.456+0300] {dag.py:3820} INFO - Setting next_dagrun for example_branch_operator to 2024-01-07T00:00:00+00:00, run_after=2024-01-08T00:00:00+00:00
[2024-01-08T18:55:45.497+0300] {processor.py:183} INFO - Processing /usr/local/lib/python3.10/dist-packages/airflow/example_dags/example_branch_operator.py took 0.350 seconds
[2024-01-08T18:56:15.664+0300] {processor.py:161} INFO - Started process (PID=23184) to work on /usr/local/lib/python3.10/dist-packages/airflow/example_dags/example_branch_operator.py
[2024-01-08T18:56:15.667+0300] {processor.py:830} INFO - Processing file /usr/local/lib/python3.10/dist-packages/airflow/example_dags/example_branch_operator.py for tasks to queue
[2024-01-08T18:56:15.670+0300] {logging_mixin.py:188} INFO - [2024-01-08T18:56:15.669+0300] {dagbag.py:538} INFO - Filling up the DagBag from /usr/local/lib/python3.10/dist-packages/airflow/example_dags/example_branch_operator.py
[2024-01-08T18:56:15.746+0300] {processor.py:840} INFO - DAG(s) 'example_branch_operator' retrieved from /usr/local/lib/python3.10/dist-packages/airflow/example_dags/example_branch_operator.py
[2024-01-08T18:56:15.927+0300] {logging_mixin.py:188} INFO - [2024-01-08T18:56:15.927+0300] {dag.py:3033} INFO - Sync 1 DAGs
[2024-01-08T18:56:16.070+0300] {logging_mixin.py:188} INFO - [2024-01-08T18:56:16.070+0300] {dag.py:3820} INFO - Setting next_dagrun for example_branch_operator to 2024-01-07T00:00:00+00:00, run_after=2024-01-08T00:00:00+00:00
[2024-01-08T18:56:16.172+0300] {processor.py:183} INFO - Processing /usr/local/lib/python3.10/dist-packages/airflow/example_dags/example_branch_operator.py took 0.522 seconds
[2024-01-08T18:56:46.583+0300] {processor.py:161} INFO - Started process (PID=23502) to work on /usr/local/lib/python3.10/dist-packages/airflow/example_dags/example_branch_operator.py
[2024-01-08T18:56:46.586+0300] {processor.py:830} INFO - Processing file /usr/local/lib/python3.10/dist-packages/airflow/example_dags/example_branch_operator.py for tasks to queue
[2024-01-08T18:56:46.589+0300] {logging_mixin.py:188} INFO - [2024-01-08T18:56:46.588+0300] {dagbag.py:538} INFO - Filling up the DagBag from /usr/local/lib/python3.10/dist-packages/airflow/example_dags/example_branch_operator.py
[2024-01-08T18:56:46.747+0300] {processor.py:840} INFO - DAG(s) 'example_branch_operator' retrieved from /usr/local/lib/python3.10/dist-packages/airflow/example_dags/example_branch_operator.py
[2024-01-08T18:56:46.996+0300] {logging_mixin.py:188} INFO - [2024-01-08T18:56:46.996+0300] {dag.py:3033} INFO - Sync 1 DAGs
[2024-01-08T18:56:47.130+0300] {logging_mixin.py:188} INFO - [2024-01-08T18:56:47.130+0300] {dag.py:3820} INFO - Setting next_dagrun for example_branch_operator to 2024-01-07T00:00:00+00:00, run_after=2024-01-08T00:00:00+00:00
[2024-01-08T18:56:47.196+0300] {processor.py:183} INFO - Processing /usr/local/lib/python3.10/dist-packages/airflow/example_dags/example_branch_operator.py took 0.630 seconds
[2024-01-08T18:57:18.039+0300] {processor.py:161} INFO - Started process (PID=23880) to work on /usr/local/lib/python3.10/dist-packages/airflow/example_dags/example_branch_operator.py
[2024-01-08T18:57:18.041+0300] {processor.py:830} INFO - Processing file /usr/local/lib/python3.10/dist-packages/airflow/example_dags/example_branch_operator.py for tasks to queue
[2024-01-08T18:57:18.046+0300] {logging_mixin.py:188} INFO - [2024-01-08T18:57:18.042+0300] {dagbag.py:538} INFO - Filling up the DagBag from /usr/local/lib/python3.10/dist-packages/airflow/example_dags/example_branch_operator.py
[2024-01-08T18:57:18.125+0300] {processor.py:840} INFO - DAG(s) 'example_branch_operator' retrieved from /usr/local/lib/python3.10/dist-packages/airflow/example_dags/example_branch_operator.py
[2024-01-08T18:57:18.320+0300] {logging_mixin.py:188} INFO - [2024-01-08T18:57:18.320+0300] {dag.py:3033} INFO - Sync 1 DAGs
[2024-01-08T18:57:18.397+0300] {logging_mixin.py:188} INFO - [2024-01-08T18:57:18.396+0300] {dag.py:3820} INFO - Setting next_dagrun for example_branch_operator to 2024-01-07T00:00:00+00:00, run_after=2024-01-08T00:00:00+00:00
[2024-01-08T18:57:18.487+0300] {processor.py:183} INFO - Processing /usr/local/lib/python3.10/dist-packages/airflow/example_dags/example_branch_operator.py took 0.463 seconds
[2024-01-08T18:57:55.673+0300] {processor.py:161} INFO - Started process (PID=24245) to work on /usr/local/lib/python3.10/dist-packages/airflow/example_dags/example_branch_operator.py
[2024-01-08T18:57:55.676+0300] {processor.py:830} INFO - Processing file /usr/local/lib/python3.10/dist-packages/airflow/example_dags/example_branch_operator.py for tasks to queue
[2024-01-08T18:57:55.686+0300] {logging_mixin.py:188} INFO - [2024-01-08T18:57:55.685+0300] {dagbag.py:538} INFO - Filling up the DagBag from /usr/local/lib/python3.10/dist-packages/airflow/example_dags/example_branch_operator.py
[2024-01-08T18:57:55.757+0300] {processor.py:840} INFO - DAG(s) 'example_branch_operator' retrieved from /usr/local/lib/python3.10/dist-packages/airflow/example_dags/example_branch_operator.py
[2024-01-08T18:57:55.890+0300] {logging_mixin.py:188} INFO - [2024-01-08T18:57:55.890+0300] {dag.py:3033} INFO - Sync 1 DAGs
[2024-01-08T18:57:55.967+0300] {logging_mixin.py:188} INFO - [2024-01-08T18:57:55.966+0300] {dag.py:3820} INFO - Setting next_dagrun for example_branch_operator to 2024-01-07T00:00:00+00:00, run_after=2024-01-08T00:00:00+00:00
[2024-01-08T18:57:56.017+0300] {processor.py:183} INFO - Processing /usr/local/lib/python3.10/dist-packages/airflow/example_dags/example_branch_operator.py took 0.355 seconds
[2024-01-08T18:58:30.144+0300] {processor.py:161} INFO - Started process (PID=24620) to work on /usr/local/lib/python3.10/dist-packages/airflow/example_dags/example_branch_operator.py
[2024-01-08T18:58:30.171+0300] {processor.py:830} INFO - Processing file /usr/local/lib/python3.10/dist-packages/airflow/example_dags/example_branch_operator.py for tasks to queue
[2024-01-08T18:58:30.185+0300] {logging_mixin.py:188} INFO - [2024-01-08T18:58:30.184+0300] {dagbag.py:538} INFO - Filling up the DagBag from /usr/local/lib/python3.10/dist-packages/airflow/example_dags/example_branch_operator.py
[2024-01-08T18:58:30.439+0300] {processor.py:840} INFO - DAG(s) 'example_branch_operator' retrieved from /usr/local/lib/python3.10/dist-packages/airflow/example_dags/example_branch_operator.py
[2024-01-08T18:58:30.775+0300] {logging_mixin.py:188} INFO - [2024-01-08T18:58:30.775+0300] {dag.py:3033} INFO - Sync 1 DAGs
[2024-01-08T18:58:31.220+0300] {logging_mixin.py:188} INFO - [2024-01-08T18:58:31.219+0300] {dag.py:3820} INFO - Setting next_dagrun for example_branch_operator to 2024-01-07T00:00:00+00:00, run_after=2024-01-08T00:00:00+00:00
[2024-01-08T18:58:31.653+0300] {processor.py:183} INFO - Processing /usr/local/lib/python3.10/dist-packages/airflow/example_dags/example_branch_operator.py took 1.591 seconds
[2024-01-08T18:59:02.944+0300] {processor.py:161} INFO - Started process (PID=25064) to work on /usr/local/lib/python3.10/dist-packages/airflow/example_dags/example_branch_operator.py
[2024-01-08T18:59:02.947+0300] {processor.py:830} INFO - Processing file /usr/local/lib/python3.10/dist-packages/airflow/example_dags/example_branch_operator.py for tasks to queue
[2024-01-08T18:59:02.951+0300] {logging_mixin.py:188} INFO - [2024-01-08T18:59:02.948+0300] {dagbag.py:538} INFO - Filling up the DagBag from /usr/local/lib/python3.10/dist-packages/airflow/example_dags/example_branch_operator.py
[2024-01-08T18:59:03.102+0300] {processor.py:840} INFO - DAG(s) 'example_branch_operator' retrieved from /usr/local/lib/python3.10/dist-packages/airflow/example_dags/example_branch_operator.py
[2024-01-08T18:59:03.333+0300] {logging_mixin.py:188} INFO - [2024-01-08T18:59:03.333+0300] {dag.py:3033} INFO - Sync 1 DAGs
[2024-01-08T18:59:03.420+0300] {logging_mixin.py:188} INFO - [2024-01-08T18:59:03.419+0300] {dag.py:3820} INFO - Setting next_dagrun for example_branch_operator to 2024-01-07T00:00:00+00:00, run_after=2024-01-08T00:00:00+00:00
[2024-01-08T18:59:03.551+0300] {processor.py:183} INFO - Processing /usr/local/lib/python3.10/dist-packages/airflow/example_dags/example_branch_operator.py took 0.623 seconds
[2024-01-08T18:59:39.463+0300] {processor.py:161} INFO - Started process (PID=25485) to work on /usr/local/lib/python3.10/dist-packages/airflow/example_dags/example_branch_operator.py
[2024-01-08T18:59:39.467+0300] {processor.py:830} INFO - Processing file /usr/local/lib/python3.10/dist-packages/airflow/example_dags/example_branch_operator.py for tasks to queue
[2024-01-08T18:59:39.469+0300] {logging_mixin.py:188} INFO - [2024-01-08T18:59:39.468+0300] {dagbag.py:538} INFO - Filling up the DagBag from /usr/local/lib/python3.10/dist-packages/airflow/example_dags/example_branch_operator.py
[2024-01-08T18:59:39.547+0300] {processor.py:840} INFO - DAG(s) 'example_branch_operator' retrieved from /usr/local/lib/python3.10/dist-packages/airflow/example_dags/example_branch_operator.py
[2024-01-08T18:59:39.680+0300] {logging_mixin.py:188} INFO - [2024-01-08T18:59:39.680+0300] {dag.py:3033} INFO - Sync 1 DAGs
[2024-01-08T18:59:39.786+0300] {logging_mixin.py:188} INFO - [2024-01-08T18:59:39.785+0300] {dag.py:3820} INFO - Setting next_dagrun for example_branch_operator to 2024-01-07T00:00:00+00:00, run_after=2024-01-08T00:00:00+00:00
[2024-01-08T18:59:39.886+0300] {processor.py:183} INFO - Processing /usr/local/lib/python3.10/dist-packages/airflow/example_dags/example_branch_operator.py took 0.453 seconds
[2024-01-08T19:00:11.126+0300] {processor.py:161} INFO - Started process (PID=25849) to work on /usr/local/lib/python3.10/dist-packages/airflow/example_dags/example_branch_operator.py
[2024-01-08T19:00:11.128+0300] {processor.py:830} INFO - Processing file /usr/local/lib/python3.10/dist-packages/airflow/example_dags/example_branch_operator.py for tasks to queue
[2024-01-08T19:00:11.146+0300] {logging_mixin.py:188} INFO - [2024-01-08T19:00:11.146+0300] {dagbag.py:538} INFO - Filling up the DagBag from /usr/local/lib/python3.10/dist-packages/airflow/example_dags/example_branch_operator.py
[2024-01-08T19:00:11.337+0300] {processor.py:840} INFO - DAG(s) 'example_branch_operator' retrieved from /usr/local/lib/python3.10/dist-packages/airflow/example_dags/example_branch_operator.py
[2024-01-08T19:00:11.694+0300] {logging_mixin.py:188} INFO - [2024-01-08T19:00:11.694+0300] {dag.py:3033} INFO - Sync 1 DAGs
[2024-01-08T19:00:11.880+0300] {logging_mixin.py:188} INFO - [2024-01-08T19:00:11.880+0300] {dag.py:3820} INFO - Setting next_dagrun for example_branch_operator to 2024-01-07T00:00:00+00:00, run_after=2024-01-08T00:00:00+00:00
[2024-01-08T19:00:12.060+0300] {processor.py:183} INFO - Processing /usr/local/lib/python3.10/dist-packages/airflow/example_dags/example_branch_operator.py took 0.956 seconds
[2024-01-08T19:00:43.436+0300] {processor.py:161} INFO - Started process (PID=26274) to work on /usr/local/lib/python3.10/dist-packages/airflow/example_dags/example_branch_operator.py
[2024-01-08T19:00:43.490+0300] {processor.py:830} INFO - Processing file /usr/local/lib/python3.10/dist-packages/airflow/example_dags/example_branch_operator.py for tasks to queue
[2024-01-08T19:00:43.501+0300] {logging_mixin.py:188} INFO - [2024-01-08T19:00:43.491+0300] {dagbag.py:538} INFO - Filling up the DagBag from /usr/local/lib/python3.10/dist-packages/airflow/example_dags/example_branch_operator.py
[2024-01-08T19:00:43.776+0300] {processor.py:840} INFO - DAG(s) 'example_branch_operator' retrieved from /usr/local/lib/python3.10/dist-packages/airflow/example_dags/example_branch_operator.py
[2024-01-08T19:00:44.282+0300] {logging_mixin.py:188} INFO - [2024-01-08T19:00:44.281+0300] {dag.py:3033} INFO - Sync 1 DAGs
[2024-01-08T19:00:44.599+0300] {logging_mixin.py:188} INFO - [2024-01-08T19:00:44.599+0300] {dag.py:3820} INFO - Setting next_dagrun for example_branch_operator to 2024-01-07T00:00:00+00:00, run_after=2024-01-08T00:00:00+00:00
[2024-01-08T19:00:44.755+0300] {processor.py:183} INFO - Processing /usr/local/lib/python3.10/dist-packages/airflow/example_dags/example_branch_operator.py took 1.341 seconds
[2024-01-08T19:01:14.931+0300] {processor.py:161} INFO - Started process (PID=26660) to work on /usr/local/lib/python3.10/dist-packages/airflow/example_dags/example_branch_operator.py
[2024-01-08T19:01:14.933+0300] {processor.py:830} INFO - Processing file /usr/local/lib/python3.10/dist-packages/airflow/example_dags/example_branch_operator.py for tasks to queue
[2024-01-08T19:01:14.935+0300] {logging_mixin.py:188} INFO - [2024-01-08T19:01:14.934+0300] {dagbag.py:538} INFO - Filling up the DagBag from /usr/local/lib/python3.10/dist-packages/airflow/example_dags/example_branch_operator.py
[2024-01-08T19:01:14.989+0300] {processor.py:840} INFO - DAG(s) 'example_branch_operator' retrieved from /usr/local/lib/python3.10/dist-packages/airflow/example_dags/example_branch_operator.py
[2024-01-08T19:01:15.179+0300] {logging_mixin.py:188} INFO - [2024-01-08T19:01:15.178+0300] {dag.py:3033} INFO - Sync 1 DAGs
[2024-01-08T19:01:15.348+0300] {logging_mixin.py:188} INFO - [2024-01-08T19:01:15.347+0300] {dag.py:3820} INFO - Setting next_dagrun for example_branch_operator to 2024-01-07T00:00:00+00:00, run_after=2024-01-08T00:00:00+00:00
[2024-01-08T19:01:15.470+0300] {processor.py:183} INFO - Processing /usr/local/lib/python3.10/dist-packages/airflow/example_dags/example_branch_operator.py took 0.550 seconds
[2024-01-08T19:01:45.548+0300] {processor.py:161} INFO - Started process (PID=27062) to work on /usr/local/lib/python3.10/dist-packages/airflow/example_dags/example_branch_operator.py
[2024-01-08T19:01:45.551+0300] {processor.py:830} INFO - Processing file /usr/local/lib/python3.10/dist-packages/airflow/example_dags/example_branch_operator.py for tasks to queue
[2024-01-08T19:01:45.553+0300] {logging_mixin.py:188} INFO - [2024-01-08T19:01:45.552+0300] {dagbag.py:538} INFO - Filling up the DagBag from /usr/local/lib/python3.10/dist-packages/airflow/example_dags/example_branch_operator.py
[2024-01-08T19:01:45.596+0300] {processor.py:840} INFO - DAG(s) 'example_branch_operator' retrieved from /usr/local/lib/python3.10/dist-packages/airflow/example_dags/example_branch_operator.py
[2024-01-08T19:01:45.704+0300] {logging_mixin.py:188} INFO - [2024-01-08T19:01:45.703+0300] {dag.py:3033} INFO - Sync 1 DAGs
[2024-01-08T19:01:45.771+0300] {logging_mixin.py:188} INFO - [2024-01-08T19:01:45.771+0300] {dag.py:3820} INFO - Setting next_dagrun for example_branch_operator to 2024-01-07T00:00:00+00:00, run_after=2024-01-08T00:00:00+00:00
[2024-01-08T19:01:45.825+0300] {processor.py:183} INFO - Processing /usr/local/lib/python3.10/dist-packages/airflow/example_dags/example_branch_operator.py took 0.288 seconds
[2024-01-08T19:02:16.004+0300] {processor.py:161} INFO - Started process (PID=27379) to work on /usr/local/lib/python3.10/dist-packages/airflow/example_dags/example_branch_operator.py
[2024-01-08T19:02:16.007+0300] {processor.py:830} INFO - Processing file /usr/local/lib/python3.10/dist-packages/airflow/example_dags/example_branch_operator.py for tasks to queue
[2024-01-08T19:02:16.009+0300] {logging_mixin.py:188} INFO - [2024-01-08T19:02:16.008+0300] {dagbag.py:538} INFO - Filling up the DagBag from /usr/local/lib/python3.10/dist-packages/airflow/example_dags/example_branch_operator.py
[2024-01-08T19:02:16.109+0300] {processor.py:840} INFO - DAG(s) 'example_branch_operator' retrieved from /usr/local/lib/python3.10/dist-packages/airflow/example_dags/example_branch_operator.py
[2024-01-08T19:02:16.246+0300] {logging_mixin.py:188} INFO - [2024-01-08T19:02:16.246+0300] {dag.py:3033} INFO - Sync 1 DAGs
[2024-01-08T19:02:16.322+0300] {logging_mixin.py:188} INFO - [2024-01-08T19:02:16.321+0300] {dag.py:3820} INFO - Setting next_dagrun for example_branch_operator to 2024-01-07T00:00:00+00:00, run_after=2024-01-08T00:00:00+00:00
[2024-01-08T19:02:16.383+0300] {processor.py:183} INFO - Processing /usr/local/lib/python3.10/dist-packages/airflow/example_dags/example_branch_operator.py took 0.393 seconds
[2024-01-08T19:02:47.086+0300] {processor.py:161} INFO - Started process (PID=27696) to work on /usr/local/lib/python3.10/dist-packages/airflow/example_dags/example_branch_operator.py
[2024-01-08T19:02:47.089+0300] {processor.py:830} INFO - Processing file /usr/local/lib/python3.10/dist-packages/airflow/example_dags/example_branch_operator.py for tasks to queue
[2024-01-08T19:02:47.091+0300] {logging_mixin.py:188} INFO - [2024-01-08T19:02:47.091+0300] {dagbag.py:538} INFO - Filling up the DagBag from /usr/local/lib/python3.10/dist-packages/airflow/example_dags/example_branch_operator.py
[2024-01-08T19:02:47.135+0300] {processor.py:840} INFO - DAG(s) 'example_branch_operator' retrieved from /usr/local/lib/python3.10/dist-packages/airflow/example_dags/example_branch_operator.py
[2024-01-08T19:02:47.236+0300] {logging_mixin.py:188} INFO - [2024-01-08T19:02:47.236+0300] {dag.py:3033} INFO - Sync 1 DAGs
[2024-01-08T19:02:47.298+0300] {logging_mixin.py:188} INFO - [2024-01-08T19:02:47.297+0300] {dag.py:3820} INFO - Setting next_dagrun for example_branch_operator to 2024-01-07T00:00:00+00:00, run_after=2024-01-08T00:00:00+00:00
[2024-01-08T19:02:47.368+0300] {processor.py:183} INFO - Processing /usr/local/lib/python3.10/dist-packages/airflow/example_dags/example_branch_operator.py took 0.295 seconds
[2024-01-08T19:03:28.994+0300] {processor.py:161} INFO - Started process (PID=28101) to work on /usr/local/lib/python3.10/dist-packages/airflow/example_dags/example_branch_operator.py
[2024-01-08T19:03:28.997+0300] {processor.py:830} INFO - Processing file /usr/local/lib/python3.10/dist-packages/airflow/example_dags/example_branch_operator.py for tasks to queue
[2024-01-08T19:03:29.000+0300] {logging_mixin.py:188} INFO - [2024-01-08T19:03:28.999+0300] {dagbag.py:538} INFO - Filling up the DagBag from /usr/local/lib/python3.10/dist-packages/airflow/example_dags/example_branch_operator.py
[2024-01-08T19:03:29.077+0300] {processor.py:840} INFO - DAG(s) 'example_branch_operator' retrieved from /usr/local/lib/python3.10/dist-packages/airflow/example_dags/example_branch_operator.py
[2024-01-08T19:03:29.248+0300] {logging_mixin.py:188} INFO - [2024-01-08T19:03:29.248+0300] {dag.py:3033} INFO - Sync 1 DAGs
[2024-01-08T19:03:29.343+0300] {logging_mixin.py:188} INFO - [2024-01-08T19:03:29.343+0300] {dag.py:3820} INFO - Setting next_dagrun for example_branch_operator to 2024-01-07T00:00:00+00:00, run_after=2024-01-08T00:00:00+00:00
[2024-01-08T19:03:29.404+0300] {processor.py:183} INFO - Processing /usr/local/lib/python3.10/dist-packages/airflow/example_dags/example_branch_operator.py took 0.433 seconds
[2024-01-08T19:04:00.353+0300] {processor.py:161} INFO - Started process (PID=28484) to work on /usr/local/lib/python3.10/dist-packages/airflow/example_dags/example_branch_operator.py
[2024-01-08T19:04:00.356+0300] {processor.py:830} INFO - Processing file /usr/local/lib/python3.10/dist-packages/airflow/example_dags/example_branch_operator.py for tasks to queue
[2024-01-08T19:04:00.358+0300] {logging_mixin.py:188} INFO - [2024-01-08T19:04:00.357+0300] {dagbag.py:538} INFO - Filling up the DagBag from /usr/local/lib/python3.10/dist-packages/airflow/example_dags/example_branch_operator.py
[2024-01-08T19:04:00.415+0300] {processor.py:840} INFO - DAG(s) 'example_branch_operator' retrieved from /usr/local/lib/python3.10/dist-packages/airflow/example_dags/example_branch_operator.py
[2024-01-08T19:04:00.543+0300] {logging_mixin.py:188} INFO - [2024-01-08T19:04:00.542+0300] {dag.py:3033} INFO - Sync 1 DAGs
[2024-01-08T19:04:00.624+0300] {logging_mixin.py:188} INFO - [2024-01-08T19:04:00.624+0300] {dag.py:3820} INFO - Setting next_dagrun for example_branch_operator to 2024-01-07T00:00:00+00:00, run_after=2024-01-08T00:00:00+00:00
[2024-01-08T19:04:00.675+0300] {processor.py:183} INFO - Processing /usr/local/lib/python3.10/dist-packages/airflow/example_dags/example_branch_operator.py took 0.334 seconds
[2024-01-08T19:04:32.320+0300] {processor.py:161} INFO - Started process (PID=28846) to work on /usr/local/lib/python3.10/dist-packages/airflow/example_dags/example_branch_operator.py
[2024-01-08T19:04:32.322+0300] {processor.py:830} INFO - Processing file /usr/local/lib/python3.10/dist-packages/airflow/example_dags/example_branch_operator.py for tasks to queue
[2024-01-08T19:04:32.324+0300] {logging_mixin.py:188} INFO - [2024-01-08T19:04:32.323+0300] {dagbag.py:538} INFO - Filling up the DagBag from /usr/local/lib/python3.10/dist-packages/airflow/example_dags/example_branch_operator.py
[2024-01-08T19:04:32.418+0300] {processor.py:840} INFO - DAG(s) 'example_branch_operator' retrieved from /usr/local/lib/python3.10/dist-packages/airflow/example_dags/example_branch_operator.py
[2024-01-08T19:04:32.778+0300] {logging_mixin.py:188} INFO - [2024-01-08T19:04:32.763+0300] {dag.py:3033} INFO - Sync 1 DAGs
[2024-01-08T19:04:33.003+0300] {logging_mixin.py:188} INFO - [2024-01-08T19:04:33.003+0300] {dag.py:3820} INFO - Setting next_dagrun for example_branch_operator to 2024-01-07T00:00:00+00:00, run_after=2024-01-08T00:00:00+00:00
[2024-01-08T19:04:33.195+0300] {processor.py:183} INFO - Processing /usr/local/lib/python3.10/dist-packages/airflow/example_dags/example_branch_operator.py took 0.889 seconds
[2024-01-08T19:05:05.167+0300] {processor.py:161} INFO - Started process (PID=29308) to work on /usr/local/lib/python3.10/dist-packages/airflow/example_dags/example_branch_operator.py
[2024-01-08T19:05:05.180+0300] {processor.py:830} INFO - Processing file /usr/local/lib/python3.10/dist-packages/airflow/example_dags/example_branch_operator.py for tasks to queue
[2024-01-08T19:05:05.191+0300] {logging_mixin.py:188} INFO - [2024-01-08T19:05:05.190+0300] {dagbag.py:538} INFO - Filling up the DagBag from /usr/local/lib/python3.10/dist-packages/airflow/example_dags/example_branch_operator.py
[2024-01-08T19:05:05.282+0300] {processor.py:840} INFO - DAG(s) 'example_branch_operator' retrieved from /usr/local/lib/python3.10/dist-packages/airflow/example_dags/example_branch_operator.py
[2024-01-08T19:05:05.421+0300] {logging_mixin.py:188} INFO - [2024-01-08T19:05:05.421+0300] {dag.py:3033} INFO - Sync 1 DAGs
[2024-01-08T19:05:05.483+0300] {logging_mixin.py:188} INFO - [2024-01-08T19:05:05.482+0300] {dag.py:3820} INFO - Setting next_dagrun for example_branch_operator to 2024-01-07T00:00:00+00:00, run_after=2024-01-08T00:00:00+00:00
[2024-01-08T19:05:05.556+0300] {processor.py:183} INFO - Processing /usr/local/lib/python3.10/dist-packages/airflow/example_dags/example_branch_operator.py took 0.408 seconds
[2024-01-08T19:05:51.013+0300] {processor.py:161} INFO - Started process (PID=29771) to work on /usr/local/lib/python3.10/dist-packages/airflow/example_dags/example_branch_operator.py
[2024-01-08T19:05:51.038+0300] {processor.py:830} INFO - Processing file /usr/local/lib/python3.10/dist-packages/airflow/example_dags/example_branch_operator.py for tasks to queue
[2024-01-08T19:05:51.062+0300] {logging_mixin.py:188} INFO - [2024-01-08T19:05:51.040+0300] {dagbag.py:538} INFO - Filling up the DagBag from /usr/local/lib/python3.10/dist-packages/airflow/example_dags/example_branch_operator.py
[2024-01-08T19:05:51.220+0300] {processor.py:840} INFO - DAG(s) 'example_branch_operator' retrieved from /usr/local/lib/python3.10/dist-packages/airflow/example_dags/example_branch_operator.py
[2024-01-08T19:05:52.091+0300] {logging_mixin.py:188} INFO - [2024-01-08T19:05:52.091+0300] {dag.py:3033} INFO - Sync 1 DAGs
[2024-01-08T19:05:52.380+0300] {logging_mixin.py:188} INFO - [2024-01-08T19:05:52.379+0300] {dag.py:3820} INFO - Setting next_dagrun for example_branch_operator to 2024-01-07T00:00:00+00:00, run_after=2024-01-08T00:00:00+00:00
[2024-01-08T19:05:52.677+0300] {processor.py:183} INFO - Processing /usr/local/lib/python3.10/dist-packages/airflow/example_dags/example_branch_operator.py took 1.717 seconds
[2024-01-08T19:06:23.718+0300] {processor.py:161} INFO - Started process (PID=30140) to work on /usr/local/lib/python3.10/dist-packages/airflow/example_dags/example_branch_operator.py
[2024-01-08T19:06:23.720+0300] {processor.py:830} INFO - Processing file /usr/local/lib/python3.10/dist-packages/airflow/example_dags/example_branch_operator.py for tasks to queue
[2024-01-08T19:06:23.730+0300] {logging_mixin.py:188} INFO - [2024-01-08T19:06:23.729+0300] {dagbag.py:538} INFO - Filling up the DagBag from /usr/local/lib/python3.10/dist-packages/airflow/example_dags/example_branch_operator.py
[2024-01-08T19:06:23.859+0300] {processor.py:840} INFO - DAG(s) 'example_branch_operator' retrieved from /usr/local/lib/python3.10/dist-packages/airflow/example_dags/example_branch_operator.py
[2024-01-08T19:06:24.493+0300] {logging_mixin.py:188} INFO - [2024-01-08T19:06:24.468+0300] {dag.py:3033} INFO - Sync 1 DAGs
[2024-01-08T19:06:24.832+0300] {logging_mixin.py:188} INFO - [2024-01-08T19:06:24.831+0300] {dag.py:3820} INFO - Setting next_dagrun for example_branch_operator to 2024-01-07T00:00:00+00:00, run_after=2024-01-08T00:00:00+00:00
[2024-01-08T19:06:25.086+0300] {processor.py:183} INFO - Processing /usr/local/lib/python3.10/dist-packages/airflow/example_dags/example_branch_operator.py took 1.399 seconds
[2024-01-08T19:07:14.287+0300] {processor.py:161} INFO - Started process (PID=30673) to work on /usr/local/lib/python3.10/dist-packages/airflow/example_dags/example_branch_operator.py
[2024-01-08T19:07:14.291+0300] {processor.py:830} INFO - Processing file /usr/local/lib/python3.10/dist-packages/airflow/example_dags/example_branch_operator.py for tasks to queue
[2024-01-08T19:07:14.295+0300] {logging_mixin.py:188} INFO - [2024-01-08T19:07:14.294+0300] {dagbag.py:538} INFO - Filling up the DagBag from /usr/local/lib/python3.10/dist-packages/airflow/example_dags/example_branch_operator.py
[2024-01-08T19:07:14.388+0300] {processor.py:840} INFO - DAG(s) 'example_branch_operator' retrieved from /usr/local/lib/python3.10/dist-packages/airflow/example_dags/example_branch_operator.py
[2024-01-08T19:07:14.569+0300] {logging_mixin.py:188} INFO - [2024-01-08T19:07:14.568+0300] {dag.py:3033} INFO - Sync 1 DAGs
[2024-01-08T19:07:14.647+0300] {logging_mixin.py:188} INFO - [2024-01-08T19:07:14.647+0300] {dag.py:3820} INFO - Setting next_dagrun for example_branch_operator to 2024-01-07T00:00:00+00:00, run_after=2024-01-08T00:00:00+00:00
[2024-01-08T19:07:14.700+0300] {processor.py:183} INFO - Processing /usr/local/lib/python3.10/dist-packages/airflow/example_dags/example_branch_operator.py took 0.428 seconds
[2024-01-08T19:07:51.503+0300] {processor.py:161} INFO - Started process (PID=31095) to work on /usr/local/lib/python3.10/dist-packages/airflow/example_dags/example_branch_operator.py
[2024-01-08T19:07:51.506+0300] {processor.py:830} INFO - Processing file /usr/local/lib/python3.10/dist-packages/airflow/example_dags/example_branch_operator.py for tasks to queue
[2024-01-08T19:07:51.508+0300] {logging_mixin.py:188} INFO - [2024-01-08T19:07:51.508+0300] {dagbag.py:538} INFO - Filling up the DagBag from /usr/local/lib/python3.10/dist-packages/airflow/example_dags/example_branch_operator.py
[2024-01-08T19:07:51.588+0300] {processor.py:840} INFO - DAG(s) 'example_branch_operator' retrieved from /usr/local/lib/python3.10/dist-packages/airflow/example_dags/example_branch_operator.py
[2024-01-08T19:07:51.722+0300] {logging_mixin.py:188} INFO - [2024-01-08T19:07:51.721+0300] {dag.py:3033} INFO - Sync 1 DAGs
[2024-01-08T19:07:51.802+0300] {logging_mixin.py:188} INFO - [2024-01-08T19:07:51.802+0300] {dag.py:3820} INFO - Setting next_dagrun for example_branch_operator to 2024-01-07T00:00:00+00:00, run_after=2024-01-08T00:00:00+00:00
[2024-01-08T19:07:51.865+0300] {processor.py:183} INFO - Processing /usr/local/lib/python3.10/dist-packages/airflow/example_dags/example_branch_operator.py took 0.399 seconds
[2024-01-08T19:08:22.512+0300] {processor.py:161} INFO - Started process (PID=31411) to work on /usr/local/lib/python3.10/dist-packages/airflow/example_dags/example_branch_operator.py
[2024-01-08T19:08:22.515+0300] {processor.py:830} INFO - Processing file /usr/local/lib/python3.10/dist-packages/airflow/example_dags/example_branch_operator.py for tasks to queue
[2024-01-08T19:08:22.517+0300] {logging_mixin.py:188} INFO - [2024-01-08T19:08:22.517+0300] {dagbag.py:538} INFO - Filling up the DagBag from /usr/local/lib/python3.10/dist-packages/airflow/example_dags/example_branch_operator.py
[2024-01-08T19:08:22.660+0300] {processor.py:840} INFO - DAG(s) 'example_branch_operator' retrieved from /usr/local/lib/python3.10/dist-packages/airflow/example_dags/example_branch_operator.py
[2024-01-08T19:08:22.875+0300] {logging_mixin.py:188} INFO - [2024-01-08T19:08:22.875+0300] {dag.py:3033} INFO - Sync 1 DAGs
[2024-01-08T19:08:22.955+0300] {logging_mixin.py:188} INFO - [2024-01-08T19:08:22.955+0300] {dag.py:3820} INFO - Setting next_dagrun for example_branch_operator to 2024-01-07T00:00:00+00:00, run_after=2024-01-08T00:00:00+00:00
[2024-01-08T19:08:23.017+0300] {processor.py:183} INFO - Processing /usr/local/lib/python3.10/dist-packages/airflow/example_dags/example_branch_operator.py took 0.529 seconds
[2024-01-08T19:08:56.770+0300] {processor.py:161} INFO - Started process (PID=31765) to work on /usr/local/lib/python3.10/dist-packages/airflow/example_dags/example_branch_operator.py
[2024-01-08T19:08:56.779+0300] {processor.py:830} INFO - Processing file /usr/local/lib/python3.10/dist-packages/airflow/example_dags/example_branch_operator.py for tasks to queue
[2024-01-08T19:08:56.796+0300] {logging_mixin.py:188} INFO - [2024-01-08T19:08:56.780+0300] {dagbag.py:538} INFO - Filling up the DagBag from /usr/local/lib/python3.10/dist-packages/airflow/example_dags/example_branch_operator.py
[2024-01-08T19:08:56.937+0300] {processor.py:840} INFO - DAG(s) 'example_branch_operator' retrieved from /usr/local/lib/python3.10/dist-packages/airflow/example_dags/example_branch_operator.py
[2024-01-08T19:08:57.227+0300] {logging_mixin.py:188} INFO - [2024-01-08T19:08:57.226+0300] {dag.py:3033} INFO - Sync 1 DAGs
[2024-01-08T19:08:57.447+0300] {logging_mixin.py:188} INFO - [2024-01-08T19:08:57.446+0300] {dag.py:3820} INFO - Setting next_dagrun for example_branch_operator to 2024-01-07T00:00:00+00:00, run_after=2024-01-08T00:00:00+00:00
[2024-01-08T19:08:57.671+0300] {processor.py:183} INFO - Processing /usr/local/lib/python3.10/dist-packages/airflow/example_dags/example_branch_operator.py took 0.944 seconds
[2024-01-08T19:09:28.310+0300] {processor.py:161} INFO - Started process (PID=32110) to work on /usr/local/lib/python3.10/dist-packages/airflow/example_dags/example_branch_operator.py
[2024-01-08T19:09:28.325+0300] {processor.py:830} INFO - Processing file /usr/local/lib/python3.10/dist-packages/airflow/example_dags/example_branch_operator.py for tasks to queue
[2024-01-08T19:09:28.328+0300] {logging_mixin.py:188} INFO - [2024-01-08T19:09:28.327+0300] {dagbag.py:538} INFO - Filling up the DagBag from /usr/local/lib/python3.10/dist-packages/airflow/example_dags/example_branch_operator.py
[2024-01-08T19:09:28.500+0300] {processor.py:840} INFO - DAG(s) 'example_branch_operator' retrieved from /usr/local/lib/python3.10/dist-packages/airflow/example_dags/example_branch_operator.py
[2024-01-08T19:09:28.726+0300] {logging_mixin.py:188} INFO - [2024-01-08T19:09:28.725+0300] {dag.py:3033} INFO - Sync 1 DAGs
[2024-01-08T19:09:28.986+0300] {logging_mixin.py:188} INFO - [2024-01-08T19:09:28.972+0300] {dag.py:3820} INFO - Setting next_dagrun for example_branch_operator to 2024-01-07T00:00:00+00:00, run_after=2024-01-08T00:00:00+00:00
[2024-01-08T19:09:29.202+0300] {processor.py:183} INFO - Processing /usr/local/lib/python3.10/dist-packages/airflow/example_dags/example_branch_operator.py took 0.963 seconds
[2024-01-08T19:09:59.323+0300] {processor.py:161} INFO - Started process (PID=32479) to work on /usr/local/lib/python3.10/dist-packages/airflow/example_dags/example_branch_operator.py
[2024-01-08T19:09:59.327+0300] {processor.py:830} INFO - Processing file /usr/local/lib/python3.10/dist-packages/airflow/example_dags/example_branch_operator.py for tasks to queue
[2024-01-08T19:09:59.329+0300] {logging_mixin.py:188} INFO - [2024-01-08T19:09:59.328+0300] {dagbag.py:538} INFO - Filling up the DagBag from /usr/local/lib/python3.10/dist-packages/airflow/example_dags/example_branch_operator.py
[2024-01-08T19:09:59.373+0300] {processor.py:840} INFO - DAG(s) 'example_branch_operator' retrieved from /usr/local/lib/python3.10/dist-packages/airflow/example_dags/example_branch_operator.py
[2024-01-08T19:09:59.503+0300] {logging_mixin.py:188} INFO - [2024-01-08T19:09:59.503+0300] {dag.py:3033} INFO - Sync 1 DAGs
[2024-01-08T19:09:59.852+0300] {logging_mixin.py:188} INFO - [2024-01-08T19:09:59.852+0300] {dag.py:3820} INFO - Setting next_dagrun for example_branch_operator to 2024-01-07T00:00:00+00:00, run_after=2024-01-08T00:00:00+00:00
[2024-01-08T19:09:59.894+0300] {processor.py:183} INFO - Processing /usr/local/lib/python3.10/dist-packages/airflow/example_dags/example_branch_operator.py took 0.581 seconds
[2024-01-08T19:10:34.101+0300] {processor.py:161} INFO - Started process (PID=32850) to work on /usr/local/lib/python3.10/dist-packages/airflow/example_dags/example_branch_operator.py
[2024-01-08T19:10:34.110+0300] {processor.py:830} INFO - Processing file /usr/local/lib/python3.10/dist-packages/airflow/example_dags/example_branch_operator.py for tasks to queue
[2024-01-08T19:10:34.120+0300] {logging_mixin.py:188} INFO - [2024-01-08T19:10:34.115+0300] {dagbag.py:538} INFO - Filling up the DagBag from /usr/local/lib/python3.10/dist-packages/airflow/example_dags/example_branch_operator.py
[2024-01-08T19:10:35.036+0300] {processor.py:840} INFO - DAG(s) 'example_branch_operator' retrieved from /usr/local/lib/python3.10/dist-packages/airflow/example_dags/example_branch_operator.py
[2024-01-08T19:10:36.225+0300] {logging_mixin.py:188} INFO - [2024-01-08T19:10:36.187+0300] {dag.py:3033} INFO - Sync 1 DAGs
[2024-01-08T19:10:37.094+0300] {logging_mixin.py:188} INFO - [2024-01-08T19:10:37.075+0300] {dag.py:3820} INFO - Setting next_dagrun for example_branch_operator to 2024-01-07T00:00:00+00:00, run_after=2024-01-08T00:00:00+00:00
[2024-01-08T19:10:38.694+0300] {processor.py:183} INFO - Processing /usr/local/lib/python3.10/dist-packages/airflow/example_dags/example_branch_operator.py took 4.645 seconds
[2024-01-08T19:11:20.080+0300] {processor.py:161} INFO - Started process (PID=33321) to work on /usr/local/lib/python3.10/dist-packages/airflow/example_dags/example_branch_operator.py
[2024-01-08T19:11:20.084+0300] {processor.py:830} INFO - Processing file /usr/local/lib/python3.10/dist-packages/airflow/example_dags/example_branch_operator.py for tasks to queue
[2024-01-08T19:11:20.087+0300] {logging_mixin.py:188} INFO - [2024-01-08T19:11:20.086+0300] {dagbag.py:538} INFO - Filling up the DagBag from /usr/local/lib/python3.10/dist-packages/airflow/example_dags/example_branch_operator.py
[2024-01-08T19:11:20.207+0300] {processor.py:840} INFO - DAG(s) 'example_branch_operator' retrieved from /usr/local/lib/python3.10/dist-packages/airflow/example_dags/example_branch_operator.py
[2024-01-08T19:11:20.414+0300] {logging_mixin.py:188} INFO - [2024-01-08T19:11:20.414+0300] {dag.py:3033} INFO - Sync 1 DAGs
[2024-01-08T19:11:20.633+0300] {logging_mixin.py:188} INFO - [2024-01-08T19:11:20.632+0300] {dag.py:3820} INFO - Setting next_dagrun for example_branch_operator to 2024-01-07T00:00:00+00:00, run_after=2024-01-08T00:00:00+00:00
[2024-01-08T19:11:20.704+0300] {processor.py:183} INFO - Processing /usr/local/lib/python3.10/dist-packages/airflow/example_dags/example_branch_operator.py took 0.653 seconds
[2024-01-08T19:12:04.593+0300] {processor.py:161} INFO - Started process (PID=33768) to work on /usr/local/lib/python3.10/dist-packages/airflow/example_dags/example_branch_operator.py
[2024-01-08T19:12:04.596+0300] {processor.py:830} INFO - Processing file /usr/local/lib/python3.10/dist-packages/airflow/example_dags/example_branch_operator.py for tasks to queue
[2024-01-08T19:12:04.600+0300] {logging_mixin.py:188} INFO - [2024-01-08T19:12:04.597+0300] {dagbag.py:538} INFO - Filling up the DagBag from /usr/local/lib/python3.10/dist-packages/airflow/example_dags/example_branch_operator.py
[2024-01-08T19:12:04.671+0300] {processor.py:840} INFO - DAG(s) 'example_branch_operator' retrieved from /usr/local/lib/python3.10/dist-packages/airflow/example_dags/example_branch_operator.py
[2024-01-08T19:12:04.853+0300] {logging_mixin.py:188} INFO - [2024-01-08T19:12:04.852+0300] {dag.py:3033} INFO - Sync 1 DAGs
[2024-01-08T19:12:05.024+0300] {logging_mixin.py:188} INFO - [2024-01-08T19:12:05.023+0300] {dag.py:3820} INFO - Setting next_dagrun for example_branch_operator to 2024-01-07T00:00:00+00:00, run_after=2024-01-08T00:00:00+00:00
[2024-01-08T19:12:05.145+0300] {processor.py:183} INFO - Processing /usr/local/lib/python3.10/dist-packages/airflow/example_dags/example_branch_operator.py took 0.572 seconds
