[2024-01-08T17:37:27.680+0300] {processor.py:161} INFO - Started process (PID=5706) to work on /usr/local/lib/python3.10/dist-packages/airflow/example_dags/example_branch_labels.py
[2024-01-08T17:37:27.684+0300] {processor.py:830} INFO - Processing file /usr/local/lib/python3.10/dist-packages/airflow/example_dags/example_branch_labels.py for tasks to queue
[2024-01-08T17:37:27.687+0300] {logging_mixin.py:188} INFO - [2024-01-08T17:37:27.686+0300] {dagbag.py:538} INFO - Filling up the DagBag from /usr/local/lib/python3.10/dist-packages/airflow/example_dags/example_branch_labels.py
[2024-01-08T17:37:27.718+0300] {processor.py:840} INFO - DAG(s) 'example_branch_labels' retrieved from /usr/local/lib/python3.10/dist-packages/airflow/example_dags/example_branch_labels.py
[2024-01-08T17:37:27.871+0300] {logging_mixin.py:188} INFO - [2024-01-08T17:37:27.871+0300] {dag.py:3033} INFO - Sync 1 DAGs
[2024-01-08T17:37:28.029+0300] {logging_mixin.py:188} INFO - [2024-01-08T17:37:28.029+0300] {dag.py:3820} INFO - Setting next_dagrun for example_branch_labels to 2024-01-07T00:00:00+00:00, run_after=2024-01-08T00:00:00+00:00
[2024-01-08T17:37:28.101+0300] {processor.py:183} INFO - Processing /usr/local/lib/python3.10/dist-packages/airflow/example_dags/example_branch_labels.py took 0.434 seconds
[2024-01-08T17:37:58.546+0300] {processor.py:161} INFO - Started process (PID=6054) to work on /usr/local/lib/python3.10/dist-packages/airflow/example_dags/example_branch_labels.py
[2024-01-08T17:37:58.550+0300] {processor.py:830} INFO - Processing file /usr/local/lib/python3.10/dist-packages/airflow/example_dags/example_branch_labels.py for tasks to queue
[2024-01-08T17:37:58.552+0300] {logging_mixin.py:188} INFO - [2024-01-08T17:37:58.551+0300] {dagbag.py:538} INFO - Filling up the DagBag from /usr/local/lib/python3.10/dist-packages/airflow/example_dags/example_branch_labels.py
[2024-01-08T17:37:58.602+0300] {processor.py:840} INFO - DAG(s) 'example_branch_labels' retrieved from /usr/local/lib/python3.10/dist-packages/airflow/example_dags/example_branch_labels.py
[2024-01-08T17:37:58.700+0300] {logging_mixin.py:188} INFO - [2024-01-08T17:37:58.700+0300] {dag.py:3033} INFO - Sync 1 DAGs
[2024-01-08T17:37:58.770+0300] {logging_mixin.py:188} INFO - [2024-01-08T17:37:58.769+0300] {dag.py:3820} INFO - Setting next_dagrun for example_branch_labels to 2024-01-07T00:00:00+00:00, run_after=2024-01-08T00:00:00+00:00
[2024-01-08T17:37:58.824+0300] {processor.py:183} INFO - Processing /usr/local/lib/python3.10/dist-packages/airflow/example_dags/example_branch_labels.py took 0.291 seconds
[2024-01-08T17:38:29.100+0300] {processor.py:161} INFO - Started process (PID=6368) to work on /usr/local/lib/python3.10/dist-packages/airflow/example_dags/example_branch_labels.py
[2024-01-08T17:38:29.103+0300] {processor.py:830} INFO - Processing file /usr/local/lib/python3.10/dist-packages/airflow/example_dags/example_branch_labels.py for tasks to queue
[2024-01-08T17:38:29.105+0300] {logging_mixin.py:188} INFO - [2024-01-08T17:38:29.105+0300] {dagbag.py:538} INFO - Filling up the DagBag from /usr/local/lib/python3.10/dist-packages/airflow/example_dags/example_branch_labels.py
[2024-01-08T17:38:29.127+0300] {processor.py:840} INFO - DAG(s) 'example_branch_labels' retrieved from /usr/local/lib/python3.10/dist-packages/airflow/example_dags/example_branch_labels.py
[2024-01-08T17:38:29.374+0300] {logging_mixin.py:188} INFO - [2024-01-08T17:38:29.374+0300] {dag.py:3033} INFO - Sync 1 DAGs
[2024-01-08T17:38:29.444+0300] {logging_mixin.py:188} INFO - [2024-01-08T17:38:29.444+0300] {dag.py:3820} INFO - Setting next_dagrun for example_branch_labels to 2024-01-07T00:00:00+00:00, run_after=2024-01-08T00:00:00+00:00
[2024-01-08T17:38:29.492+0300] {processor.py:183} INFO - Processing /usr/local/lib/python3.10/dist-packages/airflow/example_dags/example_branch_labels.py took 0.405 seconds
[2024-01-08T18:15:26.629+0300] {processor.py:161} INFO - Started process (PID=7644) to work on /usr/local/lib/python3.10/dist-packages/airflow/example_dags/example_branch_labels.py
[2024-01-08T18:15:26.633+0300] {processor.py:830} INFO - Processing file /usr/local/lib/python3.10/dist-packages/airflow/example_dags/example_branch_labels.py for tasks to queue
[2024-01-08T18:15:26.649+0300] {logging_mixin.py:188} INFO - [2024-01-08T18:15:26.634+0300] {dagbag.py:538} INFO - Filling up the DagBag from /usr/local/lib/python3.10/dist-packages/airflow/example_dags/example_branch_labels.py
[2024-01-08T18:15:26.674+0300] {processor.py:840} INFO - DAG(s) 'example_branch_labels' retrieved from /usr/local/lib/python3.10/dist-packages/airflow/example_dags/example_branch_labels.py
[2024-01-08T18:15:26.782+0300] {logging_mixin.py:188} INFO - [2024-01-08T18:15:26.782+0300] {dag.py:3033} INFO - Sync 1 DAGs
[2024-01-08T18:15:26.851+0300] {logging_mixin.py:188} INFO - [2024-01-08T18:15:26.851+0300] {dag.py:3820} INFO - Setting next_dagrun for example_branch_labels to 2024-01-07T00:00:00+00:00, run_after=2024-01-08T00:00:00+00:00
[2024-01-08T18:15:26.899+0300] {processor.py:183} INFO - Processing /usr/local/lib/python3.10/dist-packages/airflow/example_dags/example_branch_labels.py took 0.287 seconds
[2024-01-08T18:15:59.067+0300] {processor.py:161} INFO - Started process (PID=7985) to work on /usr/local/lib/python3.10/dist-packages/airflow/example_dags/example_branch_labels.py
[2024-01-08T18:15:59.070+0300] {processor.py:830} INFO - Processing file /usr/local/lib/python3.10/dist-packages/airflow/example_dags/example_branch_labels.py for tasks to queue
[2024-01-08T18:15:59.072+0300] {logging_mixin.py:188} INFO - [2024-01-08T18:15:59.072+0300] {dagbag.py:538} INFO - Filling up the DagBag from /usr/local/lib/python3.10/dist-packages/airflow/example_dags/example_branch_labels.py
[2024-01-08T18:15:59.097+0300] {processor.py:840} INFO - DAG(s) 'example_branch_labels' retrieved from /usr/local/lib/python3.10/dist-packages/airflow/example_dags/example_branch_labels.py
[2024-01-08T18:15:59.219+0300] {logging_mixin.py:188} INFO - [2024-01-08T18:15:59.218+0300] {dag.py:3033} INFO - Sync 1 DAGs
[2024-01-08T18:15:59.293+0300] {logging_mixin.py:188} INFO - [2024-01-08T18:15:59.292+0300] {dag.py:3820} INFO - Setting next_dagrun for example_branch_labels to 2024-01-07T00:00:00+00:00, run_after=2024-01-08T00:00:00+00:00
[2024-01-08T18:15:59.338+0300] {processor.py:183} INFO - Processing /usr/local/lib/python3.10/dist-packages/airflow/example_dags/example_branch_labels.py took 0.281 seconds
[2024-01-08T18:31:34.143+0300] {processor.py:161} INFO - Started process (PID=9381) to work on /usr/local/lib/python3.10/dist-packages/airflow/example_dags/example_branch_labels.py
[2024-01-08T18:31:34.188+0300] {processor.py:830} INFO - Processing file /usr/local/lib/python3.10/dist-packages/airflow/example_dags/example_branch_labels.py for tasks to queue
[2024-01-08T18:31:34.286+0300] {logging_mixin.py:188} INFO - [2024-01-08T18:31:34.285+0300] {dagbag.py:538} INFO - Filling up the DagBag from /usr/local/lib/python3.10/dist-packages/airflow/example_dags/example_branch_labels.py
[2024-01-08T18:31:34.801+0300] {processor.py:840} INFO - DAG(s) 'example_branch_labels' retrieved from /usr/local/lib/python3.10/dist-packages/airflow/example_dags/example_branch_labels.py
[2024-01-08T18:31:36.201+0300] {logging_mixin.py:188} INFO - [2024-01-08T18:31:36.201+0300] {dag.py:3033} INFO - Sync 1 DAGs
[2024-01-08T18:31:37.759+0300] {logging_mixin.py:188} INFO - [2024-01-08T18:31:37.744+0300] {dag.py:3820} INFO - Setting next_dagrun for example_branch_labels to 2024-01-07T00:00:00+00:00, run_after=2024-01-08T00:00:00+00:00
[2024-01-08T18:31:38.276+0300] {processor.py:183} INFO - Processing /usr/local/lib/python3.10/dist-packages/airflow/example_dags/example_branch_labels.py took 4.412 seconds
[2024-01-08T18:36:55.299+0300] {processor.py:161} INFO - Started process (PID=11468) to work on /usr/local/lib/python3.10/dist-packages/airflow/example_dags/example_branch_labels.py
[2024-01-08T18:36:55.409+0300] {processor.py:830} INFO - Processing file /usr/local/lib/python3.10/dist-packages/airflow/example_dags/example_branch_labels.py for tasks to queue
[2024-01-08T18:36:55.458+0300] {logging_mixin.py:188} INFO - [2024-01-08T18:36:55.457+0300] {dagbag.py:538} INFO - Filling up the DagBag from /usr/local/lib/python3.10/dist-packages/airflow/example_dags/example_branch_labels.py
[2024-01-08T18:36:56.762+0300] {processor.py:840} INFO - DAG(s) 'example_branch_labels' retrieved from /usr/local/lib/python3.10/dist-packages/airflow/example_dags/example_branch_labels.py
[2024-01-08T18:37:01.162+0300] {logging_mixin.py:188} INFO - [2024-01-08T18:37:01.162+0300] {dag.py:3033} INFO - Sync 1 DAGs
[2024-01-08T18:37:03.605+0300] {logging_mixin.py:188} INFO - [2024-01-08T18:37:03.604+0300] {dag.py:3820} INFO - Setting next_dagrun for example_branch_labels to 2024-01-07T00:00:00+00:00, run_after=2024-01-08T00:00:00+00:00
[2024-01-08T18:37:06.073+0300] {processor.py:183} INFO - Processing /usr/local/lib/python3.10/dist-packages/airflow/example_dags/example_branch_labels.py took 11.247 seconds
[2024-01-08T18:39:58.417+0300] {processor.py:161} INFO - Started process (PID=12670) to work on /usr/local/lib/python3.10/dist-packages/airflow/example_dags/example_branch_labels.py
[2024-01-08T18:39:58.547+0300] {processor.py:830} INFO - Processing file /usr/local/lib/python3.10/dist-packages/airflow/example_dags/example_branch_labels.py for tasks to queue
[2024-01-08T18:39:58.549+0300] {logging_mixin.py:188} INFO - [2024-01-08T18:39:58.548+0300] {dagbag.py:538} INFO - Filling up the DagBag from /usr/local/lib/python3.10/dist-packages/airflow/example_dags/example_branch_labels.py
[2024-01-08T18:40:00.088+0300] {processor.py:840} INFO - DAG(s) 'example_branch_labels' retrieved from /usr/local/lib/python3.10/dist-packages/airflow/example_dags/example_branch_labels.py
[2024-01-08T18:40:00.732+0300] {logging_mixin.py:188} INFO - [2024-01-08T18:40:00.731+0300] {dag.py:3033} INFO - Sync 1 DAGs
[2024-01-08T18:40:02.095+0300] {logging_mixin.py:188} INFO - [2024-01-08T18:40:02.095+0300] {dag.py:3820} INFO - Setting next_dagrun for example_branch_labels to 2024-01-07T00:00:00+00:00, run_after=2024-01-08T00:00:00+00:00
[2024-01-08T18:40:02.752+0300] {processor.py:183} INFO - Processing /usr/local/lib/python3.10/dist-packages/airflow/example_dags/example_branch_labels.py took 5.472 seconds
[2024-01-08T18:41:47.519+0300] {processor.py:161} INFO - Started process (PID=13639) to work on /usr/local/lib/python3.10/dist-packages/airflow/example_dags/example_branch_labels.py
[2024-01-08T18:41:47.529+0300] {processor.py:830} INFO - Processing file /usr/local/lib/python3.10/dist-packages/airflow/example_dags/example_branch_labels.py for tasks to queue
[2024-01-08T18:41:47.531+0300] {logging_mixin.py:188} INFO - [2024-01-08T18:41:47.530+0300] {dagbag.py:538} INFO - Filling up the DagBag from /usr/local/lib/python3.10/dist-packages/airflow/example_dags/example_branch_labels.py
[2024-01-08T18:41:47.705+0300] {processor.py:840} INFO - DAG(s) 'example_branch_labels' retrieved from /usr/local/lib/python3.10/dist-packages/airflow/example_dags/example_branch_labels.py
[2024-01-08T18:41:48.179+0300] {logging_mixin.py:188} INFO - [2024-01-08T18:41:48.178+0300] {dag.py:3033} INFO - Sync 1 DAGs
[2024-01-08T18:41:48.481+0300] {logging_mixin.py:188} INFO - [2024-01-08T18:41:48.481+0300] {dag.py:3820} INFO - Setting next_dagrun for example_branch_labels to 2024-01-07T00:00:00+00:00, run_after=2024-01-08T00:00:00+00:00
[2024-01-08T18:41:48.777+0300] {processor.py:183} INFO - Processing /usr/local/lib/python3.10/dist-packages/airflow/example_dags/example_branch_labels.py took 1.288 seconds
[2024-01-08T18:42:19.519+0300] {processor.py:161} INFO - Started process (PID=14088) to work on /usr/local/lib/python3.10/dist-packages/airflow/example_dags/example_branch_labels.py
[2024-01-08T18:42:19.531+0300] {processor.py:830} INFO - Processing file /usr/local/lib/python3.10/dist-packages/airflow/example_dags/example_branch_labels.py for tasks to queue
[2024-01-08T18:42:19.533+0300] {logging_mixin.py:188} INFO - [2024-01-08T18:42:19.532+0300] {dagbag.py:538} INFO - Filling up the DagBag from /usr/local/lib/python3.10/dist-packages/airflow/example_dags/example_branch_labels.py
[2024-01-08T18:42:19.586+0300] {processor.py:840} INFO - DAG(s) 'example_branch_labels' retrieved from /usr/local/lib/python3.10/dist-packages/airflow/example_dags/example_branch_labels.py
[2024-01-08T18:42:19.715+0300] {logging_mixin.py:188} INFO - [2024-01-08T18:42:19.714+0300] {dag.py:3033} INFO - Sync 1 DAGs
[2024-01-08T18:42:19.786+0300] {logging_mixin.py:188} INFO - [2024-01-08T18:42:19.785+0300] {dag.py:3820} INFO - Setting next_dagrun for example_branch_labels to 2024-01-07T00:00:00+00:00, run_after=2024-01-08T00:00:00+00:00
[2024-01-08T18:42:19.887+0300] {processor.py:183} INFO - Processing /usr/local/lib/python3.10/dist-packages/airflow/example_dags/example_branch_labels.py took 0.377 seconds
[2024-01-08T18:43:07.800+0300] {processor.py:161} INFO - Started process (PID=14612) to work on /usr/local/lib/python3.10/dist-packages/airflow/example_dags/example_branch_labels.py
[2024-01-08T18:43:07.808+0300] {processor.py:830} INFO - Processing file /usr/local/lib/python3.10/dist-packages/airflow/example_dags/example_branch_labels.py for tasks to queue
[2024-01-08T18:43:07.828+0300] {logging_mixin.py:188} INFO - [2024-01-08T18:43:07.810+0300] {dagbag.py:538} INFO - Filling up the DagBag from /usr/local/lib/python3.10/dist-packages/airflow/example_dags/example_branch_labels.py
[2024-01-08T18:43:07.877+0300] {processor.py:840} INFO - DAG(s) 'example_branch_labels' retrieved from /usr/local/lib/python3.10/dist-packages/airflow/example_dags/example_branch_labels.py
[2024-01-08T18:43:08.081+0300] {logging_mixin.py:188} INFO - [2024-01-08T18:43:08.080+0300] {dag.py:3033} INFO - Sync 1 DAGs
[2024-01-08T18:43:08.265+0300] {logging_mixin.py:188} INFO - [2024-01-08T18:43:08.265+0300] {dag.py:3820} INFO - Setting next_dagrun for example_branch_labels to 2024-01-07T00:00:00+00:00, run_after=2024-01-08T00:00:00+00:00
[2024-01-08T18:43:08.396+0300] {processor.py:183} INFO - Processing /usr/local/lib/python3.10/dist-packages/airflow/example_dags/example_branch_labels.py took 0.612 seconds
[2024-01-08T18:43:39.040+0300] {processor.py:161} INFO - Started process (PID=14929) to work on /usr/local/lib/python3.10/dist-packages/airflow/example_dags/example_branch_labels.py
[2024-01-08T18:43:39.044+0300] {processor.py:830} INFO - Processing file /usr/local/lib/python3.10/dist-packages/airflow/example_dags/example_branch_labels.py for tasks to queue
[2024-01-08T18:43:39.046+0300] {logging_mixin.py:188} INFO - [2024-01-08T18:43:39.045+0300] {dagbag.py:538} INFO - Filling up the DagBag from /usr/local/lib/python3.10/dist-packages/airflow/example_dags/example_branch_labels.py
[2024-01-08T18:43:39.085+0300] {processor.py:840} INFO - DAG(s) 'example_branch_labels' retrieved from /usr/local/lib/python3.10/dist-packages/airflow/example_dags/example_branch_labels.py
[2024-01-08T18:43:39.247+0300] {logging_mixin.py:188} INFO - [2024-01-08T18:43:39.247+0300] {dag.py:3033} INFO - Sync 1 DAGs
[2024-01-08T18:43:39.456+0300] {logging_mixin.py:188} INFO - [2024-01-08T18:43:39.455+0300] {dag.py:3820} INFO - Setting next_dagrun for example_branch_labels to 2024-01-07T00:00:00+00:00, run_after=2024-01-08T00:00:00+00:00
[2024-01-08T18:43:39.564+0300] {processor.py:183} INFO - Processing /usr/local/lib/python3.10/dist-packages/airflow/example_dags/example_branch_labels.py took 0.538 seconds
[2024-01-08T18:44:09.759+0300] {processor.py:161} INFO - Started process (PID=15247) to work on /usr/local/lib/python3.10/dist-packages/airflow/example_dags/example_branch_labels.py
[2024-01-08T18:44:09.766+0300] {processor.py:830} INFO - Processing file /usr/local/lib/python3.10/dist-packages/airflow/example_dags/example_branch_labels.py for tasks to queue
[2024-01-08T18:44:09.769+0300] {logging_mixin.py:188} INFO - [2024-01-08T18:44:09.768+0300] {dagbag.py:538} INFO - Filling up the DagBag from /usr/local/lib/python3.10/dist-packages/airflow/example_dags/example_branch_labels.py
[2024-01-08T18:44:09.804+0300] {processor.py:840} INFO - DAG(s) 'example_branch_labels' retrieved from /usr/local/lib/python3.10/dist-packages/airflow/example_dags/example_branch_labels.py
[2024-01-08T18:44:09.911+0300] {logging_mixin.py:188} INFO - [2024-01-08T18:44:09.911+0300] {dag.py:3033} INFO - Sync 1 DAGs
[2024-01-08T18:44:09.998+0300] {logging_mixin.py:188} INFO - [2024-01-08T18:44:09.998+0300] {dag.py:3820} INFO - Setting next_dagrun for example_branch_labels to 2024-01-07T00:00:00+00:00, run_after=2024-01-08T00:00:00+00:00
[2024-01-08T18:44:10.088+0300] {processor.py:183} INFO - Processing /usr/local/lib/python3.10/dist-packages/airflow/example_dags/example_branch_labels.py took 0.354 seconds
[2024-01-08T18:44:43.622+0300] {processor.py:161} INFO - Started process (PID=15592) to work on /usr/local/lib/python3.10/dist-packages/airflow/example_dags/example_branch_labels.py
[2024-01-08T18:44:43.625+0300] {processor.py:830} INFO - Processing file /usr/local/lib/python3.10/dist-packages/airflow/example_dags/example_branch_labels.py for tasks to queue
[2024-01-08T18:44:43.627+0300] {logging_mixin.py:188} INFO - [2024-01-08T18:44:43.626+0300] {dagbag.py:538} INFO - Filling up the DagBag from /usr/local/lib/python3.10/dist-packages/airflow/example_dags/example_branch_labels.py
[2024-01-08T18:44:43.645+0300] {processor.py:840} INFO - DAG(s) 'example_branch_labels' retrieved from /usr/local/lib/python3.10/dist-packages/airflow/example_dags/example_branch_labels.py
[2024-01-08T18:44:44.107+0300] {logging_mixin.py:188} INFO - [2024-01-08T18:44:44.106+0300] {dag.py:3033} INFO - Sync 1 DAGs
[2024-01-08T18:44:44.285+0300] {logging_mixin.py:188} INFO - [2024-01-08T18:44:44.285+0300] {dag.py:3820} INFO - Setting next_dagrun for example_branch_labels to 2024-01-07T00:00:00+00:00, run_after=2024-01-08T00:00:00+00:00
[2024-01-08T18:44:44.392+0300] {processor.py:183} INFO - Processing /usr/local/lib/python3.10/dist-packages/airflow/example_dags/example_branch_labels.py took 0.783 seconds
[2024-01-08T18:45:18.937+0300] {processor.py:161} INFO - Started process (PID=16015) to work on /usr/local/lib/python3.10/dist-packages/airflow/example_dags/example_branch_labels.py
[2024-01-08T18:45:18.946+0300] {processor.py:830} INFO - Processing file /usr/local/lib/python3.10/dist-packages/airflow/example_dags/example_branch_labels.py for tasks to queue
[2024-01-08T18:45:18.948+0300] {logging_mixin.py:188} INFO - [2024-01-08T18:45:18.947+0300] {dagbag.py:538} INFO - Filling up the DagBag from /usr/local/lib/python3.10/dist-packages/airflow/example_dags/example_branch_labels.py
[2024-01-08T18:45:19.010+0300] {processor.py:840} INFO - DAG(s) 'example_branch_labels' retrieved from /usr/local/lib/python3.10/dist-packages/airflow/example_dags/example_branch_labels.py
[2024-01-08T18:45:19.455+0300] {logging_mixin.py:188} INFO - [2024-01-08T18:45:19.455+0300] {dag.py:3033} INFO - Sync 1 DAGs
[2024-01-08T18:45:19.790+0300] {logging_mixin.py:188} INFO - [2024-01-08T18:45:19.789+0300] {dag.py:3820} INFO - Setting next_dagrun for example_branch_labels to 2024-01-07T00:00:00+00:00, run_after=2024-01-08T00:00:00+00:00
[2024-01-08T18:45:20.023+0300] {processor.py:183} INFO - Processing /usr/local/lib/python3.10/dist-packages/airflow/example_dags/example_branch_labels.py took 1.110 seconds
[2024-01-08T18:46:24.968+0300] {processor.py:161} INFO - Started process (PID=16697) to work on /usr/local/lib/python3.10/dist-packages/airflow/example_dags/example_branch_labels.py
[2024-01-08T18:46:24.996+0300] {processor.py:830} INFO - Processing file /usr/local/lib/python3.10/dist-packages/airflow/example_dags/example_branch_labels.py for tasks to queue
[2024-01-08T18:46:24.998+0300] {logging_mixin.py:188} INFO - [2024-01-08T18:46:24.998+0300] {dagbag.py:538} INFO - Filling up the DagBag from /usr/local/lib/python3.10/dist-packages/airflow/example_dags/example_branch_labels.py
[2024-01-08T18:46:25.143+0300] {processor.py:840} INFO - DAG(s) 'example_branch_labels' retrieved from /usr/local/lib/python3.10/dist-packages/airflow/example_dags/example_branch_labels.py
[2024-01-08T18:46:25.491+0300] {logging_mixin.py:188} INFO - [2024-01-08T18:46:25.491+0300] {dag.py:3033} INFO - Sync 1 DAGs
[2024-01-08T18:46:25.663+0300] {logging_mixin.py:188} INFO - [2024-01-08T18:46:25.663+0300] {dag.py:3820} INFO - Setting next_dagrun for example_branch_labels to 2024-01-07T00:00:00+00:00, run_after=2024-01-08T00:00:00+00:00
[2024-01-08T18:46:25.772+0300] {processor.py:183} INFO - Processing /usr/local/lib/python3.10/dist-packages/airflow/example_dags/example_branch_labels.py took 0.858 seconds
[2024-01-08T18:47:01.053+0300] {processor.py:161} INFO - Started process (PID=17156) to work on /usr/local/lib/python3.10/dist-packages/airflow/example_dags/example_branch_labels.py
[2024-01-08T18:47:01.055+0300] {processor.py:830} INFO - Processing file /usr/local/lib/python3.10/dist-packages/airflow/example_dags/example_branch_labels.py for tasks to queue
[2024-01-08T18:47:01.058+0300] {logging_mixin.py:188} INFO - [2024-01-08T18:47:01.057+0300] {dagbag.py:538} INFO - Filling up the DagBag from /usr/local/lib/python3.10/dist-packages/airflow/example_dags/example_branch_labels.py
[2024-01-08T18:47:01.130+0300] {processor.py:840} INFO - DAG(s) 'example_branch_labels' retrieved from /usr/local/lib/python3.10/dist-packages/airflow/example_dags/example_branch_labels.py
[2024-01-08T18:47:01.573+0300] {logging_mixin.py:188} INFO - [2024-01-08T18:47:01.572+0300] {dag.py:3033} INFO - Sync 1 DAGs
[2024-01-08T18:47:01.976+0300] {logging_mixin.py:188} INFO - [2024-01-08T18:47:01.975+0300] {dag.py:3820} INFO - Setting next_dagrun for example_branch_labels to 2024-01-07T00:00:00+00:00, run_after=2024-01-08T00:00:00+00:00
[2024-01-08T18:47:02.112+0300] {processor.py:183} INFO - Processing /usr/local/lib/python3.10/dist-packages/airflow/example_dags/example_branch_labels.py took 1.092 seconds
[2024-01-08T18:47:32.927+0300] {processor.py:161} INFO - Started process (PID=17497) to work on /usr/local/lib/python3.10/dist-packages/airflow/example_dags/example_branch_labels.py
[2024-01-08T18:47:32.943+0300] {processor.py:830} INFO - Processing file /usr/local/lib/python3.10/dist-packages/airflow/example_dags/example_branch_labels.py for tasks to queue
[2024-01-08T18:47:32.946+0300] {logging_mixin.py:188} INFO - [2024-01-08T18:47:32.945+0300] {dagbag.py:538} INFO - Filling up the DagBag from /usr/local/lib/python3.10/dist-packages/airflow/example_dags/example_branch_labels.py
[2024-01-08T18:47:33.001+0300] {processor.py:840} INFO - DAG(s) 'example_branch_labels' retrieved from /usr/local/lib/python3.10/dist-packages/airflow/example_dags/example_branch_labels.py
[2024-01-08T18:47:33.163+0300] {logging_mixin.py:188} INFO - [2024-01-08T18:47:33.163+0300] {dag.py:3033} INFO - Sync 1 DAGs
[2024-01-08T18:47:33.311+0300] {logging_mixin.py:188} INFO - [2024-01-08T18:47:33.310+0300] {dag.py:3820} INFO - Setting next_dagrun for example_branch_labels to 2024-01-07T00:00:00+00:00, run_after=2024-01-08T00:00:00+00:00
[2024-01-08T18:47:33.479+0300] {processor.py:183} INFO - Processing /usr/local/lib/python3.10/dist-packages/airflow/example_dags/example_branch_labels.py took 0.595 seconds
[2024-01-08T18:48:03.766+0300] {processor.py:161} INFO - Started process (PID=17839) to work on /usr/local/lib/python3.10/dist-packages/airflow/example_dags/example_branch_labels.py
[2024-01-08T18:48:03.769+0300] {processor.py:830} INFO - Processing file /usr/local/lib/python3.10/dist-packages/airflow/example_dags/example_branch_labels.py for tasks to queue
[2024-01-08T18:48:03.772+0300] {logging_mixin.py:188} INFO - [2024-01-08T18:48:03.771+0300] {dagbag.py:538} INFO - Filling up the DagBag from /usr/local/lib/python3.10/dist-packages/airflow/example_dags/example_branch_labels.py
[2024-01-08T18:48:03.805+0300] {processor.py:840} INFO - DAG(s) 'example_branch_labels' retrieved from /usr/local/lib/python3.10/dist-packages/airflow/example_dags/example_branch_labels.py
[2024-01-08T18:48:04.200+0300] {logging_mixin.py:188} INFO - [2024-01-08T18:48:04.200+0300] {dag.py:3033} INFO - Sync 1 DAGs
[2024-01-08T18:48:04.467+0300] {logging_mixin.py:188} INFO - [2024-01-08T18:48:04.466+0300] {dag.py:3820} INFO - Setting next_dagrun for example_branch_labels to 2024-01-07T00:00:00+00:00, run_after=2024-01-08T00:00:00+00:00
[2024-01-08T18:48:04.701+0300] {processor.py:183} INFO - Processing /usr/local/lib/python3.10/dist-packages/airflow/example_dags/example_branch_labels.py took 0.947 seconds
[2024-01-08T18:48:40.406+0300] {processor.py:161} INFO - Started process (PID=18291) to work on /usr/local/lib/python3.10/dist-packages/airflow/example_dags/example_branch_labels.py
[2024-01-08T18:48:40.412+0300] {processor.py:830} INFO - Processing file /usr/local/lib/python3.10/dist-packages/airflow/example_dags/example_branch_labels.py for tasks to queue
[2024-01-08T18:48:40.415+0300] {logging_mixin.py:188} INFO - [2024-01-08T18:48:40.414+0300] {dagbag.py:538} INFO - Filling up the DagBag from /usr/local/lib/python3.10/dist-packages/airflow/example_dags/example_branch_labels.py
[2024-01-08T18:48:40.486+0300] {processor.py:840} INFO - DAG(s) 'example_branch_labels' retrieved from /usr/local/lib/python3.10/dist-packages/airflow/example_dags/example_branch_labels.py
[2024-01-08T18:48:40.588+0300] {logging_mixin.py:188} INFO - [2024-01-08T18:48:40.587+0300] {dag.py:3033} INFO - Sync 1 DAGs
[2024-01-08T18:48:40.695+0300] {logging_mixin.py:188} INFO - [2024-01-08T18:48:40.695+0300] {dag.py:3820} INFO - Setting next_dagrun for example_branch_labels to 2024-01-07T00:00:00+00:00, run_after=2024-01-08T00:00:00+00:00
[2024-01-08T18:48:40.836+0300] {processor.py:183} INFO - Processing /usr/local/lib/python3.10/dist-packages/airflow/example_dags/example_branch_labels.py took 0.455 seconds
[2024-01-08T18:49:26.444+0300] {processor.py:161} INFO - Started process (PID=18792) to work on /usr/local/lib/python3.10/dist-packages/airflow/example_dags/example_branch_labels.py
[2024-01-08T18:49:26.454+0300] {processor.py:830} INFO - Processing file /usr/local/lib/python3.10/dist-packages/airflow/example_dags/example_branch_labels.py for tasks to queue
[2024-01-08T18:49:26.461+0300] {logging_mixin.py:188} INFO - [2024-01-08T18:49:26.460+0300] {dagbag.py:538} INFO - Filling up the DagBag from /usr/local/lib/python3.10/dist-packages/airflow/example_dags/example_branch_labels.py
[2024-01-08T18:49:26.525+0300] {processor.py:840} INFO - DAG(s) 'example_branch_labels' retrieved from /usr/local/lib/python3.10/dist-packages/airflow/example_dags/example_branch_labels.py
[2024-01-08T18:49:26.719+0300] {logging_mixin.py:188} INFO - [2024-01-08T18:49:26.719+0300] {dag.py:3033} INFO - Sync 1 DAGs
[2024-01-08T18:49:26.885+0300] {logging_mixin.py:188} INFO - [2024-01-08T18:49:26.884+0300] {dag.py:3820} INFO - Setting next_dagrun for example_branch_labels to 2024-01-07T00:00:00+00:00, run_after=2024-01-08T00:00:00+00:00
[2024-01-08T18:49:27.009+0300] {processor.py:183} INFO - Processing /usr/local/lib/python3.10/dist-packages/airflow/example_dags/example_branch_labels.py took 0.591 seconds
[2024-01-08T18:49:57.476+0300] {processor.py:161} INFO - Started process (PID=19108) to work on /usr/local/lib/python3.10/dist-packages/airflow/example_dags/example_branch_labels.py
[2024-01-08T18:49:57.478+0300] {processor.py:830} INFO - Processing file /usr/local/lib/python3.10/dist-packages/airflow/example_dags/example_branch_labels.py for tasks to queue
[2024-01-08T18:49:57.480+0300] {logging_mixin.py:188} INFO - [2024-01-08T18:49:57.479+0300] {dagbag.py:538} INFO - Filling up the DagBag from /usr/local/lib/python3.10/dist-packages/airflow/example_dags/example_branch_labels.py
[2024-01-08T18:49:57.509+0300] {processor.py:840} INFO - DAG(s) 'example_branch_labels' retrieved from /usr/local/lib/python3.10/dist-packages/airflow/example_dags/example_branch_labels.py
[2024-01-08T18:49:57.732+0300] {logging_mixin.py:188} INFO - [2024-01-08T18:49:57.729+0300] {dag.py:3033} INFO - Sync 1 DAGs
[2024-01-08T18:49:57.872+0300] {logging_mixin.py:188} INFO - [2024-01-08T18:49:57.872+0300] {dag.py:3820} INFO - Setting next_dagrun for example_branch_labels to 2024-01-07T00:00:00+00:00, run_after=2024-01-08T00:00:00+00:00
[2024-01-08T18:49:57.970+0300] {processor.py:183} INFO - Processing /usr/local/lib/python3.10/dist-packages/airflow/example_dags/example_branch_labels.py took 0.507 seconds
[2024-01-08T18:50:28.469+0300] {processor.py:161} INFO - Started process (PID=19423) to work on /usr/local/lib/python3.10/dist-packages/airflow/example_dags/example_branch_labels.py
[2024-01-08T18:50:28.473+0300] {processor.py:830} INFO - Processing file /usr/local/lib/python3.10/dist-packages/airflow/example_dags/example_branch_labels.py for tasks to queue
[2024-01-08T18:50:28.475+0300] {logging_mixin.py:188} INFO - [2024-01-08T18:50:28.474+0300] {dagbag.py:538} INFO - Filling up the DagBag from /usr/local/lib/python3.10/dist-packages/airflow/example_dags/example_branch_labels.py
[2024-01-08T18:50:28.501+0300] {processor.py:840} INFO - DAG(s) 'example_branch_labels' retrieved from /usr/local/lib/python3.10/dist-packages/airflow/example_dags/example_branch_labels.py
[2024-01-08T18:50:28.601+0300] {logging_mixin.py:188} INFO - [2024-01-08T18:50:28.600+0300] {dag.py:3033} INFO - Sync 1 DAGs
[2024-01-08T18:50:28.693+0300] {logging_mixin.py:188} INFO - [2024-01-08T18:50:28.692+0300] {dag.py:3820} INFO - Setting next_dagrun for example_branch_labels to 2024-01-07T00:00:00+00:00, run_after=2024-01-08T00:00:00+00:00
[2024-01-08T18:50:28.754+0300] {processor.py:183} INFO - Processing /usr/local/lib/python3.10/dist-packages/airflow/example_dags/example_branch_labels.py took 0.295 seconds
[2024-01-08T18:51:01.310+0300] {processor.py:161} INFO - Started process (PID=19765) to work on /usr/local/lib/python3.10/dist-packages/airflow/example_dags/example_branch_labels.py
[2024-01-08T18:51:01.313+0300] {processor.py:830} INFO - Processing file /usr/local/lib/python3.10/dist-packages/airflow/example_dags/example_branch_labels.py for tasks to queue
[2024-01-08T18:51:01.315+0300] {logging_mixin.py:188} INFO - [2024-01-08T18:51:01.314+0300] {dagbag.py:538} INFO - Filling up the DagBag from /usr/local/lib/python3.10/dist-packages/airflow/example_dags/example_branch_labels.py
[2024-01-08T18:51:01.344+0300] {processor.py:840} INFO - DAG(s) 'example_branch_labels' retrieved from /usr/local/lib/python3.10/dist-packages/airflow/example_dags/example_branch_labels.py
[2024-01-08T18:51:01.501+0300] {logging_mixin.py:188} INFO - [2024-01-08T18:51:01.500+0300] {dag.py:3033} INFO - Sync 1 DAGs
[2024-01-08T18:51:01.725+0300] {logging_mixin.py:188} INFO - [2024-01-08T18:51:01.725+0300] {dag.py:3820} INFO - Setting next_dagrun for example_branch_labels to 2024-01-07T00:00:00+00:00, run_after=2024-01-08T00:00:00+00:00
[2024-01-08T18:51:01.937+0300] {processor.py:183} INFO - Processing /usr/local/lib/python3.10/dist-packages/airflow/example_dags/example_branch_labels.py took 0.653 seconds
[2024-01-08T18:51:32.414+0300] {processor.py:161} INFO - Started process (PID=20132) to work on /usr/local/lib/python3.10/dist-packages/airflow/example_dags/example_branch_labels.py
[2024-01-08T18:51:32.418+0300] {processor.py:830} INFO - Processing file /usr/local/lib/python3.10/dist-packages/airflow/example_dags/example_branch_labels.py for tasks to queue
[2024-01-08T18:51:32.421+0300] {logging_mixin.py:188} INFO - [2024-01-08T18:51:32.419+0300] {dagbag.py:538} INFO - Filling up the DagBag from /usr/local/lib/python3.10/dist-packages/airflow/example_dags/example_branch_labels.py
[2024-01-08T18:51:32.494+0300] {processor.py:840} INFO - DAG(s) 'example_branch_labels' retrieved from /usr/local/lib/python3.10/dist-packages/airflow/example_dags/example_branch_labels.py
[2024-01-08T18:51:32.738+0300] {logging_mixin.py:188} INFO - [2024-01-08T18:51:32.738+0300] {dag.py:3033} INFO - Sync 1 DAGs
[2024-01-08T18:51:32.950+0300] {logging_mixin.py:188} INFO - [2024-01-08T18:51:32.949+0300] {dag.py:3820} INFO - Setting next_dagrun for example_branch_labels to 2024-01-07T00:00:00+00:00, run_after=2024-01-08T00:00:00+00:00
[2024-01-08T18:51:33.137+0300] {processor.py:183} INFO - Processing /usr/local/lib/python3.10/dist-packages/airflow/example_dags/example_branch_labels.py took 0.751 seconds
[2024-01-08T18:52:26.316+0300] {processor.py:161} INFO - Started process (PID=20687) to work on /usr/local/lib/python3.10/dist-packages/airflow/example_dags/example_branch_labels.py
[2024-01-08T18:52:26.357+0300] {processor.py:830} INFO - Processing file /usr/local/lib/python3.10/dist-packages/airflow/example_dags/example_branch_labels.py for tasks to queue
[2024-01-08T18:52:26.359+0300] {logging_mixin.py:188} INFO - [2024-01-08T18:52:26.358+0300] {dagbag.py:538} INFO - Filling up the DagBag from /usr/local/lib/python3.10/dist-packages/airflow/example_dags/example_branch_labels.py
[2024-01-08T18:52:26.438+0300] {processor.py:840} INFO - DAG(s) 'example_branch_labels' retrieved from /usr/local/lib/python3.10/dist-packages/airflow/example_dags/example_branch_labels.py
[2024-01-08T18:52:26.763+0300] {logging_mixin.py:188} INFO - [2024-01-08T18:52:26.763+0300] {dag.py:3033} INFO - Sync 1 DAGs
[2024-01-08T18:52:27.141+0300] {logging_mixin.py:188} INFO - [2024-01-08T18:52:27.140+0300] {dag.py:3820} INFO - Setting next_dagrun for example_branch_labels to 2024-01-07T00:00:00+00:00, run_after=2024-01-08T00:00:00+00:00
[2024-01-08T18:52:27.404+0300] {processor.py:183} INFO - Processing /usr/local/lib/python3.10/dist-packages/airflow/example_dags/example_branch_labels.py took 1.150 seconds
[2024-01-08T18:53:10.434+0300] {processor.py:161} INFO - Started process (PID=21099) to work on /usr/local/lib/python3.10/dist-packages/airflow/example_dags/example_branch_labels.py
[2024-01-08T18:53:10.465+0300] {processor.py:830} INFO - Processing file /usr/local/lib/python3.10/dist-packages/airflow/example_dags/example_branch_labels.py for tasks to queue
[2024-01-08T18:53:10.467+0300] {logging_mixin.py:188} INFO - [2024-01-08T18:53:10.466+0300] {dagbag.py:538} INFO - Filling up the DagBag from /usr/local/lib/python3.10/dist-packages/airflow/example_dags/example_branch_labels.py
[2024-01-08T18:53:10.579+0300] {processor.py:840} INFO - DAG(s) 'example_branch_labels' retrieved from /usr/local/lib/python3.10/dist-packages/airflow/example_dags/example_branch_labels.py
[2024-01-08T18:53:11.190+0300] {logging_mixin.py:188} INFO - [2024-01-08T18:53:11.189+0300] {dag.py:3033} INFO - Sync 1 DAGs
[2024-01-08T18:53:11.693+0300] {logging_mixin.py:188} INFO - [2024-01-08T18:53:11.692+0300] {dag.py:3820} INFO - Setting next_dagrun for example_branch_labels to 2024-01-07T00:00:00+00:00, run_after=2024-01-08T00:00:00+00:00
[2024-01-08T18:53:11.882+0300] {processor.py:183} INFO - Processing /usr/local/lib/python3.10/dist-packages/airflow/example_dags/example_branch_labels.py took 1.545 seconds
[2024-01-08T18:54:07.655+0300] {processor.py:161} INFO - Started process (PID=21645) to work on /usr/local/lib/python3.10/dist-packages/airflow/example_dags/example_branch_labels.py
[2024-01-08T18:54:07.678+0300] {processor.py:830} INFO - Processing file /usr/local/lib/python3.10/dist-packages/airflow/example_dags/example_branch_labels.py for tasks to queue
[2024-01-08T18:54:07.682+0300] {logging_mixin.py:188} INFO - [2024-01-08T18:54:07.680+0300] {dagbag.py:538} INFO - Filling up the DagBag from /usr/local/lib/python3.10/dist-packages/airflow/example_dags/example_branch_labels.py
[2024-01-08T18:54:07.784+0300] {processor.py:840} INFO - DAG(s) 'example_branch_labels' retrieved from /usr/local/lib/python3.10/dist-packages/airflow/example_dags/example_branch_labels.py
[2024-01-08T18:54:08.052+0300] {logging_mixin.py:188} INFO - [2024-01-08T18:54:08.052+0300] {dag.py:3033} INFO - Sync 1 DAGs
[2024-01-08T18:54:08.220+0300] {logging_mixin.py:188} INFO - [2024-01-08T18:54:08.219+0300] {dag.py:3820} INFO - Setting next_dagrun for example_branch_labels to 2024-01-07T00:00:00+00:00, run_after=2024-01-08T00:00:00+00:00
[2024-01-08T18:54:08.337+0300] {processor.py:183} INFO - Processing /usr/local/lib/python3.10/dist-packages/airflow/example_dags/example_branch_labels.py took 0.729 seconds
[2024-01-08T18:54:50.027+0300] {processor.py:161} INFO - Started process (PID=22135) to work on /usr/local/lib/python3.10/dist-packages/airflow/example_dags/example_branch_labels.py
[2024-01-08T18:54:50.113+0300] {processor.py:830} INFO - Processing file /usr/local/lib/python3.10/dist-packages/airflow/example_dags/example_branch_labels.py for tasks to queue
[2024-01-08T18:54:50.116+0300] {logging_mixin.py:188} INFO - [2024-01-08T18:54:50.115+0300] {dagbag.py:538} INFO - Filling up the DagBag from /usr/local/lib/python3.10/dist-packages/airflow/example_dags/example_branch_labels.py
[2024-01-08T18:54:50.335+0300] {processor.py:840} INFO - DAG(s) 'example_branch_labels' retrieved from /usr/local/lib/python3.10/dist-packages/airflow/example_dags/example_branch_labels.py
[2024-01-08T18:54:50.815+0300] {logging_mixin.py:188} INFO - [2024-01-08T18:54:50.815+0300] {dag.py:3033} INFO - Sync 1 DAGs
[2024-01-08T18:54:51.092+0300] {logging_mixin.py:188} INFO - [2024-01-08T18:54:51.092+0300] {dag.py:3820} INFO - Setting next_dagrun for example_branch_labels to 2024-01-07T00:00:00+00:00, run_after=2024-01-08T00:00:00+00:00
[2024-01-08T18:54:51.406+0300] {processor.py:183} INFO - Processing /usr/local/lib/python3.10/dist-packages/airflow/example_dags/example_branch_labels.py took 1.428 seconds
[2024-01-08T18:55:21.994+0300] {processor.py:161} INFO - Started process (PID=22519) to work on /usr/local/lib/python3.10/dist-packages/airflow/example_dags/example_branch_labels.py
[2024-01-08T18:55:21.996+0300] {processor.py:830} INFO - Processing file /usr/local/lib/python3.10/dist-packages/airflow/example_dags/example_branch_labels.py for tasks to queue
[2024-01-08T18:55:21.998+0300] {logging_mixin.py:188} INFO - [2024-01-08T18:55:21.997+0300] {dagbag.py:538} INFO - Filling up the DagBag from /usr/local/lib/python3.10/dist-packages/airflow/example_dags/example_branch_labels.py
[2024-01-08T18:55:22.054+0300] {processor.py:840} INFO - DAG(s) 'example_branch_labels' retrieved from /usr/local/lib/python3.10/dist-packages/airflow/example_dags/example_branch_labels.py
[2024-01-08T18:55:22.235+0300] {logging_mixin.py:188} INFO - [2024-01-08T18:55:22.235+0300] {dag.py:3033} INFO - Sync 1 DAGs
[2024-01-08T18:55:22.308+0300] {logging_mixin.py:188} INFO - [2024-01-08T18:55:22.308+0300] {dag.py:3820} INFO - Setting next_dagrun for example_branch_labels to 2024-01-07T00:00:00+00:00, run_after=2024-01-08T00:00:00+00:00
[2024-01-08T18:55:22.382+0300] {processor.py:183} INFO - Processing /usr/local/lib/python3.10/dist-packages/airflow/example_dags/example_branch_labels.py took 0.399 seconds
[2024-01-08T18:55:53.129+0300] {processor.py:161} INFO - Started process (PID=22899) to work on /usr/local/lib/python3.10/dist-packages/airflow/example_dags/example_branch_labels.py
[2024-01-08T18:55:53.132+0300] {processor.py:830} INFO - Processing file /usr/local/lib/python3.10/dist-packages/airflow/example_dags/example_branch_labels.py for tasks to queue
[2024-01-08T18:55:53.135+0300] {logging_mixin.py:188} INFO - [2024-01-08T18:55:53.134+0300] {dagbag.py:538} INFO - Filling up the DagBag from /usr/local/lib/python3.10/dist-packages/airflow/example_dags/example_branch_labels.py
[2024-01-08T18:55:53.154+0300] {processor.py:840} INFO - DAG(s) 'example_branch_labels' retrieved from /usr/local/lib/python3.10/dist-packages/airflow/example_dags/example_branch_labels.py
[2024-01-08T18:55:53.280+0300] {logging_mixin.py:188} INFO - [2024-01-08T18:55:53.279+0300] {dag.py:3033} INFO - Sync 1 DAGs
[2024-01-08T18:55:53.350+0300] {logging_mixin.py:188} INFO - [2024-01-08T18:55:53.344+0300] {dag.py:3820} INFO - Setting next_dagrun for example_branch_labels to 2024-01-07T00:00:00+00:00, run_after=2024-01-08T00:00:00+00:00
[2024-01-08T18:55:53.424+0300] {processor.py:183} INFO - Processing /usr/local/lib/python3.10/dist-packages/airflow/example_dags/example_branch_labels.py took 0.312 seconds
[2024-01-08T18:56:24.379+0300] {processor.py:161} INFO - Started process (PID=23218) to work on /usr/local/lib/python3.10/dist-packages/airflow/example_dags/example_branch_labels.py
[2024-01-08T18:56:24.383+0300] {processor.py:830} INFO - Processing file /usr/local/lib/python3.10/dist-packages/airflow/example_dags/example_branch_labels.py for tasks to queue
[2024-01-08T18:56:24.386+0300] {logging_mixin.py:188} INFO - [2024-01-08T18:56:24.385+0300] {dagbag.py:538} INFO - Filling up the DagBag from /usr/local/lib/python3.10/dist-packages/airflow/example_dags/example_branch_labels.py
[2024-01-08T18:56:24.415+0300] {processor.py:840} INFO - DAG(s) 'example_branch_labels' retrieved from /usr/local/lib/python3.10/dist-packages/airflow/example_dags/example_branch_labels.py
[2024-01-08T18:56:24.571+0300] {logging_mixin.py:188} INFO - [2024-01-08T18:56:24.571+0300] {dag.py:3033} INFO - Sync 1 DAGs
[2024-01-08T18:56:24.681+0300] {logging_mixin.py:188} INFO - [2024-01-08T18:56:24.681+0300] {dag.py:3820} INFO - Setting next_dagrun for example_branch_labels to 2024-01-07T00:00:00+00:00, run_after=2024-01-08T00:00:00+00:00
[2024-01-08T18:56:24.727+0300] {processor.py:183} INFO - Processing /usr/local/lib/python3.10/dist-packages/airflow/example_dags/example_branch_labels.py took 0.373 seconds
[2024-01-08T18:56:55.273+0300] {processor.py:161} INFO - Started process (PID=23534) to work on /usr/local/lib/python3.10/dist-packages/airflow/example_dags/example_branch_labels.py
[2024-01-08T18:56:55.276+0300] {processor.py:830} INFO - Processing file /usr/local/lib/python3.10/dist-packages/airflow/example_dags/example_branch_labels.py for tasks to queue
[2024-01-08T18:56:55.279+0300] {logging_mixin.py:188} INFO - [2024-01-08T18:56:55.278+0300] {dagbag.py:538} INFO - Filling up the DagBag from /usr/local/lib/python3.10/dist-packages/airflow/example_dags/example_branch_labels.py
[2024-01-08T18:56:55.349+0300] {processor.py:840} INFO - DAG(s) 'example_branch_labels' retrieved from /usr/local/lib/python3.10/dist-packages/airflow/example_dags/example_branch_labels.py
[2024-01-08T18:56:55.602+0300] {logging_mixin.py:188} INFO - [2024-01-08T18:56:55.602+0300] {dag.py:3033} INFO - Sync 1 DAGs
[2024-01-08T18:56:55.742+0300] {logging_mixin.py:188} INFO - [2024-01-08T18:56:55.742+0300] {dag.py:3820} INFO - Setting next_dagrun for example_branch_labels to 2024-01-07T00:00:00+00:00, run_after=2024-01-08T00:00:00+00:00
[2024-01-08T18:56:55.833+0300] {processor.py:183} INFO - Processing /usr/local/lib/python3.10/dist-packages/airflow/example_dags/example_branch_labels.py took 0.573 seconds
[2024-01-08T18:57:26.464+0300] {processor.py:161} INFO - Started process (PID=23914) to work on /usr/local/lib/python3.10/dist-packages/airflow/example_dags/example_branch_labels.py
[2024-01-08T18:57:26.468+0300] {processor.py:830} INFO - Processing file /usr/local/lib/python3.10/dist-packages/airflow/example_dags/example_branch_labels.py for tasks to queue
[2024-01-08T18:57:26.471+0300] {logging_mixin.py:188} INFO - [2024-01-08T18:57:26.470+0300] {dagbag.py:538} INFO - Filling up the DagBag from /usr/local/lib/python3.10/dist-packages/airflow/example_dags/example_branch_labels.py
[2024-01-08T18:57:26.497+0300] {processor.py:840} INFO - DAG(s) 'example_branch_labels' retrieved from /usr/local/lib/python3.10/dist-packages/airflow/example_dags/example_branch_labels.py
[2024-01-08T18:57:26.643+0300] {logging_mixin.py:188} INFO - [2024-01-08T18:57:26.643+0300] {dag.py:3033} INFO - Sync 1 DAGs
[2024-01-08T18:57:26.706+0300] {logging_mixin.py:188} INFO - [2024-01-08T18:57:26.706+0300] {dag.py:3820} INFO - Setting next_dagrun for example_branch_labels to 2024-01-07T00:00:00+00:00, run_after=2024-01-08T00:00:00+00:00
[2024-01-08T18:57:26.781+0300] {processor.py:183} INFO - Processing /usr/local/lib/python3.10/dist-packages/airflow/example_dags/example_branch_labels.py took 0.326 seconds
[2024-01-08T18:57:58.161+0300] {processor.py:161} INFO - Started process (PID=24299) to work on /usr/local/lib/python3.10/dist-packages/airflow/example_dags/example_branch_labels.py
[2024-01-08T18:57:58.165+0300] {processor.py:830} INFO - Processing file /usr/local/lib/python3.10/dist-packages/airflow/example_dags/example_branch_labels.py for tasks to queue
[2024-01-08T18:57:58.172+0300] {logging_mixin.py:188} INFO - [2024-01-08T18:57:58.168+0300] {dagbag.py:538} INFO - Filling up the DagBag from /usr/local/lib/python3.10/dist-packages/airflow/example_dags/example_branch_labels.py
[2024-01-08T18:57:58.206+0300] {processor.py:840} INFO - DAG(s) 'example_branch_labels' retrieved from /usr/local/lib/python3.10/dist-packages/airflow/example_dags/example_branch_labels.py
[2024-01-08T18:57:58.319+0300] {logging_mixin.py:188} INFO - [2024-01-08T18:57:58.319+0300] {dag.py:3033} INFO - Sync 1 DAGs
[2024-01-08T18:57:58.403+0300] {logging_mixin.py:188} INFO - [2024-01-08T18:57:58.402+0300] {dag.py:3820} INFO - Setting next_dagrun for example_branch_labels to 2024-01-07T00:00:00+00:00, run_after=2024-01-08T00:00:00+00:00
[2024-01-08T18:57:58.490+0300] {processor.py:183} INFO - Processing /usr/local/lib/python3.10/dist-packages/airflow/example_dags/example_branch_labels.py took 0.364 seconds
[2024-01-08T18:58:40.043+0300] {processor.py:161} INFO - Started process (PID=24736) to work on /usr/local/lib/python3.10/dist-packages/airflow/example_dags/example_branch_labels.py
[2024-01-08T18:58:40.093+0300] {processor.py:830} INFO - Processing file /usr/local/lib/python3.10/dist-packages/airflow/example_dags/example_branch_labels.py for tasks to queue
[2024-01-08T18:58:40.095+0300] {logging_mixin.py:188} INFO - [2024-01-08T18:58:40.094+0300] {dagbag.py:538} INFO - Filling up the DagBag from /usr/local/lib/python3.10/dist-packages/airflow/example_dags/example_branch_labels.py
[2024-01-08T18:58:40.178+0300] {processor.py:840} INFO - DAG(s) 'example_branch_labels' retrieved from /usr/local/lib/python3.10/dist-packages/airflow/example_dags/example_branch_labels.py
[2024-01-08T18:58:40.497+0300] {logging_mixin.py:188} INFO - [2024-01-08T18:58:40.497+0300] {dag.py:3033} INFO - Sync 1 DAGs
[2024-01-08T18:58:40.574+0300] {logging_mixin.py:188} INFO - [2024-01-08T18:58:40.574+0300] {dag.py:3820} INFO - Setting next_dagrun for example_branch_labels to 2024-01-07T00:00:00+00:00, run_after=2024-01-08T00:00:00+00:00
[2024-01-08T18:58:40.653+0300] {processor.py:183} INFO - Processing /usr/local/lib/python3.10/dist-packages/airflow/example_dags/example_branch_labels.py took 0.661 seconds
[2024-01-08T18:59:10.822+0300] {processor.py:161} INFO - Started process (PID=25146) to work on /usr/local/lib/python3.10/dist-packages/airflow/example_dags/example_branch_labels.py
[2024-01-08T18:59:10.823+0300] {processor.py:830} INFO - Processing file /usr/local/lib/python3.10/dist-packages/airflow/example_dags/example_branch_labels.py for tasks to queue
[2024-01-08T18:59:10.825+0300] {logging_mixin.py:188} INFO - [2024-01-08T18:59:10.824+0300] {dagbag.py:538} INFO - Filling up the DagBag from /usr/local/lib/python3.10/dist-packages/airflow/example_dags/example_branch_labels.py
[2024-01-08T18:59:10.845+0300] {processor.py:840} INFO - DAG(s) 'example_branch_labels' retrieved from /usr/local/lib/python3.10/dist-packages/airflow/example_dags/example_branch_labels.py
[2024-01-08T18:59:10.935+0300] {logging_mixin.py:188} INFO - [2024-01-08T18:59:10.934+0300] {dag.py:3033} INFO - Sync 1 DAGs
[2024-01-08T18:59:10.996+0300] {logging_mixin.py:188} INFO - [2024-01-08T18:59:10.996+0300] {dag.py:3820} INFO - Setting next_dagrun for example_branch_labels to 2024-01-07T00:00:00+00:00, run_after=2024-01-08T00:00:00+00:00
[2024-01-08T18:59:11.048+0300] {processor.py:183} INFO - Processing /usr/local/lib/python3.10/dist-packages/airflow/example_dags/example_branch_labels.py took 0.237 seconds
[2024-01-08T18:59:42.243+0300] {processor.py:161} INFO - Started process (PID=25550) to work on /usr/local/lib/python3.10/dist-packages/airflow/example_dags/example_branch_labels.py
[2024-01-08T18:59:42.247+0300] {processor.py:830} INFO - Processing file /usr/local/lib/python3.10/dist-packages/airflow/example_dags/example_branch_labels.py for tasks to queue
[2024-01-08T18:59:42.249+0300] {logging_mixin.py:188} INFO - [2024-01-08T18:59:42.249+0300] {dagbag.py:538} INFO - Filling up the DagBag from /usr/local/lib/python3.10/dist-packages/airflow/example_dags/example_branch_labels.py
[2024-01-08T18:59:42.286+0300] {processor.py:840} INFO - DAG(s) 'example_branch_labels' retrieved from /usr/local/lib/python3.10/dist-packages/airflow/example_dags/example_branch_labels.py
[2024-01-08T18:59:42.370+0300] {logging_mixin.py:188} INFO - [2024-01-08T18:59:42.369+0300] {dag.py:3033} INFO - Sync 1 DAGs
[2024-01-08T18:59:42.451+0300] {logging_mixin.py:188} INFO - [2024-01-08T18:59:42.451+0300] {dag.py:3820} INFO - Setting next_dagrun for example_branch_labels to 2024-01-07T00:00:00+00:00, run_after=2024-01-08T00:00:00+00:00
[2024-01-08T18:59:42.495+0300] {processor.py:183} INFO - Processing /usr/local/lib/python3.10/dist-packages/airflow/example_dags/example_branch_labels.py took 0.267 seconds
[2024-01-08T19:00:16.238+0300] {processor.py:161} INFO - Started process (PID=25927) to work on /usr/local/lib/python3.10/dist-packages/airflow/example_dags/example_branch_labels.py
[2024-01-08T19:00:16.241+0300] {processor.py:830} INFO - Processing file /usr/local/lib/python3.10/dist-packages/airflow/example_dags/example_branch_labels.py for tasks to queue
[2024-01-08T19:00:16.244+0300] {logging_mixin.py:188} INFO - [2024-01-08T19:00:16.243+0300] {dagbag.py:538} INFO - Filling up the DagBag from /usr/local/lib/python3.10/dist-packages/airflow/example_dags/example_branch_labels.py
[2024-01-08T19:00:16.287+0300] {processor.py:840} INFO - DAG(s) 'example_branch_labels' retrieved from /usr/local/lib/python3.10/dist-packages/airflow/example_dags/example_branch_labels.py
[2024-01-08T19:00:16.417+0300] {logging_mixin.py:188} INFO - [2024-01-08T19:00:16.417+0300] {dag.py:3033} INFO - Sync 1 DAGs
[2024-01-08T19:00:16.531+0300] {logging_mixin.py:188} INFO - [2024-01-08T19:00:16.531+0300] {dag.py:3820} INFO - Setting next_dagrun for example_branch_labels to 2024-01-07T00:00:00+00:00, run_after=2024-01-08T00:00:00+00:00
[2024-01-08T19:00:16.694+0300] {processor.py:183} INFO - Processing /usr/local/lib/python3.10/dist-packages/airflow/example_dags/example_branch_labels.py took 0.473 seconds
[2024-01-08T19:00:49.869+0300] {processor.py:161} INFO - Started process (PID=26375) to work on /usr/local/lib/python3.10/dist-packages/airflow/example_dags/example_branch_labels.py
[2024-01-08T19:00:49.872+0300] {processor.py:830} INFO - Processing file /usr/local/lib/python3.10/dist-packages/airflow/example_dags/example_branch_labels.py for tasks to queue
[2024-01-08T19:00:49.874+0300] {logging_mixin.py:188} INFO - [2024-01-08T19:00:49.873+0300] {dagbag.py:538} INFO - Filling up the DagBag from /usr/local/lib/python3.10/dist-packages/airflow/example_dags/example_branch_labels.py
[2024-01-08T19:00:49.906+0300] {processor.py:840} INFO - DAG(s) 'example_branch_labels' retrieved from /usr/local/lib/python3.10/dist-packages/airflow/example_dags/example_branch_labels.py
[2024-01-08T19:00:50.049+0300] {logging_mixin.py:188} INFO - [2024-01-08T19:00:50.046+0300] {dag.py:3033} INFO - Sync 1 DAGs
[2024-01-08T19:00:50.153+0300] {logging_mixin.py:188} INFO - [2024-01-08T19:00:50.152+0300] {dag.py:3820} INFO - Setting next_dagrun for example_branch_labels to 2024-01-07T00:00:00+00:00, run_after=2024-01-08T00:00:00+00:00
[2024-01-08T19:00:50.227+0300] {processor.py:183} INFO - Processing /usr/local/lib/python3.10/dist-packages/airflow/example_dags/example_branch_labels.py took 0.370 seconds
[2024-01-08T19:01:23.078+0300] {processor.py:161} INFO - Started process (PID=26738) to work on /usr/local/lib/python3.10/dist-packages/airflow/example_dags/example_branch_labels.py
[2024-01-08T19:01:23.082+0300] {processor.py:830} INFO - Processing file /usr/local/lib/python3.10/dist-packages/airflow/example_dags/example_branch_labels.py for tasks to queue
[2024-01-08T19:01:23.085+0300] {logging_mixin.py:188} INFO - [2024-01-08T19:01:23.084+0300] {dagbag.py:538} INFO - Filling up the DagBag from /usr/local/lib/python3.10/dist-packages/airflow/example_dags/example_branch_labels.py
[2024-01-08T19:01:23.186+0300] {processor.py:840} INFO - DAG(s) 'example_branch_labels' retrieved from /usr/local/lib/python3.10/dist-packages/airflow/example_dags/example_branch_labels.py
[2024-01-08T19:01:23.559+0300] {logging_mixin.py:188} INFO - [2024-01-08T19:01:23.559+0300] {dag.py:3033} INFO - Sync 1 DAGs
[2024-01-08T19:01:23.686+0300] {logging_mixin.py:188} INFO - [2024-01-08T19:01:23.686+0300] {dag.py:3820} INFO - Setting next_dagrun for example_branch_labels to 2024-01-07T00:00:00+00:00, run_after=2024-01-08T00:00:00+00:00
[2024-01-08T19:01:23.831+0300] {processor.py:183} INFO - Processing /usr/local/lib/python3.10/dist-packages/airflow/example_dags/example_branch_labels.py took 0.812 seconds
[2024-01-08T19:01:54.323+0300] {processor.py:161} INFO - Started process (PID=27127) to work on /usr/local/lib/python3.10/dist-packages/airflow/example_dags/example_branch_labels.py
[2024-01-08T19:01:54.327+0300] {processor.py:830} INFO - Processing file /usr/local/lib/python3.10/dist-packages/airflow/example_dags/example_branch_labels.py for tasks to queue
[2024-01-08T19:01:54.328+0300] {logging_mixin.py:188} INFO - [2024-01-08T19:01:54.328+0300] {dagbag.py:538} INFO - Filling up the DagBag from /usr/local/lib/python3.10/dist-packages/airflow/example_dags/example_branch_labels.py
[2024-01-08T19:01:54.358+0300] {processor.py:840} INFO - DAG(s) 'example_branch_labels' retrieved from /usr/local/lib/python3.10/dist-packages/airflow/example_dags/example_branch_labels.py
[2024-01-08T19:01:54.447+0300] {logging_mixin.py:188} INFO - [2024-01-08T19:01:54.446+0300] {dag.py:3033} INFO - Sync 1 DAGs
[2024-01-08T19:01:54.514+0300] {logging_mixin.py:188} INFO - [2024-01-08T19:01:54.514+0300] {dag.py:3820} INFO - Setting next_dagrun for example_branch_labels to 2024-01-07T00:00:00+00:00, run_after=2024-01-08T00:00:00+00:00
[2024-01-08T19:01:54.582+0300] {processor.py:183} INFO - Processing /usr/local/lib/python3.10/dist-packages/airflow/example_dags/example_branch_labels.py took 0.272 seconds
[2024-01-08T19:02:25.370+0300] {processor.py:161} INFO - Started process (PID=27444) to work on /usr/local/lib/python3.10/dist-packages/airflow/example_dags/example_branch_labels.py
[2024-01-08T19:02:25.377+0300] {processor.py:830} INFO - Processing file /usr/local/lib/python3.10/dist-packages/airflow/example_dags/example_branch_labels.py for tasks to queue
[2024-01-08T19:02:25.379+0300] {logging_mixin.py:188} INFO - [2024-01-08T19:02:25.378+0300] {dagbag.py:538} INFO - Filling up the DagBag from /usr/local/lib/python3.10/dist-packages/airflow/example_dags/example_branch_labels.py
[2024-01-08T19:02:25.419+0300] {processor.py:840} INFO - DAG(s) 'example_branch_labels' retrieved from /usr/local/lib/python3.10/dist-packages/airflow/example_dags/example_branch_labels.py
[2024-01-08T19:02:25.558+0300] {logging_mixin.py:188} INFO - [2024-01-08T19:02:25.557+0300] {dag.py:3033} INFO - Sync 1 DAGs
[2024-01-08T19:02:25.631+0300] {logging_mixin.py:188} INFO - [2024-01-08T19:02:25.631+0300] {dag.py:3820} INFO - Setting next_dagrun for example_branch_labels to 2024-01-07T00:00:00+00:00, run_after=2024-01-08T00:00:00+00:00
[2024-01-08T19:02:25.734+0300] {processor.py:183} INFO - Processing /usr/local/lib/python3.10/dist-packages/airflow/example_dags/example_branch_labels.py took 0.379 seconds
[2024-01-08T19:02:58.729+0300] {processor.py:161} INFO - Started process (PID=27774) to work on /usr/local/lib/python3.10/dist-packages/airflow/example_dags/example_branch_labels.py
[2024-01-08T19:02:58.746+0300] {processor.py:830} INFO - Processing file /usr/local/lib/python3.10/dist-packages/airflow/example_dags/example_branch_labels.py for tasks to queue
[2024-01-08T19:02:58.781+0300] {logging_mixin.py:188} INFO - [2024-01-08T19:02:58.748+0300] {dagbag.py:538} INFO - Filling up the DagBag from /usr/local/lib/python3.10/dist-packages/airflow/example_dags/example_branch_labels.py
[2024-01-08T19:02:58.980+0300] {processor.py:840} INFO - DAG(s) 'example_branch_labels' retrieved from /usr/local/lib/python3.10/dist-packages/airflow/example_dags/example_branch_labels.py
[2024-01-08T19:02:59.960+0300] {logging_mixin.py:188} INFO - [2024-01-08T19:02:59.960+0300] {dag.py:3033} INFO - Sync 1 DAGs
[2024-01-08T19:03:00.579+0300] {logging_mixin.py:188} INFO - [2024-01-08T19:03:00.578+0300] {dag.py:3820} INFO - Setting next_dagrun for example_branch_labels to 2024-01-07T00:00:00+00:00, run_after=2024-01-08T00:00:00+00:00
[2024-01-08T19:03:00.867+0300] {processor.py:183} INFO - Processing /usr/local/lib/python3.10/dist-packages/airflow/example_dags/example_branch_labels.py took 2.258 seconds
[2024-01-08T19:03:32.443+0300] {processor.py:161} INFO - Started process (PID=28160) to work on /usr/local/lib/python3.10/dist-packages/airflow/example_dags/example_branch_labels.py
[2024-01-08T19:03:32.454+0300] {processor.py:830} INFO - Processing file /usr/local/lib/python3.10/dist-packages/airflow/example_dags/example_branch_labels.py for tasks to queue
[2024-01-08T19:03:32.457+0300] {logging_mixin.py:188} INFO - [2024-01-08T19:03:32.456+0300] {dagbag.py:538} INFO - Filling up the DagBag from /usr/local/lib/python3.10/dist-packages/airflow/example_dags/example_branch_labels.py
[2024-01-08T19:03:32.507+0300] {processor.py:840} INFO - DAG(s) 'example_branch_labels' retrieved from /usr/local/lib/python3.10/dist-packages/airflow/example_dags/example_branch_labels.py
[2024-01-08T19:03:32.631+0300] {logging_mixin.py:188} INFO - [2024-01-08T19:03:32.631+0300] {dag.py:3033} INFO - Sync 1 DAGs
[2024-01-08T19:03:32.709+0300] {logging_mixin.py:188} INFO - [2024-01-08T19:03:32.709+0300] {dag.py:3820} INFO - Setting next_dagrun for example_branch_labels to 2024-01-07T00:00:00+00:00, run_after=2024-01-08T00:00:00+00:00
[2024-01-08T19:03:32.769+0300] {processor.py:183} INFO - Processing /usr/local/lib/python3.10/dist-packages/airflow/example_dags/example_branch_labels.py took 0.370 seconds
[2024-01-08T19:04:03.975+0300] {processor.py:161} INFO - Started process (PID=28551) to work on /usr/local/lib/python3.10/dist-packages/airflow/example_dags/example_branch_labels.py
[2024-01-08T19:04:03.985+0300] {processor.py:830} INFO - Processing file /usr/local/lib/python3.10/dist-packages/airflow/example_dags/example_branch_labels.py for tasks to queue
[2024-01-08T19:04:03.987+0300] {logging_mixin.py:188} INFO - [2024-01-08T19:04:03.986+0300] {dagbag.py:538} INFO - Filling up the DagBag from /usr/local/lib/python3.10/dist-packages/airflow/example_dags/example_branch_labels.py
[2024-01-08T19:04:04.081+0300] {processor.py:840} INFO - DAG(s) 'example_branch_labels' retrieved from /usr/local/lib/python3.10/dist-packages/airflow/example_dags/example_branch_labels.py
[2024-01-08T19:04:04.354+0300] {logging_mixin.py:188} INFO - [2024-01-08T19:04:04.354+0300] {dag.py:3033} INFO - Sync 1 DAGs
[2024-01-08T19:04:04.576+0300] {logging_mixin.py:188} INFO - [2024-01-08T19:04:04.575+0300] {dag.py:3820} INFO - Setting next_dagrun for example_branch_labels to 2024-01-07T00:00:00+00:00, run_after=2024-01-08T00:00:00+00:00
[2024-01-08T19:04:04.704+0300] {processor.py:183} INFO - Processing /usr/local/lib/python3.10/dist-packages/airflow/example_dags/example_branch_labels.py took 0.764 seconds
[2024-01-08T19:04:38.791+0300] {processor.py:161} INFO - Started process (PID=28931) to work on /usr/local/lib/python3.10/dist-packages/airflow/example_dags/example_branch_labels.py
[2024-01-08T19:04:38.806+0300] {processor.py:830} INFO - Processing file /usr/local/lib/python3.10/dist-packages/airflow/example_dags/example_branch_labels.py for tasks to queue
[2024-01-08T19:04:38.808+0300] {logging_mixin.py:188} INFO - [2024-01-08T19:04:38.807+0300] {dagbag.py:538} INFO - Filling up the DagBag from /usr/local/lib/python3.10/dist-packages/airflow/example_dags/example_branch_labels.py
[2024-01-08T19:04:38.870+0300] {processor.py:840} INFO - DAG(s) 'example_branch_labels' retrieved from /usr/local/lib/python3.10/dist-packages/airflow/example_dags/example_branch_labels.py
[2024-01-08T19:04:39.252+0300] {logging_mixin.py:188} INFO - [2024-01-08T19:04:39.251+0300] {dag.py:3033} INFO - Sync 1 DAGs
[2024-01-08T19:04:39.346+0300] {logging_mixin.py:188} INFO - [2024-01-08T19:04:39.346+0300] {dag.py:3820} INFO - Setting next_dagrun for example_branch_labels to 2024-01-07T00:00:00+00:00, run_after=2024-01-08T00:00:00+00:00
[2024-01-08T19:04:39.457+0300] {processor.py:183} INFO - Processing /usr/local/lib/python3.10/dist-packages/airflow/example_dags/example_branch_labels.py took 0.680 seconds
[2024-01-08T19:05:09.920+0300] {processor.py:161} INFO - Started process (PID=29365) to work on /usr/local/lib/python3.10/dist-packages/airflow/example_dags/example_branch_labels.py
[2024-01-08T19:05:09.923+0300] {processor.py:830} INFO - Processing file /usr/local/lib/python3.10/dist-packages/airflow/example_dags/example_branch_labels.py for tasks to queue
[2024-01-08T19:05:09.926+0300] {logging_mixin.py:188} INFO - [2024-01-08T19:05:09.925+0300] {dagbag.py:538} INFO - Filling up the DagBag from /usr/local/lib/python3.10/dist-packages/airflow/example_dags/example_branch_labels.py
[2024-01-08T19:05:09.955+0300] {processor.py:840} INFO - DAG(s) 'example_branch_labels' retrieved from /usr/local/lib/python3.10/dist-packages/airflow/example_dags/example_branch_labels.py
[2024-01-08T19:05:10.061+0300] {logging_mixin.py:188} INFO - [2024-01-08T19:05:10.061+0300] {dag.py:3033} INFO - Sync 1 DAGs
[2024-01-08T19:05:10.130+0300] {logging_mixin.py:188} INFO - [2024-01-08T19:05:10.129+0300] {dag.py:3820} INFO - Setting next_dagrun for example_branch_labels to 2024-01-07T00:00:00+00:00, run_after=2024-01-08T00:00:00+00:00
[2024-01-08T19:05:10.193+0300] {processor.py:183} INFO - Processing /usr/local/lib/python3.10/dist-packages/airflow/example_dags/example_branch_labels.py took 0.298 seconds
[2024-01-08T19:05:58.220+0300] {processor.py:161} INFO - Started process (PID=29840) to work on /usr/local/lib/python3.10/dist-packages/airflow/example_dags/example_branch_labels.py
[2024-01-08T19:05:58.226+0300] {processor.py:830} INFO - Processing file /usr/local/lib/python3.10/dist-packages/airflow/example_dags/example_branch_labels.py for tasks to queue
[2024-01-08T19:05:58.227+0300] {logging_mixin.py:188} INFO - [2024-01-08T19:05:58.227+0300] {dagbag.py:538} INFO - Filling up the DagBag from /usr/local/lib/python3.10/dist-packages/airflow/example_dags/example_branch_labels.py
[2024-01-08T19:05:58.253+0300] {processor.py:840} INFO - DAG(s) 'example_branch_labels' retrieved from /usr/local/lib/python3.10/dist-packages/airflow/example_dags/example_branch_labels.py
[2024-01-08T19:05:58.363+0300] {logging_mixin.py:188} INFO - [2024-01-08T19:05:58.363+0300] {dag.py:3033} INFO - Sync 1 DAGs
[2024-01-08T19:05:58.451+0300] {logging_mixin.py:188} INFO - [2024-01-08T19:05:58.448+0300] {dag.py:3820} INFO - Setting next_dagrun for example_branch_labels to 2024-01-07T00:00:00+00:00, run_after=2024-01-08T00:00:00+00:00
[2024-01-08T19:05:58.525+0300] {processor.py:183} INFO - Processing /usr/local/lib/python3.10/dist-packages/airflow/example_dags/example_branch_labels.py took 0.319 seconds
[2024-01-08T19:06:35.512+0300] {processor.py:161} INFO - Started process (PID=30263) to work on /usr/local/lib/python3.10/dist-packages/airflow/example_dags/example_branch_labels.py
[2024-01-08T19:06:35.530+0300] {processor.py:830} INFO - Processing file /usr/local/lib/python3.10/dist-packages/airflow/example_dags/example_branch_labels.py for tasks to queue
[2024-01-08T19:06:35.532+0300] {logging_mixin.py:188} INFO - [2024-01-08T19:06:35.531+0300] {dagbag.py:538} INFO - Filling up the DagBag from /usr/local/lib/python3.10/dist-packages/airflow/example_dags/example_branch_labels.py
[2024-01-08T19:06:35.622+0300] {processor.py:840} INFO - DAG(s) 'example_branch_labels' retrieved from /usr/local/lib/python3.10/dist-packages/airflow/example_dags/example_branch_labels.py
[2024-01-08T19:06:36.015+0300] {logging_mixin.py:188} INFO - [2024-01-08T19:06:36.014+0300] {dag.py:3033} INFO - Sync 1 DAGs
[2024-01-08T19:06:36.236+0300] {logging_mixin.py:188} INFO - [2024-01-08T19:06:36.235+0300] {dag.py:3820} INFO - Setting next_dagrun for example_branch_labels to 2024-01-07T00:00:00+00:00, run_after=2024-01-08T00:00:00+00:00
[2024-01-08T19:06:36.416+0300] {processor.py:183} INFO - Processing /usr/local/lib/python3.10/dist-packages/airflow/example_dags/example_branch_labels.py took 0.944 seconds
[2024-01-08T19:07:16.822+0300] {processor.py:161} INFO - Started process (PID=30722) to work on /usr/local/lib/python3.10/dist-packages/airflow/example_dags/example_branch_labels.py
[2024-01-08T19:07:16.834+0300] {processor.py:830} INFO - Processing file /usr/local/lib/python3.10/dist-packages/airflow/example_dags/example_branch_labels.py for tasks to queue
[2024-01-08T19:07:16.836+0300] {logging_mixin.py:188} INFO - [2024-01-08T19:07:16.836+0300] {dagbag.py:538} INFO - Filling up the DagBag from /usr/local/lib/python3.10/dist-packages/airflow/example_dags/example_branch_labels.py
[2024-01-08T19:07:16.895+0300] {processor.py:840} INFO - DAG(s) 'example_branch_labels' retrieved from /usr/local/lib/python3.10/dist-packages/airflow/example_dags/example_branch_labels.py
[2024-01-08T19:07:17.048+0300] {logging_mixin.py:188} INFO - [2024-01-08T19:07:17.044+0300] {dag.py:3033} INFO - Sync 1 DAGs
[2024-01-08T19:07:17.208+0300] {logging_mixin.py:188} INFO - [2024-01-08T19:07:17.208+0300] {dag.py:3820} INFO - Setting next_dagrun for example_branch_labels to 2024-01-07T00:00:00+00:00, run_after=2024-01-08T00:00:00+00:00
[2024-01-08T19:07:17.290+0300] {processor.py:183} INFO - Processing /usr/local/lib/python3.10/dist-packages/airflow/example_dags/example_branch_labels.py took 0.495 seconds
[2024-01-08T19:07:53.930+0300] {processor.py:161} INFO - Started process (PID=31143) to work on /usr/local/lib/python3.10/dist-packages/airflow/example_dags/example_branch_labels.py
[2024-01-08T19:07:53.933+0300] {processor.py:830} INFO - Processing file /usr/local/lib/python3.10/dist-packages/airflow/example_dags/example_branch_labels.py for tasks to queue
[2024-01-08T19:07:53.935+0300] {logging_mixin.py:188} INFO - [2024-01-08T19:07:53.934+0300] {dagbag.py:538} INFO - Filling up the DagBag from /usr/local/lib/python3.10/dist-packages/airflow/example_dags/example_branch_labels.py
[2024-01-08T19:07:53.955+0300] {processor.py:840} INFO - DAG(s) 'example_branch_labels' retrieved from /usr/local/lib/python3.10/dist-packages/airflow/example_dags/example_branch_labels.py
[2024-01-08T19:07:54.154+0300] {logging_mixin.py:188} INFO - [2024-01-08T19:07:54.154+0300] {dag.py:3033} INFO - Sync 1 DAGs
[2024-01-08T19:07:54.329+0300] {logging_mixin.py:188} INFO - [2024-01-08T19:07:54.329+0300] {dag.py:3820} INFO - Setting next_dagrun for example_branch_labels to 2024-01-07T00:00:00+00:00, run_after=2024-01-08T00:00:00+00:00
[2024-01-08T19:07:54.405+0300] {processor.py:183} INFO - Processing /usr/local/lib/python3.10/dist-packages/airflow/example_dags/example_branch_labels.py took 0.485 seconds
[2024-01-08T19:08:24.860+0300] {processor.py:161} INFO - Started process (PID=31458) to work on /usr/local/lib/python3.10/dist-packages/airflow/example_dags/example_branch_labels.py
[2024-01-08T19:08:24.866+0300] {processor.py:830} INFO - Processing file /usr/local/lib/python3.10/dist-packages/airflow/example_dags/example_branch_labels.py for tasks to queue
[2024-01-08T19:08:24.879+0300] {logging_mixin.py:188} INFO - [2024-01-08T19:08:24.878+0300] {dagbag.py:538} INFO - Filling up the DagBag from /usr/local/lib/python3.10/dist-packages/airflow/example_dags/example_branch_labels.py
[2024-01-08T19:08:24.933+0300] {processor.py:840} INFO - DAG(s) 'example_branch_labels' retrieved from /usr/local/lib/python3.10/dist-packages/airflow/example_dags/example_branch_labels.py
[2024-01-08T19:08:25.114+0300] {logging_mixin.py:188} INFO - [2024-01-08T19:08:25.113+0300] {dag.py:3033} INFO - Sync 1 DAGs
[2024-01-08T19:08:25.192+0300] {logging_mixin.py:188} INFO - [2024-01-08T19:08:25.192+0300] {dag.py:3820} INFO - Setting next_dagrun for example_branch_labels to 2024-01-07T00:00:00+00:00, run_after=2024-01-08T00:00:00+00:00
[2024-01-08T19:08:25.255+0300] {processor.py:183} INFO - Processing /usr/local/lib/python3.10/dist-packages/airflow/example_dags/example_branch_labels.py took 0.429 seconds
[2024-01-08T19:09:04.658+0300] {processor.py:161} INFO - Started process (PID=31916) to work on /usr/local/lib/python3.10/dist-packages/airflow/example_dags/example_branch_labels.py
[2024-01-08T19:09:04.668+0300] {processor.py:830} INFO - Processing file /usr/local/lib/python3.10/dist-packages/airflow/example_dags/example_branch_labels.py for tasks to queue
[2024-01-08T19:09:04.671+0300] {logging_mixin.py:188} INFO - [2024-01-08T19:09:04.670+0300] {dagbag.py:538} INFO - Filling up the DagBag from /usr/local/lib/python3.10/dist-packages/airflow/example_dags/example_branch_labels.py
[2024-01-08T19:09:04.724+0300] {processor.py:840} INFO - DAG(s) 'example_branch_labels' retrieved from /usr/local/lib/python3.10/dist-packages/airflow/example_dags/example_branch_labels.py
[2024-01-08T19:09:04.894+0300] {logging_mixin.py:188} INFO - [2024-01-08T19:09:04.894+0300] {dag.py:3033} INFO - Sync 1 DAGs
[2024-01-08T19:09:04.977+0300] {logging_mixin.py:188} INFO - [2024-01-08T19:09:04.976+0300] {dag.py:3820} INFO - Setting next_dagrun for example_branch_labels to 2024-01-07T00:00:00+00:00, run_after=2024-01-08T00:00:00+00:00
[2024-01-08T19:09:05.019+0300] {processor.py:183} INFO - Processing /usr/local/lib/python3.10/dist-packages/airflow/example_dags/example_branch_labels.py took 0.386 seconds
[2024-01-08T19:09:41.188+0300] {processor.py:161} INFO - Started process (PID=32298) to work on /usr/local/lib/python3.10/dist-packages/airflow/example_dags/example_branch_labels.py
[2024-01-08T19:09:41.202+0300] {processor.py:830} INFO - Processing file /usr/local/lib/python3.10/dist-packages/airflow/example_dags/example_branch_labels.py for tasks to queue
[2024-01-08T19:09:41.204+0300] {logging_mixin.py:188} INFO - [2024-01-08T19:09:41.204+0300] {dagbag.py:538} INFO - Filling up the DagBag from /usr/local/lib/python3.10/dist-packages/airflow/example_dags/example_branch_labels.py
[2024-01-08T19:09:41.261+0300] {processor.py:840} INFO - DAG(s) 'example_branch_labels' retrieved from /usr/local/lib/python3.10/dist-packages/airflow/example_dags/example_branch_labels.py
[2024-01-08T19:09:41.477+0300] {logging_mixin.py:188} INFO - [2024-01-08T19:09:41.468+0300] {dag.py:3033} INFO - Sync 1 DAGs
[2024-01-08T19:09:41.697+0300] {logging_mixin.py:188} INFO - [2024-01-08T19:09:41.696+0300] {dag.py:3820} INFO - Setting next_dagrun for example_branch_labels to 2024-01-07T00:00:00+00:00, run_after=2024-01-08T00:00:00+00:00
[2024-01-08T19:09:41.805+0300] {processor.py:183} INFO - Processing /usr/local/lib/python3.10/dist-packages/airflow/example_dags/example_branch_labels.py took 0.656 seconds
[2024-01-08T19:10:22.104+0300] {processor.py:161} INFO - Started process (PID=32712) to work on /usr/local/lib/python3.10/dist-packages/airflow/example_dags/example_branch_labels.py
[2024-01-08T19:10:22.109+0300] {processor.py:830} INFO - Processing file /usr/local/lib/python3.10/dist-packages/airflow/example_dags/example_branch_labels.py for tasks to queue
[2024-01-08T19:10:22.112+0300] {logging_mixin.py:188} INFO - [2024-01-08T19:10:22.111+0300] {dagbag.py:538} INFO - Filling up the DagBag from /usr/local/lib/python3.10/dist-packages/airflow/example_dags/example_branch_labels.py
[2024-01-08T19:10:22.150+0300] {processor.py:840} INFO - DAG(s) 'example_branch_labels' retrieved from /usr/local/lib/python3.10/dist-packages/airflow/example_dags/example_branch_labels.py
[2024-01-08T19:10:22.459+0300] {logging_mixin.py:188} INFO - [2024-01-08T19:10:22.459+0300] {dag.py:3033} INFO - Sync 1 DAGs
[2024-01-08T19:10:22.570+0300] {logging_mixin.py:188} INFO - [2024-01-08T19:10:22.568+0300] {dag.py:3820} INFO - Setting next_dagrun for example_branch_labels to 2024-01-07T00:00:00+00:00, run_after=2024-01-08T00:00:00+00:00
[2024-01-08T19:10:22.671+0300] {processor.py:183} INFO - Processing /usr/local/lib/python3.10/dist-packages/airflow/example_dags/example_branch_labels.py took 0.584 seconds
[2024-01-08T19:11:16.742+0300] {processor.py:161} INFO - Started process (PID=33277) to work on /usr/local/lib/python3.10/dist-packages/airflow/example_dags/example_branch_labels.py
[2024-01-08T19:11:16.764+0300] {processor.py:830} INFO - Processing file /usr/local/lib/python3.10/dist-packages/airflow/example_dags/example_branch_labels.py for tasks to queue
[2024-01-08T19:11:16.769+0300] {logging_mixin.py:188} INFO - [2024-01-08T19:11:16.768+0300] {dagbag.py:538} INFO - Filling up the DagBag from /usr/local/lib/python3.10/dist-packages/airflow/example_dags/example_branch_labels.py
[2024-01-08T19:11:16.857+0300] {processor.py:840} INFO - DAG(s) 'example_branch_labels' retrieved from /usr/local/lib/python3.10/dist-packages/airflow/example_dags/example_branch_labels.py
[2024-01-08T19:11:17.012+0300] {logging_mixin.py:188} INFO - [2024-01-08T19:11:17.012+0300] {dag.py:3033} INFO - Sync 1 DAGs
[2024-01-08T19:11:17.120+0300] {logging_mixin.py:188} INFO - [2024-01-08T19:11:17.119+0300] {dag.py:3820} INFO - Setting next_dagrun for example_branch_labels to 2024-01-07T00:00:00+00:00, run_after=2024-01-08T00:00:00+00:00
[2024-01-08T19:11:17.202+0300] {processor.py:183} INFO - Processing /usr/local/lib/python3.10/dist-packages/airflow/example_dags/example_branch_labels.py took 0.491 seconds
[2024-01-08T19:12:05.734+0300] {processor.py:161} INFO - Started process (PID=33785) to work on /usr/local/lib/python3.10/dist-packages/airflow/example_dags/example_branch_labels.py
[2024-01-08T19:12:05.740+0300] {processor.py:830} INFO - Processing file /usr/local/lib/python3.10/dist-packages/airflow/example_dags/example_branch_labels.py for tasks to queue
[2024-01-08T19:12:05.742+0300] {logging_mixin.py:188} INFO - [2024-01-08T19:12:05.741+0300] {dagbag.py:538} INFO - Filling up the DagBag from /usr/local/lib/python3.10/dist-packages/airflow/example_dags/example_branch_labels.py
[2024-01-08T19:12:05.766+0300] {processor.py:840} INFO - DAG(s) 'example_branch_labels' retrieved from /usr/local/lib/python3.10/dist-packages/airflow/example_dags/example_branch_labels.py
[2024-01-08T19:12:05.947+0300] {logging_mixin.py:188} INFO - [2024-01-08T19:12:05.946+0300] {dag.py:3033} INFO - Sync 1 DAGs
[2024-01-08T19:12:06.064+0300] {logging_mixin.py:188} INFO - [2024-01-08T19:12:06.063+0300] {dag.py:3820} INFO - Setting next_dagrun for example_branch_labels to 2024-01-07T00:00:00+00:00, run_after=2024-01-08T00:00:00+00:00
[2024-01-08T19:12:06.157+0300] {processor.py:183} INFO - Processing /usr/local/lib/python3.10/dist-packages/airflow/example_dags/example_branch_labels.py took 0.433 seconds
