[2024-01-08T17:37:20.745+0300] {processor.py:161} INFO - Started process (PID=5584) to work on /usr/local/lib/python3.10/dist-packages/airflow/example_dags/example_setup_teardown.py
[2024-01-08T17:37:20.755+0300] {processor.py:830} INFO - Processing file /usr/local/lib/python3.10/dist-packages/airflow/example_dags/example_setup_teardown.py for tasks to queue
[2024-01-08T17:37:20.757+0300] {logging_mixin.py:188} INFO - [2024-01-08T17:37:20.756+0300] {dagbag.py:538} INFO - Filling up the DagBag from /usr/local/lib/python3.10/dist-packages/airflow/example_dags/example_setup_teardown.py
[2024-01-08T17:37:20.797+0300] {processor.py:840} INFO - DAG(s) 'example_setup_teardown' retrieved from /usr/local/lib/python3.10/dist-packages/airflow/example_dags/example_setup_teardown.py
[2024-01-08T17:37:21.014+0300] {logging_mixin.py:188} INFO - [2024-01-08T17:37:21.014+0300] {dag.py:3033} INFO - Sync 1 DAGs
[2024-01-08T17:37:21.131+0300] {logging_mixin.py:188} INFO - [2024-01-08T17:37:21.130+0300] {dag.py:3820} INFO - Setting next_dagrun for example_setup_teardown to 2024-01-07T00:00:00+00:00, run_after=2024-01-08T00:00:00+00:00
[2024-01-08T17:37:21.229+0300] {processor.py:183} INFO - Processing /usr/local/lib/python3.10/dist-packages/airflow/example_dags/example_setup_teardown.py took 0.502 seconds
[2024-01-08T17:37:51.920+0300] {processor.py:161} INFO - Started process (PID=5933) to work on /usr/local/lib/python3.10/dist-packages/airflow/example_dags/example_setup_teardown.py
[2024-01-08T17:37:51.923+0300] {processor.py:830} INFO - Processing file /usr/local/lib/python3.10/dist-packages/airflow/example_dags/example_setup_teardown.py for tasks to queue
[2024-01-08T17:37:51.926+0300] {logging_mixin.py:188} INFO - [2024-01-08T17:37:51.925+0300] {dagbag.py:538} INFO - Filling up the DagBag from /usr/local/lib/python3.10/dist-packages/airflow/example_dags/example_setup_teardown.py
[2024-01-08T17:37:51.955+0300] {processor.py:840} INFO - DAG(s) 'example_setup_teardown' retrieved from /usr/local/lib/python3.10/dist-packages/airflow/example_dags/example_setup_teardown.py
[2024-01-08T17:37:52.166+0300] {logging_mixin.py:188} INFO - [2024-01-08T17:37:52.166+0300] {dag.py:3033} INFO - Sync 1 DAGs
[2024-01-08T17:37:52.338+0300] {logging_mixin.py:188} INFO - [2024-01-08T17:37:52.337+0300] {dag.py:3820} INFO - Setting next_dagrun for example_setup_teardown to 2024-01-07T00:00:00+00:00, run_after=2024-01-08T00:00:00+00:00
[2024-01-08T17:37:52.543+0300] {processor.py:183} INFO - Processing /usr/local/lib/python3.10/dist-packages/airflow/example_dags/example_setup_teardown.py took 0.642 seconds
[2024-01-08T17:38:22.744+0300] {processor.py:161} INFO - Started process (PID=6246) to work on /usr/local/lib/python3.10/dist-packages/airflow/example_dags/example_setup_teardown.py
[2024-01-08T17:38:22.747+0300] {processor.py:830} INFO - Processing file /usr/local/lib/python3.10/dist-packages/airflow/example_dags/example_setup_teardown.py for tasks to queue
[2024-01-08T17:38:22.749+0300] {logging_mixin.py:188} INFO - [2024-01-08T17:38:22.748+0300] {dagbag.py:538} INFO - Filling up the DagBag from /usr/local/lib/python3.10/dist-packages/airflow/example_dags/example_setup_teardown.py
[2024-01-08T17:38:22.768+0300] {processor.py:840} INFO - DAG(s) 'example_setup_teardown' retrieved from /usr/local/lib/python3.10/dist-packages/airflow/example_dags/example_setup_teardown.py
[2024-01-08T17:38:22.868+0300] {logging_mixin.py:188} INFO - [2024-01-08T17:38:22.868+0300] {dag.py:3033} INFO - Sync 1 DAGs
[2024-01-08T17:38:22.957+0300] {logging_mixin.py:188} INFO - [2024-01-08T17:38:22.955+0300] {dag.py:3820} INFO - Setting next_dagrun for example_setup_teardown to 2024-01-07T00:00:00+00:00, run_after=2024-01-08T00:00:00+00:00
[2024-01-08T17:38:23.022+0300] {processor.py:183} INFO - Processing /usr/local/lib/python3.10/dist-packages/airflow/example_dags/example_setup_teardown.py took 0.289 seconds
[2024-01-08T18:15:22.532+0300] {processor.py:161} INFO - Started process (PID=7524) to work on /usr/local/lib/python3.10/dist-packages/airflow/example_dags/example_setup_teardown.py
[2024-01-08T18:15:22.535+0300] {processor.py:830} INFO - Processing file /usr/local/lib/python3.10/dist-packages/airflow/example_dags/example_setup_teardown.py for tasks to queue
[2024-01-08T18:15:22.537+0300] {logging_mixin.py:188} INFO - [2024-01-08T18:15:22.536+0300] {dagbag.py:538} INFO - Filling up the DagBag from /usr/local/lib/python3.10/dist-packages/airflow/example_dags/example_setup_teardown.py
[2024-01-08T18:15:22.562+0300] {processor.py:840} INFO - DAG(s) 'example_setup_teardown' retrieved from /usr/local/lib/python3.10/dist-packages/airflow/example_dags/example_setup_teardown.py
[2024-01-08T18:15:22.669+0300] {logging_mixin.py:188} INFO - [2024-01-08T18:15:22.669+0300] {dag.py:3033} INFO - Sync 1 DAGs
[2024-01-08T18:15:22.732+0300] {logging_mixin.py:188} INFO - [2024-01-08T18:15:22.732+0300] {dag.py:3820} INFO - Setting next_dagrun for example_setup_teardown to 2024-01-07T00:00:00+00:00, run_after=2024-01-08T00:00:00+00:00
[2024-01-08T18:15:22.784+0300] {processor.py:183} INFO - Processing /usr/local/lib/python3.10/dist-packages/airflow/example_dags/example_setup_teardown.py took 0.264 seconds
[2024-01-08T18:15:54.747+0300] {processor.py:161} INFO - Started process (PID=7864) to work on /usr/local/lib/python3.10/dist-packages/airflow/example_dags/example_setup_teardown.py
[2024-01-08T18:15:54.749+0300] {processor.py:830} INFO - Processing file /usr/local/lib/python3.10/dist-packages/airflow/example_dags/example_setup_teardown.py for tasks to queue
[2024-01-08T18:15:54.751+0300] {logging_mixin.py:188} INFO - [2024-01-08T18:15:54.750+0300] {dagbag.py:538} INFO - Filling up the DagBag from /usr/local/lib/python3.10/dist-packages/airflow/example_dags/example_setup_teardown.py
[2024-01-08T18:15:54.784+0300] {processor.py:840} INFO - DAG(s) 'example_setup_teardown' retrieved from /usr/local/lib/python3.10/dist-packages/airflow/example_dags/example_setup_teardown.py
[2024-01-08T18:15:54.889+0300] {logging_mixin.py:188} INFO - [2024-01-08T18:15:54.889+0300] {dag.py:3033} INFO - Sync 1 DAGs
[2024-01-08T18:15:54.945+0300] {logging_mixin.py:188} INFO - [2024-01-08T18:15:54.945+0300] {dag.py:3820} INFO - Setting next_dagrun for example_setup_teardown to 2024-01-07T00:00:00+00:00, run_after=2024-01-08T00:00:00+00:00
[2024-01-08T18:15:55.005+0300] {processor.py:183} INFO - Processing /usr/local/lib/python3.10/dist-packages/airflow/example_dags/example_setup_teardown.py took 0.269 seconds
[2024-01-08T18:30:06.492+0300] {processor.py:161} INFO - Started process (PID=8885) to work on /usr/local/lib/python3.10/dist-packages/airflow/example_dags/example_setup_teardown.py
[2024-01-08T18:30:06.630+0300] {processor.py:830} INFO - Processing file /usr/local/lib/python3.10/dist-packages/airflow/example_dags/example_setup_teardown.py for tasks to queue
[2024-01-08T18:30:06.632+0300] {logging_mixin.py:188} INFO - [2024-01-08T18:30:06.631+0300] {dagbag.py:538} INFO - Filling up the DagBag from /usr/local/lib/python3.10/dist-packages/airflow/example_dags/example_setup_teardown.py
[2024-01-08T18:30:07.572+0300] {processor.py:840} INFO - DAG(s) 'example_setup_teardown' retrieved from /usr/local/lib/python3.10/dist-packages/airflow/example_dags/example_setup_teardown.py
[2024-01-08T18:30:08.434+0300] {logging_mixin.py:188} INFO - [2024-01-08T18:30:08.433+0300] {dag.py:3033} INFO - Sync 1 DAGs
[2024-01-08T18:30:11.105+0300] {logging_mixin.py:188} INFO - [2024-01-08T18:30:11.105+0300] {dag.py:3820} INFO - Setting next_dagrun for example_setup_teardown to 2024-01-07T00:00:00+00:00, run_after=2024-01-08T00:00:00+00:00
[2024-01-08T18:30:11.756+0300] {processor.py:183} INFO - Processing /usr/local/lib/python3.10/dist-packages/airflow/example_dags/example_setup_teardown.py took 6.174 seconds
[2024-01-08T18:33:25.540+0300] {processor.py:161} INFO - Started process (PID=10167) to work on /usr/local/lib/python3.10/dist-packages/airflow/example_dags/example_setup_teardown.py
[2024-01-08T18:33:25.550+0300] {processor.py:830} INFO - Processing file /usr/local/lib/python3.10/dist-packages/airflow/example_dags/example_setup_teardown.py for tasks to queue
[2024-01-08T18:33:25.580+0300] {logging_mixin.py:188} INFO - [2024-01-08T18:33:25.576+0300] {dagbag.py:538} INFO - Filling up the DagBag from /usr/local/lib/python3.10/dist-packages/airflow/example_dags/example_setup_teardown.py
[2024-01-08T18:33:26.291+0300] {processor.py:840} INFO - DAG(s) 'example_setup_teardown' retrieved from /usr/local/lib/python3.10/dist-packages/airflow/example_dags/example_setup_teardown.py
[2024-01-08T18:33:27.721+0300] {logging_mixin.py:188} INFO - [2024-01-08T18:33:27.720+0300] {dag.py:3033} INFO - Sync 1 DAGs
[2024-01-08T18:33:28.544+0300] {logging_mixin.py:188} INFO - [2024-01-08T18:33:28.544+0300] {dag.py:3820} INFO - Setting next_dagrun for example_setup_teardown to 2024-01-07T00:00:00+00:00, run_after=2024-01-08T00:00:00+00:00
[2024-01-08T18:33:29.523+0300] {processor.py:183} INFO - Processing /usr/local/lib/python3.10/dist-packages/airflow/example_dags/example_setup_teardown.py took 4.022 seconds
[2024-01-08T18:36:09.449+0300] {processor.py:161} INFO - Started process (PID=11192) to work on /usr/local/lib/python3.10/dist-packages/airflow/example_dags/example_setup_teardown.py
[2024-01-08T18:36:09.482+0300] {processor.py:830} INFO - Processing file /usr/local/lib/python3.10/dist-packages/airflow/example_dags/example_setup_teardown.py for tasks to queue
[2024-01-08T18:36:09.485+0300] {logging_mixin.py:188} INFO - [2024-01-08T18:36:09.484+0300] {dagbag.py:538} INFO - Filling up the DagBag from /usr/local/lib/python3.10/dist-packages/airflow/example_dags/example_setup_teardown.py
[2024-01-08T18:36:09.631+0300] {processor.py:840} INFO - DAG(s) 'example_setup_teardown' retrieved from /usr/local/lib/python3.10/dist-packages/airflow/example_dags/example_setup_teardown.py
[2024-01-08T18:36:10.592+0300] {logging_mixin.py:188} INFO - [2024-01-08T18:36:10.592+0300] {dag.py:3033} INFO - Sync 1 DAGs
[2024-01-08T18:36:11.449+0300] {logging_mixin.py:188} INFO - [2024-01-08T18:36:11.449+0300] {dag.py:3820} INFO - Setting next_dagrun for example_setup_teardown to 2024-01-07T00:00:00+00:00, run_after=2024-01-08T00:00:00+00:00
[2024-01-08T18:36:11.995+0300] {processor.py:183} INFO - Processing /usr/local/lib/python3.10/dist-packages/airflow/example_dags/example_setup_teardown.py took 2.625 seconds
[2024-01-08T18:38:01.790+0300] {processor.py:161} INFO - Started process (PID=11984) to work on /usr/local/lib/python3.10/dist-packages/airflow/example_dags/example_setup_teardown.py
[2024-01-08T18:38:01.824+0300] {processor.py:830} INFO - Processing file /usr/local/lib/python3.10/dist-packages/airflow/example_dags/example_setup_teardown.py for tasks to queue
[2024-01-08T18:38:01.826+0300] {logging_mixin.py:188} INFO - [2024-01-08T18:38:01.825+0300] {dagbag.py:538} INFO - Filling up the DagBag from /usr/local/lib/python3.10/dist-packages/airflow/example_dags/example_setup_teardown.py
[2024-01-08T18:38:02.278+0300] {processor.py:840} INFO - DAG(s) 'example_setup_teardown' retrieved from /usr/local/lib/python3.10/dist-packages/airflow/example_dags/example_setup_teardown.py
[2024-01-08T18:38:03.207+0300] {logging_mixin.py:188} INFO - [2024-01-08T18:38:03.206+0300] {dag.py:3033} INFO - Sync 1 DAGs
[2024-01-08T18:38:03.773+0300] {logging_mixin.py:188} INFO - [2024-01-08T18:38:03.745+0300] {dag.py:3820} INFO - Setting next_dagrun for example_setup_teardown to 2024-01-07T00:00:00+00:00, run_after=2024-01-08T00:00:00+00:00
[2024-01-08T18:38:04.302+0300] {processor.py:183} INFO - Processing /usr/local/lib/python3.10/dist-packages/airflow/example_dags/example_setup_teardown.py took 2.592 seconds
[2024-01-08T18:41:06.006+0300] {processor.py:161} INFO - Started process (PID=13227) to work on /usr/local/lib/python3.10/dist-packages/airflow/example_dags/example_setup_teardown.py
[2024-01-08T18:41:06.101+0300] {processor.py:830} INFO - Processing file /usr/local/lib/python3.10/dist-packages/airflow/example_dags/example_setup_teardown.py for tasks to queue
[2024-01-08T18:41:06.103+0300] {logging_mixin.py:188} INFO - [2024-01-08T18:41:06.102+0300] {dagbag.py:538} INFO - Filling up the DagBag from /usr/local/lib/python3.10/dist-packages/airflow/example_dags/example_setup_teardown.py
[2024-01-08T18:41:06.534+0300] {processor.py:840} INFO - DAG(s) 'example_setup_teardown' retrieved from /usr/local/lib/python3.10/dist-packages/airflow/example_dags/example_setup_teardown.py
[2024-01-08T18:41:07.015+0300] {logging_mixin.py:188} INFO - [2024-01-08T18:41:07.014+0300] {dag.py:3033} INFO - Sync 1 DAGs
[2024-01-08T18:41:07.436+0300] {logging_mixin.py:188} INFO - [2024-01-08T18:41:07.435+0300] {dag.py:3820} INFO - Setting next_dagrun for example_setup_teardown to 2024-01-07T00:00:00+00:00, run_after=2024-01-08T00:00:00+00:00
[2024-01-08T18:41:07.560+0300] {processor.py:183} INFO - Processing /usr/local/lib/python3.10/dist-packages/airflow/example_dags/example_setup_teardown.py took 1.769 seconds
[2024-01-08T18:42:03.602+0300] {processor.py:161} INFO - Started process (PID=13827) to work on /usr/local/lib/python3.10/dist-packages/airflow/example_dags/example_setup_teardown.py
[2024-01-08T18:42:03.606+0300] {processor.py:830} INFO - Processing file /usr/local/lib/python3.10/dist-packages/airflow/example_dags/example_setup_teardown.py for tasks to queue
[2024-01-08T18:42:03.608+0300] {logging_mixin.py:188} INFO - [2024-01-08T18:42:03.607+0300] {dagbag.py:538} INFO - Filling up the DagBag from /usr/local/lib/python3.10/dist-packages/airflow/example_dags/example_setup_teardown.py
[2024-01-08T18:42:03.727+0300] {processor.py:840} INFO - DAG(s) 'example_setup_teardown' retrieved from /usr/local/lib/python3.10/dist-packages/airflow/example_dags/example_setup_teardown.py
[2024-01-08T18:42:04.130+0300] {logging_mixin.py:188} INFO - [2024-01-08T18:42:04.130+0300] {dag.py:3033} INFO - Sync 1 DAGs
[2024-01-08T18:42:04.526+0300] {logging_mixin.py:188} INFO - [2024-01-08T18:42:04.526+0300] {dag.py:3820} INFO - Setting next_dagrun for example_setup_teardown to 2024-01-07T00:00:00+00:00, run_after=2024-01-08T00:00:00+00:00
[2024-01-08T18:42:04.665+0300] {processor.py:183} INFO - Processing /usr/local/lib/python3.10/dist-packages/airflow/example_dags/example_setup_teardown.py took 1.152 seconds
[2024-01-08T18:42:35.323+0300] {processor.py:161} INFO - Started process (PID=14217) to work on /usr/local/lib/python3.10/dist-packages/airflow/example_dags/example_setup_teardown.py
[2024-01-08T18:42:35.325+0300] {processor.py:830} INFO - Processing file /usr/local/lib/python3.10/dist-packages/airflow/example_dags/example_setup_teardown.py for tasks to queue
[2024-01-08T18:42:35.327+0300] {logging_mixin.py:188} INFO - [2024-01-08T18:42:35.326+0300] {dagbag.py:538} INFO - Filling up the DagBag from /usr/local/lib/python3.10/dist-packages/airflow/example_dags/example_setup_teardown.py
[2024-01-08T18:42:35.439+0300] {processor.py:840} INFO - DAG(s) 'example_setup_teardown' retrieved from /usr/local/lib/python3.10/dist-packages/airflow/example_dags/example_setup_teardown.py
[2024-01-08T18:42:35.822+0300] {logging_mixin.py:188} INFO - [2024-01-08T18:42:35.821+0300] {dag.py:3033} INFO - Sync 1 DAGs
[2024-01-08T18:42:36.091+0300] {logging_mixin.py:188} INFO - [2024-01-08T18:42:36.090+0300] {dag.py:3820} INFO - Setting next_dagrun for example_setup_teardown to 2024-01-07T00:00:00+00:00, run_after=2024-01-08T00:00:00+00:00
[2024-01-08T18:42:36.297+0300] {processor.py:183} INFO - Processing /usr/local/lib/python3.10/dist-packages/airflow/example_dags/example_setup_teardown.py took 1.021 seconds
[2024-01-08T18:43:09.684+0300] {processor.py:161} INFO - Started process (PID=14649) to work on /usr/local/lib/python3.10/dist-packages/airflow/example_dags/example_setup_teardown.py
[2024-01-08T18:43:09.687+0300] {processor.py:830} INFO - Processing file /usr/local/lib/python3.10/dist-packages/airflow/example_dags/example_setup_teardown.py for tasks to queue
[2024-01-08T18:43:09.690+0300] {logging_mixin.py:188} INFO - [2024-01-08T18:43:09.689+0300] {dagbag.py:538} INFO - Filling up the DagBag from /usr/local/lib/python3.10/dist-packages/airflow/example_dags/example_setup_teardown.py
[2024-01-08T18:43:09.716+0300] {processor.py:840} INFO - DAG(s) 'example_setup_teardown' retrieved from /usr/local/lib/python3.10/dist-packages/airflow/example_dags/example_setup_teardown.py
[2024-01-08T18:43:09.807+0300] {logging_mixin.py:188} INFO - [2024-01-08T18:43:09.807+0300] {dag.py:3033} INFO - Sync 1 DAGs
[2024-01-08T18:43:09.866+0300] {logging_mixin.py:188} INFO - [2024-01-08T18:43:09.866+0300] {dag.py:3820} INFO - Setting next_dagrun for example_setup_teardown to 2024-01-07T00:00:00+00:00, run_after=2024-01-08T00:00:00+00:00
[2024-01-08T18:43:09.966+0300] {processor.py:183} INFO - Processing /usr/local/lib/python3.10/dist-packages/airflow/example_dags/example_setup_teardown.py took 0.290 seconds
[2024-01-08T18:43:40.854+0300] {processor.py:161} INFO - Started process (PID=14965) to work on /usr/local/lib/python3.10/dist-packages/airflow/example_dags/example_setup_teardown.py
[2024-01-08T18:43:40.857+0300] {processor.py:830} INFO - Processing file /usr/local/lib/python3.10/dist-packages/airflow/example_dags/example_setup_teardown.py for tasks to queue
[2024-01-08T18:43:40.859+0300] {logging_mixin.py:188} INFO - [2024-01-08T18:43:40.859+0300] {dagbag.py:538} INFO - Filling up the DagBag from /usr/local/lib/python3.10/dist-packages/airflow/example_dags/example_setup_teardown.py
[2024-01-08T18:43:40.939+0300] {processor.py:840} INFO - DAG(s) 'example_setup_teardown' retrieved from /usr/local/lib/python3.10/dist-packages/airflow/example_dags/example_setup_teardown.py
[2024-01-08T18:43:41.121+0300] {logging_mixin.py:188} INFO - [2024-01-08T18:43:41.119+0300] {dag.py:3033} INFO - Sync 1 DAGs
[2024-01-08T18:43:41.281+0300] {logging_mixin.py:188} INFO - [2024-01-08T18:43:41.275+0300] {dag.py:3820} INFO - Setting next_dagrun for example_setup_teardown to 2024-01-07T00:00:00+00:00, run_after=2024-01-08T00:00:00+00:00
[2024-01-08T18:43:41.437+0300] {processor.py:183} INFO - Processing /usr/local/lib/python3.10/dist-packages/airflow/example_dags/example_setup_teardown.py took 0.606 seconds
[2024-01-08T18:44:11.642+0300] {processor.py:161} INFO - Started process (PID=15283) to work on /usr/local/lib/python3.10/dist-packages/airflow/example_dags/example_setup_teardown.py
[2024-01-08T18:44:11.645+0300] {processor.py:830} INFO - Processing file /usr/local/lib/python3.10/dist-packages/airflow/example_dags/example_setup_teardown.py for tasks to queue
[2024-01-08T18:44:11.647+0300] {logging_mixin.py:188} INFO - [2024-01-08T18:44:11.646+0300] {dagbag.py:538} INFO - Filling up the DagBag from /usr/local/lib/python3.10/dist-packages/airflow/example_dags/example_setup_teardown.py
[2024-01-08T18:44:11.680+0300] {processor.py:840} INFO - DAG(s) 'example_setup_teardown' retrieved from /usr/local/lib/python3.10/dist-packages/airflow/example_dags/example_setup_teardown.py
[2024-01-08T18:44:11.802+0300] {logging_mixin.py:188} INFO - [2024-01-08T18:44:11.802+0300] {dag.py:3033} INFO - Sync 1 DAGs
[2024-01-08T18:44:11.902+0300] {logging_mixin.py:188} INFO - [2024-01-08T18:44:11.901+0300] {dag.py:3820} INFO - Setting next_dagrun for example_setup_teardown to 2024-01-07T00:00:00+00:00, run_after=2024-01-08T00:00:00+00:00
[2024-01-08T18:44:11.984+0300] {processor.py:183} INFO - Processing /usr/local/lib/python3.10/dist-packages/airflow/example_dags/example_setup_teardown.py took 0.353 seconds
[2024-01-08T18:44:44.905+0300] {processor.py:161} INFO - Started process (PID=15613) to work on /usr/local/lib/python3.10/dist-packages/airflow/example_dags/example_setup_teardown.py
[2024-01-08T18:44:44.910+0300] {processor.py:830} INFO - Processing file /usr/local/lib/python3.10/dist-packages/airflow/example_dags/example_setup_teardown.py for tasks to queue
[2024-01-08T18:44:44.912+0300] {logging_mixin.py:188} INFO - [2024-01-08T18:44:44.911+0300] {dagbag.py:538} INFO - Filling up the DagBag from /usr/local/lib/python3.10/dist-packages/airflow/example_dags/example_setup_teardown.py
[2024-01-08T18:44:44.963+0300] {processor.py:840} INFO - DAG(s) 'example_setup_teardown' retrieved from /usr/local/lib/python3.10/dist-packages/airflow/example_dags/example_setup_teardown.py
[2024-01-08T18:44:45.337+0300] {logging_mixin.py:188} INFO - [2024-01-08T18:44:45.337+0300] {dag.py:3033} INFO - Sync 1 DAGs
[2024-01-08T18:44:45.535+0300] {logging_mixin.py:188} INFO - [2024-01-08T18:44:45.535+0300] {dag.py:3820} INFO - Setting next_dagrun for example_setup_teardown to 2024-01-07T00:00:00+00:00, run_after=2024-01-08T00:00:00+00:00
[2024-01-08T18:44:45.735+0300] {processor.py:183} INFO - Processing /usr/local/lib/python3.10/dist-packages/airflow/example_dags/example_setup_teardown.py took 0.868 seconds
[2024-01-08T18:45:18.313+0300] {processor.py:161} INFO - Started process (PID=16002) to work on /usr/local/lib/python3.10/dist-packages/airflow/example_dags/example_setup_teardown.py
[2024-01-08T18:45:18.334+0300] {processor.py:830} INFO - Processing file /usr/local/lib/python3.10/dist-packages/airflow/example_dags/example_setup_teardown.py for tasks to queue
[2024-01-08T18:45:18.337+0300] {logging_mixin.py:188} INFO - [2024-01-08T18:45:18.336+0300] {dagbag.py:538} INFO - Filling up the DagBag from /usr/local/lib/python3.10/dist-packages/airflow/example_dags/example_setup_teardown.py
[2024-01-08T18:45:18.427+0300] {processor.py:840} INFO - DAG(s) 'example_setup_teardown' retrieved from /usr/local/lib/python3.10/dist-packages/airflow/example_dags/example_setup_teardown.py
[2024-01-08T18:45:18.839+0300] {logging_mixin.py:188} INFO - [2024-01-08T18:45:18.838+0300] {dag.py:3033} INFO - Sync 1 DAGs
[2024-01-08T18:45:18.962+0300] {logging_mixin.py:188} INFO - [2024-01-08T18:45:18.962+0300] {dag.py:3820} INFO - Setting next_dagrun for example_setup_teardown to 2024-01-07T00:00:00+00:00, run_after=2024-01-08T00:00:00+00:00
[2024-01-08T18:45:19.173+0300] {processor.py:183} INFO - Processing /usr/local/lib/python3.10/dist-packages/airflow/example_dags/example_setup_teardown.py took 0.886 seconds
[2024-01-08T18:46:09.450+0300] {processor.py:161} INFO - Started process (PID=16550) to work on /usr/local/lib/python3.10/dist-packages/airflow/example_dags/example_setup_teardown.py
[2024-01-08T18:46:09.534+0300] {processor.py:830} INFO - Processing file /usr/local/lib/python3.10/dist-packages/airflow/example_dags/example_setup_teardown.py for tasks to queue
[2024-01-08T18:46:09.576+0300] {logging_mixin.py:188} INFO - [2024-01-08T18:46:09.537+0300] {dagbag.py:538} INFO - Filling up the DagBag from /usr/local/lib/python3.10/dist-packages/airflow/example_dags/example_setup_teardown.py
[2024-01-08T18:46:09.819+0300] {processor.py:840} INFO - DAG(s) 'example_setup_teardown' retrieved from /usr/local/lib/python3.10/dist-packages/airflow/example_dags/example_setup_teardown.py
[2024-01-08T18:46:10.304+0300] {logging_mixin.py:188} INFO - [2024-01-08T18:46:10.304+0300] {dag.py:3033} INFO - Sync 1 DAGs
[2024-01-08T18:46:10.766+0300] {logging_mixin.py:188} INFO - [2024-01-08T18:46:10.765+0300] {dag.py:3820} INFO - Setting next_dagrun for example_setup_teardown to 2024-01-07T00:00:00+00:00, run_after=2024-01-08T00:00:00+00:00
[2024-01-08T18:46:11.053+0300] {processor.py:183} INFO - Processing /usr/local/lib/python3.10/dist-packages/airflow/example_dags/example_setup_teardown.py took 1.626 seconds
[2024-01-08T18:46:50.495+0300] {processor.py:161} INFO - Started process (PID=16998) to work on /usr/local/lib/python3.10/dist-packages/airflow/example_dags/example_setup_teardown.py
[2024-01-08T18:46:50.515+0300] {processor.py:830} INFO - Processing file /usr/local/lib/python3.10/dist-packages/airflow/example_dags/example_setup_teardown.py for tasks to queue
[2024-01-08T18:46:50.517+0300] {logging_mixin.py:188} INFO - [2024-01-08T18:46:50.517+0300] {dagbag.py:538} INFO - Filling up the DagBag from /usr/local/lib/python3.10/dist-packages/airflow/example_dags/example_setup_teardown.py
[2024-01-08T18:46:50.625+0300] {processor.py:840} INFO - DAG(s) 'example_setup_teardown' retrieved from /usr/local/lib/python3.10/dist-packages/airflow/example_dags/example_setup_teardown.py
[2024-01-08T18:46:51.006+0300] {logging_mixin.py:188} INFO - [2024-01-08T18:46:51.006+0300] {dag.py:3033} INFO - Sync 1 DAGs
[2024-01-08T18:46:51.274+0300] {logging_mixin.py:188} INFO - [2024-01-08T18:46:51.273+0300] {dag.py:3820} INFO - Setting next_dagrun for example_setup_teardown to 2024-01-07T00:00:00+00:00, run_after=2024-01-08T00:00:00+00:00
[2024-01-08T18:46:51.399+0300] {processor.py:183} INFO - Processing /usr/local/lib/python3.10/dist-packages/airflow/example_dags/example_setup_teardown.py took 0.993 seconds
[2024-01-08T18:47:22.111+0300] {processor.py:161} INFO - Started process (PID=17378) to work on /usr/local/lib/python3.10/dist-packages/airflow/example_dags/example_setup_teardown.py
[2024-01-08T18:47:22.115+0300] {processor.py:830} INFO - Processing file /usr/local/lib/python3.10/dist-packages/airflow/example_dags/example_setup_teardown.py for tasks to queue
[2024-01-08T18:47:22.118+0300] {logging_mixin.py:188} INFO - [2024-01-08T18:47:22.116+0300] {dagbag.py:538} INFO - Filling up the DagBag from /usr/local/lib/python3.10/dist-packages/airflow/example_dags/example_setup_teardown.py
[2024-01-08T18:47:22.150+0300] {processor.py:840} INFO - DAG(s) 'example_setup_teardown' retrieved from /usr/local/lib/python3.10/dist-packages/airflow/example_dags/example_setup_teardown.py
[2024-01-08T18:47:22.265+0300] {logging_mixin.py:188} INFO - [2024-01-08T18:47:22.265+0300] {dag.py:3033} INFO - Sync 1 DAGs
[2024-01-08T18:47:22.317+0300] {logging_mixin.py:188} INFO - [2024-01-08T18:47:22.317+0300] {dag.py:3820} INFO - Setting next_dagrun for example_setup_teardown to 2024-01-07T00:00:00+00:00, run_after=2024-01-08T00:00:00+00:00
[2024-01-08T18:47:22.358+0300] {processor.py:183} INFO - Processing /usr/local/lib/python3.10/dist-packages/airflow/example_dags/example_setup_teardown.py took 0.266 seconds
[2024-01-08T18:47:52.656+0300] {processor.py:161} INFO - Started process (PID=17718) to work on /usr/local/lib/python3.10/dist-packages/airflow/example_dags/example_setup_teardown.py
[2024-01-08T18:47:52.658+0300] {processor.py:830} INFO - Processing file /usr/local/lib/python3.10/dist-packages/airflow/example_dags/example_setup_teardown.py for tasks to queue
[2024-01-08T18:47:52.660+0300] {logging_mixin.py:188} INFO - [2024-01-08T18:47:52.660+0300] {dagbag.py:538} INFO - Filling up the DagBag from /usr/local/lib/python3.10/dist-packages/airflow/example_dags/example_setup_teardown.py
[2024-01-08T18:47:52.678+0300] {processor.py:840} INFO - DAG(s) 'example_setup_teardown' retrieved from /usr/local/lib/python3.10/dist-packages/airflow/example_dags/example_setup_teardown.py
[2024-01-08T18:47:52.769+0300] {logging_mixin.py:188} INFO - [2024-01-08T18:47:52.768+0300] {dag.py:3033} INFO - Sync 1 DAGs
[2024-01-08T18:47:52.816+0300] {logging_mixin.py:188} INFO - [2024-01-08T18:47:52.815+0300] {dag.py:3820} INFO - Setting next_dagrun for example_setup_teardown to 2024-01-07T00:00:00+00:00, run_after=2024-01-08T00:00:00+00:00
[2024-01-08T18:47:52.880+0300] {processor.py:183} INFO - Processing /usr/local/lib/python3.10/dist-packages/airflow/example_dags/example_setup_teardown.py took 0.233 seconds
[2024-01-08T18:48:30.780+0300] {processor.py:161} INFO - Started process (PID=18131) to work on /usr/local/lib/python3.10/dist-packages/airflow/example_dags/example_setup_teardown.py
[2024-01-08T18:48:30.783+0300] {processor.py:830} INFO - Processing file /usr/local/lib/python3.10/dist-packages/airflow/example_dags/example_setup_teardown.py for tasks to queue
[2024-01-08T18:48:30.786+0300] {logging_mixin.py:188} INFO - [2024-01-08T18:48:30.785+0300] {dagbag.py:538} INFO - Filling up the DagBag from /usr/local/lib/python3.10/dist-packages/airflow/example_dags/example_setup_teardown.py
[2024-01-08T18:48:30.831+0300] {processor.py:840} INFO - DAG(s) 'example_setup_teardown' retrieved from /usr/local/lib/python3.10/dist-packages/airflow/example_dags/example_setup_teardown.py
[2024-01-08T18:48:31.110+0300] {logging_mixin.py:188} INFO - [2024-01-08T18:48:31.110+0300] {dag.py:3033} INFO - Sync 1 DAGs
[2024-01-08T18:48:31.305+0300] {logging_mixin.py:188} INFO - [2024-01-08T18:48:31.304+0300] {dag.py:3820} INFO - Setting next_dagrun for example_setup_teardown to 2024-01-07T00:00:00+00:00, run_after=2024-01-08T00:00:00+00:00
[2024-01-08T18:48:31.448+0300] {processor.py:183} INFO - Processing /usr/local/lib/python3.10/dist-packages/airflow/example_dags/example_setup_teardown.py took 0.681 seconds
[2024-01-08T18:49:03.225+0300] {processor.py:161} INFO - Started process (PID=18509) to work on /usr/local/lib/python3.10/dist-packages/airflow/example_dags/example_setup_teardown.py
[2024-01-08T18:49:03.227+0300] {processor.py:830} INFO - Processing file /usr/local/lib/python3.10/dist-packages/airflow/example_dags/example_setup_teardown.py for tasks to queue
[2024-01-08T18:49:03.279+0300] {logging_mixin.py:188} INFO - [2024-01-08T18:49:03.278+0300] {dagbag.py:538} INFO - Filling up the DagBag from /usr/local/lib/python3.10/dist-packages/airflow/example_dags/example_setup_teardown.py
[2024-01-08T18:49:03.486+0300] {processor.py:840} INFO - DAG(s) 'example_setup_teardown' retrieved from /usr/local/lib/python3.10/dist-packages/airflow/example_dags/example_setup_teardown.py
[2024-01-08T18:49:04.061+0300] {logging_mixin.py:188} INFO - [2024-01-08T18:49:04.061+0300] {dag.py:3033} INFO - Sync 1 DAGs
[2024-01-08T18:49:04.357+0300] {logging_mixin.py:188} INFO - [2024-01-08T18:49:04.348+0300] {dag.py:3820} INFO - Setting next_dagrun for example_setup_teardown to 2024-01-07T00:00:00+00:00, run_after=2024-01-08T00:00:00+00:00
[2024-01-08T18:49:04.607+0300] {processor.py:183} INFO - Processing /usr/local/lib/python3.10/dist-packages/airflow/example_dags/example_setup_teardown.py took 1.452 seconds
[2024-01-08T18:49:35.069+0300] {processor.py:161} INFO - Started process (PID=18909) to work on /usr/local/lib/python3.10/dist-packages/airflow/example_dags/example_setup_teardown.py
[2024-01-08T18:49:35.072+0300] {processor.py:830} INFO - Processing file /usr/local/lib/python3.10/dist-packages/airflow/example_dags/example_setup_teardown.py for tasks to queue
[2024-01-08T18:49:35.074+0300] {logging_mixin.py:188} INFO - [2024-01-08T18:49:35.074+0300] {dagbag.py:538} INFO - Filling up the DagBag from /usr/local/lib/python3.10/dist-packages/airflow/example_dags/example_setup_teardown.py
[2024-01-08T18:49:35.104+0300] {processor.py:840} INFO - DAG(s) 'example_setup_teardown' retrieved from /usr/local/lib/python3.10/dist-packages/airflow/example_dags/example_setup_teardown.py
[2024-01-08T18:49:35.208+0300] {logging_mixin.py:188} INFO - [2024-01-08T18:49:35.207+0300] {dag.py:3033} INFO - Sync 1 DAGs
[2024-01-08T18:49:35.297+0300] {logging_mixin.py:188} INFO - [2024-01-08T18:49:35.296+0300] {dag.py:3820} INFO - Setting next_dagrun for example_setup_teardown to 2024-01-07T00:00:00+00:00, run_after=2024-01-08T00:00:00+00:00
[2024-01-08T18:49:35.352+0300] {processor.py:183} INFO - Processing /usr/local/lib/python3.10/dist-packages/airflow/example_dags/example_setup_teardown.py took 0.295 seconds
[2024-01-08T18:50:05.739+0300] {processor.py:161} INFO - Started process (PID=19225) to work on /usr/local/lib/python3.10/dist-packages/airflow/example_dags/example_setup_teardown.py
[2024-01-08T18:50:05.741+0300] {processor.py:830} INFO - Processing file /usr/local/lib/python3.10/dist-packages/airflow/example_dags/example_setup_teardown.py for tasks to queue
[2024-01-08T18:50:05.744+0300] {logging_mixin.py:188} INFO - [2024-01-08T18:50:05.743+0300] {dagbag.py:538} INFO - Filling up the DagBag from /usr/local/lib/python3.10/dist-packages/airflow/example_dags/example_setup_teardown.py
[2024-01-08T18:50:05.775+0300] {processor.py:840} INFO - DAG(s) 'example_setup_teardown' retrieved from /usr/local/lib/python3.10/dist-packages/airflow/example_dags/example_setup_teardown.py
[2024-01-08T18:50:05.920+0300] {logging_mixin.py:188} INFO - [2024-01-08T18:50:05.919+0300] {dag.py:3033} INFO - Sync 1 DAGs
[2024-01-08T18:50:05.970+0300] {logging_mixin.py:188} INFO - [2024-01-08T18:50:05.969+0300] {dag.py:3820} INFO - Setting next_dagrun for example_setup_teardown to 2024-01-07T00:00:00+00:00, run_after=2024-01-08T00:00:00+00:00
[2024-01-08T18:50:06.027+0300] {processor.py:183} INFO - Processing /usr/local/lib/python3.10/dist-packages/airflow/example_dags/example_setup_teardown.py took 0.304 seconds
[2024-01-08T18:50:36.474+0300] {processor.py:161} INFO - Started process (PID=19541) to work on /usr/local/lib/python3.10/dist-packages/airflow/example_dags/example_setup_teardown.py
[2024-01-08T18:50:36.477+0300] {processor.py:830} INFO - Processing file /usr/local/lib/python3.10/dist-packages/airflow/example_dags/example_setup_teardown.py for tasks to queue
[2024-01-08T18:50:36.479+0300] {logging_mixin.py:188} INFO - [2024-01-08T18:50:36.478+0300] {dagbag.py:538} INFO - Filling up the DagBag from /usr/local/lib/python3.10/dist-packages/airflow/example_dags/example_setup_teardown.py
[2024-01-08T18:50:36.501+0300] {processor.py:840} INFO - DAG(s) 'example_setup_teardown' retrieved from /usr/local/lib/python3.10/dist-packages/airflow/example_dags/example_setup_teardown.py
[2024-01-08T18:50:36.595+0300] {logging_mixin.py:188} INFO - [2024-01-08T18:50:36.595+0300] {dag.py:3033} INFO - Sync 1 DAGs
[2024-01-08T18:50:36.655+0300] {logging_mixin.py:188} INFO - [2024-01-08T18:50:36.655+0300] {dag.py:3820} INFO - Setting next_dagrun for example_setup_teardown to 2024-01-07T00:00:00+00:00, run_after=2024-01-08T00:00:00+00:00
[2024-01-08T18:50:36.712+0300] {processor.py:183} INFO - Processing /usr/local/lib/python3.10/dist-packages/airflow/example_dags/example_setup_teardown.py took 0.253 seconds
[2024-01-08T18:51:10.339+0300] {processor.py:161} INFO - Started process (PID=19893) to work on /usr/local/lib/python3.10/dist-packages/airflow/example_dags/example_setup_teardown.py
[2024-01-08T18:51:10.349+0300] {processor.py:830} INFO - Processing file /usr/local/lib/python3.10/dist-packages/airflow/example_dags/example_setup_teardown.py for tasks to queue
[2024-01-08T18:51:10.351+0300] {logging_mixin.py:188} INFO - [2024-01-08T18:51:10.350+0300] {dagbag.py:538} INFO - Filling up the DagBag from /usr/local/lib/python3.10/dist-packages/airflow/example_dags/example_setup_teardown.py
[2024-01-08T18:51:10.423+0300] {processor.py:840} INFO - DAG(s) 'example_setup_teardown' retrieved from /usr/local/lib/python3.10/dist-packages/airflow/example_dags/example_setup_teardown.py
[2024-01-08T18:51:10.790+0300] {logging_mixin.py:188} INFO - [2024-01-08T18:51:10.790+0300] {dag.py:3033} INFO - Sync 1 DAGs
[2024-01-08T18:51:11.020+0300] {logging_mixin.py:188} INFO - [2024-01-08T18:51:11.019+0300] {dag.py:3820} INFO - Setting next_dagrun for example_setup_teardown to 2024-01-07T00:00:00+00:00, run_after=2024-01-08T00:00:00+00:00
[2024-01-08T18:51:11.166+0300] {processor.py:183} INFO - Processing /usr/local/lib/python3.10/dist-packages/airflow/example_dags/example_setup_teardown.py took 0.887 seconds
[2024-01-08T18:51:43.803+0300] {processor.py:161} INFO - Started process (PID=20273) to work on /usr/local/lib/python3.10/dist-packages/airflow/example_dags/example_setup_teardown.py
[2024-01-08T18:51:43.807+0300] {processor.py:830} INFO - Processing file /usr/local/lib/python3.10/dist-packages/airflow/example_dags/example_setup_teardown.py for tasks to queue
[2024-01-08T18:51:43.811+0300] {logging_mixin.py:188} INFO - [2024-01-08T18:51:43.810+0300] {dagbag.py:538} INFO - Filling up the DagBag from /usr/local/lib/python3.10/dist-packages/airflow/example_dags/example_setup_teardown.py
[2024-01-08T18:51:43.972+0300] {processor.py:840} INFO - DAG(s) 'example_setup_teardown' retrieved from /usr/local/lib/python3.10/dist-packages/airflow/example_dags/example_setup_teardown.py
[2024-01-08T18:51:44.649+0300] {logging_mixin.py:188} INFO - [2024-01-08T18:51:44.649+0300] {dag.py:3033} INFO - Sync 1 DAGs
[2024-01-08T18:51:45.091+0300] {logging_mixin.py:188} INFO - [2024-01-08T18:51:45.091+0300] {dag.py:3820} INFO - Setting next_dagrun for example_setup_teardown to 2024-01-07T00:00:00+00:00, run_after=2024-01-08T00:00:00+00:00
[2024-01-08T18:51:45.502+0300] {processor.py:183} INFO - Processing /usr/local/lib/python3.10/dist-packages/airflow/example_dags/example_setup_teardown.py took 1.790 seconds
[2024-01-08T18:52:33.657+0300] {processor.py:161} INFO - Started process (PID=20813) to work on /usr/local/lib/python3.10/dist-packages/airflow/example_dags/example_setup_teardown.py
[2024-01-08T18:52:33.679+0300] {processor.py:830} INFO - Processing file /usr/local/lib/python3.10/dist-packages/airflow/example_dags/example_setup_teardown.py for tasks to queue
[2024-01-08T18:52:33.681+0300] {logging_mixin.py:188} INFO - [2024-01-08T18:52:33.680+0300] {dagbag.py:538} INFO - Filling up the DagBag from /usr/local/lib/python3.10/dist-packages/airflow/example_dags/example_setup_teardown.py
[2024-01-08T18:52:33.739+0300] {processor.py:840} INFO - DAG(s) 'example_setup_teardown' retrieved from /usr/local/lib/python3.10/dist-packages/airflow/example_dags/example_setup_teardown.py
[2024-01-08T18:52:33.875+0300] {logging_mixin.py:188} INFO - [2024-01-08T18:52:33.874+0300] {dag.py:3033} INFO - Sync 1 DAGs
[2024-01-08T18:52:33.970+0300] {logging_mixin.py:188} INFO - [2024-01-08T18:52:33.970+0300] {dag.py:3820} INFO - Setting next_dagrun for example_setup_teardown to 2024-01-07T00:00:00+00:00, run_after=2024-01-08T00:00:00+00:00
[2024-01-08T18:52:34.104+0300] {processor.py:183} INFO - Processing /usr/local/lib/python3.10/dist-packages/airflow/example_dags/example_setup_teardown.py took 0.496 seconds
[2024-01-08T18:53:39.780+0300] {processor.py:161} INFO - Started process (PID=21391) to work on /usr/local/lib/python3.10/dist-packages/airflow/example_dags/example_setup_teardown.py
[2024-01-08T18:53:39.788+0300] {processor.py:830} INFO - Processing file /usr/local/lib/python3.10/dist-packages/airflow/example_dags/example_setup_teardown.py for tasks to queue
[2024-01-08T18:53:39.848+0300] {logging_mixin.py:188} INFO - [2024-01-08T18:53:39.846+0300] {dagbag.py:538} INFO - Filling up the DagBag from /usr/local/lib/python3.10/dist-packages/airflow/example_dags/example_setup_teardown.py
[2024-01-08T18:53:40.116+0300] {processor.py:840} INFO - DAG(s) 'example_setup_teardown' retrieved from /usr/local/lib/python3.10/dist-packages/airflow/example_dags/example_setup_teardown.py
[2024-01-08T18:53:40.560+0300] {logging_mixin.py:188} INFO - [2024-01-08T18:53:40.558+0300] {dag.py:3033} INFO - Sync 1 DAGs
[2024-01-08T18:53:40.672+0300] {logging_mixin.py:188} INFO - [2024-01-08T18:53:40.671+0300] {dag.py:3820} INFO - Setting next_dagrun for example_setup_teardown to 2024-01-07T00:00:00+00:00, run_after=2024-01-08T00:00:00+00:00
[2024-01-08T18:53:40.869+0300] {processor.py:183} INFO - Processing /usr/local/lib/python3.10/dist-packages/airflow/example_dags/example_setup_teardown.py took 1.237 seconds
[2024-01-08T18:54:21.623+0300] {processor.py:161} INFO - Started process (PID=21802) to work on /usr/local/lib/python3.10/dist-packages/airflow/example_dags/example_setup_teardown.py
[2024-01-08T18:54:21.634+0300] {processor.py:830} INFO - Processing file /usr/local/lib/python3.10/dist-packages/airflow/example_dags/example_setup_teardown.py for tasks to queue
[2024-01-08T18:54:21.637+0300] {logging_mixin.py:188} INFO - [2024-01-08T18:54:21.636+0300] {dagbag.py:538} INFO - Filling up the DagBag from /usr/local/lib/python3.10/dist-packages/airflow/example_dags/example_setup_teardown.py
[2024-01-08T18:54:21.684+0300] {processor.py:840} INFO - DAG(s) 'example_setup_teardown' retrieved from /usr/local/lib/python3.10/dist-packages/airflow/example_dags/example_setup_teardown.py
[2024-01-08T18:54:21.971+0300] {logging_mixin.py:188} INFO - [2024-01-08T18:54:21.971+0300] {dag.py:3033} INFO - Sync 1 DAGs
[2024-01-08T18:54:22.147+0300] {logging_mixin.py:188} INFO - [2024-01-08T18:54:22.146+0300] {dag.py:3820} INFO - Setting next_dagrun for example_setup_teardown to 2024-01-07T00:00:00+00:00, run_after=2024-01-08T00:00:00+00:00
[2024-01-08T18:54:22.341+0300] {processor.py:183} INFO - Processing /usr/local/lib/python3.10/dist-packages/airflow/example_dags/example_setup_teardown.py took 0.740 seconds
[2024-01-08T18:54:57.329+0300] {processor.py:161} INFO - Started process (PID=22273) to work on /usr/local/lib/python3.10/dist-packages/airflow/example_dags/example_setup_teardown.py
[2024-01-08T18:54:57.332+0300] {processor.py:830} INFO - Processing file /usr/local/lib/python3.10/dist-packages/airflow/example_dags/example_setup_teardown.py for tasks to queue
[2024-01-08T18:54:57.335+0300] {logging_mixin.py:188} INFO - [2024-01-08T18:54:57.334+0300] {dagbag.py:538} INFO - Filling up the DagBag from /usr/local/lib/python3.10/dist-packages/airflow/example_dags/example_setup_teardown.py
[2024-01-08T18:54:57.365+0300] {processor.py:840} INFO - DAG(s) 'example_setup_teardown' retrieved from /usr/local/lib/python3.10/dist-packages/airflow/example_dags/example_setup_teardown.py
[2024-01-08T18:54:57.510+0300] {logging_mixin.py:188} INFO - [2024-01-08T18:54:57.510+0300] {dag.py:3033} INFO - Sync 1 DAGs
[2024-01-08T18:54:57.605+0300] {logging_mixin.py:188} INFO - [2024-01-08T18:54:57.605+0300] {dag.py:3820} INFO - Setting next_dagrun for example_setup_teardown to 2024-01-07T00:00:00+00:00, run_after=2024-01-08T00:00:00+00:00
[2024-01-08T18:54:57.682+0300] {processor.py:183} INFO - Processing /usr/local/lib/python3.10/dist-packages/airflow/example_dags/example_setup_teardown.py took 0.374 seconds
[2024-01-08T18:55:36.290+0300] {processor.py:161} INFO - Started process (PID=22709) to work on /usr/local/lib/python3.10/dist-packages/airflow/example_dags/example_setup_teardown.py
[2024-01-08T18:55:36.329+0300] {processor.py:830} INFO - Processing file /usr/local/lib/python3.10/dist-packages/airflow/example_dags/example_setup_teardown.py for tasks to queue
[2024-01-08T18:55:36.331+0300] {logging_mixin.py:188} INFO - [2024-01-08T18:55:36.330+0300] {dagbag.py:538} INFO - Filling up the DagBag from /usr/local/lib/python3.10/dist-packages/airflow/example_dags/example_setup_teardown.py
[2024-01-08T18:55:36.367+0300] {processor.py:840} INFO - DAG(s) 'example_setup_teardown' retrieved from /usr/local/lib/python3.10/dist-packages/airflow/example_dags/example_setup_teardown.py
[2024-01-08T18:55:36.519+0300] {logging_mixin.py:188} INFO - [2024-01-08T18:55:36.519+0300] {dag.py:3033} INFO - Sync 1 DAGs
[2024-01-08T18:55:36.683+0300] {logging_mixin.py:188} INFO - [2024-01-08T18:55:36.682+0300] {dag.py:3820} INFO - Setting next_dagrun for example_setup_teardown to 2024-01-07T00:00:00+00:00, run_after=2024-01-08T00:00:00+00:00
[2024-01-08T18:55:36.778+0300] {processor.py:183} INFO - Processing /usr/local/lib/python3.10/dist-packages/airflow/example_dags/example_setup_teardown.py took 0.514 seconds
[2024-01-08T18:56:07.270+0300] {processor.py:161} INFO - Started process (PID=23030) to work on /usr/local/lib/python3.10/dist-packages/airflow/example_dags/example_setup_teardown.py
[2024-01-08T18:56:07.273+0300] {processor.py:830} INFO - Processing file /usr/local/lib/python3.10/dist-packages/airflow/example_dags/example_setup_teardown.py for tasks to queue
[2024-01-08T18:56:07.275+0300] {logging_mixin.py:188} INFO - [2024-01-08T18:56:07.275+0300] {dagbag.py:538} INFO - Filling up the DagBag from /usr/local/lib/python3.10/dist-packages/airflow/example_dags/example_setup_teardown.py
[2024-01-08T18:56:07.295+0300] {processor.py:840} INFO - DAG(s) 'example_setup_teardown' retrieved from /usr/local/lib/python3.10/dist-packages/airflow/example_dags/example_setup_teardown.py
[2024-01-08T18:56:07.385+0300] {logging_mixin.py:188} INFO - [2024-01-08T18:56:07.384+0300] {dag.py:3033} INFO - Sync 1 DAGs
[2024-01-08T18:56:07.439+0300] {logging_mixin.py:188} INFO - [2024-01-08T18:56:07.438+0300] {dag.py:3820} INFO - Setting next_dagrun for example_setup_teardown to 2024-01-07T00:00:00+00:00, run_after=2024-01-08T00:00:00+00:00
[2024-01-08T18:56:07.499+0300] {processor.py:183} INFO - Processing /usr/local/lib/python3.10/dist-packages/airflow/example_dags/example_setup_teardown.py took 0.241 seconds
[2024-01-08T18:56:37.984+0300] {processor.py:161} INFO - Started process (PID=23345) to work on /usr/local/lib/python3.10/dist-packages/airflow/example_dags/example_setup_teardown.py
[2024-01-08T18:56:37.987+0300] {processor.py:830} INFO - Processing file /usr/local/lib/python3.10/dist-packages/airflow/example_dags/example_setup_teardown.py for tasks to queue
[2024-01-08T18:56:37.989+0300] {logging_mixin.py:188} INFO - [2024-01-08T18:56:37.988+0300] {dagbag.py:538} INFO - Filling up the DagBag from /usr/local/lib/python3.10/dist-packages/airflow/example_dags/example_setup_teardown.py
[2024-01-08T18:56:38.015+0300] {processor.py:840} INFO - DAG(s) 'example_setup_teardown' retrieved from /usr/local/lib/python3.10/dist-packages/airflow/example_dags/example_setup_teardown.py
[2024-01-08T18:56:38.180+0300] {logging_mixin.py:188} INFO - [2024-01-08T18:56:38.179+0300] {dag.py:3033} INFO - Sync 1 DAGs
[2024-01-08T18:56:38.347+0300] {logging_mixin.py:188} INFO - [2024-01-08T18:56:38.347+0300] {dag.py:3820} INFO - Setting next_dagrun for example_setup_teardown to 2024-01-07T00:00:00+00:00, run_after=2024-01-08T00:00:00+00:00
[2024-01-08T18:56:38.450+0300] {processor.py:183} INFO - Processing /usr/local/lib/python3.10/dist-packages/airflow/example_dags/example_setup_teardown.py took 0.486 seconds
[2024-01-08T18:57:10.710+0300] {processor.py:161} INFO - Started process (PID=23718) to work on /usr/local/lib/python3.10/dist-packages/airflow/example_dags/example_setup_teardown.py
[2024-01-08T18:57:10.721+0300] {processor.py:830} INFO - Processing file /usr/local/lib/python3.10/dist-packages/airflow/example_dags/example_setup_teardown.py for tasks to queue
[2024-01-08T18:57:10.724+0300] {logging_mixin.py:188} INFO - [2024-01-08T18:57:10.723+0300] {dagbag.py:538} INFO - Filling up the DagBag from /usr/local/lib/python3.10/dist-packages/airflow/example_dags/example_setup_teardown.py
[2024-01-08T18:57:10.797+0300] {processor.py:840} INFO - DAG(s) 'example_setup_teardown' retrieved from /usr/local/lib/python3.10/dist-packages/airflow/example_dags/example_setup_teardown.py
[2024-01-08T18:57:11.037+0300] {logging_mixin.py:188} INFO - [2024-01-08T18:57:11.037+0300] {dag.py:3033} INFO - Sync 1 DAGs
[2024-01-08T18:57:11.202+0300] {logging_mixin.py:188} INFO - [2024-01-08T18:57:11.202+0300] {dag.py:3820} INFO - Setting next_dagrun for example_setup_teardown to 2024-01-07T00:00:00+00:00, run_after=2024-01-08T00:00:00+00:00
[2024-01-08T18:57:11.321+0300] {processor.py:183} INFO - Processing /usr/local/lib/python3.10/dist-packages/airflow/example_dags/example_setup_teardown.py took 0.650 seconds
[2024-01-08T18:57:45.489+0300] {processor.py:161} INFO - Started process (PID=24075) to work on /usr/local/lib/python3.10/dist-packages/airflow/example_dags/example_setup_teardown.py
[2024-01-08T18:57:45.491+0300] {processor.py:830} INFO - Processing file /usr/local/lib/python3.10/dist-packages/airflow/example_dags/example_setup_teardown.py for tasks to queue
[2024-01-08T18:57:45.503+0300] {logging_mixin.py:188} INFO - [2024-01-08T18:57:45.492+0300] {dagbag.py:538} INFO - Filling up the DagBag from /usr/local/lib/python3.10/dist-packages/airflow/example_dags/example_setup_teardown.py
[2024-01-08T18:57:45.587+0300] {processor.py:840} INFO - DAG(s) 'example_setup_teardown' retrieved from /usr/local/lib/python3.10/dist-packages/airflow/example_dags/example_setup_teardown.py
[2024-01-08T18:57:46.077+0300] {logging_mixin.py:188} INFO - [2024-01-08T18:57:46.076+0300] {dag.py:3033} INFO - Sync 1 DAGs
[2024-01-08T18:57:46.351+0300] {logging_mixin.py:188} INFO - [2024-01-08T18:57:46.351+0300] {dag.py:3820} INFO - Setting next_dagrun for example_setup_teardown to 2024-01-07T00:00:00+00:00, run_after=2024-01-08T00:00:00+00:00
[2024-01-08T18:57:46.657+0300] {processor.py:183} INFO - Processing /usr/local/lib/python3.10/dist-packages/airflow/example_dags/example_setup_teardown.py took 1.238 seconds
[2024-01-08T18:58:16.834+0300] {processor.py:161} INFO - Started process (PID=24450) to work on /usr/local/lib/python3.10/dist-packages/airflow/example_dags/example_setup_teardown.py
[2024-01-08T18:58:16.838+0300] {processor.py:830} INFO - Processing file /usr/local/lib/python3.10/dist-packages/airflow/example_dags/example_setup_teardown.py for tasks to queue
[2024-01-08T18:58:16.841+0300] {logging_mixin.py:188} INFO - [2024-01-08T18:58:16.840+0300] {dagbag.py:538} INFO - Filling up the DagBag from /usr/local/lib/python3.10/dist-packages/airflow/example_dags/example_setup_teardown.py
[2024-01-08T18:58:16.869+0300] {processor.py:840} INFO - DAG(s) 'example_setup_teardown' retrieved from /usr/local/lib/python3.10/dist-packages/airflow/example_dags/example_setup_teardown.py
[2024-01-08T18:58:16.976+0300] {logging_mixin.py:188} INFO - [2024-01-08T18:58:16.975+0300] {dag.py:3033} INFO - Sync 1 DAGs
[2024-01-08T18:58:17.032+0300] {logging_mixin.py:188} INFO - [2024-01-08T18:58:17.031+0300] {dag.py:3820} INFO - Setting next_dagrun for example_setup_teardown to 2024-01-07T00:00:00+00:00, run_after=2024-01-08T00:00:00+00:00
[2024-01-08T18:58:17.098+0300] {processor.py:183} INFO - Processing /usr/local/lib/python3.10/dist-packages/airflow/example_dags/example_setup_teardown.py took 0.276 seconds
[2024-01-08T18:58:54.212+0300] {processor.py:161} INFO - Started process (PID=24915) to work on /usr/local/lib/python3.10/dist-packages/airflow/example_dags/example_setup_teardown.py
[2024-01-08T18:58:54.216+0300] {processor.py:830} INFO - Processing file /usr/local/lib/python3.10/dist-packages/airflow/example_dags/example_setup_teardown.py for tasks to queue
[2024-01-08T18:58:54.218+0300] {logging_mixin.py:188} INFO - [2024-01-08T18:58:54.218+0300] {dagbag.py:538} INFO - Filling up the DagBag from /usr/local/lib/python3.10/dist-packages/airflow/example_dags/example_setup_teardown.py
[2024-01-08T18:58:54.248+0300] {processor.py:840} INFO - DAG(s) 'example_setup_teardown' retrieved from /usr/local/lib/python3.10/dist-packages/airflow/example_dags/example_setup_teardown.py
[2024-01-08T18:58:54.379+0300] {logging_mixin.py:188} INFO - [2024-01-08T18:58:54.378+0300] {dag.py:3033} INFO - Sync 1 DAGs
[2024-01-08T18:58:54.445+0300] {logging_mixin.py:188} INFO - [2024-01-08T18:58:54.445+0300] {dag.py:3820} INFO - Setting next_dagrun for example_setup_teardown to 2024-01-07T00:00:00+00:00, run_after=2024-01-08T00:00:00+00:00
[2024-01-08T18:58:54.510+0300] {processor.py:183} INFO - Processing /usr/local/lib/python3.10/dist-packages/airflow/example_dags/example_setup_teardown.py took 0.328 seconds
[2024-01-08T18:59:25.373+0300] {processor.py:161} INFO - Started process (PID=25282) to work on /usr/local/lib/python3.10/dist-packages/airflow/example_dags/example_setup_teardown.py
[2024-01-08T18:59:25.375+0300] {processor.py:830} INFO - Processing file /usr/local/lib/python3.10/dist-packages/airflow/example_dags/example_setup_teardown.py for tasks to queue
[2024-01-08T18:59:25.377+0300] {logging_mixin.py:188} INFO - [2024-01-08T18:59:25.376+0300] {dagbag.py:538} INFO - Filling up the DagBag from /usr/local/lib/python3.10/dist-packages/airflow/example_dags/example_setup_teardown.py
[2024-01-08T18:59:25.495+0300] {processor.py:840} INFO - DAG(s) 'example_setup_teardown' retrieved from /usr/local/lib/python3.10/dist-packages/airflow/example_dags/example_setup_teardown.py
[2024-01-08T18:59:25.874+0300] {logging_mixin.py:188} INFO - [2024-01-08T18:59:25.874+0300] {dag.py:3033} INFO - Sync 1 DAGs
[2024-01-08T18:59:26.200+0300] {logging_mixin.py:188} INFO - [2024-01-08T18:59:26.200+0300] {dag.py:3820} INFO - Setting next_dagrun for example_setup_teardown to 2024-01-07T00:00:00+00:00, run_after=2024-01-08T00:00:00+00:00
[2024-01-08T18:59:26.409+0300] {processor.py:183} INFO - Processing /usr/local/lib/python3.10/dist-packages/airflow/example_dags/example_setup_teardown.py took 1.079 seconds
[2024-01-08T18:59:56.866+0300] {processor.py:161} INFO - Started process (PID=25695) to work on /usr/local/lib/python3.10/dist-packages/airflow/example_dags/example_setup_teardown.py
[2024-01-08T18:59:56.895+0300] {processor.py:830} INFO - Processing file /usr/local/lib/python3.10/dist-packages/airflow/example_dags/example_setup_teardown.py for tasks to queue
[2024-01-08T18:59:56.901+0300] {logging_mixin.py:188} INFO - [2024-01-08T18:59:56.901+0300] {dagbag.py:538} INFO - Filling up the DagBag from /usr/local/lib/python3.10/dist-packages/airflow/example_dags/example_setup_teardown.py
[2024-01-08T18:59:56.997+0300] {processor.py:840} INFO - DAG(s) 'example_setup_teardown' retrieved from /usr/local/lib/python3.10/dist-packages/airflow/example_dags/example_setup_teardown.py
[2024-01-08T18:59:57.206+0300] {logging_mixin.py:188} INFO - [2024-01-08T18:59:57.205+0300] {dag.py:3033} INFO - Sync 1 DAGs
[2024-01-08T18:59:57.369+0300] {logging_mixin.py:188} INFO - [2024-01-08T18:59:57.369+0300] {dag.py:3820} INFO - Setting next_dagrun for example_setup_teardown to 2024-01-07T00:00:00+00:00, run_after=2024-01-08T00:00:00+00:00
[2024-01-08T18:59:57.515+0300] {processor.py:183} INFO - Processing /usr/local/lib/python3.10/dist-packages/airflow/example_dags/example_setup_teardown.py took 0.677 seconds
[2024-01-08T19:00:28.256+0300] {processor.py:161} INFO - Started process (PID=26085) to work on /usr/local/lib/python3.10/dist-packages/airflow/example_dags/example_setup_teardown.py
[2024-01-08T19:00:28.270+0300] {processor.py:830} INFO - Processing file /usr/local/lib/python3.10/dist-packages/airflow/example_dags/example_setup_teardown.py for tasks to queue
[2024-01-08T19:00:28.273+0300] {logging_mixin.py:188} INFO - [2024-01-08T19:00:28.272+0300] {dagbag.py:538} INFO - Filling up the DagBag from /usr/local/lib/python3.10/dist-packages/airflow/example_dags/example_setup_teardown.py
[2024-01-08T19:00:28.327+0300] {processor.py:840} INFO - DAG(s) 'example_setup_teardown' retrieved from /usr/local/lib/python3.10/dist-packages/airflow/example_dags/example_setup_teardown.py
[2024-01-08T19:00:28.595+0300] {logging_mixin.py:188} INFO - [2024-01-08T19:00:28.595+0300] {dag.py:3033} INFO - Sync 1 DAGs
[2024-01-08T19:00:28.776+0300] {logging_mixin.py:188} INFO - [2024-01-08T19:00:28.776+0300] {dag.py:3820} INFO - Setting next_dagrun for example_setup_teardown to 2024-01-07T00:00:00+00:00, run_after=2024-01-08T00:00:00+00:00
[2024-01-08T19:00:29.005+0300] {processor.py:183} INFO - Processing /usr/local/lib/python3.10/dist-packages/airflow/example_dags/example_setup_teardown.py took 0.763 seconds
[2024-01-08T19:00:59.325+0300] {processor.py:161} INFO - Started process (PID=26509) to work on /usr/local/lib/python3.10/dist-packages/airflow/example_dags/example_setup_teardown.py
[2024-01-08T19:00:59.333+0300] {processor.py:830} INFO - Processing file /usr/local/lib/python3.10/dist-packages/airflow/example_dags/example_setup_teardown.py for tasks to queue
[2024-01-08T19:00:59.335+0300] {logging_mixin.py:188} INFO - [2024-01-08T19:00:59.335+0300] {dagbag.py:538} INFO - Filling up the DagBag from /usr/local/lib/python3.10/dist-packages/airflow/example_dags/example_setup_teardown.py
[2024-01-08T19:00:59.368+0300] {processor.py:840} INFO - DAG(s) 'example_setup_teardown' retrieved from /usr/local/lib/python3.10/dist-packages/airflow/example_dags/example_setup_teardown.py
[2024-01-08T19:00:59.467+0300] {logging_mixin.py:188} INFO - [2024-01-08T19:00:59.466+0300] {dag.py:3033} INFO - Sync 1 DAGs
[2024-01-08T19:00:59.542+0300] {logging_mixin.py:188} INFO - [2024-01-08T19:00:59.542+0300] {dag.py:3820} INFO - Setting next_dagrun for example_setup_teardown to 2024-01-07T00:00:00+00:00, run_after=2024-01-08T00:00:00+00:00
[2024-01-08T19:00:59.655+0300] {processor.py:183} INFO - Processing /usr/local/lib/python3.10/dist-packages/airflow/example_dags/example_setup_teardown.py took 0.347 seconds
[2024-01-08T19:01:36.215+0300] {processor.py:161} INFO - Started process (PID=26929) to work on /usr/local/lib/python3.10/dist-packages/airflow/example_dags/example_setup_teardown.py
[2024-01-08T19:01:36.243+0300] {processor.py:830} INFO - Processing file /usr/local/lib/python3.10/dist-packages/airflow/example_dags/example_setup_teardown.py for tasks to queue
[2024-01-08T19:01:36.246+0300] {logging_mixin.py:188} INFO - [2024-01-08T19:01:36.245+0300] {dagbag.py:538} INFO - Filling up the DagBag from /usr/local/lib/python3.10/dist-packages/airflow/example_dags/example_setup_teardown.py
[2024-01-08T19:01:36.328+0300] {processor.py:840} INFO - DAG(s) 'example_setup_teardown' retrieved from /usr/local/lib/python3.10/dist-packages/airflow/example_dags/example_setup_teardown.py
[2024-01-08T19:01:36.495+0300] {logging_mixin.py:188} INFO - [2024-01-08T19:01:36.494+0300] {dag.py:3033} INFO - Sync 1 DAGs
[2024-01-08T19:01:36.624+0300] {logging_mixin.py:188} INFO - [2024-01-08T19:01:36.623+0300] {dag.py:3820} INFO - Setting next_dagrun for example_setup_teardown to 2024-01-07T00:00:00+00:00, run_after=2024-01-08T00:00:00+00:00
[2024-01-08T19:01:36.686+0300] {processor.py:183} INFO - Processing /usr/local/lib/python3.10/dist-packages/airflow/example_dags/example_setup_teardown.py took 0.508 seconds
[2024-01-08T19:02:07.156+0300] {processor.py:161} INFO - Started process (PID=27247) to work on /usr/local/lib/python3.10/dist-packages/airflow/example_dags/example_setup_teardown.py
[2024-01-08T19:02:07.159+0300] {processor.py:830} INFO - Processing file /usr/local/lib/python3.10/dist-packages/airflow/example_dags/example_setup_teardown.py for tasks to queue
[2024-01-08T19:02:07.163+0300] {logging_mixin.py:188} INFO - [2024-01-08T19:02:07.162+0300] {dagbag.py:538} INFO - Filling up the DagBag from /usr/local/lib/python3.10/dist-packages/airflow/example_dags/example_setup_teardown.py
[2024-01-08T19:02:07.203+0300] {processor.py:840} INFO - DAG(s) 'example_setup_teardown' retrieved from /usr/local/lib/python3.10/dist-packages/airflow/example_dags/example_setup_teardown.py
[2024-01-08T19:02:07.309+0300] {logging_mixin.py:188} INFO - [2024-01-08T19:02:07.309+0300] {dag.py:3033} INFO - Sync 1 DAGs
[2024-01-08T19:02:07.424+0300] {logging_mixin.py:188} INFO - [2024-01-08T19:02:07.423+0300] {dag.py:3820} INFO - Setting next_dagrun for example_setup_teardown to 2024-01-07T00:00:00+00:00, run_after=2024-01-08T00:00:00+00:00
[2024-01-08T19:02:07.534+0300] {processor.py:183} INFO - Processing /usr/local/lib/python3.10/dist-packages/airflow/example_dags/example_setup_teardown.py took 0.390 seconds
[2024-01-08T19:02:38.164+0300] {processor.py:161} INFO - Started process (PID=27564) to work on /usr/local/lib/python3.10/dist-packages/airflow/example_dags/example_setup_teardown.py
[2024-01-08T19:02:38.169+0300] {processor.py:830} INFO - Processing file /usr/local/lib/python3.10/dist-packages/airflow/example_dags/example_setup_teardown.py for tasks to queue
[2024-01-08T19:02:38.171+0300] {logging_mixin.py:188} INFO - [2024-01-08T19:02:38.170+0300] {dagbag.py:538} INFO - Filling up the DagBag from /usr/local/lib/python3.10/dist-packages/airflow/example_dags/example_setup_teardown.py
[2024-01-08T19:02:38.198+0300] {processor.py:840} INFO - DAG(s) 'example_setup_teardown' retrieved from /usr/local/lib/python3.10/dist-packages/airflow/example_dags/example_setup_teardown.py
[2024-01-08T19:02:38.360+0300] {logging_mixin.py:188} INFO - [2024-01-08T19:02:38.359+0300] {dag.py:3033} INFO - Sync 1 DAGs
[2024-01-08T19:02:38.457+0300] {logging_mixin.py:188} INFO - [2024-01-08T19:02:38.456+0300] {dag.py:3820} INFO - Setting next_dagrun for example_setup_teardown to 2024-01-07T00:00:00+00:00, run_after=2024-01-08T00:00:00+00:00
[2024-01-08T19:02:38.522+0300] {processor.py:183} INFO - Processing /usr/local/lib/python3.10/dist-packages/airflow/example_dags/example_setup_teardown.py took 0.375 seconds
[2024-01-08T19:03:22.451+0300] {processor.py:161} INFO - Started process (PID=27995) to work on /usr/local/lib/python3.10/dist-packages/airflow/example_dags/example_setup_teardown.py
[2024-01-08T19:03:22.462+0300] {processor.py:830} INFO - Processing file /usr/local/lib/python3.10/dist-packages/airflow/example_dags/example_setup_teardown.py for tasks to queue
[2024-01-08T19:03:22.464+0300] {logging_mixin.py:188} INFO - [2024-01-08T19:03:22.463+0300] {dagbag.py:538} INFO - Filling up the DagBag from /usr/local/lib/python3.10/dist-packages/airflow/example_dags/example_setup_teardown.py
[2024-01-08T19:03:22.531+0300] {processor.py:840} INFO - DAG(s) 'example_setup_teardown' retrieved from /usr/local/lib/python3.10/dist-packages/airflow/example_dags/example_setup_teardown.py
[2024-01-08T19:03:22.707+0300] {logging_mixin.py:188} INFO - [2024-01-08T19:03:22.706+0300] {dag.py:3033} INFO - Sync 1 DAGs
[2024-01-08T19:03:22.797+0300] {logging_mixin.py:188} INFO - [2024-01-08T19:03:22.797+0300] {dag.py:3820} INFO - Setting next_dagrun for example_setup_teardown to 2024-01-07T00:00:00+00:00, run_after=2024-01-08T00:00:00+00:00
[2024-01-08T19:03:22.868+0300] {processor.py:183} INFO - Processing /usr/local/lib/python3.10/dist-packages/airflow/example_dags/example_setup_teardown.py took 0.464 seconds
[2024-01-08T19:03:53.468+0300] {processor.py:161} INFO - Started process (PID=28377) to work on /usr/local/lib/python3.10/dist-packages/airflow/example_dags/example_setup_teardown.py
[2024-01-08T19:03:53.474+0300] {processor.py:830} INFO - Processing file /usr/local/lib/python3.10/dist-packages/airflow/example_dags/example_setup_teardown.py for tasks to queue
[2024-01-08T19:03:53.484+0300] {logging_mixin.py:188} INFO - [2024-01-08T19:03:53.476+0300] {dagbag.py:538} INFO - Filling up the DagBag from /usr/local/lib/python3.10/dist-packages/airflow/example_dags/example_setup_teardown.py
[2024-01-08T19:03:53.539+0300] {processor.py:840} INFO - DAG(s) 'example_setup_teardown' retrieved from /usr/local/lib/python3.10/dist-packages/airflow/example_dags/example_setup_teardown.py
[2024-01-08T19:03:53.754+0300] {logging_mixin.py:188} INFO - [2024-01-08T19:03:53.753+0300] {dag.py:3033} INFO - Sync 1 DAGs
[2024-01-08T19:03:53.847+0300] {logging_mixin.py:188} INFO - [2024-01-08T19:03:53.847+0300] {dag.py:3820} INFO - Setting next_dagrun for example_setup_teardown to 2024-01-07T00:00:00+00:00, run_after=2024-01-08T00:00:00+00:00
[2024-01-08T19:03:53.907+0300] {processor.py:183} INFO - Processing /usr/local/lib/python3.10/dist-packages/airflow/example_dags/example_setup_teardown.py took 0.470 seconds
[2024-01-08T19:04:24.406+0300] {processor.py:161} INFO - Started process (PID=28740) to work on /usr/local/lib/python3.10/dist-packages/airflow/example_dags/example_setup_teardown.py
[2024-01-08T19:04:24.412+0300] {processor.py:830} INFO - Processing file /usr/local/lib/python3.10/dist-packages/airflow/example_dags/example_setup_teardown.py for tasks to queue
[2024-01-08T19:04:24.414+0300] {logging_mixin.py:188} INFO - [2024-01-08T19:04:24.413+0300] {dagbag.py:538} INFO - Filling up the DagBag from /usr/local/lib/python3.10/dist-packages/airflow/example_dags/example_setup_teardown.py
[2024-01-08T19:04:24.467+0300] {processor.py:840} INFO - DAG(s) 'example_setup_teardown' retrieved from /usr/local/lib/python3.10/dist-packages/airflow/example_dags/example_setup_teardown.py
[2024-01-08T19:04:24.657+0300] {logging_mixin.py:188} INFO - [2024-01-08T19:04:24.646+0300] {dag.py:3033} INFO - Sync 1 DAGs
[2024-01-08T19:04:24.721+0300] {logging_mixin.py:188} INFO - [2024-01-08T19:04:24.721+0300] {dag.py:3820} INFO - Setting next_dagrun for example_setup_teardown to 2024-01-07T00:00:00+00:00, run_after=2024-01-08T00:00:00+00:00
[2024-01-08T19:04:24.774+0300] {processor.py:183} INFO - Processing /usr/local/lib/python3.10/dist-packages/airflow/example_dags/example_setup_teardown.py took 0.398 seconds
[2024-01-08T19:04:57.515+0300] {processor.py:161} INFO - Started process (PID=29174) to work on /usr/local/lib/python3.10/dist-packages/airflow/example_dags/example_setup_teardown.py
[2024-01-08T19:04:57.534+0300] {processor.py:830} INFO - Processing file /usr/local/lib/python3.10/dist-packages/airflow/example_dags/example_setup_teardown.py for tasks to queue
[2024-01-08T19:04:57.536+0300] {logging_mixin.py:188} INFO - [2024-01-08T19:04:57.535+0300] {dagbag.py:538} INFO - Filling up the DagBag from /usr/local/lib/python3.10/dist-packages/airflow/example_dags/example_setup_teardown.py
[2024-01-08T19:04:57.625+0300] {processor.py:840} INFO - DAG(s) 'example_setup_teardown' retrieved from /usr/local/lib/python3.10/dist-packages/airflow/example_dags/example_setup_teardown.py
[2024-01-08T19:04:58.061+0300] {logging_mixin.py:188} INFO - [2024-01-08T19:04:58.060+0300] {dag.py:3033} INFO - Sync 1 DAGs
[2024-01-08T19:04:58.400+0300] {logging_mixin.py:188} INFO - [2024-01-08T19:04:58.400+0300] {dag.py:3820} INFO - Setting next_dagrun for example_setup_teardown to 2024-01-07T00:00:00+00:00, run_after=2024-01-08T00:00:00+00:00
[2024-01-08T19:04:58.630+0300] {processor.py:183} INFO - Processing /usr/local/lib/python3.10/dist-packages/airflow/example_dags/example_setup_teardown.py took 1.150 seconds
[2024-01-08T19:05:35.205+0300] {processor.py:161} INFO - Started process (PID=29622) to work on /usr/local/lib/python3.10/dist-packages/airflow/example_dags/example_setup_teardown.py
[2024-01-08T19:05:35.228+0300] {processor.py:830} INFO - Processing file /usr/local/lib/python3.10/dist-packages/airflow/example_dags/example_setup_teardown.py for tasks to queue
[2024-01-08T19:05:35.297+0300] {logging_mixin.py:188} INFO - [2024-01-08T19:05:35.230+0300] {dagbag.py:538} INFO - Filling up the DagBag from /usr/local/lib/python3.10/dist-packages/airflow/example_dags/example_setup_teardown.py
[2024-01-08T19:05:35.557+0300] {processor.py:840} INFO - DAG(s) 'example_setup_teardown' retrieved from /usr/local/lib/python3.10/dist-packages/airflow/example_dags/example_setup_teardown.py
[2024-01-08T19:05:36.208+0300] {logging_mixin.py:188} INFO - [2024-01-08T19:05:36.207+0300] {dag.py:3033} INFO - Sync 1 DAGs
[2024-01-08T19:05:36.642+0300] {logging_mixin.py:188} INFO - [2024-01-08T19:05:36.628+0300] {dag.py:3820} INFO - Setting next_dagrun for example_setup_teardown to 2024-01-07T00:00:00+00:00, run_after=2024-01-08T00:00:00+00:00
[2024-01-08T19:05:36.981+0300] {processor.py:183} INFO - Processing /usr/local/lib/python3.10/dist-packages/airflow/example_dags/example_setup_teardown.py took 1.841 seconds
[2024-01-08T19:06:09.490+0300] {processor.py:161} INFO - Started process (PID=29997) to work on /usr/local/lib/python3.10/dist-packages/airflow/example_dags/example_setup_teardown.py
[2024-01-08T19:06:09.493+0300] {processor.py:830} INFO - Processing file /usr/local/lib/python3.10/dist-packages/airflow/example_dags/example_setup_teardown.py for tasks to queue
[2024-01-08T19:06:09.495+0300] {logging_mixin.py:188} INFO - [2024-01-08T19:06:09.494+0300] {dagbag.py:538} INFO - Filling up the DagBag from /usr/local/lib/python3.10/dist-packages/airflow/example_dags/example_setup_teardown.py
[2024-01-08T19:06:09.560+0300] {processor.py:840} INFO - DAG(s) 'example_setup_teardown' retrieved from /usr/local/lib/python3.10/dist-packages/airflow/example_dags/example_setup_teardown.py
[2024-01-08T19:06:09.736+0300] {logging_mixin.py:188} INFO - [2024-01-08T19:06:09.735+0300] {dag.py:3033} INFO - Sync 1 DAGs
[2024-01-08T19:06:09.902+0300] {logging_mixin.py:188} INFO - [2024-01-08T19:06:09.902+0300] {dag.py:3820} INFO - Setting next_dagrun for example_setup_teardown to 2024-01-07T00:00:00+00:00, run_after=2024-01-08T00:00:00+00:00
[2024-01-08T19:06:10.114+0300] {processor.py:183} INFO - Processing /usr/local/lib/python3.10/dist-packages/airflow/example_dags/example_setup_teardown.py took 0.651 seconds
[2024-01-08T19:07:00.071+0300] {processor.py:161} INFO - Started process (PID=30484) to work on /usr/local/lib/python3.10/dist-packages/airflow/example_dags/example_setup_teardown.py
[2024-01-08T19:07:00.079+0300] {processor.py:830} INFO - Processing file /usr/local/lib/python3.10/dist-packages/airflow/example_dags/example_setup_teardown.py for tasks to queue
[2024-01-08T19:07:00.087+0300] {logging_mixin.py:188} INFO - [2024-01-08T19:07:00.085+0300] {dagbag.py:538} INFO - Filling up the DagBag from /usr/local/lib/python3.10/dist-packages/airflow/example_dags/example_setup_teardown.py
[2024-01-08T19:07:00.211+0300] {processor.py:840} INFO - DAG(s) 'example_setup_teardown' retrieved from /usr/local/lib/python3.10/dist-packages/airflow/example_dags/example_setup_teardown.py
[2024-01-08T19:07:00.864+0300] {logging_mixin.py:188} INFO - [2024-01-08T19:07:00.863+0300] {dag.py:3033} INFO - Sync 1 DAGs
[2024-01-08T19:07:01.265+0300] {logging_mixin.py:188} INFO - [2024-01-08T19:07:01.265+0300] {dag.py:3820} INFO - Setting next_dagrun for example_setup_teardown to 2024-01-07T00:00:00+00:00, run_after=2024-01-08T00:00:00+00:00
[2024-01-08T19:07:01.409+0300] {processor.py:183} INFO - Processing /usr/local/lib/python3.10/dist-packages/airflow/example_dags/example_setup_teardown.py took 1.539 seconds
[2024-01-08T19:07:31.725+0300] {processor.py:161} INFO - Started process (PID=30858) to work on /usr/local/lib/python3.10/dist-packages/airflow/example_dags/example_setup_teardown.py
[2024-01-08T19:07:31.751+0300] {processor.py:830} INFO - Processing file /usr/local/lib/python3.10/dist-packages/airflow/example_dags/example_setup_teardown.py for tasks to queue
[2024-01-08T19:07:31.767+0300] {logging_mixin.py:188} INFO - [2024-01-08T19:07:31.763+0300] {dagbag.py:538} INFO - Filling up the DagBag from /usr/local/lib/python3.10/dist-packages/airflow/example_dags/example_setup_teardown.py
[2024-01-08T19:07:31.935+0300] {processor.py:840} INFO - DAG(s) 'example_setup_teardown' retrieved from /usr/local/lib/python3.10/dist-packages/airflow/example_dags/example_setup_teardown.py
[2024-01-08T19:07:32.364+0300] {logging_mixin.py:188} INFO - [2024-01-08T19:07:32.364+0300] {dag.py:3033} INFO - Sync 1 DAGs
[2024-01-08T19:07:33.191+0300] {logging_mixin.py:188} INFO - [2024-01-08T19:07:33.190+0300] {dag.py:3820} INFO - Setting next_dagrun for example_setup_teardown to 2024-01-07T00:00:00+00:00, run_after=2024-01-08T00:00:00+00:00
[2024-01-08T19:07:33.738+0300] {processor.py:183} INFO - Processing /usr/local/lib/python3.10/dist-packages/airflow/example_dags/example_setup_teardown.py took 2.060 seconds
[2024-01-08T19:08:04.085+0300] {processor.py:161} INFO - Started process (PID=31254) to work on /usr/local/lib/python3.10/dist-packages/airflow/example_dags/example_setup_teardown.py
[2024-01-08T19:08:04.088+0300] {processor.py:830} INFO - Processing file /usr/local/lib/python3.10/dist-packages/airflow/example_dags/example_setup_teardown.py for tasks to queue
[2024-01-08T19:08:04.089+0300] {logging_mixin.py:188} INFO - [2024-01-08T19:08:04.089+0300] {dagbag.py:538} INFO - Filling up the DagBag from /usr/local/lib/python3.10/dist-packages/airflow/example_dags/example_setup_teardown.py
[2024-01-08T19:08:04.110+0300] {processor.py:840} INFO - DAG(s) 'example_setup_teardown' retrieved from /usr/local/lib/python3.10/dist-packages/airflow/example_dags/example_setup_teardown.py
[2024-01-08T19:08:04.205+0300] {logging_mixin.py:188} INFO - [2024-01-08T19:08:04.205+0300] {dag.py:3033} INFO - Sync 1 DAGs
[2024-01-08T19:08:04.263+0300] {logging_mixin.py:188} INFO - [2024-01-08T19:08:04.263+0300] {dag.py:3820} INFO - Setting next_dagrun for example_setup_teardown to 2024-01-07T00:00:00+00:00, run_after=2024-01-08T00:00:00+00:00
[2024-01-08T19:08:04.311+0300] {processor.py:183} INFO - Processing /usr/local/lib/python3.10/dist-packages/airflow/example_dags/example_setup_teardown.py took 0.236 seconds
[2024-01-08T19:08:34.526+0300] {processor.py:161} INFO - Started process (PID=31570) to work on /usr/local/lib/python3.10/dist-packages/airflow/example_dags/example_setup_teardown.py
[2024-01-08T19:08:34.529+0300] {processor.py:830} INFO - Processing file /usr/local/lib/python3.10/dist-packages/airflow/example_dags/example_setup_teardown.py for tasks to queue
[2024-01-08T19:08:34.531+0300] {logging_mixin.py:188} INFO - [2024-01-08T19:08:34.530+0300] {dagbag.py:538} INFO - Filling up the DagBag from /usr/local/lib/python3.10/dist-packages/airflow/example_dags/example_setup_teardown.py
[2024-01-08T19:08:34.552+0300] {processor.py:840} INFO - DAG(s) 'example_setup_teardown' retrieved from /usr/local/lib/python3.10/dist-packages/airflow/example_dags/example_setup_teardown.py
[2024-01-08T19:08:34.636+0300] {logging_mixin.py:188} INFO - [2024-01-08T19:08:34.635+0300] {dag.py:3033} INFO - Sync 1 DAGs
[2024-01-08T19:08:34.689+0300] {logging_mixin.py:188} INFO - [2024-01-08T19:08:34.689+0300] {dag.py:3820} INFO - Setting next_dagrun for example_setup_teardown to 2024-01-07T00:00:00+00:00, run_after=2024-01-08T00:00:00+00:00
[2024-01-08T19:08:34.742+0300] {processor.py:183} INFO - Processing /usr/local/lib/python3.10/dist-packages/airflow/example_dags/example_setup_teardown.py took 0.225 seconds
[2024-01-08T19:09:06.192+0300] {processor.py:161} INFO - Started process (PID=31947) to work on /usr/local/lib/python3.10/dist-packages/airflow/example_dags/example_setup_teardown.py
[2024-01-08T19:09:06.205+0300] {processor.py:830} INFO - Processing file /usr/local/lib/python3.10/dist-packages/airflow/example_dags/example_setup_teardown.py for tasks to queue
[2024-01-08T19:09:06.208+0300] {logging_mixin.py:188} INFO - [2024-01-08T19:09:06.207+0300] {dagbag.py:538} INFO - Filling up the DagBag from /usr/local/lib/python3.10/dist-packages/airflow/example_dags/example_setup_teardown.py
[2024-01-08T19:09:06.286+0300] {processor.py:840} INFO - DAG(s) 'example_setup_teardown' retrieved from /usr/local/lib/python3.10/dist-packages/airflow/example_dags/example_setup_teardown.py
[2024-01-08T19:09:06.407+0300] {logging_mixin.py:188} INFO - [2024-01-08T19:09:06.407+0300] {dag.py:3033} INFO - Sync 1 DAGs
[2024-01-08T19:09:06.468+0300] {logging_mixin.py:188} INFO - [2024-01-08T19:09:06.467+0300] {dag.py:3820} INFO - Setting next_dagrun for example_setup_teardown to 2024-01-07T00:00:00+00:00, run_after=2024-01-08T00:00:00+00:00
[2024-01-08T19:09:06.554+0300] {processor.py:183} INFO - Processing /usr/local/lib/python3.10/dist-packages/airflow/example_dags/example_setup_teardown.py took 0.385 seconds
[2024-01-08T19:09:42.683+0300] {processor.py:161} INFO - Started process (PID=32325) to work on /usr/local/lib/python3.10/dist-packages/airflow/example_dags/example_setup_teardown.py
[2024-01-08T19:09:42.686+0300] {processor.py:830} INFO - Processing file /usr/local/lib/python3.10/dist-packages/airflow/example_dags/example_setup_teardown.py for tasks to queue
[2024-01-08T19:09:42.688+0300] {logging_mixin.py:188} INFO - [2024-01-08T19:09:42.687+0300] {dagbag.py:538} INFO - Filling up the DagBag from /usr/local/lib/python3.10/dist-packages/airflow/example_dags/example_setup_teardown.py
[2024-01-08T19:09:42.715+0300] {processor.py:840} INFO - DAG(s) 'example_setup_teardown' retrieved from /usr/local/lib/python3.10/dist-packages/airflow/example_dags/example_setup_teardown.py
[2024-01-08T19:09:42.876+0300] {logging_mixin.py:188} INFO - [2024-01-08T19:09:42.875+0300] {dag.py:3033} INFO - Sync 1 DAGs
[2024-01-08T19:09:43.000+0300] {logging_mixin.py:188} INFO - [2024-01-08T19:09:43.000+0300] {dag.py:3820} INFO - Setting next_dagrun for example_setup_teardown to 2024-01-07T00:00:00+00:00, run_after=2024-01-08T00:00:00+00:00
[2024-01-08T19:09:43.099+0300] {processor.py:183} INFO - Processing /usr/local/lib/python3.10/dist-packages/airflow/example_dags/example_setup_teardown.py took 0.428 seconds
[2024-01-08T19:10:18.468+0300] {processor.py:161} INFO - Started process (PID=32675) to work on /usr/local/lib/python3.10/dist-packages/airflow/example_dags/example_setup_teardown.py
[2024-01-08T19:10:18.480+0300] {processor.py:830} INFO - Processing file /usr/local/lib/python3.10/dist-packages/airflow/example_dags/example_setup_teardown.py for tasks to queue
[2024-01-08T19:10:18.484+0300] {logging_mixin.py:188} INFO - [2024-01-08T19:10:18.483+0300] {dagbag.py:538} INFO - Filling up the DagBag from /usr/local/lib/python3.10/dist-packages/airflow/example_dags/example_setup_teardown.py
[2024-01-08T19:10:18.539+0300] {processor.py:840} INFO - DAG(s) 'example_setup_teardown' retrieved from /usr/local/lib/python3.10/dist-packages/airflow/example_dags/example_setup_teardown.py
[2024-01-08T19:10:18.688+0300] {logging_mixin.py:188} INFO - [2024-01-08T19:10:18.688+0300] {dag.py:3033} INFO - Sync 1 DAGs
[2024-01-08T19:10:18.769+0300] {logging_mixin.py:188} INFO - [2024-01-08T19:10:18.769+0300] {dag.py:3820} INFO - Setting next_dagrun for example_setup_teardown to 2024-01-07T00:00:00+00:00, run_after=2024-01-08T00:00:00+00:00
[2024-01-08T19:10:18.842+0300] {processor.py:183} INFO - Processing /usr/local/lib/python3.10/dist-packages/airflow/example_dags/example_setup_teardown.py took 0.397 seconds
[2024-01-08T19:11:12.539+0300] {processor.py:161} INFO - Started process (PID=33217) to work on /usr/local/lib/python3.10/dist-packages/airflow/example_dags/example_setup_teardown.py
[2024-01-08T19:11:12.542+0300] {processor.py:830} INFO - Processing file /usr/local/lib/python3.10/dist-packages/airflow/example_dags/example_setup_teardown.py for tasks to queue
[2024-01-08T19:11:12.550+0300] {logging_mixin.py:188} INFO - [2024-01-08T19:11:12.549+0300] {dagbag.py:538} INFO - Filling up the DagBag from /usr/local/lib/python3.10/dist-packages/airflow/example_dags/example_setup_teardown.py
[2024-01-08T19:11:12.623+0300] {processor.py:840} INFO - DAG(s) 'example_setup_teardown' retrieved from /usr/local/lib/python3.10/dist-packages/airflow/example_dags/example_setup_teardown.py
[2024-01-08T19:11:12.921+0300] {logging_mixin.py:188} INFO - [2024-01-08T19:11:12.920+0300] {dag.py:3033} INFO - Sync 1 DAGs
[2024-01-08T19:11:13.213+0300] {logging_mixin.py:188} INFO - [2024-01-08T19:11:13.212+0300] {dag.py:3820} INFO - Setting next_dagrun for example_setup_teardown to 2024-01-07T00:00:00+00:00, run_after=2024-01-08T00:00:00+00:00
[2024-01-08T19:11:13.408+0300] {processor.py:183} INFO - Processing /usr/local/lib/python3.10/dist-packages/airflow/example_dags/example_setup_teardown.py took 0.884 seconds
[2024-01-08T19:12:01.467+0300] {processor.py:161} INFO - Started process (PID=33696) to work on /usr/local/lib/python3.10/dist-packages/airflow/example_dags/example_setup_teardown.py
[2024-01-08T19:12:01.486+0300] {processor.py:830} INFO - Processing file /usr/local/lib/python3.10/dist-packages/airflow/example_dags/example_setup_teardown.py for tasks to queue
[2024-01-08T19:12:01.489+0300] {logging_mixin.py:188} INFO - [2024-01-08T19:12:01.488+0300] {dagbag.py:538} INFO - Filling up the DagBag from /usr/local/lib/python3.10/dist-packages/airflow/example_dags/example_setup_teardown.py
[2024-01-08T19:12:01.515+0300] {processor.py:840} INFO - DAG(s) 'example_setup_teardown' retrieved from /usr/local/lib/python3.10/dist-packages/airflow/example_dags/example_setup_teardown.py
[2024-01-08T19:12:01.796+0300] {logging_mixin.py:188} INFO - [2024-01-08T19:12:01.796+0300] {dag.py:3033} INFO - Sync 1 DAGs
[2024-01-08T19:12:01.911+0300] {logging_mixin.py:188} INFO - [2024-01-08T19:12:01.911+0300] {dag.py:3820} INFO - Setting next_dagrun for example_setup_teardown to 2024-01-07T00:00:00+00:00, run_after=2024-01-08T00:00:00+00:00
[2024-01-08T19:12:02.002+0300] {processor.py:183} INFO - Processing /usr/local/lib/python3.10/dist-packages/airflow/example_dags/example_setup_teardown.py took 0.570 seconds
