[2024-01-08T17:37:22.186+0300] {processor.py:161} INFO - Started process (PID=5608) to work on /usr/local/lib/python3.10/dist-packages/airflow/example_dags/example_latest_only_with_trigger.py
[2024-01-08T17:37:22.189+0300] {processor.py:830} INFO - Processing file /usr/local/lib/python3.10/dist-packages/airflow/example_dags/example_latest_only_with_trigger.py for tasks to queue
[2024-01-08T17:37:22.198+0300] {logging_mixin.py:188} INFO - [2024-01-08T17:37:22.190+0300] {dagbag.py:538} INFO - Filling up the DagBag from /usr/local/lib/python3.10/dist-packages/airflow/example_dags/example_latest_only_with_trigger.py
[2024-01-08T17:37:22.281+0300] {processor.py:840} INFO - DAG(s) 'latest_only_with_trigger' retrieved from /usr/local/lib/python3.10/dist-packages/airflow/example_dags/example_latest_only_with_trigger.py
[2024-01-08T17:37:22.454+0300] {logging_mixin.py:188} INFO - [2024-01-08T17:37:22.453+0300] {dag.py:3033} INFO - Sync 1 DAGs
[2024-01-08T17:37:22.518+0300] {logging_mixin.py:188} INFO - [2024-01-08T17:37:22.517+0300] {dag.py:3820} INFO - Setting next_dagrun for latest_only_with_trigger to 2024-01-08T08:00:00+00:00, run_after=2024-01-08T12:00:00+00:00
[2024-01-08T17:37:22.586+0300] {processor.py:183} INFO - Processing /usr/local/lib/python3.10/dist-packages/airflow/example_dags/example_latest_only_with_trigger.py took 0.416 seconds
[2024-01-08T17:37:54.081+0300] {processor.py:161} INFO - Started process (PID=5958) to work on /usr/local/lib/python3.10/dist-packages/airflow/example_dags/example_latest_only_with_trigger.py
[2024-01-08T17:37:54.098+0300] {processor.py:830} INFO - Processing file /usr/local/lib/python3.10/dist-packages/airflow/example_dags/example_latest_only_with_trigger.py for tasks to queue
[2024-01-08T17:37:54.100+0300] {logging_mixin.py:188} INFO - [2024-01-08T17:37:54.100+0300] {dagbag.py:538} INFO - Filling up the DagBag from /usr/local/lib/python3.10/dist-packages/airflow/example_dags/example_latest_only_with_trigger.py
[2024-01-08T17:37:54.139+0300] {processor.py:840} INFO - DAG(s) 'latest_only_with_trigger' retrieved from /usr/local/lib/python3.10/dist-packages/airflow/example_dags/example_latest_only_with_trigger.py
[2024-01-08T17:37:54.391+0300] {logging_mixin.py:188} INFO - [2024-01-08T17:37:54.391+0300] {dag.py:3033} INFO - Sync 1 DAGs
[2024-01-08T17:37:54.569+0300] {logging_mixin.py:188} INFO - [2024-01-08T17:37:54.569+0300] {dag.py:3820} INFO - Setting next_dagrun for latest_only_with_trigger to 2024-01-08T08:00:00+00:00, run_after=2024-01-08T12:00:00+00:00
[2024-01-08T17:37:54.837+0300] {processor.py:183} INFO - Processing /usr/local/lib/python3.10/dist-packages/airflow/example_dags/example_latest_only_with_trigger.py took 0.782 seconds
[2024-01-08T17:38:24.977+0300] {processor.py:161} INFO - Started process (PID=6276) to work on /usr/local/lib/python3.10/dist-packages/airflow/example_dags/example_latest_only_with_trigger.py
[2024-01-08T17:38:24.980+0300] {processor.py:830} INFO - Processing file /usr/local/lib/python3.10/dist-packages/airflow/example_dags/example_latest_only_with_trigger.py for tasks to queue
[2024-01-08T17:38:24.981+0300] {logging_mixin.py:188} INFO - [2024-01-08T17:38:24.981+0300] {dagbag.py:538} INFO - Filling up the DagBag from /usr/local/lib/python3.10/dist-packages/airflow/example_dags/example_latest_only_with_trigger.py
[2024-01-08T17:38:24.995+0300] {processor.py:840} INFO - DAG(s) 'latest_only_with_trigger' retrieved from /usr/local/lib/python3.10/dist-packages/airflow/example_dags/example_latest_only_with_trigger.py
[2024-01-08T17:38:25.113+0300] {logging_mixin.py:188} INFO - [2024-01-08T17:38:25.112+0300] {dag.py:3033} INFO - Sync 1 DAGs
[2024-01-08T17:38:25.172+0300] {logging_mixin.py:188} INFO - [2024-01-08T17:38:25.171+0300] {dag.py:3820} INFO - Setting next_dagrun for latest_only_with_trigger to 2024-01-08T08:00:00+00:00, run_after=2024-01-08T12:00:00+00:00
[2024-01-08T17:38:25.223+0300] {processor.py:183} INFO - Processing /usr/local/lib/python3.10/dist-packages/airflow/example_dags/example_latest_only_with_trigger.py took 0.254 seconds
[2024-01-08T18:15:23.360+0300] {processor.py:161} INFO - Started process (PID=7548) to work on /usr/local/lib/python3.10/dist-packages/airflow/example_dags/example_latest_only_with_trigger.py
[2024-01-08T18:15:23.364+0300] {processor.py:830} INFO - Processing file /usr/local/lib/python3.10/dist-packages/airflow/example_dags/example_latest_only_with_trigger.py for tasks to queue
[2024-01-08T18:15:23.367+0300] {logging_mixin.py:188} INFO - [2024-01-08T18:15:23.366+0300] {dagbag.py:538} INFO - Filling up the DagBag from /usr/local/lib/python3.10/dist-packages/airflow/example_dags/example_latest_only_with_trigger.py
[2024-01-08T18:15:23.387+0300] {processor.py:840} INFO - DAG(s) 'latest_only_with_trigger' retrieved from /usr/local/lib/python3.10/dist-packages/airflow/example_dags/example_latest_only_with_trigger.py
[2024-01-08T18:15:23.498+0300] {logging_mixin.py:188} INFO - [2024-01-08T18:15:23.497+0300] {dag.py:3033} INFO - Sync 1 DAGs
[2024-01-08T18:15:23.564+0300] {logging_mixin.py:188} INFO - [2024-01-08T18:15:23.563+0300] {dag.py:3820} INFO - Setting next_dagrun for latest_only_with_trigger to 2024-01-08T08:00:00+00:00, run_after=2024-01-08T12:00:00+00:00
[2024-01-08T18:15:23.641+0300] {processor.py:183} INFO - Processing /usr/local/lib/python3.10/dist-packages/airflow/example_dags/example_latest_only_with_trigger.py took 0.293 seconds
[2024-01-08T18:15:55.806+0300] {processor.py:161} INFO - Started process (PID=7891) to work on /usr/local/lib/python3.10/dist-packages/airflow/example_dags/example_latest_only_with_trigger.py
[2024-01-08T18:15:55.809+0300] {processor.py:830} INFO - Processing file /usr/local/lib/python3.10/dist-packages/airflow/example_dags/example_latest_only_with_trigger.py for tasks to queue
[2024-01-08T18:15:55.811+0300] {logging_mixin.py:188} INFO - [2024-01-08T18:15:55.810+0300] {dagbag.py:538} INFO - Filling up the DagBag from /usr/local/lib/python3.10/dist-packages/airflow/example_dags/example_latest_only_with_trigger.py
[2024-01-08T18:15:55.824+0300] {processor.py:840} INFO - DAG(s) 'latest_only_with_trigger' retrieved from /usr/local/lib/python3.10/dist-packages/airflow/example_dags/example_latest_only_with_trigger.py
[2024-01-08T18:15:55.948+0300] {logging_mixin.py:188} INFO - [2024-01-08T18:15:55.947+0300] {dag.py:3033} INFO - Sync 1 DAGs
[2024-01-08T18:15:56.007+0300] {logging_mixin.py:188} INFO - [2024-01-08T18:15:56.006+0300] {dag.py:3820} INFO - Setting next_dagrun for latest_only_with_trigger to 2024-01-08T08:00:00+00:00, run_after=2024-01-08T12:00:00+00:00
[2024-01-08T18:15:56.077+0300] {processor.py:183} INFO - Processing /usr/local/lib/python3.10/dist-packages/airflow/example_dags/example_latest_only_with_trigger.py took 0.281 seconds
[2024-01-08T18:30:25.411+0300] {processor.py:161} INFO - Started process (PID=8997) to work on /usr/local/lib/python3.10/dist-packages/airflow/example_dags/example_latest_only_with_trigger.py
[2024-01-08T18:30:25.487+0300] {processor.py:830} INFO - Processing file /usr/local/lib/python3.10/dist-packages/airflow/example_dags/example_latest_only_with_trigger.py for tasks to queue
[2024-01-08T18:30:25.491+0300] {logging_mixin.py:188} INFO - [2024-01-08T18:30:25.490+0300] {dagbag.py:538} INFO - Filling up the DagBag from /usr/local/lib/python3.10/dist-packages/airflow/example_dags/example_latest_only_with_trigger.py
[2024-01-08T18:30:26.080+0300] {processor.py:840} INFO - DAG(s) 'latest_only_with_trigger' retrieved from /usr/local/lib/python3.10/dist-packages/airflow/example_dags/example_latest_only_with_trigger.py
[2024-01-08T18:30:27.854+0300] {logging_mixin.py:188} INFO - [2024-01-08T18:30:27.854+0300] {dag.py:3033} INFO - Sync 1 DAGs
[2024-01-08T18:30:29.306+0300] {logging_mixin.py:188} INFO - [2024-01-08T18:30:29.305+0300] {dag.py:3820} INFO - Setting next_dagrun for latest_only_with_trigger to 2024-01-08T08:00:00+00:00, run_after=2024-01-08T12:00:00+00:00
[2024-01-08T18:30:29.899+0300] {processor.py:183} INFO - Processing /usr/local/lib/python3.10/dist-packages/airflow/example_dags/example_latest_only_with_trigger.py took 4.969 seconds
[2024-01-08T18:33:39.683+0300] {processor.py:161} INFO - Started process (PID=10263) to work on /usr/local/lib/python3.10/dist-packages/airflow/example_dags/example_latest_only_with_trigger.py
[2024-01-08T18:33:39.709+0300] {processor.py:830} INFO - Processing file /usr/local/lib/python3.10/dist-packages/airflow/example_dags/example_latest_only_with_trigger.py for tasks to queue
[2024-01-08T18:33:39.711+0300] {logging_mixin.py:188} INFO - [2024-01-08T18:33:39.710+0300] {dagbag.py:538} INFO - Filling up the DagBag from /usr/local/lib/python3.10/dist-packages/airflow/example_dags/example_latest_only_with_trigger.py
[2024-01-08T18:33:39.886+0300] {processor.py:840} INFO - DAG(s) 'latest_only_with_trigger' retrieved from /usr/local/lib/python3.10/dist-packages/airflow/example_dags/example_latest_only_with_trigger.py
[2024-01-08T18:33:40.511+0300] {logging_mixin.py:188} INFO - [2024-01-08T18:33:40.510+0300] {dag.py:3033} INFO - Sync 1 DAGs
[2024-01-08T18:33:41.281+0300] {logging_mixin.py:188} INFO - [2024-01-08T18:33:41.281+0300] {dag.py:3820} INFO - Setting next_dagrun for latest_only_with_trigger to 2024-01-08T08:00:00+00:00, run_after=2024-01-08T12:00:00+00:00
[2024-01-08T18:33:42.320+0300] {processor.py:183} INFO - Processing /usr/local/lib/python3.10/dist-packages/airflow/example_dags/example_latest_only_with_trigger.py took 2.839 seconds
[2024-01-08T18:38:08.506+0300] {processor.py:161} INFO - Started process (PID=12048) to work on /usr/local/lib/python3.10/dist-packages/airflow/example_dags/example_latest_only_with_trigger.py
[2024-01-08T18:38:08.517+0300] {processor.py:830} INFO - Processing file /usr/local/lib/python3.10/dist-packages/airflow/example_dags/example_latest_only_with_trigger.py for tasks to queue
[2024-01-08T18:38:08.520+0300] {logging_mixin.py:188} INFO - [2024-01-08T18:38:08.519+0300] {dagbag.py:538} INFO - Filling up the DagBag from /usr/local/lib/python3.10/dist-packages/airflow/example_dags/example_latest_only_with_trigger.py
[2024-01-08T18:38:08.622+0300] {processor.py:840} INFO - DAG(s) 'latest_only_with_trigger' retrieved from /usr/local/lib/python3.10/dist-packages/airflow/example_dags/example_latest_only_with_trigger.py
[2024-01-08T18:38:09.332+0300] {logging_mixin.py:188} INFO - [2024-01-08T18:38:09.332+0300] {dag.py:3033} INFO - Sync 1 DAGs
[2024-01-08T18:38:09.459+0300] {logging_mixin.py:188} INFO - [2024-01-08T18:38:09.459+0300] {dag.py:3820} INFO - Setting next_dagrun for latest_only_with_trigger to 2024-01-08T08:00:00+00:00, run_after=2024-01-08T12:00:00+00:00
[2024-01-08T18:38:09.556+0300] {processor.py:183} INFO - Processing /usr/local/lib/python3.10/dist-packages/airflow/example_dags/example_latest_only_with_trigger.py took 1.155 seconds
[2024-01-08T18:41:09.581+0300] {processor.py:161} INFO - Started process (PID=13273) to work on /usr/local/lib/python3.10/dist-packages/airflow/example_dags/example_latest_only_with_trigger.py
[2024-01-08T18:41:09.583+0300] {processor.py:830} INFO - Processing file /usr/local/lib/python3.10/dist-packages/airflow/example_dags/example_latest_only_with_trigger.py for tasks to queue
[2024-01-08T18:41:09.586+0300] {logging_mixin.py:188} INFO - [2024-01-08T18:41:09.586+0300] {dagbag.py:538} INFO - Filling up the DagBag from /usr/local/lib/python3.10/dist-packages/airflow/example_dags/example_latest_only_with_trigger.py
[2024-01-08T18:41:09.610+0300] {processor.py:840} INFO - DAG(s) 'latest_only_with_trigger' retrieved from /usr/local/lib/python3.10/dist-packages/airflow/example_dags/example_latest_only_with_trigger.py
[2024-01-08T18:41:10.029+0300] {logging_mixin.py:188} INFO - [2024-01-08T18:41:10.019+0300] {dag.py:3033} INFO - Sync 1 DAGs
[2024-01-08T18:41:10.214+0300] {logging_mixin.py:188} INFO - [2024-01-08T18:41:10.213+0300] {dag.py:3820} INFO - Setting next_dagrun for latest_only_with_trigger to 2024-01-08T08:00:00+00:00, run_after=2024-01-08T12:00:00+00:00
[2024-01-08T18:41:10.257+0300] {processor.py:183} INFO - Processing /usr/local/lib/python3.10/dist-packages/airflow/example_dags/example_latest_only_with_trigger.py took 0.688 seconds
[2024-01-08T18:42:06.620+0300] {processor.py:161} INFO - Started process (PID=13872) to work on /usr/local/lib/python3.10/dist-packages/airflow/example_dags/example_latest_only_with_trigger.py
[2024-01-08T18:42:06.647+0300] {processor.py:830} INFO - Processing file /usr/local/lib/python3.10/dist-packages/airflow/example_dags/example_latest_only_with_trigger.py for tasks to queue
[2024-01-08T18:42:06.650+0300] {logging_mixin.py:188} INFO - [2024-01-08T18:42:06.650+0300] {dagbag.py:538} INFO - Filling up the DagBag from /usr/local/lib/python3.10/dist-packages/airflow/example_dags/example_latest_only_with_trigger.py
[2024-01-08T18:42:06.787+0300] {processor.py:840} INFO - DAG(s) 'latest_only_with_trigger' retrieved from /usr/local/lib/python3.10/dist-packages/airflow/example_dags/example_latest_only_with_trigger.py
[2024-01-08T18:42:07.223+0300] {logging_mixin.py:188} INFO - [2024-01-08T18:42:07.222+0300] {dag.py:3033} INFO - Sync 1 DAGs
[2024-01-08T18:42:07.486+0300] {logging_mixin.py:188} INFO - [2024-01-08T18:42:07.486+0300] {dag.py:3820} INFO - Setting next_dagrun for latest_only_with_trigger to 2024-01-08T08:00:00+00:00, run_after=2024-01-08T12:00:00+00:00
[2024-01-08T18:42:07.721+0300] {processor.py:183} INFO - Processing /usr/local/lib/python3.10/dist-packages/airflow/example_dags/example_latest_only_with_trigger.py took 1.129 seconds
[2024-01-08T18:42:39.194+0300] {processor.py:161} INFO - Started process (PID=14248) to work on /usr/local/lib/python3.10/dist-packages/airflow/example_dags/example_latest_only_with_trigger.py
[2024-01-08T18:42:39.215+0300] {processor.py:830} INFO - Processing file /usr/local/lib/python3.10/dist-packages/airflow/example_dags/example_latest_only_with_trigger.py for tasks to queue
[2024-01-08T18:42:39.217+0300] {logging_mixin.py:188} INFO - [2024-01-08T18:42:39.216+0300] {dagbag.py:538} INFO - Filling up the DagBag from /usr/local/lib/python3.10/dist-packages/airflow/example_dags/example_latest_only_with_trigger.py
[2024-01-08T18:42:39.352+0300] {processor.py:840} INFO - DAG(s) 'latest_only_with_trigger' retrieved from /usr/local/lib/python3.10/dist-packages/airflow/example_dags/example_latest_only_with_trigger.py
[2024-01-08T18:42:39.470+0300] {logging_mixin.py:188} INFO - [2024-01-08T18:42:39.470+0300] {dag.py:3033} INFO - Sync 1 DAGs
[2024-01-08T18:42:39.846+0300] {logging_mixin.py:188} INFO - [2024-01-08T18:42:39.846+0300] {dag.py:3820} INFO - Setting next_dagrun for latest_only_with_trigger to 2024-01-08T08:00:00+00:00, run_after=2024-01-08T12:00:00+00:00
[2024-01-08T18:42:40.080+0300] {processor.py:183} INFO - Processing /usr/local/lib/python3.10/dist-packages/airflow/example_dags/example_latest_only_with_trigger.py took 0.939 seconds
[2024-01-08T18:43:10.986+0300] {processor.py:161} INFO - Started process (PID=14679) to work on /usr/local/lib/python3.10/dist-packages/airflow/example_dags/example_latest_only_with_trigger.py
[2024-01-08T18:43:10.989+0300] {processor.py:830} INFO - Processing file /usr/local/lib/python3.10/dist-packages/airflow/example_dags/example_latest_only_with_trigger.py for tasks to queue
[2024-01-08T18:43:10.991+0300] {logging_mixin.py:188} INFO - [2024-01-08T18:43:10.990+0300] {dagbag.py:538} INFO - Filling up the DagBag from /usr/local/lib/python3.10/dist-packages/airflow/example_dags/example_latest_only_with_trigger.py
[2024-01-08T18:43:11.014+0300] {processor.py:840} INFO - DAG(s) 'latest_only_with_trigger' retrieved from /usr/local/lib/python3.10/dist-packages/airflow/example_dags/example_latest_only_with_trigger.py
[2024-01-08T18:43:11.093+0300] {logging_mixin.py:188} INFO - [2024-01-08T18:43:11.093+0300] {dag.py:3033} INFO - Sync 1 DAGs
[2024-01-08T18:43:11.151+0300] {logging_mixin.py:188} INFO - [2024-01-08T18:43:11.151+0300] {dag.py:3820} INFO - Setting next_dagrun for latest_only_with_trigger to 2024-01-08T08:00:00+00:00, run_after=2024-01-08T12:00:00+00:00
[2024-01-08T18:43:11.213+0300] {processor.py:183} INFO - Processing /usr/local/lib/python3.10/dist-packages/airflow/example_dags/example_latest_only_with_trigger.py took 0.238 seconds
[2024-01-08T18:43:42.137+0300] {processor.py:161} INFO - Started process (PID=14989) to work on /usr/local/lib/python3.10/dist-packages/airflow/example_dags/example_latest_only_with_trigger.py
[2024-01-08T18:43:42.142+0300] {processor.py:830} INFO - Processing file /usr/local/lib/python3.10/dist-packages/airflow/example_dags/example_latest_only_with_trigger.py for tasks to queue
[2024-01-08T18:43:42.144+0300] {logging_mixin.py:188} INFO - [2024-01-08T18:43:42.143+0300] {dagbag.py:538} INFO - Filling up the DagBag from /usr/local/lib/python3.10/dist-packages/airflow/example_dags/example_latest_only_with_trigger.py
[2024-01-08T18:43:42.167+0300] {processor.py:840} INFO - DAG(s) 'latest_only_with_trigger' retrieved from /usr/local/lib/python3.10/dist-packages/airflow/example_dags/example_latest_only_with_trigger.py
[2024-01-08T18:43:42.331+0300] {logging_mixin.py:188} INFO - [2024-01-08T18:43:42.331+0300] {dag.py:3033} INFO - Sync 1 DAGs
[2024-01-08T18:43:42.437+0300] {logging_mixin.py:188} INFO - [2024-01-08T18:43:42.436+0300] {dag.py:3820} INFO - Setting next_dagrun for latest_only_with_trigger to 2024-01-08T08:00:00+00:00, run_after=2024-01-08T12:00:00+00:00
[2024-01-08T18:43:42.526+0300] {processor.py:183} INFO - Processing /usr/local/lib/python3.10/dist-packages/airflow/example_dags/example_latest_only_with_trigger.py took 0.405 seconds
[2024-01-08T18:44:12.856+0300] {processor.py:161} INFO - Started process (PID=15305) to work on /usr/local/lib/python3.10/dist-packages/airflow/example_dags/example_latest_only_with_trigger.py
[2024-01-08T18:44:12.858+0300] {processor.py:830} INFO - Processing file /usr/local/lib/python3.10/dist-packages/airflow/example_dags/example_latest_only_with_trigger.py for tasks to queue
[2024-01-08T18:44:12.859+0300] {logging_mixin.py:188} INFO - [2024-01-08T18:44:12.859+0300] {dagbag.py:538} INFO - Filling up the DagBag from /usr/local/lib/python3.10/dist-packages/airflow/example_dags/example_latest_only_with_trigger.py
[2024-01-08T18:44:12.897+0300] {processor.py:840} INFO - DAG(s) 'latest_only_with_trigger' retrieved from /usr/local/lib/python3.10/dist-packages/airflow/example_dags/example_latest_only_with_trigger.py
[2024-01-08T18:44:13.063+0300] {logging_mixin.py:188} INFO - [2024-01-08T18:44:13.063+0300] {dag.py:3033} INFO - Sync 1 DAGs
[2024-01-08T18:44:13.133+0300] {logging_mixin.py:188} INFO - [2024-01-08T18:44:13.133+0300] {dag.py:3820} INFO - Setting next_dagrun for latest_only_with_trigger to 2024-01-08T08:00:00+00:00, run_after=2024-01-08T12:00:00+00:00
[2024-01-08T18:44:13.188+0300] {processor.py:183} INFO - Processing /usr/local/lib/python3.10/dist-packages/airflow/example_dags/example_latest_only_with_trigger.py took 0.344 seconds
[2024-01-08T18:44:47.881+0300] {processor.py:161} INFO - Started process (PID=15641) to work on /usr/local/lib/python3.10/dist-packages/airflow/example_dags/example_latest_only_with_trigger.py
[2024-01-08T18:44:47.902+0300] {processor.py:830} INFO - Processing file /usr/local/lib/python3.10/dist-packages/airflow/example_dags/example_latest_only_with_trigger.py for tasks to queue
[2024-01-08T18:44:47.903+0300] {logging_mixin.py:188} INFO - [2024-01-08T18:44:47.903+0300] {dagbag.py:538} INFO - Filling up the DagBag from /usr/local/lib/python3.10/dist-packages/airflow/example_dags/example_latest_only_with_trigger.py
[2024-01-08T18:44:47.991+0300] {processor.py:840} INFO - DAG(s) 'latest_only_with_trigger' retrieved from /usr/local/lib/python3.10/dist-packages/airflow/example_dags/example_latest_only_with_trigger.py
[2024-01-08T18:44:48.346+0300] {logging_mixin.py:188} INFO - [2024-01-08T18:44:48.342+0300] {dag.py:3033} INFO - Sync 1 DAGs
[2024-01-08T18:44:48.514+0300] {logging_mixin.py:188} INFO - [2024-01-08T18:44:48.513+0300] {dag.py:3820} INFO - Setting next_dagrun for latest_only_with_trigger to 2024-01-08T08:00:00+00:00, run_after=2024-01-08T12:00:00+00:00
[2024-01-08T18:44:48.707+0300] {processor.py:183} INFO - Processing /usr/local/lib/python3.10/dist-packages/airflow/example_dags/example_latest_only_with_trigger.py took 0.919 seconds
[2024-01-08T18:45:21.192+0300] {processor.py:161} INFO - Started process (PID=16046) to work on /usr/local/lib/python3.10/dist-packages/airflow/example_dags/example_latest_only_with_trigger.py
[2024-01-08T18:45:21.196+0300] {processor.py:830} INFO - Processing file /usr/local/lib/python3.10/dist-packages/airflow/example_dags/example_latest_only_with_trigger.py for tasks to queue
[2024-01-08T18:45:21.198+0300] {logging_mixin.py:188} INFO - [2024-01-08T18:45:21.197+0300] {dagbag.py:538} INFO - Filling up the DagBag from /usr/local/lib/python3.10/dist-packages/airflow/example_dags/example_latest_only_with_trigger.py
[2024-01-08T18:45:21.239+0300] {processor.py:840} INFO - DAG(s) 'latest_only_with_trigger' retrieved from /usr/local/lib/python3.10/dist-packages/airflow/example_dags/example_latest_only_with_trigger.py
[2024-01-08T18:45:21.523+0300] {logging_mixin.py:188} INFO - [2024-01-08T18:45:21.523+0300] {dag.py:3033} INFO - Sync 1 DAGs
[2024-01-08T18:45:21.658+0300] {logging_mixin.py:188} INFO - [2024-01-08T18:45:21.658+0300] {dag.py:3820} INFO - Setting next_dagrun for latest_only_with_trigger to 2024-01-08T08:00:00+00:00, run_after=2024-01-08T12:00:00+00:00
[2024-01-08T18:45:21.751+0300] {processor.py:183} INFO - Processing /usr/local/lib/python3.10/dist-packages/airflow/example_dags/example_latest_only_with_trigger.py took 0.603 seconds
[2024-01-08T18:46:14.482+0300] {processor.py:161} INFO - Started process (PID=16582) to work on /usr/local/lib/python3.10/dist-packages/airflow/example_dags/example_latest_only_with_trigger.py
[2024-01-08T18:46:14.485+0300] {processor.py:830} INFO - Processing file /usr/local/lib/python3.10/dist-packages/airflow/example_dags/example_latest_only_with_trigger.py for tasks to queue
[2024-01-08T18:46:14.488+0300] {logging_mixin.py:188} INFO - [2024-01-08T18:46:14.487+0300] {dagbag.py:538} INFO - Filling up the DagBag from /usr/local/lib/python3.10/dist-packages/airflow/example_dags/example_latest_only_with_trigger.py
[2024-01-08T18:46:14.680+0300] {processor.py:840} INFO - DAG(s) 'latest_only_with_trigger' retrieved from /usr/local/lib/python3.10/dist-packages/airflow/example_dags/example_latest_only_with_trigger.py
[2024-01-08T18:46:15.661+0300] {logging_mixin.py:188} INFO - [2024-01-08T18:46:15.661+0300] {dag.py:3033} INFO - Sync 1 DAGs
[2024-01-08T18:46:16.154+0300] {logging_mixin.py:188} INFO - [2024-01-08T18:46:16.151+0300] {dag.py:3820} INFO - Setting next_dagrun for latest_only_with_trigger to 2024-01-08T08:00:00+00:00, run_after=2024-01-08T12:00:00+00:00
[2024-01-08T18:46:16.244+0300] {processor.py:183} INFO - Processing /usr/local/lib/python3.10/dist-packages/airflow/example_dags/example_latest_only_with_trigger.py took 2.020 seconds
[2024-01-08T18:46:52.723+0300] {processor.py:161} INFO - Started process (PID=17034) to work on /usr/local/lib/python3.10/dist-packages/airflow/example_dags/example_latest_only_with_trigger.py
[2024-01-08T18:46:52.752+0300] {processor.py:830} INFO - Processing file /usr/local/lib/python3.10/dist-packages/airflow/example_dags/example_latest_only_with_trigger.py for tasks to queue
[2024-01-08T18:46:52.755+0300] {logging_mixin.py:188} INFO - [2024-01-08T18:46:52.754+0300] {dagbag.py:538} INFO - Filling up the DagBag from /usr/local/lib/python3.10/dist-packages/airflow/example_dags/example_latest_only_with_trigger.py
[2024-01-08T18:46:52.857+0300] {processor.py:840} INFO - DAG(s) 'latest_only_with_trigger' retrieved from /usr/local/lib/python3.10/dist-packages/airflow/example_dags/example_latest_only_with_trigger.py
[2024-01-08T18:46:53.270+0300] {logging_mixin.py:188} INFO - [2024-01-08T18:46:53.270+0300] {dag.py:3033} INFO - Sync 1 DAGs
[2024-01-08T18:46:53.654+0300] {logging_mixin.py:188} INFO - [2024-01-08T18:46:53.654+0300] {dag.py:3820} INFO - Setting next_dagrun for latest_only_with_trigger to 2024-01-08T08:00:00+00:00, run_after=2024-01-08T12:00:00+00:00
[2024-01-08T18:46:53.893+0300] {processor.py:183} INFO - Processing /usr/local/lib/python3.10/dist-packages/airflow/example_dags/example_latest_only_with_trigger.py took 1.199 seconds
[2024-01-08T18:47:24.176+0300] {processor.py:161} INFO - Started process (PID=17400) to work on /usr/local/lib/python3.10/dist-packages/airflow/example_dags/example_latest_only_with_trigger.py
[2024-01-08T18:47:24.178+0300] {processor.py:830} INFO - Processing file /usr/local/lib/python3.10/dist-packages/airflow/example_dags/example_latest_only_with_trigger.py for tasks to queue
[2024-01-08T18:47:24.186+0300] {logging_mixin.py:188} INFO - [2024-01-08T18:47:24.180+0300] {dagbag.py:538} INFO - Filling up the DagBag from /usr/local/lib/python3.10/dist-packages/airflow/example_dags/example_latest_only_with_trigger.py
[2024-01-08T18:47:24.209+0300] {processor.py:840} INFO - DAG(s) 'latest_only_with_trigger' retrieved from /usr/local/lib/python3.10/dist-packages/airflow/example_dags/example_latest_only_with_trigger.py
[2024-01-08T18:47:24.375+0300] {logging_mixin.py:188} INFO - [2024-01-08T18:47:24.374+0300] {dag.py:3033} INFO - Sync 1 DAGs
[2024-01-08T18:47:24.450+0300] {logging_mixin.py:188} INFO - [2024-01-08T18:47:24.450+0300] {dag.py:3820} INFO - Setting next_dagrun for latest_only_with_trigger to 2024-01-08T08:00:00+00:00, run_after=2024-01-08T12:00:00+00:00
[2024-01-08T18:47:24.516+0300] {processor.py:183} INFO - Processing /usr/local/lib/python3.10/dist-packages/airflow/example_dags/example_latest_only_with_trigger.py took 0.355 seconds
[2024-01-08T18:47:54.856+0300] {processor.py:161} INFO - Started process (PID=17738) to work on /usr/local/lib/python3.10/dist-packages/airflow/example_dags/example_latest_only_with_trigger.py
[2024-01-08T18:47:54.869+0300] {processor.py:830} INFO - Processing file /usr/local/lib/python3.10/dist-packages/airflow/example_dags/example_latest_only_with_trigger.py for tasks to queue
[2024-01-08T18:47:54.871+0300] {logging_mixin.py:188} INFO - [2024-01-08T18:47:54.871+0300] {dagbag.py:538} INFO - Filling up the DagBag from /usr/local/lib/python3.10/dist-packages/airflow/example_dags/example_latest_only_with_trigger.py
[2024-01-08T18:47:54.906+0300] {processor.py:840} INFO - DAG(s) 'latest_only_with_trigger' retrieved from /usr/local/lib/python3.10/dist-packages/airflow/example_dags/example_latest_only_with_trigger.py
[2024-01-08T18:47:55.172+0300] {logging_mixin.py:188} INFO - [2024-01-08T18:47:55.171+0300] {dag.py:3033} INFO - Sync 1 DAGs
[2024-01-08T18:47:55.267+0300] {logging_mixin.py:188} INFO - [2024-01-08T18:47:55.266+0300] {dag.py:3820} INFO - Setting next_dagrun for latest_only_with_trigger to 2024-01-08T08:00:00+00:00, run_after=2024-01-08T12:00:00+00:00
[2024-01-08T18:47:55.345+0300] {processor.py:183} INFO - Processing /usr/local/lib/python3.10/dist-packages/airflow/example_dags/example_latest_only_with_trigger.py took 0.524 seconds
[2024-01-08T18:48:33.548+0300] {processor.py:161} INFO - Started process (PID=18169) to work on /usr/local/lib/python3.10/dist-packages/airflow/example_dags/example_latest_only_with_trigger.py
[2024-01-08T18:48:33.559+0300] {processor.py:830} INFO - Processing file /usr/local/lib/python3.10/dist-packages/airflow/example_dags/example_latest_only_with_trigger.py for tasks to queue
[2024-01-08T18:48:33.562+0300] {logging_mixin.py:188} INFO - [2024-01-08T18:48:33.561+0300] {dagbag.py:538} INFO - Filling up the DagBag from /usr/local/lib/python3.10/dist-packages/airflow/example_dags/example_latest_only_with_trigger.py
[2024-01-08T18:48:33.584+0300] {processor.py:840} INFO - DAG(s) 'latest_only_with_trigger' retrieved from /usr/local/lib/python3.10/dist-packages/airflow/example_dags/example_latest_only_with_trigger.py
[2024-01-08T18:48:33.701+0300] {logging_mixin.py:188} INFO - [2024-01-08T18:48:33.701+0300] {dag.py:3033} INFO - Sync 1 DAGs
[2024-01-08T18:48:33.929+0300] {logging_mixin.py:188} INFO - [2024-01-08T18:48:33.918+0300] {dag.py:3820} INFO - Setting next_dagrun for latest_only_with_trigger to 2024-01-08T08:00:00+00:00, run_after=2024-01-08T12:00:00+00:00
[2024-01-08T18:48:34.110+0300] {processor.py:183} INFO - Processing /usr/local/lib/python3.10/dist-packages/airflow/example_dags/example_latest_only_with_trigger.py took 0.592 seconds
[2024-01-08T18:49:12.890+0300] {processor.py:161} INFO - Started process (PID=18583) to work on /usr/local/lib/python3.10/dist-packages/airflow/example_dags/example_latest_only_with_trigger.py
[2024-01-08T18:49:12.929+0300] {processor.py:830} INFO - Processing file /usr/local/lib/python3.10/dist-packages/airflow/example_dags/example_latest_only_with_trigger.py for tasks to queue
[2024-01-08T18:49:12.931+0300] {logging_mixin.py:188} INFO - [2024-01-08T18:49:12.930+0300] {dagbag.py:538} INFO - Filling up the DagBag from /usr/local/lib/python3.10/dist-packages/airflow/example_dags/example_latest_only_with_trigger.py
[2024-01-08T18:49:13.123+0300] {processor.py:840} INFO - DAG(s) 'latest_only_with_trigger' retrieved from /usr/local/lib/python3.10/dist-packages/airflow/example_dags/example_latest_only_with_trigger.py
[2024-01-08T18:49:13.482+0300] {logging_mixin.py:188} INFO - [2024-01-08T18:49:13.482+0300] {dag.py:3033} INFO - Sync 1 DAGs
[2024-01-08T18:49:13.631+0300] {logging_mixin.py:188} INFO - [2024-01-08T18:49:13.630+0300] {dag.py:3820} INFO - Setting next_dagrun for latest_only_with_trigger to 2024-01-08T08:00:00+00:00, run_after=2024-01-08T12:00:00+00:00
[2024-01-08T18:49:14.036+0300] {processor.py:183} INFO - Processing /usr/local/lib/python3.10/dist-packages/airflow/example_dags/example_latest_only_with_trigger.py took 1.298 seconds
[2024-01-08T18:49:44.975+0300] {processor.py:161} INFO - Started process (PID=18938) to work on /usr/local/lib/python3.10/dist-packages/airflow/example_dags/example_latest_only_with_trigger.py
[2024-01-08T18:49:44.982+0300] {processor.py:830} INFO - Processing file /usr/local/lib/python3.10/dist-packages/airflow/example_dags/example_latest_only_with_trigger.py for tasks to queue
[2024-01-08T18:49:44.984+0300] {logging_mixin.py:188} INFO - [2024-01-08T18:49:44.984+0300] {dagbag.py:538} INFO - Filling up the DagBag from /usr/local/lib/python3.10/dist-packages/airflow/example_dags/example_latest_only_with_trigger.py
[2024-01-08T18:49:45.022+0300] {processor.py:840} INFO - DAG(s) 'latest_only_with_trigger' retrieved from /usr/local/lib/python3.10/dist-packages/airflow/example_dags/example_latest_only_with_trigger.py
[2024-01-08T18:49:45.163+0300] {logging_mixin.py:188} INFO - [2024-01-08T18:49:45.162+0300] {dag.py:3033} INFO - Sync 1 DAGs
[2024-01-08T18:49:45.229+0300] {logging_mixin.py:188} INFO - [2024-01-08T18:49:45.229+0300] {dag.py:3820} INFO - Setting next_dagrun for latest_only_with_trigger to 2024-01-08T08:00:00+00:00, run_after=2024-01-08T12:00:00+00:00
[2024-01-08T18:49:45.293+0300] {processor.py:183} INFO - Processing /usr/local/lib/python3.10/dist-packages/airflow/example_dags/example_latest_only_with_trigger.py took 0.342 seconds
[2024-01-08T18:50:15.600+0300] {processor.py:161} INFO - Started process (PID=19252) to work on /usr/local/lib/python3.10/dist-packages/airflow/example_dags/example_latest_only_with_trigger.py
[2024-01-08T18:50:15.603+0300] {processor.py:830} INFO - Processing file /usr/local/lib/python3.10/dist-packages/airflow/example_dags/example_latest_only_with_trigger.py for tasks to queue
[2024-01-08T18:50:15.605+0300] {logging_mixin.py:188} INFO - [2024-01-08T18:50:15.604+0300] {dagbag.py:538} INFO - Filling up the DagBag from /usr/local/lib/python3.10/dist-packages/airflow/example_dags/example_latest_only_with_trigger.py
[2024-01-08T18:50:15.651+0300] {processor.py:840} INFO - DAG(s) 'latest_only_with_trigger' retrieved from /usr/local/lib/python3.10/dist-packages/airflow/example_dags/example_latest_only_with_trigger.py
[2024-01-08T18:50:15.787+0300] {logging_mixin.py:188} INFO - [2024-01-08T18:50:15.787+0300] {dag.py:3033} INFO - Sync 1 DAGs
[2024-01-08T18:50:15.851+0300] {logging_mixin.py:188} INFO - [2024-01-08T18:50:15.850+0300] {dag.py:3820} INFO - Setting next_dagrun for latest_only_with_trigger to 2024-01-08T08:00:00+00:00, run_after=2024-01-08T12:00:00+00:00
[2024-01-08T18:50:15.910+0300] {processor.py:183} INFO - Processing /usr/local/lib/python3.10/dist-packages/airflow/example_dags/example_latest_only_with_trigger.py took 0.323 seconds
[2024-01-08T18:50:46.422+0300] {processor.py:161} INFO - Started process (PID=19566) to work on /usr/local/lib/python3.10/dist-packages/airflow/example_dags/example_latest_only_with_trigger.py
[2024-01-08T18:50:46.429+0300] {processor.py:830} INFO - Processing file /usr/local/lib/python3.10/dist-packages/airflow/example_dags/example_latest_only_with_trigger.py for tasks to queue
[2024-01-08T18:50:46.433+0300] {logging_mixin.py:188} INFO - [2024-01-08T18:50:46.431+0300] {dagbag.py:538} INFO - Filling up the DagBag from /usr/local/lib/python3.10/dist-packages/airflow/example_dags/example_latest_only_with_trigger.py
[2024-01-08T18:50:46.452+0300] {processor.py:840} INFO - DAG(s) 'latest_only_with_trigger' retrieved from /usr/local/lib/python3.10/dist-packages/airflow/example_dags/example_latest_only_with_trigger.py
[2024-01-08T18:50:46.658+0300] {logging_mixin.py:188} INFO - [2024-01-08T18:50:46.657+0300] {dag.py:3033} INFO - Sync 1 DAGs
[2024-01-08T18:50:46.729+0300] {logging_mixin.py:188} INFO - [2024-01-08T18:50:46.728+0300] {dag.py:3820} INFO - Setting next_dagrun for latest_only_with_trigger to 2024-01-08T08:00:00+00:00, run_after=2024-01-08T12:00:00+00:00
[2024-01-08T18:50:46.781+0300] {processor.py:183} INFO - Processing /usr/local/lib/python3.10/dist-packages/airflow/example_dags/example_latest_only_with_trigger.py took 0.371 seconds
[2024-01-08T18:51:17.782+0300] {processor.py:161} INFO - Started process (PID=19943) to work on /usr/local/lib/python3.10/dist-packages/airflow/example_dags/example_latest_only_with_trigger.py
[2024-01-08T18:51:17.787+0300] {processor.py:830} INFO - Processing file /usr/local/lib/python3.10/dist-packages/airflow/example_dags/example_latest_only_with_trigger.py for tasks to queue
[2024-01-08T18:51:17.789+0300] {logging_mixin.py:188} INFO - [2024-01-08T18:51:17.788+0300] {dagbag.py:538} INFO - Filling up the DagBag from /usr/local/lib/python3.10/dist-packages/airflow/example_dags/example_latest_only_with_trigger.py
[2024-01-08T18:51:17.824+0300] {processor.py:840} INFO - DAG(s) 'latest_only_with_trigger' retrieved from /usr/local/lib/python3.10/dist-packages/airflow/example_dags/example_latest_only_with_trigger.py
[2024-01-08T18:51:18.115+0300] {logging_mixin.py:188} INFO - [2024-01-08T18:51:18.114+0300] {dag.py:3033} INFO - Sync 1 DAGs
[2024-01-08T18:51:18.275+0300] {logging_mixin.py:188} INFO - [2024-01-08T18:51:18.274+0300] {dag.py:3820} INFO - Setting next_dagrun for latest_only_with_trigger to 2024-01-08T08:00:00+00:00, run_after=2024-01-08T12:00:00+00:00
[2024-01-08T18:51:18.358+0300] {processor.py:183} INFO - Processing /usr/local/lib/python3.10/dist-packages/airflow/example_dags/example_latest_only_with_trigger.py took 0.592 seconds
[2024-01-08T18:51:48.897+0300] {processor.py:161} INFO - Started process (PID=20323) to work on /usr/local/lib/python3.10/dist-packages/airflow/example_dags/example_latest_only_with_trigger.py
[2024-01-08T18:51:48.900+0300] {processor.py:830} INFO - Processing file /usr/local/lib/python3.10/dist-packages/airflow/example_dags/example_latest_only_with_trigger.py for tasks to queue
[2024-01-08T18:51:48.910+0300] {logging_mixin.py:188} INFO - [2024-01-08T18:51:48.909+0300] {dagbag.py:538} INFO - Filling up the DagBag from /usr/local/lib/python3.10/dist-packages/airflow/example_dags/example_latest_only_with_trigger.py
[2024-01-08T18:51:48.965+0300] {processor.py:840} INFO - DAG(s) 'latest_only_with_trigger' retrieved from /usr/local/lib/python3.10/dist-packages/airflow/example_dags/example_latest_only_with_trigger.py
[2024-01-08T18:51:49.466+0300] {logging_mixin.py:188} INFO - [2024-01-08T18:51:49.466+0300] {dag.py:3033} INFO - Sync 1 DAGs
[2024-01-08T18:51:50.063+0300] {logging_mixin.py:188} INFO - [2024-01-08T18:51:50.063+0300] {dag.py:3820} INFO - Setting next_dagrun for latest_only_with_trigger to 2024-01-08T08:00:00+00:00, run_after=2024-01-08T12:00:00+00:00
[2024-01-08T18:51:50.474+0300] {processor.py:183} INFO - Processing /usr/local/lib/python3.10/dist-packages/airflow/example_dags/example_latest_only_with_trigger.py took 1.600 seconds
[2024-01-08T18:52:35.195+0300] {processor.py:161} INFO - Started process (PID=20841) to work on /usr/local/lib/python3.10/dist-packages/airflow/example_dags/example_latest_only_with_trigger.py
[2024-01-08T18:52:35.203+0300] {processor.py:830} INFO - Processing file /usr/local/lib/python3.10/dist-packages/airflow/example_dags/example_latest_only_with_trigger.py for tasks to queue
[2024-01-08T18:52:35.205+0300] {logging_mixin.py:188} INFO - [2024-01-08T18:52:35.204+0300] {dagbag.py:538} INFO - Filling up the DagBag from /usr/local/lib/python3.10/dist-packages/airflow/example_dags/example_latest_only_with_trigger.py
[2024-01-08T18:52:35.247+0300] {processor.py:840} INFO - DAG(s) 'latest_only_with_trigger' retrieved from /usr/local/lib/python3.10/dist-packages/airflow/example_dags/example_latest_only_with_trigger.py
[2024-01-08T18:52:35.392+0300] {logging_mixin.py:188} INFO - [2024-01-08T18:52:35.391+0300] {dag.py:3033} INFO - Sync 1 DAGs
[2024-01-08T18:52:35.502+0300] {logging_mixin.py:188} INFO - [2024-01-08T18:52:35.502+0300] {dag.py:3820} INFO - Setting next_dagrun for latest_only_with_trigger to 2024-01-08T08:00:00+00:00, run_after=2024-01-08T12:00:00+00:00
[2024-01-08T18:52:35.622+0300] {processor.py:183} INFO - Processing /usr/local/lib/python3.10/dist-packages/airflow/example_dags/example_latest_only_with_trigger.py took 0.458 seconds
[2024-01-08T18:53:42.965+0300] {processor.py:161} INFO - Started process (PID=21416) to work on /usr/local/lib/python3.10/dist-packages/airflow/example_dags/example_latest_only_with_trigger.py
[2024-01-08T18:53:42.996+0300] {processor.py:830} INFO - Processing file /usr/local/lib/python3.10/dist-packages/airflow/example_dags/example_latest_only_with_trigger.py for tasks to queue
[2024-01-08T18:53:43.021+0300] {logging_mixin.py:188} INFO - [2024-01-08T18:53:43.020+0300] {dagbag.py:538} INFO - Filling up the DagBag from /usr/local/lib/python3.10/dist-packages/airflow/example_dags/example_latest_only_with_trigger.py
[2024-01-08T18:53:43.066+0300] {processor.py:840} INFO - DAG(s) 'latest_only_with_trigger' retrieved from /usr/local/lib/python3.10/dist-packages/airflow/example_dags/example_latest_only_with_trigger.py
[2024-01-08T18:53:43.552+0300] {logging_mixin.py:188} INFO - [2024-01-08T18:53:43.551+0300] {dag.py:3033} INFO - Sync 1 DAGs
[2024-01-08T18:53:44.073+0300] {logging_mixin.py:188} INFO - [2024-01-08T18:53:44.073+0300] {dag.py:3820} INFO - Setting next_dagrun for latest_only_with_trigger to 2024-01-08T08:00:00+00:00, run_after=2024-01-08T12:00:00+00:00
[2024-01-08T18:53:44.413+0300] {processor.py:183} INFO - Processing /usr/local/lib/python3.10/dist-packages/airflow/example_dags/example_latest_only_with_trigger.py took 1.588 seconds
[2024-01-08T18:54:23.235+0300] {processor.py:161} INFO - Started process (PID=21828) to work on /usr/local/lib/python3.10/dist-packages/airflow/example_dags/example_latest_only_with_trigger.py
[2024-01-08T18:54:23.250+0300] {processor.py:830} INFO - Processing file /usr/local/lib/python3.10/dist-packages/airflow/example_dags/example_latest_only_with_trigger.py for tasks to queue
[2024-01-08T18:54:23.252+0300] {logging_mixin.py:188} INFO - [2024-01-08T18:54:23.251+0300] {dagbag.py:538} INFO - Filling up the DagBag from /usr/local/lib/python3.10/dist-packages/airflow/example_dags/example_latest_only_with_trigger.py
[2024-01-08T18:54:23.297+0300] {processor.py:840} INFO - DAG(s) 'latest_only_with_trigger' retrieved from /usr/local/lib/python3.10/dist-packages/airflow/example_dags/example_latest_only_with_trigger.py
[2024-01-08T18:54:23.438+0300] {logging_mixin.py:188} INFO - [2024-01-08T18:54:23.437+0300] {dag.py:3033} INFO - Sync 1 DAGs
[2024-01-08T18:54:23.675+0300] {logging_mixin.py:188} INFO - [2024-01-08T18:54:23.675+0300] {dag.py:3820} INFO - Setting next_dagrun for latest_only_with_trigger to 2024-01-08T08:00:00+00:00, run_after=2024-01-08T12:00:00+00:00
[2024-01-08T18:54:23.899+0300] {processor.py:183} INFO - Processing /usr/local/lib/python3.10/dist-packages/airflow/example_dags/example_latest_only_with_trigger.py took 0.702 seconds
[2024-01-08T18:54:58.733+0300] {processor.py:161} INFO - Started process (PID=22299) to work on /usr/local/lib/python3.10/dist-packages/airflow/example_dags/example_latest_only_with_trigger.py
[2024-01-08T18:54:58.742+0300] {processor.py:830} INFO - Processing file /usr/local/lib/python3.10/dist-packages/airflow/example_dags/example_latest_only_with_trigger.py for tasks to queue
[2024-01-08T18:54:58.744+0300] {logging_mixin.py:188} INFO - [2024-01-08T18:54:58.743+0300] {dagbag.py:538} INFO - Filling up the DagBag from /usr/local/lib/python3.10/dist-packages/airflow/example_dags/example_latest_only_with_trigger.py
[2024-01-08T18:54:58.799+0300] {processor.py:840} INFO - DAG(s) 'latest_only_with_trigger' retrieved from /usr/local/lib/python3.10/dist-packages/airflow/example_dags/example_latest_only_with_trigger.py
[2024-01-08T18:54:58.981+0300] {logging_mixin.py:188} INFO - [2024-01-08T18:54:58.975+0300] {dag.py:3033} INFO - Sync 1 DAGs
[2024-01-08T18:54:59.226+0300] {logging_mixin.py:188} INFO - [2024-01-08T18:54:59.226+0300] {dag.py:3820} INFO - Setting next_dagrun for latest_only_with_trigger to 2024-01-08T08:00:00+00:00, run_after=2024-01-08T12:00:00+00:00
[2024-01-08T18:54:59.331+0300] {processor.py:183} INFO - Processing /usr/local/lib/python3.10/dist-packages/airflow/example_dags/example_latest_only_with_trigger.py took 0.622 seconds
[2024-01-08T18:55:37.924+0300] {processor.py:161} INFO - Started process (PID=22735) to work on /usr/local/lib/python3.10/dist-packages/airflow/example_dags/example_latest_only_with_trigger.py
[2024-01-08T18:55:37.929+0300] {processor.py:830} INFO - Processing file /usr/local/lib/python3.10/dist-packages/airflow/example_dags/example_latest_only_with_trigger.py for tasks to queue
[2024-01-08T18:55:37.931+0300] {logging_mixin.py:188} INFO - [2024-01-08T18:55:37.930+0300] {dagbag.py:538} INFO - Filling up the DagBag from /usr/local/lib/python3.10/dist-packages/airflow/example_dags/example_latest_only_with_trigger.py
[2024-01-08T18:55:37.952+0300] {processor.py:840} INFO - DAG(s) 'latest_only_with_trigger' retrieved from /usr/local/lib/python3.10/dist-packages/airflow/example_dags/example_latest_only_with_trigger.py
[2024-01-08T18:55:38.051+0300] {logging_mixin.py:188} INFO - [2024-01-08T18:55:38.051+0300] {dag.py:3033} INFO - Sync 1 DAGs
[2024-01-08T18:55:38.141+0300] {logging_mixin.py:188} INFO - [2024-01-08T18:55:38.141+0300] {dag.py:3820} INFO - Setting next_dagrun for latest_only_with_trigger to 2024-01-08T08:00:00+00:00, run_after=2024-01-08T12:00:00+00:00
[2024-01-08T18:55:38.210+0300] {processor.py:183} INFO - Processing /usr/local/lib/python3.10/dist-packages/airflow/example_dags/example_latest_only_with_trigger.py took 0.311 seconds
[2024-01-08T18:56:08.592+0300] {processor.py:161} INFO - Started process (PID=23052) to work on /usr/local/lib/python3.10/dist-packages/airflow/example_dags/example_latest_only_with_trigger.py
[2024-01-08T18:56:08.609+0300] {processor.py:830} INFO - Processing file /usr/local/lib/python3.10/dist-packages/airflow/example_dags/example_latest_only_with_trigger.py for tasks to queue
[2024-01-08T18:56:08.611+0300] {logging_mixin.py:188} INFO - [2024-01-08T18:56:08.611+0300] {dagbag.py:538} INFO - Filling up the DagBag from /usr/local/lib/python3.10/dist-packages/airflow/example_dags/example_latest_only_with_trigger.py
[2024-01-08T18:56:08.655+0300] {processor.py:840} INFO - DAG(s) 'latest_only_with_trigger' retrieved from /usr/local/lib/python3.10/dist-packages/airflow/example_dags/example_latest_only_with_trigger.py
[2024-01-08T18:56:08.778+0300] {logging_mixin.py:188} INFO - [2024-01-08T18:56:08.777+0300] {dag.py:3033} INFO - Sync 1 DAGs
[2024-01-08T18:56:08.846+0300] {logging_mixin.py:188} INFO - [2024-01-08T18:56:08.846+0300] {dag.py:3820} INFO - Setting next_dagrun for latest_only_with_trigger to 2024-01-08T08:00:00+00:00, run_after=2024-01-08T12:00:00+00:00
[2024-01-08T18:56:08.902+0300] {processor.py:183} INFO - Processing /usr/local/lib/python3.10/dist-packages/airflow/example_dags/example_latest_only_with_trigger.py took 0.336 seconds
[2024-01-08T18:56:39.029+0300] {processor.py:161} INFO - Started process (PID=23365) to work on /usr/local/lib/python3.10/dist-packages/airflow/example_dags/example_latest_only_with_trigger.py
[2024-01-08T18:56:39.031+0300] {processor.py:830} INFO - Processing file /usr/local/lib/python3.10/dist-packages/airflow/example_dags/example_latest_only_with_trigger.py for tasks to queue
[2024-01-08T18:56:39.033+0300] {logging_mixin.py:188} INFO - [2024-01-08T18:56:39.032+0300] {dagbag.py:538} INFO - Filling up the DagBag from /usr/local/lib/python3.10/dist-packages/airflow/example_dags/example_latest_only_with_trigger.py
[2024-01-08T18:56:39.050+0300] {processor.py:840} INFO - DAG(s) 'latest_only_with_trigger' retrieved from /usr/local/lib/python3.10/dist-packages/airflow/example_dags/example_latest_only_with_trigger.py
[2024-01-08T18:56:39.152+0300] {logging_mixin.py:188} INFO - [2024-01-08T18:56:39.151+0300] {dag.py:3033} INFO - Sync 1 DAGs
[2024-01-08T18:56:39.223+0300] {logging_mixin.py:188} INFO - [2024-01-08T18:56:39.223+0300] {dag.py:3820} INFO - Setting next_dagrun for latest_only_with_trigger to 2024-01-08T08:00:00+00:00, run_after=2024-01-08T12:00:00+00:00
[2024-01-08T18:56:39.281+0300] {processor.py:183} INFO - Processing /usr/local/lib/python3.10/dist-packages/airflow/example_dags/example_latest_only_with_trigger.py took 0.266 seconds
[2024-01-08T18:57:12.644+0300] {processor.py:161} INFO - Started process (PID=23750) to work on /usr/local/lib/python3.10/dist-packages/airflow/example_dags/example_latest_only_with_trigger.py
[2024-01-08T18:57:12.652+0300] {processor.py:830} INFO - Processing file /usr/local/lib/python3.10/dist-packages/airflow/example_dags/example_latest_only_with_trigger.py for tasks to queue
[2024-01-08T18:57:12.659+0300] {logging_mixin.py:188} INFO - [2024-01-08T18:57:12.658+0300] {dagbag.py:538} INFO - Filling up the DagBag from /usr/local/lib/python3.10/dist-packages/airflow/example_dags/example_latest_only_with_trigger.py
[2024-01-08T18:57:12.702+0300] {processor.py:840} INFO - DAG(s) 'latest_only_with_trigger' retrieved from /usr/local/lib/python3.10/dist-packages/airflow/example_dags/example_latest_only_with_trigger.py
[2024-01-08T18:57:12.894+0300] {logging_mixin.py:188} INFO - [2024-01-08T18:57:12.894+0300] {dag.py:3033} INFO - Sync 1 DAGs
[2024-01-08T18:57:13.029+0300] {logging_mixin.py:188} INFO - [2024-01-08T18:57:13.027+0300] {dag.py:3820} INFO - Setting next_dagrun for latest_only_with_trigger to 2024-01-08T08:00:00+00:00, run_after=2024-01-08T12:00:00+00:00
[2024-01-08T18:57:13.088+0300] {processor.py:183} INFO - Processing /usr/local/lib/python3.10/dist-packages/airflow/example_dags/example_latest_only_with_trigger.py took 0.473 seconds
[2024-01-08T18:57:48.512+0300] {processor.py:161} INFO - Started process (PID=24118) to work on /usr/local/lib/python3.10/dist-packages/airflow/example_dags/example_latest_only_with_trigger.py
[2024-01-08T18:57:48.550+0300] {processor.py:830} INFO - Processing file /usr/local/lib/python3.10/dist-packages/airflow/example_dags/example_latest_only_with_trigger.py for tasks to queue
[2024-01-08T18:57:48.552+0300] {logging_mixin.py:188} INFO - [2024-01-08T18:57:48.551+0300] {dagbag.py:538} INFO - Filling up the DagBag from /usr/local/lib/python3.10/dist-packages/airflow/example_dags/example_latest_only_with_trigger.py
[2024-01-08T18:57:48.704+0300] {processor.py:840} INFO - DAG(s) 'latest_only_with_trigger' retrieved from /usr/local/lib/python3.10/dist-packages/airflow/example_dags/example_latest_only_with_trigger.py
[2024-01-08T18:57:49.306+0300] {logging_mixin.py:188} INFO - [2024-01-08T18:57:49.305+0300] {dag.py:3033} INFO - Sync 1 DAGs
[2024-01-08T18:57:49.556+0300] {logging_mixin.py:188} INFO - [2024-01-08T18:57:49.555+0300] {dag.py:3820} INFO - Setting next_dagrun for latest_only_with_trigger to 2024-01-08T08:00:00+00:00, run_after=2024-01-08T12:00:00+00:00
[2024-01-08T18:57:49.736+0300] {processor.py:183} INFO - Processing /usr/local/lib/python3.10/dist-packages/airflow/example_dags/example_latest_only_with_trigger.py took 1.274 seconds
[2024-01-08T18:58:20.533+0300] {processor.py:161} INFO - Started process (PID=24479) to work on /usr/local/lib/python3.10/dist-packages/airflow/example_dags/example_latest_only_with_trigger.py
[2024-01-08T18:58:20.535+0300] {processor.py:830} INFO - Processing file /usr/local/lib/python3.10/dist-packages/airflow/example_dags/example_latest_only_with_trigger.py for tasks to queue
[2024-01-08T18:58:20.569+0300] {logging_mixin.py:188} INFO - [2024-01-08T18:58:20.568+0300] {dagbag.py:538} INFO - Filling up the DagBag from /usr/local/lib/python3.10/dist-packages/airflow/example_dags/example_latest_only_with_trigger.py
[2024-01-08T18:58:20.636+0300] {processor.py:840} INFO - DAG(s) 'latest_only_with_trigger' retrieved from /usr/local/lib/python3.10/dist-packages/airflow/example_dags/example_latest_only_with_trigger.py
[2024-01-08T18:58:20.959+0300] {logging_mixin.py:188} INFO - [2024-01-08T18:58:20.954+0300] {dag.py:3033} INFO - Sync 1 DAGs
[2024-01-08T18:58:21.163+0300] {logging_mixin.py:188} INFO - [2024-01-08T18:58:21.163+0300] {dag.py:3820} INFO - Setting next_dagrun for latest_only_with_trigger to 2024-01-08T08:00:00+00:00, run_after=2024-01-08T12:00:00+00:00
[2024-01-08T18:58:21.344+0300] {processor.py:183} INFO - Processing /usr/local/lib/python3.10/dist-packages/airflow/example_dags/example_latest_only_with_trigger.py took 0.823 seconds
[2024-01-08T18:58:55.827+0300] {processor.py:161} INFO - Started process (PID=24940) to work on /usr/local/lib/python3.10/dist-packages/airflow/example_dags/example_latest_only_with_trigger.py
[2024-01-08T18:58:55.841+0300] {processor.py:830} INFO - Processing file /usr/local/lib/python3.10/dist-packages/airflow/example_dags/example_latest_only_with_trigger.py for tasks to queue
[2024-01-08T18:58:55.843+0300] {logging_mixin.py:188} INFO - [2024-01-08T18:58:55.842+0300] {dagbag.py:538} INFO - Filling up the DagBag from /usr/local/lib/python3.10/dist-packages/airflow/example_dags/example_latest_only_with_trigger.py
[2024-01-08T18:58:55.888+0300] {processor.py:840} INFO - DAG(s) 'latest_only_with_trigger' retrieved from /usr/local/lib/python3.10/dist-packages/airflow/example_dags/example_latest_only_with_trigger.py
[2024-01-08T18:58:56.140+0300] {logging_mixin.py:188} INFO - [2024-01-08T18:58:56.137+0300] {dag.py:3033} INFO - Sync 1 DAGs
[2024-01-08T18:58:56.410+0300] {logging_mixin.py:188} INFO - [2024-01-08T18:58:56.410+0300] {dag.py:3820} INFO - Setting next_dagrun for latest_only_with_trigger to 2024-01-08T08:00:00+00:00, run_after=2024-01-08T12:00:00+00:00
[2024-01-08T18:58:56.597+0300] {processor.py:183} INFO - Processing /usr/local/lib/python3.10/dist-packages/airflow/example_dags/example_latest_only_with_trigger.py took 0.799 seconds
[2024-01-08T18:59:34.663+0300] {processor.py:161} INFO - Started process (PID=25389) to work on /usr/local/lib/python3.10/dist-packages/airflow/example_dags/example_latest_only_with_trigger.py
[2024-01-08T18:59:34.688+0300] {processor.py:830} INFO - Processing file /usr/local/lib/python3.10/dist-packages/airflow/example_dags/example_latest_only_with_trigger.py for tasks to queue
[2024-01-08T18:59:34.690+0300] {logging_mixin.py:188} INFO - [2024-01-08T18:59:34.689+0300] {dagbag.py:538} INFO - Filling up the DagBag from /usr/local/lib/python3.10/dist-packages/airflow/example_dags/example_latest_only_with_trigger.py
[2024-01-08T18:59:34.806+0300] {processor.py:840} INFO - DAG(s) 'latest_only_with_trigger' retrieved from /usr/local/lib/python3.10/dist-packages/airflow/example_dags/example_latest_only_with_trigger.py
[2024-01-08T18:59:35.311+0300] {logging_mixin.py:188} INFO - [2024-01-08T18:59:35.305+0300] {dag.py:3033} INFO - Sync 1 DAGs
[2024-01-08T18:59:35.704+0300] {logging_mixin.py:188} INFO - [2024-01-08T18:59:35.703+0300] {dag.py:3820} INFO - Setting next_dagrun for latest_only_with_trigger to 2024-01-08T08:00:00+00:00, run_after=2024-01-08T12:00:00+00:00
[2024-01-08T18:59:35.896+0300] {processor.py:183} INFO - Processing /usr/local/lib/python3.10/dist-packages/airflow/example_dags/example_latest_only_with_trigger.py took 1.291 seconds
[2024-01-08T19:00:06.135+0300] {processor.py:161} INFO - Started process (PID=25773) to work on /usr/local/lib/python3.10/dist-packages/airflow/example_dags/example_latest_only_with_trigger.py
[2024-01-08T19:00:06.137+0300] {processor.py:830} INFO - Processing file /usr/local/lib/python3.10/dist-packages/airflow/example_dags/example_latest_only_with_trigger.py for tasks to queue
[2024-01-08T19:00:06.139+0300] {logging_mixin.py:188} INFO - [2024-01-08T19:00:06.138+0300] {dagbag.py:538} INFO - Filling up the DagBag from /usr/local/lib/python3.10/dist-packages/airflow/example_dags/example_latest_only_with_trigger.py
[2024-01-08T19:00:06.157+0300] {processor.py:840} INFO - DAG(s) 'latest_only_with_trigger' retrieved from /usr/local/lib/python3.10/dist-packages/airflow/example_dags/example_latest_only_with_trigger.py
[2024-01-08T19:00:06.254+0300] {logging_mixin.py:188} INFO - [2024-01-08T19:00:06.254+0300] {dag.py:3033} INFO - Sync 1 DAGs
[2024-01-08T19:00:06.305+0300] {logging_mixin.py:188} INFO - [2024-01-08T19:00:06.305+0300] {dag.py:3820} INFO - Setting next_dagrun for latest_only_with_trigger to 2024-01-08T12:00:00+00:00, run_after=2024-01-08T16:00:00+00:00
[2024-01-08T19:00:06.353+0300] {processor.py:183} INFO - Processing /usr/local/lib/python3.10/dist-packages/airflow/example_dags/example_latest_only_with_trigger.py took 0.228 seconds
[2024-01-08T19:00:36.948+0300] {processor.py:161} INFO - Started process (PID=26184) to work on /usr/local/lib/python3.10/dist-packages/airflow/example_dags/example_latest_only_with_trigger.py
[2024-01-08T19:00:36.960+0300] {processor.py:830} INFO - Processing file /usr/local/lib/python3.10/dist-packages/airflow/example_dags/example_latest_only_with_trigger.py for tasks to queue
[2024-01-08T19:00:36.977+0300] {logging_mixin.py:188} INFO - [2024-01-08T19:00:36.965+0300] {dagbag.py:538} INFO - Filling up the DagBag from /usr/local/lib/python3.10/dist-packages/airflow/example_dags/example_latest_only_with_trigger.py
[2024-01-08T19:00:37.035+0300] {processor.py:840} INFO - DAG(s) 'latest_only_with_trigger' retrieved from /usr/local/lib/python3.10/dist-packages/airflow/example_dags/example_latest_only_with_trigger.py
[2024-01-08T19:00:37.179+0300] {logging_mixin.py:188} INFO - [2024-01-08T19:00:37.179+0300] {dag.py:3033} INFO - Sync 1 DAGs
[2024-01-08T19:00:37.270+0300] {logging_mixin.py:188} INFO - [2024-01-08T19:00:37.269+0300] {dag.py:3820} INFO - Setting next_dagrun for latest_only_with_trigger to 2024-01-08T12:00:00+00:00, run_after=2024-01-08T16:00:00+00:00
[2024-01-08T19:00:37.372+0300] {processor.py:183} INFO - Processing /usr/local/lib/python3.10/dist-packages/airflow/example_dags/example_latest_only_with_trigger.py took 0.437 seconds
[2024-01-08T19:01:07.511+0300] {processor.py:161} INFO - Started process (PID=26578) to work on /usr/local/lib/python3.10/dist-packages/airflow/example_dags/example_latest_only_with_trigger.py
[2024-01-08T19:01:07.515+0300] {processor.py:830} INFO - Processing file /usr/local/lib/python3.10/dist-packages/airflow/example_dags/example_latest_only_with_trigger.py for tasks to queue
[2024-01-08T19:01:07.518+0300] {logging_mixin.py:188} INFO - [2024-01-08T19:01:07.517+0300] {dagbag.py:538} INFO - Filling up the DagBag from /usr/local/lib/python3.10/dist-packages/airflow/example_dags/example_latest_only_with_trigger.py
[2024-01-08T19:01:07.541+0300] {processor.py:840} INFO - DAG(s) 'latest_only_with_trigger' retrieved from /usr/local/lib/python3.10/dist-packages/airflow/example_dags/example_latest_only_with_trigger.py
[2024-01-08T19:01:07.660+0300] {logging_mixin.py:188} INFO - [2024-01-08T19:01:07.657+0300] {dag.py:3033} INFO - Sync 1 DAGs
[2024-01-08T19:01:07.797+0300] {logging_mixin.py:188} INFO - [2024-01-08T19:01:07.797+0300] {dag.py:3820} INFO - Setting next_dagrun for latest_only_with_trigger to 2024-01-08T12:00:00+00:00, run_after=2024-01-08T16:00:00+00:00
[2024-01-08T19:01:07.906+0300] {processor.py:183} INFO - Processing /usr/local/lib/python3.10/dist-packages/airflow/example_dags/example_latest_only_with_trigger.py took 0.408 seconds
[2024-01-08T19:01:38.327+0300] {processor.py:161} INFO - Started process (PID=26973) to work on /usr/local/lib/python3.10/dist-packages/airflow/example_dags/example_latest_only_with_trigger.py
[2024-01-08T19:01:38.339+0300] {processor.py:830} INFO - Processing file /usr/local/lib/python3.10/dist-packages/airflow/example_dags/example_latest_only_with_trigger.py for tasks to queue
[2024-01-08T19:01:38.341+0300] {logging_mixin.py:188} INFO - [2024-01-08T19:01:38.340+0300] {dagbag.py:538} INFO - Filling up the DagBag from /usr/local/lib/python3.10/dist-packages/airflow/example_dags/example_latest_only_with_trigger.py
[2024-01-08T19:01:38.410+0300] {processor.py:840} INFO - DAG(s) 'latest_only_with_trigger' retrieved from /usr/local/lib/python3.10/dist-packages/airflow/example_dags/example_latest_only_with_trigger.py
[2024-01-08T19:01:38.626+0300] {logging_mixin.py:188} INFO - [2024-01-08T19:01:38.625+0300] {dag.py:3033} INFO - Sync 1 DAGs
[2024-01-08T19:01:38.738+0300] {logging_mixin.py:188} INFO - [2024-01-08T19:01:38.738+0300] {dag.py:3820} INFO - Setting next_dagrun for latest_only_with_trigger to 2024-01-08T12:00:00+00:00, run_after=2024-01-08T16:00:00+00:00
[2024-01-08T19:01:38.816+0300] {processor.py:183} INFO - Processing /usr/local/lib/python3.10/dist-packages/airflow/example_dags/example_latest_only_with_trigger.py took 0.514 seconds
[2024-01-08T19:02:09.123+0300] {processor.py:161} INFO - Started process (PID=27289) to work on /usr/local/lib/python3.10/dist-packages/airflow/example_dags/example_latest_only_with_trigger.py
[2024-01-08T19:02:09.128+0300] {processor.py:830} INFO - Processing file /usr/local/lib/python3.10/dist-packages/airflow/example_dags/example_latest_only_with_trigger.py for tasks to queue
[2024-01-08T19:02:09.131+0300] {logging_mixin.py:188} INFO - [2024-01-08T19:02:09.130+0300] {dagbag.py:538} INFO - Filling up the DagBag from /usr/local/lib/python3.10/dist-packages/airflow/example_dags/example_latest_only_with_trigger.py
[2024-01-08T19:02:09.161+0300] {processor.py:840} INFO - DAG(s) 'latest_only_with_trigger' retrieved from /usr/local/lib/python3.10/dist-packages/airflow/example_dags/example_latest_only_with_trigger.py
[2024-01-08T19:02:09.258+0300] {logging_mixin.py:188} INFO - [2024-01-08T19:02:09.258+0300] {dag.py:3033} INFO - Sync 1 DAGs
[2024-01-08T19:02:09.342+0300] {logging_mixin.py:188} INFO - [2024-01-08T19:02:09.342+0300] {dag.py:3820} INFO - Setting next_dagrun for latest_only_with_trigger to 2024-01-08T12:00:00+00:00, run_after=2024-01-08T16:00:00+00:00
[2024-01-08T19:02:09.399+0300] {processor.py:183} INFO - Processing /usr/local/lib/python3.10/dist-packages/airflow/example_dags/example_latest_only_with_trigger.py took 0.293 seconds
[2024-01-08T19:02:40.114+0300] {processor.py:161} INFO - Started process (PID=27607) to work on /usr/local/lib/python3.10/dist-packages/airflow/example_dags/example_latest_only_with_trigger.py
[2024-01-08T19:02:40.118+0300] {processor.py:830} INFO - Processing file /usr/local/lib/python3.10/dist-packages/airflow/example_dags/example_latest_only_with_trigger.py for tasks to queue
[2024-01-08T19:02:40.120+0300] {logging_mixin.py:188} INFO - [2024-01-08T19:02:40.119+0300] {dagbag.py:538} INFO - Filling up the DagBag from /usr/local/lib/python3.10/dist-packages/airflow/example_dags/example_latest_only_with_trigger.py
[2024-01-08T19:02:40.143+0300] {processor.py:840} INFO - DAG(s) 'latest_only_with_trigger' retrieved from /usr/local/lib/python3.10/dist-packages/airflow/example_dags/example_latest_only_with_trigger.py
[2024-01-08T19:02:40.267+0300] {logging_mixin.py:188} INFO - [2024-01-08T19:02:40.267+0300] {dag.py:3033} INFO - Sync 1 DAGs
[2024-01-08T19:02:40.352+0300] {logging_mixin.py:188} INFO - [2024-01-08T19:02:40.352+0300] {dag.py:3820} INFO - Setting next_dagrun for latest_only_with_trigger to 2024-01-08T12:00:00+00:00, run_after=2024-01-08T16:00:00+00:00
[2024-01-08T19:02:40.424+0300] {processor.py:183} INFO - Processing /usr/local/lib/python3.10/dist-packages/airflow/example_dags/example_latest_only_with_trigger.py took 0.329 seconds
[2024-01-08T19:03:23.878+0300] {processor.py:161} INFO - Started process (PID=28019) to work on /usr/local/lib/python3.10/dist-packages/airflow/example_dags/example_latest_only_with_trigger.py
[2024-01-08T19:03:23.882+0300] {processor.py:830} INFO - Processing file /usr/local/lib/python3.10/dist-packages/airflow/example_dags/example_latest_only_with_trigger.py for tasks to queue
[2024-01-08T19:03:23.887+0300] {logging_mixin.py:188} INFO - [2024-01-08T19:03:23.886+0300] {dagbag.py:538} INFO - Filling up the DagBag from /usr/local/lib/python3.10/dist-packages/airflow/example_dags/example_latest_only_with_trigger.py
[2024-01-08T19:03:23.943+0300] {processor.py:840} INFO - DAG(s) 'latest_only_with_trigger' retrieved from /usr/local/lib/python3.10/dist-packages/airflow/example_dags/example_latest_only_with_trigger.py
[2024-01-08T19:03:24.181+0300] {logging_mixin.py:188} INFO - [2024-01-08T19:03:24.181+0300] {dag.py:3033} INFO - Sync 1 DAGs
[2024-01-08T19:03:24.263+0300] {logging_mixin.py:188} INFO - [2024-01-08T19:03:24.263+0300] {dag.py:3820} INFO - Setting next_dagrun for latest_only_with_trigger to 2024-01-08T12:00:00+00:00, run_after=2024-01-08T16:00:00+00:00
[2024-01-08T19:03:24.326+0300] {processor.py:183} INFO - Processing /usr/local/lib/python3.10/dist-packages/airflow/example_dags/example_latest_only_with_trigger.py took 0.467 seconds
[2024-01-08T19:03:54.562+0300] {processor.py:161} INFO - Started process (PID=28402) to work on /usr/local/lib/python3.10/dist-packages/airflow/example_dags/example_latest_only_with_trigger.py
[2024-01-08T19:03:54.565+0300] {processor.py:830} INFO - Processing file /usr/local/lib/python3.10/dist-packages/airflow/example_dags/example_latest_only_with_trigger.py for tasks to queue
[2024-01-08T19:03:54.568+0300] {logging_mixin.py:188} INFO - [2024-01-08T19:03:54.567+0300] {dagbag.py:538} INFO - Filling up the DagBag from /usr/local/lib/python3.10/dist-packages/airflow/example_dags/example_latest_only_with_trigger.py
[2024-01-08T19:03:54.590+0300] {processor.py:840} INFO - DAG(s) 'latest_only_with_trigger' retrieved from /usr/local/lib/python3.10/dist-packages/airflow/example_dags/example_latest_only_with_trigger.py
[2024-01-08T19:03:54.706+0300] {logging_mixin.py:188} INFO - [2024-01-08T19:03:54.705+0300] {dag.py:3033} INFO - Sync 1 DAGs
[2024-01-08T19:03:54.816+0300] {logging_mixin.py:188} INFO - [2024-01-08T19:03:54.815+0300] {dag.py:3820} INFO - Setting next_dagrun for latest_only_with_trigger to 2024-01-08T12:00:00+00:00, run_after=2024-01-08T16:00:00+00:00
[2024-01-08T19:03:54.937+0300] {processor.py:183} INFO - Processing /usr/local/lib/python3.10/dist-packages/airflow/example_dags/example_latest_only_with_trigger.py took 0.389 seconds
[2024-01-08T19:04:25.396+0300] {processor.py:161} INFO - Started process (PID=28760) to work on /usr/local/lib/python3.10/dist-packages/airflow/example_dags/example_latest_only_with_trigger.py
[2024-01-08T19:04:25.411+0300] {processor.py:830} INFO - Processing file /usr/local/lib/python3.10/dist-packages/airflow/example_dags/example_latest_only_with_trigger.py for tasks to queue
[2024-01-08T19:04:25.415+0300] {logging_mixin.py:188} INFO - [2024-01-08T19:04:25.414+0300] {dagbag.py:538} INFO - Filling up the DagBag from /usr/local/lib/python3.10/dist-packages/airflow/example_dags/example_latest_only_with_trigger.py
[2024-01-08T19:04:25.440+0300] {processor.py:840} INFO - DAG(s) 'latest_only_with_trigger' retrieved from /usr/local/lib/python3.10/dist-packages/airflow/example_dags/example_latest_only_with_trigger.py
[2024-01-08T19:04:25.599+0300] {logging_mixin.py:188} INFO - [2024-01-08T19:04:25.598+0300] {dag.py:3033} INFO - Sync 1 DAGs
[2024-01-08T19:04:25.656+0300] {logging_mixin.py:188} INFO - [2024-01-08T19:04:25.655+0300] {dag.py:3820} INFO - Setting next_dagrun for latest_only_with_trigger to 2024-01-08T12:00:00+00:00, run_after=2024-01-08T16:00:00+00:00
[2024-01-08T19:04:25.708+0300] {processor.py:183} INFO - Processing /usr/local/lib/python3.10/dist-packages/airflow/example_dags/example_latest_only_with_trigger.py took 0.342 seconds
[2024-01-08T19:05:00.858+0300] {processor.py:161} INFO - Started process (PID=29220) to work on /usr/local/lib/python3.10/dist-packages/airflow/example_dags/example_latest_only_with_trigger.py
[2024-01-08T19:05:00.861+0300] {processor.py:830} INFO - Processing file /usr/local/lib/python3.10/dist-packages/airflow/example_dags/example_latest_only_with_trigger.py for tasks to queue
[2024-01-08T19:05:00.863+0300] {logging_mixin.py:188} INFO - [2024-01-08T19:05:00.863+0300] {dagbag.py:538} INFO - Filling up the DagBag from /usr/local/lib/python3.10/dist-packages/airflow/example_dags/example_latest_only_with_trigger.py
[2024-01-08T19:05:00.911+0300] {processor.py:840} INFO - DAG(s) 'latest_only_with_trigger' retrieved from /usr/local/lib/python3.10/dist-packages/airflow/example_dags/example_latest_only_with_trigger.py
[2024-01-08T19:05:01.046+0300] {logging_mixin.py:188} INFO - [2024-01-08T19:05:01.046+0300] {dag.py:3033} INFO - Sync 1 DAGs
[2024-01-08T19:05:01.113+0300] {logging_mixin.py:188} INFO - [2024-01-08T19:05:01.113+0300] {dag.py:3820} INFO - Setting next_dagrun for latest_only_with_trigger to 2024-01-08T12:00:00+00:00, run_after=2024-01-08T16:00:00+00:00
[2024-01-08T19:05:01.216+0300] {processor.py:183} INFO - Processing /usr/local/lib/python3.10/dist-packages/airflow/example_dags/example_latest_only_with_trigger.py took 0.395 seconds
[2024-01-08T19:05:39.125+0300] {processor.py:161} INFO - Started process (PID=29652) to work on /usr/local/lib/python3.10/dist-packages/airflow/example_dags/example_latest_only_with_trigger.py
[2024-01-08T19:05:39.138+0300] {processor.py:830} INFO - Processing file /usr/local/lib/python3.10/dist-packages/airflow/example_dags/example_latest_only_with_trigger.py for tasks to queue
[2024-01-08T19:05:39.142+0300] {logging_mixin.py:188} INFO - [2024-01-08T19:05:39.140+0300] {dagbag.py:538} INFO - Filling up the DagBag from /usr/local/lib/python3.10/dist-packages/airflow/example_dags/example_latest_only_with_trigger.py
[2024-01-08T19:05:39.260+0300] {processor.py:840} INFO - DAG(s) 'latest_only_with_trigger' retrieved from /usr/local/lib/python3.10/dist-packages/airflow/example_dags/example_latest_only_with_trigger.py
[2024-01-08T19:05:39.802+0300] {logging_mixin.py:188} INFO - [2024-01-08T19:05:39.801+0300] {dag.py:3033} INFO - Sync 1 DAGs
[2024-01-08T19:05:40.210+0300] {logging_mixin.py:188} INFO - [2024-01-08T19:05:40.175+0300] {dag.py:3820} INFO - Setting next_dagrun for latest_only_with_trigger to 2024-01-08T12:00:00+00:00, run_after=2024-01-08T16:00:00+00:00
[2024-01-08T19:05:40.474+0300] {processor.py:183} INFO - Processing /usr/local/lib/python3.10/dist-packages/airflow/example_dags/example_latest_only_with_trigger.py took 1.456 seconds
[2024-01-08T19:06:11.238+0300] {processor.py:161} INFO - Started process (PID=30021) to work on /usr/local/lib/python3.10/dist-packages/airflow/example_dags/example_latest_only_with_trigger.py
[2024-01-08T19:06:11.241+0300] {processor.py:830} INFO - Processing file /usr/local/lib/python3.10/dist-packages/airflow/example_dags/example_latest_only_with_trigger.py for tasks to queue
[2024-01-08T19:06:11.243+0300] {logging_mixin.py:188} INFO - [2024-01-08T19:06:11.242+0300] {dagbag.py:538} INFO - Filling up the DagBag from /usr/local/lib/python3.10/dist-packages/airflow/example_dags/example_latest_only_with_trigger.py
[2024-01-08T19:06:11.259+0300] {processor.py:840} INFO - DAG(s) 'latest_only_with_trigger' retrieved from /usr/local/lib/python3.10/dist-packages/airflow/example_dags/example_latest_only_with_trigger.py
[2024-01-08T19:06:11.410+0300] {logging_mixin.py:188} INFO - [2024-01-08T19:06:11.409+0300] {dag.py:3033} INFO - Sync 1 DAGs
[2024-01-08T19:06:11.593+0300] {logging_mixin.py:188} INFO - [2024-01-08T19:06:11.593+0300] {dag.py:3820} INFO - Setting next_dagrun for latest_only_with_trigger to 2024-01-08T12:00:00+00:00, run_after=2024-01-08T16:00:00+00:00
[2024-01-08T19:06:11.720+0300] {processor.py:183} INFO - Processing /usr/local/lib/python3.10/dist-packages/airflow/example_dags/example_latest_only_with_trigger.py took 0.492 seconds
[2024-01-08T19:07:05.583+0300] {processor.py:161} INFO - Started process (PID=30527) to work on /usr/local/lib/python3.10/dist-packages/airflow/example_dags/example_latest_only_with_trigger.py
[2024-01-08T19:07:05.627+0300] {processor.py:830} INFO - Processing file /usr/local/lib/python3.10/dist-packages/airflow/example_dags/example_latest_only_with_trigger.py for tasks to queue
[2024-01-08T19:07:05.663+0300] {logging_mixin.py:188} INFO - [2024-01-08T19:07:05.660+0300] {dagbag.py:538} INFO - Filling up the DagBag from /usr/local/lib/python3.10/dist-packages/airflow/example_dags/example_latest_only_with_trigger.py
[2024-01-08T19:07:05.809+0300] {processor.py:840} INFO - DAG(s) 'latest_only_with_trigger' retrieved from /usr/local/lib/python3.10/dist-packages/airflow/example_dags/example_latest_only_with_trigger.py
[2024-01-08T19:07:06.382+0300] {logging_mixin.py:188} INFO - [2024-01-08T19:07:06.382+0300] {dag.py:3033} INFO - Sync 1 DAGs
[2024-01-08T19:07:06.763+0300] {logging_mixin.py:188} INFO - [2024-01-08T19:07:06.762+0300] {dag.py:3820} INFO - Setting next_dagrun for latest_only_with_trigger to 2024-01-08T12:00:00+00:00, run_after=2024-01-08T16:00:00+00:00
[2024-01-08T19:07:07.343+0300] {processor.py:183} INFO - Processing /usr/local/lib/python3.10/dist-packages/airflow/example_dags/example_latest_only_with_trigger.py took 1.845 seconds
[2024-01-08T19:07:39.047+0300] {processor.py:161} INFO - Started process (PID=30922) to work on /usr/local/lib/python3.10/dist-packages/airflow/example_dags/example_latest_only_with_trigger.py
[2024-01-08T19:07:39.051+0300] {processor.py:830} INFO - Processing file /usr/local/lib/python3.10/dist-packages/airflow/example_dags/example_latest_only_with_trigger.py for tasks to queue
[2024-01-08T19:07:39.054+0300] {logging_mixin.py:188} INFO - [2024-01-08T19:07:39.053+0300] {dagbag.py:538} INFO - Filling up the DagBag from /usr/local/lib/python3.10/dist-packages/airflow/example_dags/example_latest_only_with_trigger.py
[2024-01-08T19:07:39.124+0300] {processor.py:840} INFO - DAG(s) 'latest_only_with_trigger' retrieved from /usr/local/lib/python3.10/dist-packages/airflow/example_dags/example_latest_only_with_trigger.py
[2024-01-08T19:07:39.724+0300] {logging_mixin.py:188} INFO - [2024-01-08T19:07:39.723+0300] {dag.py:3033} INFO - Sync 1 DAGs
[2024-01-08T19:07:40.293+0300] {logging_mixin.py:188} INFO - [2024-01-08T19:07:40.292+0300] {dag.py:3820} INFO - Setting next_dagrun for latest_only_with_trigger to 2024-01-08T12:00:00+00:00, run_after=2024-01-08T16:00:00+00:00
[2024-01-08T19:07:40.673+0300] {processor.py:183} INFO - Processing /usr/local/lib/python3.10/dist-packages/airflow/example_dags/example_latest_only_with_trigger.py took 1.712 seconds
[2024-01-08T19:08:10.913+0300] {processor.py:161} INFO - Started process (PID=31284) to work on /usr/local/lib/python3.10/dist-packages/airflow/example_dags/example_latest_only_with_trigger.py
[2024-01-08T19:08:10.916+0300] {processor.py:830} INFO - Processing file /usr/local/lib/python3.10/dist-packages/airflow/example_dags/example_latest_only_with_trigger.py for tasks to queue
[2024-01-08T19:08:10.919+0300] {logging_mixin.py:188} INFO - [2024-01-08T19:08:10.918+0300] {dagbag.py:538} INFO - Filling up the DagBag from /usr/local/lib/python3.10/dist-packages/airflow/example_dags/example_latest_only_with_trigger.py
[2024-01-08T19:08:10.942+0300] {processor.py:840} INFO - DAG(s) 'latest_only_with_trigger' retrieved from /usr/local/lib/python3.10/dist-packages/airflow/example_dags/example_latest_only_with_trigger.py
[2024-01-08T19:08:11.060+0300] {logging_mixin.py:188} INFO - [2024-01-08T19:08:11.059+0300] {dag.py:3033} INFO - Sync 1 DAGs
[2024-01-08T19:08:11.125+0300] {logging_mixin.py:188} INFO - [2024-01-08T19:08:11.125+0300] {dag.py:3820} INFO - Setting next_dagrun for latest_only_with_trigger to 2024-01-08T12:00:00+00:00, run_after=2024-01-08T16:00:00+00:00
[2024-01-08T19:08:11.187+0300] {processor.py:183} INFO - Processing /usr/local/lib/python3.10/dist-packages/airflow/example_dags/example_latest_only_with_trigger.py took 0.285 seconds
[2024-01-08T19:08:41.375+0300] {processor.py:161} INFO - Started process (PID=31600) to work on /usr/local/lib/python3.10/dist-packages/airflow/example_dags/example_latest_only_with_trigger.py
[2024-01-08T19:08:41.379+0300] {processor.py:830} INFO - Processing file /usr/local/lib/python3.10/dist-packages/airflow/example_dags/example_latest_only_with_trigger.py for tasks to queue
[2024-01-08T19:08:41.385+0300] {logging_mixin.py:188} INFO - [2024-01-08T19:08:41.384+0300] {dagbag.py:538} INFO - Filling up the DagBag from /usr/local/lib/python3.10/dist-packages/airflow/example_dags/example_latest_only_with_trigger.py
[2024-01-08T19:08:41.407+0300] {processor.py:840} INFO - DAG(s) 'latest_only_with_trigger' retrieved from /usr/local/lib/python3.10/dist-packages/airflow/example_dags/example_latest_only_with_trigger.py
[2024-01-08T19:08:41.526+0300] {logging_mixin.py:188} INFO - [2024-01-08T19:08:41.526+0300] {dag.py:3033} INFO - Sync 1 DAGs
[2024-01-08T19:08:41.582+0300] {logging_mixin.py:188} INFO - [2024-01-08T19:08:41.581+0300] {dag.py:3820} INFO - Setting next_dagrun for latest_only_with_trigger to 2024-01-08T12:00:00+00:00, run_after=2024-01-08T16:00:00+00:00
[2024-01-08T19:08:41.669+0300] {processor.py:183} INFO - Processing /usr/local/lib/python3.10/dist-packages/airflow/example_dags/example_latest_only_with_trigger.py took 0.304 seconds
[2024-01-08T19:09:12.102+0300] {processor.py:161} INFO - Started process (PID=31979) to work on /usr/local/lib/python3.10/dist-packages/airflow/example_dags/example_latest_only_with_trigger.py
[2024-01-08T19:09:12.104+0300] {processor.py:830} INFO - Processing file /usr/local/lib/python3.10/dist-packages/airflow/example_dags/example_latest_only_with_trigger.py for tasks to queue
[2024-01-08T19:09:12.106+0300] {logging_mixin.py:188} INFO - [2024-01-08T19:09:12.105+0300] {dagbag.py:538} INFO - Filling up the DagBag from /usr/local/lib/python3.10/dist-packages/airflow/example_dags/example_latest_only_with_trigger.py
[2024-01-08T19:09:12.125+0300] {processor.py:840} INFO - DAG(s) 'latest_only_with_trigger' retrieved from /usr/local/lib/python3.10/dist-packages/airflow/example_dags/example_latest_only_with_trigger.py
[2024-01-08T19:09:12.219+0300] {logging_mixin.py:188} INFO - [2024-01-08T19:09:12.219+0300] {dag.py:3033} INFO - Sync 1 DAGs
[2024-01-08T19:09:12.274+0300] {logging_mixin.py:188} INFO - [2024-01-08T19:09:12.274+0300] {dag.py:3820} INFO - Setting next_dagrun for latest_only_with_trigger to 2024-01-08T12:00:00+00:00, run_after=2024-01-08T16:00:00+00:00
[2024-01-08T19:09:12.320+0300] {processor.py:183} INFO - Processing /usr/local/lib/python3.10/dist-packages/airflow/example_dags/example_latest_only_with_trigger.py took 0.228 seconds
[2024-01-08T19:09:44.123+0300] {processor.py:161} INFO - Started process (PID=32362) to work on /usr/local/lib/python3.10/dist-packages/airflow/example_dags/example_latest_only_with_trigger.py
[2024-01-08T19:09:44.127+0300] {processor.py:830} INFO - Processing file /usr/local/lib/python3.10/dist-packages/airflow/example_dags/example_latest_only_with_trigger.py for tasks to queue
[2024-01-08T19:09:44.129+0300] {logging_mixin.py:188} INFO - [2024-01-08T19:09:44.128+0300] {dagbag.py:538} INFO - Filling up the DagBag from /usr/local/lib/python3.10/dist-packages/airflow/example_dags/example_latest_only_with_trigger.py
[2024-01-08T19:09:44.168+0300] {processor.py:840} INFO - DAG(s) 'latest_only_with_trigger' retrieved from /usr/local/lib/python3.10/dist-packages/airflow/example_dags/example_latest_only_with_trigger.py
[2024-01-08T19:09:44.302+0300] {logging_mixin.py:188} INFO - [2024-01-08T19:09:44.302+0300] {dag.py:3033} INFO - Sync 1 DAGs
[2024-01-08T19:09:44.366+0300] {logging_mixin.py:188} INFO - [2024-01-08T19:09:44.365+0300] {dag.py:3820} INFO - Setting next_dagrun for latest_only_with_trigger to 2024-01-08T12:00:00+00:00, run_after=2024-01-08T16:00:00+00:00
[2024-01-08T19:09:44.424+0300] {processor.py:183} INFO - Processing /usr/local/lib/python3.10/dist-packages/airflow/example_dags/example_latest_only_with_trigger.py took 0.325 seconds
[2024-01-08T19:10:29.633+0300] {processor.py:161} INFO - Started process (PID=32788) to work on /usr/local/lib/python3.10/dist-packages/airflow/example_dags/example_latest_only_with_trigger.py
[2024-01-08T19:10:29.638+0300] {processor.py:830} INFO - Processing file /usr/local/lib/python3.10/dist-packages/airflow/example_dags/example_latest_only_with_trigger.py for tasks to queue
[2024-01-08T19:10:29.641+0300] {logging_mixin.py:188} INFO - [2024-01-08T19:10:29.640+0300] {dagbag.py:538} INFO - Filling up the DagBag from /usr/local/lib/python3.10/dist-packages/airflow/example_dags/example_latest_only_with_trigger.py
[2024-01-08T19:10:29.707+0300] {processor.py:840} INFO - DAG(s) 'latest_only_with_trigger' retrieved from /usr/local/lib/python3.10/dist-packages/airflow/example_dags/example_latest_only_with_trigger.py
[2024-01-08T19:10:30.060+0300] {logging_mixin.py:188} INFO - [2024-01-08T19:10:30.060+0300] {dag.py:3033} INFO - Sync 1 DAGs
[2024-01-08T19:10:30.276+0300] {logging_mixin.py:188} INFO - [2024-01-08T19:10:30.276+0300] {dag.py:3820} INFO - Setting next_dagrun for latest_only_with_trigger to 2024-01-08T12:00:00+00:00, run_after=2024-01-08T16:00:00+00:00
[2024-01-08T19:10:30.419+0300] {processor.py:183} INFO - Processing /usr/local/lib/python3.10/dist-packages/airflow/example_dags/example_latest_only_with_trigger.py took 0.835 seconds
[2024-01-08T19:11:14.481+0300] {processor.py:161} INFO - Started process (PID=33240) to work on /usr/local/lib/python3.10/dist-packages/airflow/example_dags/example_latest_only_with_trigger.py
[2024-01-08T19:11:14.488+0300] {processor.py:830} INFO - Processing file /usr/local/lib/python3.10/dist-packages/airflow/example_dags/example_latest_only_with_trigger.py for tasks to queue
[2024-01-08T19:11:14.490+0300] {logging_mixin.py:188} INFO - [2024-01-08T19:11:14.489+0300] {dagbag.py:538} INFO - Filling up the DagBag from /usr/local/lib/python3.10/dist-packages/airflow/example_dags/example_latest_only_with_trigger.py
[2024-01-08T19:11:14.554+0300] {processor.py:840} INFO - DAG(s) 'latest_only_with_trigger' retrieved from /usr/local/lib/python3.10/dist-packages/airflow/example_dags/example_latest_only_with_trigger.py
[2024-01-08T19:11:14.733+0300] {logging_mixin.py:188} INFO - [2024-01-08T19:11:14.732+0300] {dag.py:3033} INFO - Sync 1 DAGs
[2024-01-08T19:11:14.843+0300] {logging_mixin.py:188} INFO - [2024-01-08T19:11:14.842+0300] {dag.py:3820} INFO - Setting next_dagrun for latest_only_with_trigger to 2024-01-08T12:00:00+00:00, run_after=2024-01-08T16:00:00+00:00
[2024-01-08T19:11:14.894+0300] {processor.py:183} INFO - Processing /usr/local/lib/python3.10/dist-packages/airflow/example_dags/example_latest_only_with_trigger.py took 0.454 seconds
[2024-01-08T19:12:02.664+0300] {processor.py:161} INFO - Started process (PID=33720) to work on /usr/local/lib/python3.10/dist-packages/airflow/example_dags/example_latest_only_with_trigger.py
[2024-01-08T19:12:02.667+0300] {processor.py:830} INFO - Processing file /usr/local/lib/python3.10/dist-packages/airflow/example_dags/example_latest_only_with_trigger.py for tasks to queue
[2024-01-08T19:12:02.671+0300] {logging_mixin.py:188} INFO - [2024-01-08T19:12:02.670+0300] {dagbag.py:538} INFO - Filling up the DagBag from /usr/local/lib/python3.10/dist-packages/airflow/example_dags/example_latest_only_with_trigger.py
[2024-01-08T19:12:02.713+0300] {processor.py:840} INFO - DAG(s) 'latest_only_with_trigger' retrieved from /usr/local/lib/python3.10/dist-packages/airflow/example_dags/example_latest_only_with_trigger.py
[2024-01-08T19:12:02.834+0300] {logging_mixin.py:188} INFO - [2024-01-08T19:12:02.834+0300] {dag.py:3033} INFO - Sync 1 DAGs
[2024-01-08T19:12:02.931+0300] {logging_mixin.py:188} INFO - [2024-01-08T19:12:02.931+0300] {dag.py:3820} INFO - Setting next_dagrun for latest_only_with_trigger to 2024-01-08T12:00:00+00:00, run_after=2024-01-08T16:00:00+00:00
[2024-01-08T19:12:03.022+0300] {processor.py:183} INFO - Processing /usr/local/lib/python3.10/dist-packages/airflow/example_dags/example_latest_only_with_trigger.py took 0.379 seconds
