[2024-01-08T17:37:23.403+0300] {processor.py:161} INFO - Started process (PID=5628) to work on /usr/local/lib/python3.10/dist-packages/airflow/example_dags/example_nested_branch_dag.py
[2024-01-08T17:37:23.408+0300] {processor.py:830} INFO - Processing file /usr/local/lib/python3.10/dist-packages/airflow/example_dags/example_nested_branch_dag.py for tasks to queue
[2024-01-08T17:37:23.420+0300] {logging_mixin.py:188} INFO - [2024-01-08T17:37:23.420+0300] {dagbag.py:538} INFO - Filling up the DagBag from /usr/local/lib/python3.10/dist-packages/airflow/example_dags/example_nested_branch_dag.py
[2024-01-08T17:37:23.490+0300] {processor.py:840} INFO - DAG(s) 'example_nested_branch_dag' retrieved from /usr/local/lib/python3.10/dist-packages/airflow/example_dags/example_nested_branch_dag.py
[2024-01-08T17:37:23.811+0300] {logging_mixin.py:188} INFO - [2024-01-08T17:37:23.810+0300] {dag.py:3033} INFO - Sync 1 DAGs
[2024-01-08T17:37:23.905+0300] {logging_mixin.py:188} INFO - [2024-01-08T17:37:23.905+0300] {dag.py:3820} INFO - Setting next_dagrun for example_nested_branch_dag to 2024-01-07T00:00:00+00:00, run_after=2024-01-08T00:00:00+00:00
[2024-01-08T17:37:23.973+0300] {processor.py:183} INFO - Processing /usr/local/lib/python3.10/dist-packages/airflow/example_dags/example_nested_branch_dag.py took 0.626 seconds
[2024-01-08T17:37:55.110+0300] {processor.py:161} INFO - Started process (PID=5975) to work on /usr/local/lib/python3.10/dist-packages/airflow/example_dags/example_nested_branch_dag.py
[2024-01-08T17:37:55.114+0300] {processor.py:830} INFO - Processing file /usr/local/lib/python3.10/dist-packages/airflow/example_dags/example_nested_branch_dag.py for tasks to queue
[2024-01-08T17:37:55.116+0300] {logging_mixin.py:188} INFO - [2024-01-08T17:37:55.116+0300] {dagbag.py:538} INFO - Filling up the DagBag from /usr/local/lib/python3.10/dist-packages/airflow/example_dags/example_nested_branch_dag.py
[2024-01-08T17:37:55.208+0300] {processor.py:840} INFO - DAG(s) 'example_nested_branch_dag' retrieved from /usr/local/lib/python3.10/dist-packages/airflow/example_dags/example_nested_branch_dag.py
[2024-01-08T17:37:55.385+0300] {logging_mixin.py:188} INFO - [2024-01-08T17:37:55.384+0300] {dag.py:3033} INFO - Sync 1 DAGs
[2024-01-08T17:37:55.472+0300] {logging_mixin.py:188} INFO - [2024-01-08T17:37:55.471+0300] {dag.py:3820} INFO - Setting next_dagrun for example_nested_branch_dag to 2024-01-07T00:00:00+00:00, run_after=2024-01-08T00:00:00+00:00
[2024-01-08T17:37:55.570+0300] {processor.py:183} INFO - Processing /usr/local/lib/python3.10/dist-packages/airflow/example_dags/example_nested_branch_dag.py took 0.480 seconds
[2024-01-08T17:38:25.713+0300] {processor.py:161} INFO - Started process (PID=6294) to work on /usr/local/lib/python3.10/dist-packages/airflow/example_dags/example_nested_branch_dag.py
[2024-01-08T17:38:25.716+0300] {processor.py:830} INFO - Processing file /usr/local/lib/python3.10/dist-packages/airflow/example_dags/example_nested_branch_dag.py for tasks to queue
[2024-01-08T17:38:25.718+0300] {logging_mixin.py:188} INFO - [2024-01-08T17:38:25.717+0300] {dagbag.py:538} INFO - Filling up the DagBag from /usr/local/lib/python3.10/dist-packages/airflow/example_dags/example_nested_branch_dag.py
[2024-01-08T17:38:25.742+0300] {processor.py:840} INFO - DAG(s) 'example_nested_branch_dag' retrieved from /usr/local/lib/python3.10/dist-packages/airflow/example_dags/example_nested_branch_dag.py
[2024-01-08T17:38:25.848+0300] {logging_mixin.py:188} INFO - [2024-01-08T17:38:25.847+0300] {dag.py:3033} INFO - Sync 1 DAGs
[2024-01-08T17:38:25.922+0300] {logging_mixin.py:188} INFO - [2024-01-08T17:38:25.922+0300] {dag.py:3820} INFO - Setting next_dagrun for example_nested_branch_dag to 2024-01-07T00:00:00+00:00, run_after=2024-01-08T00:00:00+00:00
[2024-01-08T17:38:25.974+0300] {processor.py:183} INFO - Processing /usr/local/lib/python3.10/dist-packages/airflow/example_dags/example_nested_branch_dag.py took 0.270 seconds
[2024-01-08T18:15:23.726+0300] {processor.py:161} INFO - Started process (PID=7566) to work on /usr/local/lib/python3.10/dist-packages/airflow/example_dags/example_nested_branch_dag.py
[2024-01-08T18:15:23.730+0300] {processor.py:830} INFO - Processing file /usr/local/lib/python3.10/dist-packages/airflow/example_dags/example_nested_branch_dag.py for tasks to queue
[2024-01-08T18:15:23.732+0300] {logging_mixin.py:188} INFO - [2024-01-08T18:15:23.731+0300] {dagbag.py:538} INFO - Filling up the DagBag from /usr/local/lib/python3.10/dist-packages/airflow/example_dags/example_nested_branch_dag.py
[2024-01-08T18:15:23.765+0300] {processor.py:840} INFO - DAG(s) 'example_nested_branch_dag' retrieved from /usr/local/lib/python3.10/dist-packages/airflow/example_dags/example_nested_branch_dag.py
[2024-01-08T18:15:23.886+0300] {logging_mixin.py:188} INFO - [2024-01-08T18:15:23.886+0300] {dag.py:3033} INFO - Sync 1 DAGs
[2024-01-08T18:15:23.996+0300] {logging_mixin.py:188} INFO - [2024-01-08T18:15:23.991+0300] {dag.py:3820} INFO - Setting next_dagrun for example_nested_branch_dag to 2024-01-07T00:00:00+00:00, run_after=2024-01-08T00:00:00+00:00
[2024-01-08T18:15:24.072+0300] {processor.py:183} INFO - Processing /usr/local/lib/python3.10/dist-packages/airflow/example_dags/example_nested_branch_dag.py took 0.354 seconds
[2024-01-08T18:15:56.340+0300] {processor.py:161} INFO - Started process (PID=7907) to work on /usr/local/lib/python3.10/dist-packages/airflow/example_dags/example_nested_branch_dag.py
[2024-01-08T18:15:56.344+0300] {processor.py:830} INFO - Processing file /usr/local/lib/python3.10/dist-packages/airflow/example_dags/example_nested_branch_dag.py for tasks to queue
[2024-01-08T18:15:56.348+0300] {logging_mixin.py:188} INFO - [2024-01-08T18:15:56.347+0300] {dagbag.py:538} INFO - Filling up the DagBag from /usr/local/lib/python3.10/dist-packages/airflow/example_dags/example_nested_branch_dag.py
[2024-01-08T18:15:56.380+0300] {processor.py:840} INFO - DAG(s) 'example_nested_branch_dag' retrieved from /usr/local/lib/python3.10/dist-packages/airflow/example_dags/example_nested_branch_dag.py
[2024-01-08T18:15:56.528+0300] {logging_mixin.py:188} INFO - [2024-01-08T18:15:56.528+0300] {dag.py:3033} INFO - Sync 1 DAGs
[2024-01-08T18:15:56.607+0300] {logging_mixin.py:188} INFO - [2024-01-08T18:15:56.606+0300] {dag.py:3820} INFO - Setting next_dagrun for example_nested_branch_dag to 2024-01-07T00:00:00+00:00, run_after=2024-01-08T00:00:00+00:00
[2024-01-08T18:15:56.653+0300] {processor.py:183} INFO - Processing /usr/local/lib/python3.10/dist-packages/airflow/example_dags/example_nested_branch_dag.py took 0.325 seconds
[2024-01-08T18:30:34.293+0300] {processor.py:161} INFO - Started process (PID=9041) to work on /usr/local/lib/python3.10/dist-packages/airflow/example_dags/example_nested_branch_dag.py
[2024-01-08T18:30:34.324+0300] {processor.py:830} INFO - Processing file /usr/local/lib/python3.10/dist-packages/airflow/example_dags/example_nested_branch_dag.py for tasks to queue
[2024-01-08T18:30:34.328+0300] {logging_mixin.py:188} INFO - [2024-01-08T18:30:34.327+0300] {dagbag.py:538} INFO - Filling up the DagBag from /usr/local/lib/python3.10/dist-packages/airflow/example_dags/example_nested_branch_dag.py
[2024-01-08T18:30:35.070+0300] {processor.py:840} INFO - DAG(s) 'example_nested_branch_dag' retrieved from /usr/local/lib/python3.10/dist-packages/airflow/example_dags/example_nested_branch_dag.py
[2024-01-08T18:30:36.941+0300] {logging_mixin.py:188} INFO - [2024-01-08T18:30:36.940+0300] {dag.py:3033} INFO - Sync 1 DAGs
[2024-01-08T18:30:37.900+0300] {logging_mixin.py:188} INFO - [2024-01-08T18:30:37.899+0300] {dag.py:3820} INFO - Setting next_dagrun for example_nested_branch_dag to 2024-01-07T00:00:00+00:00, run_after=2024-01-08T00:00:00+00:00
[2024-01-08T18:30:38.537+0300] {processor.py:183} INFO - Processing /usr/local/lib/python3.10/dist-packages/airflow/example_dags/example_nested_branch_dag.py took 4.971 seconds
[2024-01-08T18:33:46.557+0300] {processor.py:161} INFO - Started process (PID=10313) to work on /usr/local/lib/python3.10/dist-packages/airflow/example_dags/example_nested_branch_dag.py
[2024-01-08T18:33:46.562+0300] {processor.py:830} INFO - Processing file /usr/local/lib/python3.10/dist-packages/airflow/example_dags/example_nested_branch_dag.py for tasks to queue
[2024-01-08T18:33:46.565+0300] {logging_mixin.py:188} INFO - [2024-01-08T18:33:46.564+0300] {dagbag.py:538} INFO - Filling up the DagBag from /usr/local/lib/python3.10/dist-packages/airflow/example_dags/example_nested_branch_dag.py
[2024-01-08T18:33:47.236+0300] {processor.py:840} INFO - DAG(s) 'example_nested_branch_dag' retrieved from /usr/local/lib/python3.10/dist-packages/airflow/example_dags/example_nested_branch_dag.py
[2024-01-08T18:33:48.346+0300] {logging_mixin.py:188} INFO - [2024-01-08T18:33:48.345+0300] {dag.py:3033} INFO - Sync 1 DAGs
[2024-01-08T18:33:50.353+0300] {logging_mixin.py:188} INFO - [2024-01-08T18:33:50.352+0300] {dag.py:3820} INFO - Setting next_dagrun for example_nested_branch_dag to 2024-01-07T00:00:00+00:00, run_after=2024-01-08T00:00:00+00:00
[2024-01-08T18:33:51.410+0300] {processor.py:183} INFO - Processing /usr/local/lib/python3.10/dist-packages/airflow/example_dags/example_nested_branch_dag.py took 4.875 seconds
[2024-01-08T18:38:10.538+0300] {processor.py:161} INFO - Started process (PID=12068) to work on /usr/local/lib/python3.10/dist-packages/airflow/example_dags/example_nested_branch_dag.py
[2024-01-08T18:38:10.585+0300] {processor.py:830} INFO - Processing file /usr/local/lib/python3.10/dist-packages/airflow/example_dags/example_nested_branch_dag.py for tasks to queue
[2024-01-08T18:38:10.587+0300] {logging_mixin.py:188} INFO - [2024-01-08T18:38:10.586+0300] {dagbag.py:538} INFO - Filling up the DagBag from /usr/local/lib/python3.10/dist-packages/airflow/example_dags/example_nested_branch_dag.py
[2024-01-08T18:38:11.104+0300] {processor.py:840} INFO - DAG(s) 'example_nested_branch_dag' retrieved from /usr/local/lib/python3.10/dist-packages/airflow/example_dags/example_nested_branch_dag.py
[2024-01-08T18:38:12.226+0300] {logging_mixin.py:188} INFO - [2024-01-08T18:38:12.226+0300] {dag.py:3033} INFO - Sync 1 DAGs
[2024-01-08T18:38:12.496+0300] {logging_mixin.py:188} INFO - [2024-01-08T18:38:12.496+0300] {dag.py:3820} INFO - Setting next_dagrun for example_nested_branch_dag to 2024-01-07T00:00:00+00:00, run_after=2024-01-08T00:00:00+00:00
[2024-01-08T18:38:13.098+0300] {processor.py:183} INFO - Processing /usr/local/lib/python3.10/dist-packages/airflow/example_dags/example_nested_branch_dag.py took 2.809 seconds
[2024-01-08T18:41:11.777+0300] {processor.py:161} INFO - Started process (PID=13299) to work on /usr/local/lib/python3.10/dist-packages/airflow/example_dags/example_nested_branch_dag.py
[2024-01-08T18:41:11.793+0300] {processor.py:830} INFO - Processing file /usr/local/lib/python3.10/dist-packages/airflow/example_dags/example_nested_branch_dag.py for tasks to queue
[2024-01-08T18:41:11.795+0300] {logging_mixin.py:188} INFO - [2024-01-08T18:41:11.794+0300] {dagbag.py:538} INFO - Filling up the DagBag from /usr/local/lib/python3.10/dist-packages/airflow/example_dags/example_nested_branch_dag.py
[2024-01-08T18:41:11.947+0300] {processor.py:840} INFO - DAG(s) 'example_nested_branch_dag' retrieved from /usr/local/lib/python3.10/dist-packages/airflow/example_dags/example_nested_branch_dag.py
[2024-01-08T18:41:12.105+0300] {logging_mixin.py:188} INFO - [2024-01-08T18:41:12.104+0300] {dag.py:3033} INFO - Sync 1 DAGs
[2024-01-08T18:41:12.387+0300] {logging_mixin.py:188} INFO - [2024-01-08T18:41:12.386+0300] {dag.py:3820} INFO - Setting next_dagrun for example_nested_branch_dag to 2024-01-07T00:00:00+00:00, run_after=2024-01-08T00:00:00+00:00
[2024-01-08T18:41:12.720+0300] {processor.py:183} INFO - Processing /usr/local/lib/python3.10/dist-packages/airflow/example_dags/example_nested_branch_dag.py took 0.999 seconds
[2024-01-08T18:42:08.625+0300] {processor.py:161} INFO - Started process (PID=13904) to work on /usr/local/lib/python3.10/dist-packages/airflow/example_dags/example_nested_branch_dag.py
[2024-01-08T18:42:08.665+0300] {processor.py:830} INFO - Processing file /usr/local/lib/python3.10/dist-packages/airflow/example_dags/example_nested_branch_dag.py for tasks to queue
[2024-01-08T18:42:08.667+0300] {logging_mixin.py:188} INFO - [2024-01-08T18:42:08.666+0300] {dagbag.py:538} INFO - Filling up the DagBag from /usr/local/lib/python3.10/dist-packages/airflow/example_dags/example_nested_branch_dag.py
[2024-01-08T18:42:08.746+0300] {processor.py:840} INFO - DAG(s) 'example_nested_branch_dag' retrieved from /usr/local/lib/python3.10/dist-packages/airflow/example_dags/example_nested_branch_dag.py
[2024-01-08T18:42:09.059+0300] {logging_mixin.py:188} INFO - [2024-01-08T18:42:09.058+0300] {dag.py:3033} INFO - Sync 1 DAGs
[2024-01-08T18:42:09.215+0300] {logging_mixin.py:188} INFO - [2024-01-08T18:42:09.215+0300] {dag.py:3820} INFO - Setting next_dagrun for example_nested_branch_dag to 2024-01-07T00:00:00+00:00, run_after=2024-01-08T00:00:00+00:00
[2024-01-08T18:42:09.393+0300] {processor.py:183} INFO - Processing /usr/local/lib/python3.10/dist-packages/airflow/example_dags/example_nested_branch_dag.py took 0.792 seconds
[2024-01-08T18:42:40.408+0300] {processor.py:161} INFO - Started process (PID=14268) to work on /usr/local/lib/python3.10/dist-packages/airflow/example_dags/example_nested_branch_dag.py
[2024-01-08T18:42:40.411+0300] {processor.py:830} INFO - Processing file /usr/local/lib/python3.10/dist-packages/airflow/example_dags/example_nested_branch_dag.py for tasks to queue
[2024-01-08T18:42:40.421+0300] {logging_mixin.py:188} INFO - [2024-01-08T18:42:40.420+0300] {dagbag.py:538} INFO - Filling up the DagBag from /usr/local/lib/python3.10/dist-packages/airflow/example_dags/example_nested_branch_dag.py
[2024-01-08T18:42:40.626+0300] {processor.py:840} INFO - DAG(s) 'example_nested_branch_dag' retrieved from /usr/local/lib/python3.10/dist-packages/airflow/example_dags/example_nested_branch_dag.py
[2024-01-08T18:42:41.056+0300] {logging_mixin.py:188} INFO - [2024-01-08T18:42:41.055+0300] {dag.py:3033} INFO - Sync 1 DAGs
[2024-01-08T18:42:41.435+0300] {logging_mixin.py:188} INFO - [2024-01-08T18:42:41.435+0300] {dag.py:3820} INFO - Setting next_dagrun for example_nested_branch_dag to 2024-01-07T00:00:00+00:00, run_after=2024-01-08T00:00:00+00:00
[2024-01-08T18:42:41.706+0300] {processor.py:183} INFO - Processing /usr/local/lib/python3.10/dist-packages/airflow/example_dags/example_nested_branch_dag.py took 1.396 seconds
[2024-01-08T18:43:12.312+0300] {processor.py:161} INFO - Started process (PID=14693) to work on /usr/local/lib/python3.10/dist-packages/airflow/example_dags/example_nested_branch_dag.py
[2024-01-08T18:43:12.315+0300] {processor.py:830} INFO - Processing file /usr/local/lib/python3.10/dist-packages/airflow/example_dags/example_nested_branch_dag.py for tasks to queue
[2024-01-08T18:43:12.317+0300] {logging_mixin.py:188} INFO - [2024-01-08T18:43:12.316+0300] {dagbag.py:538} INFO - Filling up the DagBag from /usr/local/lib/python3.10/dist-packages/airflow/example_dags/example_nested_branch_dag.py
[2024-01-08T18:43:12.347+0300] {processor.py:840} INFO - DAG(s) 'example_nested_branch_dag' retrieved from /usr/local/lib/python3.10/dist-packages/airflow/example_dags/example_nested_branch_dag.py
[2024-01-08T18:43:12.443+0300] {logging_mixin.py:188} INFO - [2024-01-08T18:43:12.443+0300] {dag.py:3033} INFO - Sync 1 DAGs
[2024-01-08T18:43:12.496+0300] {logging_mixin.py:188} INFO - [2024-01-08T18:43:12.496+0300] {dag.py:3820} INFO - Setting next_dagrun for example_nested_branch_dag to 2024-01-07T00:00:00+00:00, run_after=2024-01-08T00:00:00+00:00
[2024-01-08T18:43:12.556+0300] {processor.py:183} INFO - Processing /usr/local/lib/python3.10/dist-packages/airflow/example_dags/example_nested_branch_dag.py took 0.256 seconds
[2024-01-08T18:43:43.091+0300] {processor.py:161} INFO - Started process (PID=15009) to work on /usr/local/lib/python3.10/dist-packages/airflow/example_dags/example_nested_branch_dag.py
[2024-01-08T18:43:43.103+0300] {processor.py:830} INFO - Processing file /usr/local/lib/python3.10/dist-packages/airflow/example_dags/example_nested_branch_dag.py for tasks to queue
[2024-01-08T18:43:43.111+0300] {logging_mixin.py:188} INFO - [2024-01-08T18:43:43.111+0300] {dagbag.py:538} INFO - Filling up the DagBag from /usr/local/lib/python3.10/dist-packages/airflow/example_dags/example_nested_branch_dag.py
[2024-01-08T18:43:43.197+0300] {processor.py:840} INFO - DAG(s) 'example_nested_branch_dag' retrieved from /usr/local/lib/python3.10/dist-packages/airflow/example_dags/example_nested_branch_dag.py
[2024-01-08T18:43:43.398+0300] {logging_mixin.py:188} INFO - [2024-01-08T18:43:43.397+0300] {dag.py:3033} INFO - Sync 1 DAGs
[2024-01-08T18:43:43.513+0300] {logging_mixin.py:188} INFO - [2024-01-08T18:43:43.513+0300] {dag.py:3820} INFO - Setting next_dagrun for example_nested_branch_dag to 2024-01-07T00:00:00+00:00, run_after=2024-01-08T00:00:00+00:00
[2024-01-08T18:43:43.594+0300] {processor.py:183} INFO - Processing /usr/local/lib/python3.10/dist-packages/airflow/example_dags/example_nested_branch_dag.py took 0.554 seconds
[2024-01-08T18:44:13.836+0300] {processor.py:161} INFO - Started process (PID=15327) to work on /usr/local/lib/python3.10/dist-packages/airflow/example_dags/example_nested_branch_dag.py
[2024-01-08T18:44:13.841+0300] {processor.py:830} INFO - Processing file /usr/local/lib/python3.10/dist-packages/airflow/example_dags/example_nested_branch_dag.py for tasks to queue
[2024-01-08T18:44:13.845+0300] {logging_mixin.py:188} INFO - [2024-01-08T18:44:13.844+0300] {dagbag.py:538} INFO - Filling up the DagBag from /usr/local/lib/python3.10/dist-packages/airflow/example_dags/example_nested_branch_dag.py
[2024-01-08T18:44:13.884+0300] {processor.py:840} INFO - DAG(s) 'example_nested_branch_dag' retrieved from /usr/local/lib/python3.10/dist-packages/airflow/example_dags/example_nested_branch_dag.py
[2024-01-08T18:44:14.191+0300] {logging_mixin.py:188} INFO - [2024-01-08T18:44:14.191+0300] {dag.py:3033} INFO - Sync 1 DAGs
[2024-01-08T18:44:14.358+0300] {logging_mixin.py:188} INFO - [2024-01-08T18:44:14.357+0300] {dag.py:3820} INFO - Setting next_dagrun for example_nested_branch_dag to 2024-01-07T00:00:00+00:00, run_after=2024-01-08T00:00:00+00:00
[2024-01-08T18:44:14.463+0300] {processor.py:183} INFO - Processing /usr/local/lib/python3.10/dist-packages/airflow/example_dags/example_nested_branch_dag.py took 0.642 seconds
[2024-01-08T18:44:50.926+0300] {processor.py:161} INFO - Started process (PID=15684) to work on /usr/local/lib/python3.10/dist-packages/airflow/example_dags/example_nested_branch_dag.py
[2024-01-08T18:44:50.942+0300] {processor.py:830} INFO - Processing file /usr/local/lib/python3.10/dist-packages/airflow/example_dags/example_nested_branch_dag.py for tasks to queue
[2024-01-08T18:44:50.945+0300] {logging_mixin.py:188} INFO - [2024-01-08T18:44:50.943+0300] {dagbag.py:538} INFO - Filling up the DagBag from /usr/local/lib/python3.10/dist-packages/airflow/example_dags/example_nested_branch_dag.py
[2024-01-08T18:44:51.032+0300] {processor.py:840} INFO - DAG(s) 'example_nested_branch_dag' retrieved from /usr/local/lib/python3.10/dist-packages/airflow/example_dags/example_nested_branch_dag.py
[2024-01-08T18:44:51.152+0300] {logging_mixin.py:188} INFO - [2024-01-08T18:44:51.151+0300] {dag.py:3033} INFO - Sync 1 DAGs
[2024-01-08T18:44:51.279+0300] {logging_mixin.py:188} INFO - [2024-01-08T18:44:51.277+0300] {dag.py:3820} INFO - Setting next_dagrun for example_nested_branch_dag to 2024-01-07T00:00:00+00:00, run_after=2024-01-08T00:00:00+00:00
[2024-01-08T18:44:51.382+0300] {processor.py:183} INFO - Processing /usr/local/lib/python3.10/dist-packages/airflow/example_dags/example_nested_branch_dag.py took 0.480 seconds
[2024-01-08T18:45:24.475+0300] {processor.py:161} INFO - Started process (PID=16084) to work on /usr/local/lib/python3.10/dist-packages/airflow/example_dags/example_nested_branch_dag.py
[2024-01-08T18:45:24.497+0300] {processor.py:830} INFO - Processing file /usr/local/lib/python3.10/dist-packages/airflow/example_dags/example_nested_branch_dag.py for tasks to queue
[2024-01-08T18:45:24.515+0300] {logging_mixin.py:188} INFO - [2024-01-08T18:45:24.514+0300] {dagbag.py:538} INFO - Filling up the DagBag from /usr/local/lib/python3.10/dist-packages/airflow/example_dags/example_nested_branch_dag.py
[2024-01-08T18:45:24.606+0300] {processor.py:840} INFO - DAG(s) 'example_nested_branch_dag' retrieved from /usr/local/lib/python3.10/dist-packages/airflow/example_dags/example_nested_branch_dag.py
[2024-01-08T18:45:25.009+0300] {logging_mixin.py:188} INFO - [2024-01-08T18:45:25.008+0300] {dag.py:3033} INFO - Sync 1 DAGs
[2024-01-08T18:45:25.558+0300] {logging_mixin.py:188} INFO - [2024-01-08T18:45:25.557+0300] {dag.py:3820} INFO - Setting next_dagrun for example_nested_branch_dag to 2024-01-07T00:00:00+00:00, run_after=2024-01-08T00:00:00+00:00
[2024-01-08T18:45:25.801+0300] {processor.py:183} INFO - Processing /usr/local/lib/python3.10/dist-packages/airflow/example_dags/example_nested_branch_dag.py took 1.392 seconds
[2024-01-08T18:46:17.495+0300] {processor.py:161} INFO - Started process (PID=16611) to work on /usr/local/lib/python3.10/dist-packages/airflow/example_dags/example_nested_branch_dag.py
[2024-01-08T18:46:17.548+0300] {processor.py:830} INFO - Processing file /usr/local/lib/python3.10/dist-packages/airflow/example_dags/example_nested_branch_dag.py for tasks to queue
[2024-01-08T18:46:17.550+0300] {logging_mixin.py:188} INFO - [2024-01-08T18:46:17.549+0300] {dagbag.py:538} INFO - Filling up the DagBag from /usr/local/lib/python3.10/dist-packages/airflow/example_dags/example_nested_branch_dag.py
[2024-01-08T18:46:17.809+0300] {processor.py:840} INFO - DAG(s) 'example_nested_branch_dag' retrieved from /usr/local/lib/python3.10/dist-packages/airflow/example_dags/example_nested_branch_dag.py
[2024-01-08T18:46:18.287+0300] {logging_mixin.py:188} INFO - [2024-01-08T18:46:18.286+0300] {dag.py:3033} INFO - Sync 1 DAGs
[2024-01-08T18:46:18.603+0300] {logging_mixin.py:188} INFO - [2024-01-08T18:46:18.603+0300] {dag.py:3820} INFO - Setting next_dagrun for example_nested_branch_dag to 2024-01-07T00:00:00+00:00, run_after=2024-01-08T00:00:00+00:00
[2024-01-08T18:46:18.897+0300] {processor.py:183} INFO - Processing /usr/local/lib/python3.10/dist-packages/airflow/example_dags/example_nested_branch_dag.py took 1.464 seconds
[2024-01-08T18:46:54.931+0300] {processor.py:161} INFO - Started process (PID=17067) to work on /usr/local/lib/python3.10/dist-packages/airflow/example_dags/example_nested_branch_dag.py
[2024-01-08T18:46:54.965+0300] {processor.py:830} INFO - Processing file /usr/local/lib/python3.10/dist-packages/airflow/example_dags/example_nested_branch_dag.py for tasks to queue
[2024-01-08T18:46:54.967+0300] {logging_mixin.py:188} INFO - [2024-01-08T18:46:54.966+0300] {dagbag.py:538} INFO - Filling up the DagBag from /usr/local/lib/python3.10/dist-packages/airflow/example_dags/example_nested_branch_dag.py
[2024-01-08T18:46:55.009+0300] {processor.py:840} INFO - DAG(s) 'example_nested_branch_dag' retrieved from /usr/local/lib/python3.10/dist-packages/airflow/example_dags/example_nested_branch_dag.py
[2024-01-08T18:46:55.384+0300] {logging_mixin.py:188} INFO - [2024-01-08T18:46:55.384+0300] {dag.py:3033} INFO - Sync 1 DAGs
[2024-01-08T18:46:55.687+0300] {logging_mixin.py:188} INFO - [2024-01-08T18:46:55.686+0300] {dag.py:3820} INFO - Setting next_dagrun for example_nested_branch_dag to 2024-01-07T00:00:00+00:00, run_after=2024-01-08T00:00:00+00:00
[2024-01-08T18:46:55.867+0300] {processor.py:183} INFO - Processing /usr/local/lib/python3.10/dist-packages/airflow/example_dags/example_nested_branch_dag.py took 0.972 seconds
[2024-01-08T18:47:26.803+0300] {processor.py:161} INFO - Started process (PID=17421) to work on /usr/local/lib/python3.10/dist-packages/airflow/example_dags/example_nested_branch_dag.py
[2024-01-08T18:47:26.805+0300] {processor.py:830} INFO - Processing file /usr/local/lib/python3.10/dist-packages/airflow/example_dags/example_nested_branch_dag.py for tasks to queue
[2024-01-08T18:47:26.807+0300] {logging_mixin.py:188} INFO - [2024-01-08T18:47:26.806+0300] {dagbag.py:538} INFO - Filling up the DagBag from /usr/local/lib/python3.10/dist-packages/airflow/example_dags/example_nested_branch_dag.py
[2024-01-08T18:47:26.834+0300] {processor.py:840} INFO - DAG(s) 'example_nested_branch_dag' retrieved from /usr/local/lib/python3.10/dist-packages/airflow/example_dags/example_nested_branch_dag.py
[2024-01-08T18:47:26.917+0300] {logging_mixin.py:188} INFO - [2024-01-08T18:47:26.916+0300] {dag.py:3033} INFO - Sync 1 DAGs
[2024-01-08T18:47:26.999+0300] {logging_mixin.py:188} INFO - [2024-01-08T18:47:26.999+0300] {dag.py:3820} INFO - Setting next_dagrun for example_nested_branch_dag to 2024-01-07T00:00:00+00:00, run_after=2024-01-08T00:00:00+00:00
[2024-01-08T18:47:27.059+0300] {processor.py:183} INFO - Processing /usr/local/lib/python3.10/dist-packages/airflow/example_dags/example_nested_branch_dag.py took 0.269 seconds
[2024-01-08T18:47:57.687+0300] {processor.py:161} INFO - Started process (PID=17762) to work on /usr/local/lib/python3.10/dist-packages/airflow/example_dags/example_nested_branch_dag.py
[2024-01-08T18:47:57.705+0300] {processor.py:830} INFO - Processing file /usr/local/lib/python3.10/dist-packages/airflow/example_dags/example_nested_branch_dag.py for tasks to queue
[2024-01-08T18:47:57.708+0300] {logging_mixin.py:188} INFO - [2024-01-08T18:47:57.707+0300] {dagbag.py:538} INFO - Filling up the DagBag from /usr/local/lib/python3.10/dist-packages/airflow/example_dags/example_nested_branch_dag.py
[2024-01-08T18:47:57.809+0300] {processor.py:840} INFO - DAG(s) 'example_nested_branch_dag' retrieved from /usr/local/lib/python3.10/dist-packages/airflow/example_dags/example_nested_branch_dag.py
[2024-01-08T18:47:58.037+0300] {logging_mixin.py:188} INFO - [2024-01-08T18:47:58.036+0300] {dag.py:3033} INFO - Sync 1 DAGs
[2024-01-08T18:47:58.329+0300] {logging_mixin.py:188} INFO - [2024-01-08T18:47:58.328+0300] {dag.py:3820} INFO - Setting next_dagrun for example_nested_branch_dag to 2024-01-07T00:00:00+00:00, run_after=2024-01-08T00:00:00+00:00
[2024-01-08T18:47:58.563+0300] {processor.py:183} INFO - Processing /usr/local/lib/python3.10/dist-packages/airflow/example_dags/example_nested_branch_dag.py took 0.907 seconds
[2024-01-08T18:48:37.510+0300] {processor.py:161} INFO - Started process (PID=18242) to work on /usr/local/lib/python3.10/dist-packages/airflow/example_dags/example_nested_branch_dag.py
[2024-01-08T18:48:37.539+0300] {processor.py:830} INFO - Processing file /usr/local/lib/python3.10/dist-packages/airflow/example_dags/example_nested_branch_dag.py for tasks to queue
[2024-01-08T18:48:37.542+0300] {logging_mixin.py:188} INFO - [2024-01-08T18:48:37.541+0300] {dagbag.py:538} INFO - Filling up the DagBag from /usr/local/lib/python3.10/dist-packages/airflow/example_dags/example_nested_branch_dag.py
[2024-01-08T18:48:37.673+0300] {processor.py:840} INFO - DAG(s) 'example_nested_branch_dag' retrieved from /usr/local/lib/python3.10/dist-packages/airflow/example_dags/example_nested_branch_dag.py
[2024-01-08T18:48:37.845+0300] {logging_mixin.py:188} INFO - [2024-01-08T18:48:37.844+0300] {dag.py:3033} INFO - Sync 1 DAGs
[2024-01-08T18:48:37.950+0300] {logging_mixin.py:188} INFO - [2024-01-08T18:48:37.950+0300] {dag.py:3820} INFO - Setting next_dagrun for example_nested_branch_dag to 2024-01-07T00:00:00+00:00, run_after=2024-01-08T00:00:00+00:00
[2024-01-08T18:48:38.100+0300] {processor.py:183} INFO - Processing /usr/local/lib/python3.10/dist-packages/airflow/example_dags/example_nested_branch_dag.py took 0.650 seconds
[2024-01-08T18:49:23.261+0300] {processor.py:161} INFO - Started process (PID=18728) to work on /usr/local/lib/python3.10/dist-packages/airflow/example_dags/example_nested_branch_dag.py
[2024-01-08T18:49:23.265+0300] {processor.py:830} INFO - Processing file /usr/local/lib/python3.10/dist-packages/airflow/example_dags/example_nested_branch_dag.py for tasks to queue
[2024-01-08T18:49:23.267+0300] {logging_mixin.py:188} INFO - [2024-01-08T18:49:23.266+0300] {dagbag.py:538} INFO - Filling up the DagBag from /usr/local/lib/python3.10/dist-packages/airflow/example_dags/example_nested_branch_dag.py
[2024-01-08T18:49:23.321+0300] {processor.py:840} INFO - DAG(s) 'example_nested_branch_dag' retrieved from /usr/local/lib/python3.10/dist-packages/airflow/example_dags/example_nested_branch_dag.py
[2024-01-08T18:49:23.444+0300] {logging_mixin.py:188} INFO - [2024-01-08T18:49:23.443+0300] {dag.py:3033} INFO - Sync 1 DAGs
[2024-01-08T18:49:23.587+0300] {logging_mixin.py:188} INFO - [2024-01-08T18:49:23.586+0300] {dag.py:3820} INFO - Setting next_dagrun for example_nested_branch_dag to 2024-01-07T00:00:00+00:00, run_after=2024-01-08T00:00:00+00:00
[2024-01-08T18:49:23.676+0300] {processor.py:183} INFO - Processing /usr/local/lib/python3.10/dist-packages/airflow/example_dags/example_nested_branch_dag.py took 0.443 seconds
[2024-01-08T18:49:53.987+0300] {processor.py:161} INFO - Started process (PID=19050) to work on /usr/local/lib/python3.10/dist-packages/airflow/example_dags/example_nested_branch_dag.py
[2024-01-08T18:49:53.990+0300] {processor.py:830} INFO - Processing file /usr/local/lib/python3.10/dist-packages/airflow/example_dags/example_nested_branch_dag.py for tasks to queue
[2024-01-08T18:49:53.992+0300] {logging_mixin.py:188} INFO - [2024-01-08T18:49:53.992+0300] {dagbag.py:538} INFO - Filling up the DagBag from /usr/local/lib/python3.10/dist-packages/airflow/example_dags/example_nested_branch_dag.py
[2024-01-08T18:49:54.022+0300] {processor.py:840} INFO - DAG(s) 'example_nested_branch_dag' retrieved from /usr/local/lib/python3.10/dist-packages/airflow/example_dags/example_nested_branch_dag.py
[2024-01-08T18:49:54.135+0300] {logging_mixin.py:188} INFO - [2024-01-08T18:49:54.135+0300] {dag.py:3033} INFO - Sync 1 DAGs
[2024-01-08T18:49:54.222+0300] {logging_mixin.py:188} INFO - [2024-01-08T18:49:54.221+0300] {dag.py:3820} INFO - Setting next_dagrun for example_nested_branch_dag to 2024-01-07T00:00:00+00:00, run_after=2024-01-08T00:00:00+00:00
[2024-01-08T18:49:54.281+0300] {processor.py:183} INFO - Processing /usr/local/lib/python3.10/dist-packages/airflow/example_dags/example_nested_branch_dag.py took 0.305 seconds
[2024-01-08T18:50:24.416+0300] {processor.py:161} INFO - Started process (PID=19364) to work on /usr/local/lib/python3.10/dist-packages/airflow/example_dags/example_nested_branch_dag.py
[2024-01-08T18:50:24.419+0300] {processor.py:830} INFO - Processing file /usr/local/lib/python3.10/dist-packages/airflow/example_dags/example_nested_branch_dag.py for tasks to queue
[2024-01-08T18:50:24.422+0300] {logging_mixin.py:188} INFO - [2024-01-08T18:50:24.421+0300] {dagbag.py:538} INFO - Filling up the DagBag from /usr/local/lib/python3.10/dist-packages/airflow/example_dags/example_nested_branch_dag.py
[2024-01-08T18:50:24.459+0300] {processor.py:840} INFO - DAG(s) 'example_nested_branch_dag' retrieved from /usr/local/lib/python3.10/dist-packages/airflow/example_dags/example_nested_branch_dag.py
[2024-01-08T18:50:24.554+0300] {logging_mixin.py:188} INFO - [2024-01-08T18:50:24.554+0300] {dag.py:3033} INFO - Sync 1 DAGs
[2024-01-08T18:50:24.610+0300] {logging_mixin.py:188} INFO - [2024-01-08T18:50:24.609+0300] {dag.py:3820} INFO - Setting next_dagrun for example_nested_branch_dag to 2024-01-07T00:00:00+00:00, run_after=2024-01-08T00:00:00+00:00
[2024-01-08T18:50:24.661+0300] {processor.py:183} INFO - Processing /usr/local/lib/python3.10/dist-packages/airflow/example_dags/example_nested_branch_dag.py took 0.263 seconds
[2024-01-08T18:50:56.168+0300] {processor.py:161} INFO - Started process (PID=19684) to work on /usr/local/lib/python3.10/dist-packages/airflow/example_dags/example_nested_branch_dag.py
[2024-01-08T18:50:56.172+0300] {processor.py:830} INFO - Processing file /usr/local/lib/python3.10/dist-packages/airflow/example_dags/example_nested_branch_dag.py for tasks to queue
[2024-01-08T18:50:56.176+0300] {logging_mixin.py:188} INFO - [2024-01-08T18:50:56.174+0300] {dagbag.py:538} INFO - Filling up the DagBag from /usr/local/lib/python3.10/dist-packages/airflow/example_dags/example_nested_branch_dag.py
[2024-01-08T18:50:56.210+0300] {processor.py:840} INFO - DAG(s) 'example_nested_branch_dag' retrieved from /usr/local/lib/python3.10/dist-packages/airflow/example_dags/example_nested_branch_dag.py
[2024-01-08T18:50:56.335+0300] {logging_mixin.py:188} INFO - [2024-01-08T18:50:56.335+0300] {dag.py:3033} INFO - Sync 1 DAGs
[2024-01-08T18:50:56.422+0300] {logging_mixin.py:188} INFO - [2024-01-08T18:50:56.422+0300] {dag.py:3820} INFO - Setting next_dagrun for example_nested_branch_dag to 2024-01-07T00:00:00+00:00, run_after=2024-01-08T00:00:00+00:00
[2024-01-08T18:50:56.493+0300] {processor.py:183} INFO - Processing /usr/local/lib/python3.10/dist-packages/airflow/example_dags/example_nested_branch_dag.py took 0.341 seconds
[2024-01-08T18:51:26.972+0300] {processor.py:161} INFO - Started process (PID=20067) to work on /usr/local/lib/python3.10/dist-packages/airflow/example_dags/example_nested_branch_dag.py
[2024-01-08T18:51:26.984+0300] {processor.py:830} INFO - Processing file /usr/local/lib/python3.10/dist-packages/airflow/example_dags/example_nested_branch_dag.py for tasks to queue
[2024-01-08T18:51:26.986+0300] {logging_mixin.py:188} INFO - [2024-01-08T18:51:26.985+0300] {dagbag.py:538} INFO - Filling up the DagBag from /usr/local/lib/python3.10/dist-packages/airflow/example_dags/example_nested_branch_dag.py
[2024-01-08T18:51:27.047+0300] {processor.py:840} INFO - DAG(s) 'example_nested_branch_dag' retrieved from /usr/local/lib/python3.10/dist-packages/airflow/example_dags/example_nested_branch_dag.py
[2024-01-08T18:51:27.229+0300] {logging_mixin.py:188} INFO - [2024-01-08T18:51:27.229+0300] {dag.py:3033} INFO - Sync 1 DAGs
[2024-01-08T18:51:27.343+0300] {logging_mixin.py:188} INFO - [2024-01-08T18:51:27.343+0300] {dag.py:3820} INFO - Setting next_dagrun for example_nested_branch_dag to 2024-01-07T00:00:00+00:00, run_after=2024-01-08T00:00:00+00:00
[2024-01-08T18:51:27.444+0300] {processor.py:183} INFO - Processing /usr/local/lib/python3.10/dist-packages/airflow/example_dags/example_nested_branch_dag.py took 0.489 seconds
[2024-01-08T18:52:19.557+0300] {processor.py:161} INFO - Started process (PID=20588) to work on /usr/local/lib/python3.10/dist-packages/airflow/example_dags/example_nested_branch_dag.py
[2024-01-08T18:52:19.577+0300] {processor.py:830} INFO - Processing file /usr/local/lib/python3.10/dist-packages/airflow/example_dags/example_nested_branch_dag.py for tasks to queue
[2024-01-08T18:52:19.583+0300] {logging_mixin.py:188} INFO - [2024-01-08T18:52:19.582+0300] {dagbag.py:538} INFO - Filling up the DagBag from /usr/local/lib/python3.10/dist-packages/airflow/example_dags/example_nested_branch_dag.py
[2024-01-08T18:52:19.712+0300] {processor.py:840} INFO - DAG(s) 'example_nested_branch_dag' retrieved from /usr/local/lib/python3.10/dist-packages/airflow/example_dags/example_nested_branch_dag.py
[2024-01-08T18:52:20.022+0300] {logging_mixin.py:188} INFO - [2024-01-08T18:52:20.022+0300] {dag.py:3033} INFO - Sync 1 DAGs
[2024-01-08T18:52:20.311+0300] {logging_mixin.py:188} INFO - [2024-01-08T18:52:20.311+0300] {dag.py:3820} INFO - Setting next_dagrun for example_nested_branch_dag to 2024-01-07T00:00:00+00:00, run_after=2024-01-08T00:00:00+00:00
[2024-01-08T18:52:20.502+0300] {processor.py:183} INFO - Processing /usr/local/lib/python3.10/dist-packages/airflow/example_dags/example_nested_branch_dag.py took 1.007 seconds
[2024-01-08T18:52:53.475+0300] {processor.py:161} INFO - Started process (PID=21003) to work on /usr/local/lib/python3.10/dist-packages/airflow/example_dags/example_nested_branch_dag.py
[2024-01-08T18:52:53.480+0300] {processor.py:830} INFO - Processing file /usr/local/lib/python3.10/dist-packages/airflow/example_dags/example_nested_branch_dag.py for tasks to queue
[2024-01-08T18:52:53.483+0300] {logging_mixin.py:188} INFO - [2024-01-08T18:52:53.482+0300] {dagbag.py:538} INFO - Filling up the DagBag from /usr/local/lib/python3.10/dist-packages/airflow/example_dags/example_nested_branch_dag.py
[2024-01-08T18:52:53.757+0300] {processor.py:840} INFO - DAG(s) 'example_nested_branch_dag' retrieved from /usr/local/lib/python3.10/dist-packages/airflow/example_dags/example_nested_branch_dag.py
[2024-01-08T18:52:54.682+0300] {logging_mixin.py:188} INFO - [2024-01-08T18:52:54.682+0300] {dag.py:3033} INFO - Sync 1 DAGs
[2024-01-08T18:52:55.358+0300] {logging_mixin.py:188} INFO - [2024-01-08T18:52:55.357+0300] {dag.py:3820} INFO - Setting next_dagrun for example_nested_branch_dag to 2024-01-07T00:00:00+00:00, run_after=2024-01-08T00:00:00+00:00
[2024-01-08T18:52:55.929+0300] {processor.py:183} INFO - Processing /usr/local/lib/python3.10/dist-packages/airflow/example_dags/example_nested_branch_dag.py took 2.680 seconds
[2024-01-08T18:53:59.638+0300] {processor.py:161} INFO - Started process (PID=21565) to work on /usr/local/lib/python3.10/dist-packages/airflow/example_dags/example_nested_branch_dag.py
[2024-01-08T18:53:59.645+0300] {processor.py:830} INFO - Processing file /usr/local/lib/python3.10/dist-packages/airflow/example_dags/example_nested_branch_dag.py for tasks to queue
[2024-01-08T18:53:59.648+0300] {logging_mixin.py:188} INFO - [2024-01-08T18:53:59.647+0300] {dagbag.py:538} INFO - Filling up the DagBag from /usr/local/lib/python3.10/dist-packages/airflow/example_dags/example_nested_branch_dag.py
[2024-01-08T18:53:59.705+0300] {processor.py:840} INFO - DAG(s) 'example_nested_branch_dag' retrieved from /usr/local/lib/python3.10/dist-packages/airflow/example_dags/example_nested_branch_dag.py
[2024-01-08T18:54:00.146+0300] {logging_mixin.py:188} INFO - [2024-01-08T18:54:00.144+0300] {dag.py:3033} INFO - Sync 1 DAGs
[2024-01-08T18:54:00.574+0300] {logging_mixin.py:188} INFO - [2024-01-08T18:54:00.567+0300] {dag.py:3820} INFO - Setting next_dagrun for example_nested_branch_dag to 2024-01-07T00:00:00+00:00, run_after=2024-01-08T00:00:00+00:00
[2024-01-08T18:54:00.873+0300] {processor.py:183} INFO - Processing /usr/local/lib/python3.10/dist-packages/airflow/example_dags/example_nested_branch_dag.py took 1.303 seconds
[2024-01-08T18:54:37.756+0300] {processor.py:161} INFO - Started process (PID=21990) to work on /usr/local/lib/python3.10/dist-packages/airflow/example_dags/example_nested_branch_dag.py
[2024-01-08T18:54:37.763+0300] {processor.py:830} INFO - Processing file /usr/local/lib/python3.10/dist-packages/airflow/example_dags/example_nested_branch_dag.py for tasks to queue
[2024-01-08T18:54:37.766+0300] {logging_mixin.py:188} INFO - [2024-01-08T18:54:37.765+0300] {dagbag.py:538} INFO - Filling up the DagBag from /usr/local/lib/python3.10/dist-packages/airflow/example_dags/example_nested_branch_dag.py
[2024-01-08T18:54:37.855+0300] {processor.py:840} INFO - DAG(s) 'example_nested_branch_dag' retrieved from /usr/local/lib/python3.10/dist-packages/airflow/example_dags/example_nested_branch_dag.py
[2024-01-08T18:54:38.334+0300] {logging_mixin.py:188} INFO - [2024-01-08T18:54:38.333+0300] {dag.py:3033} INFO - Sync 1 DAGs
[2024-01-08T18:54:38.776+0300] {logging_mixin.py:188} INFO - [2024-01-08T18:54:38.776+0300] {dag.py:3820} INFO - Setting next_dagrun for example_nested_branch_dag to 2024-01-07T00:00:00+00:00, run_after=2024-01-08T00:00:00+00:00
[2024-01-08T18:54:39.131+0300] {processor.py:183} INFO - Processing /usr/local/lib/python3.10/dist-packages/airflow/example_dags/example_nested_branch_dag.py took 1.444 seconds
[2024-01-08T18:55:10.084+0300] {processor.py:161} INFO - Started process (PID=22451) to work on /usr/local/lib/python3.10/dist-packages/airflow/example_dags/example_nested_branch_dag.py
[2024-01-08T18:55:10.085+0300] {processor.py:830} INFO - Processing file /usr/local/lib/python3.10/dist-packages/airflow/example_dags/example_nested_branch_dag.py for tasks to queue
[2024-01-08T18:55:10.105+0300] {logging_mixin.py:188} INFO - [2024-01-08T18:55:10.104+0300] {dagbag.py:538} INFO - Filling up the DagBag from /usr/local/lib/python3.10/dist-packages/airflow/example_dags/example_nested_branch_dag.py
[2024-01-08T18:55:10.162+0300] {processor.py:840} INFO - DAG(s) 'example_nested_branch_dag' retrieved from /usr/local/lib/python3.10/dist-packages/airflow/example_dags/example_nested_branch_dag.py
[2024-01-08T18:55:10.304+0300] {logging_mixin.py:188} INFO - [2024-01-08T18:55:10.303+0300] {dag.py:3033} INFO - Sync 1 DAGs
[2024-01-08T18:55:10.388+0300] {logging_mixin.py:188} INFO - [2024-01-08T18:55:10.387+0300] {dag.py:3820} INFO - Setting next_dagrun for example_nested_branch_dag to 2024-01-07T00:00:00+00:00, run_after=2024-01-08T00:00:00+00:00
[2024-01-08T18:55:10.442+0300] {processor.py:183} INFO - Processing /usr/local/lib/python3.10/dist-packages/airflow/example_dags/example_nested_branch_dag.py took 0.372 seconds
[2024-01-08T18:55:42.961+0300] {processor.py:161} INFO - Started process (PID=22833) to work on /usr/local/lib/python3.10/dist-packages/airflow/example_dags/example_nested_branch_dag.py
[2024-01-08T18:55:42.968+0300] {processor.py:830} INFO - Processing file /usr/local/lib/python3.10/dist-packages/airflow/example_dags/example_nested_branch_dag.py for tasks to queue
[2024-01-08T18:55:42.971+0300] {logging_mixin.py:188} INFO - [2024-01-08T18:55:42.970+0300] {dagbag.py:538} INFO - Filling up the DagBag from /usr/local/lib/python3.10/dist-packages/airflow/example_dags/example_nested_branch_dag.py
[2024-01-08T18:55:43.038+0300] {processor.py:840} INFO - DAG(s) 'example_nested_branch_dag' retrieved from /usr/local/lib/python3.10/dist-packages/airflow/example_dags/example_nested_branch_dag.py
[2024-01-08T18:55:43.165+0300] {logging_mixin.py:188} INFO - [2024-01-08T18:55:43.164+0300] {dag.py:3033} INFO - Sync 1 DAGs
[2024-01-08T18:55:43.282+0300] {logging_mixin.py:188} INFO - [2024-01-08T18:55:43.282+0300] {dag.py:3820} INFO - Setting next_dagrun for example_nested_branch_dag to 2024-01-07T00:00:00+00:00, run_after=2024-01-08T00:00:00+00:00
[2024-01-08T18:55:43.369+0300] {processor.py:183} INFO - Processing /usr/local/lib/python3.10/dist-packages/airflow/example_dags/example_nested_branch_dag.py took 0.430 seconds
[2024-01-08T18:56:14.014+0300] {processor.py:161} INFO - Started process (PID=23148) to work on /usr/local/lib/python3.10/dist-packages/airflow/example_dags/example_nested_branch_dag.py
[2024-01-08T18:56:14.019+0300] {processor.py:830} INFO - Processing file /usr/local/lib/python3.10/dist-packages/airflow/example_dags/example_nested_branch_dag.py for tasks to queue
[2024-01-08T18:56:14.021+0300] {logging_mixin.py:188} INFO - [2024-01-08T18:56:14.020+0300] {dagbag.py:538} INFO - Filling up the DagBag from /usr/local/lib/python3.10/dist-packages/airflow/example_dags/example_nested_branch_dag.py
[2024-01-08T18:56:14.059+0300] {processor.py:840} INFO - DAG(s) 'example_nested_branch_dag' retrieved from /usr/local/lib/python3.10/dist-packages/airflow/example_dags/example_nested_branch_dag.py
[2024-01-08T18:56:14.221+0300] {logging_mixin.py:188} INFO - [2024-01-08T18:56:14.221+0300] {dag.py:3033} INFO - Sync 1 DAGs
[2024-01-08T18:56:14.298+0300] {logging_mixin.py:188} INFO - [2024-01-08T18:56:14.297+0300] {dag.py:3820} INFO - Setting next_dagrun for example_nested_branch_dag to 2024-01-07T00:00:00+00:00, run_after=2024-01-08T00:00:00+00:00
[2024-01-08T18:56:14.388+0300] {processor.py:183} INFO - Processing /usr/local/lib/python3.10/dist-packages/airflow/example_dags/example_nested_branch_dag.py took 0.388 seconds
[2024-01-08T18:56:44.723+0300] {processor.py:161} INFO - Started process (PID=23464) to work on /usr/local/lib/python3.10/dist-packages/airflow/example_dags/example_nested_branch_dag.py
[2024-01-08T18:56:44.726+0300] {processor.py:830} INFO - Processing file /usr/local/lib/python3.10/dist-packages/airflow/example_dags/example_nested_branch_dag.py for tasks to queue
[2024-01-08T18:56:44.729+0300] {logging_mixin.py:188} INFO - [2024-01-08T18:56:44.728+0300] {dagbag.py:538} INFO - Filling up the DagBag from /usr/local/lib/python3.10/dist-packages/airflow/example_dags/example_nested_branch_dag.py
[2024-01-08T18:56:44.775+0300] {processor.py:840} INFO - DAG(s) 'example_nested_branch_dag' retrieved from /usr/local/lib/python3.10/dist-packages/airflow/example_dags/example_nested_branch_dag.py
[2024-01-08T18:56:44.946+0300] {logging_mixin.py:188} INFO - [2024-01-08T18:56:44.945+0300] {dag.py:3033} INFO - Sync 1 DAGs
[2024-01-08T18:56:45.107+0300] {logging_mixin.py:188} INFO - [2024-01-08T18:56:45.107+0300] {dag.py:3820} INFO - Setting next_dagrun for example_nested_branch_dag to 2024-01-07T00:00:00+00:00, run_after=2024-01-08T00:00:00+00:00
[2024-01-08T18:56:45.201+0300] {processor.py:183} INFO - Processing /usr/local/lib/python3.10/dist-packages/airflow/example_dags/example_nested_branch_dag.py took 0.497 seconds
[2024-01-08T18:57:16.908+0300] {processor.py:161} INFO - Started process (PID=23847) to work on /usr/local/lib/python3.10/dist-packages/airflow/example_dags/example_nested_branch_dag.py
[2024-01-08T18:57:16.911+0300] {processor.py:830} INFO - Processing file /usr/local/lib/python3.10/dist-packages/airflow/example_dags/example_nested_branch_dag.py for tasks to queue
[2024-01-08T18:57:16.917+0300] {logging_mixin.py:188} INFO - [2024-01-08T18:57:16.915+0300] {dagbag.py:538} INFO - Filling up the DagBag from /usr/local/lib/python3.10/dist-packages/airflow/example_dags/example_nested_branch_dag.py
[2024-01-08T18:57:16.963+0300] {processor.py:840} INFO - DAG(s) 'example_nested_branch_dag' retrieved from /usr/local/lib/python3.10/dist-packages/airflow/example_dags/example_nested_branch_dag.py
[2024-01-08T18:57:17.049+0300] {logging_mixin.py:188} INFO - [2024-01-08T18:57:17.049+0300] {dag.py:3033} INFO - Sync 1 DAGs
[2024-01-08T18:57:17.101+0300] {logging_mixin.py:188} INFO - [2024-01-08T18:57:17.101+0300] {dag.py:3820} INFO - Setting next_dagrun for example_nested_branch_dag to 2024-01-07T00:00:00+00:00, run_after=2024-01-08T00:00:00+00:00
[2024-01-08T18:57:17.153+0300] {processor.py:183} INFO - Processing /usr/local/lib/python3.10/dist-packages/airflow/example_dags/example_nested_branch_dag.py took 0.266 seconds
[2024-01-08T18:57:54.374+0300] {processor.py:161} INFO - Started process (PID=24213) to work on /usr/local/lib/python3.10/dist-packages/airflow/example_dags/example_nested_branch_dag.py
[2024-01-08T18:57:54.386+0300] {processor.py:830} INFO - Processing file /usr/local/lib/python3.10/dist-packages/airflow/example_dags/example_nested_branch_dag.py for tasks to queue
[2024-01-08T18:57:54.388+0300] {logging_mixin.py:188} INFO - [2024-01-08T18:57:54.388+0300] {dagbag.py:538} INFO - Filling up the DagBag from /usr/local/lib/python3.10/dist-packages/airflow/example_dags/example_nested_branch_dag.py
[2024-01-08T18:57:54.457+0300] {processor.py:840} INFO - DAG(s) 'example_nested_branch_dag' retrieved from /usr/local/lib/python3.10/dist-packages/airflow/example_dags/example_nested_branch_dag.py
[2024-01-08T18:57:54.582+0300] {logging_mixin.py:188} INFO - [2024-01-08T18:57:54.582+0300] {dag.py:3033} INFO - Sync 1 DAGs
[2024-01-08T18:57:54.717+0300] {logging_mixin.py:188} INFO - [2024-01-08T18:57:54.716+0300] {dag.py:3820} INFO - Setting next_dagrun for example_nested_branch_dag to 2024-01-07T00:00:00+00:00, run_after=2024-01-08T00:00:00+00:00
[2024-01-08T18:57:54.826+0300] {processor.py:183} INFO - Processing /usr/local/lib/python3.10/dist-packages/airflow/example_dags/example_nested_branch_dag.py took 0.468 seconds
[2024-01-08T18:58:25.845+0300] {processor.py:161} INFO - Started process (PID=24566) to work on /usr/local/lib/python3.10/dist-packages/airflow/example_dags/example_nested_branch_dag.py
[2024-01-08T18:58:25.854+0300] {processor.py:830} INFO - Processing file /usr/local/lib/python3.10/dist-packages/airflow/example_dags/example_nested_branch_dag.py for tasks to queue
[2024-01-08T18:58:25.863+0300] {logging_mixin.py:188} INFO - [2024-01-08T18:58:25.862+0300] {dagbag.py:538} INFO - Filling up the DagBag from /usr/local/lib/python3.10/dist-packages/airflow/example_dags/example_nested_branch_dag.py
[2024-01-08T18:58:25.970+0300] {processor.py:840} INFO - DAG(s) 'example_nested_branch_dag' retrieved from /usr/local/lib/python3.10/dist-packages/airflow/example_dags/example_nested_branch_dag.py
[2024-01-08T18:58:26.154+0300] {logging_mixin.py:188} INFO - [2024-01-08T18:58:26.152+0300] {dag.py:3033} INFO - Sync 1 DAGs
[2024-01-08T18:58:26.247+0300] {logging_mixin.py:188} INFO - [2024-01-08T18:58:26.247+0300] {dag.py:3820} INFO - Setting next_dagrun for example_nested_branch_dag to 2024-01-07T00:00:00+00:00, run_after=2024-01-08T00:00:00+00:00
[2024-01-08T18:58:26.462+0300] {processor.py:183} INFO - Processing /usr/local/lib/python3.10/dist-packages/airflow/example_dags/example_nested_branch_dag.py took 0.635 seconds
[2024-01-08T18:58:59.466+0300] {processor.py:161} INFO - Started process (PID=25011) to work on /usr/local/lib/python3.10/dist-packages/airflow/example_dags/example_nested_branch_dag.py
[2024-01-08T18:58:59.477+0300] {processor.py:830} INFO - Processing file /usr/local/lib/python3.10/dist-packages/airflow/example_dags/example_nested_branch_dag.py for tasks to queue
[2024-01-08T18:58:59.480+0300] {logging_mixin.py:188} INFO - [2024-01-08T18:58:59.479+0300] {dagbag.py:538} INFO - Filling up the DagBag from /usr/local/lib/python3.10/dist-packages/airflow/example_dags/example_nested_branch_dag.py
[2024-01-08T18:58:59.643+0300] {processor.py:840} INFO - DAG(s) 'example_nested_branch_dag' retrieved from /usr/local/lib/python3.10/dist-packages/airflow/example_dags/example_nested_branch_dag.py
[2024-01-08T18:59:00.096+0300] {logging_mixin.py:188} INFO - [2024-01-08T18:59:00.095+0300] {dag.py:3033} INFO - Sync 1 DAGs
[2024-01-08T18:59:00.396+0300] {logging_mixin.py:188} INFO - [2024-01-08T18:59:00.396+0300] {dag.py:3820} INFO - Setting next_dagrun for example_nested_branch_dag to 2024-01-07T00:00:00+00:00, run_after=2024-01-08T00:00:00+00:00
[2024-01-08T18:59:00.570+0300] {processor.py:183} INFO - Processing /usr/local/lib/python3.10/dist-packages/airflow/example_dags/example_nested_branch_dag.py took 1.135 seconds
[2024-01-08T18:59:38.006+0300] {processor.py:161} INFO - Started process (PID=25451) to work on /usr/local/lib/python3.10/dist-packages/airflow/example_dags/example_nested_branch_dag.py
[2024-01-08T18:59:38.011+0300] {processor.py:830} INFO - Processing file /usr/local/lib/python3.10/dist-packages/airflow/example_dags/example_nested_branch_dag.py for tasks to queue
[2024-01-08T18:59:38.013+0300] {logging_mixin.py:188} INFO - [2024-01-08T18:59:38.012+0300] {dagbag.py:538} INFO - Filling up the DagBag from /usr/local/lib/python3.10/dist-packages/airflow/example_dags/example_nested_branch_dag.py
[2024-01-08T18:59:38.083+0300] {processor.py:840} INFO - DAG(s) 'example_nested_branch_dag' retrieved from /usr/local/lib/python3.10/dist-packages/airflow/example_dags/example_nested_branch_dag.py
[2024-01-08T18:59:38.314+0300] {logging_mixin.py:188} INFO - [2024-01-08T18:59:38.313+0300] {dag.py:3033} INFO - Sync 1 DAGs
[2024-01-08T18:59:38.473+0300] {logging_mixin.py:188} INFO - [2024-01-08T18:59:38.473+0300] {dag.py:3820} INFO - Setting next_dagrun for example_nested_branch_dag to 2024-01-07T00:00:00+00:00, run_after=2024-01-08T00:00:00+00:00
[2024-01-08T18:59:38.614+0300] {processor.py:183} INFO - Processing /usr/local/lib/python3.10/dist-packages/airflow/example_dags/example_nested_branch_dag.py took 0.622 seconds
[2024-01-08T19:00:08.846+0300] {processor.py:161} INFO - Started process (PID=25817) to work on /usr/local/lib/python3.10/dist-packages/airflow/example_dags/example_nested_branch_dag.py
[2024-01-08T19:00:08.849+0300] {processor.py:830} INFO - Processing file /usr/local/lib/python3.10/dist-packages/airflow/example_dags/example_nested_branch_dag.py for tasks to queue
[2024-01-08T19:00:08.851+0300] {logging_mixin.py:188} INFO - [2024-01-08T19:00:08.850+0300] {dagbag.py:538} INFO - Filling up the DagBag from /usr/local/lib/python3.10/dist-packages/airflow/example_dags/example_nested_branch_dag.py
[2024-01-08T19:00:08.897+0300] {processor.py:840} INFO - DAG(s) 'example_nested_branch_dag' retrieved from /usr/local/lib/python3.10/dist-packages/airflow/example_dags/example_nested_branch_dag.py
[2024-01-08T19:00:08.992+0300] {logging_mixin.py:188} INFO - [2024-01-08T19:00:08.992+0300] {dag.py:3033} INFO - Sync 1 DAGs
[2024-01-08T19:00:09.053+0300] {logging_mixin.py:188} INFO - [2024-01-08T19:00:09.052+0300] {dag.py:3820} INFO - Setting next_dagrun for example_nested_branch_dag to 2024-01-07T00:00:00+00:00, run_after=2024-01-08T00:00:00+00:00
[2024-01-08T19:00:09.113+0300] {processor.py:183} INFO - Processing /usr/local/lib/python3.10/dist-packages/airflow/example_dags/example_nested_branch_dag.py took 0.282 seconds
[2024-01-08T19:00:41.074+0300] {processor.py:161} INFO - Started process (PID=26232) to work on /usr/local/lib/python3.10/dist-packages/airflow/example_dags/example_nested_branch_dag.py
[2024-01-08T19:00:41.103+0300] {processor.py:830} INFO - Processing file /usr/local/lib/python3.10/dist-packages/airflow/example_dags/example_nested_branch_dag.py for tasks to queue
[2024-01-08T19:00:41.105+0300] {logging_mixin.py:188} INFO - [2024-01-08T19:00:41.105+0300] {dagbag.py:538} INFO - Filling up the DagBag from /usr/local/lib/python3.10/dist-packages/airflow/example_dags/example_nested_branch_dag.py
[2024-01-08T19:00:41.193+0300] {processor.py:840} INFO - DAG(s) 'example_nested_branch_dag' retrieved from /usr/local/lib/python3.10/dist-packages/airflow/example_dags/example_nested_branch_dag.py
[2024-01-08T19:00:41.427+0300] {logging_mixin.py:188} INFO - [2024-01-08T19:00:41.427+0300] {dag.py:3033} INFO - Sync 1 DAGs
[2024-01-08T19:00:41.540+0300] {logging_mixin.py:188} INFO - [2024-01-08T19:00:41.540+0300] {dag.py:3820} INFO - Setting next_dagrun for example_nested_branch_dag to 2024-01-07T00:00:00+00:00, run_after=2024-01-08T00:00:00+00:00
[2024-01-08T19:00:41.596+0300] {processor.py:183} INFO - Processing /usr/local/lib/python3.10/dist-packages/airflow/example_dags/example_nested_branch_dag.py took 0.553 seconds
[2024-01-08T19:01:11.689+0300] {processor.py:161} INFO - Started process (PID=26624) to work on /usr/local/lib/python3.10/dist-packages/airflow/example_dags/example_nested_branch_dag.py
[2024-01-08T19:01:11.691+0300] {processor.py:830} INFO - Processing file /usr/local/lib/python3.10/dist-packages/airflow/example_dags/example_nested_branch_dag.py for tasks to queue
[2024-01-08T19:01:11.693+0300] {logging_mixin.py:188} INFO - [2024-01-08T19:01:11.692+0300] {dagbag.py:538} INFO - Filling up the DagBag from /usr/local/lib/python3.10/dist-packages/airflow/example_dags/example_nested_branch_dag.py
[2024-01-08T19:01:11.720+0300] {processor.py:840} INFO - DAG(s) 'example_nested_branch_dag' retrieved from /usr/local/lib/python3.10/dist-packages/airflow/example_dags/example_nested_branch_dag.py
[2024-01-08T19:01:11.819+0300] {logging_mixin.py:188} INFO - [2024-01-08T19:01:11.818+0300] {dag.py:3033} INFO - Sync 1 DAGs
[2024-01-08T19:01:11.872+0300] {logging_mixin.py:188} INFO - [2024-01-08T19:01:11.872+0300] {dag.py:3820} INFO - Setting next_dagrun for example_nested_branch_dag to 2024-01-07T00:00:00+00:00, run_after=2024-01-08T00:00:00+00:00
[2024-01-08T19:01:11.921+0300] {processor.py:183} INFO - Processing /usr/local/lib/python3.10/dist-packages/airflow/example_dags/example_nested_branch_dag.py took 0.241 seconds
[2024-01-08T19:01:42.334+0300] {processor.py:161} INFO - Started process (PID=27024) to work on /usr/local/lib/python3.10/dist-packages/airflow/example_dags/example_nested_branch_dag.py
[2024-01-08T19:01:42.337+0300] {processor.py:830} INFO - Processing file /usr/local/lib/python3.10/dist-packages/airflow/example_dags/example_nested_branch_dag.py for tasks to queue
[2024-01-08T19:01:42.340+0300] {logging_mixin.py:188} INFO - [2024-01-08T19:01:42.339+0300] {dagbag.py:538} INFO - Filling up the DagBag from /usr/local/lib/python3.10/dist-packages/airflow/example_dags/example_nested_branch_dag.py
[2024-01-08T19:01:42.376+0300] {processor.py:840} INFO - DAG(s) 'example_nested_branch_dag' retrieved from /usr/local/lib/python3.10/dist-packages/airflow/example_dags/example_nested_branch_dag.py
[2024-01-08T19:01:42.524+0300] {logging_mixin.py:188} INFO - [2024-01-08T19:01:42.524+0300] {dag.py:3033} INFO - Sync 1 DAGs
[2024-01-08T19:01:42.580+0300] {logging_mixin.py:188} INFO - [2024-01-08T19:01:42.580+0300] {dag.py:3820} INFO - Setting next_dagrun for example_nested_branch_dag to 2024-01-07T00:00:00+00:00, run_after=2024-01-08T00:00:00+00:00
[2024-01-08T19:01:42.625+0300] {processor.py:183} INFO - Processing /usr/local/lib/python3.10/dist-packages/airflow/example_dags/example_nested_branch_dag.py took 0.306 seconds
[2024-01-08T19:02:13.345+0300] {processor.py:161} INFO - Started process (PID=27340) to work on /usr/local/lib/python3.10/dist-packages/airflow/example_dags/example_nested_branch_dag.py
[2024-01-08T19:02:13.347+0300] {processor.py:830} INFO - Processing file /usr/local/lib/python3.10/dist-packages/airflow/example_dags/example_nested_branch_dag.py for tasks to queue
[2024-01-08T19:02:13.353+0300] {logging_mixin.py:188} INFO - [2024-01-08T19:02:13.352+0300] {dagbag.py:538} INFO - Filling up the DagBag from /usr/local/lib/python3.10/dist-packages/airflow/example_dags/example_nested_branch_dag.py
[2024-01-08T19:02:13.395+0300] {processor.py:840} INFO - DAG(s) 'example_nested_branch_dag' retrieved from /usr/local/lib/python3.10/dist-packages/airflow/example_dags/example_nested_branch_dag.py
[2024-01-08T19:02:13.548+0300] {logging_mixin.py:188} INFO - [2024-01-08T19:02:13.548+0300] {dag.py:3033} INFO - Sync 1 DAGs
[2024-01-08T19:02:13.621+0300] {logging_mixin.py:188} INFO - [2024-01-08T19:02:13.620+0300] {dag.py:3820} INFO - Setting next_dagrun for example_nested_branch_dag to 2024-01-07T00:00:00+00:00, run_after=2024-01-08T00:00:00+00:00
[2024-01-08T19:02:13.703+0300] {processor.py:183} INFO - Processing /usr/local/lib/python3.10/dist-packages/airflow/example_dags/example_nested_branch_dag.py took 0.390 seconds
[2024-01-08T19:02:44.276+0300] {processor.py:161} INFO - Started process (PID=27650) to work on /usr/local/lib/python3.10/dist-packages/airflow/example_dags/example_nested_branch_dag.py
[2024-01-08T19:02:44.280+0300] {processor.py:830} INFO - Processing file /usr/local/lib/python3.10/dist-packages/airflow/example_dags/example_nested_branch_dag.py for tasks to queue
[2024-01-08T19:02:44.282+0300] {logging_mixin.py:188} INFO - [2024-01-08T19:02:44.282+0300] {dagbag.py:538} INFO - Filling up the DagBag from /usr/local/lib/python3.10/dist-packages/airflow/example_dags/example_nested_branch_dag.py
[2024-01-08T19:02:44.312+0300] {processor.py:840} INFO - DAG(s) 'example_nested_branch_dag' retrieved from /usr/local/lib/python3.10/dist-packages/airflow/example_dags/example_nested_branch_dag.py
[2024-01-08T19:02:44.439+0300] {logging_mixin.py:188} INFO - [2024-01-08T19:02:44.438+0300] {dag.py:3033} INFO - Sync 1 DAGs
[2024-01-08T19:02:44.514+0300] {logging_mixin.py:188} INFO - [2024-01-08T19:02:44.513+0300] {dag.py:3820} INFO - Setting next_dagrun for example_nested_branch_dag to 2024-01-07T00:00:00+00:00, run_after=2024-01-08T00:00:00+00:00
[2024-01-08T19:02:44.562+0300] {processor.py:183} INFO - Processing /usr/local/lib/python3.10/dist-packages/airflow/example_dags/example_nested_branch_dag.py took 0.300 seconds
[2024-01-08T19:03:27.594+0300] {processor.py:161} INFO - Started process (PID=28067) to work on /usr/local/lib/python3.10/dist-packages/airflow/example_dags/example_nested_branch_dag.py
[2024-01-08T19:03:27.610+0300] {processor.py:830} INFO - Processing file /usr/local/lib/python3.10/dist-packages/airflow/example_dags/example_nested_branch_dag.py for tasks to queue
[2024-01-08T19:03:27.613+0300] {logging_mixin.py:188} INFO - [2024-01-08T19:03:27.612+0300] {dagbag.py:538} INFO - Filling up the DagBag from /usr/local/lib/python3.10/dist-packages/airflow/example_dags/example_nested_branch_dag.py
[2024-01-08T19:03:27.697+0300] {processor.py:840} INFO - DAG(s) 'example_nested_branch_dag' retrieved from /usr/local/lib/python3.10/dist-packages/airflow/example_dags/example_nested_branch_dag.py
[2024-01-08T19:03:27.831+0300] {logging_mixin.py:188} INFO - [2024-01-08T19:03:27.830+0300] {dag.py:3033} INFO - Sync 1 DAGs
[2024-01-08T19:03:27.921+0300] {logging_mixin.py:188} INFO - [2024-01-08T19:03:27.920+0300] {dag.py:3820} INFO - Setting next_dagrun for example_nested_branch_dag to 2024-01-07T00:00:00+00:00, run_after=2024-01-08T00:00:00+00:00
[2024-01-08T19:03:28.020+0300] {processor.py:183} INFO - Processing /usr/local/lib/python3.10/dist-packages/airflow/example_dags/example_nested_branch_dag.py took 0.476 seconds
[2024-01-08T19:03:59.093+0300] {processor.py:161} INFO - Started process (PID=28452) to work on /usr/local/lib/python3.10/dist-packages/airflow/example_dags/example_nested_branch_dag.py
[2024-01-08T19:03:59.095+0300] {processor.py:830} INFO - Processing file /usr/local/lib/python3.10/dist-packages/airflow/example_dags/example_nested_branch_dag.py for tasks to queue
[2024-01-08T19:03:59.097+0300] {logging_mixin.py:188} INFO - [2024-01-08T19:03:59.096+0300] {dagbag.py:538} INFO - Filling up the DagBag from /usr/local/lib/python3.10/dist-packages/airflow/example_dags/example_nested_branch_dag.py
[2024-01-08T19:03:59.134+0300] {processor.py:840} INFO - DAG(s) 'example_nested_branch_dag' retrieved from /usr/local/lib/python3.10/dist-packages/airflow/example_dags/example_nested_branch_dag.py
[2024-01-08T19:03:59.262+0300] {logging_mixin.py:188} INFO - [2024-01-08T19:03:59.262+0300] {dag.py:3033} INFO - Sync 1 DAGs
[2024-01-08T19:03:59.347+0300] {logging_mixin.py:188} INFO - [2024-01-08T19:03:59.344+0300] {dag.py:3820} INFO - Setting next_dagrun for example_nested_branch_dag to 2024-01-07T00:00:00+00:00, run_after=2024-01-08T00:00:00+00:00
[2024-01-08T19:03:59.409+0300] {processor.py:183} INFO - Processing /usr/local/lib/python3.10/dist-packages/airflow/example_dags/example_nested_branch_dag.py took 0.341 seconds
[2024-01-08T19:04:29.900+0300] {processor.py:161} INFO - Started process (PID=28812) to work on /usr/local/lib/python3.10/dist-packages/airflow/example_dags/example_nested_branch_dag.py
[2024-01-08T19:04:29.917+0300] {processor.py:830} INFO - Processing file /usr/local/lib/python3.10/dist-packages/airflow/example_dags/example_nested_branch_dag.py for tasks to queue
[2024-01-08T19:04:29.919+0300] {logging_mixin.py:188} INFO - [2024-01-08T19:04:29.919+0300] {dagbag.py:538} INFO - Filling up the DagBag from /usr/local/lib/python3.10/dist-packages/airflow/example_dags/example_nested_branch_dag.py
[2024-01-08T19:04:29.975+0300] {processor.py:840} INFO - DAG(s) 'example_nested_branch_dag' retrieved from /usr/local/lib/python3.10/dist-packages/airflow/example_dags/example_nested_branch_dag.py
[2024-01-08T19:04:30.155+0300] {logging_mixin.py:188} INFO - [2024-01-08T19:04:30.154+0300] {dag.py:3033} INFO - Sync 1 DAGs
[2024-01-08T19:04:30.250+0300] {logging_mixin.py:188} INFO - [2024-01-08T19:04:30.249+0300] {dag.py:3820} INFO - Setting next_dagrun for example_nested_branch_dag to 2024-01-07T00:00:00+00:00, run_after=2024-01-08T00:00:00+00:00
[2024-01-08T19:04:30.358+0300] {processor.py:183} INFO - Processing /usr/local/lib/python3.10/dist-packages/airflow/example_dags/example_nested_branch_dag.py took 0.477 seconds
[2024-01-08T19:05:01.978+0300] {processor.py:161} INFO - Started process (PID=29250) to work on /usr/local/lib/python3.10/dist-packages/airflow/example_dags/example_nested_branch_dag.py
[2024-01-08T19:05:01.981+0300] {processor.py:830} INFO - Processing file /usr/local/lib/python3.10/dist-packages/airflow/example_dags/example_nested_branch_dag.py for tasks to queue
[2024-01-08T19:05:01.987+0300] {logging_mixin.py:188} INFO - [2024-01-08T19:05:01.983+0300] {dagbag.py:538} INFO - Filling up the DagBag from /usr/local/lib/python3.10/dist-packages/airflow/example_dags/example_nested_branch_dag.py
[2024-01-08T19:05:02.023+0300] {processor.py:840} INFO - DAG(s) 'example_nested_branch_dag' retrieved from /usr/local/lib/python3.10/dist-packages/airflow/example_dags/example_nested_branch_dag.py
[2024-01-08T19:05:02.147+0300] {logging_mixin.py:188} INFO - [2024-01-08T19:05:02.147+0300] {dag.py:3033} INFO - Sync 1 DAGs
[2024-01-08T19:05:02.240+0300] {logging_mixin.py:188} INFO - [2024-01-08T19:05:02.240+0300] {dag.py:3820} INFO - Setting next_dagrun for example_nested_branch_dag to 2024-01-07T00:00:00+00:00, run_after=2024-01-08T00:00:00+00:00
[2024-01-08T19:05:02.303+0300] {processor.py:183} INFO - Processing /usr/local/lib/python3.10/dist-packages/airflow/example_dags/example_nested_branch_dag.py took 0.343 seconds
[2024-01-08T19:05:41.356+0300] {processor.py:161} INFO - Started process (PID=29673) to work on /usr/local/lib/python3.10/dist-packages/airflow/example_dags/example_nested_branch_dag.py
[2024-01-08T19:05:41.377+0300] {processor.py:830} INFO - Processing file /usr/local/lib/python3.10/dist-packages/airflow/example_dags/example_nested_branch_dag.py for tasks to queue
[2024-01-08T19:05:41.381+0300] {logging_mixin.py:188} INFO - [2024-01-08T19:05:41.378+0300] {dagbag.py:538} INFO - Filling up the DagBag from /usr/local/lib/python3.10/dist-packages/airflow/example_dags/example_nested_branch_dag.py
[2024-01-08T19:05:41.491+0300] {processor.py:840} INFO - DAG(s) 'example_nested_branch_dag' retrieved from /usr/local/lib/python3.10/dist-packages/airflow/example_dags/example_nested_branch_dag.py
[2024-01-08T19:05:41.851+0300] {logging_mixin.py:188} INFO - [2024-01-08T19:05:41.851+0300] {dag.py:3033} INFO - Sync 1 DAGs
[2024-01-08T19:05:42.077+0300] {logging_mixin.py:188} INFO - [2024-01-08T19:05:42.076+0300] {dag.py:3820} INFO - Setting next_dagrun for example_nested_branch_dag to 2024-01-07T00:00:00+00:00, run_after=2024-01-08T00:00:00+00:00
[2024-01-08T19:05:42.231+0300] {processor.py:183} INFO - Processing /usr/local/lib/python3.10/dist-packages/airflow/example_dags/example_nested_branch_dag.py took 0.910 seconds
[2024-01-08T19:06:12.562+0300] {processor.py:161} INFO - Started process (PID=30045) to work on /usr/local/lib/python3.10/dist-packages/airflow/example_dags/example_nested_branch_dag.py
[2024-01-08T19:06:12.577+0300] {processor.py:830} INFO - Processing file /usr/local/lib/python3.10/dist-packages/airflow/example_dags/example_nested_branch_dag.py for tasks to queue
[2024-01-08T19:06:12.579+0300] {logging_mixin.py:188} INFO - [2024-01-08T19:06:12.578+0300] {dagbag.py:538} INFO - Filling up the DagBag from /usr/local/lib/python3.10/dist-packages/airflow/example_dags/example_nested_branch_dag.py
[2024-01-08T19:06:12.702+0300] {processor.py:840} INFO - DAG(s) 'example_nested_branch_dag' retrieved from /usr/local/lib/python3.10/dist-packages/airflow/example_dags/example_nested_branch_dag.py
[2024-01-08T19:06:12.906+0300] {logging_mixin.py:188} INFO - [2024-01-08T19:06:12.905+0300] {dag.py:3033} INFO - Sync 1 DAGs
[2024-01-08T19:06:13.191+0300] {logging_mixin.py:188} INFO - [2024-01-08T19:06:13.190+0300] {dag.py:3820} INFO - Setting next_dagrun for example_nested_branch_dag to 2024-01-07T00:00:00+00:00, run_after=2024-01-08T00:00:00+00:00
[2024-01-08T19:06:13.427+0300] {processor.py:183} INFO - Processing /usr/local/lib/python3.10/dist-packages/airflow/example_dags/example_nested_branch_dag.py took 0.889 seconds
[2024-01-08T19:07:07.726+0300] {processor.py:161} INFO - Started process (PID=30552) to work on /usr/local/lib/python3.10/dist-packages/airflow/example_dags/example_nested_branch_dag.py
[2024-01-08T19:07:07.740+0300] {processor.py:830} INFO - Processing file /usr/local/lib/python3.10/dist-packages/airflow/example_dags/example_nested_branch_dag.py for tasks to queue
[2024-01-08T19:07:07.744+0300] {logging_mixin.py:188} INFO - [2024-01-08T19:07:07.743+0300] {dagbag.py:538} INFO - Filling up the DagBag from /usr/local/lib/python3.10/dist-packages/airflow/example_dags/example_nested_branch_dag.py
[2024-01-08T19:07:07.925+0300] {processor.py:840} INFO - DAG(s) 'example_nested_branch_dag' retrieved from /usr/local/lib/python3.10/dist-packages/airflow/example_dags/example_nested_branch_dag.py
[2024-01-08T19:07:08.378+0300] {logging_mixin.py:188} INFO - [2024-01-08T19:07:08.378+0300] {dag.py:3033} INFO - Sync 1 DAGs
[2024-01-08T19:07:08.611+0300] {logging_mixin.py:188} INFO - [2024-01-08T19:07:08.610+0300] {dag.py:3820} INFO - Setting next_dagrun for example_nested_branch_dag to 2024-01-07T00:00:00+00:00, run_after=2024-01-08T00:00:00+00:00
[2024-01-08T19:07:08.740+0300] {processor.py:183} INFO - Processing /usr/local/lib/python3.10/dist-packages/airflow/example_dags/example_nested_branch_dag.py took 1.082 seconds
[2024-01-08T19:07:42.438+0300] {processor.py:161} INFO - Started process (PID=30970) to work on /usr/local/lib/python3.10/dist-packages/airflow/example_dags/example_nested_branch_dag.py
[2024-01-08T19:07:42.464+0300] {processor.py:830} INFO - Processing file /usr/local/lib/python3.10/dist-packages/airflow/example_dags/example_nested_branch_dag.py for tasks to queue
[2024-01-08T19:07:42.523+0300] {logging_mixin.py:188} INFO - [2024-01-08T19:07:42.516+0300] {dagbag.py:538} INFO - Filling up the DagBag from /usr/local/lib/python3.10/dist-packages/airflow/example_dags/example_nested_branch_dag.py
[2024-01-08T19:07:42.726+0300] {processor.py:840} INFO - DAG(s) 'example_nested_branch_dag' retrieved from /usr/local/lib/python3.10/dist-packages/airflow/example_dags/example_nested_branch_dag.py
[2024-01-08T19:07:43.447+0300] {logging_mixin.py:188} INFO - [2024-01-08T19:07:43.447+0300] {dag.py:3033} INFO - Sync 1 DAGs
[2024-01-08T19:07:43.830+0300] {logging_mixin.py:188} INFO - [2024-01-08T19:07:43.829+0300] {dag.py:3820} INFO - Setting next_dagrun for example_nested_branch_dag to 2024-01-07T00:00:00+00:00, run_after=2024-01-08T00:00:00+00:00
[2024-01-08T19:07:44.174+0300] {processor.py:183} INFO - Processing /usr/local/lib/python3.10/dist-packages/airflow/example_dags/example_nested_branch_dag.py took 1.758 seconds
[2024-01-08T19:08:14.592+0300] {processor.py:161} INFO - Started process (PID=31308) to work on /usr/local/lib/python3.10/dist-packages/airflow/example_dags/example_nested_branch_dag.py
[2024-01-08T19:08:14.595+0300] {processor.py:830} INFO - Processing file /usr/local/lib/python3.10/dist-packages/airflow/example_dags/example_nested_branch_dag.py for tasks to queue
[2024-01-08T19:08:14.597+0300] {logging_mixin.py:188} INFO - [2024-01-08T19:08:14.596+0300] {dagbag.py:538} INFO - Filling up the DagBag from /usr/local/lib/python3.10/dist-packages/airflow/example_dags/example_nested_branch_dag.py
[2024-01-08T19:08:14.630+0300] {processor.py:840} INFO - DAG(s) 'example_nested_branch_dag' retrieved from /usr/local/lib/python3.10/dist-packages/airflow/example_dags/example_nested_branch_dag.py
[2024-01-08T19:08:14.743+0300] {logging_mixin.py:188} INFO - [2024-01-08T19:08:14.743+0300] {dag.py:3033} INFO - Sync 1 DAGs
[2024-01-08T19:08:14.832+0300] {logging_mixin.py:188} INFO - [2024-01-08T19:08:14.832+0300] {dag.py:3820} INFO - Setting next_dagrun for example_nested_branch_dag to 2024-01-07T00:00:00+00:00, run_after=2024-01-08T00:00:00+00:00
[2024-01-08T19:08:14.883+0300] {processor.py:183} INFO - Processing /usr/local/lib/python3.10/dist-packages/airflow/example_dags/example_nested_branch_dag.py took 0.300 seconds
[2024-01-08T19:08:45.053+0300] {processor.py:161} INFO - Started process (PID=31624) to work on /usr/local/lib/python3.10/dist-packages/airflow/example_dags/example_nested_branch_dag.py
[2024-01-08T19:08:45.056+0300] {processor.py:830} INFO - Processing file /usr/local/lib/python3.10/dist-packages/airflow/example_dags/example_nested_branch_dag.py for tasks to queue
[2024-01-08T19:08:45.058+0300] {logging_mixin.py:188} INFO - [2024-01-08T19:08:45.057+0300] {dagbag.py:538} INFO - Filling up the DagBag from /usr/local/lib/python3.10/dist-packages/airflow/example_dags/example_nested_branch_dag.py
[2024-01-08T19:08:45.087+0300] {processor.py:840} INFO - DAG(s) 'example_nested_branch_dag' retrieved from /usr/local/lib/python3.10/dist-packages/airflow/example_dags/example_nested_branch_dag.py
[2024-01-08T19:08:45.190+0300] {logging_mixin.py:188} INFO - [2024-01-08T19:08:45.189+0300] {dag.py:3033} INFO - Sync 1 DAGs
[2024-01-08T19:08:45.262+0300] {logging_mixin.py:188} INFO - [2024-01-08T19:08:45.262+0300] {dag.py:3820} INFO - Setting next_dagrun for example_nested_branch_dag to 2024-01-07T00:00:00+00:00, run_after=2024-01-08T00:00:00+00:00
[2024-01-08T19:08:45.312+0300] {processor.py:183} INFO - Processing /usr/local/lib/python3.10/dist-packages/airflow/example_dags/example_nested_branch_dag.py took 0.271 seconds
[2024-01-08T19:09:15.628+0300] {processor.py:161} INFO - Started process (PID=32003) to work on /usr/local/lib/python3.10/dist-packages/airflow/example_dags/example_nested_branch_dag.py
[2024-01-08T19:09:15.638+0300] {processor.py:830} INFO - Processing file /usr/local/lib/python3.10/dist-packages/airflow/example_dags/example_nested_branch_dag.py for tasks to queue
[2024-01-08T19:09:15.640+0300] {logging_mixin.py:188} INFO - [2024-01-08T19:09:15.639+0300] {dagbag.py:538} INFO - Filling up the DagBag from /usr/local/lib/python3.10/dist-packages/airflow/example_dags/example_nested_branch_dag.py
[2024-01-08T19:09:15.669+0300] {processor.py:840} INFO - DAG(s) 'example_nested_branch_dag' retrieved from /usr/local/lib/python3.10/dist-packages/airflow/example_dags/example_nested_branch_dag.py
[2024-01-08T19:09:15.778+0300] {logging_mixin.py:188} INFO - [2024-01-08T19:09:15.778+0300] {dag.py:3033} INFO - Sync 1 DAGs
[2024-01-08T19:09:15.843+0300] {logging_mixin.py:188} INFO - [2024-01-08T19:09:15.842+0300] {dag.py:3820} INFO - Setting next_dagrun for example_nested_branch_dag to 2024-01-07T00:00:00+00:00, run_after=2024-01-08T00:00:00+00:00
[2024-01-08T19:09:15.888+0300] {processor.py:183} INFO - Processing /usr/local/lib/python3.10/dist-packages/airflow/example_dags/example_nested_branch_dag.py took 0.272 seconds
[2024-01-08T19:09:46.637+0300] {processor.py:161} INFO - Started process (PID=32383) to work on /usr/local/lib/python3.10/dist-packages/airflow/example_dags/example_nested_branch_dag.py
[2024-01-08T19:09:46.640+0300] {processor.py:830} INFO - Processing file /usr/local/lib/python3.10/dist-packages/airflow/example_dags/example_nested_branch_dag.py for tasks to queue
[2024-01-08T19:09:46.642+0300] {logging_mixin.py:188} INFO - [2024-01-08T19:09:46.641+0300] {dagbag.py:538} INFO - Filling up the DagBag from /usr/local/lib/python3.10/dist-packages/airflow/example_dags/example_nested_branch_dag.py
[2024-01-08T19:09:46.672+0300] {processor.py:840} INFO - DAG(s) 'example_nested_branch_dag' retrieved from /usr/local/lib/python3.10/dist-packages/airflow/example_dags/example_nested_branch_dag.py
[2024-01-08T19:09:46.800+0300] {logging_mixin.py:188} INFO - [2024-01-08T19:09:46.799+0300] {dag.py:3033} INFO - Sync 1 DAGs
[2024-01-08T19:09:46.863+0300] {logging_mixin.py:188} INFO - [2024-01-08T19:09:46.862+0300] {dag.py:3820} INFO - Setting next_dagrun for example_nested_branch_dag to 2024-01-07T00:00:00+00:00, run_after=2024-01-08T00:00:00+00:00
[2024-01-08T19:09:46.925+0300] {processor.py:183} INFO - Processing /usr/local/lib/python3.10/dist-packages/airflow/example_dags/example_nested_branch_dag.py took 0.298 seconds
[2024-01-08T19:10:30.596+0300] {processor.py:161} INFO - Started process (PID=32801) to work on /usr/local/lib/python3.10/dist-packages/airflow/example_dags/example_nested_branch_dag.py
[2024-01-08T19:10:30.612+0300] {processor.py:830} INFO - Processing file /usr/local/lib/python3.10/dist-packages/airflow/example_dags/example_nested_branch_dag.py for tasks to queue
[2024-01-08T19:10:30.615+0300] {logging_mixin.py:188} INFO - [2024-01-08T19:10:30.614+0300] {dagbag.py:538} INFO - Filling up the DagBag from /usr/local/lib/python3.10/dist-packages/airflow/example_dags/example_nested_branch_dag.py
[2024-01-08T19:10:30.668+0300] {processor.py:840} INFO - DAG(s) 'example_nested_branch_dag' retrieved from /usr/local/lib/python3.10/dist-packages/airflow/example_dags/example_nested_branch_dag.py
[2024-01-08T19:10:30.856+0300] {logging_mixin.py:188} INFO - [2024-01-08T19:10:30.855+0300] {dag.py:3033} INFO - Sync 1 DAGs
[2024-01-08T19:10:31.023+0300] {logging_mixin.py:188} INFO - [2024-01-08T19:10:31.023+0300] {dag.py:3820} INFO - Setting next_dagrun for example_nested_branch_dag to 2024-01-07T00:00:00+00:00, run_after=2024-01-08T00:00:00+00:00
[2024-01-08T19:10:31.219+0300] {processor.py:183} INFO - Processing /usr/local/lib/python3.10/dist-packages/airflow/example_dags/example_nested_branch_dag.py took 0.649 seconds
[2024-01-08T19:11:15.477+0300] {processor.py:161} INFO - Started process (PID=33259) to work on /usr/local/lib/python3.10/dist-packages/airflow/example_dags/example_nested_branch_dag.py
[2024-01-08T19:11:15.480+0300] {processor.py:830} INFO - Processing file /usr/local/lib/python3.10/dist-packages/airflow/example_dags/example_nested_branch_dag.py for tasks to queue
[2024-01-08T19:11:15.483+0300] {logging_mixin.py:188} INFO - [2024-01-08T19:11:15.482+0300] {dagbag.py:538} INFO - Filling up the DagBag from /usr/local/lib/python3.10/dist-packages/airflow/example_dags/example_nested_branch_dag.py
[2024-01-08T19:11:15.522+0300] {processor.py:840} INFO - DAG(s) 'example_nested_branch_dag' retrieved from /usr/local/lib/python3.10/dist-packages/airflow/example_dags/example_nested_branch_dag.py
[2024-01-08T19:11:15.735+0300] {logging_mixin.py:188} INFO - [2024-01-08T19:11:15.735+0300] {dag.py:3033} INFO - Sync 1 DAGs
[2024-01-08T19:11:15.925+0300] {logging_mixin.py:188} INFO - [2024-01-08T19:11:15.924+0300] {dag.py:3820} INFO - Setting next_dagrun for example_nested_branch_dag to 2024-01-07T00:00:00+00:00, run_after=2024-01-08T00:00:00+00:00
[2024-01-08T19:11:16.159+0300] {processor.py:183} INFO - Processing /usr/local/lib/python3.10/dist-packages/airflow/example_dags/example_nested_branch_dag.py took 0.697 seconds
[2024-01-08T19:12:03.251+0300] {processor.py:161} INFO - Started process (PID=33738) to work on /usr/local/lib/python3.10/dist-packages/airflow/example_dags/example_nested_branch_dag.py
[2024-01-08T19:12:03.274+0300] {processor.py:830} INFO - Processing file /usr/local/lib/python3.10/dist-packages/airflow/example_dags/example_nested_branch_dag.py for tasks to queue
[2024-01-08T19:12:03.276+0300] {logging_mixin.py:188} INFO - [2024-01-08T19:12:03.275+0300] {dagbag.py:538} INFO - Filling up the DagBag from /usr/local/lib/python3.10/dist-packages/airflow/example_dags/example_nested_branch_dag.py
[2024-01-08T19:12:03.360+0300] {processor.py:840} INFO - DAG(s) 'example_nested_branch_dag' retrieved from /usr/local/lib/python3.10/dist-packages/airflow/example_dags/example_nested_branch_dag.py
[2024-01-08T19:12:03.551+0300] {logging_mixin.py:188} INFO - [2024-01-08T19:12:03.551+0300] {dag.py:3033} INFO - Sync 1 DAGs
[2024-01-08T19:12:03.660+0300] {logging_mixin.py:188} INFO - [2024-01-08T19:12:03.660+0300] {dag.py:3820} INFO - Setting next_dagrun for example_nested_branch_dag to 2024-01-07T00:00:00+00:00, run_after=2024-01-08T00:00:00+00:00
[2024-01-08T19:12:03.815+0300] {processor.py:183} INFO - Processing /usr/local/lib/python3.10/dist-packages/airflow/example_dags/example_nested_branch_dag.py took 0.572 seconds
