[2024-01-08T17:37:16.346+0300] {processor.py:161} INFO - Started process (PID=5494) to work on /usr/local/lib/python3.10/dist-packages/airflow/example_dags/example_skip_dag.py
[2024-01-08T17:37:16.350+0300] {processor.py:830} INFO - Processing file /usr/local/lib/python3.10/dist-packages/airflow/example_dags/example_skip_dag.py for tasks to queue
[2024-01-08T17:37:16.352+0300] {logging_mixin.py:188} INFO - [2024-01-08T17:37:16.352+0300] {dagbag.py:538} INFO - Filling up the DagBag from /usr/local/lib/python3.10/dist-packages/airflow/example_dags/example_skip_dag.py
[2024-01-08T17:37:16.397+0300] {processor.py:840} INFO - DAG(s) 'example_skip_dag' retrieved from /usr/local/lib/python3.10/dist-packages/airflow/example_dags/example_skip_dag.py
[2024-01-08T17:37:16.551+0300] {logging_mixin.py:188} INFO - [2024-01-08T17:37:16.551+0300] {dag.py:3033} INFO - Sync 1 DAGs
[2024-01-08T17:37:16.634+0300] {logging_mixin.py:188} INFO - [2024-01-08T17:37:16.634+0300] {dag.py:3820} INFO - Setting next_dagrun for example_skip_dag to 2024-01-07T00:00:00+00:00, run_after=2024-01-08T00:00:00+00:00
[2024-01-08T17:37:16.696+0300] {processor.py:183} INFO - Processing /usr/local/lib/python3.10/dist-packages/airflow/example_dags/example_skip_dag.py took 0.364 seconds
[2024-01-08T17:37:47.244+0300] {processor.py:161} INFO - Started process (PID=5843) to work on /usr/local/lib/python3.10/dist-packages/airflow/example_dags/example_skip_dag.py
[2024-01-08T17:37:47.251+0300] {processor.py:830} INFO - Processing file /usr/local/lib/python3.10/dist-packages/airflow/example_dags/example_skip_dag.py for tasks to queue
[2024-01-08T17:37:47.253+0300] {logging_mixin.py:188} INFO - [2024-01-08T17:37:47.253+0300] {dagbag.py:538} INFO - Filling up the DagBag from /usr/local/lib/python3.10/dist-packages/airflow/example_dags/example_skip_dag.py
[2024-01-08T17:37:47.274+0300] {processor.py:840} INFO - DAG(s) 'example_skip_dag' retrieved from /usr/local/lib/python3.10/dist-packages/airflow/example_dags/example_skip_dag.py
[2024-01-08T17:37:47.362+0300] {logging_mixin.py:188} INFO - [2024-01-08T17:37:47.361+0300] {dag.py:3033} INFO - Sync 1 DAGs
[2024-01-08T17:37:47.426+0300] {logging_mixin.py:188} INFO - [2024-01-08T17:37:47.425+0300] {dag.py:3820} INFO - Setting next_dagrun for example_skip_dag to 2024-01-07T00:00:00+00:00, run_after=2024-01-08T00:00:00+00:00
[2024-01-08T17:37:47.483+0300] {processor.py:183} INFO - Processing /usr/local/lib/python3.10/dist-packages/airflow/example_dags/example_skip_dag.py took 0.259 seconds
[2024-01-08T17:38:18.118+0300] {processor.py:161} INFO - Started process (PID=6159) to work on /usr/local/lib/python3.10/dist-packages/airflow/example_dags/example_skip_dag.py
[2024-01-08T17:38:18.121+0300] {processor.py:830} INFO - Processing file /usr/local/lib/python3.10/dist-packages/airflow/example_dags/example_skip_dag.py for tasks to queue
[2024-01-08T17:38:18.123+0300] {logging_mixin.py:188} INFO - [2024-01-08T17:38:18.122+0300] {dagbag.py:538} INFO - Filling up the DagBag from /usr/local/lib/python3.10/dist-packages/airflow/example_dags/example_skip_dag.py
[2024-01-08T17:38:18.140+0300] {processor.py:840} INFO - DAG(s) 'example_skip_dag' retrieved from /usr/local/lib/python3.10/dist-packages/airflow/example_dags/example_skip_dag.py
[2024-01-08T17:38:18.250+0300] {logging_mixin.py:188} INFO - [2024-01-08T17:38:18.249+0300] {dag.py:3033} INFO - Sync 1 DAGs
[2024-01-08T17:38:18.309+0300] {logging_mixin.py:188} INFO - [2024-01-08T17:38:18.308+0300] {dag.py:3820} INFO - Setting next_dagrun for example_skip_dag to 2024-01-07T00:00:00+00:00, run_after=2024-01-08T00:00:00+00:00
[2024-01-08T17:38:18.371+0300] {processor.py:183} INFO - Processing /usr/local/lib/python3.10/dist-packages/airflow/example_dags/example_skip_dag.py took 0.263 seconds
[2024-01-08T18:15:19.364+0300] {processor.py:161} INFO - Started process (PID=7434) to work on /usr/local/lib/python3.10/dist-packages/airflow/example_dags/example_skip_dag.py
[2024-01-08T18:15:19.369+0300] {processor.py:830} INFO - Processing file /usr/local/lib/python3.10/dist-packages/airflow/example_dags/example_skip_dag.py for tasks to queue
[2024-01-08T18:15:19.371+0300] {logging_mixin.py:188} INFO - [2024-01-08T18:15:19.370+0300] {dagbag.py:538} INFO - Filling up the DagBag from /usr/local/lib/python3.10/dist-packages/airflow/example_dags/example_skip_dag.py
[2024-01-08T18:15:19.391+0300] {processor.py:840} INFO - DAG(s) 'example_skip_dag' retrieved from /usr/local/lib/python3.10/dist-packages/airflow/example_dags/example_skip_dag.py
[2024-01-08T18:15:19.515+0300] {logging_mixin.py:188} INFO - [2024-01-08T18:15:19.515+0300] {dag.py:3033} INFO - Sync 1 DAGs
[2024-01-08T18:15:19.593+0300] {logging_mixin.py:188} INFO - [2024-01-08T18:15:19.593+0300] {dag.py:3820} INFO - Setting next_dagrun for example_skip_dag to 2024-01-07T00:00:00+00:00, run_after=2024-01-08T00:00:00+00:00
[2024-01-08T18:15:19.642+0300] {processor.py:183} INFO - Processing /usr/local/lib/python3.10/dist-packages/airflow/example_dags/example_skip_dag.py took 0.300 seconds
[2024-01-08T18:15:51.667+0300] {processor.py:161} INFO - Started process (PID=7775) to work on /usr/local/lib/python3.10/dist-packages/airflow/example_dags/example_skip_dag.py
[2024-01-08T18:15:51.670+0300] {processor.py:830} INFO - Processing file /usr/local/lib/python3.10/dist-packages/airflow/example_dags/example_skip_dag.py for tasks to queue
[2024-01-08T18:15:51.672+0300] {logging_mixin.py:188} INFO - [2024-01-08T18:15:51.671+0300] {dagbag.py:538} INFO - Filling up the DagBag from /usr/local/lib/python3.10/dist-packages/airflow/example_dags/example_skip_dag.py
[2024-01-08T18:15:51.695+0300] {processor.py:840} INFO - DAG(s) 'example_skip_dag' retrieved from /usr/local/lib/python3.10/dist-packages/airflow/example_dags/example_skip_dag.py
[2024-01-08T18:15:51.820+0300] {logging_mixin.py:188} INFO - [2024-01-08T18:15:51.819+0300] {dag.py:3033} INFO - Sync 1 DAGs
[2024-01-08T18:15:51.876+0300] {logging_mixin.py:188} INFO - [2024-01-08T18:15:51.876+0300] {dag.py:3820} INFO - Setting next_dagrun for example_skip_dag to 2024-01-07T00:00:00+00:00, run_after=2024-01-08T00:00:00+00:00
[2024-01-08T18:15:51.944+0300] {processor.py:183} INFO - Processing /usr/local/lib/python3.10/dist-packages/airflow/example_dags/example_skip_dag.py took 0.292 seconds
[2024-01-08T18:28:31.941+0300] {processor.py:161} INFO - Started process (PID=8478) to work on /usr/local/lib/python3.10/dist-packages/airflow/example_dags/example_skip_dag.py
[2024-01-08T18:28:31.965+0300] {processor.py:830} INFO - Processing file /usr/local/lib/python3.10/dist-packages/airflow/example_dags/example_skip_dag.py for tasks to queue
[2024-01-08T18:28:31.981+0300] {logging_mixin.py:188} INFO - [2024-01-08T18:28:31.980+0300] {dagbag.py:538} INFO - Filling up the DagBag from /usr/local/lib/python3.10/dist-packages/airflow/example_dags/example_skip_dag.py
[2024-01-08T18:28:32.449+0300] {processor.py:840} INFO - DAG(s) 'example_skip_dag' retrieved from /usr/local/lib/python3.10/dist-packages/airflow/example_dags/example_skip_dag.py
[2024-01-08T18:28:34.177+0300] {logging_mixin.py:188} INFO - [2024-01-08T18:28:34.176+0300] {dag.py:3033} INFO - Sync 1 DAGs
[2024-01-08T18:28:35.457+0300] {logging_mixin.py:188} INFO - [2024-01-08T18:28:35.456+0300] {dag.py:3820} INFO - Setting next_dagrun for example_skip_dag to 2024-01-07T00:00:00+00:00, run_after=2024-01-08T00:00:00+00:00
[2024-01-08T18:28:36.504+0300] {processor.py:183} INFO - Processing /usr/local/lib/python3.10/dist-packages/airflow/example_dags/example_skip_dag.py took 4.728 seconds
[2024-01-08T18:32:29.966+0300] {processor.py:161} INFO - Started process (PID=9782) to work on /usr/local/lib/python3.10/dist-packages/airflow/example_dags/example_skip_dag.py
[2024-01-08T18:32:29.980+0300] {processor.py:830} INFO - Processing file /usr/local/lib/python3.10/dist-packages/airflow/example_dags/example_skip_dag.py for tasks to queue
[2024-01-08T18:32:30.001+0300] {logging_mixin.py:188} INFO - [2024-01-08T18:32:29.992+0300] {dagbag.py:538} INFO - Filling up the DagBag from /usr/local/lib/python3.10/dist-packages/airflow/example_dags/example_skip_dag.py
[2024-01-08T18:32:30.195+0300] {processor.py:840} INFO - DAG(s) 'example_skip_dag' retrieved from /usr/local/lib/python3.10/dist-packages/airflow/example_dags/example_skip_dag.py
[2024-01-08T18:32:32.621+0300] {logging_mixin.py:188} INFO - [2024-01-08T18:32:32.621+0300] {dag.py:3033} INFO - Sync 1 DAGs
[2024-01-08T18:32:34.642+0300] {logging_mixin.py:188} INFO - [2024-01-08T18:32:34.642+0300] {dag.py:3820} INFO - Setting next_dagrun for example_skip_dag to 2024-01-07T00:00:00+00:00, run_after=2024-01-08T00:00:00+00:00
[2024-01-08T18:32:37.004+0300] {processor.py:183} INFO - Processing /usr/local/lib/python3.10/dist-packages/airflow/example_dags/example_skip_dag.py took 7.159 seconds
[2024-01-08T18:35:14.273+0300] {processor.py:161} INFO - Started process (PID=10869) to work on /usr/local/lib/python3.10/dist-packages/airflow/example_dags/example_skip_dag.py
[2024-01-08T18:35:14.277+0300] {processor.py:830} INFO - Processing file /usr/local/lib/python3.10/dist-packages/airflow/example_dags/example_skip_dag.py for tasks to queue
[2024-01-08T18:35:14.279+0300] {logging_mixin.py:188} INFO - [2024-01-08T18:35:14.278+0300] {dagbag.py:538} INFO - Filling up the DagBag from /usr/local/lib/python3.10/dist-packages/airflow/example_dags/example_skip_dag.py
[2024-01-08T18:35:15.135+0300] {processor.py:840} INFO - DAG(s) 'example_skip_dag' retrieved from /usr/local/lib/python3.10/dist-packages/airflow/example_dags/example_skip_dag.py
[2024-01-08T18:35:18.784+0300] {logging_mixin.py:188} INFO - [2024-01-08T18:35:18.784+0300] {dag.py:3033} INFO - Sync 1 DAGs
[2024-01-08T18:35:26.265+0300] {logging_mixin.py:188} INFO - [2024-01-08T18:35:26.264+0300] {dag.py:3820} INFO - Setting next_dagrun for example_skip_dag to 2024-01-07T00:00:00+00:00, run_after=2024-01-08T00:00:00+00:00
[2024-01-08T18:35:29.790+0300] {processor.py:183} INFO - Processing /usr/local/lib/python3.10/dist-packages/airflow/example_dags/example_skip_dag.py took 15.697 seconds
[2024-01-08T18:37:39.782+0300] {processor.py:161} INFO - Started process (PID=11803) to work on /usr/local/lib/python3.10/dist-packages/airflow/example_dags/example_skip_dag.py
[2024-01-08T18:37:39.806+0300] {processor.py:830} INFO - Processing file /usr/local/lib/python3.10/dist-packages/airflow/example_dags/example_skip_dag.py for tasks to queue
[2024-01-08T18:37:39.808+0300] {logging_mixin.py:188} INFO - [2024-01-08T18:37:39.807+0300] {dagbag.py:538} INFO - Filling up the DagBag from /usr/local/lib/python3.10/dist-packages/airflow/example_dags/example_skip_dag.py
[2024-01-08T18:37:39.878+0300] {processor.py:840} INFO - DAG(s) 'example_skip_dag' retrieved from /usr/local/lib/python3.10/dist-packages/airflow/example_dags/example_skip_dag.py
[2024-01-08T18:37:40.787+0300] {logging_mixin.py:188} INFO - [2024-01-08T18:37:40.787+0300] {dag.py:3033} INFO - Sync 1 DAGs
[2024-01-08T18:37:41.032+0300] {logging_mixin.py:188} INFO - [2024-01-08T18:37:41.031+0300] {dag.py:3820} INFO - Setting next_dagrun for example_skip_dag to 2024-01-07T00:00:00+00:00, run_after=2024-01-08T00:00:00+00:00
[2024-01-08T18:37:41.355+0300] {processor.py:183} INFO - Processing /usr/local/lib/python3.10/dist-packages/airflow/example_dags/example_skip_dag.py took 1.637 seconds
[2024-01-08T18:38:57.958+0300] {processor.py:161} INFO - Started process (PID=12356) to work on /usr/local/lib/python3.10/dist-packages/airflow/example_dags/example_skip_dag.py
[2024-01-08T18:38:58.139+0300] {processor.py:830} INFO - Processing file /usr/local/lib/python3.10/dist-packages/airflow/example_dags/example_skip_dag.py for tasks to queue
[2024-01-08T18:38:58.161+0300] {logging_mixin.py:188} INFO - [2024-01-08T18:38:58.161+0300] {dagbag.py:538} INFO - Filling up the DagBag from /usr/local/lib/python3.10/dist-packages/airflow/example_dags/example_skip_dag.py
[2024-01-08T18:38:58.660+0300] {processor.py:840} INFO - DAG(s) 'example_skip_dag' retrieved from /usr/local/lib/python3.10/dist-packages/airflow/example_dags/example_skip_dag.py
[2024-01-08T18:39:00.737+0300] {logging_mixin.py:188} INFO - [2024-01-08T18:39:00.737+0300] {dag.py:3033} INFO - Sync 1 DAGs
[2024-01-08T18:39:01.476+0300] {logging_mixin.py:188} INFO - [2024-01-08T18:39:01.475+0300] {dag.py:3820} INFO - Setting next_dagrun for example_skip_dag to 2024-01-07T00:00:00+00:00, run_after=2024-01-08T00:00:00+00:00
[2024-01-08T18:39:02.251+0300] {processor.py:183} INFO - Processing /usr/local/lib/python3.10/dist-packages/airflow/example_dags/example_skip_dag.py took 4.595 seconds
[2024-01-08T18:40:47.285+0300] {processor.py:161} INFO - Started process (PID=13011) to work on /usr/local/lib/python3.10/dist-packages/airflow/example_dags/example_skip_dag.py
[2024-01-08T18:40:47.341+0300] {processor.py:830} INFO - Processing file /usr/local/lib/python3.10/dist-packages/airflow/example_dags/example_skip_dag.py for tasks to queue
[2024-01-08T18:40:47.344+0300] {logging_mixin.py:188} INFO - [2024-01-08T18:40:47.343+0300] {dagbag.py:538} INFO - Filling up the DagBag from /usr/local/lib/python3.10/dist-packages/airflow/example_dags/example_skip_dag.py
[2024-01-08T18:40:47.442+0300] {processor.py:840} INFO - DAG(s) 'example_skip_dag' retrieved from /usr/local/lib/python3.10/dist-packages/airflow/example_dags/example_skip_dag.py
[2024-01-08T18:40:48.099+0300] {logging_mixin.py:188} INFO - [2024-01-08T18:40:48.098+0300] {dag.py:3033} INFO - Sync 1 DAGs
[2024-01-08T18:40:48.594+0300] {logging_mixin.py:188} INFO - [2024-01-08T18:40:48.593+0300] {dag.py:3820} INFO - Setting next_dagrun for example_skip_dag to 2024-01-07T00:00:00+00:00, run_after=2024-01-08T00:00:00+00:00
[2024-01-08T18:40:48.823+0300] {processor.py:183} INFO - Processing /usr/local/lib/python3.10/dist-packages/airflow/example_dags/example_skip_dag.py took 1.812 seconds
[2024-01-08T18:41:49.164+0300] {processor.py:161} INFO - Started process (PID=13653) to work on /usr/local/lib/python3.10/dist-packages/airflow/example_dags/example_skip_dag.py
[2024-01-08T18:41:49.178+0300] {processor.py:830} INFO - Processing file /usr/local/lib/python3.10/dist-packages/airflow/example_dags/example_skip_dag.py for tasks to queue
[2024-01-08T18:41:49.204+0300] {logging_mixin.py:188} INFO - [2024-01-08T18:41:49.201+0300] {dagbag.py:538} INFO - Filling up the DagBag from /usr/local/lib/python3.10/dist-packages/airflow/example_dags/example_skip_dag.py
[2024-01-08T18:41:49.342+0300] {processor.py:840} INFO - DAG(s) 'example_skip_dag' retrieved from /usr/local/lib/python3.10/dist-packages/airflow/example_dags/example_skip_dag.py
[2024-01-08T18:41:49.894+0300] {logging_mixin.py:188} INFO - [2024-01-08T18:41:49.893+0300] {dag.py:3033} INFO - Sync 1 DAGs
[2024-01-08T18:41:50.188+0300] {logging_mixin.py:188} INFO - [2024-01-08T18:41:50.187+0300] {dag.py:3820} INFO - Setting next_dagrun for example_skip_dag to 2024-01-07T00:00:00+00:00, run_after=2024-01-08T00:00:00+00:00
[2024-01-08T18:41:50.384+0300] {processor.py:183} INFO - Processing /usr/local/lib/python3.10/dist-packages/airflow/example_dags/example_skip_dag.py took 1.327 seconds
[2024-01-08T18:42:20.742+0300] {processor.py:161} INFO - Started process (PID=14112) to work on /usr/local/lib/python3.10/dist-packages/airflow/example_dags/example_skip_dag.py
[2024-01-08T18:42:20.745+0300] {processor.py:830} INFO - Processing file /usr/local/lib/python3.10/dist-packages/airflow/example_dags/example_skip_dag.py for tasks to queue
[2024-01-08T18:42:20.747+0300] {logging_mixin.py:188} INFO - [2024-01-08T18:42:20.746+0300] {dagbag.py:538} INFO - Filling up the DagBag from /usr/local/lib/python3.10/dist-packages/airflow/example_dags/example_skip_dag.py
[2024-01-08T18:42:20.768+0300] {processor.py:840} INFO - DAG(s) 'example_skip_dag' retrieved from /usr/local/lib/python3.10/dist-packages/airflow/example_dags/example_skip_dag.py
[2024-01-08T18:42:20.880+0300] {logging_mixin.py:188} INFO - [2024-01-08T18:42:20.879+0300] {dag.py:3033} INFO - Sync 1 DAGs
[2024-01-08T18:42:20.950+0300] {logging_mixin.py:188} INFO - [2024-01-08T18:42:20.950+0300] {dag.py:3820} INFO - Setting next_dagrun for example_skip_dag to 2024-01-07T00:00:00+00:00, run_after=2024-01-08T00:00:00+00:00
[2024-01-08T18:42:21.034+0300] {processor.py:183} INFO - Processing /usr/local/lib/python3.10/dist-packages/airflow/example_dags/example_skip_dag.py took 0.303 seconds
[2024-01-08T18:43:02.098+0300] {processor.py:161} INFO - Started process (PID=14505) to work on /usr/local/lib/python3.10/dist-packages/airflow/example_dags/example_skip_dag.py
[2024-01-08T18:43:02.103+0300] {processor.py:830} INFO - Processing file /usr/local/lib/python3.10/dist-packages/airflow/example_dags/example_skip_dag.py for tasks to queue
[2024-01-08T18:43:02.104+0300] {logging_mixin.py:188} INFO - [2024-01-08T18:43:02.104+0300] {dagbag.py:538} INFO - Filling up the DagBag from /usr/local/lib/python3.10/dist-packages/airflow/example_dags/example_skip_dag.py
[2024-01-08T18:43:02.140+0300] {processor.py:840} INFO - DAG(s) 'example_skip_dag' retrieved from /usr/local/lib/python3.10/dist-packages/airflow/example_dags/example_skip_dag.py
[2024-01-08T18:43:02.325+0300] {logging_mixin.py:188} INFO - [2024-01-08T18:43:02.325+0300] {dag.py:3033} INFO - Sync 1 DAGs
[2024-01-08T18:43:02.382+0300] {logging_mixin.py:188} INFO - [2024-01-08T18:43:02.382+0300] {dag.py:3820} INFO - Setting next_dagrun for example_skip_dag to 2024-01-07T00:00:00+00:00, run_after=2024-01-08T00:00:00+00:00
[2024-01-08T18:43:02.466+0300] {processor.py:183} INFO - Processing /usr/local/lib/python3.10/dist-packages/airflow/example_dags/example_skip_dag.py took 0.382 seconds
[2024-01-08T18:43:33.334+0300] {processor.py:161} INFO - Started process (PID=14827) to work on /usr/local/lib/python3.10/dist-packages/airflow/example_dags/example_skip_dag.py
[2024-01-08T18:43:33.337+0300] {processor.py:830} INFO - Processing file /usr/local/lib/python3.10/dist-packages/airflow/example_dags/example_skip_dag.py for tasks to queue
[2024-01-08T18:43:33.340+0300] {logging_mixin.py:188} INFO - [2024-01-08T18:43:33.339+0300] {dagbag.py:538} INFO - Filling up the DagBag from /usr/local/lib/python3.10/dist-packages/airflow/example_dags/example_skip_dag.py
[2024-01-08T18:43:33.367+0300] {processor.py:840} INFO - DAG(s) 'example_skip_dag' retrieved from /usr/local/lib/python3.10/dist-packages/airflow/example_dags/example_skip_dag.py
[2024-01-08T18:43:33.553+0300] {logging_mixin.py:188} INFO - [2024-01-08T18:43:33.553+0300] {dag.py:3033} INFO - Sync 1 DAGs
[2024-01-08T18:43:33.673+0300] {logging_mixin.py:188} INFO - [2024-01-08T18:43:33.673+0300] {dag.py:3820} INFO - Setting next_dagrun for example_skip_dag to 2024-01-07T00:00:00+00:00, run_after=2024-01-08T00:00:00+00:00
[2024-01-08T18:43:33.770+0300] {processor.py:183} INFO - Processing /usr/local/lib/python3.10/dist-packages/airflow/example_dags/example_skip_dag.py took 0.453 seconds
[2024-01-08T18:44:04.661+0300] {processor.py:161} INFO - Started process (PID=15144) to work on /usr/local/lib/python3.10/dist-packages/airflow/example_dags/example_skip_dag.py
[2024-01-08T18:44:04.665+0300] {processor.py:830} INFO - Processing file /usr/local/lib/python3.10/dist-packages/airflow/example_dags/example_skip_dag.py for tasks to queue
[2024-01-08T18:44:04.667+0300] {logging_mixin.py:188} INFO - [2024-01-08T18:44:04.666+0300] {dagbag.py:538} INFO - Filling up the DagBag from /usr/local/lib/python3.10/dist-packages/airflow/example_dags/example_skip_dag.py
[2024-01-08T18:44:04.690+0300] {processor.py:840} INFO - DAG(s) 'example_skip_dag' retrieved from /usr/local/lib/python3.10/dist-packages/airflow/example_dags/example_skip_dag.py
[2024-01-08T18:44:04.784+0300] {logging_mixin.py:188} INFO - [2024-01-08T18:44:04.784+0300] {dag.py:3033} INFO - Sync 1 DAGs
[2024-01-08T18:44:04.840+0300] {logging_mixin.py:188} INFO - [2024-01-08T18:44:04.839+0300] {dag.py:3820} INFO - Setting next_dagrun for example_skip_dag to 2024-01-07T00:00:00+00:00, run_after=2024-01-08T00:00:00+00:00
[2024-01-08T18:44:04.882+0300] {processor.py:183} INFO - Processing /usr/local/lib/python3.10/dist-packages/airflow/example_dags/example_skip_dag.py took 0.235 seconds
[2024-01-08T18:44:35.312+0300] {processor.py:161} INFO - Started process (PID=15457) to work on /usr/local/lib/python3.10/dist-packages/airflow/example_dags/example_skip_dag.py
[2024-01-08T18:44:35.317+0300] {processor.py:830} INFO - Processing file /usr/local/lib/python3.10/dist-packages/airflow/example_dags/example_skip_dag.py for tasks to queue
[2024-01-08T18:44:35.319+0300] {logging_mixin.py:188} INFO - [2024-01-08T18:44:35.318+0300] {dagbag.py:538} INFO - Filling up the DagBag from /usr/local/lib/python3.10/dist-packages/airflow/example_dags/example_skip_dag.py
[2024-01-08T18:44:35.364+0300] {processor.py:840} INFO - DAG(s) 'example_skip_dag' retrieved from /usr/local/lib/python3.10/dist-packages/airflow/example_dags/example_skip_dag.py
[2024-01-08T18:44:35.499+0300] {logging_mixin.py:188} INFO - [2024-01-08T18:44:35.498+0300] {dag.py:3033} INFO - Sync 1 DAGs
[2024-01-08T18:44:35.557+0300] {logging_mixin.py:188} INFO - [2024-01-08T18:44:35.557+0300] {dag.py:3820} INFO - Setting next_dagrun for example_skip_dag to 2024-01-07T00:00:00+00:00, run_after=2024-01-08T00:00:00+00:00
[2024-01-08T18:44:35.602+0300] {processor.py:183} INFO - Processing /usr/local/lib/python3.10/dist-packages/airflow/example_dags/example_skip_dag.py took 0.316 seconds
[2024-01-08T18:45:05.798+0300] {processor.py:161} INFO - Started process (PID=15848) to work on /usr/local/lib/python3.10/dist-packages/airflow/example_dags/example_skip_dag.py
[2024-01-08T18:45:05.801+0300] {processor.py:830} INFO - Processing file /usr/local/lib/python3.10/dist-packages/airflow/example_dags/example_skip_dag.py for tasks to queue
[2024-01-08T18:45:05.802+0300] {logging_mixin.py:188} INFO - [2024-01-08T18:45:05.802+0300] {dagbag.py:538} INFO - Filling up the DagBag from /usr/local/lib/python3.10/dist-packages/airflow/example_dags/example_skip_dag.py
[2024-01-08T18:45:05.822+0300] {processor.py:840} INFO - DAG(s) 'example_skip_dag' retrieved from /usr/local/lib/python3.10/dist-packages/airflow/example_dags/example_skip_dag.py
[2024-01-08T18:45:05.922+0300] {logging_mixin.py:188} INFO - [2024-01-08T18:45:05.921+0300] {dag.py:3033} INFO - Sync 1 DAGs
[2024-01-08T18:45:05.999+0300] {logging_mixin.py:188} INFO - [2024-01-08T18:45:05.998+0300] {dag.py:3820} INFO - Setting next_dagrun for example_skip_dag to 2024-01-07T00:00:00+00:00, run_after=2024-01-08T00:00:00+00:00
[2024-01-08T18:45:06.077+0300] {processor.py:183} INFO - Processing /usr/local/lib/python3.10/dist-packages/airflow/example_dags/example_skip_dag.py took 0.292 seconds
[2024-01-08T18:45:40.019+0300] {processor.py:161} INFO - Started process (PID=16265) to work on /usr/local/lib/python3.10/dist-packages/airflow/example_dags/example_skip_dag.py
[2024-01-08T18:45:40.034+0300] {processor.py:830} INFO - Processing file /usr/local/lib/python3.10/dist-packages/airflow/example_dags/example_skip_dag.py for tasks to queue
[2024-01-08T18:45:40.055+0300] {logging_mixin.py:188} INFO - [2024-01-08T18:45:40.036+0300] {dagbag.py:538} INFO - Filling up the DagBag from /usr/local/lib/python3.10/dist-packages/airflow/example_dags/example_skip_dag.py
[2024-01-08T18:45:40.238+0300] {processor.py:840} INFO - DAG(s) 'example_skip_dag' retrieved from /usr/local/lib/python3.10/dist-packages/airflow/example_dags/example_skip_dag.py
[2024-01-08T18:45:40.362+0300] {logging_mixin.py:188} INFO - [2024-01-08T18:45:40.361+0300] {dag.py:3033} INFO - Sync 1 DAGs
[2024-01-08T18:45:40.698+0300] {logging_mixin.py:188} INFO - [2024-01-08T18:45:40.697+0300] {dag.py:3820} INFO - Setting next_dagrun for example_skip_dag to 2024-01-07T00:00:00+00:00, run_after=2024-01-08T00:00:00+00:00
[2024-01-08T18:45:41.005+0300] {processor.py:183} INFO - Processing /usr/local/lib/python3.10/dist-packages/airflow/example_dags/example_skip_dag.py took 1.102 seconds
[2024-01-08T18:46:33.074+0300] {processor.py:161} INFO - Started process (PID=16802) to work on /usr/local/lib/python3.10/dist-packages/airflow/example_dags/example_skip_dag.py
[2024-01-08T18:46:33.079+0300] {processor.py:830} INFO - Processing file /usr/local/lib/python3.10/dist-packages/airflow/example_dags/example_skip_dag.py for tasks to queue
[2024-01-08T18:46:33.082+0300] {logging_mixin.py:188} INFO - [2024-01-08T18:46:33.081+0300] {dagbag.py:538} INFO - Filling up the DagBag from /usr/local/lib/python3.10/dist-packages/airflow/example_dags/example_skip_dag.py
[2024-01-08T18:46:33.112+0300] {processor.py:840} INFO - DAG(s) 'example_skip_dag' retrieved from /usr/local/lib/python3.10/dist-packages/airflow/example_dags/example_skip_dag.py
[2024-01-08T18:46:33.673+0300] {logging_mixin.py:188} INFO - [2024-01-08T18:46:33.672+0300] {dag.py:3033} INFO - Sync 1 DAGs
[2024-01-08T18:46:33.965+0300] {logging_mixin.py:188} INFO - [2024-01-08T18:46:33.965+0300] {dag.py:3820} INFO - Setting next_dagrun for example_skip_dag to 2024-01-07T00:00:00+00:00, run_after=2024-01-08T00:00:00+00:00
[2024-01-08T18:46:34.239+0300] {processor.py:183} INFO - Processing /usr/local/lib/python3.10/dist-packages/airflow/example_dags/example_skip_dag.py took 1.183 seconds
[2024-01-08T18:47:06.220+0300] {processor.py:161} INFO - Started process (PID=17221) to work on /usr/local/lib/python3.10/dist-packages/airflow/example_dags/example_skip_dag.py
[2024-01-08T18:47:06.224+0300] {processor.py:830} INFO - Processing file /usr/local/lib/python3.10/dist-packages/airflow/example_dags/example_skip_dag.py for tasks to queue
[2024-01-08T18:47:06.226+0300] {logging_mixin.py:188} INFO - [2024-01-08T18:47:06.226+0300] {dagbag.py:538} INFO - Filling up the DagBag from /usr/local/lib/python3.10/dist-packages/airflow/example_dags/example_skip_dag.py
[2024-01-08T18:47:06.251+0300] {processor.py:840} INFO - DAG(s) 'example_skip_dag' retrieved from /usr/local/lib/python3.10/dist-packages/airflow/example_dags/example_skip_dag.py
[2024-01-08T18:47:06.403+0300] {logging_mixin.py:188} INFO - [2024-01-08T18:47:06.402+0300] {dag.py:3033} INFO - Sync 1 DAGs
[2024-01-08T18:47:06.506+0300] {logging_mixin.py:188} INFO - [2024-01-08T18:47:06.505+0300] {dag.py:3820} INFO - Setting next_dagrun for example_skip_dag to 2024-01-07T00:00:00+00:00, run_after=2024-01-08T00:00:00+00:00
[2024-01-08T18:47:06.625+0300] {processor.py:183} INFO - Processing /usr/local/lib/python3.10/dist-packages/airflow/example_dags/example_skip_dag.py took 0.498 seconds
[2024-01-08T18:47:36.838+0300] {processor.py:161} INFO - Started process (PID=17559) to work on /usr/local/lib/python3.10/dist-packages/airflow/example_dags/example_skip_dag.py
[2024-01-08T18:47:36.840+0300] {processor.py:830} INFO - Processing file /usr/local/lib/python3.10/dist-packages/airflow/example_dags/example_skip_dag.py for tasks to queue
[2024-01-08T18:47:36.844+0300] {logging_mixin.py:188} INFO - [2024-01-08T18:47:36.842+0300] {dagbag.py:538} INFO - Filling up the DagBag from /usr/local/lib/python3.10/dist-packages/airflow/example_dags/example_skip_dag.py
[2024-01-08T18:47:36.874+0300] {processor.py:840} INFO - DAG(s) 'example_skip_dag' retrieved from /usr/local/lib/python3.10/dist-packages/airflow/example_dags/example_skip_dag.py
[2024-01-08T18:47:36.972+0300] {logging_mixin.py:188} INFO - [2024-01-08T18:47:36.972+0300] {dag.py:3033} INFO - Sync 1 DAGs
[2024-01-08T18:47:37.044+0300] {logging_mixin.py:188} INFO - [2024-01-08T18:47:37.043+0300] {dag.py:3820} INFO - Setting next_dagrun for example_skip_dag to 2024-01-07T00:00:00+00:00, run_after=2024-01-08T00:00:00+00:00
[2024-01-08T18:47:37.099+0300] {processor.py:183} INFO - Processing /usr/local/lib/python3.10/dist-packages/airflow/example_dags/example_skip_dag.py took 0.272 seconds
[2024-01-08T18:48:10.922+0300] {processor.py:161} INFO - Started process (PID=17922) to work on /usr/local/lib/python3.10/dist-packages/airflow/example_dags/example_skip_dag.py
[2024-01-08T18:48:10.938+0300] {processor.py:830} INFO - Processing file /usr/local/lib/python3.10/dist-packages/airflow/example_dags/example_skip_dag.py for tasks to queue
[2024-01-08T18:48:10.940+0300] {logging_mixin.py:188} INFO - [2024-01-08T18:48:10.939+0300] {dagbag.py:538} INFO - Filling up the DagBag from /usr/local/lib/python3.10/dist-packages/airflow/example_dags/example_skip_dag.py
[2024-01-08T18:48:11.127+0300] {processor.py:840} INFO - DAG(s) 'example_skip_dag' retrieved from /usr/local/lib/python3.10/dist-packages/airflow/example_dags/example_skip_dag.py
[2024-01-08T18:48:11.828+0300] {logging_mixin.py:188} INFO - [2024-01-08T18:48:11.828+0300] {dag.py:3033} INFO - Sync 1 DAGs
[2024-01-08T18:48:12.319+0300] {logging_mixin.py:188} INFO - [2024-01-08T18:48:12.318+0300] {dag.py:3820} INFO - Setting next_dagrun for example_skip_dag to 2024-01-07T00:00:00+00:00, run_after=2024-01-08T00:00:00+00:00
[2024-01-08T18:48:12.629+0300] {processor.py:183} INFO - Processing /usr/local/lib/python3.10/dist-packages/airflow/example_dags/example_skip_dag.py took 1.806 seconds
[2024-01-08T18:48:43.036+0300] {processor.py:161} INFO - Started process (PID=18342) to work on /usr/local/lib/python3.10/dist-packages/airflow/example_dags/example_skip_dag.py
[2024-01-08T18:48:43.038+0300] {processor.py:830} INFO - Processing file /usr/local/lib/python3.10/dist-packages/airflow/example_dags/example_skip_dag.py for tasks to queue
[2024-01-08T18:48:43.040+0300] {logging_mixin.py:188} INFO - [2024-01-08T18:48:43.039+0300] {dagbag.py:538} INFO - Filling up the DagBag from /usr/local/lib/python3.10/dist-packages/airflow/example_dags/example_skip_dag.py
[2024-01-08T18:48:43.060+0300] {processor.py:840} INFO - DAG(s) 'example_skip_dag' retrieved from /usr/local/lib/python3.10/dist-packages/airflow/example_dags/example_skip_dag.py
[2024-01-08T18:48:43.153+0300] {logging_mixin.py:188} INFO - [2024-01-08T18:48:43.153+0300] {dag.py:3033} INFO - Sync 1 DAGs
[2024-01-08T18:48:43.235+0300] {logging_mixin.py:188} INFO - [2024-01-08T18:48:43.234+0300] {dag.py:3820} INFO - Setting next_dagrun for example_skip_dag to 2024-01-07T00:00:00+00:00, run_after=2024-01-08T00:00:00+00:00
[2024-01-08T18:48:43.294+0300] {processor.py:183} INFO - Processing /usr/local/lib/python3.10/dist-packages/airflow/example_dags/example_skip_dag.py took 0.279 seconds
[2024-01-08T18:49:21.940+0300] {processor.py:161} INFO - Started process (PID=18698) to work on /usr/local/lib/python3.10/dist-packages/airflow/example_dags/example_skip_dag.py
[2024-01-08T18:49:21.944+0300] {processor.py:830} INFO - Processing file /usr/local/lib/python3.10/dist-packages/airflow/example_dags/example_skip_dag.py for tasks to queue
[2024-01-08T18:49:21.947+0300] {logging_mixin.py:188} INFO - [2024-01-08T18:49:21.946+0300] {dagbag.py:538} INFO - Filling up the DagBag from /usr/local/lib/python3.10/dist-packages/airflow/example_dags/example_skip_dag.py
[2024-01-08T18:49:21.985+0300] {processor.py:840} INFO - DAG(s) 'example_skip_dag' retrieved from /usr/local/lib/python3.10/dist-packages/airflow/example_dags/example_skip_dag.py
[2024-01-08T18:49:22.079+0300] {logging_mixin.py:188} INFO - [2024-01-08T18:49:22.079+0300] {dag.py:3033} INFO - Sync 1 DAGs
[2024-01-08T18:49:22.147+0300] {logging_mixin.py:188} INFO - [2024-01-08T18:49:22.146+0300] {dag.py:3820} INFO - Setting next_dagrun for example_skip_dag to 2024-01-07T00:00:00+00:00, run_after=2024-01-08T00:00:00+00:00
[2024-01-08T18:49:22.293+0300] {processor.py:183} INFO - Processing /usr/local/lib/python3.10/dist-packages/airflow/example_dags/example_skip_dag.py took 0.374 seconds
[2024-01-08T18:49:52.393+0300] {processor.py:161} INFO - Started process (PID=19020) to work on /usr/local/lib/python3.10/dist-packages/airflow/example_dags/example_skip_dag.py
[2024-01-08T18:49:52.395+0300] {processor.py:830} INFO - Processing file /usr/local/lib/python3.10/dist-packages/airflow/example_dags/example_skip_dag.py for tasks to queue
[2024-01-08T18:49:52.397+0300] {logging_mixin.py:188} INFO - [2024-01-08T18:49:52.396+0300] {dagbag.py:538} INFO - Filling up the DagBag from /usr/local/lib/python3.10/dist-packages/airflow/example_dags/example_skip_dag.py
[2024-01-08T18:49:52.416+0300] {processor.py:840} INFO - DAG(s) 'example_skip_dag' retrieved from /usr/local/lib/python3.10/dist-packages/airflow/example_dags/example_skip_dag.py
[2024-01-08T18:49:52.514+0300] {logging_mixin.py:188} INFO - [2024-01-08T18:49:52.514+0300] {dag.py:3033} INFO - Sync 1 DAGs
[2024-01-08T18:49:52.586+0300] {logging_mixin.py:188} INFO - [2024-01-08T18:49:52.585+0300] {dag.py:3820} INFO - Setting next_dagrun for example_skip_dag to 2024-01-07T00:00:00+00:00, run_after=2024-01-08T00:00:00+00:00
[2024-01-08T18:49:52.647+0300] {processor.py:183} INFO - Processing /usr/local/lib/python3.10/dist-packages/airflow/example_dags/example_skip_dag.py took 0.264 seconds
[2024-01-08T18:50:23.159+0300] {processor.py:161} INFO - Started process (PID=19334) to work on /usr/local/lib/python3.10/dist-packages/airflow/example_dags/example_skip_dag.py
[2024-01-08T18:50:23.166+0300] {processor.py:830} INFO - Processing file /usr/local/lib/python3.10/dist-packages/airflow/example_dags/example_skip_dag.py for tasks to queue
[2024-01-08T18:50:23.168+0300] {logging_mixin.py:188} INFO - [2024-01-08T18:50:23.167+0300] {dagbag.py:538} INFO - Filling up the DagBag from /usr/local/lib/python3.10/dist-packages/airflow/example_dags/example_skip_dag.py
[2024-01-08T18:50:23.200+0300] {processor.py:840} INFO - DAG(s) 'example_skip_dag' retrieved from /usr/local/lib/python3.10/dist-packages/airflow/example_dags/example_skip_dag.py
[2024-01-08T18:50:23.311+0300] {logging_mixin.py:188} INFO - [2024-01-08T18:50:23.310+0300] {dag.py:3033} INFO - Sync 1 DAGs
[2024-01-08T18:50:23.400+0300] {logging_mixin.py:188} INFO - [2024-01-08T18:50:23.399+0300] {dag.py:3820} INFO - Setting next_dagrun for example_skip_dag to 2024-01-07T00:00:00+00:00, run_after=2024-01-08T00:00:00+00:00
[2024-01-08T18:50:23.514+0300] {processor.py:183} INFO - Processing /usr/local/lib/python3.10/dist-packages/airflow/example_dags/example_skip_dag.py took 0.386 seconds
[2024-01-08T18:50:54.443+0300] {processor.py:161} INFO - Started process (PID=19652) to work on /usr/local/lib/python3.10/dist-packages/airflow/example_dags/example_skip_dag.py
[2024-01-08T18:50:54.458+0300] {processor.py:830} INFO - Processing file /usr/local/lib/python3.10/dist-packages/airflow/example_dags/example_skip_dag.py for tasks to queue
[2024-01-08T18:50:54.461+0300] {logging_mixin.py:188} INFO - [2024-01-08T18:50:54.460+0300] {dagbag.py:538} INFO - Filling up the DagBag from /usr/local/lib/python3.10/dist-packages/airflow/example_dags/example_skip_dag.py
[2024-01-08T18:50:54.527+0300] {processor.py:840} INFO - DAG(s) 'example_skip_dag' retrieved from /usr/local/lib/python3.10/dist-packages/airflow/example_dags/example_skip_dag.py
[2024-01-08T18:50:54.782+0300] {logging_mixin.py:188} INFO - [2024-01-08T18:50:54.781+0300] {dag.py:3033} INFO - Sync 1 DAGs
[2024-01-08T18:50:54.874+0300] {logging_mixin.py:188} INFO - [2024-01-08T18:50:54.873+0300] {dag.py:3820} INFO - Setting next_dagrun for example_skip_dag to 2024-01-07T00:00:00+00:00, run_after=2024-01-08T00:00:00+00:00
[2024-01-08T18:50:54.982+0300] {processor.py:183} INFO - Processing /usr/local/lib/python3.10/dist-packages/airflow/example_dags/example_skip_dag.py took 0.564 seconds
[2024-01-08T18:51:26.017+0300] {processor.py:161} INFO - Started process (PID=20039) to work on /usr/local/lib/python3.10/dist-packages/airflow/example_dags/example_skip_dag.py
[2024-01-08T18:51:26.021+0300] {processor.py:830} INFO - Processing file /usr/local/lib/python3.10/dist-packages/airflow/example_dags/example_skip_dag.py for tasks to queue
[2024-01-08T18:51:26.024+0300] {logging_mixin.py:188} INFO - [2024-01-08T18:51:26.023+0300] {dagbag.py:538} INFO - Filling up the DagBag from /usr/local/lib/python3.10/dist-packages/airflow/example_dags/example_skip_dag.py
[2024-01-08T18:51:26.052+0300] {processor.py:840} INFO - DAG(s) 'example_skip_dag' retrieved from /usr/local/lib/python3.10/dist-packages/airflow/example_dags/example_skip_dag.py
[2024-01-08T18:51:26.191+0300] {logging_mixin.py:188} INFO - [2024-01-08T18:51:26.191+0300] {dag.py:3033} INFO - Sync 1 DAGs
[2024-01-08T18:51:26.257+0300] {logging_mixin.py:188} INFO - [2024-01-08T18:51:26.257+0300] {dag.py:3820} INFO - Setting next_dagrun for example_skip_dag to 2024-01-07T00:00:00+00:00, run_after=2024-01-08T00:00:00+00:00
[2024-01-08T18:51:26.314+0300] {processor.py:183} INFO - Processing /usr/local/lib/python3.10/dist-packages/airflow/example_dags/example_skip_dag.py took 0.312 seconds
[2024-01-08T18:52:14.390+0300] {processor.py:161} INFO - Started process (PID=20539) to work on /usr/local/lib/python3.10/dist-packages/airflow/example_dags/example_skip_dag.py
[2024-01-08T18:52:14.465+0300] {processor.py:830} INFO - Processing file /usr/local/lib/python3.10/dist-packages/airflow/example_dags/example_skip_dag.py for tasks to queue
[2024-01-08T18:52:14.468+0300] {logging_mixin.py:188} INFO - [2024-01-08T18:52:14.467+0300] {dagbag.py:538} INFO - Filling up the DagBag from /usr/local/lib/python3.10/dist-packages/airflow/example_dags/example_skip_dag.py
[2024-01-08T18:52:14.760+0300] {processor.py:840} INFO - DAG(s) 'example_skip_dag' retrieved from /usr/local/lib/python3.10/dist-packages/airflow/example_dags/example_skip_dag.py
[2024-01-08T18:52:15.435+0300] {logging_mixin.py:188} INFO - [2024-01-08T18:52:15.434+0300] {dag.py:3033} INFO - Sync 1 DAGs
[2024-01-08T18:52:15.906+0300] {logging_mixin.py:188} INFO - [2024-01-08T18:52:15.906+0300] {dag.py:3820} INFO - Setting next_dagrun for example_skip_dag to 2024-01-07T00:00:00+00:00, run_after=2024-01-08T00:00:00+00:00
[2024-01-08T18:52:16.084+0300] {processor.py:183} INFO - Processing /usr/local/lib/python3.10/dist-packages/airflow/example_dags/example_skip_dag.py took 1.830 seconds
[2024-01-08T18:52:47.138+0300] {processor.py:161} INFO - Started process (PID=20965) to work on /usr/local/lib/python3.10/dist-packages/airflow/example_dags/example_skip_dag.py
[2024-01-08T18:52:47.152+0300] {processor.py:830} INFO - Processing file /usr/local/lib/python3.10/dist-packages/airflow/example_dags/example_skip_dag.py for tasks to queue
[2024-01-08T18:52:47.155+0300] {logging_mixin.py:188} INFO - [2024-01-08T18:52:47.154+0300] {dagbag.py:538} INFO - Filling up the DagBag from /usr/local/lib/python3.10/dist-packages/airflow/example_dags/example_skip_dag.py
[2024-01-08T18:52:47.209+0300] {processor.py:840} INFO - DAG(s) 'example_skip_dag' retrieved from /usr/local/lib/python3.10/dist-packages/airflow/example_dags/example_skip_dag.py
[2024-01-08T18:52:47.644+0300] {logging_mixin.py:188} INFO - [2024-01-08T18:52:47.634+0300] {dag.py:3033} INFO - Sync 1 DAGs
[2024-01-08T18:52:48.034+0300] {logging_mixin.py:188} INFO - [2024-01-08T18:52:48.034+0300] {dag.py:3820} INFO - Setting next_dagrun for example_skip_dag to 2024-01-07T00:00:00+00:00, run_after=2024-01-08T00:00:00+00:00
[2024-01-08T18:52:48.437+0300] {processor.py:183} INFO - Processing /usr/local/lib/python3.10/dist-packages/airflow/example_dags/example_skip_dag.py took 1.341 seconds
[2024-01-08T18:53:56.467+0300] {processor.py:161} INFO - Started process (PID=21529) to work on /usr/local/lib/python3.10/dist-packages/airflow/example_dags/example_skip_dag.py
[2024-01-08T18:53:56.498+0300] {processor.py:830} INFO - Processing file /usr/local/lib/python3.10/dist-packages/airflow/example_dags/example_skip_dag.py for tasks to queue
[2024-01-08T18:53:56.622+0300] {logging_mixin.py:188} INFO - [2024-01-08T18:53:56.500+0300] {dagbag.py:538} INFO - Filling up the DagBag from /usr/local/lib/python3.10/dist-packages/airflow/example_dags/example_skip_dag.py
[2024-01-08T18:53:56.804+0300] {processor.py:840} INFO - DAG(s) 'example_skip_dag' retrieved from /usr/local/lib/python3.10/dist-packages/airflow/example_dags/example_skip_dag.py
[2024-01-08T18:53:57.240+0300] {logging_mixin.py:188} INFO - [2024-01-08T18:53:57.240+0300] {dag.py:3033} INFO - Sync 1 DAGs
[2024-01-08T18:53:57.504+0300] {logging_mixin.py:188} INFO - [2024-01-08T18:53:57.503+0300] {dag.py:3820} INFO - Setting next_dagrun for example_skip_dag to 2024-01-07T00:00:00+00:00, run_after=2024-01-08T00:00:00+00:00
[2024-01-08T18:53:57.835+0300] {processor.py:183} INFO - Processing /usr/local/lib/python3.10/dist-packages/airflow/example_dags/example_skip_dag.py took 1.398 seconds
[2024-01-08T18:54:33.362+0300] {processor.py:161} INFO - Started process (PID=21950) to work on /usr/local/lib/python3.10/dist-packages/airflow/example_dags/example_skip_dag.py
[2024-01-08T18:54:33.389+0300] {processor.py:830} INFO - Processing file /usr/local/lib/python3.10/dist-packages/airflow/example_dags/example_skip_dag.py for tasks to queue
[2024-01-08T18:54:33.392+0300] {logging_mixin.py:188} INFO - [2024-01-08T18:54:33.391+0300] {dagbag.py:538} INFO - Filling up the DagBag from /usr/local/lib/python3.10/dist-packages/airflow/example_dags/example_skip_dag.py
[2024-01-08T18:54:33.531+0300] {processor.py:840} INFO - DAG(s) 'example_skip_dag' retrieved from /usr/local/lib/python3.10/dist-packages/airflow/example_dags/example_skip_dag.py
[2024-01-08T18:54:33.763+0300] {logging_mixin.py:188} INFO - [2024-01-08T18:54:33.762+0300] {dag.py:3033} INFO - Sync 1 DAGs
[2024-01-08T18:54:33.972+0300] {logging_mixin.py:188} INFO - [2024-01-08T18:54:33.971+0300] {dag.py:3820} INFO - Setting next_dagrun for example_skip_dag to 2024-01-07T00:00:00+00:00, run_after=2024-01-08T00:00:00+00:00
[2024-01-08T18:54:34.489+0300] {processor.py:183} INFO - Processing /usr/local/lib/python3.10/dist-packages/airflow/example_dags/example_skip_dag.py took 1.217 seconds
[2024-01-08T18:55:05.051+0300] {processor.py:161} INFO - Started process (PID=22393) to work on /usr/local/lib/python3.10/dist-packages/airflow/example_dags/example_skip_dag.py
[2024-01-08T18:55:05.055+0300] {processor.py:830} INFO - Processing file /usr/local/lib/python3.10/dist-packages/airflow/example_dags/example_skip_dag.py for tasks to queue
[2024-01-08T18:55:05.068+0300] {logging_mixin.py:188} INFO - [2024-01-08T18:55:05.068+0300] {dagbag.py:538} INFO - Filling up the DagBag from /usr/local/lib/python3.10/dist-packages/airflow/example_dags/example_skip_dag.py
[2024-01-08T18:55:05.094+0300] {processor.py:840} INFO - DAG(s) 'example_skip_dag' retrieved from /usr/local/lib/python3.10/dist-packages/airflow/example_dags/example_skip_dag.py
[2024-01-08T18:55:05.231+0300] {logging_mixin.py:188} INFO - [2024-01-08T18:55:05.230+0300] {dag.py:3033} INFO - Sync 1 DAGs
[2024-01-08T18:55:05.312+0300] {logging_mixin.py:188} INFO - [2024-01-08T18:55:05.311+0300] {dag.py:3820} INFO - Setting next_dagrun for example_skip_dag to 2024-01-07T00:00:00+00:00, run_after=2024-01-08T00:00:00+00:00
[2024-01-08T18:55:05.434+0300] {processor.py:183} INFO - Processing /usr/local/lib/python3.10/dist-packages/airflow/example_dags/example_skip_dag.py took 0.430 seconds
[2024-01-08T18:55:41.093+0300] {processor.py:161} INFO - Started process (PID=22803) to work on /usr/local/lib/python3.10/dist-packages/airflow/example_dags/example_skip_dag.py
[2024-01-08T18:55:41.106+0300] {processor.py:830} INFO - Processing file /usr/local/lib/python3.10/dist-packages/airflow/example_dags/example_skip_dag.py for tasks to queue
[2024-01-08T18:55:41.109+0300] {logging_mixin.py:188} INFO - [2024-01-08T18:55:41.108+0300] {dagbag.py:538} INFO - Filling up the DagBag from /usr/local/lib/python3.10/dist-packages/airflow/example_dags/example_skip_dag.py
[2024-01-08T18:55:41.157+0300] {processor.py:840} INFO - DAG(s) 'example_skip_dag' retrieved from /usr/local/lib/python3.10/dist-packages/airflow/example_dags/example_skip_dag.py
[2024-01-08T18:55:41.417+0300] {logging_mixin.py:188} INFO - [2024-01-08T18:55:41.416+0300] {dag.py:3033} INFO - Sync 1 DAGs
[2024-01-08T18:55:41.583+0300] {logging_mixin.py:188} INFO - [2024-01-08T18:55:41.571+0300] {dag.py:3820} INFO - Setting next_dagrun for example_skip_dag to 2024-01-07T00:00:00+00:00, run_after=2024-01-08T00:00:00+00:00
[2024-01-08T18:55:41.758+0300] {processor.py:183} INFO - Processing /usr/local/lib/python3.10/dist-packages/airflow/example_dags/example_skip_dag.py took 0.694 seconds
[2024-01-08T18:56:12.297+0300] {processor.py:161} INFO - Started process (PID=23125) to work on /usr/local/lib/python3.10/dist-packages/airflow/example_dags/example_skip_dag.py
[2024-01-08T18:56:12.300+0300] {processor.py:830} INFO - Processing file /usr/local/lib/python3.10/dist-packages/airflow/example_dags/example_skip_dag.py for tasks to queue
[2024-01-08T18:56:12.304+0300] {logging_mixin.py:188} INFO - [2024-01-08T18:56:12.303+0300] {dagbag.py:538} INFO - Filling up the DagBag from /usr/local/lib/python3.10/dist-packages/airflow/example_dags/example_skip_dag.py
[2024-01-08T18:56:12.330+0300] {processor.py:840} INFO - DAG(s) 'example_skip_dag' retrieved from /usr/local/lib/python3.10/dist-packages/airflow/example_dags/example_skip_dag.py
[2024-01-08T18:56:12.448+0300] {logging_mixin.py:188} INFO - [2024-01-08T18:56:12.447+0300] {dag.py:3033} INFO - Sync 1 DAGs
[2024-01-08T18:56:12.535+0300] {logging_mixin.py:188} INFO - [2024-01-08T18:56:12.535+0300] {dag.py:3820} INFO - Setting next_dagrun for example_skip_dag to 2024-01-07T00:00:00+00:00, run_after=2024-01-08T00:00:00+00:00
[2024-01-08T18:56:12.590+0300] {processor.py:183} INFO - Processing /usr/local/lib/python3.10/dist-packages/airflow/example_dags/example_skip_dag.py took 0.313 seconds
[2024-01-08T18:56:42.958+0300] {processor.py:161} INFO - Started process (PID=23440) to work on /usr/local/lib/python3.10/dist-packages/airflow/example_dags/example_skip_dag.py
[2024-01-08T18:56:42.968+0300] {processor.py:830} INFO - Processing file /usr/local/lib/python3.10/dist-packages/airflow/example_dags/example_skip_dag.py for tasks to queue
[2024-01-08T18:56:42.970+0300] {logging_mixin.py:188} INFO - [2024-01-08T18:56:42.970+0300] {dagbag.py:538} INFO - Filling up the DagBag from /usr/local/lib/python3.10/dist-packages/airflow/example_dags/example_skip_dag.py
[2024-01-08T18:56:43.022+0300] {processor.py:840} INFO - DAG(s) 'example_skip_dag' retrieved from /usr/local/lib/python3.10/dist-packages/airflow/example_dags/example_skip_dag.py
[2024-01-08T18:56:43.147+0300] {logging_mixin.py:188} INFO - [2024-01-08T18:56:43.147+0300] {dag.py:3033} INFO - Sync 1 DAGs
[2024-01-08T18:56:43.239+0300] {logging_mixin.py:188} INFO - [2024-01-08T18:56:43.238+0300] {dag.py:3820} INFO - Setting next_dagrun for example_skip_dag to 2024-01-07T00:00:00+00:00, run_after=2024-01-08T00:00:00+00:00
[2024-01-08T18:56:43.326+0300] {processor.py:183} INFO - Processing /usr/local/lib/python3.10/dist-packages/airflow/example_dags/example_skip_dag.py took 0.379 seconds
[2024-01-08T18:57:15.597+0300] {processor.py:161} INFO - Started process (PID=23814) to work on /usr/local/lib/python3.10/dist-packages/airflow/example_dags/example_skip_dag.py
[2024-01-08T18:57:15.600+0300] {processor.py:830} INFO - Processing file /usr/local/lib/python3.10/dist-packages/airflow/example_dags/example_skip_dag.py for tasks to queue
[2024-01-08T18:57:15.603+0300] {logging_mixin.py:188} INFO - [2024-01-08T18:57:15.602+0300] {dagbag.py:538} INFO - Filling up the DagBag from /usr/local/lib/python3.10/dist-packages/airflow/example_dags/example_skip_dag.py
[2024-01-08T18:57:15.627+0300] {processor.py:840} INFO - DAG(s) 'example_skip_dag' retrieved from /usr/local/lib/python3.10/dist-packages/airflow/example_dags/example_skip_dag.py
[2024-01-08T18:57:15.780+0300] {logging_mixin.py:188} INFO - [2024-01-08T18:57:15.780+0300] {dag.py:3033} INFO - Sync 1 DAGs
[2024-01-08T18:57:15.853+0300] {logging_mixin.py:188} INFO - [2024-01-08T18:57:15.853+0300] {dag.py:3820} INFO - Setting next_dagrun for example_skip_dag to 2024-01-07T00:00:00+00:00, run_after=2024-01-08T00:00:00+00:00
[2024-01-08T18:57:15.930+0300] {processor.py:183} INFO - Processing /usr/local/lib/python3.10/dist-packages/airflow/example_dags/example_skip_dag.py took 0.348 seconds
[2024-01-08T18:57:52.251+0300] {processor.py:161} INFO - Started process (PID=24176) to work on /usr/local/lib/python3.10/dist-packages/airflow/example_dags/example_skip_dag.py
[2024-01-08T18:57:52.264+0300] {processor.py:830} INFO - Processing file /usr/local/lib/python3.10/dist-packages/airflow/example_dags/example_skip_dag.py for tasks to queue
[2024-01-08T18:57:52.265+0300] {logging_mixin.py:188} INFO - [2024-01-08T18:57:52.265+0300] {dagbag.py:538} INFO - Filling up the DagBag from /usr/local/lib/python3.10/dist-packages/airflow/example_dags/example_skip_dag.py
[2024-01-08T18:57:52.351+0300] {processor.py:840} INFO - DAG(s) 'example_skip_dag' retrieved from /usr/local/lib/python3.10/dist-packages/airflow/example_dags/example_skip_dag.py
[2024-01-08T18:57:52.643+0300] {logging_mixin.py:188} INFO - [2024-01-08T18:57:52.643+0300] {dag.py:3033} INFO - Sync 1 DAGs
[2024-01-08T18:57:52.884+0300] {logging_mixin.py:188} INFO - [2024-01-08T18:57:52.883+0300] {dag.py:3820} INFO - Setting next_dagrun for example_skip_dag to 2024-01-07T00:00:00+00:00, run_after=2024-01-08T00:00:00+00:00
[2024-01-08T18:57:53.063+0300] {processor.py:183} INFO - Processing /usr/local/lib/python3.10/dist-packages/airflow/example_dags/example_skip_dag.py took 0.855 seconds
[2024-01-08T18:58:23.373+0300] {processor.py:161} INFO - Started process (PID=24516) to work on /usr/local/lib/python3.10/dist-packages/airflow/example_dags/example_skip_dag.py
[2024-01-08T18:58:23.383+0300] {processor.py:830} INFO - Processing file /usr/local/lib/python3.10/dist-packages/airflow/example_dags/example_skip_dag.py for tasks to queue
[2024-01-08T18:58:23.386+0300] {logging_mixin.py:188} INFO - [2024-01-08T18:58:23.385+0300] {dagbag.py:538} INFO - Filling up the DagBag from /usr/local/lib/python3.10/dist-packages/airflow/example_dags/example_skip_dag.py
[2024-01-08T18:58:23.441+0300] {processor.py:840} INFO - DAG(s) 'example_skip_dag' retrieved from /usr/local/lib/python3.10/dist-packages/airflow/example_dags/example_skip_dag.py
[2024-01-08T18:58:23.615+0300] {logging_mixin.py:188} INFO - [2024-01-08T18:58:23.615+0300] {dag.py:3033} INFO - Sync 1 DAGs
[2024-01-08T18:58:23.717+0300] {logging_mixin.py:188} INFO - [2024-01-08T18:58:23.717+0300] {dag.py:3820} INFO - Setting next_dagrun for example_skip_dag to 2024-01-07T00:00:00+00:00, run_after=2024-01-08T00:00:00+00:00
[2024-01-08T18:58:23.883+0300] {processor.py:183} INFO - Processing /usr/local/lib/python3.10/dist-packages/airflow/example_dags/example_skip_dag.py took 0.549 seconds
[2024-01-08T18:58:57.656+0300] {processor.py:161} INFO - Started process (PID=24969) to work on /usr/local/lib/python3.10/dist-packages/airflow/example_dags/example_skip_dag.py
[2024-01-08T18:58:57.667+0300] {processor.py:830} INFO - Processing file /usr/local/lib/python3.10/dist-packages/airflow/example_dags/example_skip_dag.py for tasks to queue
[2024-01-08T18:58:57.669+0300] {logging_mixin.py:188} INFO - [2024-01-08T18:58:57.668+0300] {dagbag.py:538} INFO - Filling up the DagBag from /usr/local/lib/python3.10/dist-packages/airflow/example_dags/example_skip_dag.py
[2024-01-08T18:58:57.815+0300] {processor.py:840} INFO - DAG(s) 'example_skip_dag' retrieved from /usr/local/lib/python3.10/dist-packages/airflow/example_dags/example_skip_dag.py
[2024-01-08T18:58:58.113+0300] {logging_mixin.py:188} INFO - [2024-01-08T18:58:58.112+0300] {dag.py:3033} INFO - Sync 1 DAGs
[2024-01-08T18:58:58.316+0300] {logging_mixin.py:188} INFO - [2024-01-08T18:58:58.309+0300] {dag.py:3820} INFO - Setting next_dagrun for example_skip_dag to 2024-01-07T00:00:00+00:00, run_after=2024-01-08T00:00:00+00:00
[2024-01-08T18:58:58.526+0300] {processor.py:183} INFO - Processing /usr/local/lib/python3.10/dist-packages/airflow/example_dags/example_skip_dag.py took 0.914 seconds
[2024-01-08T18:59:32.555+0300] {processor.py:161} INFO - Started process (PID=25364) to work on /usr/local/lib/python3.10/dist-packages/airflow/example_dags/example_skip_dag.py
[2024-01-08T18:59:32.582+0300] {processor.py:830} INFO - Processing file /usr/local/lib/python3.10/dist-packages/airflow/example_dags/example_skip_dag.py for tasks to queue
[2024-01-08T18:59:32.584+0300] {logging_mixin.py:188} INFO - [2024-01-08T18:59:32.583+0300] {dagbag.py:538} INFO - Filling up the DagBag from /usr/local/lib/python3.10/dist-packages/airflow/example_dags/example_skip_dag.py
[2024-01-08T18:59:32.703+0300] {processor.py:840} INFO - DAG(s) 'example_skip_dag' retrieved from /usr/local/lib/python3.10/dist-packages/airflow/example_dags/example_skip_dag.py
[2024-01-08T18:59:33.230+0300] {logging_mixin.py:188} INFO - [2024-01-08T18:59:33.230+0300] {dag.py:3033} INFO - Sync 1 DAGs
[2024-01-08T18:59:33.664+0300] {logging_mixin.py:188} INFO - [2024-01-08T18:59:33.664+0300] {dag.py:3820} INFO - Setting next_dagrun for example_skip_dag to 2024-01-07T00:00:00+00:00, run_after=2024-01-08T00:00:00+00:00
[2024-01-08T18:59:33.884+0300] {processor.py:183} INFO - Processing /usr/local/lib/python3.10/dist-packages/airflow/example_dags/example_skip_dag.py took 1.388 seconds
[2024-01-08T19:00:04.380+0300] {processor.py:161} INFO - Started process (PID=25755) to work on /usr/local/lib/python3.10/dist-packages/airflow/example_dags/example_skip_dag.py
[2024-01-08T19:00:04.383+0300] {processor.py:830} INFO - Processing file /usr/local/lib/python3.10/dist-packages/airflow/example_dags/example_skip_dag.py for tasks to queue
[2024-01-08T19:00:04.387+0300] {logging_mixin.py:188} INFO - [2024-01-08T19:00:04.386+0300] {dagbag.py:538} INFO - Filling up the DagBag from /usr/local/lib/python3.10/dist-packages/airflow/example_dags/example_skip_dag.py
[2024-01-08T19:00:04.412+0300] {processor.py:840} INFO - DAG(s) 'example_skip_dag' retrieved from /usr/local/lib/python3.10/dist-packages/airflow/example_dags/example_skip_dag.py
[2024-01-08T19:00:04.526+0300] {logging_mixin.py:188} INFO - [2024-01-08T19:00:04.526+0300] {dag.py:3033} INFO - Sync 1 DAGs
[2024-01-08T19:00:04.609+0300] {logging_mixin.py:188} INFO - [2024-01-08T19:00:04.608+0300] {dag.py:3820} INFO - Setting next_dagrun for example_skip_dag to 2024-01-07T00:00:00+00:00, run_after=2024-01-08T00:00:00+00:00
[2024-01-08T19:00:04.662+0300] {processor.py:183} INFO - Processing /usr/local/lib/python3.10/dist-packages/airflow/example_dags/example_skip_dag.py took 0.295 seconds
[2024-01-08T19:00:34.866+0300] {processor.py:161} INFO - Started process (PID=26163) to work on /usr/local/lib/python3.10/dist-packages/airflow/example_dags/example_skip_dag.py
[2024-01-08T19:00:34.876+0300] {processor.py:830} INFO - Processing file /usr/local/lib/python3.10/dist-packages/airflow/example_dags/example_skip_dag.py for tasks to queue
[2024-01-08T19:00:34.878+0300] {logging_mixin.py:188} INFO - [2024-01-08T19:00:34.878+0300] {dagbag.py:538} INFO - Filling up the DagBag from /usr/local/lib/python3.10/dist-packages/airflow/example_dags/example_skip_dag.py
[2024-01-08T19:00:34.909+0300] {processor.py:840} INFO - DAG(s) 'example_skip_dag' retrieved from /usr/local/lib/python3.10/dist-packages/airflow/example_dags/example_skip_dag.py
[2024-01-08T19:00:35.040+0300] {logging_mixin.py:188} INFO - [2024-01-08T19:00:35.040+0300] {dag.py:3033} INFO - Sync 1 DAGs
[2024-01-08T19:00:35.125+0300] {logging_mixin.py:188} INFO - [2024-01-08T19:00:35.124+0300] {dag.py:3820} INFO - Setting next_dagrun for example_skip_dag to 2024-01-07T00:00:00+00:00, run_after=2024-01-08T00:00:00+00:00
[2024-01-08T19:00:35.215+0300] {processor.py:183} INFO - Processing /usr/local/lib/python3.10/dist-packages/airflow/example_dags/example_skip_dag.py took 0.378 seconds
[2024-01-08T19:01:05.600+0300] {processor.py:161} INFO - Started process (PID=26556) to work on /usr/local/lib/python3.10/dist-packages/airflow/example_dags/example_skip_dag.py
[2024-01-08T19:01:05.604+0300] {processor.py:830} INFO - Processing file /usr/local/lib/python3.10/dist-packages/airflow/example_dags/example_skip_dag.py for tasks to queue
[2024-01-08T19:01:05.606+0300] {logging_mixin.py:188} INFO - [2024-01-08T19:01:05.605+0300] {dagbag.py:538} INFO - Filling up the DagBag from /usr/local/lib/python3.10/dist-packages/airflow/example_dags/example_skip_dag.py
[2024-01-08T19:01:05.635+0300] {processor.py:840} INFO - DAG(s) 'example_skip_dag' retrieved from /usr/local/lib/python3.10/dist-packages/airflow/example_dags/example_skip_dag.py
[2024-01-08T19:01:05.715+0300] {logging_mixin.py:188} INFO - [2024-01-08T19:01:05.715+0300] {dag.py:3033} INFO - Sync 1 DAGs
[2024-01-08T19:01:05.776+0300] {logging_mixin.py:188} INFO - [2024-01-08T19:01:05.775+0300] {dag.py:3820} INFO - Setting next_dagrun for example_skip_dag to 2024-01-07T00:00:00+00:00, run_after=2024-01-08T00:00:00+00:00
[2024-01-08T19:01:05.825+0300] {processor.py:183} INFO - Processing /usr/local/lib/python3.10/dist-packages/airflow/example_dags/example_skip_dag.py took 0.234 seconds
[2024-01-08T19:01:37.291+0300] {processor.py:161} INFO - Started process (PID=26955) to work on /usr/local/lib/python3.10/dist-packages/airflow/example_dags/example_skip_dag.py
[2024-01-08T19:01:37.304+0300] {processor.py:830} INFO - Processing file /usr/local/lib/python3.10/dist-packages/airflow/example_dags/example_skip_dag.py for tasks to queue
[2024-01-08T19:01:37.306+0300] {logging_mixin.py:188} INFO - [2024-01-08T19:01:37.305+0300] {dagbag.py:538} INFO - Filling up the DagBag from /usr/local/lib/python3.10/dist-packages/airflow/example_dags/example_skip_dag.py
[2024-01-08T19:01:37.346+0300] {processor.py:840} INFO - DAG(s) 'example_skip_dag' retrieved from /usr/local/lib/python3.10/dist-packages/airflow/example_dags/example_skip_dag.py
[2024-01-08T19:01:37.494+0300] {logging_mixin.py:188} INFO - [2024-01-08T19:01:37.493+0300] {dag.py:3033} INFO - Sync 1 DAGs
[2024-01-08T19:01:37.596+0300] {logging_mixin.py:188} INFO - [2024-01-08T19:01:37.596+0300] {dag.py:3820} INFO - Setting next_dagrun for example_skip_dag to 2024-01-07T00:00:00+00:00, run_after=2024-01-08T00:00:00+00:00
[2024-01-08T19:01:37.696+0300] {processor.py:183} INFO - Processing /usr/local/lib/python3.10/dist-packages/airflow/example_dags/example_skip_dag.py took 0.421 seconds
[2024-01-08T19:02:08.048+0300] {processor.py:161} INFO - Started process (PID=27266) to work on /usr/local/lib/python3.10/dist-packages/airflow/example_dags/example_skip_dag.py
[2024-01-08T19:02:08.051+0300] {processor.py:830} INFO - Processing file /usr/local/lib/python3.10/dist-packages/airflow/example_dags/example_skip_dag.py for tasks to queue
[2024-01-08T19:02:08.052+0300] {logging_mixin.py:188} INFO - [2024-01-08T19:02:08.052+0300] {dagbag.py:538} INFO - Filling up the DagBag from /usr/local/lib/python3.10/dist-packages/airflow/example_dags/example_skip_dag.py
[2024-01-08T19:02:08.079+0300] {processor.py:840} INFO - DAG(s) 'example_skip_dag' retrieved from /usr/local/lib/python3.10/dist-packages/airflow/example_dags/example_skip_dag.py
[2024-01-08T19:02:08.215+0300] {logging_mixin.py:188} INFO - [2024-01-08T19:02:08.215+0300] {dag.py:3033} INFO - Sync 1 DAGs
[2024-01-08T19:02:08.290+0300] {logging_mixin.py:188} INFO - [2024-01-08T19:02:08.290+0300] {dag.py:3820} INFO - Setting next_dagrun for example_skip_dag to 2024-01-07T00:00:00+00:00, run_after=2024-01-08T00:00:00+00:00
[2024-01-08T19:02:08.333+0300] {processor.py:183} INFO - Processing /usr/local/lib/python3.10/dist-packages/airflow/example_dags/example_skip_dag.py took 0.297 seconds
[2024-01-08T19:02:38.566+0300] {processor.py:161} INFO - Started process (PID=27571) to work on /usr/local/lib/python3.10/dist-packages/airflow/example_dags/example_skip_dag.py
[2024-01-08T19:02:38.569+0300] {processor.py:830} INFO - Processing file /usr/local/lib/python3.10/dist-packages/airflow/example_dags/example_skip_dag.py for tasks to queue
[2024-01-08T19:02:38.571+0300] {logging_mixin.py:188} INFO - [2024-01-08T19:02:38.571+0300] {dagbag.py:538} INFO - Filling up the DagBag from /usr/local/lib/python3.10/dist-packages/airflow/example_dags/example_skip_dag.py
[2024-01-08T19:02:38.602+0300] {processor.py:840} INFO - DAG(s) 'example_skip_dag' retrieved from /usr/local/lib/python3.10/dist-packages/airflow/example_dags/example_skip_dag.py
[2024-01-08T19:02:38.718+0300] {logging_mixin.py:188} INFO - [2024-01-08T19:02:38.717+0300] {dag.py:3033} INFO - Sync 1 DAGs
[2024-01-08T19:02:38.791+0300] {logging_mixin.py:188} INFO - [2024-01-08T19:02:38.790+0300] {dag.py:3820} INFO - Setting next_dagrun for example_skip_dag to 2024-01-07T00:00:00+00:00, run_after=2024-01-08T00:00:00+00:00
[2024-01-08T19:02:38.853+0300] {processor.py:183} INFO - Processing /usr/local/lib/python3.10/dist-packages/airflow/example_dags/example_skip_dag.py took 0.302 seconds
[2024-01-08T19:03:18.469+0300] {processor.py:161} INFO - Started process (PID=27943) to work on /usr/local/lib/python3.10/dist-packages/airflow/example_dags/example_skip_dag.py
[2024-01-08T19:03:18.486+0300] {processor.py:830} INFO - Processing file /usr/local/lib/python3.10/dist-packages/airflow/example_dags/example_skip_dag.py for tasks to queue
[2024-01-08T19:03:18.488+0300] {logging_mixin.py:188} INFO - [2024-01-08T19:03:18.487+0300] {dagbag.py:538} INFO - Filling up the DagBag from /usr/local/lib/python3.10/dist-packages/airflow/example_dags/example_skip_dag.py
[2024-01-08T19:03:18.587+0300] {processor.py:840} INFO - DAG(s) 'example_skip_dag' retrieved from /usr/local/lib/python3.10/dist-packages/airflow/example_dags/example_skip_dag.py
[2024-01-08T19:03:18.918+0300] {logging_mixin.py:188} INFO - [2024-01-08T19:03:18.909+0300] {dag.py:3033} INFO - Sync 1 DAGs
[2024-01-08T19:03:19.076+0300] {logging_mixin.py:188} INFO - [2024-01-08T19:03:19.075+0300] {dag.py:3820} INFO - Setting next_dagrun for example_skip_dag to 2024-01-07T00:00:00+00:00, run_after=2024-01-08T00:00:00+00:00
[2024-01-08T19:03:19.231+0300] {processor.py:183} INFO - Processing /usr/local/lib/python3.10/dist-packages/airflow/example_dags/example_skip_dag.py took 0.808 seconds
[2024-01-08T19:03:49.623+0300] {processor.py:161} INFO - Started process (PID=28339) to work on /usr/local/lib/python3.10/dist-packages/airflow/example_dags/example_skip_dag.py
[2024-01-08T19:03:49.627+0300] {processor.py:830} INFO - Processing file /usr/local/lib/python3.10/dist-packages/airflow/example_dags/example_skip_dag.py for tasks to queue
[2024-01-08T19:03:49.632+0300] {logging_mixin.py:188} INFO - [2024-01-08T19:03:49.629+0300] {dagbag.py:538} INFO - Filling up the DagBag from /usr/local/lib/python3.10/dist-packages/airflow/example_dags/example_skip_dag.py
[2024-01-08T19:03:49.662+0300] {processor.py:840} INFO - DAG(s) 'example_skip_dag' retrieved from /usr/local/lib/python3.10/dist-packages/airflow/example_dags/example_skip_dag.py
[2024-01-08T19:03:49.808+0300] {logging_mixin.py:188} INFO - [2024-01-08T19:03:49.807+0300] {dag.py:3033} INFO - Sync 1 DAGs
[2024-01-08T19:03:49.930+0300] {logging_mixin.py:188} INFO - [2024-01-08T19:03:49.930+0300] {dag.py:3820} INFO - Setting next_dagrun for example_skip_dag to 2024-01-07T00:00:00+00:00, run_after=2024-01-08T00:00:00+00:00
[2024-01-08T19:03:50.041+0300] {processor.py:183} INFO - Processing /usr/local/lib/python3.10/dist-packages/airflow/example_dags/example_skip_dag.py took 0.435 seconds
[2024-01-08T19:04:20.128+0300] {processor.py:161} INFO - Started process (PID=28704) to work on /usr/local/lib/python3.10/dist-packages/airflow/example_dags/example_skip_dag.py
[2024-01-08T19:04:20.131+0300] {processor.py:830} INFO - Processing file /usr/local/lib/python3.10/dist-packages/airflow/example_dags/example_skip_dag.py for tasks to queue
[2024-01-08T19:04:20.133+0300] {logging_mixin.py:188} INFO - [2024-01-08T19:04:20.132+0300] {dagbag.py:538} INFO - Filling up the DagBag from /usr/local/lib/python3.10/dist-packages/airflow/example_dags/example_skip_dag.py
[2024-01-08T19:04:20.159+0300] {processor.py:840} INFO - DAG(s) 'example_skip_dag' retrieved from /usr/local/lib/python3.10/dist-packages/airflow/example_dags/example_skip_dag.py
[2024-01-08T19:04:20.255+0300] {logging_mixin.py:188} INFO - [2024-01-08T19:04:20.255+0300] {dag.py:3033} INFO - Sync 1 DAGs
[2024-01-08T19:04:20.307+0300] {logging_mixin.py:188} INFO - [2024-01-08T19:04:20.307+0300] {dag.py:3820} INFO - Setting next_dagrun for example_skip_dag to 2024-01-07T00:00:00+00:00, run_after=2024-01-08T00:00:00+00:00
[2024-01-08T19:04:20.357+0300] {processor.py:183} INFO - Processing /usr/local/lib/python3.10/dist-packages/airflow/example_dags/example_skip_dag.py took 0.239 seconds
[2024-01-08T19:04:53.188+0300] {processor.py:161} INFO - Started process (PID=29101) to work on /usr/local/lib/python3.10/dist-packages/airflow/example_dags/example_skip_dag.py
[2024-01-08T19:04:53.203+0300] {processor.py:830} INFO - Processing file /usr/local/lib/python3.10/dist-packages/airflow/example_dags/example_skip_dag.py for tasks to queue
[2024-01-08T19:04:53.205+0300] {logging_mixin.py:188} INFO - [2024-01-08T19:04:53.204+0300] {dagbag.py:538} INFO - Filling up the DagBag from /usr/local/lib/python3.10/dist-packages/airflow/example_dags/example_skip_dag.py
[2024-01-08T19:04:53.259+0300] {processor.py:840} INFO - DAG(s) 'example_skip_dag' retrieved from /usr/local/lib/python3.10/dist-packages/airflow/example_dags/example_skip_dag.py
[2024-01-08T19:04:53.816+0300] {logging_mixin.py:188} INFO - [2024-01-08T19:04:53.816+0300] {dag.py:3033} INFO - Sync 1 DAGs
[2024-01-08T19:04:54.179+0300] {logging_mixin.py:188} INFO - [2024-01-08T19:04:54.179+0300] {dag.py:3820} INFO - Setting next_dagrun for example_skip_dag to 2024-01-07T00:00:00+00:00, run_after=2024-01-08T00:00:00+00:00
[2024-01-08T19:04:54.461+0300] {processor.py:183} INFO - Processing /usr/local/lib/python3.10/dist-packages/airflow/example_dags/example_skip_dag.py took 1.316 seconds
[2024-01-08T19:05:25.604+0300] {processor.py:161} INFO - Started process (PID=29529) to work on /usr/local/lib/python3.10/dist-packages/airflow/example_dags/example_skip_dag.py
[2024-01-08T19:05:25.667+0300] {processor.py:830} INFO - Processing file /usr/local/lib/python3.10/dist-packages/airflow/example_dags/example_skip_dag.py for tasks to queue
[2024-01-08T19:05:25.691+0300] {logging_mixin.py:188} INFO - [2024-01-08T19:05:25.691+0300] {dagbag.py:538} INFO - Filling up the DagBag from /usr/local/lib/python3.10/dist-packages/airflow/example_dags/example_skip_dag.py
[2024-01-08T19:05:25.886+0300] {processor.py:840} INFO - DAG(s) 'example_skip_dag' retrieved from /usr/local/lib/python3.10/dist-packages/airflow/example_dags/example_skip_dag.py
[2024-01-08T19:05:26.692+0300] {logging_mixin.py:188} INFO - [2024-01-08T19:05:26.692+0300] {dag.py:3033} INFO - Sync 1 DAGs
[2024-01-08T19:05:27.257+0300] {logging_mixin.py:188} INFO - [2024-01-08T19:05:27.257+0300] {dag.py:3820} INFO - Setting next_dagrun for example_skip_dag to 2024-01-07T00:00:00+00:00, run_after=2024-01-08T00:00:00+00:00
[2024-01-08T19:05:27.758+0300] {processor.py:183} INFO - Processing /usr/local/lib/python3.10/dist-packages/airflow/example_dags/example_skip_dag.py took 2.268 seconds
[2024-01-08T19:06:01.539+0300] {processor.py:161} INFO - Started process (PID=29913) to work on /usr/local/lib/python3.10/dist-packages/airflow/example_dags/example_skip_dag.py
[2024-01-08T19:06:01.546+0300] {processor.py:830} INFO - Processing file /usr/local/lib/python3.10/dist-packages/airflow/example_dags/example_skip_dag.py for tasks to queue
[2024-01-08T19:06:01.548+0300] {logging_mixin.py:188} INFO - [2024-01-08T19:06:01.547+0300] {dagbag.py:538} INFO - Filling up the DagBag from /usr/local/lib/python3.10/dist-packages/airflow/example_dags/example_skip_dag.py
[2024-01-08T19:06:01.572+0300] {processor.py:840} INFO - DAG(s) 'example_skip_dag' retrieved from /usr/local/lib/python3.10/dist-packages/airflow/example_dags/example_skip_dag.py
[2024-01-08T19:06:01.726+0300] {logging_mixin.py:188} INFO - [2024-01-08T19:06:01.726+0300] {dag.py:3033} INFO - Sync 1 DAGs
[2024-01-08T19:06:01.835+0300] {logging_mixin.py:188} INFO - [2024-01-08T19:06:01.835+0300] {dag.py:3820} INFO - Setting next_dagrun for example_skip_dag to 2024-01-07T00:00:00+00:00, run_after=2024-01-08T00:00:00+00:00
[2024-01-08T19:06:01.909+0300] {processor.py:183} INFO - Processing /usr/local/lib/python3.10/dist-packages/airflow/example_dags/example_skip_dag.py took 0.387 seconds
[2024-01-08T19:06:41.083+0300] {processor.py:161} INFO - Started process (PID=30313) to work on /usr/local/lib/python3.10/dist-packages/airflow/example_dags/example_skip_dag.py
[2024-01-08T19:06:41.118+0300] {processor.py:830} INFO - Processing file /usr/local/lib/python3.10/dist-packages/airflow/example_dags/example_skip_dag.py for tasks to queue
[2024-01-08T19:06:41.123+0300] {logging_mixin.py:188} INFO - [2024-01-08T19:06:41.122+0300] {dagbag.py:538} INFO - Filling up the DagBag from /usr/local/lib/python3.10/dist-packages/airflow/example_dags/example_skip_dag.py
[2024-01-08T19:06:41.426+0300] {processor.py:840} INFO - DAG(s) 'example_skip_dag' retrieved from /usr/local/lib/python3.10/dist-packages/airflow/example_dags/example_skip_dag.py
[2024-01-08T19:06:42.140+0300] {logging_mixin.py:188} INFO - [2024-01-08T19:06:42.139+0300] {dag.py:3033} INFO - Sync 1 DAGs
[2024-01-08T19:06:43.244+0300] {logging_mixin.py:188} INFO - [2024-01-08T19:06:43.243+0300] {dag.py:3820} INFO - Setting next_dagrun for example_skip_dag to 2024-01-07T00:00:00+00:00, run_after=2024-01-08T00:00:00+00:00
[2024-01-08T19:06:43.788+0300] {processor.py:183} INFO - Processing /usr/local/lib/python3.10/dist-packages/airflow/example_dags/example_skip_dag.py took 3.047 seconds
[2024-01-08T19:07:17.756+0300] {processor.py:161} INFO - Started process (PID=30740) to work on /usr/local/lib/python3.10/dist-packages/airflow/example_dags/example_skip_dag.py
[2024-01-08T19:07:17.766+0300] {processor.py:830} INFO - Processing file /usr/local/lib/python3.10/dist-packages/airflow/example_dags/example_skip_dag.py for tasks to queue
[2024-01-08T19:07:17.772+0300] {logging_mixin.py:188} INFO - [2024-01-08T19:07:17.769+0300] {dagbag.py:538} INFO - Filling up the DagBag from /usr/local/lib/python3.10/dist-packages/airflow/example_dags/example_skip_dag.py
[2024-01-08T19:07:17.808+0300] {processor.py:840} INFO - DAG(s) 'example_skip_dag' retrieved from /usr/local/lib/python3.10/dist-packages/airflow/example_dags/example_skip_dag.py
[2024-01-08T19:07:18.058+0300] {logging_mixin.py:188} INFO - [2024-01-08T19:07:18.058+0300] {dag.py:3033} INFO - Sync 1 DAGs
[2024-01-08T19:07:18.236+0300] {logging_mixin.py:188} INFO - [2024-01-08T19:07:18.235+0300] {dag.py:3820} INFO - Setting next_dagrun for example_skip_dag to 2024-01-07T00:00:00+00:00, run_after=2024-01-08T00:00:00+00:00
[2024-01-08T19:07:18.335+0300] {processor.py:183} INFO - Processing /usr/local/lib/python3.10/dist-packages/airflow/example_dags/example_skip_dag.py took 0.598 seconds
[2024-01-08T19:07:54.850+0300] {processor.py:161} INFO - Started process (PID=31161) to work on /usr/local/lib/python3.10/dist-packages/airflow/example_dags/example_skip_dag.py
[2024-01-08T19:07:54.854+0300] {processor.py:830} INFO - Processing file /usr/local/lib/python3.10/dist-packages/airflow/example_dags/example_skip_dag.py for tasks to queue
[2024-01-08T19:07:54.857+0300] {logging_mixin.py:188} INFO - [2024-01-08T19:07:54.856+0300] {dagbag.py:538} INFO - Filling up the DagBag from /usr/local/lib/python3.10/dist-packages/airflow/example_dags/example_skip_dag.py
[2024-01-08T19:07:54.894+0300] {processor.py:840} INFO - DAG(s) 'example_skip_dag' retrieved from /usr/local/lib/python3.10/dist-packages/airflow/example_dags/example_skip_dag.py
[2024-01-08T19:07:55.014+0300] {logging_mixin.py:188} INFO - [2024-01-08T19:07:55.013+0300] {dag.py:3033} INFO - Sync 1 DAGs
[2024-01-08T19:07:55.100+0300] {logging_mixin.py:188} INFO - [2024-01-08T19:07:55.100+0300] {dag.py:3820} INFO - Setting next_dagrun for example_skip_dag to 2024-01-07T00:00:00+00:00, run_after=2024-01-08T00:00:00+00:00
[2024-01-08T19:07:55.168+0300] {processor.py:183} INFO - Processing /usr/local/lib/python3.10/dist-packages/airflow/example_dags/example_skip_dag.py took 0.334 seconds
[2024-01-08T19:08:25.948+0300] {processor.py:161} INFO - Started process (PID=31477) to work on /usr/local/lib/python3.10/dist-packages/airflow/example_dags/example_skip_dag.py
[2024-01-08T19:08:25.952+0300] {processor.py:830} INFO - Processing file /usr/local/lib/python3.10/dist-packages/airflow/example_dags/example_skip_dag.py for tasks to queue
[2024-01-08T19:08:25.954+0300] {logging_mixin.py:188} INFO - [2024-01-08T19:08:25.954+0300] {dagbag.py:538} INFO - Filling up the DagBag from /usr/local/lib/python3.10/dist-packages/airflow/example_dags/example_skip_dag.py
[2024-01-08T19:08:25.974+0300] {processor.py:840} INFO - DAG(s) 'example_skip_dag' retrieved from /usr/local/lib/python3.10/dist-packages/airflow/example_dags/example_skip_dag.py
[2024-01-08T19:08:26.088+0300] {logging_mixin.py:188} INFO - [2024-01-08T19:08:26.087+0300] {dag.py:3033} INFO - Sync 1 DAGs
[2024-01-08T19:08:26.154+0300] {logging_mixin.py:188} INFO - [2024-01-08T19:08:26.153+0300] {dag.py:3820} INFO - Setting next_dagrun for example_skip_dag to 2024-01-07T00:00:00+00:00, run_after=2024-01-08T00:00:00+00:00
[2024-01-08T19:08:26.232+0300] {processor.py:183} INFO - Processing /usr/local/lib/python3.10/dist-packages/airflow/example_dags/example_skip_dag.py took 0.294 seconds
[2024-01-08T19:09:01.678+0300] {processor.py:161} INFO - Started process (PID=31849) to work on /usr/local/lib/python3.10/dist-packages/airflow/example_dags/example_skip_dag.py
[2024-01-08T19:09:01.681+0300] {processor.py:830} INFO - Processing file /usr/local/lib/python3.10/dist-packages/airflow/example_dags/example_skip_dag.py for tasks to queue
[2024-01-08T19:09:01.683+0300] {logging_mixin.py:188} INFO - [2024-01-08T19:09:01.682+0300] {dagbag.py:538} INFO - Filling up the DagBag from /usr/local/lib/python3.10/dist-packages/airflow/example_dags/example_skip_dag.py
[2024-01-08T19:09:01.705+0300] {processor.py:840} INFO - DAG(s) 'example_skip_dag' retrieved from /usr/local/lib/python3.10/dist-packages/airflow/example_dags/example_skip_dag.py
[2024-01-08T19:09:01.798+0300] {logging_mixin.py:188} INFO - [2024-01-08T19:09:01.797+0300] {dag.py:3033} INFO - Sync 1 DAGs
[2024-01-08T19:09:01.851+0300] {logging_mixin.py:188} INFO - [2024-01-08T19:09:01.851+0300] {dag.py:3820} INFO - Setting next_dagrun for example_skip_dag to 2024-01-07T00:00:00+00:00, run_after=2024-01-08T00:00:00+00:00
[2024-01-08T19:09:01.898+0300] {processor.py:183} INFO - Processing /usr/local/lib/python3.10/dist-packages/airflow/example_dags/example_skip_dag.py took 0.231 seconds
[2024-01-08T19:09:33.945+0300] {processor.py:161} INFO - Started process (PID=32183) to work on /usr/local/lib/python3.10/dist-packages/airflow/example_dags/example_skip_dag.py
[2024-01-08T19:09:33.947+0300] {processor.py:830} INFO - Processing file /usr/local/lib/python3.10/dist-packages/airflow/example_dags/example_skip_dag.py for tasks to queue
[2024-01-08T19:09:33.949+0300] {logging_mixin.py:188} INFO - [2024-01-08T19:09:33.948+0300] {dagbag.py:538} INFO - Filling up the DagBag from /usr/local/lib/python3.10/dist-packages/airflow/example_dags/example_skip_dag.py
[2024-01-08T19:09:34.043+0300] {processor.py:840} INFO - DAG(s) 'example_skip_dag' retrieved from /usr/local/lib/python3.10/dist-packages/airflow/example_dags/example_skip_dag.py
[2024-01-08T19:09:34.338+0300] {logging_mixin.py:188} INFO - [2024-01-08T19:09:34.338+0300] {dag.py:3033} INFO - Sync 1 DAGs
[2024-01-08T19:09:34.668+0300] {logging_mixin.py:188} INFO - [2024-01-08T19:09:34.668+0300] {dag.py:3820} INFO - Setting next_dagrun for example_skip_dag to 2024-01-07T00:00:00+00:00, run_after=2024-01-08T00:00:00+00:00
[2024-01-08T19:09:34.804+0300] {processor.py:183} INFO - Processing /usr/local/lib/python3.10/dist-packages/airflow/example_dags/example_skip_dag.py took 0.902 seconds
[2024-01-08T19:10:06.546+0300] {processor.py:161} INFO - Started process (PID=32554) to work on /usr/local/lib/python3.10/dist-packages/airflow/example_dags/example_skip_dag.py
[2024-01-08T19:10:06.550+0300] {processor.py:830} INFO - Processing file /usr/local/lib/python3.10/dist-packages/airflow/example_dags/example_skip_dag.py for tasks to queue
[2024-01-08T19:10:06.561+0300] {logging_mixin.py:188} INFO - [2024-01-08T19:10:06.552+0300] {dagbag.py:538} INFO - Filling up the DagBag from /usr/local/lib/python3.10/dist-packages/airflow/example_dags/example_skip_dag.py
[2024-01-08T19:10:06.595+0300] {processor.py:840} INFO - DAG(s) 'example_skip_dag' retrieved from /usr/local/lib/python3.10/dist-packages/airflow/example_dags/example_skip_dag.py
[2024-01-08T19:10:06.942+0300] {logging_mixin.py:188} INFO - [2024-01-08T19:10:06.942+0300] {dag.py:3033} INFO - Sync 1 DAGs
[2024-01-08T19:10:07.065+0300] {logging_mixin.py:188} INFO - [2024-01-08T19:10:07.064+0300] {dag.py:3820} INFO - Setting next_dagrun for example_skip_dag to 2024-01-07T00:00:00+00:00, run_after=2024-01-08T00:00:00+00:00
[2024-01-08T19:10:07.179+0300] {processor.py:183} INFO - Processing /usr/local/lib/python3.10/dist-packages/airflow/example_dags/example_skip_dag.py took 0.646 seconds
[2024-01-08T19:10:49.141+0300] {processor.py:161} INFO - Started process (PID=32953) to work on /usr/local/lib/python3.10/dist-packages/airflow/example_dags/example_skip_dag.py
[2024-01-08T19:10:49.158+0300] {processor.py:830} INFO - Processing file /usr/local/lib/python3.10/dist-packages/airflow/example_dags/example_skip_dag.py for tasks to queue
[2024-01-08T19:10:49.171+0300] {logging_mixin.py:188} INFO - [2024-01-08T19:10:49.170+0300] {dagbag.py:538} INFO - Filling up the DagBag from /usr/local/lib/python3.10/dist-packages/airflow/example_dags/example_skip_dag.py
[2024-01-08T19:10:49.234+0300] {processor.py:840} INFO - DAG(s) 'example_skip_dag' retrieved from /usr/local/lib/python3.10/dist-packages/airflow/example_dags/example_skip_dag.py
[2024-01-08T19:10:49.603+0300] {logging_mixin.py:188} INFO - [2024-01-08T19:10:49.603+0300] {dag.py:3033} INFO - Sync 1 DAGs
[2024-01-08T19:10:49.862+0300] {logging_mixin.py:188} INFO - [2024-01-08T19:10:49.849+0300] {dag.py:3820} INFO - Setting next_dagrun for example_skip_dag to 2024-01-07T00:00:00+00:00, run_after=2024-01-08T00:00:00+00:00
[2024-01-08T19:10:51.140+0300] {processor.py:183} INFO - Processing /usr/local/lib/python3.10/dist-packages/airflow/example_dags/example_skip_dag.py took 2.028 seconds
[2024-01-08T19:11:22.588+0300] {processor.py:161} INFO - Started process (PID=33356) to work on /usr/local/lib/python3.10/dist-packages/airflow/example_dags/example_skip_dag.py
[2024-01-08T19:11:22.590+0300] {processor.py:830} INFO - Processing file /usr/local/lib/python3.10/dist-packages/airflow/example_dags/example_skip_dag.py for tasks to queue
[2024-01-08T19:11:22.592+0300] {logging_mixin.py:188} INFO - [2024-01-08T19:11:22.591+0300] {dagbag.py:538} INFO - Filling up the DagBag from /usr/local/lib/python3.10/dist-packages/airflow/example_dags/example_skip_dag.py
[2024-01-08T19:11:22.684+0300] {processor.py:840} INFO - DAG(s) 'example_skip_dag' retrieved from /usr/local/lib/python3.10/dist-packages/airflow/example_dags/example_skip_dag.py
[2024-01-08T19:11:22.933+0300] {logging_mixin.py:188} INFO - [2024-01-08T19:11:22.930+0300] {dag.py:3033} INFO - Sync 1 DAGs
[2024-01-08T19:11:23.255+0300] {logging_mixin.py:188} INFO - [2024-01-08T19:11:23.255+0300] {dag.py:3820} INFO - Setting next_dagrun for example_skip_dag to 2024-01-07T00:00:00+00:00, run_after=2024-01-08T00:00:00+00:00
[2024-01-08T19:11:23.513+0300] {processor.py:183} INFO - Processing /usr/local/lib/python3.10/dist-packages/airflow/example_dags/example_skip_dag.py took 1.016 seconds
[2024-01-08T19:12:07.755+0300] {processor.py:161} INFO - Started process (PID=33810) to work on /usr/local/lib/python3.10/dist-packages/airflow/example_dags/example_skip_dag.py
[2024-01-08T19:12:07.764+0300] {processor.py:830} INFO - Processing file /usr/local/lib/python3.10/dist-packages/airflow/example_dags/example_skip_dag.py for tasks to queue
[2024-01-08T19:12:07.768+0300] {logging_mixin.py:188} INFO - [2024-01-08T19:12:07.767+0300] {dagbag.py:538} INFO - Filling up the DagBag from /usr/local/lib/python3.10/dist-packages/airflow/example_dags/example_skip_dag.py
[2024-01-08T19:12:07.807+0300] {processor.py:840} INFO - DAG(s) 'example_skip_dag' retrieved from /usr/local/lib/python3.10/dist-packages/airflow/example_dags/example_skip_dag.py
[2024-01-08T19:12:07.960+0300] {logging_mixin.py:188} INFO - [2024-01-08T19:12:07.959+0300] {dag.py:3033} INFO - Sync 1 DAGs
[2024-01-08T19:12:08.045+0300] {logging_mixin.py:188} INFO - [2024-01-08T19:12:08.044+0300] {dag.py:3820} INFO - Setting next_dagrun for example_skip_dag to 2024-01-07T00:00:00+00:00, run_after=2024-01-08T00:00:00+00:00
[2024-01-08T19:12:08.106+0300] {processor.py:183} INFO - Processing /usr/local/lib/python3.10/dist-packages/airflow/example_dags/example_skip_dag.py took 0.369 seconds
