[2024-01-08T17:37:19.783+0300] {processor.py:161} INFO - Started process (PID=5573) to work on /usr/local/lib/python3.10/dist-packages/airflow/example_dags/example_python_operator.py
[2024-01-08T17:37:19.786+0300] {processor.py:830} INFO - Processing file /usr/local/lib/python3.10/dist-packages/airflow/example_dags/example_python_operator.py for tasks to queue
[2024-01-08T17:37:19.788+0300] {logging_mixin.py:188} INFO - [2024-01-08T17:37:19.787+0300] {dagbag.py:538} INFO - Filling up the DagBag from /usr/local/lib/python3.10/dist-packages/airflow/example_dags/example_python_operator.py
[2024-01-08T17:37:19.868+0300] {processor.py:840} INFO - DAG(s) 'example_python_operator' retrieved from /usr/local/lib/python3.10/dist-packages/airflow/example_dags/example_python_operator.py
[2024-01-08T17:37:20.470+0300] {logging_mixin.py:188} INFO - [2024-01-08T17:37:20.469+0300] {dag.py:3033} INFO - Sync 1 DAGs
[2024-01-08T17:37:20.519+0300] {logging_mixin.py:188} INFO - [2024-01-08T17:37:20.519+0300] {dag.py:3820} INFO - Setting next_dagrun for example_python_operator to None, run_after=None
[2024-01-08T17:37:20.600+0300] {processor.py:183} INFO - Processing /usr/local/lib/python3.10/dist-packages/airflow/example_dags/example_python_operator.py took 0.834 seconds
[2024-01-08T17:37:50.784+0300] {processor.py:161} INFO - Started process (PID=5924) to work on /usr/local/lib/python3.10/dist-packages/airflow/example_dags/example_python_operator.py
[2024-01-08T17:37:50.787+0300] {processor.py:830} INFO - Processing file /usr/local/lib/python3.10/dist-packages/airflow/example_dags/example_python_operator.py for tasks to queue
[2024-01-08T17:37:50.788+0300] {logging_mixin.py:188} INFO - [2024-01-08T17:37:50.788+0300] {dagbag.py:538} INFO - Filling up the DagBag from /usr/local/lib/python3.10/dist-packages/airflow/example_dags/example_python_operator.py
[2024-01-08T17:37:50.812+0300] {processor.py:840} INFO - DAG(s) 'example_python_operator' retrieved from /usr/local/lib/python3.10/dist-packages/airflow/example_dags/example_python_operator.py
[2024-01-08T17:37:50.906+0300] {logging_mixin.py:188} INFO - [2024-01-08T17:37:50.906+0300] {dag.py:3033} INFO - Sync 1 DAGs
[2024-01-08T17:37:50.940+0300] {logging_mixin.py:188} INFO - [2024-01-08T17:37:50.940+0300] {dag.py:3820} INFO - Setting next_dagrun for example_python_operator to None, run_after=None
[2024-01-08T17:37:51.003+0300] {processor.py:183} INFO - Processing /usr/local/lib/python3.10/dist-packages/airflow/example_dags/example_python_operator.py took 0.228 seconds
[2024-01-08T17:38:21.438+0300] {processor.py:161} INFO - Started process (PID=6238) to work on /usr/local/lib/python3.10/dist-packages/airflow/example_dags/example_python_operator.py
[2024-01-08T17:38:21.442+0300] {processor.py:830} INFO - Processing file /usr/local/lib/python3.10/dist-packages/airflow/example_dags/example_python_operator.py for tasks to queue
[2024-01-08T17:38:21.444+0300] {logging_mixin.py:188} INFO - [2024-01-08T17:38:21.443+0300] {dagbag.py:538} INFO - Filling up the DagBag from /usr/local/lib/python3.10/dist-packages/airflow/example_dags/example_python_operator.py
[2024-01-08T17:38:21.472+0300] {processor.py:840} INFO - DAG(s) 'example_python_operator' retrieved from /usr/local/lib/python3.10/dist-packages/airflow/example_dags/example_python_operator.py
[2024-01-08T17:38:21.574+0300] {logging_mixin.py:188} INFO - [2024-01-08T17:38:21.574+0300] {dag.py:3033} INFO - Sync 1 DAGs
[2024-01-08T17:38:21.609+0300] {logging_mixin.py:188} INFO - [2024-01-08T17:38:21.609+0300] {dag.py:3820} INFO - Setting next_dagrun for example_python_operator to None, run_after=None
[2024-01-08T17:38:21.671+0300] {processor.py:183} INFO - Processing /usr/local/lib/python3.10/dist-packages/airflow/example_dags/example_python_operator.py took 0.244 seconds
[2024-01-08T18:15:21.933+0300] {processor.py:161} INFO - Started process (PID=7511) to work on /usr/local/lib/python3.10/dist-packages/airflow/example_dags/example_python_operator.py
[2024-01-08T18:15:21.935+0300] {processor.py:830} INFO - Processing file /usr/local/lib/python3.10/dist-packages/airflow/example_dags/example_python_operator.py for tasks to queue
[2024-01-08T18:15:21.937+0300] {logging_mixin.py:188} INFO - [2024-01-08T18:15:21.936+0300] {dagbag.py:538} INFO - Filling up the DagBag from /usr/local/lib/python3.10/dist-packages/airflow/example_dags/example_python_operator.py
[2024-01-08T18:15:21.978+0300] {processor.py:840} INFO - DAG(s) 'example_python_operator' retrieved from /usr/local/lib/python3.10/dist-packages/airflow/example_dags/example_python_operator.py
[2024-01-08T18:15:22.357+0300] {logging_mixin.py:188} INFO - [2024-01-08T18:15:22.357+0300] {dag.py:3033} INFO - Sync 1 DAGs
[2024-01-08T18:15:22.380+0300] {logging_mixin.py:188} INFO - [2024-01-08T18:15:22.380+0300] {dag.py:3820} INFO - Setting next_dagrun for example_python_operator to None, run_after=None
[2024-01-08T18:15:22.438+0300] {processor.py:183} INFO - Processing /usr/local/lib/python3.10/dist-packages/airflow/example_dags/example_python_operator.py took 0.516 seconds
[2024-01-08T18:15:54.418+0300] {processor.py:161} INFO - Started process (PID=7855) to work on /usr/local/lib/python3.10/dist-packages/airflow/example_dags/example_python_operator.py
[2024-01-08T18:15:54.421+0300] {processor.py:830} INFO - Processing file /usr/local/lib/python3.10/dist-packages/airflow/example_dags/example_python_operator.py for tasks to queue
[2024-01-08T18:15:54.423+0300] {logging_mixin.py:188} INFO - [2024-01-08T18:15:54.422+0300] {dagbag.py:538} INFO - Filling up the DagBag from /usr/local/lib/python3.10/dist-packages/airflow/example_dags/example_python_operator.py
[2024-01-08T18:15:54.451+0300] {processor.py:840} INFO - DAG(s) 'example_python_operator' retrieved from /usr/local/lib/python3.10/dist-packages/airflow/example_dags/example_python_operator.py
[2024-01-08T18:15:54.543+0300] {logging_mixin.py:188} INFO - [2024-01-08T18:15:54.542+0300] {dag.py:3033} INFO - Sync 1 DAGs
[2024-01-08T18:15:54.574+0300] {logging_mixin.py:188} INFO - [2024-01-08T18:15:54.574+0300] {dag.py:3820} INFO - Setting next_dagrun for example_python_operator to None, run_after=None
[2024-01-08T18:15:54.654+0300] {processor.py:183} INFO - Processing /usr/local/lib/python3.10/dist-packages/airflow/example_dags/example_python_operator.py took 0.247 seconds
[2024-01-08T18:29:52.861+0300] {processor.py:161} INFO - Started process (PID=8827) to work on /usr/local/lib/python3.10/dist-packages/airflow/example_dags/example_python_operator.py
[2024-01-08T18:29:52.912+0300] {processor.py:830} INFO - Processing file /usr/local/lib/python3.10/dist-packages/airflow/example_dags/example_python_operator.py for tasks to queue
[2024-01-08T18:29:52.937+0300] {logging_mixin.py:188} INFO - [2024-01-08T18:29:52.933+0300] {dagbag.py:538} INFO - Filling up the DagBag from /usr/local/lib/python3.10/dist-packages/airflow/example_dags/example_python_operator.py
[2024-01-08T18:29:53.589+0300] {processor.py:840} INFO - DAG(s) 'example_python_operator' retrieved from /usr/local/lib/python3.10/dist-packages/airflow/example_dags/example_python_operator.py
[2024-01-08T18:30:08.835+0300] {logging_mixin.py:188} INFO - [2024-01-08T18:30:08.834+0300] {dag.py:3033} INFO - Sync 1 DAGs
[2024-01-08T18:30:10.133+0300] {logging_mixin.py:188} INFO - [2024-01-08T18:30:10.133+0300] {dag.py:3820} INFO - Setting next_dagrun for example_python_operator to None, run_after=None
[2024-01-08T18:30:12.400+0300] {processor.py:183} INFO - Processing /usr/local/lib/python3.10/dist-packages/airflow/example_dags/example_python_operator.py took 19.705 seconds
[2024-01-08T18:33:18.668+0300] {processor.py:161} INFO - Started process (PID=10127) to work on /usr/local/lib/python3.10/dist-packages/airflow/example_dags/example_python_operator.py
[2024-01-08T18:33:18.771+0300] {processor.py:830} INFO - Processing file /usr/local/lib/python3.10/dist-packages/airflow/example_dags/example_python_operator.py for tasks to queue
[2024-01-08T18:33:18.840+0300] {logging_mixin.py:188} INFO - [2024-01-08T18:33:18.774+0300] {dagbag.py:538} INFO - Filling up the DagBag from /usr/local/lib/python3.10/dist-packages/airflow/example_dags/example_python_operator.py
[2024-01-08T18:33:19.971+0300] {processor.py:840} INFO - DAG(s) 'example_python_operator' retrieved from /usr/local/lib/python3.10/dist-packages/airflow/example_dags/example_python_operator.py
[2024-01-08T18:33:22.353+0300] {logging_mixin.py:188} INFO - [2024-01-08T18:33:22.352+0300] {dag.py:3033} INFO - Sync 1 DAGs
[2024-01-08T18:33:22.787+0300] {logging_mixin.py:188} INFO - [2024-01-08T18:33:22.786+0300] {dag.py:3820} INFO - Setting next_dagrun for example_python_operator to None, run_after=None
[2024-01-08T18:33:24.555+0300] {processor.py:183} INFO - Processing /usr/local/lib/python3.10/dist-packages/airflow/example_dags/example_python_operator.py took 6.333 seconds
[2024-01-08T18:36:05.529+0300] {processor.py:161} INFO - Started process (PID=11162) to work on /usr/local/lib/python3.10/dist-packages/airflow/example_dags/example_python_operator.py
[2024-01-08T18:36:05.542+0300] {processor.py:830} INFO - Processing file /usr/local/lib/python3.10/dist-packages/airflow/example_dags/example_python_operator.py for tasks to queue
[2024-01-08T18:36:05.565+0300] {logging_mixin.py:188} INFO - [2024-01-08T18:36:05.564+0300] {dagbag.py:538} INFO - Filling up the DagBag from /usr/local/lib/python3.10/dist-packages/airflow/example_dags/example_python_operator.py
[2024-01-08T18:36:06.052+0300] {processor.py:840} INFO - DAG(s) 'example_python_operator' retrieved from /usr/local/lib/python3.10/dist-packages/airflow/example_dags/example_python_operator.py
[2024-01-08T18:36:07.049+0300] {logging_mixin.py:188} INFO - [2024-01-08T18:36:07.048+0300] {dag.py:3033} INFO - Sync 1 DAGs
[2024-01-08T18:36:07.980+0300] {logging_mixin.py:188} INFO - [2024-01-08T18:36:07.979+0300] {dag.py:3820} INFO - Setting next_dagrun for example_python_operator to None, run_after=None
[2024-01-08T18:36:08.748+0300] {processor.py:183} INFO - Processing /usr/local/lib/python3.10/dist-packages/airflow/example_dags/example_python_operator.py took 3.360 seconds
[2024-01-08T18:37:58.974+0300] {processor.py:161} INFO - Started process (PID=11961) to work on /usr/local/lib/python3.10/dist-packages/airflow/example_dags/example_python_operator.py
[2024-01-08T18:37:59.047+0300] {processor.py:830} INFO - Processing file /usr/local/lib/python3.10/dist-packages/airflow/example_dags/example_python_operator.py for tasks to queue
[2024-01-08T18:37:59.100+0300] {logging_mixin.py:188} INFO - [2024-01-08T18:37:59.061+0300] {dagbag.py:538} INFO - Filling up the DagBag from /usr/local/lib/python3.10/dist-packages/airflow/example_dags/example_python_operator.py
[2024-01-08T18:37:59.471+0300] {processor.py:840} INFO - DAG(s) 'example_python_operator' retrieved from /usr/local/lib/python3.10/dist-packages/airflow/example_dags/example_python_operator.py
[2024-01-08T18:38:00.699+0300] {logging_mixin.py:188} INFO - [2024-01-08T18:38:00.699+0300] {dag.py:3033} INFO - Sync 1 DAGs
[2024-01-08T18:38:00.966+0300] {logging_mixin.py:188} INFO - [2024-01-08T18:38:00.966+0300] {dag.py:3820} INFO - Setting next_dagrun for example_python_operator to None, run_after=None
[2024-01-08T18:38:01.445+0300] {processor.py:183} INFO - Processing /usr/local/lib/python3.10/dist-packages/airflow/example_dags/example_python_operator.py took 2.695 seconds
[2024-01-08T18:41:01.995+0300] {processor.py:161} INFO - Started process (PID=13195) to work on /usr/local/lib/python3.10/dist-packages/airflow/example_dags/example_python_operator.py
[2024-01-08T18:41:02.010+0300] {processor.py:830} INFO - Processing file /usr/local/lib/python3.10/dist-packages/airflow/example_dags/example_python_operator.py for tasks to queue
[2024-01-08T18:41:02.037+0300] {logging_mixin.py:188} INFO - [2024-01-08T18:41:02.036+0300] {dagbag.py:538} INFO - Filling up the DagBag from /usr/local/lib/python3.10/dist-packages/airflow/example_dags/example_python_operator.py
[2024-01-08T18:41:02.412+0300] {processor.py:840} INFO - DAG(s) 'example_python_operator' retrieved from /usr/local/lib/python3.10/dist-packages/airflow/example_dags/example_python_operator.py
[2024-01-08T18:41:03.319+0300] {logging_mixin.py:188} INFO - [2024-01-08T18:41:03.319+0300] {dag.py:3033} INFO - Sync 1 DAGs
[2024-01-08T18:41:04.119+0300] {logging_mixin.py:188} INFO - [2024-01-08T18:41:04.118+0300] {dag.py:3820} INFO - Setting next_dagrun for example_python_operator to None, run_after=None
[2024-01-08T18:41:05.025+0300] {processor.py:183} INFO - Processing /usr/local/lib/python3.10/dist-packages/airflow/example_dags/example_python_operator.py took 3.106 seconds
[2024-01-08T18:42:01.810+0300] {processor.py:161} INFO - Started process (PID=13808) to work on /usr/local/lib/python3.10/dist-packages/airflow/example_dags/example_python_operator.py
[2024-01-08T18:42:01.817+0300] {processor.py:830} INFO - Processing file /usr/local/lib/python3.10/dist-packages/airflow/example_dags/example_python_operator.py for tasks to queue
[2024-01-08T18:42:01.842+0300] {logging_mixin.py:188} INFO - [2024-01-08T18:42:01.841+0300] {dagbag.py:538} INFO - Filling up the DagBag from /usr/local/lib/python3.10/dist-packages/airflow/example_dags/example_python_operator.py
[2024-01-08T18:42:02.058+0300] {processor.py:840} INFO - DAG(s) 'example_python_operator' retrieved from /usr/local/lib/python3.10/dist-packages/airflow/example_dags/example_python_operator.py
[2024-01-08T18:42:02.583+0300] {logging_mixin.py:188} INFO - [2024-01-08T18:42:02.582+0300] {dag.py:3033} INFO - Sync 1 DAGs
[2024-01-08T18:42:02.755+0300] {logging_mixin.py:188} INFO - [2024-01-08T18:42:02.755+0300] {dag.py:3820} INFO - Setting next_dagrun for example_python_operator to None, run_after=None
[2024-01-08T18:42:03.085+0300] {processor.py:183} INFO - Processing /usr/local/lib/python3.10/dist-packages/airflow/example_dags/example_python_operator.py took 1.407 seconds
[2024-01-08T18:42:33.454+0300] {processor.py:161} INFO - Started process (PID=14203) to work on /usr/local/lib/python3.10/dist-packages/airflow/example_dags/example_python_operator.py
[2024-01-08T18:42:33.459+0300] {processor.py:830} INFO - Processing file /usr/local/lib/python3.10/dist-packages/airflow/example_dags/example_python_operator.py for tasks to queue
[2024-01-08T18:42:33.463+0300] {logging_mixin.py:188} INFO - [2024-01-08T18:42:33.462+0300] {dagbag.py:538} INFO - Filling up the DagBag from /usr/local/lib/python3.10/dist-packages/airflow/example_dags/example_python_operator.py
[2024-01-08T18:42:33.551+0300] {processor.py:840} INFO - DAG(s) 'example_python_operator' retrieved from /usr/local/lib/python3.10/dist-packages/airflow/example_dags/example_python_operator.py
[2024-01-08T18:42:33.689+0300] {logging_mixin.py:188} INFO - [2024-01-08T18:42:33.689+0300] {dag.py:3033} INFO - Sync 1 DAGs
[2024-01-08T18:42:33.745+0300] {logging_mixin.py:188} INFO - [2024-01-08T18:42:33.744+0300] {dag.py:3820} INFO - Setting next_dagrun for example_python_operator to None, run_after=None
[2024-01-08T18:42:33.909+0300] {processor.py:183} INFO - Processing /usr/local/lib/python3.10/dist-packages/airflow/example_dags/example_python_operator.py took 0.471 seconds
[2024-01-08T18:43:09.116+0300] {processor.py:161} INFO - Started process (PID=14639) to work on /usr/local/lib/python3.10/dist-packages/airflow/example_dags/example_python_operator.py
[2024-01-08T18:43:09.120+0300] {processor.py:830} INFO - Processing file /usr/local/lib/python3.10/dist-packages/airflow/example_dags/example_python_operator.py for tasks to queue
[2024-01-08T18:43:09.124+0300] {logging_mixin.py:188} INFO - [2024-01-08T18:43:09.121+0300] {dagbag.py:538} INFO - Filling up the DagBag from /usr/local/lib/python3.10/dist-packages/airflow/example_dags/example_python_operator.py
[2024-01-08T18:43:09.216+0300] {processor.py:840} INFO - DAG(s) 'example_python_operator' retrieved from /usr/local/lib/python3.10/dist-packages/airflow/example_dags/example_python_operator.py
[2024-01-08T18:43:09.427+0300] {logging_mixin.py:188} INFO - [2024-01-08T18:43:09.426+0300] {dag.py:3033} INFO - Sync 1 DAGs
[2024-01-08T18:43:09.497+0300] {logging_mixin.py:188} INFO - [2024-01-08T18:43:09.494+0300] {dag.py:3820} INFO - Setting next_dagrun for example_python_operator to None, run_after=None
[2024-01-08T18:43:09.627+0300] {processor.py:183} INFO - Processing /usr/local/lib/python3.10/dist-packages/airflow/example_dags/example_python_operator.py took 0.528 seconds
[2024-01-08T18:43:40.359+0300] {processor.py:161} INFO - Started process (PID=14953) to work on /usr/local/lib/python3.10/dist-packages/airflow/example_dags/example_python_operator.py
[2024-01-08T18:43:40.368+0300] {processor.py:830} INFO - Processing file /usr/local/lib/python3.10/dist-packages/airflow/example_dags/example_python_operator.py for tasks to queue
[2024-01-08T18:43:40.386+0300] {logging_mixin.py:188} INFO - [2024-01-08T18:43:40.383+0300] {dagbag.py:538} INFO - Filling up the DagBag from /usr/local/lib/python3.10/dist-packages/airflow/example_dags/example_python_operator.py
[2024-01-08T18:43:40.440+0300] {processor.py:840} INFO - DAG(s) 'example_python_operator' retrieved from /usr/local/lib/python3.10/dist-packages/airflow/example_dags/example_python_operator.py
[2024-01-08T18:43:40.581+0300] {logging_mixin.py:188} INFO - [2024-01-08T18:43:40.580+0300] {dag.py:3033} INFO - Sync 1 DAGs
[2024-01-08T18:43:40.641+0300] {logging_mixin.py:188} INFO - [2024-01-08T18:43:40.641+0300] {dag.py:3820} INFO - Setting next_dagrun for example_python_operator to None, run_after=None
[2024-01-08T18:43:40.710+0300] {processor.py:183} INFO - Processing /usr/local/lib/python3.10/dist-packages/airflow/example_dags/example_python_operator.py took 0.380 seconds
[2024-01-08T18:44:11.116+0300] {processor.py:161} INFO - Started process (PID=15270) to work on /usr/local/lib/python3.10/dist-packages/airflow/example_dags/example_python_operator.py
[2024-01-08T18:44:11.129+0300] {processor.py:830} INFO - Processing file /usr/local/lib/python3.10/dist-packages/airflow/example_dags/example_python_operator.py for tasks to queue
[2024-01-08T18:44:11.132+0300] {logging_mixin.py:188} INFO - [2024-01-08T18:44:11.131+0300] {dagbag.py:538} INFO - Filling up the DagBag from /usr/local/lib/python3.10/dist-packages/airflow/example_dags/example_python_operator.py
[2024-01-08T18:44:11.216+0300] {processor.py:840} INFO - DAG(s) 'example_python_operator' retrieved from /usr/local/lib/python3.10/dist-packages/airflow/example_dags/example_python_operator.py
[2024-01-08T18:44:11.427+0300] {logging_mixin.py:188} INFO - [2024-01-08T18:44:11.427+0300] {dag.py:3033} INFO - Sync 1 DAGs
[2024-01-08T18:44:11.471+0300] {logging_mixin.py:188} INFO - [2024-01-08T18:44:11.470+0300] {dag.py:3820} INFO - Setting next_dagrun for example_python_operator to None, run_after=None
[2024-01-08T18:44:11.536+0300] {processor.py:183} INFO - Processing /usr/local/lib/python3.10/dist-packages/airflow/example_dags/example_python_operator.py took 0.440 seconds
[2024-01-08T18:44:43.690+0300] {processor.py:161} INFO - Started process (PID=15597) to work on /usr/local/lib/python3.10/dist-packages/airflow/example_dags/example_python_operator.py
[2024-01-08T18:44:43.693+0300] {processor.py:830} INFO - Processing file /usr/local/lib/python3.10/dist-packages/airflow/example_dags/example_python_operator.py for tasks to queue
[2024-01-08T18:44:43.695+0300] {logging_mixin.py:188} INFO - [2024-01-08T18:44:43.694+0300] {dagbag.py:538} INFO - Filling up the DagBag from /usr/local/lib/python3.10/dist-packages/airflow/example_dags/example_python_operator.py
[2024-01-08T18:44:43.776+0300] {processor.py:840} INFO - DAG(s) 'example_python_operator' retrieved from /usr/local/lib/python3.10/dist-packages/airflow/example_dags/example_python_operator.py
[2024-01-08T18:44:44.218+0300] {logging_mixin.py:188} INFO - [2024-01-08T18:44:44.218+0300] {dag.py:3033} INFO - Sync 1 DAGs
[2024-01-08T18:44:44.264+0300] {logging_mixin.py:188} INFO - [2024-01-08T18:44:44.263+0300] {dag.py:3820} INFO - Setting next_dagrun for example_python_operator to None, run_after=None
[2024-01-08T18:44:44.379+0300] {processor.py:183} INFO - Processing /usr/local/lib/python3.10/dist-packages/airflow/example_dags/example_python_operator.py took 0.703 seconds
[2024-01-08T18:45:17.527+0300] {processor.py:161} INFO - Started process (PID=15984) to work on /usr/local/lib/python3.10/dist-packages/airflow/example_dags/example_python_operator.py
[2024-01-08T18:45:17.559+0300] {processor.py:830} INFO - Processing file /usr/local/lib/python3.10/dist-packages/airflow/example_dags/example_python_operator.py for tasks to queue
[2024-01-08T18:45:17.574+0300] {logging_mixin.py:188} INFO - [2024-01-08T18:45:17.573+0300] {dagbag.py:538} INFO - Filling up the DagBag from /usr/local/lib/python3.10/dist-packages/airflow/example_dags/example_python_operator.py
[2024-01-08T18:45:17.644+0300] {processor.py:840} INFO - DAG(s) 'example_python_operator' retrieved from /usr/local/lib/python3.10/dist-packages/airflow/example_dags/example_python_operator.py
[2024-01-08T18:45:17.841+0300] {logging_mixin.py:188} INFO - [2024-01-08T18:45:17.841+0300] {dag.py:3033} INFO - Sync 1 DAGs
[2024-01-08T18:45:17.935+0300] {logging_mixin.py:188} INFO - [2024-01-08T18:45:17.934+0300] {dag.py:3820} INFO - Setting next_dagrun for example_python_operator to None, run_after=None
[2024-01-08T18:45:18.030+0300] {processor.py:183} INFO - Processing /usr/local/lib/python3.10/dist-packages/airflow/example_dags/example_python_operator.py took 0.544 seconds
[2024-01-08T18:46:07.839+0300] {processor.py:161} INFO - Started process (PID=16529) to work on /usr/local/lib/python3.10/dist-packages/airflow/example_dags/example_python_operator.py
[2024-01-08T18:46:07.858+0300] {processor.py:830} INFO - Processing file /usr/local/lib/python3.10/dist-packages/airflow/example_dags/example_python_operator.py for tasks to queue
[2024-01-08T18:46:07.863+0300] {logging_mixin.py:188} INFO - [2024-01-08T18:46:07.860+0300] {dagbag.py:538} INFO - Filling up the DagBag from /usr/local/lib/python3.10/dist-packages/airflow/example_dags/example_python_operator.py
[2024-01-08T18:46:08.020+0300] {processor.py:840} INFO - DAG(s) 'example_python_operator' retrieved from /usr/local/lib/python3.10/dist-packages/airflow/example_dags/example_python_operator.py
[2024-01-08T18:46:08.604+0300] {logging_mixin.py:188} INFO - [2024-01-08T18:46:08.604+0300] {dag.py:3033} INFO - Sync 1 DAGs
[2024-01-08T18:46:08.796+0300] {logging_mixin.py:188} INFO - [2024-01-08T18:46:08.796+0300] {dag.py:3820} INFO - Setting next_dagrun for example_python_operator to None, run_after=None
[2024-01-08T18:46:09.204+0300] {processor.py:183} INFO - Processing /usr/local/lib/python3.10/dist-packages/airflow/example_dags/example_python_operator.py took 1.409 seconds
[2024-01-08T18:46:45.715+0300] {processor.py:161} INFO - Started process (PID=16954) to work on /usr/local/lib/python3.10/dist-packages/airflow/example_dags/example_python_operator.py
[2024-01-08T18:46:45.765+0300] {processor.py:830} INFO - Processing file /usr/local/lib/python3.10/dist-packages/airflow/example_dags/example_python_operator.py for tasks to queue
[2024-01-08T18:46:45.768+0300] {logging_mixin.py:188} INFO - [2024-01-08T18:46:45.767+0300] {dagbag.py:538} INFO - Filling up the DagBag from /usr/local/lib/python3.10/dist-packages/airflow/example_dags/example_python_operator.py
[2024-01-08T18:46:45.984+0300] {processor.py:840} INFO - DAG(s) 'example_python_operator' retrieved from /usr/local/lib/python3.10/dist-packages/airflow/example_dags/example_python_operator.py
[2024-01-08T18:46:46.477+0300] {logging_mixin.py:188} INFO - [2024-01-08T18:46:46.476+0300] {dag.py:3033} INFO - Sync 1 DAGs
[2024-01-08T18:46:46.718+0300] {logging_mixin.py:188} INFO - [2024-01-08T18:46:46.718+0300] {dag.py:3820} INFO - Setting next_dagrun for example_python_operator to None, run_after=None
[2024-01-08T18:46:46.977+0300] {processor.py:183} INFO - Processing /usr/local/lib/python3.10/dist-packages/airflow/example_dags/example_python_operator.py took 1.302 seconds
[2024-01-08T18:47:17.453+0300] {processor.py:161} INFO - Started process (PID=17335) to work on /usr/local/lib/python3.10/dist-packages/airflow/example_dags/example_python_operator.py
[2024-01-08T18:47:17.458+0300] {processor.py:830} INFO - Processing file /usr/local/lib/python3.10/dist-packages/airflow/example_dags/example_python_operator.py for tasks to queue
[2024-01-08T18:47:17.460+0300] {logging_mixin.py:188} INFO - [2024-01-08T18:47:17.460+0300] {dagbag.py:538} INFO - Filling up the DagBag from /usr/local/lib/python3.10/dist-packages/airflow/example_dags/example_python_operator.py
[2024-01-08T18:47:17.513+0300] {processor.py:840} INFO - DAG(s) 'example_python_operator' retrieved from /usr/local/lib/python3.10/dist-packages/airflow/example_dags/example_python_operator.py
[2024-01-08T18:47:17.634+0300] {logging_mixin.py:188} INFO - [2024-01-08T18:47:17.634+0300] {dag.py:3033} INFO - Sync 1 DAGs
[2024-01-08T18:47:17.678+0300] {logging_mixin.py:188} INFO - [2024-01-08T18:47:17.678+0300] {dag.py:3820} INFO - Setting next_dagrun for example_python_operator to None, run_after=None
[2024-01-08T18:47:17.729+0300] {processor.py:183} INFO - Processing /usr/local/lib/python3.10/dist-packages/airflow/example_dags/example_python_operator.py took 0.302 seconds
[2024-01-08T18:47:48.118+0300] {processor.py:161} INFO - Started process (PID=17674) to work on /usr/local/lib/python3.10/dist-packages/airflow/example_dags/example_python_operator.py
[2024-01-08T18:47:48.121+0300] {processor.py:830} INFO - Processing file /usr/local/lib/python3.10/dist-packages/airflow/example_dags/example_python_operator.py for tasks to queue
[2024-01-08T18:47:48.123+0300] {logging_mixin.py:188} INFO - [2024-01-08T18:47:48.123+0300] {dagbag.py:538} INFO - Filling up the DagBag from /usr/local/lib/python3.10/dist-packages/airflow/example_dags/example_python_operator.py
[2024-01-08T18:47:48.151+0300] {processor.py:840} INFO - DAG(s) 'example_python_operator' retrieved from /usr/local/lib/python3.10/dist-packages/airflow/example_dags/example_python_operator.py
[2024-01-08T18:47:48.295+0300] {logging_mixin.py:188} INFO - [2024-01-08T18:47:48.293+0300] {dag.py:3033} INFO - Sync 1 DAGs
[2024-01-08T18:47:48.338+0300] {logging_mixin.py:188} INFO - [2024-01-08T18:47:48.338+0300] {dag.py:3820} INFO - Setting next_dagrun for example_python_operator to None, run_after=None
[2024-01-08T18:47:48.395+0300] {processor.py:183} INFO - Processing /usr/local/lib/python3.10/dist-packages/airflow/example_dags/example_python_operator.py took 0.288 seconds
[2024-01-08T18:48:28.976+0300] {processor.py:161} INFO - Started process (PID=18112) to work on /usr/local/lib/python3.10/dist-packages/airflow/example_dags/example_python_operator.py
[2024-01-08T18:48:29.014+0300] {processor.py:830} INFO - Processing file /usr/local/lib/python3.10/dist-packages/airflow/example_dags/example_python_operator.py for tasks to queue
[2024-01-08T18:48:29.028+0300] {logging_mixin.py:188} INFO - [2024-01-08T18:48:29.027+0300] {dagbag.py:538} INFO - Filling up the DagBag from /usr/local/lib/python3.10/dist-packages/airflow/example_dags/example_python_operator.py
[2024-01-08T18:48:29.150+0300] {processor.py:840} INFO - DAG(s) 'example_python_operator' retrieved from /usr/local/lib/python3.10/dist-packages/airflow/example_dags/example_python_operator.py
[2024-01-08T18:48:29.560+0300] {logging_mixin.py:188} INFO - [2024-01-08T18:48:29.559+0300] {dag.py:3033} INFO - Sync 1 DAGs
[2024-01-08T18:48:29.677+0300] {logging_mixin.py:188} INFO - [2024-01-08T18:48:29.676+0300] {dag.py:3820} INFO - Setting next_dagrun for example_python_operator to None, run_after=None
[2024-01-08T18:48:29.825+0300] {processor.py:183} INFO - Processing /usr/local/lib/python3.10/dist-packages/airflow/example_dags/example_python_operator.py took 0.871 seconds
[2024-01-08T18:49:00.406+0300] {processor.py:161} INFO - Started process (PID=18474) to work on /usr/local/lib/python3.10/dist-packages/airflow/example_dags/example_python_operator.py
[2024-01-08T18:49:00.413+0300] {processor.py:830} INFO - Processing file /usr/local/lib/python3.10/dist-packages/airflow/example_dags/example_python_operator.py for tasks to queue
[2024-01-08T18:49:00.416+0300] {logging_mixin.py:188} INFO - [2024-01-08T18:49:00.415+0300] {dagbag.py:538} INFO - Filling up the DagBag from /usr/local/lib/python3.10/dist-packages/airflow/example_dags/example_python_operator.py
[2024-01-08T18:49:00.537+0300] {processor.py:840} INFO - DAG(s) 'example_python_operator' retrieved from /usr/local/lib/python3.10/dist-packages/airflow/example_dags/example_python_operator.py
[2024-01-08T18:49:00.952+0300] {logging_mixin.py:188} INFO - [2024-01-08T18:49:00.951+0300] {dag.py:3033} INFO - Sync 1 DAGs
[2024-01-08T18:49:01.087+0300] {logging_mixin.py:188} INFO - [2024-01-08T18:49:01.087+0300] {dag.py:3820} INFO - Setting next_dagrun for example_python_operator to None, run_after=None
[2024-01-08T18:49:01.328+0300] {processor.py:183} INFO - Processing /usr/local/lib/python3.10/dist-packages/airflow/example_dags/example_python_operator.py took 1.000 seconds
[2024-01-08T18:49:31.599+0300] {processor.py:161} INFO - Started process (PID=18897) to work on /usr/local/lib/python3.10/dist-packages/airflow/example_dags/example_python_operator.py
[2024-01-08T18:49:31.602+0300] {processor.py:830} INFO - Processing file /usr/local/lib/python3.10/dist-packages/airflow/example_dags/example_python_operator.py for tasks to queue
[2024-01-08T18:49:31.604+0300] {logging_mixin.py:188} INFO - [2024-01-08T18:49:31.603+0300] {dagbag.py:538} INFO - Filling up the DagBag from /usr/local/lib/python3.10/dist-packages/airflow/example_dags/example_python_operator.py
[2024-01-08T18:49:31.638+0300] {processor.py:840} INFO - DAG(s) 'example_python_operator' retrieved from /usr/local/lib/python3.10/dist-packages/airflow/example_dags/example_python_operator.py
[2024-01-08T18:49:31.804+0300] {logging_mixin.py:188} INFO - [2024-01-08T18:49:31.804+0300] {dag.py:3033} INFO - Sync 1 DAGs
[2024-01-08T18:49:31.851+0300] {logging_mixin.py:188} INFO - [2024-01-08T18:49:31.849+0300] {dag.py:3820} INFO - Setting next_dagrun for example_python_operator to None, run_after=None
[2024-01-08T18:49:31.931+0300] {processor.py:183} INFO - Processing /usr/local/lib/python3.10/dist-packages/airflow/example_dags/example_python_operator.py took 0.343 seconds
[2024-01-08T18:50:02.332+0300] {processor.py:161} INFO - Started process (PID=19211) to work on /usr/local/lib/python3.10/dist-packages/airflow/example_dags/example_python_operator.py
[2024-01-08T18:50:02.334+0300] {processor.py:830} INFO - Processing file /usr/local/lib/python3.10/dist-packages/airflow/example_dags/example_python_operator.py for tasks to queue
[2024-01-08T18:50:02.337+0300] {logging_mixin.py:188} INFO - [2024-01-08T18:50:02.336+0300] {dagbag.py:538} INFO - Filling up the DagBag from /usr/local/lib/python3.10/dist-packages/airflow/example_dags/example_python_operator.py
[2024-01-08T18:50:02.380+0300] {processor.py:840} INFO - DAG(s) 'example_python_operator' retrieved from /usr/local/lib/python3.10/dist-packages/airflow/example_dags/example_python_operator.py
[2024-01-08T18:50:02.508+0300] {logging_mixin.py:188} INFO - [2024-01-08T18:50:02.508+0300] {dag.py:3033} INFO - Sync 1 DAGs
[2024-01-08T18:50:02.534+0300] {logging_mixin.py:188} INFO - [2024-01-08T18:50:02.534+0300] {dag.py:3820} INFO - Setting next_dagrun for example_python_operator to None, run_after=None
[2024-01-08T18:50:02.577+0300] {processor.py:183} INFO - Processing /usr/local/lib/python3.10/dist-packages/airflow/example_dags/example_python_operator.py took 0.268 seconds
[2024-01-08T18:50:33.006+0300] {processor.py:161} INFO - Started process (PID=19526) to work on /usr/local/lib/python3.10/dist-packages/airflow/example_dags/example_python_operator.py
[2024-01-08T18:50:33.011+0300] {processor.py:830} INFO - Processing file /usr/local/lib/python3.10/dist-packages/airflow/example_dags/example_python_operator.py for tasks to queue
[2024-01-08T18:50:33.013+0300] {logging_mixin.py:188} INFO - [2024-01-08T18:50:33.012+0300] {dagbag.py:538} INFO - Filling up the DagBag from /usr/local/lib/python3.10/dist-packages/airflow/example_dags/example_python_operator.py
[2024-01-08T18:50:33.088+0300] {processor.py:840} INFO - DAG(s) 'example_python_operator' retrieved from /usr/local/lib/python3.10/dist-packages/airflow/example_dags/example_python_operator.py
[2024-01-08T18:50:33.269+0300] {logging_mixin.py:188} INFO - [2024-01-08T18:50:33.269+0300] {dag.py:3033} INFO - Sync 1 DAGs
[2024-01-08T18:50:33.303+0300] {logging_mixin.py:188} INFO - [2024-01-08T18:50:33.302+0300] {dag.py:3820} INFO - Setting next_dagrun for example_python_operator to None, run_after=None
[2024-01-08T18:50:33.357+0300] {processor.py:183} INFO - Processing /usr/local/lib/python3.10/dist-packages/airflow/example_dags/example_python_operator.py took 0.376 seconds
[2024-01-08T18:51:09.275+0300] {processor.py:161} INFO - Started process (PID=19874) to work on /usr/local/lib/python3.10/dist-packages/airflow/example_dags/example_python_operator.py
[2024-01-08T18:51:09.286+0300] {processor.py:830} INFO - Processing file /usr/local/lib/python3.10/dist-packages/airflow/example_dags/example_python_operator.py for tasks to queue
[2024-01-08T18:51:09.288+0300] {logging_mixin.py:188} INFO - [2024-01-08T18:51:09.287+0300] {dagbag.py:538} INFO - Filling up the DagBag from /usr/local/lib/python3.10/dist-packages/airflow/example_dags/example_python_operator.py
[2024-01-08T18:51:09.495+0300] {processor.py:840} INFO - DAG(s) 'example_python_operator' retrieved from /usr/local/lib/python3.10/dist-packages/airflow/example_dags/example_python_operator.py
[2024-01-08T18:51:09.780+0300] {logging_mixin.py:188} INFO - [2024-01-08T18:51:09.770+0300] {dag.py:3033} INFO - Sync 1 DAGs
[2024-01-08T18:51:09.822+0300] {logging_mixin.py:188} INFO - [2024-01-08T18:51:09.819+0300] {dag.py:3820} INFO - Setting next_dagrun for example_python_operator to None, run_after=None
[2024-01-08T18:51:10.043+0300] {processor.py:183} INFO - Processing /usr/local/lib/python3.10/dist-packages/airflow/example_dags/example_python_operator.py took 0.796 seconds
[2024-01-08T18:51:42.281+0300] {processor.py:161} INFO - Started process (PID=20252) to work on /usr/local/lib/python3.10/dist-packages/airflow/example_dags/example_python_operator.py
[2024-01-08T18:51:42.302+0300] {processor.py:830} INFO - Processing file /usr/local/lib/python3.10/dist-packages/airflow/example_dags/example_python_operator.py for tasks to queue
[2024-01-08T18:51:42.305+0300] {logging_mixin.py:188} INFO - [2024-01-08T18:51:42.304+0300] {dagbag.py:538} INFO - Filling up the DagBag from /usr/local/lib/python3.10/dist-packages/airflow/example_dags/example_python_operator.py
[2024-01-08T18:51:42.380+0300] {processor.py:840} INFO - DAG(s) 'example_python_operator' retrieved from /usr/local/lib/python3.10/dist-packages/airflow/example_dags/example_python_operator.py
[2024-01-08T18:51:42.619+0300] {logging_mixin.py:188} INFO - [2024-01-08T18:51:42.619+0300] {dag.py:3033} INFO - Sync 1 DAGs
[2024-01-08T18:51:42.898+0300] {logging_mixin.py:188} INFO - [2024-01-08T18:51:42.876+0300] {dag.py:3820} INFO - Setting next_dagrun for example_python_operator to None, run_after=None
[2024-01-08T18:51:43.233+0300] {processor.py:183} INFO - Processing /usr/local/lib/python3.10/dist-packages/airflow/example_dags/example_python_operator.py took 0.979 seconds
[2024-01-08T18:52:32.950+0300] {processor.py:161} INFO - Started process (PID=20797) to work on /usr/local/lib/python3.10/dist-packages/airflow/example_dags/example_python_operator.py
[2024-01-08T18:52:32.954+0300] {processor.py:830} INFO - Processing file /usr/local/lib/python3.10/dist-packages/airflow/example_dags/example_python_operator.py for tasks to queue
[2024-01-08T18:52:32.956+0300] {logging_mixin.py:188} INFO - [2024-01-08T18:52:32.955+0300] {dagbag.py:538} INFO - Filling up the DagBag from /usr/local/lib/python3.10/dist-packages/airflow/example_dags/example_python_operator.py
[2024-01-08T18:52:33.051+0300] {processor.py:840} INFO - DAG(s) 'example_python_operator' retrieved from /usr/local/lib/python3.10/dist-packages/airflow/example_dags/example_python_operator.py
[2024-01-08T18:52:33.204+0300] {logging_mixin.py:188} INFO - [2024-01-08T18:52:33.203+0300] {dag.py:3033} INFO - Sync 1 DAGs
[2024-01-08T18:52:33.284+0300] {logging_mixin.py:188} INFO - [2024-01-08T18:52:33.284+0300] {dag.py:3820} INFO - Setting next_dagrun for example_python_operator to None, run_after=None
[2024-01-08T18:52:33.426+0300] {processor.py:183} INFO - Processing /usr/local/lib/python3.10/dist-packages/airflow/example_dags/example_python_operator.py took 0.491 seconds
[2024-01-08T18:53:36.787+0300] {processor.py:161} INFO - Started process (PID=21370) to work on /usr/local/lib/python3.10/dist-packages/airflow/example_dags/example_python_operator.py
[2024-01-08T18:53:36.794+0300] {processor.py:830} INFO - Processing file /usr/local/lib/python3.10/dist-packages/airflow/example_dags/example_python_operator.py for tasks to queue
[2024-01-08T18:53:36.797+0300] {logging_mixin.py:188} INFO - [2024-01-08T18:53:36.795+0300] {dagbag.py:538} INFO - Filling up the DagBag from /usr/local/lib/python3.10/dist-packages/airflow/example_dags/example_python_operator.py
[2024-01-08T18:53:37.046+0300] {processor.py:840} INFO - DAG(s) 'example_python_operator' retrieved from /usr/local/lib/python3.10/dist-packages/airflow/example_dags/example_python_operator.py
[2024-01-08T18:53:38.292+0300] {logging_mixin.py:188} INFO - [2024-01-08T18:53:38.292+0300] {dag.py:3033} INFO - Sync 1 DAGs
[2024-01-08T18:53:38.640+0300] {logging_mixin.py:188} INFO - [2024-01-08T18:53:38.640+0300] {dag.py:3820} INFO - Setting next_dagrun for example_python_operator to None, run_after=None
[2024-01-08T18:53:39.266+0300] {processor.py:183} INFO - Processing /usr/local/lib/python3.10/dist-packages/airflow/example_dags/example_python_operator.py took 2.610 seconds
[2024-01-08T18:54:20.367+0300] {processor.py:161} INFO - Started process (PID=21787) to work on /usr/local/lib/python3.10/dist-packages/airflow/example_dags/example_python_operator.py
[2024-01-08T18:54:20.370+0300] {processor.py:830} INFO - Processing file /usr/local/lib/python3.10/dist-packages/airflow/example_dags/example_python_operator.py for tasks to queue
[2024-01-08T18:54:20.372+0300] {logging_mixin.py:188} INFO - [2024-01-08T18:54:20.371+0300] {dagbag.py:538} INFO - Filling up the DagBag from /usr/local/lib/python3.10/dist-packages/airflow/example_dags/example_python_operator.py
[2024-01-08T18:54:20.439+0300] {processor.py:840} INFO - DAG(s) 'example_python_operator' retrieved from /usr/local/lib/python3.10/dist-packages/airflow/example_dags/example_python_operator.py
[2024-01-08T18:54:20.616+0300] {logging_mixin.py:188} INFO - [2024-01-08T18:54:20.616+0300] {dag.py:3033} INFO - Sync 1 DAGs
[2024-01-08T18:54:20.681+0300] {logging_mixin.py:188} INFO - [2024-01-08T18:54:20.681+0300] {dag.py:3820} INFO - Setting next_dagrun for example_python_operator to None, run_after=None
[2024-01-08T18:54:20.778+0300] {processor.py:183} INFO - Processing /usr/local/lib/python3.10/dist-packages/airflow/example_dags/example_python_operator.py took 0.448 seconds
[2024-01-08T18:54:56.650+0300] {processor.py:161} INFO - Started process (PID=22254) to work on /usr/local/lib/python3.10/dist-packages/airflow/example_dags/example_python_operator.py
[2024-01-08T18:54:56.652+0300] {processor.py:830} INFO - Processing file /usr/local/lib/python3.10/dist-packages/airflow/example_dags/example_python_operator.py for tasks to queue
[2024-01-08T18:54:56.654+0300] {logging_mixin.py:188} INFO - [2024-01-08T18:54:56.653+0300] {dagbag.py:538} INFO - Filling up the DagBag from /usr/local/lib/python3.10/dist-packages/airflow/example_dags/example_python_operator.py
[2024-01-08T18:54:56.684+0300] {processor.py:840} INFO - DAG(s) 'example_python_operator' retrieved from /usr/local/lib/python3.10/dist-packages/airflow/example_dags/example_python_operator.py
[2024-01-08T18:54:56.781+0300] {logging_mixin.py:188} INFO - [2024-01-08T18:54:56.781+0300] {dag.py:3033} INFO - Sync 1 DAGs
[2024-01-08T18:54:56.829+0300] {logging_mixin.py:188} INFO - [2024-01-08T18:54:56.828+0300] {dag.py:3820} INFO - Setting next_dagrun for example_python_operator to None, run_after=None
[2024-01-08T18:54:56.897+0300] {processor.py:183} INFO - Processing /usr/local/lib/python3.10/dist-packages/airflow/example_dags/example_python_operator.py took 0.259 seconds
[2024-01-08T18:55:34.910+0300] {processor.py:161} INFO - Started process (PID=22689) to work on /usr/local/lib/python3.10/dist-packages/airflow/example_dags/example_python_operator.py
[2024-01-08T18:55:34.919+0300] {processor.py:830} INFO - Processing file /usr/local/lib/python3.10/dist-packages/airflow/example_dags/example_python_operator.py for tasks to queue
[2024-01-08T18:55:34.921+0300] {logging_mixin.py:188} INFO - [2024-01-08T18:55:34.920+0300] {dagbag.py:538} INFO - Filling up the DagBag from /usr/local/lib/python3.10/dist-packages/airflow/example_dags/example_python_operator.py
[2024-01-08T18:55:35.146+0300] {processor.py:840} INFO - DAG(s) 'example_python_operator' retrieved from /usr/local/lib/python3.10/dist-packages/airflow/example_dags/example_python_operator.py
[2024-01-08T18:55:35.430+0300] {logging_mixin.py:188} INFO - [2024-01-08T18:55:35.429+0300] {dag.py:3033} INFO - Sync 1 DAGs
[2024-01-08T18:55:35.536+0300] {logging_mixin.py:188} INFO - [2024-01-08T18:55:35.535+0300] {dag.py:3820} INFO - Setting next_dagrun for example_python_operator to None, run_after=None
[2024-01-08T18:55:35.753+0300] {processor.py:183} INFO - Processing /usr/local/lib/python3.10/dist-packages/airflow/example_dags/example_python_operator.py took 0.915 seconds
[2024-01-08T18:56:06.737+0300] {processor.py:161} INFO - Started process (PID=23019) to work on /usr/local/lib/python3.10/dist-packages/airflow/example_dags/example_python_operator.py
[2024-01-08T18:56:06.740+0300] {processor.py:830} INFO - Processing file /usr/local/lib/python3.10/dist-packages/airflow/example_dags/example_python_operator.py for tasks to queue
[2024-01-08T18:56:06.747+0300] {logging_mixin.py:188} INFO - [2024-01-08T18:56:06.746+0300] {dagbag.py:538} INFO - Filling up the DagBag from /usr/local/lib/python3.10/dist-packages/airflow/example_dags/example_python_operator.py
[2024-01-08T18:56:06.785+0300] {processor.py:840} INFO - DAG(s) 'example_python_operator' retrieved from /usr/local/lib/python3.10/dist-packages/airflow/example_dags/example_python_operator.py
[2024-01-08T18:56:06.997+0300] {logging_mixin.py:188} INFO - [2024-01-08T18:56:06.996+0300] {dag.py:3033} INFO - Sync 1 DAGs
[2024-01-08T18:56:07.052+0300] {logging_mixin.py:188} INFO - [2024-01-08T18:56:07.051+0300] {dag.py:3820} INFO - Setting next_dagrun for example_python_operator to None, run_after=None
[2024-01-08T18:56:07.148+0300] {processor.py:183} INFO - Processing /usr/local/lib/python3.10/dist-packages/airflow/example_dags/example_python_operator.py took 0.425 seconds
[2024-01-08T18:56:37.546+0300] {processor.py:161} INFO - Started process (PID=23335) to work on /usr/local/lib/python3.10/dist-packages/airflow/example_dags/example_python_operator.py
[2024-01-08T18:56:37.549+0300] {processor.py:830} INFO - Processing file /usr/local/lib/python3.10/dist-packages/airflow/example_dags/example_python_operator.py for tasks to queue
[2024-01-08T18:56:37.552+0300] {logging_mixin.py:188} INFO - [2024-01-08T18:56:37.551+0300] {dagbag.py:538} INFO - Filling up the DagBag from /usr/local/lib/python3.10/dist-packages/airflow/example_dags/example_python_operator.py
[2024-01-08T18:56:37.598+0300] {processor.py:840} INFO - DAG(s) 'example_python_operator' retrieved from /usr/local/lib/python3.10/dist-packages/airflow/example_dags/example_python_operator.py
[2024-01-08T18:56:37.746+0300] {logging_mixin.py:188} INFO - [2024-01-08T18:56:37.745+0300] {dag.py:3033} INFO - Sync 1 DAGs
[2024-01-08T18:56:37.796+0300] {logging_mixin.py:188} INFO - [2024-01-08T18:56:37.795+0300] {dag.py:3820} INFO - Setting next_dagrun for example_python_operator to None, run_after=None
[2024-01-08T18:56:37.842+0300] {processor.py:183} INFO - Processing /usr/local/lib/python3.10/dist-packages/airflow/example_dags/example_python_operator.py took 0.307 seconds
[2024-01-08T18:57:09.867+0300] {processor.py:161} INFO - Started process (PID=23695) to work on /usr/local/lib/python3.10/dist-packages/airflow/example_dags/example_python_operator.py
[2024-01-08T18:57:09.871+0300] {processor.py:830} INFO - Processing file /usr/local/lib/python3.10/dist-packages/airflow/example_dags/example_python_operator.py for tasks to queue
[2024-01-08T18:57:09.878+0300] {logging_mixin.py:188} INFO - [2024-01-08T18:57:09.873+0300] {dagbag.py:538} INFO - Filling up the DagBag from /usr/local/lib/python3.10/dist-packages/airflow/example_dags/example_python_operator.py
[2024-01-08T18:57:09.928+0300] {processor.py:840} INFO - DAG(s) 'example_python_operator' retrieved from /usr/local/lib/python3.10/dist-packages/airflow/example_dags/example_python_operator.py
[2024-01-08T18:57:10.096+0300] {logging_mixin.py:188} INFO - [2024-01-08T18:57:10.096+0300] {dag.py:3033} INFO - Sync 1 DAGs
[2024-01-08T18:57:10.168+0300] {logging_mixin.py:188} INFO - [2024-01-08T18:57:10.167+0300] {dag.py:3820} INFO - Setting next_dagrun for example_python_operator to None, run_after=None
[2024-01-08T18:57:10.218+0300] {processor.py:183} INFO - Processing /usr/local/lib/python3.10/dist-packages/airflow/example_dags/example_python_operator.py took 0.390 seconds
[2024-01-08T18:57:43.344+0300] {processor.py:161} INFO - Started process (PID=24046) to work on /usr/local/lib/python3.10/dist-packages/airflow/example_dags/example_python_operator.py
[2024-01-08T18:57:43.354+0300] {processor.py:830} INFO - Processing file /usr/local/lib/python3.10/dist-packages/airflow/example_dags/example_python_operator.py for tasks to queue
[2024-01-08T18:57:43.356+0300] {logging_mixin.py:188} INFO - [2024-01-08T18:57:43.355+0300] {dagbag.py:538} INFO - Filling up the DagBag from /usr/local/lib/python3.10/dist-packages/airflow/example_dags/example_python_operator.py
[2024-01-08T18:57:43.445+0300] {processor.py:840} INFO - DAG(s) 'example_python_operator' retrieved from /usr/local/lib/python3.10/dist-packages/airflow/example_dags/example_python_operator.py
[2024-01-08T18:57:43.777+0300] {logging_mixin.py:188} INFO - [2024-01-08T18:57:43.777+0300] {dag.py:3033} INFO - Sync 1 DAGs
[2024-01-08T18:57:43.831+0300] {logging_mixin.py:188} INFO - [2024-01-08T18:57:43.831+0300] {dag.py:3820} INFO - Setting next_dagrun for example_python_operator to None, run_after=None
[2024-01-08T18:57:43.973+0300] {processor.py:183} INFO - Processing /usr/local/lib/python3.10/dist-packages/airflow/example_dags/example_python_operator.py took 0.658 seconds
[2024-01-08T18:58:14.499+0300] {processor.py:161} INFO - Started process (PID=24422) to work on /usr/local/lib/python3.10/dist-packages/airflow/example_dags/example_python_operator.py
[2024-01-08T18:58:14.502+0300] {processor.py:830} INFO - Processing file /usr/local/lib/python3.10/dist-packages/airflow/example_dags/example_python_operator.py for tasks to queue
[2024-01-08T18:58:14.507+0300] {logging_mixin.py:188} INFO - [2024-01-08T18:58:14.504+0300] {dagbag.py:538} INFO - Filling up the DagBag from /usr/local/lib/python3.10/dist-packages/airflow/example_dags/example_python_operator.py
[2024-01-08T18:58:14.564+0300] {processor.py:840} INFO - DAG(s) 'example_python_operator' retrieved from /usr/local/lib/python3.10/dist-packages/airflow/example_dags/example_python_operator.py
[2024-01-08T18:58:14.728+0300] {logging_mixin.py:188} INFO - [2024-01-08T18:58:14.727+0300] {dag.py:3033} INFO - Sync 1 DAGs
[2024-01-08T18:58:14.824+0300] {logging_mixin.py:188} INFO - [2024-01-08T18:58:14.824+0300] {dag.py:3820} INFO - Setting next_dagrun for example_python_operator to None, run_after=None
[2024-01-08T18:58:14.955+0300] {processor.py:183} INFO - Processing /usr/local/lib/python3.10/dist-packages/airflow/example_dags/example_python_operator.py took 0.489 seconds
[2024-01-08T18:58:50.938+0300] {processor.py:161} INFO - Started process (PID=24881) to work on /usr/local/lib/python3.10/dist-packages/airflow/example_dags/example_python_operator.py
[2024-01-08T18:58:50.941+0300] {processor.py:830} INFO - Processing file /usr/local/lib/python3.10/dist-packages/airflow/example_dags/example_python_operator.py for tasks to queue
[2024-01-08T18:58:50.943+0300] {logging_mixin.py:188} INFO - [2024-01-08T18:58:50.942+0300] {dagbag.py:538} INFO - Filling up the DagBag from /usr/local/lib/python3.10/dist-packages/airflow/example_dags/example_python_operator.py
[2024-01-08T18:58:51.003+0300] {processor.py:840} INFO - DAG(s) 'example_python_operator' retrieved from /usr/local/lib/python3.10/dist-packages/airflow/example_dags/example_python_operator.py
[2024-01-08T18:58:51.307+0300] {logging_mixin.py:188} INFO - [2024-01-08T18:58:51.307+0300] {dag.py:3033} INFO - Sync 1 DAGs
[2024-01-08T18:58:51.415+0300] {logging_mixin.py:188} INFO - [2024-01-08T18:58:51.415+0300] {dag.py:3820} INFO - Setting next_dagrun for example_python_operator to None, run_after=None
[2024-01-08T18:58:51.607+0300] {processor.py:183} INFO - Processing /usr/local/lib/python3.10/dist-packages/airflow/example_dags/example_python_operator.py took 0.709 seconds
[2024-01-08T18:59:22.066+0300] {processor.py:161} INFO - Started process (PID=25247) to work on /usr/local/lib/python3.10/dist-packages/airflow/example_dags/example_python_operator.py
[2024-01-08T18:59:22.069+0300] {processor.py:830} INFO - Processing file /usr/local/lib/python3.10/dist-packages/airflow/example_dags/example_python_operator.py for tasks to queue
[2024-01-08T18:59:22.075+0300] {logging_mixin.py:188} INFO - [2024-01-08T18:59:22.073+0300] {dagbag.py:538} INFO - Filling up the DagBag from /usr/local/lib/python3.10/dist-packages/airflow/example_dags/example_python_operator.py
[2024-01-08T18:59:22.251+0300] {processor.py:840} INFO - DAG(s) 'example_python_operator' retrieved from /usr/local/lib/python3.10/dist-packages/airflow/example_dags/example_python_operator.py
[2024-01-08T18:59:22.551+0300] {logging_mixin.py:188} INFO - [2024-01-08T18:59:22.551+0300] {dag.py:3033} INFO - Sync 1 DAGs
[2024-01-08T18:59:22.600+0300] {logging_mixin.py:188} INFO - [2024-01-08T18:59:22.600+0300] {dag.py:3820} INFO - Setting next_dagrun for example_python_operator to None, run_after=None
[2024-01-08T18:59:22.663+0300] {processor.py:183} INFO - Processing /usr/local/lib/python3.10/dist-packages/airflow/example_dags/example_python_operator.py took 0.638 seconds
[2024-01-08T18:59:53.180+0300] {processor.py:161} INFO - Started process (PID=25650) to work on /usr/local/lib/python3.10/dist-packages/airflow/example_dags/example_python_operator.py
[2024-01-08T18:59:53.185+0300] {processor.py:830} INFO - Processing file /usr/local/lib/python3.10/dist-packages/airflow/example_dags/example_python_operator.py for tasks to queue
[2024-01-08T18:59:53.190+0300] {logging_mixin.py:188} INFO - [2024-01-08T18:59:53.189+0300] {dagbag.py:538} INFO - Filling up the DagBag from /usr/local/lib/python3.10/dist-packages/airflow/example_dags/example_python_operator.py
[2024-01-08T18:59:53.226+0300] {processor.py:840} INFO - DAG(s) 'example_python_operator' retrieved from /usr/local/lib/python3.10/dist-packages/airflow/example_dags/example_python_operator.py
[2024-01-08T18:59:53.315+0300] {logging_mixin.py:188} INFO - [2024-01-08T18:59:53.314+0300] {dag.py:3033} INFO - Sync 1 DAGs
[2024-01-08T18:59:53.368+0300] {logging_mixin.py:188} INFO - [2024-01-08T18:59:53.368+0300] {dag.py:3820} INFO - Setting next_dagrun for example_python_operator to None, run_after=None
[2024-01-08T18:59:53.482+0300] {processor.py:183} INFO - Processing /usr/local/lib/python3.10/dist-packages/airflow/example_dags/example_python_operator.py took 0.333 seconds
[2024-01-08T19:00:24.922+0300] {processor.py:161} INFO - Started process (PID=26054) to work on /usr/local/lib/python3.10/dist-packages/airflow/example_dags/example_python_operator.py
[2024-01-08T19:00:24.931+0300] {processor.py:830} INFO - Processing file /usr/local/lib/python3.10/dist-packages/airflow/example_dags/example_python_operator.py for tasks to queue
[2024-01-08T19:00:24.935+0300] {logging_mixin.py:188} INFO - [2024-01-08T19:00:24.934+0300] {dagbag.py:538} INFO - Filling up the DagBag from /usr/local/lib/python3.10/dist-packages/airflow/example_dags/example_python_operator.py
[2024-01-08T19:00:25.033+0300] {processor.py:840} INFO - DAG(s) 'example_python_operator' retrieved from /usr/local/lib/python3.10/dist-packages/airflow/example_dags/example_python_operator.py
[2024-01-08T19:00:25.378+0300] {logging_mixin.py:188} INFO - [2024-01-08T19:00:25.377+0300] {dag.py:3033} INFO - Sync 1 DAGs
[2024-01-08T19:00:25.511+0300] {logging_mixin.py:188} INFO - [2024-01-08T19:00:25.510+0300] {dag.py:3820} INFO - Setting next_dagrun for example_python_operator to None, run_after=None
[2024-01-08T19:00:25.651+0300] {processor.py:183} INFO - Processing /usr/local/lib/python3.10/dist-packages/airflow/example_dags/example_python_operator.py took 0.762 seconds
[2024-01-08T19:00:56.418+0300] {processor.py:161} INFO - Started process (PID=26480) to work on /usr/local/lib/python3.10/dist-packages/airflow/example_dags/example_python_operator.py
[2024-01-08T19:00:56.429+0300] {processor.py:830} INFO - Processing file /usr/local/lib/python3.10/dist-packages/airflow/example_dags/example_python_operator.py for tasks to queue
[2024-01-08T19:00:56.431+0300] {logging_mixin.py:188} INFO - [2024-01-08T19:00:56.430+0300] {dagbag.py:538} INFO - Filling up the DagBag from /usr/local/lib/python3.10/dist-packages/airflow/example_dags/example_python_operator.py
[2024-01-08T19:00:56.501+0300] {processor.py:840} INFO - DAG(s) 'example_python_operator' retrieved from /usr/local/lib/python3.10/dist-packages/airflow/example_dags/example_python_operator.py
[2024-01-08T19:00:56.670+0300] {logging_mixin.py:188} INFO - [2024-01-08T19:00:56.670+0300] {dag.py:3033} INFO - Sync 1 DAGs
[2024-01-08T19:00:56.707+0300] {logging_mixin.py:188} INFO - [2024-01-08T19:00:56.706+0300] {dag.py:3820} INFO - Setting next_dagrun for example_python_operator to None, run_after=None
[2024-01-08T19:00:56.755+0300] {processor.py:183} INFO - Processing /usr/local/lib/python3.10/dist-packages/airflow/example_dags/example_python_operator.py took 0.359 seconds
[2024-01-08T19:01:34.336+0300] {processor.py:161} INFO - Started process (PID=26899) to work on /usr/local/lib/python3.10/dist-packages/airflow/example_dags/example_python_operator.py
[2024-01-08T19:01:34.340+0300] {processor.py:830} INFO - Processing file /usr/local/lib/python3.10/dist-packages/airflow/example_dags/example_python_operator.py for tasks to queue
[2024-01-08T19:01:34.355+0300] {logging_mixin.py:188} INFO - [2024-01-08T19:01:34.354+0300] {dagbag.py:538} INFO - Filling up the DagBag from /usr/local/lib/python3.10/dist-packages/airflow/example_dags/example_python_operator.py
[2024-01-08T19:01:34.506+0300] {processor.py:840} INFO - DAG(s) 'example_python_operator' retrieved from /usr/local/lib/python3.10/dist-packages/airflow/example_dags/example_python_operator.py
[2024-01-08T19:01:34.795+0300] {logging_mixin.py:188} INFO - [2024-01-08T19:01:34.794+0300] {dag.py:3033} INFO - Sync 1 DAGs
[2024-01-08T19:01:34.950+0300] {logging_mixin.py:188} INFO - [2024-01-08T19:01:34.949+0300] {dag.py:3820} INFO - Setting next_dagrun for example_python_operator to None, run_after=None
[2024-01-08T19:01:35.136+0300] {processor.py:183} INFO - Processing /usr/local/lib/python3.10/dist-packages/airflow/example_dags/example_python_operator.py took 0.864 seconds
[2024-01-08T19:02:05.515+0300] {processor.py:161} INFO - Started process (PID=27226) to work on /usr/local/lib/python3.10/dist-packages/airflow/example_dags/example_python_operator.py
[2024-01-08T19:02:05.519+0300] {processor.py:830} INFO - Processing file /usr/local/lib/python3.10/dist-packages/airflow/example_dags/example_python_operator.py for tasks to queue
[2024-01-08T19:02:05.521+0300] {logging_mixin.py:188} INFO - [2024-01-08T19:02:05.520+0300] {dagbag.py:538} INFO - Filling up the DagBag from /usr/local/lib/python3.10/dist-packages/airflow/example_dags/example_python_operator.py
[2024-01-08T19:02:05.556+0300] {processor.py:840} INFO - DAG(s) 'example_python_operator' retrieved from /usr/local/lib/python3.10/dist-packages/airflow/example_dags/example_python_operator.py
[2024-01-08T19:02:05.665+0300] {logging_mixin.py:188} INFO - [2024-01-08T19:02:05.665+0300] {dag.py:3033} INFO - Sync 1 DAGs
[2024-01-08T19:02:05.701+0300] {logging_mixin.py:188} INFO - [2024-01-08T19:02:05.701+0300] {dag.py:3820} INFO - Setting next_dagrun for example_python_operator to None, run_after=None
[2024-01-08T19:02:05.768+0300] {processor.py:183} INFO - Processing /usr/local/lib/python3.10/dist-packages/airflow/example_dags/example_python_operator.py took 0.264 seconds
[2024-01-08T19:02:36.537+0300] {processor.py:161} INFO - Started process (PID=27540) to work on /usr/local/lib/python3.10/dist-packages/airflow/example_dags/example_python_operator.py
[2024-01-08T19:02:36.542+0300] {processor.py:830} INFO - Processing file /usr/local/lib/python3.10/dist-packages/airflow/example_dags/example_python_operator.py for tasks to queue
[2024-01-08T19:02:36.545+0300] {logging_mixin.py:188} INFO - [2024-01-08T19:02:36.544+0300] {dagbag.py:538} INFO - Filling up the DagBag from /usr/local/lib/python3.10/dist-packages/airflow/example_dags/example_python_operator.py
[2024-01-08T19:02:36.588+0300] {processor.py:840} INFO - DAG(s) 'example_python_operator' retrieved from /usr/local/lib/python3.10/dist-packages/airflow/example_dags/example_python_operator.py
[2024-01-08T19:02:36.715+0300] {logging_mixin.py:188} INFO - [2024-01-08T19:02:36.714+0300] {dag.py:3033} INFO - Sync 1 DAGs
[2024-01-08T19:02:36.786+0300] {logging_mixin.py:188} INFO - [2024-01-08T19:02:36.785+0300] {dag.py:3820} INFO - Setting next_dagrun for example_python_operator to None, run_after=None
[2024-01-08T19:02:36.861+0300] {processor.py:183} INFO - Processing /usr/local/lib/python3.10/dist-packages/airflow/example_dags/example_python_operator.py took 0.336 seconds
[2024-01-08T19:03:21.396+0300] {processor.py:161} INFO - Started process (PID=27977) to work on /usr/local/lib/python3.10/dist-packages/airflow/example_dags/example_python_operator.py
[2024-01-08T19:03:21.415+0300] {processor.py:830} INFO - Processing file /usr/local/lib/python3.10/dist-packages/airflow/example_dags/example_python_operator.py for tasks to queue
[2024-01-08T19:03:21.458+0300] {logging_mixin.py:188} INFO - [2024-01-08T19:03:21.457+0300] {dagbag.py:538} INFO - Filling up the DagBag from /usr/local/lib/python3.10/dist-packages/airflow/example_dags/example_python_operator.py
[2024-01-08T19:03:21.550+0300] {processor.py:840} INFO - DAG(s) 'example_python_operator' retrieved from /usr/local/lib/python3.10/dist-packages/airflow/example_dags/example_python_operator.py
[2024-01-08T19:03:21.769+0300] {logging_mixin.py:188} INFO - [2024-01-08T19:03:21.768+0300] {dag.py:3033} INFO - Sync 1 DAGs
[2024-01-08T19:03:21.840+0300] {logging_mixin.py:188} INFO - [2024-01-08T19:03:21.840+0300] {dag.py:3820} INFO - Setting next_dagrun for example_python_operator to None, run_after=None
[2024-01-08T19:03:21.952+0300] {processor.py:183} INFO - Processing /usr/local/lib/python3.10/dist-packages/airflow/example_dags/example_python_operator.py took 0.608 seconds
[2024-01-08T19:03:52.789+0300] {processor.py:161} INFO - Started process (PID=28364) to work on /usr/local/lib/python3.10/dist-packages/airflow/example_dags/example_python_operator.py
[2024-01-08T19:03:52.794+0300] {processor.py:830} INFO - Processing file /usr/local/lib/python3.10/dist-packages/airflow/example_dags/example_python_operator.py for tasks to queue
[2024-01-08T19:03:52.796+0300] {logging_mixin.py:188} INFO - [2024-01-08T19:03:52.795+0300] {dagbag.py:538} INFO - Filling up the DagBag from /usr/local/lib/python3.10/dist-packages/airflow/example_dags/example_python_operator.py
[2024-01-08T19:03:52.851+0300] {processor.py:840} INFO - DAG(s) 'example_python_operator' retrieved from /usr/local/lib/python3.10/dist-packages/airflow/example_dags/example_python_operator.py
[2024-01-08T19:03:53.080+0300] {logging_mixin.py:188} INFO - [2024-01-08T19:03:53.080+0300] {dag.py:3033} INFO - Sync 1 DAGs
[2024-01-08T19:03:53.159+0300] {logging_mixin.py:188} INFO - [2024-01-08T19:03:53.158+0300] {dag.py:3820} INFO - Setting next_dagrun for example_python_operator to None, run_after=None
[2024-01-08T19:03:53.279+0300] {processor.py:183} INFO - Processing /usr/local/lib/python3.10/dist-packages/airflow/example_dags/example_python_operator.py took 0.508 seconds
[2024-01-08T19:04:23.590+0300] {processor.py:161} INFO - Started process (PID=28725) to work on /usr/local/lib/python3.10/dist-packages/airflow/example_dags/example_python_operator.py
[2024-01-08T19:04:23.594+0300] {processor.py:830} INFO - Processing file /usr/local/lib/python3.10/dist-packages/airflow/example_dags/example_python_operator.py for tasks to queue
[2024-01-08T19:04:23.596+0300] {logging_mixin.py:188} INFO - [2024-01-08T19:04:23.595+0300] {dagbag.py:538} INFO - Filling up the DagBag from /usr/local/lib/python3.10/dist-packages/airflow/example_dags/example_python_operator.py
[2024-01-08T19:04:23.643+0300] {processor.py:840} INFO - DAG(s) 'example_python_operator' retrieved from /usr/local/lib/python3.10/dist-packages/airflow/example_dags/example_python_operator.py
[2024-01-08T19:04:23.770+0300] {logging_mixin.py:188} INFO - [2024-01-08T19:04:23.769+0300] {dag.py:3033} INFO - Sync 1 DAGs
[2024-01-08T19:04:23.800+0300] {logging_mixin.py:188} INFO - [2024-01-08T19:04:23.800+0300] {dag.py:3820} INFO - Setting next_dagrun for example_python_operator to None, run_after=None
[2024-01-08T19:04:23.844+0300] {processor.py:183} INFO - Processing /usr/local/lib/python3.10/dist-packages/airflow/example_dags/example_python_operator.py took 0.266 seconds
[2024-01-08T19:04:56.406+0300] {processor.py:161} INFO - Started process (PID=29153) to work on /usr/local/lib/python3.10/dist-packages/airflow/example_dags/example_python_operator.py
[2024-01-08T19:04:56.423+0300] {processor.py:830} INFO - Processing file /usr/local/lib/python3.10/dist-packages/airflow/example_dags/example_python_operator.py for tasks to queue
[2024-01-08T19:04:56.425+0300] {logging_mixin.py:188} INFO - [2024-01-08T19:04:56.424+0300] {dagbag.py:538} INFO - Filling up the DagBag from /usr/local/lib/python3.10/dist-packages/airflow/example_dags/example_python_operator.py
[2024-01-08T19:04:56.575+0300] {processor.py:840} INFO - DAG(s) 'example_python_operator' retrieved from /usr/local/lib/python3.10/dist-packages/airflow/example_dags/example_python_operator.py
[2024-01-08T19:04:57.011+0300] {logging_mixin.py:188} INFO - [2024-01-08T19:04:57.011+0300] {dag.py:3033} INFO - Sync 1 DAGs
[2024-01-08T19:04:57.105+0300] {logging_mixin.py:188} INFO - [2024-01-08T19:04:57.105+0300] {dag.py:3820} INFO - Setting next_dagrun for example_python_operator to None, run_after=None
[2024-01-08T19:04:57.301+0300] {processor.py:183} INFO - Processing /usr/local/lib/python3.10/dist-packages/airflow/example_dags/example_python_operator.py took 0.975 seconds
[2024-01-08T19:05:31.890+0300] {processor.py:161} INFO - Started process (PID=29588) to work on /usr/local/lib/python3.10/dist-packages/airflow/example_dags/example_python_operator.py
[2024-01-08T19:05:31.910+0300] {processor.py:830} INFO - Processing file /usr/local/lib/python3.10/dist-packages/airflow/example_dags/example_python_operator.py for tasks to queue
[2024-01-08T19:05:31.955+0300] {logging_mixin.py:188} INFO - [2024-01-08T19:05:31.912+0300] {dagbag.py:538} INFO - Filling up the DagBag from /usr/local/lib/python3.10/dist-packages/airflow/example_dags/example_python_operator.py
[2024-01-08T19:05:32.219+0300] {processor.py:840} INFO - DAG(s) 'example_python_operator' retrieved from /usr/local/lib/python3.10/dist-packages/airflow/example_dags/example_python_operator.py
[2024-01-08T19:05:32.747+0300] {logging_mixin.py:188} INFO - [2024-01-08T19:05:32.747+0300] {dag.py:3033} INFO - Sync 1 DAGs
[2024-01-08T19:05:32.953+0300] {logging_mixin.py:188} INFO - [2024-01-08T19:05:32.952+0300] {dag.py:3820} INFO - Setting next_dagrun for example_python_operator to None, run_after=None
[2024-01-08T19:05:33.135+0300] {processor.py:183} INFO - Processing /usr/local/lib/python3.10/dist-packages/airflow/example_dags/example_python_operator.py took 1.304 seconds
[2024-01-08T19:06:05.489+0300] {processor.py:161} INFO - Started process (PID=29963) to work on /usr/local/lib/python3.10/dist-packages/airflow/example_dags/example_python_operator.py
[2024-01-08T19:06:05.493+0300] {processor.py:830} INFO - Processing file /usr/local/lib/python3.10/dist-packages/airflow/example_dags/example_python_operator.py for tasks to queue
[2024-01-08T19:06:05.495+0300] {logging_mixin.py:188} INFO - [2024-01-08T19:06:05.494+0300] {dagbag.py:538} INFO - Filling up the DagBag from /usr/local/lib/python3.10/dist-packages/airflow/example_dags/example_python_operator.py
[2024-01-08T19:06:05.605+0300] {processor.py:840} INFO - DAG(s) 'example_python_operator' retrieved from /usr/local/lib/python3.10/dist-packages/airflow/example_dags/example_python_operator.py
[2024-01-08T19:06:05.894+0300] {logging_mixin.py:188} INFO - [2024-01-08T19:06:05.894+0300] {dag.py:3033} INFO - Sync 1 DAGs
[2024-01-08T19:06:06.128+0300] {logging_mixin.py:188} INFO - [2024-01-08T19:06:06.127+0300] {dag.py:3820} INFO - Setting next_dagrun for example_python_operator to None, run_after=None
[2024-01-08T19:06:06.354+0300] {processor.py:183} INFO - Processing /usr/local/lib/python3.10/dist-packages/airflow/example_dags/example_python_operator.py took 0.954 seconds
[2024-01-08T19:06:58.415+0300] {processor.py:161} INFO - Started process (PID=30460) to work on /usr/local/lib/python3.10/dist-packages/airflow/example_dags/example_python_operator.py
[2024-01-08T19:06:58.434+0300] {processor.py:830} INFO - Processing file /usr/local/lib/python3.10/dist-packages/airflow/example_dags/example_python_operator.py for tasks to queue
[2024-01-08T19:06:58.441+0300] {logging_mixin.py:188} INFO - [2024-01-08T19:06:58.440+0300] {dagbag.py:538} INFO - Filling up the DagBag from /usr/local/lib/python3.10/dist-packages/airflow/example_dags/example_python_operator.py
[2024-01-08T19:06:58.563+0300] {processor.py:840} INFO - DAG(s) 'example_python_operator' retrieved from /usr/local/lib/python3.10/dist-packages/airflow/example_dags/example_python_operator.py
[2024-01-08T19:06:58.817+0300] {logging_mixin.py:188} INFO - [2024-01-08T19:06:58.816+0300] {dag.py:3033} INFO - Sync 1 DAGs
[2024-01-08T19:06:59.047+0300] {logging_mixin.py:188} INFO - [2024-01-08T19:06:59.047+0300] {dag.py:3820} INFO - Setting next_dagrun for example_python_operator to None, run_after=None
[2024-01-08T19:06:59.450+0300] {processor.py:183} INFO - Processing /usr/local/lib/python3.10/dist-packages/airflow/example_dags/example_python_operator.py took 1.113 seconds
[2024-01-08T19:07:30.122+0300] {processor.py:161} INFO - Started process (PID=30845) to work on /usr/local/lib/python3.10/dist-packages/airflow/example_dags/example_python_operator.py
[2024-01-08T19:07:30.139+0300] {processor.py:830} INFO - Processing file /usr/local/lib/python3.10/dist-packages/airflow/example_dags/example_python_operator.py for tasks to queue
[2024-01-08T19:07:30.155+0300] {logging_mixin.py:188} INFO - [2024-01-08T19:07:30.141+0300] {dagbag.py:538} INFO - Filling up the DagBag from /usr/local/lib/python3.10/dist-packages/airflow/example_dags/example_python_operator.py
[2024-01-08T19:07:30.296+0300] {processor.py:840} INFO - DAG(s) 'example_python_operator' retrieved from /usr/local/lib/python3.10/dist-packages/airflow/example_dags/example_python_operator.py
[2024-01-08T19:07:30.403+0300] {logging_mixin.py:188} INFO - [2024-01-08T19:07:30.403+0300] {dag.py:3033} INFO - Sync 1 DAGs
[2024-01-08T19:07:30.572+0300] {logging_mixin.py:188} INFO - [2024-01-08T19:07:30.572+0300] {dag.py:3820} INFO - Setting next_dagrun for example_python_operator to None, run_after=None
[2024-01-08T19:07:30.764+0300] {processor.py:183} INFO - Processing /usr/local/lib/python3.10/dist-packages/airflow/example_dags/example_python_operator.py took 0.679 seconds
[2024-01-08T19:08:01.715+0300] {processor.py:161} INFO - Started process (PID=31242) to work on /usr/local/lib/python3.10/dist-packages/airflow/example_dags/example_python_operator.py
[2024-01-08T19:08:01.719+0300] {processor.py:830} INFO - Processing file /usr/local/lib/python3.10/dist-packages/airflow/example_dags/example_python_operator.py for tasks to queue
[2024-01-08T19:08:01.721+0300] {logging_mixin.py:188} INFO - [2024-01-08T19:08:01.721+0300] {dagbag.py:538} INFO - Filling up the DagBag from /usr/local/lib/python3.10/dist-packages/airflow/example_dags/example_python_operator.py
[2024-01-08T19:08:01.757+0300] {processor.py:840} INFO - DAG(s) 'example_python_operator' retrieved from /usr/local/lib/python3.10/dist-packages/airflow/example_dags/example_python_operator.py
[2024-01-08T19:08:01.870+0300] {logging_mixin.py:188} INFO - [2024-01-08T19:08:01.869+0300] {dag.py:3033} INFO - Sync 1 DAGs
[2024-01-08T19:08:01.912+0300] {logging_mixin.py:188} INFO - [2024-01-08T19:08:01.912+0300] {dag.py:3820} INFO - Setting next_dagrun for example_python_operator to None, run_after=None
[2024-01-08T19:08:01.989+0300] {processor.py:183} INFO - Processing /usr/local/lib/python3.10/dist-packages/airflow/example_dags/example_python_operator.py took 0.293 seconds
[2024-01-08T19:08:32.191+0300] {processor.py:161} INFO - Started process (PID=31558) to work on /usr/local/lib/python3.10/dist-packages/airflow/example_dags/example_python_operator.py
[2024-01-08T19:08:32.194+0300] {processor.py:830} INFO - Processing file /usr/local/lib/python3.10/dist-packages/airflow/example_dags/example_python_operator.py for tasks to queue
[2024-01-08T19:08:32.196+0300] {logging_mixin.py:188} INFO - [2024-01-08T19:08:32.195+0300] {dagbag.py:538} INFO - Filling up the DagBag from /usr/local/lib/python3.10/dist-packages/airflow/example_dags/example_python_operator.py
[2024-01-08T19:08:32.233+0300] {processor.py:840} INFO - DAG(s) 'example_python_operator' retrieved from /usr/local/lib/python3.10/dist-packages/airflow/example_dags/example_python_operator.py
[2024-01-08T19:08:32.320+0300] {logging_mixin.py:188} INFO - [2024-01-08T19:08:32.320+0300] {dag.py:3033} INFO - Sync 1 DAGs
[2024-01-08T19:08:32.348+0300] {logging_mixin.py:188} INFO - [2024-01-08T19:08:32.348+0300] {dag.py:3820} INFO - Setting next_dagrun for example_python_operator to None, run_after=None
[2024-01-08T19:08:32.408+0300] {processor.py:183} INFO - Processing /usr/local/lib/python3.10/dist-packages/airflow/example_dags/example_python_operator.py took 0.230 seconds
[2024-01-08T19:09:05.710+0300] {processor.py:161} INFO - Started process (PID=31935) to work on /usr/local/lib/python3.10/dist-packages/airflow/example_dags/example_python_operator.py
[2024-01-08T19:09:05.714+0300] {processor.py:830} INFO - Processing file /usr/local/lib/python3.10/dist-packages/airflow/example_dags/example_python_operator.py for tasks to queue
[2024-01-08T19:09:05.718+0300] {logging_mixin.py:188} INFO - [2024-01-08T19:09:05.717+0300] {dagbag.py:538} INFO - Filling up the DagBag from /usr/local/lib/python3.10/dist-packages/airflow/example_dags/example_python_operator.py
[2024-01-08T19:09:05.774+0300] {processor.py:840} INFO - DAG(s) 'example_python_operator' retrieved from /usr/local/lib/python3.10/dist-packages/airflow/example_dags/example_python_operator.py
[2024-01-08T19:09:05.886+0300] {logging_mixin.py:188} INFO - [2024-01-08T19:09:05.886+0300] {dag.py:3033} INFO - Sync 1 DAGs
[2024-01-08T19:09:05.920+0300] {logging_mixin.py:188} INFO - [2024-01-08T19:09:05.919+0300] {dag.py:3820} INFO - Setting next_dagrun for example_python_operator to None, run_after=None
[2024-01-08T19:09:06.018+0300] {processor.py:183} INFO - Processing /usr/local/lib/python3.10/dist-packages/airflow/example_dags/example_python_operator.py took 0.320 seconds
[2024-01-08T19:09:42.373+0300] {processor.py:161} INFO - Started process (PID=32316) to work on /usr/local/lib/python3.10/dist-packages/airflow/example_dags/example_python_operator.py
[2024-01-08T19:09:42.376+0300] {processor.py:830} INFO - Processing file /usr/local/lib/python3.10/dist-packages/airflow/example_dags/example_python_operator.py for tasks to queue
[2024-01-08T19:09:42.378+0300] {logging_mixin.py:188} INFO - [2024-01-08T19:09:42.378+0300] {dagbag.py:538} INFO - Filling up the DagBag from /usr/local/lib/python3.10/dist-packages/airflow/example_dags/example_python_operator.py
[2024-01-08T19:09:42.411+0300] {processor.py:840} INFO - DAG(s) 'example_python_operator' retrieved from /usr/local/lib/python3.10/dist-packages/airflow/example_dags/example_python_operator.py
[2024-01-08T19:09:42.508+0300] {logging_mixin.py:188} INFO - [2024-01-08T19:09:42.507+0300] {dag.py:3033} INFO - Sync 1 DAGs
[2024-01-08T19:09:42.535+0300] {logging_mixin.py:188} INFO - [2024-01-08T19:09:42.535+0300] {dag.py:3820} INFO - Setting next_dagrun for example_python_operator to None, run_after=None
[2024-01-08T19:09:42.584+0300] {processor.py:183} INFO - Processing /usr/local/lib/python3.10/dist-packages/airflow/example_dags/example_python_operator.py took 0.221 seconds
[2024-01-08T19:10:16.638+0300] {processor.py:161} INFO - Started process (PID=32657) to work on /usr/local/lib/python3.10/dist-packages/airflow/example_dags/example_python_operator.py
[2024-01-08T19:10:16.659+0300] {processor.py:830} INFO - Processing file /usr/local/lib/python3.10/dist-packages/airflow/example_dags/example_python_operator.py for tasks to queue
[2024-01-08T19:10:16.685+0300] {logging_mixin.py:188} INFO - [2024-01-08T19:10:16.680+0300] {dagbag.py:538} INFO - Filling up the DagBag from /usr/local/lib/python3.10/dist-packages/airflow/example_dags/example_python_operator.py
[2024-01-08T19:10:17.155+0300] {processor.py:840} INFO - DAG(s) 'example_python_operator' retrieved from /usr/local/lib/python3.10/dist-packages/airflow/example_dags/example_python_operator.py
[2024-01-08T19:10:17.694+0300] {logging_mixin.py:188} INFO - [2024-01-08T19:10:17.694+0300] {dag.py:3033} INFO - Sync 1 DAGs
[2024-01-08T19:10:18.032+0300] {logging_mixin.py:188} INFO - [2024-01-08T19:10:18.027+0300] {dag.py:3820} INFO - Setting next_dagrun for example_python_operator to None, run_after=None
[2024-01-08T19:10:18.314+0300] {processor.py:183} INFO - Processing /usr/local/lib/python3.10/dist-packages/airflow/example_dags/example_python_operator.py took 1.714 seconds
[2024-01-08T19:11:11.800+0300] {processor.py:161} INFO - Started process (PID=33207) to work on /usr/local/lib/python3.10/dist-packages/airflow/example_dags/example_python_operator.py
[2024-01-08T19:11:11.815+0300] {processor.py:830} INFO - Processing file /usr/local/lib/python3.10/dist-packages/airflow/example_dags/example_python_operator.py for tasks to queue
[2024-01-08T19:11:11.818+0300] {logging_mixin.py:188} INFO - [2024-01-08T19:11:11.817+0300] {dagbag.py:538} INFO - Filling up the DagBag from /usr/local/lib/python3.10/dist-packages/airflow/example_dags/example_python_operator.py
[2024-01-08T19:11:11.903+0300] {processor.py:840} INFO - DAG(s) 'example_python_operator' retrieved from /usr/local/lib/python3.10/dist-packages/airflow/example_dags/example_python_operator.py
[2024-01-08T19:11:12.097+0300] {logging_mixin.py:188} INFO - [2024-01-08T19:11:12.096+0300] {dag.py:3033} INFO - Sync 1 DAGs
[2024-01-08T19:11:12.282+0300] {logging_mixin.py:188} INFO - [2024-01-08T19:11:12.273+0300] {dag.py:3820} INFO - Setting next_dagrun for example_python_operator to None, run_after=None
[2024-01-08T19:11:12.459+0300] {processor.py:183} INFO - Processing /usr/local/lib/python3.10/dist-packages/airflow/example_dags/example_python_operator.py took 0.711 seconds
[2024-01-08T19:12:00.898+0300] {processor.py:161} INFO - Started process (PID=33683) to work on /usr/local/lib/python3.10/dist-packages/airflow/example_dags/example_python_operator.py
[2024-01-08T19:12:00.902+0300] {processor.py:830} INFO - Processing file /usr/local/lib/python3.10/dist-packages/airflow/example_dags/example_python_operator.py for tasks to queue
[2024-01-08T19:12:00.904+0300] {logging_mixin.py:188} INFO - [2024-01-08T19:12:00.903+0300] {dagbag.py:538} INFO - Filling up the DagBag from /usr/local/lib/python3.10/dist-packages/airflow/example_dags/example_python_operator.py
[2024-01-08T19:12:00.953+0300] {processor.py:840} INFO - DAG(s) 'example_python_operator' retrieved from /usr/local/lib/python3.10/dist-packages/airflow/example_dags/example_python_operator.py
[2024-01-08T19:12:01.118+0300] {logging_mixin.py:188} INFO - [2024-01-08T19:12:01.111+0300] {dag.py:3033} INFO - Sync 1 DAGs
[2024-01-08T19:12:01.177+0300] {logging_mixin.py:188} INFO - [2024-01-08T19:12:01.176+0300] {dag.py:3820} INFO - Setting next_dagrun for example_python_operator to None, run_after=None
[2024-01-08T19:12:01.255+0300] {processor.py:183} INFO - Processing /usr/local/lib/python3.10/dist-packages/airflow/example_dags/example_python_operator.py took 0.368 seconds
[2024-01-08T19:12:38.621+0300] {processor.py:161} INFO - Started process (PID=34046) to work on /usr/local/lib/python3.10/dist-packages/airflow/example_dags/example_python_operator.py
[2024-01-08T19:12:38.639+0300] {processor.py:830} INFO - Processing file /usr/local/lib/python3.10/dist-packages/airflow/example_dags/example_python_operator.py for tasks to queue
[2024-01-08T19:12:38.642+0300] {logging_mixin.py:188} INFO - [2024-01-08T19:12:38.641+0300] {dagbag.py:538} INFO - Filling up the DagBag from /usr/local/lib/python3.10/dist-packages/airflow/example_dags/example_python_operator.py
[2024-01-08T19:12:38.829+0300] {processor.py:840} INFO - DAG(s) 'example_python_operator' retrieved from /usr/local/lib/python3.10/dist-packages/airflow/example_dags/example_python_operator.py
[2024-01-08T19:12:39.264+0300] {logging_mixin.py:188} INFO - [2024-01-08T19:12:39.263+0300] {dag.py:3033} INFO - Sync 1 DAGs
[2024-01-08T19:12:39.529+0300] {logging_mixin.py:188} INFO - [2024-01-08T19:12:39.529+0300] {dag.py:3820} INFO - Setting next_dagrun for example_python_operator to None, run_after=None
[2024-01-08T19:12:41.355+0300] {processor.py:183} INFO - Processing /usr/local/lib/python3.10/dist-packages/airflow/example_dags/example_python_operator.py took 2.788 seconds
