[2024-01-08T17:37:26.651+0300] {processor.py:161} INFO - Started process (PID=5690) to work on /usr/local/lib/python3.10/dist-packages/airflow/example_dags/example_dag_decorator.py
[2024-01-08T17:37:26.654+0300] {processor.py:830} INFO - Processing file /usr/local/lib/python3.10/dist-packages/airflow/example_dags/example_dag_decorator.py for tasks to queue
[2024-01-08T17:37:26.655+0300] {logging_mixin.py:188} INFO - [2024-01-08T17:37:26.655+0300] {dagbag.py:538} INFO - Filling up the DagBag from /usr/local/lib/python3.10/dist-packages/airflow/example_dags/example_dag_decorator.py
[2024-01-08T17:37:27.028+0300] {processor.py:840} INFO - DAG(s) 'example_dag_decorator' retrieved from /usr/local/lib/python3.10/dist-packages/airflow/example_dags/example_dag_decorator.py
[2024-01-08T17:37:27.462+0300] {logging_mixin.py:188} INFO - [2024-01-08T17:37:27.462+0300] {dag.py:3033} INFO - Sync 1 DAGs
[2024-01-08T17:37:27.494+0300] {logging_mixin.py:188} INFO - [2024-01-08T17:37:27.493+0300] {dag.py:3820} INFO - Setting next_dagrun for example_dag_decorator to None, run_after=None
[2024-01-08T17:37:27.571+0300] {processor.py:183} INFO - Processing /usr/local/lib/python3.10/dist-packages/airflow/example_dags/example_dag_decorator.py took 0.931 seconds
[2024-01-08T17:37:58.000+0300] {processor.py:161} INFO - Started process (PID=6042) to work on /usr/local/lib/python3.10/dist-packages/airflow/example_dags/example_dag_decorator.py
[2024-01-08T17:37:58.003+0300] {processor.py:830} INFO - Processing file /usr/local/lib/python3.10/dist-packages/airflow/example_dags/example_dag_decorator.py for tasks to queue
[2024-01-08T17:37:58.007+0300] {logging_mixin.py:188} INFO - [2024-01-08T17:37:58.006+0300] {dagbag.py:538} INFO - Filling up the DagBag from /usr/local/lib/python3.10/dist-packages/airflow/example_dags/example_dag_decorator.py
[2024-01-08T17:37:58.373+0300] {processor.py:840} INFO - DAG(s) 'example_dag_decorator' retrieved from /usr/local/lib/python3.10/dist-packages/airflow/example_dags/example_dag_decorator.py
[2024-01-08T17:37:58.798+0300] {logging_mixin.py:188} INFO - [2024-01-08T17:37:58.797+0300] {dag.py:3033} INFO - Sync 1 DAGs
[2024-01-08T17:37:58.838+0300] {logging_mixin.py:188} INFO - [2024-01-08T17:37:58.837+0300] {dag.py:3820} INFO - Setting next_dagrun for example_dag_decorator to None, run_after=None
[2024-01-08T17:37:58.900+0300] {processor.py:183} INFO - Processing /usr/local/lib/python3.10/dist-packages/airflow/example_dags/example_dag_decorator.py took 0.916 seconds
[2024-01-08T17:38:29.089+0300] {processor.py:161} INFO - Started process (PID=6366) to work on /usr/local/lib/python3.10/dist-packages/airflow/example_dags/example_dag_decorator.py
[2024-01-08T17:38:29.092+0300] {processor.py:830} INFO - Processing file /usr/local/lib/python3.10/dist-packages/airflow/example_dags/example_dag_decorator.py for tasks to queue
[2024-01-08T17:38:29.095+0300] {logging_mixin.py:188} INFO - [2024-01-08T17:38:29.093+0300] {dagbag.py:538} INFO - Filling up the DagBag from /usr/local/lib/python3.10/dist-packages/airflow/example_dags/example_dag_decorator.py
[2024-01-08T17:38:29.484+0300] {processor.py:840} INFO - DAG(s) 'example_dag_decorator' retrieved from /usr/local/lib/python3.10/dist-packages/airflow/example_dags/example_dag_decorator.py
[2024-01-08T17:38:29.944+0300] {logging_mixin.py:188} INFO - [2024-01-08T17:38:29.943+0300] {dag.py:3033} INFO - Sync 1 DAGs
[2024-01-08T17:38:29.975+0300] {logging_mixin.py:188} INFO - [2024-01-08T17:38:29.975+0300] {dag.py:3820} INFO - Setting next_dagrun for example_dag_decorator to None, run_after=None
[2024-01-08T17:38:30.024+0300] {processor.py:183} INFO - Processing /usr/local/lib/python3.10/dist-packages/airflow/example_dags/example_dag_decorator.py took 0.954 seconds
[2024-01-08T18:15:25.884+0300] {processor.py:161} INFO - Started process (PID=7628) to work on /usr/local/lib/python3.10/dist-packages/airflow/example_dags/example_dag_decorator.py
[2024-01-08T18:15:25.887+0300] {processor.py:830} INFO - Processing file /usr/local/lib/python3.10/dist-packages/airflow/example_dags/example_dag_decorator.py for tasks to queue
[2024-01-08T18:15:25.889+0300] {logging_mixin.py:188} INFO - [2024-01-08T18:15:25.888+0300] {dagbag.py:538} INFO - Filling up the DagBag from /usr/local/lib/python3.10/dist-packages/airflow/example_dags/example_dag_decorator.py
[2024-01-08T18:15:26.076+0300] {processor.py:840} INFO - DAG(s) 'example_dag_decorator' retrieved from /usr/local/lib/python3.10/dist-packages/airflow/example_dags/example_dag_decorator.py
[2024-01-08T18:15:26.444+0300] {logging_mixin.py:188} INFO - [2024-01-08T18:15:26.444+0300] {dag.py:3033} INFO - Sync 1 DAGs
[2024-01-08T18:15:26.467+0300] {logging_mixin.py:188} INFO - [2024-01-08T18:15:26.467+0300] {dag.py:3820} INFO - Setting next_dagrun for example_dag_decorator to None, run_after=None
[2024-01-08T18:15:26.524+0300] {processor.py:183} INFO - Processing /usr/local/lib/python3.10/dist-packages/airflow/example_dags/example_dag_decorator.py took 0.649 seconds
[2024-01-08T18:15:58.474+0300] {processor.py:161} INFO - Started process (PID=7973) to work on /usr/local/lib/python3.10/dist-packages/airflow/example_dags/example_dag_decorator.py
[2024-01-08T18:15:58.477+0300] {processor.py:830} INFO - Processing file /usr/local/lib/python3.10/dist-packages/airflow/example_dags/example_dag_decorator.py for tasks to queue
[2024-01-08T18:15:58.481+0300] {logging_mixin.py:188} INFO - [2024-01-08T18:15:58.480+0300] {dagbag.py:538} INFO - Filling up the DagBag from /usr/local/lib/python3.10/dist-packages/airflow/example_dags/example_dag_decorator.py
[2024-01-08T18:15:58.754+0300] {processor.py:840} INFO - DAG(s) 'example_dag_decorator' retrieved from /usr/local/lib/python3.10/dist-packages/airflow/example_dags/example_dag_decorator.py
[2024-01-08T18:15:59.132+0300] {logging_mixin.py:188} INFO - [2024-01-08T18:15:59.132+0300] {dag.py:3033} INFO - Sync 1 DAGs
[2024-01-08T18:15:59.156+0300] {logging_mixin.py:188} INFO - [2024-01-08T18:15:59.156+0300] {dag.py:3820} INFO - Setting next_dagrun for example_dag_decorator to None, run_after=None
[2024-01-08T18:15:59.213+0300] {processor.py:183} INFO - Processing /usr/local/lib/python3.10/dist-packages/airflow/example_dags/example_dag_decorator.py took 0.751 seconds
[2024-01-08T18:31:19.716+0300] {processor.py:161} INFO - Started process (PID=9283) to work on /usr/local/lib/python3.10/dist-packages/airflow/example_dags/example_dag_decorator.py
[2024-01-08T18:31:19.785+0300] {processor.py:830} INFO - Processing file /usr/local/lib/python3.10/dist-packages/airflow/example_dags/example_dag_decorator.py for tasks to queue
[2024-01-08T18:31:19.788+0300] {logging_mixin.py:188} INFO - [2024-01-08T18:31:19.787+0300] {dagbag.py:538} INFO - Filling up the DagBag from /usr/local/lib/python3.10/dist-packages/airflow/example_dags/example_dag_decorator.py
[2024-01-08T18:31:25.758+0300] {processor.py:840} INFO - DAG(s) 'example_dag_decorator' retrieved from /usr/local/lib/python3.10/dist-packages/airflow/example_dags/example_dag_decorator.py
[2024-01-08T18:31:33.477+0300] {logging_mixin.py:188} INFO - [2024-01-08T18:31:33.475+0300] {dag.py:3033} INFO - Sync 1 DAGs
[2024-01-08T18:31:33.738+0300] {logging_mixin.py:188} INFO - [2024-01-08T18:31:33.738+0300] {dag.py:3820} INFO - Setting next_dagrun for example_dag_decorator to None, run_after=None
[2024-01-08T18:31:34.777+0300] {processor.py:183} INFO - Processing /usr/local/lib/python3.10/dist-packages/airflow/example_dags/example_dag_decorator.py took 15.285 seconds
[2024-01-08T18:36:37.154+0300] {processor.py:161} INFO - Started process (PID=11320) to work on /usr/local/lib/python3.10/dist-packages/airflow/example_dags/example_dag_decorator.py
[2024-01-08T18:36:37.166+0300] {processor.py:830} INFO - Processing file /usr/local/lib/python3.10/dist-packages/airflow/example_dags/example_dag_decorator.py for tasks to queue
[2024-01-08T18:36:37.211+0300] {logging_mixin.py:188} INFO - [2024-01-08T18:36:37.210+0300] {dagbag.py:538} INFO - Filling up the DagBag from /usr/local/lib/python3.10/dist-packages/airflow/example_dags/example_dag_decorator.py
[2024-01-08T18:36:43.313+0300] {processor.py:840} INFO - DAG(s) 'example_dag_decorator' retrieved from /usr/local/lib/python3.10/dist-packages/airflow/example_dags/example_dag_decorator.py
[2024-01-08T18:36:53.314+0300] {logging_mixin.py:188} INFO - [2024-01-08T18:36:53.313+0300] {dag.py:3033} INFO - Sync 1 DAGs
[2024-01-08T18:36:53.344+0300] {logging_mixin.py:188} INFO - [2024-01-08T18:36:53.344+0300] {dag.py:3820} INFO - Setting next_dagrun for example_dag_decorator to None, run_after=None
[2024-01-08T18:36:53.994+0300] {processor.py:183} INFO - Processing /usr/local/lib/python3.10/dist-packages/airflow/example_dags/example_dag_decorator.py took 17.154 seconds
[2024-01-08T18:39:34.719+0300] {processor.py:161} INFO - Started process (PID=12547) to work on /usr/local/lib/python3.10/dist-packages/airflow/example_dags/example_dag_decorator.py
[2024-01-08T18:39:34.816+0300] {processor.py:830} INFO - Processing file /usr/local/lib/python3.10/dist-packages/airflow/example_dags/example_dag_decorator.py for tasks to queue
[2024-01-08T18:39:35.060+0300] {logging_mixin.py:188} INFO - [2024-01-08T18:39:35.033+0300] {dagbag.py:538} INFO - Filling up the DagBag from /usr/local/lib/python3.10/dist-packages/airflow/example_dags/example_dag_decorator.py
[2024-01-08T18:39:45.398+0300] {processor.py:840} INFO - DAG(s) 'example_dag_decorator' retrieved from /usr/local/lib/python3.10/dist-packages/airflow/example_dags/example_dag_decorator.py
[2024-01-08T18:39:51.864+0300] {logging_mixin.py:188} INFO - [2024-01-08T18:39:51.864+0300] {dag.py:3033} INFO - Sync 1 DAGs
[2024-01-08T18:39:52.554+0300] {logging_mixin.py:188} INFO - [2024-01-08T18:39:52.554+0300] {dag.py:3820} INFO - Setting next_dagrun for example_dag_decorator to None, run_after=None
[2024-01-08T18:39:55.780+0300] {processor.py:183} INFO - Processing /usr/local/lib/python3.10/dist-packages/airflow/example_dags/example_dag_decorator.py took 21.435 seconds
[2024-01-08T18:41:43.509+0300] {processor.py:161} INFO - Started process (PID=13607) to work on /usr/local/lib/python3.10/dist-packages/airflow/example_dags/example_dag_decorator.py
[2024-01-08T18:41:43.578+0300] {processor.py:830} INFO - Processing file /usr/local/lib/python3.10/dist-packages/airflow/example_dags/example_dag_decorator.py for tasks to queue
[2024-01-08T18:41:43.582+0300] {logging_mixin.py:188} INFO - [2024-01-08T18:41:43.581+0300] {dagbag.py:538} INFO - Filling up the DagBag from /usr/local/lib/python3.10/dist-packages/airflow/example_dags/example_dag_decorator.py
[2024-01-08T18:41:45.018+0300] {processor.py:840} INFO - DAG(s) 'example_dag_decorator' retrieved from /usr/local/lib/python3.10/dist-packages/airflow/example_dags/example_dag_decorator.py
[2024-01-08T18:41:47.080+0300] {logging_mixin.py:188} INFO - [2024-01-08T18:41:47.080+0300] {dag.py:3033} INFO - Sync 1 DAGs
[2024-01-08T18:41:47.203+0300] {logging_mixin.py:188} INFO - [2024-01-08T18:41:47.203+0300] {dag.py:3820} INFO - Setting next_dagrun for example_dag_decorator to None, run_after=None
[2024-01-08T18:41:47.592+0300] {processor.py:183} INFO - Processing /usr/local/lib/python3.10/dist-packages/airflow/example_dags/example_dag_decorator.py took 4.179 seconds
[2024-01-08T18:42:18.154+0300] {processor.py:161} INFO - Started process (PID=14072) to work on /usr/local/lib/python3.10/dist-packages/airflow/example_dags/example_dag_decorator.py
[2024-01-08T18:42:18.160+0300] {processor.py:830} INFO - Processing file /usr/local/lib/python3.10/dist-packages/airflow/example_dags/example_dag_decorator.py for tasks to queue
[2024-01-08T18:42:18.162+0300] {logging_mixin.py:188} INFO - [2024-01-08T18:42:18.161+0300] {dagbag.py:538} INFO - Filling up the DagBag from /usr/local/lib/python3.10/dist-packages/airflow/example_dags/example_dag_decorator.py
[2024-01-08T18:42:18.503+0300] {processor.py:840} INFO - DAG(s) 'example_dag_decorator' retrieved from /usr/local/lib/python3.10/dist-packages/airflow/example_dags/example_dag_decorator.py
[2024-01-08T18:42:19.273+0300] {logging_mixin.py:188} INFO - [2024-01-08T18:42:19.273+0300] {dag.py:3033} INFO - Sync 1 DAGs
[2024-01-08T18:42:19.315+0300] {logging_mixin.py:188} INFO - [2024-01-08T18:42:19.314+0300] {dag.py:3820} INFO - Setting next_dagrun for example_dag_decorator to None, run_after=None
[2024-01-08T18:42:19.389+0300] {processor.py:183} INFO - Processing /usr/local/lib/python3.10/dist-packages/airflow/example_dags/example_dag_decorator.py took 1.248 seconds
[2024-01-08T18:43:06.890+0300] {processor.py:161} INFO - Started process (PID=14597) to work on /usr/local/lib/python3.10/dist-packages/airflow/example_dags/example_dag_decorator.py
[2024-01-08T18:43:06.894+0300] {processor.py:830} INFO - Processing file /usr/local/lib/python3.10/dist-packages/airflow/example_dags/example_dag_decorator.py for tasks to queue
[2024-01-08T18:43:06.896+0300] {logging_mixin.py:188} INFO - [2024-01-08T18:43:06.895+0300] {dagbag.py:538} INFO - Filling up the DagBag from /usr/local/lib/python3.10/dist-packages/airflow/example_dags/example_dag_decorator.py
[2024-01-08T18:43:07.088+0300] {processor.py:840} INFO - DAG(s) 'example_dag_decorator' retrieved from /usr/local/lib/python3.10/dist-packages/airflow/example_dags/example_dag_decorator.py
[2024-01-08T18:43:07.450+0300] {logging_mixin.py:188} INFO - [2024-01-08T18:43:07.449+0300] {dag.py:3033} INFO - Sync 1 DAGs
[2024-01-08T18:43:07.479+0300] {logging_mixin.py:188} INFO - [2024-01-08T18:43:07.478+0300] {dag.py:3820} INFO - Setting next_dagrun for example_dag_decorator to None, run_after=None
[2024-01-08T18:43:07.547+0300] {processor.py:183} INFO - Processing /usr/local/lib/python3.10/dist-packages/airflow/example_dags/example_dag_decorator.py took 0.669 seconds
[2024-01-08T18:43:37.975+0300] {processor.py:161} INFO - Started process (PID=14911) to work on /usr/local/lib/python3.10/dist-packages/airflow/example_dags/example_dag_decorator.py
[2024-01-08T18:43:37.978+0300] {processor.py:830} INFO - Processing file /usr/local/lib/python3.10/dist-packages/airflow/example_dags/example_dag_decorator.py for tasks to queue
[2024-01-08T18:43:38.000+0300] {logging_mixin.py:188} INFO - [2024-01-08T18:43:37.999+0300] {dagbag.py:538} INFO - Filling up the DagBag from /usr/local/lib/python3.10/dist-packages/airflow/example_dags/example_dag_decorator.py
[2024-01-08T18:43:38.396+0300] {processor.py:840} INFO - DAG(s) 'example_dag_decorator' retrieved from /usr/local/lib/python3.10/dist-packages/airflow/example_dags/example_dag_decorator.py
[2024-01-08T18:43:38.832+0300] {logging_mixin.py:188} INFO - [2024-01-08T18:43:38.831+0300] {dag.py:3033} INFO - Sync 1 DAGs
[2024-01-08T18:43:38.870+0300] {logging_mixin.py:188} INFO - [2024-01-08T18:43:38.869+0300] {dag.py:3820} INFO - Setting next_dagrun for example_dag_decorator to None, run_after=None
[2024-01-08T18:43:38.937+0300] {processor.py:183} INFO - Processing /usr/local/lib/python3.10/dist-packages/airflow/example_dags/example_dag_decorator.py took 0.984 seconds
[2024-01-08T18:44:09.196+0300] {processor.py:161} INFO - Started process (PID=15237) to work on /usr/local/lib/python3.10/dist-packages/airflow/example_dags/example_dag_decorator.py
[2024-01-08T18:44:09.200+0300] {processor.py:830} INFO - Processing file /usr/local/lib/python3.10/dist-packages/airflow/example_dags/example_dag_decorator.py for tasks to queue
[2024-01-08T18:44:09.203+0300] {logging_mixin.py:188} INFO - [2024-01-08T18:44:09.202+0300] {dagbag.py:538} INFO - Filling up the DagBag from /usr/local/lib/python3.10/dist-packages/airflow/example_dags/example_dag_decorator.py
[2024-01-08T18:44:09.510+0300] {processor.py:840} INFO - DAG(s) 'example_dag_decorator' retrieved from /usr/local/lib/python3.10/dist-packages/airflow/example_dags/example_dag_decorator.py
[2024-01-08T18:44:10.147+0300] {logging_mixin.py:188} INFO - [2024-01-08T18:44:10.147+0300] {dag.py:3033} INFO - Sync 1 DAGs
[2024-01-08T18:44:10.184+0300] {logging_mixin.py:188} INFO - [2024-01-08T18:44:10.183+0300] {dag.py:3820} INFO - Setting next_dagrun for example_dag_decorator to None, run_after=None
[2024-01-08T18:44:10.319+0300] {processor.py:183} INFO - Processing /usr/local/lib/python3.10/dist-packages/airflow/example_dags/example_dag_decorator.py took 1.137 seconds
[2024-01-08T18:44:42.318+0300] {processor.py:161} INFO - Started process (PID=15575) to work on /usr/local/lib/python3.10/dist-packages/airflow/example_dags/example_dag_decorator.py
[2024-01-08T18:44:42.322+0300] {processor.py:830} INFO - Processing file /usr/local/lib/python3.10/dist-packages/airflow/example_dags/example_dag_decorator.py for tasks to queue
[2024-01-08T18:44:42.325+0300] {logging_mixin.py:188} INFO - [2024-01-08T18:44:42.324+0300] {dagbag.py:538} INFO - Filling up the DagBag from /usr/local/lib/python3.10/dist-packages/airflow/example_dags/example_dag_decorator.py
[2024-01-08T18:44:42.814+0300] {processor.py:840} INFO - DAG(s) 'example_dag_decorator' retrieved from /usr/local/lib/python3.10/dist-packages/airflow/example_dags/example_dag_decorator.py
[2024-01-08T18:44:43.417+0300] {logging_mixin.py:188} INFO - [2024-01-08T18:44:43.416+0300] {dag.py:3033} INFO - Sync 1 DAGs
[2024-01-08T18:44:43.448+0300] {logging_mixin.py:188} INFO - [2024-01-08T18:44:43.448+0300] {dag.py:3820} INFO - Setting next_dagrun for example_dag_decorator to None, run_after=None
[2024-01-08T18:44:43.526+0300] {processor.py:183} INFO - Processing /usr/local/lib/python3.10/dist-packages/airflow/example_dags/example_dag_decorator.py took 1.224 seconds
[2024-01-08T18:45:15.491+0300] {processor.py:161} INFO - Started process (PID=15960) to work on /usr/local/lib/python3.10/dist-packages/airflow/example_dags/example_dag_decorator.py
[2024-01-08T18:45:15.509+0300] {processor.py:830} INFO - Processing file /usr/local/lib/python3.10/dist-packages/airflow/example_dags/example_dag_decorator.py for tasks to queue
[2024-01-08T18:45:15.513+0300] {logging_mixin.py:188} INFO - [2024-01-08T18:45:15.510+0300] {dagbag.py:538} INFO - Filling up the DagBag from /usr/local/lib/python3.10/dist-packages/airflow/example_dags/example_dag_decorator.py
[2024-01-08T18:45:16.376+0300] {processor.py:840} INFO - DAG(s) 'example_dag_decorator' retrieved from /usr/local/lib/python3.10/dist-packages/airflow/example_dags/example_dag_decorator.py
[2024-01-08T18:45:17.199+0300] {logging_mixin.py:188} INFO - [2024-01-08T18:45:17.199+0300] {dag.py:3033} INFO - Sync 1 DAGs
[2024-01-08T18:45:17.289+0300] {logging_mixin.py:188} INFO - [2024-01-08T18:45:17.288+0300] {dag.py:3820} INFO - Setting next_dagrun for example_dag_decorator to None, run_after=None
[2024-01-08T18:45:17.440+0300] {processor.py:183} INFO - Processing /usr/local/lib/python3.10/dist-packages/airflow/example_dags/example_dag_decorator.py took 1.974 seconds
[2024-01-08T18:46:22.487+0300] {processor.py:161} INFO - Started process (PID=16667) to work on /usr/local/lib/python3.10/dist-packages/airflow/example_dags/example_dag_decorator.py
[2024-01-08T18:46:22.517+0300] {processor.py:830} INFO - Processing file /usr/local/lib/python3.10/dist-packages/airflow/example_dags/example_dag_decorator.py for tasks to queue
[2024-01-08T18:46:22.520+0300] {logging_mixin.py:188} INFO - [2024-01-08T18:46:22.518+0300] {dagbag.py:538} INFO - Filling up the DagBag from /usr/local/lib/python3.10/dist-packages/airflow/example_dags/example_dag_decorator.py
[2024-01-08T18:46:23.669+0300] {processor.py:840} INFO - DAG(s) 'example_dag_decorator' retrieved from /usr/local/lib/python3.10/dist-packages/airflow/example_dags/example_dag_decorator.py
[2024-01-08T18:46:25.268+0300] {logging_mixin.py:188} INFO - [2024-01-08T18:46:25.268+0300] {dag.py:3033} INFO - Sync 1 DAGs
[2024-01-08T18:46:25.483+0300] {logging_mixin.py:188} INFO - [2024-01-08T18:46:25.483+0300] {dag.py:3820} INFO - Setting next_dagrun for example_dag_decorator to None, run_after=None
[2024-01-08T18:46:25.606+0300] {processor.py:183} INFO - Processing /usr/local/lib/python3.10/dist-packages/airflow/example_dags/example_dag_decorator.py took 3.190 seconds
[2024-01-08T18:47:00.717+0300] {processor.py:161} INFO - Started process (PID=17150) to work on /usr/local/lib/python3.10/dist-packages/airflow/example_dags/example_dag_decorator.py
[2024-01-08T18:47:00.721+0300] {processor.py:830} INFO - Processing file /usr/local/lib/python3.10/dist-packages/airflow/example_dags/example_dag_decorator.py for tasks to queue
[2024-01-08T18:47:00.724+0300] {logging_mixin.py:188} INFO - [2024-01-08T18:47:00.723+0300] {dagbag.py:538} INFO - Filling up the DagBag from /usr/local/lib/python3.10/dist-packages/airflow/example_dags/example_dag_decorator.py
[2024-01-08T18:47:01.383+0300] {processor.py:840} INFO - DAG(s) 'example_dag_decorator' retrieved from /usr/local/lib/python3.10/dist-packages/airflow/example_dags/example_dag_decorator.py
[2024-01-08T18:47:02.506+0300] {logging_mixin.py:188} INFO - [2024-01-08T18:47:02.506+0300] {dag.py:3033} INFO - Sync 1 DAGs
[2024-01-08T18:47:02.554+0300] {logging_mixin.py:188} INFO - [2024-01-08T18:47:02.554+0300] {dag.py:3820} INFO - Setting next_dagrun for example_dag_decorator to None, run_after=None
[2024-01-08T18:47:02.644+0300] {processor.py:183} INFO - Processing /usr/local/lib/python3.10/dist-packages/airflow/example_dags/example_dag_decorator.py took 1.941 seconds
[2024-01-08T18:47:32.872+0300] {processor.py:161} INFO - Started process (PID=17495) to work on /usr/local/lib/python3.10/dist-packages/airflow/example_dags/example_dag_decorator.py
[2024-01-08T18:47:32.885+0300] {processor.py:830} INFO - Processing file /usr/local/lib/python3.10/dist-packages/airflow/example_dags/example_dag_decorator.py for tasks to queue
[2024-01-08T18:47:32.887+0300] {logging_mixin.py:188} INFO - [2024-01-08T18:47:32.886+0300] {dagbag.py:538} INFO - Filling up the DagBag from /usr/local/lib/python3.10/dist-packages/airflow/example_dags/example_dag_decorator.py
[2024-01-08T18:47:33.490+0300] {processor.py:840} INFO - DAG(s) 'example_dag_decorator' retrieved from /usr/local/lib/python3.10/dist-packages/airflow/example_dags/example_dag_decorator.py
[2024-01-08T18:47:34.346+0300] {logging_mixin.py:188} INFO - [2024-01-08T18:47:34.345+0300] {dag.py:3033} INFO - Sync 1 DAGs
[2024-01-08T18:47:34.408+0300] {logging_mixin.py:188} INFO - [2024-01-08T18:47:34.408+0300] {dag.py:3820} INFO - Setting next_dagrun for example_dag_decorator to None, run_after=None
[2024-01-08T18:47:34.469+0300] {processor.py:183} INFO - Processing /usr/local/lib/python3.10/dist-packages/airflow/example_dags/example_dag_decorator.py took 1.653 seconds
[2024-01-08T18:48:04.883+0300] {processor.py:161} INFO - Started process (PID=17853) to work on /usr/local/lib/python3.10/dist-packages/airflow/example_dags/example_dag_decorator.py
[2024-01-08T18:48:04.893+0300] {processor.py:830} INFO - Processing file /usr/local/lib/python3.10/dist-packages/airflow/example_dags/example_dag_decorator.py for tasks to queue
[2024-01-08T18:48:04.894+0300] {logging_mixin.py:188} INFO - [2024-01-08T18:48:04.894+0300] {dagbag.py:538} INFO - Filling up the DagBag from /usr/local/lib/python3.10/dist-packages/airflow/example_dags/example_dag_decorator.py
[2024-01-08T18:48:06.042+0300] {processor.py:840} INFO - DAG(s) 'example_dag_decorator' retrieved from /usr/local/lib/python3.10/dist-packages/airflow/example_dags/example_dag_decorator.py
[2024-01-08T18:48:08.066+0300] {logging_mixin.py:188} INFO - [2024-01-08T18:48:08.065+0300] {dag.py:3033} INFO - Sync 1 DAGs
[2024-01-08T18:48:08.251+0300] {logging_mixin.py:188} INFO - [2024-01-08T18:48:08.250+0300] {dag.py:3820} INFO - Setting next_dagrun for example_dag_decorator to None, run_after=None
[2024-01-08T18:48:08.552+0300] {processor.py:183} INFO - Processing /usr/local/lib/python3.10/dist-packages/airflow/example_dags/example_dag_decorator.py took 3.713 seconds
[2024-01-08T18:48:41.520+0300] {processor.py:161} INFO - Started process (PID=18315) to work on /usr/local/lib/python3.10/dist-packages/airflow/example_dags/example_dag_decorator.py
[2024-01-08T18:48:41.534+0300] {processor.py:830} INFO - Processing file /usr/local/lib/python3.10/dist-packages/airflow/example_dags/example_dag_decorator.py for tasks to queue
[2024-01-08T18:48:41.537+0300] {logging_mixin.py:188} INFO - [2024-01-08T18:48:41.536+0300] {dagbag.py:538} INFO - Filling up the DagBag from /usr/local/lib/python3.10/dist-packages/airflow/example_dags/example_dag_decorator.py
[2024-01-08T18:48:41.887+0300] {processor.py:840} INFO - DAG(s) 'example_dag_decorator' retrieved from /usr/local/lib/python3.10/dist-packages/airflow/example_dags/example_dag_decorator.py
[2024-01-08T18:48:42.634+0300] {logging_mixin.py:188} INFO - [2024-01-08T18:48:42.634+0300] {dag.py:3033} INFO - Sync 1 DAGs
[2024-01-08T18:48:42.707+0300] {logging_mixin.py:188} INFO - [2024-01-08T18:48:42.707+0300] {dag.py:3820} INFO - Setting next_dagrun for example_dag_decorator to None, run_after=None
[2024-01-08T18:48:42.783+0300] {processor.py:183} INFO - Processing /usr/local/lib/python3.10/dist-packages/airflow/example_dags/example_dag_decorator.py took 1.289 seconds
[2024-01-08T18:49:25.526+0300] {processor.py:161} INFO - Started process (PID=18774) to work on /usr/local/lib/python3.10/dist-packages/airflow/example_dags/example_dag_decorator.py
[2024-01-08T18:49:25.529+0300] {processor.py:830} INFO - Processing file /usr/local/lib/python3.10/dist-packages/airflow/example_dags/example_dag_decorator.py for tasks to queue
[2024-01-08T18:49:25.531+0300] {logging_mixin.py:188} INFO - [2024-01-08T18:49:25.531+0300] {dagbag.py:538} INFO - Filling up the DagBag from /usr/local/lib/python3.10/dist-packages/airflow/example_dags/example_dag_decorator.py
[2024-01-08T18:49:25.818+0300] {processor.py:840} INFO - DAG(s) 'example_dag_decorator' retrieved from /usr/local/lib/python3.10/dist-packages/airflow/example_dags/example_dag_decorator.py
[2024-01-08T18:49:26.221+0300] {logging_mixin.py:188} INFO - [2024-01-08T18:49:26.221+0300] {dag.py:3033} INFO - Sync 1 DAGs
[2024-01-08T18:49:26.279+0300] {logging_mixin.py:188} INFO - [2024-01-08T18:49:26.278+0300] {dag.py:3820} INFO - Setting next_dagrun for example_dag_decorator to None, run_after=None
[2024-01-08T18:49:26.335+0300] {processor.py:183} INFO - Processing /usr/local/lib/python3.10/dist-packages/airflow/example_dags/example_dag_decorator.py took 0.825 seconds
[2024-01-08T18:49:56.903+0300] {processor.py:161} INFO - Started process (PID=19098) to work on /usr/local/lib/python3.10/dist-packages/airflow/example_dags/example_dag_decorator.py
[2024-01-08T18:49:56.907+0300] {processor.py:830} INFO - Processing file /usr/local/lib/python3.10/dist-packages/airflow/example_dags/example_dag_decorator.py for tasks to queue
[2024-01-08T18:49:56.911+0300] {logging_mixin.py:188} INFO - [2024-01-08T18:49:56.910+0300] {dagbag.py:538} INFO - Filling up the DagBag from /usr/local/lib/python3.10/dist-packages/airflow/example_dags/example_dag_decorator.py
[2024-01-08T18:49:57.397+0300] {processor.py:840} INFO - DAG(s) 'example_dag_decorator' retrieved from /usr/local/lib/python3.10/dist-packages/airflow/example_dags/example_dag_decorator.py
[2024-01-08T18:49:57.971+0300] {logging_mixin.py:188} INFO - [2024-01-08T18:49:57.970+0300] {dag.py:3033} INFO - Sync 1 DAGs
[2024-01-08T18:49:58.019+0300] {logging_mixin.py:188} INFO - [2024-01-08T18:49:58.018+0300] {dag.py:3820} INFO - Setting next_dagrun for example_dag_decorator to None, run_after=None
[2024-01-08T18:49:58.078+0300] {processor.py:183} INFO - Processing /usr/local/lib/python3.10/dist-packages/airflow/example_dags/example_dag_decorator.py took 1.189 seconds
[2024-01-08T18:50:28.368+0300] {processor.py:161} INFO - Started process (PID=19418) to work on /usr/local/lib/python3.10/dist-packages/airflow/example_dags/example_dag_decorator.py
[2024-01-08T18:50:28.371+0300] {processor.py:830} INFO - Processing file /usr/local/lib/python3.10/dist-packages/airflow/example_dags/example_dag_decorator.py for tasks to queue
[2024-01-08T18:50:28.374+0300] {logging_mixin.py:188} INFO - [2024-01-08T18:50:28.374+0300] {dagbag.py:538} INFO - Filling up the DagBag from /usr/local/lib/python3.10/dist-packages/airflow/example_dags/example_dag_decorator.py
[2024-01-08T18:50:28.651+0300] {processor.py:840} INFO - DAG(s) 'example_dag_decorator' retrieved from /usr/local/lib/python3.10/dist-packages/airflow/example_dags/example_dag_decorator.py
[2024-01-08T18:50:29.135+0300] {logging_mixin.py:188} INFO - [2024-01-08T18:50:29.135+0300] {dag.py:3033} INFO - Sync 1 DAGs
[2024-01-08T18:50:29.179+0300] {logging_mixin.py:188} INFO - [2024-01-08T18:50:29.179+0300] {dag.py:3820} INFO - Setting next_dagrun for example_dag_decorator to None, run_after=None
[2024-01-08T18:50:29.237+0300] {processor.py:183} INFO - Processing /usr/local/lib/python3.10/dist-packages/airflow/example_dags/example_dag_decorator.py took 0.880 seconds
[2024-01-08T18:51:00.403+0300] {processor.py:161} INFO - Started process (PID=19757) to work on /usr/local/lib/python3.10/dist-packages/airflow/example_dags/example_dag_decorator.py
[2024-01-08T18:51:00.422+0300] {processor.py:830} INFO - Processing file /usr/local/lib/python3.10/dist-packages/airflow/example_dags/example_dag_decorator.py for tasks to queue
[2024-01-08T18:51:00.442+0300] {logging_mixin.py:188} INFO - [2024-01-08T18:51:00.423+0300] {dagbag.py:538} INFO - Filling up the DagBag from /usr/local/lib/python3.10/dist-packages/airflow/example_dags/example_dag_decorator.py
[2024-01-08T18:51:01.248+0300] {processor.py:840} INFO - DAG(s) 'example_dag_decorator' retrieved from /usr/local/lib/python3.10/dist-packages/airflow/example_dags/example_dag_decorator.py
[2024-01-08T18:51:02.068+0300] {logging_mixin.py:188} INFO - [2024-01-08T18:51:02.067+0300] {dag.py:3033} INFO - Sync 1 DAGs
[2024-01-08T18:51:02.158+0300] {logging_mixin.py:188} INFO - [2024-01-08T18:51:02.158+0300] {dag.py:3820} INFO - Setting next_dagrun for example_dag_decorator to None, run_after=None
[2024-01-08T18:51:02.314+0300] {processor.py:183} INFO - Processing /usr/local/lib/python3.10/dist-packages/airflow/example_dags/example_dag_decorator.py took 1.933 seconds
[2024-01-08T18:51:32.701+0300] {processor.py:161} INFO - Started process (PID=20136) to work on /usr/local/lib/python3.10/dist-packages/airflow/example_dags/example_dag_decorator.py
[2024-01-08T18:51:32.703+0300] {processor.py:830} INFO - Processing file /usr/local/lib/python3.10/dist-packages/airflow/example_dags/example_dag_decorator.py for tasks to queue
[2024-01-08T18:51:32.711+0300] {logging_mixin.py:188} INFO - [2024-01-08T18:51:32.711+0300] {dagbag.py:538} INFO - Filling up the DagBag from /usr/local/lib/python3.10/dist-packages/airflow/example_dags/example_dag_decorator.py
[2024-01-08T18:51:33.666+0300] {processor.py:840} INFO - DAG(s) 'example_dag_decorator' retrieved from /usr/local/lib/python3.10/dist-packages/airflow/example_dags/example_dag_decorator.py
[2024-01-08T18:51:34.594+0300] {logging_mixin.py:188} INFO - [2024-01-08T18:51:34.593+0300] {dag.py:3033} INFO - Sync 1 DAGs
[2024-01-08T18:51:34.716+0300] {logging_mixin.py:188} INFO - [2024-01-08T18:51:34.715+0300] {dag.py:3820} INFO - Setting next_dagrun for example_dag_decorator to None, run_after=None
[2024-01-08T18:51:34.905+0300] {processor.py:183} INFO - Processing /usr/local/lib/python3.10/dist-packages/airflow/example_dags/example_dag_decorator.py took 2.229 seconds
[2024-01-08T18:52:23.763+0300] {processor.py:161} INFO - Started process (PID=20655) to work on /usr/local/lib/python3.10/dist-packages/airflow/example_dags/example_dag_decorator.py
[2024-01-08T18:52:23.791+0300] {processor.py:830} INFO - Processing file /usr/local/lib/python3.10/dist-packages/airflow/example_dags/example_dag_decorator.py for tasks to queue
[2024-01-08T18:52:23.800+0300] {logging_mixin.py:188} INFO - [2024-01-08T18:52:23.800+0300] {dagbag.py:538} INFO - Filling up the DagBag from /usr/local/lib/python3.10/dist-packages/airflow/example_dags/example_dag_decorator.py
[2024-01-08T18:52:24.852+0300] {processor.py:840} INFO - DAG(s) 'example_dag_decorator' retrieved from /usr/local/lib/python3.10/dist-packages/airflow/example_dags/example_dag_decorator.py
[2024-01-08T18:52:25.746+0300] {logging_mixin.py:188} INFO - [2024-01-08T18:52:25.746+0300] {dag.py:3033} INFO - Sync 1 DAGs
[2024-01-08T18:52:25.817+0300] {logging_mixin.py:188} INFO - [2024-01-08T18:52:25.816+0300] {dag.py:3820} INFO - Setting next_dagrun for example_dag_decorator to None, run_after=None
[2024-01-08T18:52:25.982+0300] {processor.py:183} INFO - Processing /usr/local/lib/python3.10/dist-packages/airflow/example_dags/example_dag_decorator.py took 2.303 seconds
[2024-01-08T18:53:05.830+0300] {processor.py:161} INFO - Started process (PID=21070) to work on /usr/local/lib/python3.10/dist-packages/airflow/example_dags/example_dag_decorator.py
[2024-01-08T18:53:05.842+0300] {processor.py:830} INFO - Processing file /usr/local/lib/python3.10/dist-packages/airflow/example_dags/example_dag_decorator.py for tasks to queue
[2024-01-08T18:53:05.866+0300] {logging_mixin.py:188} INFO - [2024-01-08T18:53:05.844+0300] {dagbag.py:538} INFO - Filling up the DagBag from /usr/local/lib/python3.10/dist-packages/airflow/example_dags/example_dag_decorator.py
[2024-01-08T18:53:07.087+0300] {processor.py:840} INFO - DAG(s) 'example_dag_decorator' retrieved from /usr/local/lib/python3.10/dist-packages/airflow/example_dags/example_dag_decorator.py
[2024-01-08T18:53:09.532+0300] {logging_mixin.py:188} INFO - [2024-01-08T18:53:09.515+0300] {dag.py:3033} INFO - Sync 1 DAGs
[2024-01-08T18:53:09.702+0300] {logging_mixin.py:188} INFO - [2024-01-08T18:53:09.701+0300] {dag.py:3820} INFO - Setting next_dagrun for example_dag_decorator to None, run_after=None
[2024-01-08T18:53:09.873+0300] {processor.py:183} INFO - Processing /usr/local/lib/python3.10/dist-packages/airflow/example_dags/example_dag_decorator.py took 4.157 seconds
[2024-01-08T18:54:04.883+0300] {processor.py:161} INFO - Started process (PID=21621) to work on /usr/local/lib/python3.10/dist-packages/airflow/example_dags/example_dag_decorator.py
[2024-01-08T18:54:04.895+0300] {processor.py:830} INFO - Processing file /usr/local/lib/python3.10/dist-packages/airflow/example_dags/example_dag_decorator.py for tasks to queue
[2024-01-08T18:54:04.905+0300] {logging_mixin.py:188} INFO - [2024-01-08T18:54:04.898+0300] {dagbag.py:538} INFO - Filling up the DagBag from /usr/local/lib/python3.10/dist-packages/airflow/example_dags/example_dag_decorator.py
[2024-01-08T18:54:06.237+0300] {processor.py:840} INFO - DAG(s) 'example_dag_decorator' retrieved from /usr/local/lib/python3.10/dist-packages/airflow/example_dags/example_dag_decorator.py
[2024-01-08T18:54:07.668+0300] {logging_mixin.py:188} INFO - [2024-01-08T18:54:07.662+0300] {dag.py:3033} INFO - Sync 1 DAGs
[2024-01-08T18:54:07.743+0300] {logging_mixin.py:188} INFO - [2024-01-08T18:54:07.742+0300] {dag.py:3820} INFO - Setting next_dagrun for example_dag_decorator to None, run_after=None
[2024-01-08T18:54:07.929+0300] {processor.py:183} INFO - Processing /usr/local/lib/python3.10/dist-packages/airflow/example_dags/example_dag_decorator.py took 3.100 seconds
[2024-01-08T18:54:44.083+0300] {processor.py:161} INFO - Started process (PID=22073) to work on /usr/local/lib/python3.10/dist-packages/airflow/example_dags/example_dag_decorator.py
[2024-01-08T18:54:44.122+0300] {processor.py:830} INFO - Processing file /usr/local/lib/python3.10/dist-packages/airflow/example_dags/example_dag_decorator.py for tasks to queue
[2024-01-08T18:54:44.124+0300] {logging_mixin.py:188} INFO - [2024-01-08T18:54:44.123+0300] {dagbag.py:538} INFO - Filling up the DagBag from /usr/local/lib/python3.10/dist-packages/airflow/example_dags/example_dag_decorator.py
[2024-01-08T18:54:47.034+0300] {processor.py:840} INFO - DAG(s) 'example_dag_decorator' retrieved from /usr/local/lib/python3.10/dist-packages/airflow/example_dags/example_dag_decorator.py
[2024-01-08T18:54:49.238+0300] {logging_mixin.py:188} INFO - [2024-01-08T18:54:49.237+0300] {dag.py:3033} INFO - Sync 1 DAGs
[2024-01-08T18:54:49.277+0300] {logging_mixin.py:188} INFO - [2024-01-08T18:54:49.277+0300] {dag.py:3820} INFO - Setting next_dagrun for example_dag_decorator to None, run_after=None
[2024-01-08T18:54:49.621+0300] {processor.py:183} INFO - Processing /usr/local/lib/python3.10/dist-packages/airflow/example_dags/example_dag_decorator.py took 5.661 seconds
[2024-01-08T18:55:20.029+0300] {processor.py:161} INFO - Started process (PID=22503) to work on /usr/local/lib/python3.10/dist-packages/airflow/example_dags/example_dag_decorator.py
[2024-01-08T18:55:20.032+0300] {processor.py:830} INFO - Processing file /usr/local/lib/python3.10/dist-packages/airflow/example_dags/example_dag_decorator.py for tasks to queue
[2024-01-08T18:55:20.034+0300] {logging_mixin.py:188} INFO - [2024-01-08T18:55:20.034+0300] {dagbag.py:538} INFO - Filling up the DagBag from /usr/local/lib/python3.10/dist-packages/airflow/example_dags/example_dag_decorator.py
[2024-01-08T18:55:20.232+0300] {processor.py:840} INFO - DAG(s) 'example_dag_decorator' retrieved from /usr/local/lib/python3.10/dist-packages/airflow/example_dags/example_dag_decorator.py
[2024-01-08T18:55:20.577+0300] {logging_mixin.py:188} INFO - [2024-01-08T18:55:20.576+0300] {dag.py:3033} INFO - Sync 1 DAGs
[2024-01-08T18:55:20.599+0300] {logging_mixin.py:188} INFO - [2024-01-08T18:55:20.599+0300] {dag.py:3820} INFO - Setting next_dagrun for example_dag_decorator to None, run_after=None
[2024-01-08T18:55:21.060+0300] {processor.py:183} INFO - Processing /usr/local/lib/python3.10/dist-packages/airflow/example_dags/example_dag_decorator.py took 1.045 seconds
[2024-01-08T18:55:51.649+0300] {processor.py:161} INFO - Started process (PID=22884) to work on /usr/local/lib/python3.10/dist-packages/airflow/example_dags/example_dag_decorator.py
[2024-01-08T18:55:51.652+0300] {processor.py:830} INFO - Processing file /usr/local/lib/python3.10/dist-packages/airflow/example_dags/example_dag_decorator.py for tasks to queue
[2024-01-08T18:55:51.655+0300] {logging_mixin.py:188} INFO - [2024-01-08T18:55:51.654+0300] {dagbag.py:538} INFO - Filling up the DagBag from /usr/local/lib/python3.10/dist-packages/airflow/example_dags/example_dag_decorator.py
[2024-01-08T18:55:51.901+0300] {processor.py:840} INFO - DAG(s) 'example_dag_decorator' retrieved from /usr/local/lib/python3.10/dist-packages/airflow/example_dags/example_dag_decorator.py
[2024-01-08T18:55:52.238+0300] {logging_mixin.py:188} INFO - [2024-01-08T18:55:52.237+0300] {dag.py:3033} INFO - Sync 1 DAGs
[2024-01-08T18:55:52.262+0300] {logging_mixin.py:188} INFO - [2024-01-08T18:55:52.261+0300] {dag.py:3820} INFO - Setting next_dagrun for example_dag_decorator to None, run_after=None
[2024-01-08T18:55:52.321+0300] {processor.py:183} INFO - Processing /usr/local/lib/python3.10/dist-packages/airflow/example_dags/example_dag_decorator.py took 0.684 seconds
[2024-01-08T18:56:22.542+0300] {processor.py:161} INFO - Started process (PID=23203) to work on /usr/local/lib/python3.10/dist-packages/airflow/example_dags/example_dag_decorator.py
[2024-01-08T18:56:22.545+0300] {processor.py:830} INFO - Processing file /usr/local/lib/python3.10/dist-packages/airflow/example_dags/example_dag_decorator.py for tasks to queue
[2024-01-08T18:56:22.547+0300] {logging_mixin.py:188} INFO - [2024-01-08T18:56:22.547+0300] {dagbag.py:538} INFO - Filling up the DagBag from /usr/local/lib/python3.10/dist-packages/airflow/example_dags/example_dag_decorator.py
[2024-01-08T18:56:22.835+0300] {processor.py:840} INFO - DAG(s) 'example_dag_decorator' retrieved from /usr/local/lib/python3.10/dist-packages/airflow/example_dags/example_dag_decorator.py
[2024-01-08T18:56:23.141+0300] {logging_mixin.py:188} INFO - [2024-01-08T18:56:23.140+0300] {dag.py:3033} INFO - Sync 1 DAGs
[2024-01-08T18:56:23.172+0300] {logging_mixin.py:188} INFO - [2024-01-08T18:56:23.172+0300] {dag.py:3820} INFO - Setting next_dagrun for example_dag_decorator to None, run_after=None
[2024-01-08T18:56:23.238+0300] {processor.py:183} INFO - Processing /usr/local/lib/python3.10/dist-packages/airflow/example_dags/example_dag_decorator.py took 0.706 seconds
[2024-01-08T18:56:53.361+0300] {processor.py:161} INFO - Started process (PID=23516) to work on /usr/local/lib/python3.10/dist-packages/airflow/example_dags/example_dag_decorator.py
[2024-01-08T18:56:53.364+0300] {processor.py:830} INFO - Processing file /usr/local/lib/python3.10/dist-packages/airflow/example_dags/example_dag_decorator.py for tasks to queue
[2024-01-08T18:56:53.365+0300] {logging_mixin.py:188} INFO - [2024-01-08T18:56:53.365+0300] {dagbag.py:538} INFO - Filling up the DagBag from /usr/local/lib/python3.10/dist-packages/airflow/example_dags/example_dag_decorator.py
[2024-01-08T18:56:53.799+0300] {processor.py:840} INFO - DAG(s) 'example_dag_decorator' retrieved from /usr/local/lib/python3.10/dist-packages/airflow/example_dags/example_dag_decorator.py
[2024-01-08T18:56:54.325+0300] {logging_mixin.py:188} INFO - [2024-01-08T18:56:54.324+0300] {dag.py:3033} INFO - Sync 1 DAGs
[2024-01-08T18:56:54.355+0300] {logging_mixin.py:188} INFO - [2024-01-08T18:56:54.355+0300] {dag.py:3820} INFO - Setting next_dagrun for example_dag_decorator to None, run_after=None
[2024-01-08T18:56:54.406+0300] {processor.py:183} INFO - Processing /usr/local/lib/python3.10/dist-packages/airflow/example_dags/example_dag_decorator.py took 1.060 seconds
[2024-01-08T18:57:24.584+0300] {processor.py:161} INFO - Started process (PID=23905) to work on /usr/local/lib/python3.10/dist-packages/airflow/example_dags/example_dag_decorator.py
[2024-01-08T18:57:24.588+0300] {processor.py:830} INFO - Processing file /usr/local/lib/python3.10/dist-packages/airflow/example_dags/example_dag_decorator.py for tasks to queue
[2024-01-08T18:57:24.594+0300] {logging_mixin.py:188} INFO - [2024-01-08T18:57:24.590+0300] {dagbag.py:538} INFO - Filling up the DagBag from /usr/local/lib/python3.10/dist-packages/airflow/example_dags/example_dag_decorator.py
[2024-01-08T18:57:24.998+0300] {processor.py:840} INFO - DAG(s) 'example_dag_decorator' retrieved from /usr/local/lib/python3.10/dist-packages/airflow/example_dags/example_dag_decorator.py
[2024-01-08T18:57:25.322+0300] {logging_mixin.py:188} INFO - [2024-01-08T18:57:25.322+0300] {dag.py:3033} INFO - Sync 1 DAGs
[2024-01-08T18:57:25.343+0300] {logging_mixin.py:188} INFO - [2024-01-08T18:57:25.343+0300] {dag.py:3820} INFO - Setting next_dagrun for example_dag_decorator to None, run_after=None
[2024-01-08T18:57:25.391+0300] {processor.py:183} INFO - Processing /usr/local/lib/python3.10/dist-packages/airflow/example_dags/example_dag_decorator.py took 0.827 seconds
[2024-01-08T18:57:56.882+0300] {processor.py:161} INFO - Started process (PID=24277) to work on /usr/local/lib/python3.10/dist-packages/airflow/example_dags/example_dag_decorator.py
[2024-01-08T18:57:56.887+0300] {processor.py:830} INFO - Processing file /usr/local/lib/python3.10/dist-packages/airflow/example_dags/example_dag_decorator.py for tasks to queue
[2024-01-08T18:57:56.891+0300] {logging_mixin.py:188} INFO - [2024-01-08T18:57:56.891+0300] {dagbag.py:538} INFO - Filling up the DagBag from /usr/local/lib/python3.10/dist-packages/airflow/example_dags/example_dag_decorator.py
[2024-01-08T18:57:57.210+0300] {processor.py:840} INFO - DAG(s) 'example_dag_decorator' retrieved from /usr/local/lib/python3.10/dist-packages/airflow/example_dags/example_dag_decorator.py
[2024-01-08T18:57:57.919+0300] {logging_mixin.py:188} INFO - [2024-01-08T18:57:57.919+0300] {dag.py:3033} INFO - Sync 1 DAGs
[2024-01-08T18:57:57.949+0300] {logging_mixin.py:188} INFO - [2024-01-08T18:57:57.949+0300] {dag.py:3820} INFO - Setting next_dagrun for example_dag_decorator to None, run_after=None
[2024-01-08T18:57:58.008+0300] {processor.py:183} INFO - Processing /usr/local/lib/python3.10/dist-packages/airflow/example_dags/example_dag_decorator.py took 1.140 seconds
[2024-01-08T18:58:37.943+0300] {processor.py:161} INFO - Started process (PID=24715) to work on /usr/local/lib/python3.10/dist-packages/airflow/example_dags/example_dag_decorator.py
[2024-01-08T18:58:37.952+0300] {processor.py:830} INFO - Processing file /usr/local/lib/python3.10/dist-packages/airflow/example_dags/example_dag_decorator.py for tasks to queue
[2024-01-08T18:58:37.955+0300] {logging_mixin.py:188} INFO - [2024-01-08T18:58:37.954+0300] {dagbag.py:538} INFO - Filling up the DagBag from /usr/local/lib/python3.10/dist-packages/airflow/example_dags/example_dag_decorator.py
[2024-01-08T18:58:39.007+0300] {processor.py:840} INFO - DAG(s) 'example_dag_decorator' retrieved from /usr/local/lib/python3.10/dist-packages/airflow/example_dags/example_dag_decorator.py
[2024-01-08T18:58:40.686+0300] {logging_mixin.py:188} INFO - [2024-01-08T18:58:40.686+0300] {dag.py:3033} INFO - Sync 1 DAGs
[2024-01-08T18:58:41.953+0300] {logging_mixin.py:188} INFO - [2024-01-08T18:58:41.952+0300] {dag.py:3820} INFO - Setting next_dagrun for example_dag_decorator to None, run_after=None
[2024-01-08T18:58:42.271+0300] {processor.py:183} INFO - Processing /usr/local/lib/python3.10/dist-packages/airflow/example_dags/example_dag_decorator.py took 4.374 seconds
[2024-01-08T18:59:12.854+0300] {processor.py:161} INFO - Started process (PID=25152) to work on /usr/local/lib/python3.10/dist-packages/airflow/example_dags/example_dag_decorator.py
[2024-01-08T18:59:12.859+0300] {processor.py:830} INFO - Processing file /usr/local/lib/python3.10/dist-packages/airflow/example_dags/example_dag_decorator.py for tasks to queue
[2024-01-08T18:59:12.860+0300] {logging_mixin.py:188} INFO - [2024-01-08T18:59:12.860+0300] {dagbag.py:538} INFO - Filling up the DagBag from /usr/local/lib/python3.10/dist-packages/airflow/example_dags/example_dag_decorator.py
[2024-01-08T18:59:13.175+0300] {processor.py:840} INFO - DAG(s) 'example_dag_decorator' retrieved from /usr/local/lib/python3.10/dist-packages/airflow/example_dags/example_dag_decorator.py
[2024-01-08T18:59:13.667+0300] {logging_mixin.py:188} INFO - [2024-01-08T18:59:13.667+0300] {dag.py:3033} INFO - Sync 1 DAGs
[2024-01-08T18:59:13.692+0300] {logging_mixin.py:188} INFO - [2024-01-08T18:59:13.691+0300] {dag.py:3820} INFO - Setting next_dagrun for example_dag_decorator to None, run_after=None
[2024-01-08T18:59:13.959+0300] {processor.py:183} INFO - Processing /usr/local/lib/python3.10/dist-packages/airflow/example_dags/example_dag_decorator.py took 1.120 seconds
[2024-01-08T18:59:44.653+0300] {processor.py:161} INFO - Started process (PID=25565) to work on /usr/local/lib/python3.10/dist-packages/airflow/example_dags/example_dag_decorator.py
[2024-01-08T18:59:44.660+0300] {processor.py:830} INFO - Processing file /usr/local/lib/python3.10/dist-packages/airflow/example_dags/example_dag_decorator.py for tasks to queue
[2024-01-08T18:59:44.664+0300] {logging_mixin.py:188} INFO - [2024-01-08T18:59:44.662+0300] {dagbag.py:538} INFO - Filling up the DagBag from /usr/local/lib/python3.10/dist-packages/airflow/example_dags/example_dag_decorator.py
[2024-01-08T18:59:44.895+0300] {processor.py:840} INFO - DAG(s) 'example_dag_decorator' retrieved from /usr/local/lib/python3.10/dist-packages/airflow/example_dags/example_dag_decorator.py
[2024-01-08T18:59:45.228+0300] {logging_mixin.py:188} INFO - [2024-01-08T18:59:45.227+0300] {dag.py:3033} INFO - Sync 1 DAGs
[2024-01-08T18:59:45.253+0300] {logging_mixin.py:188} INFO - [2024-01-08T18:59:45.253+0300] {dag.py:3820} INFO - Setting next_dagrun for example_dag_decorator to None, run_after=None
[2024-01-08T18:59:45.300+0300] {processor.py:183} INFO - Processing /usr/local/lib/python3.10/dist-packages/airflow/example_dags/example_dag_decorator.py took 0.665 seconds
[2024-01-08T19:00:18.317+0300] {processor.py:161} INFO - Started process (PID=25960) to work on /usr/local/lib/python3.10/dist-packages/airflow/example_dags/example_dag_decorator.py
[2024-01-08T19:00:18.319+0300] {processor.py:830} INFO - Processing file /usr/local/lib/python3.10/dist-packages/airflow/example_dags/example_dag_decorator.py for tasks to queue
[2024-01-08T19:00:18.324+0300] {logging_mixin.py:188} INFO - [2024-01-08T19:00:18.324+0300] {dagbag.py:538} INFO - Filling up the DagBag from /usr/local/lib/python3.10/dist-packages/airflow/example_dags/example_dag_decorator.py
[2024-01-08T19:00:19.599+0300] {processor.py:840} INFO - DAG(s) 'example_dag_decorator' retrieved from /usr/local/lib/python3.10/dist-packages/airflow/example_dags/example_dag_decorator.py
[2024-01-08T19:00:21.680+0300] {logging_mixin.py:188} INFO - [2024-01-08T19:00:21.680+0300] {dag.py:3033} INFO - Sync 1 DAGs
[2024-01-08T19:00:21.746+0300] {logging_mixin.py:188} INFO - [2024-01-08T19:00:21.745+0300] {dag.py:3820} INFO - Setting next_dagrun for example_dag_decorator to None, run_after=None
[2024-01-08T19:00:21.900+0300] {processor.py:183} INFO - Processing /usr/local/lib/python3.10/dist-packages/airflow/example_dags/example_dag_decorator.py took 3.613 seconds
[2024-01-08T19:00:53.447+0300] {processor.py:161} INFO - Started process (PID=26423) to work on /usr/local/lib/python3.10/dist-packages/airflow/example_dags/example_dag_decorator.py
[2024-01-08T19:00:53.450+0300] {processor.py:830} INFO - Processing file /usr/local/lib/python3.10/dist-packages/airflow/example_dags/example_dag_decorator.py for tasks to queue
[2024-01-08T19:00:53.451+0300] {logging_mixin.py:188} INFO - [2024-01-08T19:00:53.451+0300] {dagbag.py:538} INFO - Filling up the DagBag from /usr/local/lib/python3.10/dist-packages/airflow/example_dags/example_dag_decorator.py
[2024-01-08T19:00:53.740+0300] {processor.py:840} INFO - DAG(s) 'example_dag_decorator' retrieved from /usr/local/lib/python3.10/dist-packages/airflow/example_dags/example_dag_decorator.py
[2024-01-08T19:00:54.596+0300] {logging_mixin.py:188} INFO - [2024-01-08T19:00:54.595+0300] {dag.py:3033} INFO - Sync 1 DAGs
[2024-01-08T19:00:54.637+0300] {logging_mixin.py:188} INFO - [2024-01-08T19:00:54.637+0300] {dag.py:3820} INFO - Setting next_dagrun for example_dag_decorator to None, run_after=None
[2024-01-08T19:00:54.687+0300] {processor.py:183} INFO - Processing /usr/local/lib/python3.10/dist-packages/airflow/example_dags/example_dag_decorator.py took 1.250 seconds
[2024-01-08T19:01:28.141+0300] {processor.py:161} INFO - Started process (PID=26811) to work on /usr/local/lib/python3.10/dist-packages/airflow/example_dags/example_dag_decorator.py
[2024-01-08T19:01:28.166+0300] {processor.py:830} INFO - Processing file /usr/local/lib/python3.10/dist-packages/airflow/example_dags/example_dag_decorator.py for tasks to queue
[2024-01-08T19:01:28.170+0300] {logging_mixin.py:188} INFO - [2024-01-08T19:01:28.168+0300] {dagbag.py:538} INFO - Filling up the DagBag from /usr/local/lib/python3.10/dist-packages/airflow/example_dags/example_dag_decorator.py
[2024-01-08T19:01:29.525+0300] {processor.py:840} INFO - DAG(s) 'example_dag_decorator' retrieved from /usr/local/lib/python3.10/dist-packages/airflow/example_dags/example_dag_decorator.py
[2024-01-08T19:01:32.426+0300] {logging_mixin.py:188} INFO - [2024-01-08T19:01:32.426+0300] {dag.py:3033} INFO - Sync 1 DAGs
[2024-01-08T19:01:32.512+0300] {logging_mixin.py:188} INFO - [2024-01-08T19:01:32.512+0300] {dag.py:3820} INFO - Setting next_dagrun for example_dag_decorator to None, run_after=None
[2024-01-08T19:01:32.725+0300] {processor.py:183} INFO - Processing /usr/local/lib/python3.10/dist-packages/airflow/example_dags/example_dag_decorator.py took 4.678 seconds
[2024-01-08T19:02:03.738+0300] {processor.py:161} INFO - Started process (PID=27199) to work on /usr/local/lib/python3.10/dist-packages/airflow/example_dags/example_dag_decorator.py
[2024-01-08T19:02:03.741+0300] {processor.py:830} INFO - Processing file /usr/local/lib/python3.10/dist-packages/airflow/example_dags/example_dag_decorator.py for tasks to queue
[2024-01-08T19:02:03.743+0300] {logging_mixin.py:188} INFO - [2024-01-08T19:02:03.742+0300] {dagbag.py:538} INFO - Filling up the DagBag from /usr/local/lib/python3.10/dist-packages/airflow/example_dags/example_dag_decorator.py
[2024-01-08T19:02:04.040+0300] {processor.py:840} INFO - DAG(s) 'example_dag_decorator' retrieved from /usr/local/lib/python3.10/dist-packages/airflow/example_dags/example_dag_decorator.py
[2024-01-08T19:02:04.472+0300] {logging_mixin.py:188} INFO - [2024-01-08T19:02:04.471+0300] {dag.py:3033} INFO - Sync 1 DAGs
[2024-01-08T19:02:04.806+0300] {logging_mixin.py:188} INFO - [2024-01-08T19:02:04.805+0300] {dag.py:3820} INFO - Setting next_dagrun for example_dag_decorator to None, run_after=None
[2024-01-08T19:02:04.864+0300] {processor.py:183} INFO - Processing /usr/local/lib/python3.10/dist-packages/airflow/example_dags/example_dag_decorator.py took 1.136 seconds
[2024-01-08T19:02:36.392+0300] {processor.py:161} INFO - Started process (PID=27535) to work on /usr/local/lib/python3.10/dist-packages/airflow/example_dags/example_dag_decorator.py
[2024-01-08T19:02:36.402+0300] {processor.py:830} INFO - Processing file /usr/local/lib/python3.10/dist-packages/airflow/example_dags/example_dag_decorator.py for tasks to queue
[2024-01-08T19:02:36.408+0300] {logging_mixin.py:188} INFO - [2024-01-08T19:02:36.407+0300] {dagbag.py:538} INFO - Filling up the DagBag from /usr/local/lib/python3.10/dist-packages/airflow/example_dags/example_dag_decorator.py
[2024-01-08T19:02:36.661+0300] {processor.py:840} INFO - DAG(s) 'example_dag_decorator' retrieved from /usr/local/lib/python3.10/dist-packages/airflow/example_dags/example_dag_decorator.py
[2024-01-08T19:02:37.272+0300] {logging_mixin.py:188} INFO - [2024-01-08T19:02:37.271+0300] {dag.py:3033} INFO - Sync 1 DAGs
[2024-01-08T19:02:37.299+0300] {logging_mixin.py:188} INFO - [2024-01-08T19:02:37.299+0300] {dag.py:3820} INFO - Setting next_dagrun for example_dag_decorator to None, run_after=None
[2024-01-08T19:02:37.376+0300] {processor.py:183} INFO - Processing /usr/local/lib/python3.10/dist-packages/airflow/example_dags/example_dag_decorator.py took 1.010 seconds
[2024-01-08T19:03:24.479+0300] {processor.py:161} INFO - Started process (PID=28031) to work on /usr/local/lib/python3.10/dist-packages/airflow/example_dags/example_dag_decorator.py
[2024-01-08T19:03:24.484+0300] {processor.py:830} INFO - Processing file /usr/local/lib/python3.10/dist-packages/airflow/example_dags/example_dag_decorator.py for tasks to queue
[2024-01-08T19:03:24.488+0300] {logging_mixin.py:188} INFO - [2024-01-08T19:03:24.487+0300] {dagbag.py:538} INFO - Filling up the DagBag from /usr/local/lib/python3.10/dist-packages/airflow/example_dags/example_dag_decorator.py
[2024-01-08T19:03:24.922+0300] {processor.py:840} INFO - DAG(s) 'example_dag_decorator' retrieved from /usr/local/lib/python3.10/dist-packages/airflow/example_dags/example_dag_decorator.py
[2024-01-08T19:03:25.957+0300] {logging_mixin.py:188} INFO - [2024-01-08T19:03:25.956+0300] {dag.py:3033} INFO - Sync 1 DAGs
[2024-01-08T19:03:26.011+0300] {logging_mixin.py:188} INFO - [2024-01-08T19:03:26.010+0300] {dag.py:3820} INFO - Setting next_dagrun for example_dag_decorator to None, run_after=None
[2024-01-08T19:03:26.071+0300] {processor.py:183} INFO - Processing /usr/local/lib/python3.10/dist-packages/airflow/example_dags/example_dag_decorator.py took 1.611 seconds
[2024-01-08T19:03:56.311+0300] {processor.py:161} INFO - Started process (PID=28416) to work on /usr/local/lib/python3.10/dist-packages/airflow/example_dags/example_dag_decorator.py
[2024-01-08T19:03:56.314+0300] {processor.py:830} INFO - Processing file /usr/local/lib/python3.10/dist-packages/airflow/example_dags/example_dag_decorator.py for tasks to queue
[2024-01-08T19:03:56.316+0300] {logging_mixin.py:188} INFO - [2024-01-08T19:03:56.316+0300] {dagbag.py:538} INFO - Filling up the DagBag from /usr/local/lib/python3.10/dist-packages/airflow/example_dags/example_dag_decorator.py
[2024-01-08T19:03:56.534+0300] {processor.py:840} INFO - DAG(s) 'example_dag_decorator' retrieved from /usr/local/lib/python3.10/dist-packages/airflow/example_dags/example_dag_decorator.py
[2024-01-08T19:03:57.120+0300] {logging_mixin.py:188} INFO - [2024-01-08T19:03:57.120+0300] {dag.py:3033} INFO - Sync 1 DAGs
[2024-01-08T19:03:57.150+0300] {logging_mixin.py:188} INFO - [2024-01-08T19:03:57.150+0300] {dag.py:3820} INFO - Setting next_dagrun for example_dag_decorator to None, run_after=None
[2024-01-08T19:03:57.240+0300] {processor.py:183} INFO - Processing /usr/local/lib/python3.10/dist-packages/airflow/example_dags/example_dag_decorator.py took 0.938 seconds
[2024-01-08T19:04:28.010+0300] {processor.py:161} INFO - Started process (PID=28779) to work on /usr/local/lib/python3.10/dist-packages/airflow/example_dags/example_dag_decorator.py
[2024-01-08T19:04:28.013+0300] {processor.py:830} INFO - Processing file /usr/local/lib/python3.10/dist-packages/airflow/example_dags/example_dag_decorator.py for tasks to queue
[2024-01-08T19:04:28.016+0300] {logging_mixin.py:188} INFO - [2024-01-08T19:04:28.015+0300] {dagbag.py:538} INFO - Filling up the DagBag from /usr/local/lib/python3.10/dist-packages/airflow/example_dags/example_dag_decorator.py
[2024-01-08T19:04:28.482+0300] {processor.py:840} INFO - DAG(s) 'example_dag_decorator' retrieved from /usr/local/lib/python3.10/dist-packages/airflow/example_dags/example_dag_decorator.py
[2024-01-08T19:04:29.263+0300] {logging_mixin.py:188} INFO - [2024-01-08T19:04:29.262+0300] {dag.py:3033} INFO - Sync 1 DAGs
[2024-01-08T19:04:29.293+0300] {logging_mixin.py:188} INFO - [2024-01-08T19:04:29.293+0300] {dag.py:3820} INFO - Setting next_dagrun for example_dag_decorator to None, run_after=None
[2024-01-08T19:04:29.356+0300] {processor.py:183} INFO - Processing /usr/local/lib/python3.10/dist-packages/airflow/example_dags/example_dag_decorator.py took 1.365 seconds
[2024-01-08T19:05:02.467+0300] {processor.py:161} INFO - Started process (PID=29265) to work on /usr/local/lib/python3.10/dist-packages/airflow/example_dags/example_dag_decorator.py
[2024-01-08T19:05:02.474+0300] {processor.py:830} INFO - Processing file /usr/local/lib/python3.10/dist-packages/airflow/example_dags/example_dag_decorator.py for tasks to queue
[2024-01-08T19:05:02.475+0300] {logging_mixin.py:188} INFO - [2024-01-08T19:05:02.475+0300] {dagbag.py:538} INFO - Filling up the DagBag from /usr/local/lib/python3.10/dist-packages/airflow/example_dags/example_dag_decorator.py
[2024-01-08T19:05:02.903+0300] {processor.py:840} INFO - DAG(s) 'example_dag_decorator' retrieved from /usr/local/lib/python3.10/dist-packages/airflow/example_dags/example_dag_decorator.py
[2024-01-08T19:05:03.765+0300] {logging_mixin.py:188} INFO - [2024-01-08T19:05:03.764+0300] {dag.py:3033} INFO - Sync 1 DAGs
[2024-01-08T19:05:03.788+0300] {logging_mixin.py:188} INFO - [2024-01-08T19:05:03.787+0300] {dag.py:3820} INFO - Setting next_dagrun for example_dag_decorator to None, run_after=None
[2024-01-08T19:05:03.841+0300] {processor.py:183} INFO - Processing /usr/local/lib/python3.10/dist-packages/airflow/example_dags/example_dag_decorator.py took 1.393 seconds
[2024-01-08T19:05:55.631+0300] {processor.py:161} INFO - Started process (PID=29816) to work on /usr/local/lib/python3.10/dist-packages/airflow/example_dags/example_dag_decorator.py
[2024-01-08T19:05:55.661+0300] {processor.py:830} INFO - Processing file /usr/local/lib/python3.10/dist-packages/airflow/example_dags/example_dag_decorator.py for tasks to queue
[2024-01-08T19:05:55.680+0300] {logging_mixin.py:188} INFO - [2024-01-08T19:05:55.663+0300] {dagbag.py:538} INFO - Filling up the DagBag from /usr/local/lib/python3.10/dist-packages/airflow/example_dags/example_dag_decorator.py
[2024-01-08T19:05:56.696+0300] {processor.py:840} INFO - DAG(s) 'example_dag_decorator' retrieved from /usr/local/lib/python3.10/dist-packages/airflow/example_dags/example_dag_decorator.py
[2024-01-08T19:05:58.044+0300] {logging_mixin.py:188} INFO - [2024-01-08T19:05:58.043+0300] {dag.py:3033} INFO - Sync 1 DAGs
[2024-01-08T19:05:58.085+0300] {logging_mixin.py:188} INFO - [2024-01-08T19:05:58.085+0300] {dag.py:3820} INFO - Setting next_dagrun for example_dag_decorator to None, run_after=None
[2024-01-08T19:05:58.127+0300] {processor.py:183} INFO - Processing /usr/local/lib/python3.10/dist-packages/airflow/example_dags/example_dag_decorator.py took 2.560 seconds
[2024-01-08T19:06:28.541+0300] {processor.py:161} INFO - Started process (PID=30190) to work on /usr/local/lib/python3.10/dist-packages/airflow/example_dags/example_dag_decorator.py
[2024-01-08T19:06:28.543+0300] {processor.py:830} INFO - Processing file /usr/local/lib/python3.10/dist-packages/airflow/example_dags/example_dag_decorator.py for tasks to queue
[2024-01-08T19:06:28.545+0300] {logging_mixin.py:188} INFO - [2024-01-08T19:06:28.545+0300] {dagbag.py:538} INFO - Filling up the DagBag from /usr/local/lib/python3.10/dist-packages/airflow/example_dags/example_dag_decorator.py
[2024-01-08T19:06:30.412+0300] {processor.py:840} INFO - DAG(s) 'example_dag_decorator' retrieved from /usr/local/lib/python3.10/dist-packages/airflow/example_dags/example_dag_decorator.py
[2024-01-08T19:06:33.275+0300] {logging_mixin.py:188} INFO - [2024-01-08T19:06:33.274+0300] {dag.py:3033} INFO - Sync 1 DAGs
[2024-01-08T19:06:33.356+0300] {logging_mixin.py:188} INFO - [2024-01-08T19:06:33.355+0300] {dag.py:3820} INFO - Setting next_dagrun for example_dag_decorator to None, run_after=None
[2024-01-08T19:06:33.530+0300] {processor.py:183} INFO - Processing /usr/local/lib/python3.10/dist-packages/airflow/example_dags/example_dag_decorator.py took 5.056 seconds
[2024-01-08T19:07:15.398+0300] {processor.py:161} INFO - Started process (PID=30703) to work on /usr/local/lib/python3.10/dist-packages/airflow/example_dags/example_dag_decorator.py
[2024-01-08T19:07:15.401+0300] {processor.py:830} INFO - Processing file /usr/local/lib/python3.10/dist-packages/airflow/example_dags/example_dag_decorator.py for tasks to queue
[2024-01-08T19:07:15.403+0300] {logging_mixin.py:188} INFO - [2024-01-08T19:07:15.403+0300] {dagbag.py:538} INFO - Filling up the DagBag from /usr/local/lib/python3.10/dist-packages/airflow/example_dags/example_dag_decorator.py
[2024-01-08T19:07:15.762+0300] {processor.py:840} INFO - DAG(s) 'example_dag_decorator' retrieved from /usr/local/lib/python3.10/dist-packages/airflow/example_dags/example_dag_decorator.py
[2024-01-08T19:07:16.800+0300] {logging_mixin.py:188} INFO - [2024-01-08T19:07:16.799+0300] {dag.py:3033} INFO - Sync 1 DAGs
[2024-01-08T19:07:16.857+0300] {logging_mixin.py:188} INFO - [2024-01-08T19:07:16.845+0300] {dag.py:3820} INFO - Setting next_dagrun for example_dag_decorator to None, run_after=None
[2024-01-08T19:07:16.934+0300] {processor.py:183} INFO - Processing /usr/local/lib/python3.10/dist-packages/airflow/example_dags/example_dag_decorator.py took 1.551 seconds
[2024-01-08T19:07:53.011+0300] {processor.py:161} INFO - Started process (PID=31125) to work on /usr/local/lib/python3.10/dist-packages/airflow/example_dags/example_dag_decorator.py
[2024-01-08T19:07:53.014+0300] {processor.py:830} INFO - Processing file /usr/local/lib/python3.10/dist-packages/airflow/example_dags/example_dag_decorator.py for tasks to queue
[2024-01-08T19:07:53.016+0300] {logging_mixin.py:188} INFO - [2024-01-08T19:07:53.015+0300] {dagbag.py:538} INFO - Filling up the DagBag from /usr/local/lib/python3.10/dist-packages/airflow/example_dags/example_dag_decorator.py
[2024-01-08T19:07:53.288+0300] {processor.py:840} INFO - DAG(s) 'example_dag_decorator' retrieved from /usr/local/lib/python3.10/dist-packages/airflow/example_dags/example_dag_decorator.py
[2024-01-08T19:07:54.084+0300] {logging_mixin.py:188} INFO - [2024-01-08T19:07:54.083+0300] {dag.py:3033} INFO - Sync 1 DAGs
[2024-01-08T19:07:54.151+0300] {logging_mixin.py:188} INFO - [2024-01-08T19:07:54.150+0300] {dag.py:3820} INFO - Setting next_dagrun for example_dag_decorator to None, run_after=None
[2024-01-08T19:07:54.275+0300] {processor.py:183} INFO - Processing /usr/local/lib/python3.10/dist-packages/airflow/example_dags/example_dag_decorator.py took 1.273 seconds
[2024-01-08T19:08:24.641+0300] {processor.py:161} INFO - Started process (PID=31453) to work on /usr/local/lib/python3.10/dist-packages/airflow/example_dags/example_dag_decorator.py
[2024-01-08T19:08:24.668+0300] {processor.py:830} INFO - Processing file /usr/local/lib/python3.10/dist-packages/airflow/example_dags/example_dag_decorator.py for tasks to queue
[2024-01-08T19:08:24.670+0300] {logging_mixin.py:188} INFO - [2024-01-08T19:08:24.670+0300] {dagbag.py:538} INFO - Filling up the DagBag from /usr/local/lib/python3.10/dist-packages/airflow/example_dags/example_dag_decorator.py
[2024-01-08T19:08:25.464+0300] {processor.py:840} INFO - DAG(s) 'example_dag_decorator' retrieved from /usr/local/lib/python3.10/dist-packages/airflow/example_dags/example_dag_decorator.py
[2024-01-08T19:08:25.766+0300] {logging_mixin.py:188} INFO - [2024-01-08T19:08:25.765+0300] {dag.py:3033} INFO - Sync 1 DAGs
[2024-01-08T19:08:25.796+0300] {logging_mixin.py:188} INFO - [2024-01-08T19:08:25.796+0300] {dag.py:3820} INFO - Setting next_dagrun for example_dag_decorator to None, run_after=None
[2024-01-08T19:08:25.855+0300] {processor.py:183} INFO - Processing /usr/local/lib/python3.10/dist-packages/airflow/example_dags/example_dag_decorator.py took 1.248 seconds
[2024-01-08T19:09:04.404+0300] {processor.py:161} INFO - Started process (PID=31911) to work on /usr/local/lib/python3.10/dist-packages/airflow/example_dags/example_dag_decorator.py
[2024-01-08T19:09:04.425+0300] {processor.py:830} INFO - Processing file /usr/local/lib/python3.10/dist-packages/airflow/example_dags/example_dag_decorator.py for tasks to queue
[2024-01-08T19:09:04.427+0300] {logging_mixin.py:188} INFO - [2024-01-08T19:09:04.426+0300] {dagbag.py:538} INFO - Filling up the DagBag from /usr/local/lib/python3.10/dist-packages/airflow/example_dags/example_dag_decorator.py
[2024-01-08T19:09:05.146+0300] {processor.py:840} INFO - DAG(s) 'example_dag_decorator' retrieved from /usr/local/lib/python3.10/dist-packages/airflow/example_dags/example_dag_decorator.py
[2024-01-08T19:09:05.474+0300] {logging_mixin.py:188} INFO - [2024-01-08T19:09:05.474+0300] {dag.py:3033} INFO - Sync 1 DAGs
[2024-01-08T19:09:05.498+0300] {logging_mixin.py:188} INFO - [2024-01-08T19:09:05.498+0300] {dag.py:3820} INFO - Setting next_dagrun for example_dag_decorator to None, run_after=None
[2024-01-08T19:09:05.604+0300] {processor.py:183} INFO - Processing /usr/local/lib/python3.10/dist-packages/airflow/example_dags/example_dag_decorator.py took 1.223 seconds
[2024-01-08T19:09:40.700+0300] {processor.py:161} INFO - Started process (PID=32292) to work on /usr/local/lib/python3.10/dist-packages/airflow/example_dags/example_dag_decorator.py
[2024-01-08T19:09:40.714+0300] {processor.py:830} INFO - Processing file /usr/local/lib/python3.10/dist-packages/airflow/example_dags/example_dag_decorator.py for tasks to queue
[2024-01-08T19:09:40.716+0300] {logging_mixin.py:188} INFO - [2024-01-08T19:09:40.715+0300] {dagbag.py:538} INFO - Filling up the DagBag from /usr/local/lib/python3.10/dist-packages/airflow/example_dags/example_dag_decorator.py
[2024-01-08T19:09:41.758+0300] {processor.py:840} INFO - DAG(s) 'example_dag_decorator' retrieved from /usr/local/lib/python3.10/dist-packages/airflow/example_dags/example_dag_decorator.py
[2024-01-08T19:09:42.206+0300] {logging_mixin.py:188} INFO - [2024-01-08T19:09:42.205+0300] {dag.py:3033} INFO - Sync 1 DAGs
[2024-01-08T19:09:42.236+0300] {logging_mixin.py:188} INFO - [2024-01-08T19:09:42.235+0300] {dag.py:3820} INFO - Setting next_dagrun for example_dag_decorator to None, run_after=None
[2024-01-08T19:09:42.284+0300] {processor.py:183} INFO - Processing /usr/local/lib/python3.10/dist-packages/airflow/example_dags/example_dag_decorator.py took 1.608 seconds
[2024-01-08T19:10:22.024+0300] {processor.py:161} INFO - Started process (PID=32707) to work on /usr/local/lib/python3.10/dist-packages/airflow/example_dags/example_dag_decorator.py
[2024-01-08T19:10:22.029+0300] {processor.py:830} INFO - Processing file /usr/local/lib/python3.10/dist-packages/airflow/example_dags/example_dag_decorator.py for tasks to queue
[2024-01-08T19:10:22.032+0300] {logging_mixin.py:188} INFO - [2024-01-08T19:10:22.031+0300] {dagbag.py:538} INFO - Filling up the DagBag from /usr/local/lib/python3.10/dist-packages/airflow/example_dags/example_dag_decorator.py
[2024-01-08T19:10:23.637+0300] {processor.py:840} INFO - DAG(s) 'example_dag_decorator' retrieved from /usr/local/lib/python3.10/dist-packages/airflow/example_dags/example_dag_decorator.py
[2024-01-08T19:10:24.589+0300] {logging_mixin.py:188} INFO - [2024-01-08T19:10:24.587+0300] {dag.py:3033} INFO - Sync 1 DAGs
[2024-01-08T19:10:24.650+0300] {logging_mixin.py:188} INFO - [2024-01-08T19:10:24.649+0300] {dag.py:3820} INFO - Setting next_dagrun for example_dag_decorator to None, run_after=None
[2024-01-08T19:10:24.728+0300] {processor.py:183} INFO - Processing /usr/local/lib/python3.10/dist-packages/airflow/example_dags/example_dag_decorator.py took 2.727 seconds
[2024-01-08T19:11:16.362+0300] {processor.py:161} INFO - Started process (PID=33272) to work on /usr/local/lib/python3.10/dist-packages/airflow/example_dags/example_dag_decorator.py
[2024-01-08T19:11:16.375+0300] {processor.py:830} INFO - Processing file /usr/local/lib/python3.10/dist-packages/airflow/example_dags/example_dag_decorator.py for tasks to queue
[2024-01-08T19:11:16.378+0300] {logging_mixin.py:188} INFO - [2024-01-08T19:11:16.377+0300] {dagbag.py:538} INFO - Filling up the DagBag from /usr/local/lib/python3.10/dist-packages/airflow/example_dags/example_dag_decorator.py
[2024-01-08T19:11:17.631+0300] {processor.py:840} INFO - DAG(s) 'example_dag_decorator' retrieved from /usr/local/lib/python3.10/dist-packages/airflow/example_dags/example_dag_decorator.py
[2024-01-08T19:11:18.135+0300] {logging_mixin.py:188} INFO - [2024-01-08T19:11:18.135+0300] {dag.py:3033} INFO - Sync 1 DAGs
[2024-01-08T19:11:18.215+0300] {logging_mixin.py:188} INFO - [2024-01-08T19:11:18.215+0300] {dag.py:3820} INFO - Setting next_dagrun for example_dag_decorator to None, run_after=None
[2024-01-08T19:11:18.302+0300] {processor.py:183} INFO - Processing /usr/local/lib/python3.10/dist-packages/airflow/example_dags/example_dag_decorator.py took 1.978 seconds
[2024-01-08T19:12:05.291+0300] {processor.py:161} INFO - Started process (PID=33782) to work on /usr/local/lib/python3.10/dist-packages/airflow/example_dags/example_dag_decorator.py
[2024-01-08T19:12:05.295+0300] {processor.py:830} INFO - Processing file /usr/local/lib/python3.10/dist-packages/airflow/example_dags/example_dag_decorator.py for tasks to queue
[2024-01-08T19:12:05.299+0300] {logging_mixin.py:188} INFO - [2024-01-08T19:12:05.298+0300] {dagbag.py:538} INFO - Filling up the DagBag from /usr/local/lib/python3.10/dist-packages/airflow/example_dags/example_dag_decorator.py
[2024-01-08T19:12:06.114+0300] {processor.py:840} INFO - DAG(s) 'example_dag_decorator' retrieved from /usr/local/lib/python3.10/dist-packages/airflow/example_dags/example_dag_decorator.py
[2024-01-08T19:12:06.546+0300] {logging_mixin.py:188} INFO - [2024-01-08T19:12:06.545+0300] {dag.py:3033} INFO - Sync 1 DAGs
[2024-01-08T19:12:06.586+0300] {logging_mixin.py:188} INFO - [2024-01-08T19:12:06.585+0300] {dag.py:3820} INFO - Setting next_dagrun for example_dag_decorator to None, run_after=None
[2024-01-08T19:12:06.666+0300] {processor.py:183} INFO - Processing /usr/local/lib/python3.10/dist-packages/airflow/example_dags/example_dag_decorator.py took 1.393 seconds
