[2024-01-08T17:37:23.714+0300] {processor.py:161} INFO - Started process (PID=5634) to work on /usr/local/lib/python3.10/dist-packages/airflow/example_dags/example_dynamic_task_mapping.py
[2024-01-08T17:37:23.730+0300] {processor.py:830} INFO - Processing file /usr/local/lib/python3.10/dist-packages/airflow/example_dags/example_dynamic_task_mapping.py for tasks to queue
[2024-01-08T17:37:23.737+0300] {logging_mixin.py:188} INFO - [2024-01-08T17:37:23.736+0300] {dagbag.py:538} INFO - Filling up the DagBag from /usr/local/lib/python3.10/dist-packages/airflow/example_dags/example_dynamic_task_mapping.py
[2024-01-08T17:37:23.812+0300] {processor.py:840} INFO - DAG(s) 'example_dynamic_task_mapping' retrieved from /usr/local/lib/python3.10/dist-packages/airflow/example_dags/example_dynamic_task_mapping.py
[2024-01-08T17:37:23.948+0300] {logging_mixin.py:188} INFO - [2024-01-08T17:37:23.947+0300] {dag.py:3033} INFO - Sync 1 DAGs
[2024-01-08T17:37:24.067+0300] {logging_mixin.py:188} INFO - [2024-01-08T17:37:24.067+0300] {dag.py:3820} INFO - Setting next_dagrun for example_dynamic_task_mapping to 2022-03-04T00:00:00+00:00, run_after=2022-03-05T00:00:00+00:00
[2024-01-08T17:37:24.213+0300] {processor.py:183} INFO - Processing /usr/local/lib/python3.10/dist-packages/airflow/example_dags/example_dynamic_task_mapping.py took 0.556 seconds
[2024-01-08T17:37:55.466+0300] {processor.py:161} INFO - Started process (PID=5982) to work on /usr/local/lib/python3.10/dist-packages/airflow/example_dags/example_dynamic_task_mapping.py
[2024-01-08T17:37:55.470+0300] {processor.py:830} INFO - Processing file /usr/local/lib/python3.10/dist-packages/airflow/example_dags/example_dynamic_task_mapping.py for tasks to queue
[2024-01-08T17:37:55.472+0300] {logging_mixin.py:188} INFO - [2024-01-08T17:37:55.471+0300] {dagbag.py:538} INFO - Filling up the DagBag from /usr/local/lib/python3.10/dist-packages/airflow/example_dags/example_dynamic_task_mapping.py
[2024-01-08T17:37:55.501+0300] {processor.py:840} INFO - DAG(s) 'example_dynamic_task_mapping' retrieved from /usr/local/lib/python3.10/dist-packages/airflow/example_dags/example_dynamic_task_mapping.py
[2024-01-08T17:37:55.652+0300] {logging_mixin.py:188} INFO - [2024-01-08T17:37:55.652+0300] {dag.py:3033} INFO - Sync 1 DAGs
[2024-01-08T17:37:55.742+0300] {logging_mixin.py:188} INFO - [2024-01-08T17:37:55.741+0300] {dag.py:3820} INFO - Setting next_dagrun for example_dynamic_task_mapping to 2022-03-04T00:00:00+00:00, run_after=2022-03-05T00:00:00+00:00
[2024-01-08T17:37:55.822+0300] {processor.py:183} INFO - Processing /usr/local/lib/python3.10/dist-packages/airflow/example_dags/example_dynamic_task_mapping.py took 0.371 seconds
[2024-01-08T17:38:26.043+0300] {processor.py:161} INFO - Started process (PID=6300) to work on /usr/local/lib/python3.10/dist-packages/airflow/example_dags/example_dynamic_task_mapping.py
[2024-01-08T17:38:26.046+0300] {processor.py:830} INFO - Processing file /usr/local/lib/python3.10/dist-packages/airflow/example_dags/example_dynamic_task_mapping.py for tasks to queue
[2024-01-08T17:38:26.048+0300] {logging_mixin.py:188} INFO - [2024-01-08T17:38:26.047+0300] {dagbag.py:538} INFO - Filling up the DagBag from /usr/local/lib/python3.10/dist-packages/airflow/example_dags/example_dynamic_task_mapping.py
[2024-01-08T17:38:26.065+0300] {processor.py:840} INFO - DAG(s) 'example_dynamic_task_mapping' retrieved from /usr/local/lib/python3.10/dist-packages/airflow/example_dags/example_dynamic_task_mapping.py
[2024-01-08T17:38:26.155+0300] {logging_mixin.py:188} INFO - [2024-01-08T17:38:26.154+0300] {dag.py:3033} INFO - Sync 1 DAGs
[2024-01-08T17:38:26.223+0300] {logging_mixin.py:188} INFO - [2024-01-08T17:38:26.221+0300] {dag.py:3820} INFO - Setting next_dagrun for example_dynamic_task_mapping to 2022-03-04T00:00:00+00:00, run_after=2022-03-05T00:00:00+00:00
[2024-01-08T17:38:26.280+0300] {processor.py:183} INFO - Processing /usr/local/lib/python3.10/dist-packages/airflow/example_dags/example_dynamic_task_mapping.py took 0.248 seconds
[2024-01-08T18:15:24.106+0300] {processor.py:161} INFO - Started process (PID=7572) to work on /usr/local/lib/python3.10/dist-packages/airflow/example_dags/example_dynamic_task_mapping.py
[2024-01-08T18:15:24.110+0300] {processor.py:830} INFO - Processing file /usr/local/lib/python3.10/dist-packages/airflow/example_dags/example_dynamic_task_mapping.py for tasks to queue
[2024-01-08T18:15:24.112+0300] {logging_mixin.py:188} INFO - [2024-01-08T18:15:24.111+0300] {dagbag.py:538} INFO - Filling up the DagBag from /usr/local/lib/python3.10/dist-packages/airflow/example_dags/example_dynamic_task_mapping.py
[2024-01-08T18:15:24.131+0300] {processor.py:840} INFO - DAG(s) 'example_dynamic_task_mapping' retrieved from /usr/local/lib/python3.10/dist-packages/airflow/example_dags/example_dynamic_task_mapping.py
[2024-01-08T18:15:24.268+0300] {logging_mixin.py:188} INFO - [2024-01-08T18:15:24.268+0300] {dag.py:3033} INFO - Sync 1 DAGs
[2024-01-08T18:15:24.329+0300] {logging_mixin.py:188} INFO - [2024-01-08T18:15:24.329+0300] {dag.py:3820} INFO - Setting next_dagrun for example_dynamic_task_mapping to 2022-03-04T00:00:00+00:00, run_after=2022-03-05T00:00:00+00:00
[2024-01-08T18:15:24.378+0300] {processor.py:183} INFO - Processing /usr/local/lib/python3.10/dist-packages/airflow/example_dags/example_dynamic_task_mapping.py took 0.283 seconds
[2024-01-08T18:15:56.648+0300] {processor.py:161} INFO - Started process (PID=7913) to work on /usr/local/lib/python3.10/dist-packages/airflow/example_dags/example_dynamic_task_mapping.py
[2024-01-08T18:15:56.652+0300] {processor.py:830} INFO - Processing file /usr/local/lib/python3.10/dist-packages/airflow/example_dags/example_dynamic_task_mapping.py for tasks to queue
[2024-01-08T18:15:56.654+0300] {logging_mixin.py:188} INFO - [2024-01-08T18:15:56.653+0300] {dagbag.py:538} INFO - Filling up the DagBag from /usr/local/lib/python3.10/dist-packages/airflow/example_dags/example_dynamic_task_mapping.py
[2024-01-08T18:15:56.679+0300] {processor.py:840} INFO - DAG(s) 'example_dynamic_task_mapping' retrieved from /usr/local/lib/python3.10/dist-packages/airflow/example_dags/example_dynamic_task_mapping.py
[2024-01-08T18:15:56.754+0300] {logging_mixin.py:188} INFO - [2024-01-08T18:15:56.754+0300] {dag.py:3033} INFO - Sync 1 DAGs
[2024-01-08T18:15:56.811+0300] {logging_mixin.py:188} INFO - [2024-01-08T18:15:56.811+0300] {dag.py:3820} INFO - Setting next_dagrun for example_dynamic_task_mapping to 2022-03-04T00:00:00+00:00, run_after=2022-03-05T00:00:00+00:00
[2024-01-08T18:15:56.853+0300] {processor.py:183} INFO - Processing /usr/local/lib/python3.10/dist-packages/airflow/example_dags/example_dynamic_task_mapping.py took 0.216 seconds
[2024-01-08T18:30:37.474+0300] {processor.py:161} INFO - Started process (PID=9060) to work on /usr/local/lib/python3.10/dist-packages/airflow/example_dags/example_dynamic_task_mapping.py
[2024-01-08T18:30:37.511+0300] {processor.py:830} INFO - Processing file /usr/local/lib/python3.10/dist-packages/airflow/example_dags/example_dynamic_task_mapping.py for tasks to queue
[2024-01-08T18:30:37.514+0300] {logging_mixin.py:188} INFO - [2024-01-08T18:30:37.513+0300] {dagbag.py:538} INFO - Filling up the DagBag from /usr/local/lib/python3.10/dist-packages/airflow/example_dags/example_dynamic_task_mapping.py
[2024-01-08T18:30:37.845+0300] {processor.py:840} INFO - DAG(s) 'example_dynamic_task_mapping' retrieved from /usr/local/lib/python3.10/dist-packages/airflow/example_dags/example_dynamic_task_mapping.py
[2024-01-08T18:30:38.885+0300] {logging_mixin.py:188} INFO - [2024-01-08T18:30:38.885+0300] {dag.py:3033} INFO - Sync 1 DAGs
[2024-01-08T18:30:39.887+0300] {logging_mixin.py:188} INFO - [2024-01-08T18:30:39.886+0300] {dag.py:3820} INFO - Setting next_dagrun for example_dynamic_task_mapping to 2022-03-04T00:00:00+00:00, run_after=2022-03-05T00:00:00+00:00
[2024-01-08T18:30:40.756+0300] {processor.py:183} INFO - Processing /usr/local/lib/python3.10/dist-packages/airflow/example_dags/example_dynamic_task_mapping.py took 3.346 seconds
[2024-01-08T18:33:48.134+0300] {processor.py:161} INFO - Started process (PID=10324) to work on /usr/local/lib/python3.10/dist-packages/airflow/example_dags/example_dynamic_task_mapping.py
[2024-01-08T18:33:48.198+0300] {processor.py:830} INFO - Processing file /usr/local/lib/python3.10/dist-packages/airflow/example_dags/example_dynamic_task_mapping.py for tasks to queue
[2024-01-08T18:33:48.255+0300] {logging_mixin.py:188} INFO - [2024-01-08T18:33:48.254+0300] {dagbag.py:538} INFO - Filling up the DagBag from /usr/local/lib/python3.10/dist-packages/airflow/example_dags/example_dynamic_task_mapping.py
[2024-01-08T18:33:48.551+0300] {processor.py:840} INFO - DAG(s) 'example_dynamic_task_mapping' retrieved from /usr/local/lib/python3.10/dist-packages/airflow/example_dags/example_dynamic_task_mapping.py
[2024-01-08T18:33:50.859+0300] {logging_mixin.py:188} INFO - [2024-01-08T18:33:50.858+0300] {dag.py:3033} INFO - Sync 1 DAGs
[2024-01-08T18:33:53.305+0300] {logging_mixin.py:188} INFO - [2024-01-08T18:33:53.304+0300] {dag.py:3820} INFO - Setting next_dagrun for example_dynamic_task_mapping to 2022-03-04T00:00:00+00:00, run_after=2022-03-05T00:00:00+00:00
[2024-01-08T18:33:54.372+0300] {processor.py:183} INFO - Processing /usr/local/lib/python3.10/dist-packages/airflow/example_dags/example_dynamic_task_mapping.py took 6.320 seconds
[2024-01-08T18:38:12.722+0300] {processor.py:161} INFO - Started process (PID=12078) to work on /usr/local/lib/python3.10/dist-packages/airflow/example_dags/example_dynamic_task_mapping.py
[2024-01-08T18:38:12.756+0300] {processor.py:830} INFO - Processing file /usr/local/lib/python3.10/dist-packages/airflow/example_dags/example_dynamic_task_mapping.py for tasks to queue
[2024-01-08T18:38:12.776+0300] {logging_mixin.py:188} INFO - [2024-01-08T18:38:12.757+0300] {dagbag.py:538} INFO - Filling up the DagBag from /usr/local/lib/python3.10/dist-packages/airflow/example_dags/example_dynamic_task_mapping.py
[2024-01-08T18:38:13.106+0300] {processor.py:840} INFO - DAG(s) 'example_dynamic_task_mapping' retrieved from /usr/local/lib/python3.10/dist-packages/airflow/example_dags/example_dynamic_task_mapping.py
[2024-01-08T18:38:14.022+0300] {logging_mixin.py:188} INFO - [2024-01-08T18:38:14.022+0300] {dag.py:3033} INFO - Sync 1 DAGs
[2024-01-08T18:38:14.552+0300] {logging_mixin.py:188} INFO - [2024-01-08T18:38:14.552+0300] {dag.py:3820} INFO - Setting next_dagrun for example_dynamic_task_mapping to 2022-03-04T00:00:00+00:00, run_after=2022-03-05T00:00:00+00:00
[2024-01-08T18:38:14.744+0300] {processor.py:183} INFO - Processing /usr/local/lib/python3.10/dist-packages/airflow/example_dags/example_dynamic_task_mapping.py took 2.129 seconds
[2024-01-08T18:41:12.721+0300] {processor.py:161} INFO - Started process (PID=13306) to work on /usr/local/lib/python3.10/dist-packages/airflow/example_dags/example_dynamic_task_mapping.py
[2024-01-08T18:41:12.788+0300] {processor.py:830} INFO - Processing file /usr/local/lib/python3.10/dist-packages/airflow/example_dags/example_dynamic_task_mapping.py for tasks to queue
[2024-01-08T18:41:12.790+0300] {logging_mixin.py:188} INFO - [2024-01-08T18:41:12.789+0300] {dagbag.py:538} INFO - Filling up the DagBag from /usr/local/lib/python3.10/dist-packages/airflow/example_dags/example_dynamic_task_mapping.py
[2024-01-08T18:41:13.037+0300] {processor.py:840} INFO - DAG(s) 'example_dynamic_task_mapping' retrieved from /usr/local/lib/python3.10/dist-packages/airflow/example_dags/example_dynamic_task_mapping.py
[2024-01-08T18:41:13.580+0300] {logging_mixin.py:188} INFO - [2024-01-08T18:41:13.580+0300] {dag.py:3033} INFO - Sync 1 DAGs
[2024-01-08T18:41:13.918+0300] {logging_mixin.py:188} INFO - [2024-01-08T18:41:13.918+0300] {dag.py:3820} INFO - Setting next_dagrun for example_dynamic_task_mapping to 2022-03-04T00:00:00+00:00, run_after=2022-03-05T00:00:00+00:00
[2024-01-08T18:41:14.184+0300] {processor.py:183} INFO - Processing /usr/local/lib/python3.10/dist-packages/airflow/example_dags/example_dynamic_task_mapping.py took 1.505 seconds
[2024-01-08T18:42:08.583+0300] {processor.py:161} INFO - Started process (PID=13906) to work on /usr/local/lib/python3.10/dist-packages/airflow/example_dags/example_dynamic_task_mapping.py
[2024-01-08T18:42:08.586+0300] {processor.py:830} INFO - Processing file /usr/local/lib/python3.10/dist-packages/airflow/example_dags/example_dynamic_task_mapping.py for tasks to queue
[2024-01-08T18:42:08.587+0300] {logging_mixin.py:188} INFO - [2024-01-08T18:42:08.587+0300] {dagbag.py:538} INFO - Filling up the DagBag from /usr/local/lib/python3.10/dist-packages/airflow/example_dags/example_dynamic_task_mapping.py
[2024-01-08T18:42:08.611+0300] {processor.py:840} INFO - DAG(s) 'example_dynamic_task_mapping' retrieved from /usr/local/lib/python3.10/dist-packages/airflow/example_dags/example_dynamic_task_mapping.py
[2024-01-08T18:42:08.718+0300] {logging_mixin.py:188} INFO - [2024-01-08T18:42:08.718+0300] {dag.py:3033} INFO - Sync 1 DAGs
[2024-01-08T18:42:08.813+0300] {logging_mixin.py:188} INFO - [2024-01-08T18:42:08.812+0300] {dag.py:3820} INFO - Setting next_dagrun for example_dynamic_task_mapping to 2022-03-04T00:00:00+00:00, run_after=2022-03-05T00:00:00+00:00
[2024-01-08T18:42:08.960+0300] {processor.py:183} INFO - Processing /usr/local/lib/python3.10/dist-packages/airflow/example_dags/example_dynamic_task_mapping.py took 0.389 seconds
[2024-01-08T18:42:41.382+0300] {processor.py:161} INFO - Started process (PID=14276) to work on /usr/local/lib/python3.10/dist-packages/airflow/example_dags/example_dynamic_task_mapping.py
[2024-01-08T18:42:41.406+0300] {processor.py:830} INFO - Processing file /usr/local/lib/python3.10/dist-packages/airflow/example_dags/example_dynamic_task_mapping.py for tasks to queue
[2024-01-08T18:42:41.408+0300] {logging_mixin.py:188} INFO - [2024-01-08T18:42:41.407+0300] {dagbag.py:538} INFO - Filling up the DagBag from /usr/local/lib/python3.10/dist-packages/airflow/example_dags/example_dynamic_task_mapping.py
[2024-01-08T18:42:41.541+0300] {processor.py:840} INFO - DAG(s) 'example_dynamic_task_mapping' retrieved from /usr/local/lib/python3.10/dist-packages/airflow/example_dags/example_dynamic_task_mapping.py
[2024-01-08T18:42:41.894+0300] {logging_mixin.py:188} INFO - [2024-01-08T18:42:41.894+0300] {dag.py:3033} INFO - Sync 1 DAGs
[2024-01-08T18:42:42.161+0300] {logging_mixin.py:188} INFO - [2024-01-08T18:42:42.161+0300] {dag.py:3820} INFO - Setting next_dagrun for example_dynamic_task_mapping to 2022-03-04T00:00:00+00:00, run_after=2022-03-05T00:00:00+00:00
[2024-01-08T18:42:42.463+0300] {processor.py:183} INFO - Processing /usr/local/lib/python3.10/dist-packages/airflow/example_dags/example_dynamic_task_mapping.py took 1.191 seconds
[2024-01-08T18:43:12.625+0300] {processor.py:161} INFO - Started process (PID=14699) to work on /usr/local/lib/python3.10/dist-packages/airflow/example_dags/example_dynamic_task_mapping.py
[2024-01-08T18:43:12.628+0300] {processor.py:830} INFO - Processing file /usr/local/lib/python3.10/dist-packages/airflow/example_dags/example_dynamic_task_mapping.py for tasks to queue
[2024-01-08T18:43:12.630+0300] {logging_mixin.py:188} INFO - [2024-01-08T18:43:12.629+0300] {dagbag.py:538} INFO - Filling up the DagBag from /usr/local/lib/python3.10/dist-packages/airflow/example_dags/example_dynamic_task_mapping.py
[2024-01-08T18:43:12.654+0300] {processor.py:840} INFO - DAG(s) 'example_dynamic_task_mapping' retrieved from /usr/local/lib/python3.10/dist-packages/airflow/example_dags/example_dynamic_task_mapping.py
[2024-01-08T18:43:12.758+0300] {logging_mixin.py:188} INFO - [2024-01-08T18:43:12.758+0300] {dag.py:3033} INFO - Sync 1 DAGs
[2024-01-08T18:43:12.812+0300] {logging_mixin.py:188} INFO - [2024-01-08T18:43:12.812+0300] {dag.py:3820} INFO - Setting next_dagrun for example_dynamic_task_mapping to 2022-03-04T00:00:00+00:00, run_after=2022-03-05T00:00:00+00:00
[2024-01-08T18:43:12.862+0300] {processor.py:183} INFO - Processing /usr/local/lib/python3.10/dist-packages/airflow/example_dags/example_dynamic_task_mapping.py took 0.247 seconds
[2024-01-08T18:43:43.126+0300] {processor.py:161} INFO - Started process (PID=15012) to work on /usr/local/lib/python3.10/dist-packages/airflow/example_dags/example_dynamic_task_mapping.py
[2024-01-08T18:43:43.130+0300] {processor.py:830} INFO - Processing file /usr/local/lib/python3.10/dist-packages/airflow/example_dags/example_dynamic_task_mapping.py for tasks to queue
[2024-01-08T18:43:43.133+0300] {logging_mixin.py:188} INFO - [2024-01-08T18:43:43.132+0300] {dagbag.py:538} INFO - Filling up the DagBag from /usr/local/lib/python3.10/dist-packages/airflow/example_dags/example_dynamic_task_mapping.py
[2024-01-08T18:43:43.159+0300] {processor.py:840} INFO - DAG(s) 'example_dynamic_task_mapping' retrieved from /usr/local/lib/python3.10/dist-packages/airflow/example_dags/example_dynamic_task_mapping.py
[2024-01-08T18:43:43.405+0300] {logging_mixin.py:188} INFO - [2024-01-08T18:43:43.405+0300] {dag.py:3033} INFO - Sync 1 DAGs
[2024-01-08T18:43:43.536+0300] {logging_mixin.py:188} INFO - [2024-01-08T18:43:43.536+0300] {dag.py:3820} INFO - Setting next_dagrun for example_dynamic_task_mapping to 2022-03-04T00:00:00+00:00, run_after=2022-03-05T00:00:00+00:00
[2024-01-08T18:43:43.602+0300] {processor.py:183} INFO - Processing /usr/local/lib/python3.10/dist-packages/airflow/example_dags/example_dynamic_task_mapping.py took 0.490 seconds
[2024-01-08T18:44:13.866+0300] {processor.py:161} INFO - Started process (PID=15330) to work on /usr/local/lib/python3.10/dist-packages/airflow/example_dags/example_dynamic_task_mapping.py
[2024-01-08T18:44:13.880+0300] {processor.py:830} INFO - Processing file /usr/local/lib/python3.10/dist-packages/airflow/example_dags/example_dynamic_task_mapping.py for tasks to queue
[2024-01-08T18:44:13.883+0300] {logging_mixin.py:188} INFO - [2024-01-08T18:44:13.882+0300] {dagbag.py:538} INFO - Filling up the DagBag from /usr/local/lib/python3.10/dist-packages/airflow/example_dags/example_dynamic_task_mapping.py
[2024-01-08T18:44:13.921+0300] {processor.py:840} INFO - DAG(s) 'example_dynamic_task_mapping' retrieved from /usr/local/lib/python3.10/dist-packages/airflow/example_dags/example_dynamic_task_mapping.py
[2024-01-08T18:44:14.195+0300] {logging_mixin.py:188} INFO - [2024-01-08T18:44:14.195+0300] {dag.py:3033} INFO - Sync 1 DAGs
[2024-01-08T18:44:14.286+0300] {logging_mixin.py:188} INFO - [2024-01-08T18:44:14.285+0300] {dag.py:3820} INFO - Setting next_dagrun for example_dynamic_task_mapping to 2022-03-04T00:00:00+00:00, run_after=2022-03-05T00:00:00+00:00
[2024-01-08T18:44:14.335+0300] {processor.py:183} INFO - Processing /usr/local/lib/python3.10/dist-packages/airflow/example_dags/example_dynamic_task_mapping.py took 0.484 seconds
[2024-01-08T18:44:51.439+0300] {processor.py:161} INFO - Started process (PID=15691) to work on /usr/local/lib/python3.10/dist-packages/airflow/example_dags/example_dynamic_task_mapping.py
[2024-01-08T18:44:51.443+0300] {processor.py:830} INFO - Processing file /usr/local/lib/python3.10/dist-packages/airflow/example_dags/example_dynamic_task_mapping.py for tasks to queue
[2024-01-08T18:44:51.466+0300] {logging_mixin.py:188} INFO - [2024-01-08T18:44:51.466+0300] {dagbag.py:538} INFO - Filling up the DagBag from /usr/local/lib/python3.10/dist-packages/airflow/example_dags/example_dynamic_task_mapping.py
[2024-01-08T18:44:51.517+0300] {processor.py:840} INFO - DAG(s) 'example_dynamic_task_mapping' retrieved from /usr/local/lib/python3.10/dist-packages/airflow/example_dags/example_dynamic_task_mapping.py
[2024-01-08T18:44:51.803+0300] {logging_mixin.py:188} INFO - [2024-01-08T18:44:51.803+0300] {dag.py:3033} INFO - Sync 1 DAGs
[2024-01-08T18:44:52.028+0300] {logging_mixin.py:188} INFO - [2024-01-08T18:44:52.028+0300] {dag.py:3820} INFO - Setting next_dagrun for example_dynamic_task_mapping to 2022-03-04T00:00:00+00:00, run_after=2022-03-05T00:00:00+00:00
[2024-01-08T18:44:52.221+0300] {processor.py:183} INFO - Processing /usr/local/lib/python3.10/dist-packages/airflow/example_dags/example_dynamic_task_mapping.py took 0.795 seconds
[2024-01-08T18:45:26.215+0300] {processor.py:161} INFO - Started process (PID=16096) to work on /usr/local/lib/python3.10/dist-packages/airflow/example_dags/example_dynamic_task_mapping.py
[2024-01-08T18:45:26.249+0300] {processor.py:830} INFO - Processing file /usr/local/lib/python3.10/dist-packages/airflow/example_dags/example_dynamic_task_mapping.py for tasks to queue
[2024-01-08T18:45:26.251+0300] {logging_mixin.py:188} INFO - [2024-01-08T18:45:26.250+0300] {dagbag.py:538} INFO - Filling up the DagBag from /usr/local/lib/python3.10/dist-packages/airflow/example_dags/example_dynamic_task_mapping.py
[2024-01-08T18:45:26.345+0300] {processor.py:840} INFO - DAG(s) 'example_dynamic_task_mapping' retrieved from /usr/local/lib/python3.10/dist-packages/airflow/example_dags/example_dynamic_task_mapping.py
[2024-01-08T18:45:26.697+0300] {logging_mixin.py:188} INFO - [2024-01-08T18:45:26.660+0300] {dag.py:3033} INFO - Sync 1 DAGs
[2024-01-08T18:45:27.007+0300] {logging_mixin.py:188} INFO - [2024-01-08T18:45:27.006+0300] {dag.py:3820} INFO - Setting next_dagrun for example_dynamic_task_mapping to 2022-03-04T00:00:00+00:00, run_after=2022-03-05T00:00:00+00:00
[2024-01-08T18:45:27.373+0300] {processor.py:183} INFO - Processing /usr/local/lib/python3.10/dist-packages/airflow/example_dags/example_dynamic_task_mapping.py took 1.259 seconds
[2024-01-08T18:46:18.321+0300] {processor.py:161} INFO - Started process (PID=16620) to work on /usr/local/lib/python3.10/dist-packages/airflow/example_dags/example_dynamic_task_mapping.py
[2024-01-08T18:46:18.346+0300] {processor.py:830} INFO - Processing file /usr/local/lib/python3.10/dist-packages/airflow/example_dags/example_dynamic_task_mapping.py for tasks to queue
[2024-01-08T18:46:18.350+0300] {logging_mixin.py:188} INFO - [2024-01-08T18:46:18.349+0300] {dagbag.py:538} INFO - Filling up the DagBag from /usr/local/lib/python3.10/dist-packages/airflow/example_dags/example_dynamic_task_mapping.py
[2024-01-08T18:46:18.482+0300] {processor.py:840} INFO - DAG(s) 'example_dynamic_task_mapping' retrieved from /usr/local/lib/python3.10/dist-packages/airflow/example_dags/example_dynamic_task_mapping.py
[2024-01-08T18:46:19.002+0300] {logging_mixin.py:188} INFO - [2024-01-08T18:46:19.002+0300] {dag.py:3033} INFO - Sync 1 DAGs
[2024-01-08T18:46:19.465+0300] {logging_mixin.py:188} INFO - [2024-01-08T18:46:19.463+0300] {dag.py:3820} INFO - Setting next_dagrun for example_dynamic_task_mapping to 2022-03-04T00:00:00+00:00, run_after=2022-03-05T00:00:00+00:00
[2024-01-08T18:46:19.822+0300] {processor.py:183} INFO - Processing /usr/local/lib/python3.10/dist-packages/airflow/example_dags/example_dynamic_task_mapping.py took 1.563 seconds
[2024-01-08T18:46:55.539+0300] {processor.py:161} INFO - Started process (PID=17079) to work on /usr/local/lib/python3.10/dist-packages/airflow/example_dags/example_dynamic_task_mapping.py
[2024-01-08T18:46:55.565+0300] {processor.py:830} INFO - Processing file /usr/local/lib/python3.10/dist-packages/airflow/example_dags/example_dynamic_task_mapping.py for tasks to queue
[2024-01-08T18:46:55.567+0300] {logging_mixin.py:188} INFO - [2024-01-08T18:46:55.567+0300] {dagbag.py:538} INFO - Filling up the DagBag from /usr/local/lib/python3.10/dist-packages/airflow/example_dags/example_dynamic_task_mapping.py
[2024-01-08T18:46:55.713+0300] {processor.py:840} INFO - DAG(s) 'example_dynamic_task_mapping' retrieved from /usr/local/lib/python3.10/dist-packages/airflow/example_dags/example_dynamic_task_mapping.py
[2024-01-08T18:46:55.981+0300] {logging_mixin.py:188} INFO - [2024-01-08T18:46:55.981+0300] {dag.py:3033} INFO - Sync 1 DAGs
[2024-01-08T18:46:56.363+0300] {logging_mixin.py:188} INFO - [2024-01-08T18:46:56.350+0300] {dag.py:3820} INFO - Setting next_dagrun for example_dynamic_task_mapping to 2022-03-04T00:00:00+00:00, run_after=2022-03-05T00:00:00+00:00
[2024-01-08T18:46:56.667+0300] {processor.py:183} INFO - Processing /usr/local/lib/python3.10/dist-packages/airflow/example_dags/example_dynamic_task_mapping.py took 1.163 seconds
[2024-01-08T18:47:27.073+0300] {processor.py:161} INFO - Started process (PID=17425) to work on /usr/local/lib/python3.10/dist-packages/airflow/example_dags/example_dynamic_task_mapping.py
[2024-01-08T18:47:27.075+0300] {processor.py:830} INFO - Processing file /usr/local/lib/python3.10/dist-packages/airflow/example_dags/example_dynamic_task_mapping.py for tasks to queue
[2024-01-08T18:47:27.077+0300] {logging_mixin.py:188} INFO - [2024-01-08T18:47:27.077+0300] {dagbag.py:538} INFO - Filling up the DagBag from /usr/local/lib/python3.10/dist-packages/airflow/example_dags/example_dynamic_task_mapping.py
[2024-01-08T18:47:27.111+0300] {processor.py:840} INFO - DAG(s) 'example_dynamic_task_mapping' retrieved from /usr/local/lib/python3.10/dist-packages/airflow/example_dags/example_dynamic_task_mapping.py
[2024-01-08T18:47:27.220+0300] {logging_mixin.py:188} INFO - [2024-01-08T18:47:27.216+0300] {dag.py:3033} INFO - Sync 1 DAGs
[2024-01-08T18:47:27.376+0300] {logging_mixin.py:188} INFO - [2024-01-08T18:47:27.376+0300] {dag.py:3820} INFO - Setting next_dagrun for example_dynamic_task_mapping to 2022-03-04T00:00:00+00:00, run_after=2022-03-05T00:00:00+00:00
[2024-01-08T18:47:27.499+0300] {processor.py:183} INFO - Processing /usr/local/lib/python3.10/dist-packages/airflow/example_dags/example_dynamic_task_mapping.py took 0.444 seconds
[2024-01-08T18:47:57.758+0300] {processor.py:161} INFO - Started process (PID=17764) to work on /usr/local/lib/python3.10/dist-packages/airflow/example_dags/example_dynamic_task_mapping.py
[2024-01-08T18:47:57.769+0300] {processor.py:830} INFO - Processing file /usr/local/lib/python3.10/dist-packages/airflow/example_dags/example_dynamic_task_mapping.py for tasks to queue
[2024-01-08T18:47:57.771+0300] {logging_mixin.py:188} INFO - [2024-01-08T18:47:57.770+0300] {dagbag.py:538} INFO - Filling up the DagBag from /usr/local/lib/python3.10/dist-packages/airflow/example_dags/example_dynamic_task_mapping.py
[2024-01-08T18:47:57.830+0300] {processor.py:840} INFO - DAG(s) 'example_dynamic_task_mapping' retrieved from /usr/local/lib/python3.10/dist-packages/airflow/example_dags/example_dynamic_task_mapping.py
[2024-01-08T18:47:58.030+0300] {logging_mixin.py:188} INFO - [2024-01-08T18:47:58.029+0300] {dag.py:3033} INFO - Sync 1 DAGs
[2024-01-08T18:47:58.304+0300] {logging_mixin.py:188} INFO - [2024-01-08T18:47:58.303+0300] {dag.py:3820} INFO - Setting next_dagrun for example_dynamic_task_mapping to 2022-03-04T00:00:00+00:00, run_after=2022-03-05T00:00:00+00:00
[2024-01-08T18:47:58.470+0300] {processor.py:183} INFO - Processing /usr/local/lib/python3.10/dist-packages/airflow/example_dags/example_dynamic_task_mapping.py took 0.766 seconds
[2024-01-08T18:48:37.882+0300] {processor.py:161} INFO - Started process (PID=18249) to work on /usr/local/lib/python3.10/dist-packages/airflow/example_dags/example_dynamic_task_mapping.py
[2024-01-08T18:48:37.890+0300] {processor.py:830} INFO - Processing file /usr/local/lib/python3.10/dist-packages/airflow/example_dags/example_dynamic_task_mapping.py for tasks to queue
[2024-01-08T18:48:37.894+0300] {logging_mixin.py:188} INFO - [2024-01-08T18:48:37.893+0300] {dagbag.py:538} INFO - Filling up the DagBag from /usr/local/lib/python3.10/dist-packages/airflow/example_dags/example_dynamic_task_mapping.py
[2024-01-08T18:48:37.930+0300] {processor.py:840} INFO - DAG(s) 'example_dynamic_task_mapping' retrieved from /usr/local/lib/python3.10/dist-packages/airflow/example_dags/example_dynamic_task_mapping.py
[2024-01-08T18:48:38.154+0300] {logging_mixin.py:188} INFO - [2024-01-08T18:48:38.152+0300] {dag.py:3033} INFO - Sync 1 DAGs
[2024-01-08T18:48:38.261+0300] {logging_mixin.py:188} INFO - [2024-01-08T18:48:38.259+0300] {dag.py:3820} INFO - Setting next_dagrun for example_dynamic_task_mapping to 2022-03-04T00:00:00+00:00, run_after=2022-03-05T00:00:00+00:00
[2024-01-08T18:48:38.335+0300] {processor.py:183} INFO - Processing /usr/local/lib/python3.10/dist-packages/airflow/example_dags/example_dynamic_task_mapping.py took 0.469 seconds
[2024-01-08T18:49:23.515+0300] {processor.py:161} INFO - Started process (PID=18734) to work on /usr/local/lib/python3.10/dist-packages/airflow/example_dags/example_dynamic_task_mapping.py
[2024-01-08T18:49:23.521+0300] {processor.py:830} INFO - Processing file /usr/local/lib/python3.10/dist-packages/airflow/example_dags/example_dynamic_task_mapping.py for tasks to queue
[2024-01-08T18:49:23.525+0300] {logging_mixin.py:188} INFO - [2024-01-08T18:49:23.524+0300] {dagbag.py:538} INFO - Filling up the DagBag from /usr/local/lib/python3.10/dist-packages/airflow/example_dags/example_dynamic_task_mapping.py
[2024-01-08T18:49:23.560+0300] {processor.py:840} INFO - DAG(s) 'example_dynamic_task_mapping' retrieved from /usr/local/lib/python3.10/dist-packages/airflow/example_dags/example_dynamic_task_mapping.py
[2024-01-08T18:49:23.718+0300] {logging_mixin.py:188} INFO - [2024-01-08T18:49:23.718+0300] {dag.py:3033} INFO - Sync 1 DAGs
[2024-01-08T18:49:23.829+0300] {logging_mixin.py:188} INFO - [2024-01-08T18:49:23.829+0300] {dag.py:3820} INFO - Setting next_dagrun for example_dynamic_task_mapping to 2022-03-04T00:00:00+00:00, run_after=2022-03-05T00:00:00+00:00
[2024-01-08T18:49:23.889+0300] {processor.py:183} INFO - Processing /usr/local/lib/python3.10/dist-packages/airflow/example_dags/example_dynamic_task_mapping.py took 0.395 seconds
[2024-01-08T18:49:54.368+0300] {processor.py:161} INFO - Started process (PID=19056) to work on /usr/local/lib/python3.10/dist-packages/airflow/example_dags/example_dynamic_task_mapping.py
[2024-01-08T18:49:54.371+0300] {processor.py:830} INFO - Processing file /usr/local/lib/python3.10/dist-packages/airflow/example_dags/example_dynamic_task_mapping.py for tasks to queue
[2024-01-08T18:49:54.374+0300] {logging_mixin.py:188} INFO - [2024-01-08T18:49:54.373+0300] {dagbag.py:538} INFO - Filling up the DagBag from /usr/local/lib/python3.10/dist-packages/airflow/example_dags/example_dynamic_task_mapping.py
[2024-01-08T18:49:54.404+0300] {processor.py:840} INFO - DAG(s) 'example_dynamic_task_mapping' retrieved from /usr/local/lib/python3.10/dist-packages/airflow/example_dags/example_dynamic_task_mapping.py
[2024-01-08T18:49:54.502+0300] {logging_mixin.py:188} INFO - [2024-01-08T18:49:54.501+0300] {dag.py:3033} INFO - Sync 1 DAGs
[2024-01-08T18:49:54.557+0300] {logging_mixin.py:188} INFO - [2024-01-08T18:49:54.557+0300] {dag.py:3820} INFO - Setting next_dagrun for example_dynamic_task_mapping to 2022-03-04T00:00:00+00:00, run_after=2022-03-05T00:00:00+00:00
[2024-01-08T18:49:54.607+0300] {processor.py:183} INFO - Processing /usr/local/lib/python3.10/dist-packages/airflow/example_dags/example_dynamic_task_mapping.py took 0.253 seconds
[2024-01-08T18:50:24.722+0300] {processor.py:161} INFO - Started process (PID=19372) to work on /usr/local/lib/python3.10/dist-packages/airflow/example_dags/example_dynamic_task_mapping.py
[2024-01-08T18:50:24.726+0300] {processor.py:830} INFO - Processing file /usr/local/lib/python3.10/dist-packages/airflow/example_dags/example_dynamic_task_mapping.py for tasks to queue
[2024-01-08T18:50:24.727+0300] {logging_mixin.py:188} INFO - [2024-01-08T18:50:24.727+0300] {dagbag.py:538} INFO - Filling up the DagBag from /usr/local/lib/python3.10/dist-packages/airflow/example_dags/example_dynamic_task_mapping.py
[2024-01-08T18:50:24.748+0300] {processor.py:840} INFO - DAG(s) 'example_dynamic_task_mapping' retrieved from /usr/local/lib/python3.10/dist-packages/airflow/example_dags/example_dynamic_task_mapping.py
[2024-01-08T18:50:24.839+0300] {logging_mixin.py:188} INFO - [2024-01-08T18:50:24.839+0300] {dag.py:3033} INFO - Sync 1 DAGs
[2024-01-08T18:50:24.898+0300] {logging_mixin.py:188} INFO - [2024-01-08T18:50:24.897+0300] {dag.py:3820} INFO - Setting next_dagrun for example_dynamic_task_mapping to 2022-03-04T00:00:00+00:00, run_after=2022-03-05T00:00:00+00:00
[2024-01-08T18:50:24.957+0300] {processor.py:183} INFO - Processing /usr/local/lib/python3.10/dist-packages/airflow/example_dags/example_dynamic_task_mapping.py took 0.245 seconds
[2024-01-08T18:50:56.250+0300] {processor.py:161} INFO - Started process (PID=19686) to work on /usr/local/lib/python3.10/dist-packages/airflow/example_dags/example_dynamic_task_mapping.py
[2024-01-08T18:50:56.252+0300] {processor.py:830} INFO - Processing file /usr/local/lib/python3.10/dist-packages/airflow/example_dags/example_dynamic_task_mapping.py for tasks to queue
[2024-01-08T18:50:56.289+0300] {logging_mixin.py:188} INFO - [2024-01-08T18:50:56.272+0300] {dagbag.py:538} INFO - Filling up the DagBag from /usr/local/lib/python3.10/dist-packages/airflow/example_dags/example_dynamic_task_mapping.py
[2024-01-08T18:50:56.361+0300] {processor.py:840} INFO - DAG(s) 'example_dynamic_task_mapping' retrieved from /usr/local/lib/python3.10/dist-packages/airflow/example_dags/example_dynamic_task_mapping.py
[2024-01-08T18:50:56.540+0300] {logging_mixin.py:188} INFO - [2024-01-08T18:50:56.536+0300] {dag.py:3033} INFO - Sync 1 DAGs
[2024-01-08T18:50:56.725+0300] {logging_mixin.py:188} INFO - [2024-01-08T18:50:56.724+0300] {dag.py:3820} INFO - Setting next_dagrun for example_dynamic_task_mapping to 2022-03-04T00:00:00+00:00, run_after=2022-03-05T00:00:00+00:00
[2024-01-08T18:50:56.866+0300] {processor.py:183} INFO - Processing /usr/local/lib/python3.10/dist-packages/airflow/example_dags/example_dynamic_task_mapping.py took 0.668 seconds
[2024-01-08T18:51:27.191+0300] {processor.py:161} INFO - Started process (PID=20073) to work on /usr/local/lib/python3.10/dist-packages/airflow/example_dags/example_dynamic_task_mapping.py
[2024-01-08T18:51:27.196+0300] {processor.py:830} INFO - Processing file /usr/local/lib/python3.10/dist-packages/airflow/example_dags/example_dynamic_task_mapping.py for tasks to queue
[2024-01-08T18:51:27.199+0300] {logging_mixin.py:188} INFO - [2024-01-08T18:51:27.198+0300] {dagbag.py:538} INFO - Filling up the DagBag from /usr/local/lib/python3.10/dist-packages/airflow/example_dags/example_dynamic_task_mapping.py
[2024-01-08T18:51:27.222+0300] {processor.py:840} INFO - DAG(s) 'example_dynamic_task_mapping' retrieved from /usr/local/lib/python3.10/dist-packages/airflow/example_dags/example_dynamic_task_mapping.py
[2024-01-08T18:51:27.340+0300] {logging_mixin.py:188} INFO - [2024-01-08T18:51:27.339+0300] {dag.py:3033} INFO - Sync 1 DAGs
[2024-01-08T18:51:27.410+0300] {logging_mixin.py:188} INFO - [2024-01-08T18:51:27.410+0300] {dag.py:3820} INFO - Setting next_dagrun for example_dynamic_task_mapping to 2022-03-04T00:00:00+00:00, run_after=2022-03-05T00:00:00+00:00
[2024-01-08T18:51:27.489+0300] {processor.py:183} INFO - Processing /usr/local/lib/python3.10/dist-packages/airflow/example_dags/example_dynamic_task_mapping.py took 0.328 seconds
[2024-01-08T18:52:20.335+0300] {processor.py:161} INFO - Started process (PID=20596) to work on /usr/local/lib/python3.10/dist-packages/airflow/example_dags/example_dynamic_task_mapping.py
[2024-01-08T18:52:20.341+0300] {processor.py:830} INFO - Processing file /usr/local/lib/python3.10/dist-packages/airflow/example_dags/example_dynamic_task_mapping.py for tasks to queue
[2024-01-08T18:52:20.344+0300] {logging_mixin.py:188} INFO - [2024-01-08T18:52:20.343+0300] {dagbag.py:538} INFO - Filling up the DagBag from /usr/local/lib/python3.10/dist-packages/airflow/example_dags/example_dynamic_task_mapping.py
[2024-01-08T18:52:20.404+0300] {processor.py:840} INFO - DAG(s) 'example_dynamic_task_mapping' retrieved from /usr/local/lib/python3.10/dist-packages/airflow/example_dags/example_dynamic_task_mapping.py
[2024-01-08T18:52:20.862+0300] {logging_mixin.py:188} INFO - [2024-01-08T18:52:20.861+0300] {dag.py:3033} INFO - Sync 1 DAGs
[2024-01-08T18:52:21.144+0300] {logging_mixin.py:188} INFO - [2024-01-08T18:52:21.143+0300] {dag.py:3820} INFO - Setting next_dagrun for example_dynamic_task_mapping to 2022-03-04T00:00:00+00:00, run_after=2022-03-05T00:00:00+00:00
[2024-01-08T18:52:21.329+0300] {processor.py:183} INFO - Processing /usr/local/lib/python3.10/dist-packages/airflow/example_dags/example_dynamic_task_mapping.py took 1.066 seconds
[2024-01-08T18:52:54.115+0300] {processor.py:161} INFO - Started process (PID=21007) to work on /usr/local/lib/python3.10/dist-packages/airflow/example_dags/example_dynamic_task_mapping.py
[2024-01-08T18:52:54.123+0300] {processor.py:830} INFO - Processing file /usr/local/lib/python3.10/dist-packages/airflow/example_dags/example_dynamic_task_mapping.py for tasks to queue
[2024-01-08T18:52:54.128+0300] {logging_mixin.py:188} INFO - [2024-01-08T18:52:54.125+0300] {dagbag.py:538} INFO - Filling up the DagBag from /usr/local/lib/python3.10/dist-packages/airflow/example_dags/example_dynamic_task_mapping.py
[2024-01-08T18:52:54.269+0300] {processor.py:840} INFO - DAG(s) 'example_dynamic_task_mapping' retrieved from /usr/local/lib/python3.10/dist-packages/airflow/example_dags/example_dynamic_task_mapping.py
[2024-01-08T18:52:55.052+0300] {logging_mixin.py:188} INFO - [2024-01-08T18:52:55.051+0300] {dag.py:3033} INFO - Sync 1 DAGs
[2024-01-08T18:52:55.675+0300] {logging_mixin.py:188} INFO - [2024-01-08T18:52:55.674+0300] {dag.py:3820} INFO - Setting next_dagrun for example_dynamic_task_mapping to 2022-03-04T00:00:00+00:00, run_after=2022-03-05T00:00:00+00:00
[2024-01-08T18:52:56.006+0300] {processor.py:183} INFO - Processing /usr/local/lib/python3.10/dist-packages/airflow/example_dags/example_dynamic_task_mapping.py took 1.982 seconds
[2024-01-08T18:54:00.321+0300] {processor.py:161} INFO - Started process (PID=21573) to work on /usr/local/lib/python3.10/dist-packages/airflow/example_dags/example_dynamic_task_mapping.py
[2024-01-08T18:54:00.356+0300] {processor.py:830} INFO - Processing file /usr/local/lib/python3.10/dist-packages/airflow/example_dags/example_dynamic_task_mapping.py for tasks to queue
[2024-01-08T18:54:00.359+0300] {logging_mixin.py:188} INFO - [2024-01-08T18:54:00.357+0300] {dagbag.py:538} INFO - Filling up the DagBag from /usr/local/lib/python3.10/dist-packages/airflow/example_dags/example_dynamic_task_mapping.py
[2024-01-08T18:54:00.478+0300] {processor.py:840} INFO - DAG(s) 'example_dynamic_task_mapping' retrieved from /usr/local/lib/python3.10/dist-packages/airflow/example_dags/example_dynamic_task_mapping.py
[2024-01-08T18:54:01.000+0300] {logging_mixin.py:188} INFO - [2024-01-08T18:54:00.999+0300] {dag.py:3033} INFO - Sync 1 DAGs
[2024-01-08T18:54:01.371+0300] {logging_mixin.py:188} INFO - [2024-01-08T18:54:01.371+0300] {dag.py:3820} INFO - Setting next_dagrun for example_dynamic_task_mapping to 2022-03-04T00:00:00+00:00, run_after=2022-03-05T00:00:00+00:00
[2024-01-08T18:54:01.573+0300] {processor.py:183} INFO - Processing /usr/local/lib/python3.10/dist-packages/airflow/example_dags/example_dynamic_task_mapping.py took 1.302 seconds
[2024-01-08T18:54:39.314+0300] {processor.py:161} INFO - Started process (PID=22003) to work on /usr/local/lib/python3.10/dist-packages/airflow/example_dags/example_dynamic_task_mapping.py
[2024-01-08T18:54:39.318+0300] {processor.py:830} INFO - Processing file /usr/local/lib/python3.10/dist-packages/airflow/example_dags/example_dynamic_task_mapping.py for tasks to queue
[2024-01-08T18:54:39.323+0300] {logging_mixin.py:188} INFO - [2024-01-08T18:54:39.322+0300] {dagbag.py:538} INFO - Filling up the DagBag from /usr/local/lib/python3.10/dist-packages/airflow/example_dags/example_dynamic_task_mapping.py
[2024-01-08T18:54:39.425+0300] {processor.py:840} INFO - DAG(s) 'example_dynamic_task_mapping' retrieved from /usr/local/lib/python3.10/dist-packages/airflow/example_dags/example_dynamic_task_mapping.py
[2024-01-08T18:54:39.894+0300] {logging_mixin.py:188} INFO - [2024-01-08T18:54:39.894+0300] {dag.py:3033} INFO - Sync 1 DAGs
[2024-01-08T18:54:40.299+0300] {logging_mixin.py:188} INFO - [2024-01-08T18:54:40.298+0300] {dag.py:3820} INFO - Setting next_dagrun for example_dynamic_task_mapping to 2022-03-04T00:00:00+00:00, run_after=2022-03-05T00:00:00+00:00
[2024-01-08T18:54:40.619+0300] {processor.py:183} INFO - Processing /usr/local/lib/python3.10/dist-packages/airflow/example_dags/example_dynamic_task_mapping.py took 1.330 seconds
[2024-01-08T18:55:10.909+0300] {processor.py:161} INFO - Started process (PID=22466) to work on /usr/local/lib/python3.10/dist-packages/airflow/example_dags/example_dynamic_task_mapping.py
[2024-01-08T18:55:10.912+0300] {processor.py:830} INFO - Processing file /usr/local/lib/python3.10/dist-packages/airflow/example_dags/example_dynamic_task_mapping.py for tasks to queue
[2024-01-08T18:55:10.915+0300] {logging_mixin.py:188} INFO - [2024-01-08T18:55:10.914+0300] {dagbag.py:538} INFO - Filling up the DagBag from /usr/local/lib/python3.10/dist-packages/airflow/example_dags/example_dynamic_task_mapping.py
[2024-01-08T18:55:10.958+0300] {processor.py:840} INFO - DAG(s) 'example_dynamic_task_mapping' retrieved from /usr/local/lib/python3.10/dist-packages/airflow/example_dags/example_dynamic_task_mapping.py
[2024-01-08T18:55:11.128+0300] {logging_mixin.py:188} INFO - [2024-01-08T18:55:11.127+0300] {dag.py:3033} INFO - Sync 1 DAGs
[2024-01-08T18:55:11.212+0300] {logging_mixin.py:188} INFO - [2024-01-08T18:55:11.211+0300] {dag.py:3820} INFO - Setting next_dagrun for example_dynamic_task_mapping to 2022-03-04T00:00:00+00:00, run_after=2022-03-05T00:00:00+00:00
[2024-01-08T18:55:11.285+0300] {processor.py:183} INFO - Processing /usr/local/lib/python3.10/dist-packages/airflow/example_dags/example_dynamic_task_mapping.py took 0.401 seconds
[2024-01-08T18:55:43.249+0300] {processor.py:161} INFO - Started process (PID=22839) to work on /usr/local/lib/python3.10/dist-packages/airflow/example_dags/example_dynamic_task_mapping.py
[2024-01-08T18:55:43.260+0300] {processor.py:830} INFO - Processing file /usr/local/lib/python3.10/dist-packages/airflow/example_dags/example_dynamic_task_mapping.py for tasks to queue
[2024-01-08T18:55:43.262+0300] {logging_mixin.py:188} INFO - [2024-01-08T18:55:43.261+0300] {dagbag.py:538} INFO - Filling up the DagBag from /usr/local/lib/python3.10/dist-packages/airflow/example_dags/example_dynamic_task_mapping.py
[2024-01-08T18:55:43.307+0300] {processor.py:840} INFO - DAG(s) 'example_dynamic_task_mapping' retrieved from /usr/local/lib/python3.10/dist-packages/airflow/example_dags/example_dynamic_task_mapping.py
[2024-01-08T18:55:43.447+0300] {logging_mixin.py:188} INFO - [2024-01-08T18:55:43.447+0300] {dag.py:3033} INFO - Sync 1 DAGs
[2024-01-08T18:55:43.543+0300] {logging_mixin.py:188} INFO - [2024-01-08T18:55:43.542+0300] {dag.py:3820} INFO - Setting next_dagrun for example_dynamic_task_mapping to 2022-03-04T00:00:00+00:00, run_after=2022-03-05T00:00:00+00:00
[2024-01-08T18:55:43.609+0300] {processor.py:183} INFO - Processing /usr/local/lib/python3.10/dist-packages/airflow/example_dags/example_dynamic_task_mapping.py took 0.383 seconds
[2024-01-08T18:56:14.367+0300] {processor.py:161} INFO - Started process (PID=23155) to work on /usr/local/lib/python3.10/dist-packages/airflow/example_dags/example_dynamic_task_mapping.py
[2024-01-08T18:56:14.375+0300] {processor.py:830} INFO - Processing file /usr/local/lib/python3.10/dist-packages/airflow/example_dags/example_dynamic_task_mapping.py for tasks to queue
[2024-01-08T18:56:14.382+0300] {logging_mixin.py:188} INFO - [2024-01-08T18:56:14.381+0300] {dagbag.py:538} INFO - Filling up the DagBag from /usr/local/lib/python3.10/dist-packages/airflow/example_dags/example_dynamic_task_mapping.py
[2024-01-08T18:56:14.430+0300] {processor.py:840} INFO - DAG(s) 'example_dynamic_task_mapping' retrieved from /usr/local/lib/python3.10/dist-packages/airflow/example_dags/example_dynamic_task_mapping.py
[2024-01-08T18:56:14.572+0300] {logging_mixin.py:188} INFO - [2024-01-08T18:56:14.571+0300] {dag.py:3033} INFO - Sync 1 DAGs
[2024-01-08T18:56:14.691+0300] {logging_mixin.py:188} INFO - [2024-01-08T18:56:14.690+0300] {dag.py:3820} INFO - Setting next_dagrun for example_dynamic_task_mapping to 2022-03-04T00:00:00+00:00, run_after=2022-03-05T00:00:00+00:00
[2024-01-08T18:56:14.831+0300] {processor.py:183} INFO - Processing /usr/local/lib/python3.10/dist-packages/airflow/example_dags/example_dynamic_task_mapping.py took 0.494 seconds
[2024-01-08T18:56:45.311+0300] {processor.py:161} INFO - Started process (PID=23473) to work on /usr/local/lib/python3.10/dist-packages/airflow/example_dags/example_dynamic_task_mapping.py
[2024-01-08T18:56:45.313+0300] {processor.py:830} INFO - Processing file /usr/local/lib/python3.10/dist-packages/airflow/example_dags/example_dynamic_task_mapping.py for tasks to queue
[2024-01-08T18:56:45.317+0300] {logging_mixin.py:188} INFO - [2024-01-08T18:56:45.315+0300] {dagbag.py:538} INFO - Filling up the DagBag from /usr/local/lib/python3.10/dist-packages/airflow/example_dags/example_dynamic_task_mapping.py
[2024-01-08T18:56:45.357+0300] {processor.py:840} INFO - DAG(s) 'example_dynamic_task_mapping' retrieved from /usr/local/lib/python3.10/dist-packages/airflow/example_dags/example_dynamic_task_mapping.py
[2024-01-08T18:56:45.509+0300] {logging_mixin.py:188} INFO - [2024-01-08T18:56:45.508+0300] {dag.py:3033} INFO - Sync 1 DAGs
[2024-01-08T18:56:45.592+0300] {logging_mixin.py:188} INFO - [2024-01-08T18:56:45.591+0300] {dag.py:3820} INFO - Setting next_dagrun for example_dynamic_task_mapping to 2022-03-04T00:00:00+00:00, run_after=2022-03-05T00:00:00+00:00
[2024-01-08T18:56:45.668+0300] {processor.py:183} INFO - Processing /usr/local/lib/python3.10/dist-packages/airflow/example_dags/example_dynamic_task_mapping.py took 0.377 seconds
[2024-01-08T18:57:17.223+0300] {processor.py:161} INFO - Started process (PID=23853) to work on /usr/local/lib/python3.10/dist-packages/airflow/example_dags/example_dynamic_task_mapping.py
[2024-01-08T18:57:17.226+0300] {processor.py:830} INFO - Processing file /usr/local/lib/python3.10/dist-packages/airflow/example_dags/example_dynamic_task_mapping.py for tasks to queue
[2024-01-08T18:57:17.230+0300] {logging_mixin.py:188} INFO - [2024-01-08T18:57:17.228+0300] {dagbag.py:538} INFO - Filling up the DagBag from /usr/local/lib/python3.10/dist-packages/airflow/example_dags/example_dynamic_task_mapping.py
[2024-01-08T18:57:17.257+0300] {processor.py:840} INFO - DAG(s) 'example_dynamic_task_mapping' retrieved from /usr/local/lib/python3.10/dist-packages/airflow/example_dags/example_dynamic_task_mapping.py
[2024-01-08T18:57:17.390+0300] {logging_mixin.py:188} INFO - [2024-01-08T18:57:17.390+0300] {dag.py:3033} INFO - Sync 1 DAGs
[2024-01-08T18:57:17.467+0300] {logging_mixin.py:188} INFO - [2024-01-08T18:57:17.466+0300] {dag.py:3820} INFO - Setting next_dagrun for example_dynamic_task_mapping to 2022-03-04T00:00:00+00:00, run_after=2022-03-05T00:00:00+00:00
[2024-01-08T18:57:17.511+0300] {processor.py:183} INFO - Processing /usr/local/lib/python3.10/dist-packages/airflow/example_dags/example_dynamic_task_mapping.py took 0.299 seconds
[2024-01-08T18:57:54.700+0300] {processor.py:161} INFO - Started process (PID=24221) to work on /usr/local/lib/python3.10/dist-packages/airflow/example_dags/example_dynamic_task_mapping.py
[2024-01-08T18:57:54.703+0300] {processor.py:830} INFO - Processing file /usr/local/lib/python3.10/dist-packages/airflow/example_dags/example_dynamic_task_mapping.py for tasks to queue
[2024-01-08T18:57:54.707+0300] {logging_mixin.py:188} INFO - [2024-01-08T18:57:54.706+0300] {dagbag.py:538} INFO - Filling up the DagBag from /usr/local/lib/python3.10/dist-packages/airflow/example_dags/example_dynamic_task_mapping.py
[2024-01-08T18:57:54.730+0300] {processor.py:840} INFO - DAG(s) 'example_dynamic_task_mapping' retrieved from /usr/local/lib/python3.10/dist-packages/airflow/example_dags/example_dynamic_task_mapping.py
[2024-01-08T18:57:54.833+0300] {logging_mixin.py:188} INFO - [2024-01-08T18:57:54.832+0300] {dag.py:3033} INFO - Sync 1 DAGs
[2024-01-08T18:57:54.941+0300] {logging_mixin.py:188} INFO - [2024-01-08T18:57:54.941+0300] {dag.py:3820} INFO - Setting next_dagrun for example_dynamic_task_mapping to 2022-03-04T00:00:00+00:00, run_after=2022-03-05T00:00:00+00:00
[2024-01-08T18:57:55.010+0300] {processor.py:183} INFO - Processing /usr/local/lib/python3.10/dist-packages/airflow/example_dags/example_dynamic_task_mapping.py took 0.323 seconds
[2024-01-08T18:58:26.508+0300] {processor.py:161} INFO - Started process (PID=24573) to work on /usr/local/lib/python3.10/dist-packages/airflow/example_dags/example_dynamic_task_mapping.py
[2024-01-08T18:58:26.537+0300] {processor.py:830} INFO - Processing file /usr/local/lib/python3.10/dist-packages/airflow/example_dags/example_dynamic_task_mapping.py for tasks to queue
[2024-01-08T18:58:26.540+0300] {logging_mixin.py:188} INFO - [2024-01-08T18:58:26.539+0300] {dagbag.py:538} INFO - Filling up the DagBag from /usr/local/lib/python3.10/dist-packages/airflow/example_dags/example_dynamic_task_mapping.py
[2024-01-08T18:58:26.645+0300] {processor.py:840} INFO - DAG(s) 'example_dynamic_task_mapping' retrieved from /usr/local/lib/python3.10/dist-packages/airflow/example_dags/example_dynamic_task_mapping.py
[2024-01-08T18:58:26.884+0300] {logging_mixin.py:188} INFO - [2024-01-08T18:58:26.883+0300] {dag.py:3033} INFO - Sync 1 DAGs
[2024-01-08T18:58:27.227+0300] {logging_mixin.py:188} INFO - [2024-01-08T18:58:27.227+0300] {dag.py:3820} INFO - Setting next_dagrun for example_dynamic_task_mapping to 2022-03-04T00:00:00+00:00, run_after=2022-03-05T00:00:00+00:00
[2024-01-08T18:58:27.524+0300] {processor.py:183} INFO - Processing /usr/local/lib/python3.10/dist-packages/airflow/example_dags/example_dynamic_task_mapping.py took 1.083 seconds
[2024-01-08T18:59:00.940+0300] {processor.py:161} INFO - Started process (PID=25029) to work on /usr/local/lib/python3.10/dist-packages/airflow/example_dags/example_dynamic_task_mapping.py
[2024-01-08T18:59:00.963+0300] {processor.py:830} INFO - Processing file /usr/local/lib/python3.10/dist-packages/airflow/example_dags/example_dynamic_task_mapping.py for tasks to queue
[2024-01-08T18:59:00.965+0300] {logging_mixin.py:188} INFO - [2024-01-08T18:59:00.964+0300] {dagbag.py:538} INFO - Filling up the DagBag from /usr/local/lib/python3.10/dist-packages/airflow/example_dags/example_dynamic_task_mapping.py
[2024-01-08T18:59:01.068+0300] {processor.py:840} INFO - DAG(s) 'example_dynamic_task_mapping' retrieved from /usr/local/lib/python3.10/dist-packages/airflow/example_dags/example_dynamic_task_mapping.py
[2024-01-08T18:59:01.422+0300] {logging_mixin.py:188} INFO - [2024-01-08T18:59:01.422+0300] {dag.py:3033} INFO - Sync 1 DAGs
[2024-01-08T18:59:01.642+0300] {logging_mixin.py:188} INFO - [2024-01-08T18:59:01.642+0300] {dag.py:3820} INFO - Setting next_dagrun for example_dynamic_task_mapping to 2022-03-04T00:00:00+00:00, run_after=2022-03-05T00:00:00+00:00
[2024-01-08T18:59:01.735+0300] {processor.py:183} INFO - Processing /usr/local/lib/python3.10/dist-packages/airflow/example_dags/example_dynamic_task_mapping.py took 0.843 seconds
[2024-01-08T18:59:38.438+0300] {processor.py:161} INFO - Started process (PID=25457) to work on /usr/local/lib/python3.10/dist-packages/airflow/example_dags/example_dynamic_task_mapping.py
[2024-01-08T18:59:38.444+0300] {processor.py:830} INFO - Processing file /usr/local/lib/python3.10/dist-packages/airflow/example_dags/example_dynamic_task_mapping.py for tasks to queue
[2024-01-08T18:59:38.446+0300] {logging_mixin.py:188} INFO - [2024-01-08T18:59:38.446+0300] {dagbag.py:538} INFO - Filling up the DagBag from /usr/local/lib/python3.10/dist-packages/airflow/example_dags/example_dynamic_task_mapping.py
[2024-01-08T18:59:38.508+0300] {processor.py:840} INFO - DAG(s) 'example_dynamic_task_mapping' retrieved from /usr/local/lib/python3.10/dist-packages/airflow/example_dags/example_dynamic_task_mapping.py
[2024-01-08T18:59:38.655+0300] {logging_mixin.py:188} INFO - [2024-01-08T18:59:38.655+0300] {dag.py:3033} INFO - Sync 1 DAGs
[2024-01-08T18:59:38.767+0300] {logging_mixin.py:188} INFO - [2024-01-08T18:59:38.767+0300] {dag.py:3820} INFO - Setting next_dagrun for example_dynamic_task_mapping to 2022-03-04T00:00:00+00:00, run_after=2022-03-05T00:00:00+00:00
[2024-01-08T18:59:38.849+0300] {processor.py:183} INFO - Processing /usr/local/lib/python3.10/dist-packages/airflow/example_dags/example_dynamic_task_mapping.py took 0.425 seconds
[2024-01-08T19:00:09.280+0300] {processor.py:161} INFO - Started process (PID=25823) to work on /usr/local/lib/python3.10/dist-packages/airflow/example_dags/example_dynamic_task_mapping.py
[2024-01-08T19:00:09.283+0300] {processor.py:830} INFO - Processing file /usr/local/lib/python3.10/dist-packages/airflow/example_dags/example_dynamic_task_mapping.py for tasks to queue
[2024-01-08T19:00:09.285+0300] {logging_mixin.py:188} INFO - [2024-01-08T19:00:09.284+0300] {dagbag.py:538} INFO - Filling up the DagBag from /usr/local/lib/python3.10/dist-packages/airflow/example_dags/example_dynamic_task_mapping.py
[2024-01-08T19:00:09.312+0300] {processor.py:840} INFO - DAG(s) 'example_dynamic_task_mapping' retrieved from /usr/local/lib/python3.10/dist-packages/airflow/example_dags/example_dynamic_task_mapping.py
[2024-01-08T19:00:09.512+0300] {logging_mixin.py:188} INFO - [2024-01-08T19:00:09.512+0300] {dag.py:3033} INFO - Sync 1 DAGs
[2024-01-08T19:00:09.662+0300] {logging_mixin.py:188} INFO - [2024-01-08T19:00:09.662+0300] {dag.py:3820} INFO - Setting next_dagrun for example_dynamic_task_mapping to 2022-03-04T00:00:00+00:00, run_after=2022-03-05T00:00:00+00:00
[2024-01-08T19:00:09.811+0300] {processor.py:183} INFO - Processing /usr/local/lib/python3.10/dist-packages/airflow/example_dags/example_dynamic_task_mapping.py took 0.552 seconds
[2024-01-08T19:00:41.291+0300] {processor.py:161} INFO - Started process (PID=26237) to work on /usr/local/lib/python3.10/dist-packages/airflow/example_dags/example_dynamic_task_mapping.py
[2024-01-08T19:00:41.297+0300] {processor.py:830} INFO - Processing file /usr/local/lib/python3.10/dist-packages/airflow/example_dags/example_dynamic_task_mapping.py for tasks to queue
[2024-01-08T19:00:41.316+0300] {logging_mixin.py:188} INFO - [2024-01-08T19:00:41.310+0300] {dagbag.py:538} INFO - Filling up the DagBag from /usr/local/lib/python3.10/dist-packages/airflow/example_dags/example_dynamic_task_mapping.py
[2024-01-08T19:00:41.443+0300] {processor.py:840} INFO - DAG(s) 'example_dynamic_task_mapping' retrieved from /usr/local/lib/python3.10/dist-packages/airflow/example_dags/example_dynamic_task_mapping.py
[2024-01-08T19:00:41.819+0300] {logging_mixin.py:188} INFO - [2024-01-08T19:00:41.819+0300] {dag.py:3033} INFO - Sync 1 DAGs
[2024-01-08T19:00:41.996+0300] {logging_mixin.py:188} INFO - [2024-01-08T19:00:41.996+0300] {dag.py:3820} INFO - Setting next_dagrun for example_dynamic_task_mapping to 2022-03-04T00:00:00+00:00, run_after=2022-03-05T00:00:00+00:00
[2024-01-08T19:00:42.183+0300] {processor.py:183} INFO - Processing /usr/local/lib/python3.10/dist-packages/airflow/example_dags/example_dynamic_task_mapping.py took 0.945 seconds
[2024-01-08T19:01:12.722+0300] {processor.py:161} INFO - Started process (PID=26630) to work on /usr/local/lib/python3.10/dist-packages/airflow/example_dags/example_dynamic_task_mapping.py
[2024-01-08T19:01:12.725+0300] {processor.py:830} INFO - Processing file /usr/local/lib/python3.10/dist-packages/airflow/example_dags/example_dynamic_task_mapping.py for tasks to queue
[2024-01-08T19:01:12.726+0300] {logging_mixin.py:188} INFO - [2024-01-08T19:01:12.726+0300] {dagbag.py:538} INFO - Filling up the DagBag from /usr/local/lib/python3.10/dist-packages/airflow/example_dags/example_dynamic_task_mapping.py
[2024-01-08T19:01:12.744+0300] {processor.py:840} INFO - DAG(s) 'example_dynamic_task_mapping' retrieved from /usr/local/lib/python3.10/dist-packages/airflow/example_dags/example_dynamic_task_mapping.py
[2024-01-08T19:01:12.834+0300] {logging_mixin.py:188} INFO - [2024-01-08T19:01:12.834+0300] {dag.py:3033} INFO - Sync 1 DAGs
[2024-01-08T19:01:12.884+0300] {logging_mixin.py:188} INFO - [2024-01-08T19:01:12.883+0300] {dag.py:3820} INFO - Setting next_dagrun for example_dynamic_task_mapping to 2022-03-04T00:00:00+00:00, run_after=2022-03-05T00:00:00+00:00
[2024-01-08T19:01:12.932+0300] {processor.py:183} INFO - Processing /usr/local/lib/python3.10/dist-packages/airflow/example_dags/example_dynamic_task_mapping.py took 0.220 seconds
[2024-01-08T19:01:43.571+0300] {processor.py:161} INFO - Started process (PID=27032) to work on /usr/local/lib/python3.10/dist-packages/airflow/example_dags/example_dynamic_task_mapping.py
[2024-01-08T19:01:43.574+0300] {processor.py:830} INFO - Processing file /usr/local/lib/python3.10/dist-packages/airflow/example_dags/example_dynamic_task_mapping.py for tasks to queue
[2024-01-08T19:01:43.576+0300] {logging_mixin.py:188} INFO - [2024-01-08T19:01:43.575+0300] {dagbag.py:538} INFO - Filling up the DagBag from /usr/local/lib/python3.10/dist-packages/airflow/example_dags/example_dynamic_task_mapping.py
[2024-01-08T19:01:43.606+0300] {processor.py:840} INFO - DAG(s) 'example_dynamic_task_mapping' retrieved from /usr/local/lib/python3.10/dist-packages/airflow/example_dags/example_dynamic_task_mapping.py
[2024-01-08T19:01:43.707+0300] {logging_mixin.py:188} INFO - [2024-01-08T19:01:43.707+0300] {dag.py:3033} INFO - Sync 1 DAGs
[2024-01-08T19:01:43.767+0300] {logging_mixin.py:188} INFO - [2024-01-08T19:01:43.766+0300] {dag.py:3820} INFO - Setting next_dagrun for example_dynamic_task_mapping to 2022-03-04T00:00:00+00:00, run_after=2022-03-05T00:00:00+00:00
[2024-01-08T19:01:43.840+0300] {processor.py:183} INFO - Processing /usr/local/lib/python3.10/dist-packages/airflow/example_dags/example_dynamic_task_mapping.py took 0.280 seconds
[2024-01-08T19:02:14.606+0300] {processor.py:161} INFO - Started process (PID=27348) to work on /usr/local/lib/python3.10/dist-packages/airflow/example_dags/example_dynamic_task_mapping.py
[2024-01-08T19:02:14.608+0300] {processor.py:830} INFO - Processing file /usr/local/lib/python3.10/dist-packages/airflow/example_dags/example_dynamic_task_mapping.py for tasks to queue
[2024-01-08T19:02:14.618+0300] {logging_mixin.py:188} INFO - [2024-01-08T19:02:14.617+0300] {dagbag.py:538} INFO - Filling up the DagBag from /usr/local/lib/python3.10/dist-packages/airflow/example_dags/example_dynamic_task_mapping.py
[2024-01-08T19:02:14.653+0300] {processor.py:840} INFO - DAG(s) 'example_dynamic_task_mapping' retrieved from /usr/local/lib/python3.10/dist-packages/airflow/example_dags/example_dynamic_task_mapping.py
[2024-01-08T19:02:14.767+0300] {logging_mixin.py:188} INFO - [2024-01-08T19:02:14.767+0300] {dag.py:3033} INFO - Sync 1 DAGs
[2024-01-08T19:02:14.832+0300] {logging_mixin.py:188} INFO - [2024-01-08T19:02:14.831+0300] {dag.py:3820} INFO - Setting next_dagrun for example_dynamic_task_mapping to 2022-03-04T00:00:00+00:00, run_after=2022-03-05T00:00:00+00:00
[2024-01-08T19:02:14.922+0300] {processor.py:183} INFO - Processing /usr/local/lib/python3.10/dist-packages/airflow/example_dags/example_dynamic_task_mapping.py took 0.327 seconds
[2024-01-08T19:02:45.253+0300] {processor.py:161} INFO - Started process (PID=27664) to work on /usr/local/lib/python3.10/dist-packages/airflow/example_dags/example_dynamic_task_mapping.py
[2024-01-08T19:02:45.260+0300] {processor.py:830} INFO - Processing file /usr/local/lib/python3.10/dist-packages/airflow/example_dags/example_dynamic_task_mapping.py for tasks to queue
[2024-01-08T19:02:45.263+0300] {logging_mixin.py:188} INFO - [2024-01-08T19:02:45.262+0300] {dagbag.py:538} INFO - Filling up the DagBag from /usr/local/lib/python3.10/dist-packages/airflow/example_dags/example_dynamic_task_mapping.py
[2024-01-08T19:02:45.293+0300] {processor.py:840} INFO - DAG(s) 'example_dynamic_task_mapping' retrieved from /usr/local/lib/python3.10/dist-packages/airflow/example_dags/example_dynamic_task_mapping.py
[2024-01-08T19:02:45.402+0300] {logging_mixin.py:188} INFO - [2024-01-08T19:02:45.401+0300] {dag.py:3033} INFO - Sync 1 DAGs
[2024-01-08T19:02:45.539+0300] {logging_mixin.py:188} INFO - [2024-01-08T19:02:45.539+0300] {dag.py:3820} INFO - Setting next_dagrun for example_dynamic_task_mapping to 2022-03-04T00:00:00+00:00, run_after=2022-03-05T00:00:00+00:00
[2024-01-08T19:02:45.597+0300] {processor.py:183} INFO - Processing /usr/local/lib/python3.10/dist-packages/airflow/example_dags/example_dynamic_task_mapping.py took 0.368 seconds
[2024-01-08T19:03:28.015+0300] {processor.py:161} INFO - Started process (PID=28075) to work on /usr/local/lib/python3.10/dist-packages/airflow/example_dags/example_dynamic_task_mapping.py
[2024-01-08T19:03:28.019+0300] {processor.py:830} INFO - Processing file /usr/local/lib/python3.10/dist-packages/airflow/example_dags/example_dynamic_task_mapping.py for tasks to queue
[2024-01-08T19:03:28.025+0300] {logging_mixin.py:188} INFO - [2024-01-08T19:03:28.021+0300] {dagbag.py:538} INFO - Filling up the DagBag from /usr/local/lib/python3.10/dist-packages/airflow/example_dags/example_dynamic_task_mapping.py
[2024-01-08T19:03:28.062+0300] {processor.py:840} INFO - DAG(s) 'example_dynamic_task_mapping' retrieved from /usr/local/lib/python3.10/dist-packages/airflow/example_dags/example_dynamic_task_mapping.py
[2024-01-08T19:03:28.206+0300] {logging_mixin.py:188} INFO - [2024-01-08T19:03:28.205+0300] {dag.py:3033} INFO - Sync 1 DAGs
[2024-01-08T19:03:28.286+0300] {logging_mixin.py:188} INFO - [2024-01-08T19:03:28.285+0300] {dag.py:3820} INFO - Setting next_dagrun for example_dynamic_task_mapping to 2022-03-04T00:00:00+00:00, run_after=2022-03-05T00:00:00+00:00
[2024-01-08T19:03:28.351+0300] {processor.py:183} INFO - Processing /usr/local/lib/python3.10/dist-packages/airflow/example_dags/example_dynamic_task_mapping.py took 0.361 seconds
[2024-01-08T19:03:59.224+0300] {processor.py:161} INFO - Started process (PID=28457) to work on /usr/local/lib/python3.10/dist-packages/airflow/example_dags/example_dynamic_task_mapping.py
[2024-01-08T19:03:59.227+0300] {processor.py:830} INFO - Processing file /usr/local/lib/python3.10/dist-packages/airflow/example_dags/example_dynamic_task_mapping.py for tasks to queue
[2024-01-08T19:03:59.229+0300] {logging_mixin.py:188} INFO - [2024-01-08T19:03:59.228+0300] {dagbag.py:538} INFO - Filling up the DagBag from /usr/local/lib/python3.10/dist-packages/airflow/example_dags/example_dynamic_task_mapping.py
[2024-01-08T19:03:59.260+0300] {processor.py:840} INFO - DAG(s) 'example_dynamic_task_mapping' retrieved from /usr/local/lib/python3.10/dist-packages/airflow/example_dags/example_dynamic_task_mapping.py
[2024-01-08T19:03:59.369+0300] {logging_mixin.py:188} INFO - [2024-01-08T19:03:59.369+0300] {dag.py:3033} INFO - Sync 1 DAGs
[2024-01-08T19:03:59.444+0300] {logging_mixin.py:188} INFO - [2024-01-08T19:03:59.444+0300] {dag.py:3820} INFO - Setting next_dagrun for example_dynamic_task_mapping to 2022-03-04T00:00:00+00:00, run_after=2022-03-05T00:00:00+00:00
[2024-01-08T19:03:59.512+0300] {processor.py:183} INFO - Processing /usr/local/lib/python3.10/dist-packages/airflow/example_dags/example_dynamic_task_mapping.py took 0.316 seconds
[2024-01-08T19:04:30.566+0300] {processor.py:161} INFO - Started process (PID=28818) to work on /usr/local/lib/python3.10/dist-packages/airflow/example_dags/example_dynamic_task_mapping.py
[2024-01-08T19:04:30.574+0300] {processor.py:830} INFO - Processing file /usr/local/lib/python3.10/dist-packages/airflow/example_dags/example_dynamic_task_mapping.py for tasks to queue
[2024-01-08T19:04:30.578+0300] {logging_mixin.py:188} INFO - [2024-01-08T19:04:30.577+0300] {dagbag.py:538} INFO - Filling up the DagBag from /usr/local/lib/python3.10/dist-packages/airflow/example_dags/example_dynamic_task_mapping.py
[2024-01-08T19:04:30.646+0300] {processor.py:840} INFO - DAG(s) 'example_dynamic_task_mapping' retrieved from /usr/local/lib/python3.10/dist-packages/airflow/example_dags/example_dynamic_task_mapping.py
[2024-01-08T19:04:30.827+0300] {logging_mixin.py:188} INFO - [2024-01-08T19:04:30.827+0300] {dag.py:3033} INFO - Sync 1 DAGs
[2024-01-08T19:04:30.982+0300] {logging_mixin.py:188} INFO - [2024-01-08T19:04:30.982+0300] {dag.py:3820} INFO - Setting next_dagrun for example_dynamic_task_mapping to 2022-03-04T00:00:00+00:00, run_after=2022-03-05T00:00:00+00:00
[2024-01-08T19:04:31.112+0300] {processor.py:183} INFO - Processing /usr/local/lib/python3.10/dist-packages/airflow/example_dags/example_dynamic_task_mapping.py took 0.573 seconds
[2024-01-08T19:05:02.231+0300] {processor.py:161} INFO - Started process (PID=29259) to work on /usr/local/lib/python3.10/dist-packages/airflow/example_dags/example_dynamic_task_mapping.py
[2024-01-08T19:05:02.240+0300] {processor.py:830} INFO - Processing file /usr/local/lib/python3.10/dist-packages/airflow/example_dags/example_dynamic_task_mapping.py for tasks to queue
[2024-01-08T19:05:02.241+0300] {logging_mixin.py:188} INFO - [2024-01-08T19:05:02.241+0300] {dagbag.py:538} INFO - Filling up the DagBag from /usr/local/lib/python3.10/dist-packages/airflow/example_dags/example_dynamic_task_mapping.py
[2024-01-08T19:05:02.277+0300] {processor.py:840} INFO - DAG(s) 'example_dynamic_task_mapping' retrieved from /usr/local/lib/python3.10/dist-packages/airflow/example_dags/example_dynamic_task_mapping.py
[2024-01-08T19:05:02.427+0300] {logging_mixin.py:188} INFO - [2024-01-08T19:05:02.426+0300] {dag.py:3033} INFO - Sync 1 DAGs
[2024-01-08T19:05:02.482+0300] {logging_mixin.py:188} INFO - [2024-01-08T19:05:02.482+0300] {dag.py:3820} INFO - Setting next_dagrun for example_dynamic_task_mapping to 2022-03-04T00:00:00+00:00, run_after=2022-03-05T00:00:00+00:00
[2024-01-08T19:05:02.540+0300] {processor.py:183} INFO - Processing /usr/local/lib/python3.10/dist-packages/airflow/example_dags/example_dynamic_task_mapping.py took 0.325 seconds
[2024-01-08T19:05:42.153+0300] {processor.py:161} INFO - Started process (PID=29681) to work on /usr/local/lib/python3.10/dist-packages/airflow/example_dags/example_dynamic_task_mapping.py
[2024-01-08T19:05:42.171+0300] {processor.py:830} INFO - Processing file /usr/local/lib/python3.10/dist-packages/airflow/example_dags/example_dynamic_task_mapping.py for tasks to queue
[2024-01-08T19:05:42.174+0300] {logging_mixin.py:188} INFO - [2024-01-08T19:05:42.173+0300] {dagbag.py:538} INFO - Filling up the DagBag from /usr/local/lib/python3.10/dist-packages/airflow/example_dags/example_dynamic_task_mapping.py
[2024-01-08T19:05:42.222+0300] {processor.py:840} INFO - DAG(s) 'example_dynamic_task_mapping' retrieved from /usr/local/lib/python3.10/dist-packages/airflow/example_dags/example_dynamic_task_mapping.py
[2024-01-08T19:05:42.592+0300] {logging_mixin.py:188} INFO - [2024-01-08T19:05:42.592+0300] {dag.py:3033} INFO - Sync 1 DAGs
[2024-01-08T19:05:42.860+0300] {logging_mixin.py:188} INFO - [2024-01-08T19:05:42.860+0300] {dag.py:3820} INFO - Setting next_dagrun for example_dynamic_task_mapping to 2022-03-04T00:00:00+00:00, run_after=2022-03-05T00:00:00+00:00
[2024-01-08T19:05:43.195+0300] {processor.py:183} INFO - Processing /usr/local/lib/python3.10/dist-packages/airflow/example_dags/example_dynamic_task_mapping.py took 1.092 seconds
[2024-01-08T19:06:13.587+0300] {processor.py:161} INFO - Started process (PID=30060) to work on /usr/local/lib/python3.10/dist-packages/airflow/example_dags/example_dynamic_task_mapping.py
[2024-01-08T19:06:13.589+0300] {processor.py:830} INFO - Processing file /usr/local/lib/python3.10/dist-packages/airflow/example_dags/example_dynamic_task_mapping.py for tasks to queue
[2024-01-08T19:06:13.605+0300] {logging_mixin.py:188} INFO - [2024-01-08T19:06:13.590+0300] {dagbag.py:538} INFO - Filling up the DagBag from /usr/local/lib/python3.10/dist-packages/airflow/example_dags/example_dynamic_task_mapping.py
[2024-01-08T19:06:13.664+0300] {processor.py:840} INFO - DAG(s) 'example_dynamic_task_mapping' retrieved from /usr/local/lib/python3.10/dist-packages/airflow/example_dags/example_dynamic_task_mapping.py
[2024-01-08T19:06:13.830+0300] {logging_mixin.py:188} INFO - [2024-01-08T19:06:13.830+0300] {dag.py:3033} INFO - Sync 1 DAGs
[2024-01-08T19:06:13.895+0300] {logging_mixin.py:188} INFO - [2024-01-08T19:06:13.895+0300] {dag.py:3820} INFO - Setting next_dagrun for example_dynamic_task_mapping to 2022-03-04T00:00:00+00:00, run_after=2022-03-05T00:00:00+00:00
[2024-01-08T19:06:13.945+0300] {processor.py:183} INFO - Processing /usr/local/lib/python3.10/dist-packages/airflow/example_dags/example_dynamic_task_mapping.py took 0.388 seconds
[2024-01-08T19:07:08.753+0300] {processor.py:161} INFO - Started process (PID=30558) to work on /usr/local/lib/python3.10/dist-packages/airflow/example_dags/example_dynamic_task_mapping.py
[2024-01-08T19:07:08.758+0300] {processor.py:830} INFO - Processing file /usr/local/lib/python3.10/dist-packages/airflow/example_dags/example_dynamic_task_mapping.py for tasks to queue
[2024-01-08T19:07:08.760+0300] {logging_mixin.py:188} INFO - [2024-01-08T19:07:08.759+0300] {dagbag.py:538} INFO - Filling up the DagBag from /usr/local/lib/python3.10/dist-packages/airflow/example_dags/example_dynamic_task_mapping.py
[2024-01-08T19:07:08.849+0300] {processor.py:840} INFO - DAG(s) 'example_dynamic_task_mapping' retrieved from /usr/local/lib/python3.10/dist-packages/airflow/example_dags/example_dynamic_task_mapping.py
[2024-01-08T19:07:09.064+0300] {logging_mixin.py:188} INFO - [2024-01-08T19:07:09.064+0300] {dag.py:3033} INFO - Sync 1 DAGs
[2024-01-08T19:07:09.171+0300] {logging_mixin.py:188} INFO - [2024-01-08T19:07:09.171+0300] {dag.py:3820} INFO - Setting next_dagrun for example_dynamic_task_mapping to 2022-03-04T00:00:00+00:00, run_after=2022-03-05T00:00:00+00:00
[2024-01-08T19:07:09.262+0300] {processor.py:183} INFO - Processing /usr/local/lib/python3.10/dist-packages/airflow/example_dags/example_dynamic_task_mapping.py took 0.556 seconds
[2024-01-08T19:07:43.338+0300] {processor.py:161} INFO - Started process (PID=30980) to work on /usr/local/lib/python3.10/dist-packages/airflow/example_dags/example_dynamic_task_mapping.py
[2024-01-08T19:07:43.364+0300] {processor.py:830} INFO - Processing file /usr/local/lib/python3.10/dist-packages/airflow/example_dags/example_dynamic_task_mapping.py for tasks to queue
[2024-01-08T19:07:43.388+0300] {logging_mixin.py:188} INFO - [2024-01-08T19:07:43.380+0300] {dagbag.py:538} INFO - Filling up the DagBag from /usr/local/lib/python3.10/dist-packages/airflow/example_dags/example_dynamic_task_mapping.py
[2024-01-08T19:07:43.526+0300] {processor.py:840} INFO - DAG(s) 'example_dynamic_task_mapping' retrieved from /usr/local/lib/python3.10/dist-packages/airflow/example_dags/example_dynamic_task_mapping.py
[2024-01-08T19:07:44.035+0300] {logging_mixin.py:188} INFO - [2024-01-08T19:07:44.034+0300] {dag.py:3033} INFO - Sync 1 DAGs
[2024-01-08T19:07:44.281+0300] {logging_mixin.py:188} INFO - [2024-01-08T19:07:44.272+0300] {dag.py:3820} INFO - Setting next_dagrun for example_dynamic_task_mapping to 2022-03-04T00:00:00+00:00, run_after=2022-03-05T00:00:00+00:00
[2024-01-08T19:07:44.508+0300] {processor.py:183} INFO - Processing /usr/local/lib/python3.10/dist-packages/airflow/example_dags/example_dynamic_task_mapping.py took 1.285 seconds
[2024-01-08T19:08:14.743+0300] {processor.py:161} INFO - Started process (PID=31312) to work on /usr/local/lib/python3.10/dist-packages/airflow/example_dags/example_dynamic_task_mapping.py
[2024-01-08T19:08:14.746+0300] {processor.py:830} INFO - Processing file /usr/local/lib/python3.10/dist-packages/airflow/example_dags/example_dynamic_task_mapping.py for tasks to queue
[2024-01-08T19:08:14.748+0300] {logging_mixin.py:188} INFO - [2024-01-08T19:08:14.747+0300] {dagbag.py:538} INFO - Filling up the DagBag from /usr/local/lib/python3.10/dist-packages/airflow/example_dags/example_dynamic_task_mapping.py
[2024-01-08T19:08:14.772+0300] {processor.py:840} INFO - DAG(s) 'example_dynamic_task_mapping' retrieved from /usr/local/lib/python3.10/dist-packages/airflow/example_dags/example_dynamic_task_mapping.py
[2024-01-08T19:08:14.889+0300] {logging_mixin.py:188} INFO - [2024-01-08T19:08:14.889+0300] {dag.py:3033} INFO - Sync 1 DAGs
[2024-01-08T19:08:14.954+0300] {logging_mixin.py:188} INFO - [2024-01-08T19:08:14.953+0300] {dag.py:3820} INFO - Setting next_dagrun for example_dynamic_task_mapping to 2022-03-04T00:00:00+00:00, run_after=2022-03-05T00:00:00+00:00
[2024-01-08T19:08:14.998+0300] {processor.py:183} INFO - Processing /usr/local/lib/python3.10/dist-packages/airflow/example_dags/example_dynamic_task_mapping.py took 0.267 seconds
[2024-01-08T19:08:45.381+0300] {processor.py:161} INFO - Started process (PID=31630) to work on /usr/local/lib/python3.10/dist-packages/airflow/example_dags/example_dynamic_task_mapping.py
[2024-01-08T19:08:45.383+0300] {processor.py:830} INFO - Processing file /usr/local/lib/python3.10/dist-packages/airflow/example_dags/example_dynamic_task_mapping.py for tasks to queue
[2024-01-08T19:08:45.385+0300] {logging_mixin.py:188} INFO - [2024-01-08T19:08:45.384+0300] {dagbag.py:538} INFO - Filling up the DagBag from /usr/local/lib/python3.10/dist-packages/airflow/example_dags/example_dynamic_task_mapping.py
[2024-01-08T19:08:45.409+0300] {processor.py:840} INFO - DAG(s) 'example_dynamic_task_mapping' retrieved from /usr/local/lib/python3.10/dist-packages/airflow/example_dags/example_dynamic_task_mapping.py
[2024-01-08T19:08:45.480+0300] {logging_mixin.py:188} INFO - [2024-01-08T19:08:45.480+0300] {dag.py:3033} INFO - Sync 1 DAGs
[2024-01-08T19:08:45.532+0300] {logging_mixin.py:188} INFO - [2024-01-08T19:08:45.532+0300] {dag.py:3820} INFO - Setting next_dagrun for example_dynamic_task_mapping to 2022-03-04T00:00:00+00:00, run_after=2022-03-05T00:00:00+00:00
[2024-01-08T19:08:45.593+0300] {processor.py:183} INFO - Processing /usr/local/lib/python3.10/dist-packages/airflow/example_dags/example_dynamic_task_mapping.py took 0.221 seconds
[2024-01-08T19:09:15.693+0300] {processor.py:161} INFO - Started process (PID=32006) to work on /usr/local/lib/python3.10/dist-packages/airflow/example_dags/example_dynamic_task_mapping.py
[2024-01-08T19:09:15.696+0300] {processor.py:830} INFO - Processing file /usr/local/lib/python3.10/dist-packages/airflow/example_dags/example_dynamic_task_mapping.py for tasks to queue
[2024-01-08T19:09:15.699+0300] {logging_mixin.py:188} INFO - [2024-01-08T19:09:15.698+0300] {dagbag.py:538} INFO - Filling up the DagBag from /usr/local/lib/python3.10/dist-packages/airflow/example_dags/example_dynamic_task_mapping.py
[2024-01-08T19:09:15.724+0300] {processor.py:840} INFO - DAG(s) 'example_dynamic_task_mapping' retrieved from /usr/local/lib/python3.10/dist-packages/airflow/example_dags/example_dynamic_task_mapping.py
[2024-01-08T19:09:15.830+0300] {logging_mixin.py:188} INFO - [2024-01-08T19:09:15.829+0300] {dag.py:3033} INFO - Sync 1 DAGs
[2024-01-08T19:09:15.896+0300] {logging_mixin.py:188} INFO - [2024-01-08T19:09:15.896+0300] {dag.py:3820} INFO - Setting next_dagrun for example_dynamic_task_mapping to 2022-03-04T00:00:00+00:00, run_after=2022-03-05T00:00:00+00:00
[2024-01-08T19:09:15.949+0300] {processor.py:183} INFO - Processing /usr/local/lib/python3.10/dist-packages/airflow/example_dags/example_dynamic_task_mapping.py took 0.268 seconds
[2024-01-08T19:09:46.667+0300] {processor.py:161} INFO - Started process (PID=32386) to work on /usr/local/lib/python3.10/dist-packages/airflow/example_dags/example_dynamic_task_mapping.py
[2024-01-08T19:09:46.671+0300] {processor.py:830} INFO - Processing file /usr/local/lib/python3.10/dist-packages/airflow/example_dags/example_dynamic_task_mapping.py for tasks to queue
[2024-01-08T19:09:46.673+0300] {logging_mixin.py:188} INFO - [2024-01-08T19:09:46.672+0300] {dagbag.py:538} INFO - Filling up the DagBag from /usr/local/lib/python3.10/dist-packages/airflow/example_dags/example_dynamic_task_mapping.py
[2024-01-08T19:09:46.703+0300] {processor.py:840} INFO - DAG(s) 'example_dynamic_task_mapping' retrieved from /usr/local/lib/python3.10/dist-packages/airflow/example_dags/example_dynamic_task_mapping.py
[2024-01-08T19:09:46.836+0300] {logging_mixin.py:188} INFO - [2024-01-08T19:09:46.835+0300] {dag.py:3033} INFO - Sync 1 DAGs
[2024-01-08T19:09:46.900+0300] {logging_mixin.py:188} INFO - [2024-01-08T19:09:46.899+0300] {dag.py:3820} INFO - Setting next_dagrun for example_dynamic_task_mapping to 2022-03-04T00:00:00+00:00, run_after=2022-03-05T00:00:00+00:00
[2024-01-08T19:09:46.962+0300] {processor.py:183} INFO - Processing /usr/local/lib/python3.10/dist-packages/airflow/example_dags/example_dynamic_task_mapping.py took 0.308 seconds
[2024-01-08T19:10:30.867+0300] {processor.py:161} INFO - Started process (PID=32807) to work on /usr/local/lib/python3.10/dist-packages/airflow/example_dags/example_dynamic_task_mapping.py
[2024-01-08T19:10:30.886+0300] {processor.py:830} INFO - Processing file /usr/local/lib/python3.10/dist-packages/airflow/example_dags/example_dynamic_task_mapping.py for tasks to queue
[2024-01-08T19:10:30.889+0300] {logging_mixin.py:188} INFO - [2024-01-08T19:10:30.887+0300] {dagbag.py:538} INFO - Filling up the DagBag from /usr/local/lib/python3.10/dist-packages/airflow/example_dags/example_dynamic_task_mapping.py
[2024-01-08T19:10:30.956+0300] {processor.py:840} INFO - DAG(s) 'example_dynamic_task_mapping' retrieved from /usr/local/lib/python3.10/dist-packages/airflow/example_dags/example_dynamic_task_mapping.py
[2024-01-08T19:10:31.178+0300] {logging_mixin.py:188} INFO - [2024-01-08T19:10:31.178+0300] {dag.py:3033} INFO - Sync 1 DAGs
[2024-01-08T19:10:31.313+0300] {logging_mixin.py:188} INFO - [2024-01-08T19:10:31.311+0300] {dag.py:3820} INFO - Setting next_dagrun for example_dynamic_task_mapping to 2022-03-04T00:00:00+00:00, run_after=2022-03-05T00:00:00+00:00
[2024-01-08T19:10:31.466+0300] {processor.py:183} INFO - Processing /usr/local/lib/python3.10/dist-packages/airflow/example_dags/example_dynamic_task_mapping.py took 0.636 seconds
[2024-01-08T19:11:15.876+0300] {processor.py:161} INFO - Started process (PID=33265) to work on /usr/local/lib/python3.10/dist-packages/airflow/example_dags/example_dynamic_task_mapping.py
[2024-01-08T19:11:15.881+0300] {processor.py:830} INFO - Processing file /usr/local/lib/python3.10/dist-packages/airflow/example_dags/example_dynamic_task_mapping.py for tasks to queue
[2024-01-08T19:11:15.887+0300] {logging_mixin.py:188} INFO - [2024-01-08T19:11:15.884+0300] {dagbag.py:538} INFO - Filling up the DagBag from /usr/local/lib/python3.10/dist-packages/airflow/example_dags/example_dynamic_task_mapping.py
[2024-01-08T19:11:15.939+0300] {processor.py:840} INFO - DAG(s) 'example_dynamic_task_mapping' retrieved from /usr/local/lib/python3.10/dist-packages/airflow/example_dags/example_dynamic_task_mapping.py
[2024-01-08T19:11:16.214+0300] {logging_mixin.py:188} INFO - [2024-01-08T19:11:16.214+0300] {dag.py:3033} INFO - Sync 1 DAGs
[2024-01-08T19:11:16.342+0300] {logging_mixin.py:188} INFO - [2024-01-08T19:11:16.342+0300] {dag.py:3820} INFO - Setting next_dagrun for example_dynamic_task_mapping to 2022-03-04T00:00:00+00:00, run_after=2022-03-05T00:00:00+00:00
[2024-01-08T19:11:16.437+0300] {processor.py:183} INFO - Processing /usr/local/lib/python3.10/dist-packages/airflow/example_dags/example_dynamic_task_mapping.py took 0.587 seconds
[2024-01-08T19:12:03.586+0300] {processor.py:161} INFO - Started process (PID=33744) to work on /usr/local/lib/python3.10/dist-packages/airflow/example_dags/example_dynamic_task_mapping.py
[2024-01-08T19:12:03.602+0300] {processor.py:830} INFO - Processing file /usr/local/lib/python3.10/dist-packages/airflow/example_dags/example_dynamic_task_mapping.py for tasks to queue
[2024-01-08T19:12:03.604+0300] {logging_mixin.py:188} INFO - [2024-01-08T19:12:03.603+0300] {dagbag.py:538} INFO - Filling up the DagBag from /usr/local/lib/python3.10/dist-packages/airflow/example_dags/example_dynamic_task_mapping.py
[2024-01-08T19:12:03.670+0300] {processor.py:840} INFO - DAG(s) 'example_dynamic_task_mapping' retrieved from /usr/local/lib/python3.10/dist-packages/airflow/example_dags/example_dynamic_task_mapping.py
[2024-01-08T19:12:03.865+0300] {logging_mixin.py:188} INFO - [2024-01-08T19:12:03.864+0300] {dag.py:3033} INFO - Sync 1 DAGs
[2024-01-08T19:12:03.969+0300] {logging_mixin.py:188} INFO - [2024-01-08T19:12:03.969+0300] {dag.py:3820} INFO - Setting next_dagrun for example_dynamic_task_mapping to 2022-03-04T00:00:00+00:00, run_after=2022-03-05T00:00:00+00:00
[2024-01-08T19:12:04.069+0300] {processor.py:183} INFO - Processing /usr/local/lib/python3.10/dist-packages/airflow/example_dags/example_dynamic_task_mapping.py took 0.520 seconds
