[2024-01-08T17:37:16.788+0300] {processor.py:161} INFO - Started process (PID=5503) to work on /usr/local/lib/python3.10/dist-packages/airflow/example_dags/example_short_circuit_operator.py
[2024-01-08T17:37:16.790+0300] {processor.py:830} INFO - Processing file /usr/local/lib/python3.10/dist-packages/airflow/example_dags/example_short_circuit_operator.py for tasks to queue
[2024-01-08T17:37:16.792+0300] {logging_mixin.py:188} INFO - [2024-01-08T17:37:16.791+0300] {dagbag.py:538} INFO - Filling up the DagBag from /usr/local/lib/python3.10/dist-packages/airflow/example_dags/example_short_circuit_operator.py
[2024-01-08T17:37:16.814+0300] {processor.py:840} INFO - DAG(s) 'example_short_circuit_operator' retrieved from /usr/local/lib/python3.10/dist-packages/airflow/example_dags/example_short_circuit_operator.py
[2024-01-08T17:37:16.905+0300] {logging_mixin.py:188} INFO - [2024-01-08T17:37:16.904+0300] {dag.py:3033} INFO - Sync 1 DAGs
[2024-01-08T17:37:16.963+0300] {logging_mixin.py:188} INFO - [2024-01-08T17:37:16.963+0300] {dag.py:3820} INFO - Setting next_dagrun for example_short_circuit_operator to 2024-01-07T00:00:00+00:00, run_after=2024-01-08T00:00:00+00:00
[2024-01-08T17:37:17.014+0300] {processor.py:183} INFO - Processing /usr/local/lib/python3.10/dist-packages/airflow/example_dags/example_short_circuit_operator.py took 0.239 seconds
[2024-01-08T17:37:47.536+0300] {processor.py:161} INFO - Started process (PID=5850) to work on /usr/local/lib/python3.10/dist-packages/airflow/example_dags/example_short_circuit_operator.py
[2024-01-08T17:37:47.539+0300] {processor.py:830} INFO - Processing file /usr/local/lib/python3.10/dist-packages/airflow/example_dags/example_short_circuit_operator.py for tasks to queue
[2024-01-08T17:37:47.542+0300] {logging_mixin.py:188} INFO - [2024-01-08T17:37:47.541+0300] {dagbag.py:538} INFO - Filling up the DagBag from /usr/local/lib/python3.10/dist-packages/airflow/example_dags/example_short_circuit_operator.py
[2024-01-08T17:37:47.568+0300] {processor.py:840} INFO - DAG(s) 'example_short_circuit_operator' retrieved from /usr/local/lib/python3.10/dist-packages/airflow/example_dags/example_short_circuit_operator.py
[2024-01-08T17:37:47.684+0300] {logging_mixin.py:188} INFO - [2024-01-08T17:37:47.684+0300] {dag.py:3033} INFO - Sync 1 DAGs
[2024-01-08T17:37:47.744+0300] {logging_mixin.py:188} INFO - [2024-01-08T17:37:47.743+0300] {dag.py:3820} INFO - Setting next_dagrun for example_short_circuit_operator to 2024-01-07T00:00:00+00:00, run_after=2024-01-08T00:00:00+00:00
[2024-01-08T17:37:47.792+0300] {processor.py:183} INFO - Processing /usr/local/lib/python3.10/dist-packages/airflow/example_dags/example_short_circuit_operator.py took 0.266 seconds
[2024-01-08T17:38:18.453+0300] {processor.py:161} INFO - Started process (PID=6165) to work on /usr/local/lib/python3.10/dist-packages/airflow/example_dags/example_short_circuit_operator.py
[2024-01-08T17:38:18.457+0300] {processor.py:830} INFO - Processing file /usr/local/lib/python3.10/dist-packages/airflow/example_dags/example_short_circuit_operator.py for tasks to queue
[2024-01-08T17:38:18.459+0300] {logging_mixin.py:188} INFO - [2024-01-08T17:38:18.458+0300] {dagbag.py:538} INFO - Filling up the DagBag from /usr/local/lib/python3.10/dist-packages/airflow/example_dags/example_short_circuit_operator.py
[2024-01-08T17:38:18.479+0300] {processor.py:840} INFO - DAG(s) 'example_short_circuit_operator' retrieved from /usr/local/lib/python3.10/dist-packages/airflow/example_dags/example_short_circuit_operator.py
[2024-01-08T17:38:18.593+0300] {logging_mixin.py:188} INFO - [2024-01-08T17:38:18.592+0300] {dag.py:3033} INFO - Sync 1 DAGs
[2024-01-08T17:38:18.660+0300] {logging_mixin.py:188} INFO - [2024-01-08T17:38:18.660+0300] {dag.py:3820} INFO - Setting next_dagrun for example_short_circuit_operator to 2024-01-07T00:00:00+00:00, run_after=2024-01-08T00:00:00+00:00
[2024-01-08T17:38:18.713+0300] {processor.py:183} INFO - Processing /usr/local/lib/python3.10/dist-packages/airflow/example_dags/example_short_circuit_operator.py took 0.272 seconds
[2024-01-08T18:15:19.603+0300] {processor.py:161} INFO - Started process (PID=7440) to work on /usr/local/lib/python3.10/dist-packages/airflow/example_dags/example_short_circuit_operator.py
[2024-01-08T18:15:19.606+0300] {processor.py:830} INFO - Processing file /usr/local/lib/python3.10/dist-packages/airflow/example_dags/example_short_circuit_operator.py for tasks to queue
[2024-01-08T18:15:19.609+0300] {logging_mixin.py:188} INFO - [2024-01-08T18:15:19.608+0300] {dagbag.py:538} INFO - Filling up the DagBag from /usr/local/lib/python3.10/dist-packages/airflow/example_dags/example_short_circuit_operator.py
[2024-01-08T18:15:19.642+0300] {processor.py:840} INFO - DAG(s) 'example_short_circuit_operator' retrieved from /usr/local/lib/python3.10/dist-packages/airflow/example_dags/example_short_circuit_operator.py
[2024-01-08T18:15:19.779+0300] {logging_mixin.py:188} INFO - [2024-01-08T18:15:19.778+0300] {dag.py:3033} INFO - Sync 1 DAGs
[2024-01-08T18:15:19.855+0300] {logging_mixin.py:188} INFO - [2024-01-08T18:15:19.855+0300] {dag.py:3820} INFO - Setting next_dagrun for example_short_circuit_operator to 2024-01-07T00:00:00+00:00, run_after=2024-01-08T00:00:00+00:00
[2024-01-08T18:15:19.911+0300] {processor.py:183} INFO - Processing /usr/local/lib/python3.10/dist-packages/airflow/example_dags/example_short_circuit_operator.py took 0.319 seconds
[2024-01-08T18:15:51.850+0300] {processor.py:161} INFO - Started process (PID=7781) to work on /usr/local/lib/python3.10/dist-packages/airflow/example_dags/example_short_circuit_operator.py
[2024-01-08T18:15:51.853+0300] {processor.py:830} INFO - Processing file /usr/local/lib/python3.10/dist-packages/airflow/example_dags/example_short_circuit_operator.py for tasks to queue
[2024-01-08T18:15:51.856+0300] {logging_mixin.py:188} INFO - [2024-01-08T18:15:51.855+0300] {dagbag.py:538} INFO - Filling up the DagBag from /usr/local/lib/python3.10/dist-packages/airflow/example_dags/example_short_circuit_operator.py
[2024-01-08T18:15:51.885+0300] {processor.py:840} INFO - DAG(s) 'example_short_circuit_operator' retrieved from /usr/local/lib/python3.10/dist-packages/airflow/example_dags/example_short_circuit_operator.py
[2024-01-08T18:15:52.022+0300] {logging_mixin.py:188} INFO - [2024-01-08T18:15:52.021+0300] {dag.py:3033} INFO - Sync 1 DAGs
[2024-01-08T18:15:52.082+0300] {logging_mixin.py:188} INFO - [2024-01-08T18:15:52.081+0300] {dag.py:3820} INFO - Setting next_dagrun for example_short_circuit_operator to 2024-01-07T00:00:00+00:00, run_after=2024-01-08T00:00:00+00:00
[2024-01-08T18:15:52.146+0300] {processor.py:183} INFO - Processing /usr/local/lib/python3.10/dist-packages/airflow/example_dags/example_short_circuit_operator.py took 0.311 seconds
[2024-01-08T18:28:33.873+0300] {processor.py:161} INFO - Started process (PID=8490) to work on /usr/local/lib/python3.10/dist-packages/airflow/example_dags/example_short_circuit_operator.py
[2024-01-08T18:28:33.988+0300] {processor.py:830} INFO - Processing file /usr/local/lib/python3.10/dist-packages/airflow/example_dags/example_short_circuit_operator.py for tasks to queue
[2024-01-08T18:28:33.991+0300] {logging_mixin.py:188} INFO - [2024-01-08T18:28:33.989+0300] {dagbag.py:538} INFO - Filling up the DagBag from /usr/local/lib/python3.10/dist-packages/airflow/example_dags/example_short_circuit_operator.py
[2024-01-08T18:28:34.405+0300] {processor.py:840} INFO - DAG(s) 'example_short_circuit_operator' retrieved from /usr/local/lib/python3.10/dist-packages/airflow/example_dags/example_short_circuit_operator.py
[2024-01-08T18:28:36.196+0300] {logging_mixin.py:188} INFO - [2024-01-08T18:28:36.195+0300] {dag.py:3033} INFO - Sync 1 DAGs
[2024-01-08T18:28:36.797+0300] {logging_mixin.py:188} INFO - [2024-01-08T18:28:36.797+0300] {dag.py:3820} INFO - Setting next_dagrun for example_short_circuit_operator to 2024-01-07T00:00:00+00:00, run_after=2024-01-08T00:00:00+00:00
[2024-01-08T18:28:37.216+0300] {processor.py:183} INFO - Processing /usr/local/lib/python3.10/dist-packages/airflow/example_dags/example_short_circuit_operator.py took 3.555 seconds
[2024-01-08T18:32:32.473+0300] {processor.py:161} INFO - Started process (PID=9810) to work on /usr/local/lib/python3.10/dist-packages/airflow/example_dags/example_short_circuit_operator.py
[2024-01-08T18:32:32.540+0300] {processor.py:830} INFO - Processing file /usr/local/lib/python3.10/dist-packages/airflow/example_dags/example_short_circuit_operator.py for tasks to queue
[2024-01-08T18:32:32.560+0300] {logging_mixin.py:188} INFO - [2024-01-08T18:32:32.559+0300] {dagbag.py:538} INFO - Filling up the DagBag from /usr/local/lib/python3.10/dist-packages/airflow/example_dags/example_short_circuit_operator.py
[2024-01-08T18:32:32.946+0300] {processor.py:840} INFO - DAG(s) 'example_short_circuit_operator' retrieved from /usr/local/lib/python3.10/dist-packages/airflow/example_dags/example_short_circuit_operator.py
[2024-01-08T18:32:36.992+0300] {logging_mixin.py:188} INFO - [2024-01-08T18:32:36.992+0300] {dag.py:3033} INFO - Sync 1 DAGs
[2024-01-08T18:32:37.560+0300] {logging_mixin.py:188} INFO - [2024-01-08T18:32:37.560+0300] {dag.py:3820} INFO - Setting next_dagrun for example_short_circuit_operator to 2024-01-07T00:00:00+00:00, run_after=2024-01-08T00:00:00+00:00
[2024-01-08T18:32:39.398+0300] {processor.py:183} INFO - Processing /usr/local/lib/python3.10/dist-packages/airflow/example_dags/example_short_circuit_operator.py took 6.952 seconds
[2024-01-08T18:35:15.888+0300] {processor.py:161} INFO - Started process (PID=10878) to work on /usr/local/lib/python3.10/dist-packages/airflow/example_dags/example_short_circuit_operator.py
[2024-01-08T18:35:16.168+0300] {processor.py:830} INFO - Processing file /usr/local/lib/python3.10/dist-packages/airflow/example_dags/example_short_circuit_operator.py for tasks to queue
[2024-01-08T18:35:16.171+0300] {logging_mixin.py:188} INFO - [2024-01-08T18:35:16.170+0300] {dagbag.py:538} INFO - Filling up the DagBag from /usr/local/lib/python3.10/dist-packages/airflow/example_dags/example_short_circuit_operator.py
[2024-01-08T18:35:16.770+0300] {processor.py:840} INFO - DAG(s) 'example_short_circuit_operator' retrieved from /usr/local/lib/python3.10/dist-packages/airflow/example_dags/example_short_circuit_operator.py
[2024-01-08T18:35:22.659+0300] {logging_mixin.py:188} INFO - [2024-01-08T18:35:22.659+0300] {dag.py:3033} INFO - Sync 1 DAGs
[2024-01-08T18:35:28.576+0300] {logging_mixin.py:188} INFO - [2024-01-08T18:35:28.575+0300] {dag.py:3820} INFO - Setting next_dagrun for example_short_circuit_operator to 2024-01-07T00:00:00+00:00, run_after=2024-01-08T00:00:00+00:00
[2024-01-08T18:35:31.471+0300] {processor.py:183} INFO - Processing /usr/local/lib/python3.10/dist-packages/airflow/example_dags/example_short_circuit_operator.py took 16.203 seconds
[2024-01-08T18:37:41.289+0300] {processor.py:161} INFO - Started process (PID=11815) to work on /usr/local/lib/python3.10/dist-packages/airflow/example_dags/example_short_circuit_operator.py
[2024-01-08T18:37:41.364+0300] {processor.py:830} INFO - Processing file /usr/local/lib/python3.10/dist-packages/airflow/example_dags/example_short_circuit_operator.py for tasks to queue
[2024-01-08T18:37:41.367+0300] {logging_mixin.py:188} INFO - [2024-01-08T18:37:41.366+0300] {dagbag.py:538} INFO - Filling up the DagBag from /usr/local/lib/python3.10/dist-packages/airflow/example_dags/example_short_circuit_operator.py
[2024-01-08T18:37:41.560+0300] {processor.py:840} INFO - DAG(s) 'example_short_circuit_operator' retrieved from /usr/local/lib/python3.10/dist-packages/airflow/example_dags/example_short_circuit_operator.py
[2024-01-08T18:37:42.284+0300] {logging_mixin.py:188} INFO - [2024-01-08T18:37:42.283+0300] {dag.py:3033} INFO - Sync 1 DAGs
[2024-01-08T18:37:42.954+0300] {logging_mixin.py:188} INFO - [2024-01-08T18:37:42.954+0300] {dag.py:3820} INFO - Setting next_dagrun for example_short_circuit_operator to 2024-01-07T00:00:00+00:00, run_after=2024-01-08T00:00:00+00:00
[2024-01-08T18:37:43.364+0300] {processor.py:183} INFO - Processing /usr/local/lib/python3.10/dist-packages/airflow/example_dags/example_short_circuit_operator.py took 2.126 seconds
[2024-01-08T18:39:02.662+0300] {processor.py:161} INFO - Started process (PID=12380) to work on /usr/local/lib/python3.10/dist-packages/airflow/example_dags/example_short_circuit_operator.py
[2024-01-08T18:39:02.718+0300] {processor.py:830} INFO - Processing file /usr/local/lib/python3.10/dist-packages/airflow/example_dags/example_short_circuit_operator.py for tasks to queue
[2024-01-08T18:39:02.745+0300] {logging_mixin.py:188} INFO - [2024-01-08T18:39:02.745+0300] {dagbag.py:538} INFO - Filling up the DagBag from /usr/local/lib/python3.10/dist-packages/airflow/example_dags/example_short_circuit_operator.py
[2024-01-08T18:39:03.103+0300] {processor.py:840} INFO - DAG(s) 'example_short_circuit_operator' retrieved from /usr/local/lib/python3.10/dist-packages/airflow/example_dags/example_short_circuit_operator.py
[2024-01-08T18:39:05.020+0300] {logging_mixin.py:188} INFO - [2024-01-08T18:39:04.999+0300] {dag.py:3033} INFO - Sync 1 DAGs
[2024-01-08T18:39:07.043+0300] {logging_mixin.py:188} INFO - [2024-01-08T18:39:07.043+0300] {dag.py:3820} INFO - Setting next_dagrun for example_short_circuit_operator to 2024-01-07T00:00:00+00:00, run_after=2024-01-08T00:00:00+00:00
[2024-01-08T18:39:07.698+0300] {processor.py:183} INFO - Processing /usr/local/lib/python3.10/dist-packages/airflow/example_dags/example_short_circuit_operator.py took 5.312 seconds
[2024-01-08T18:40:48.357+0300] {processor.py:161} INFO - Started process (PID=13022) to work on /usr/local/lib/python3.10/dist-packages/airflow/example_dags/example_short_circuit_operator.py
[2024-01-08T18:40:48.403+0300] {processor.py:830} INFO - Processing file /usr/local/lib/python3.10/dist-packages/airflow/example_dags/example_short_circuit_operator.py for tasks to queue
[2024-01-08T18:40:48.406+0300] {logging_mixin.py:188} INFO - [2024-01-08T18:40:48.405+0300] {dagbag.py:538} INFO - Filling up the DagBag from /usr/local/lib/python3.10/dist-packages/airflow/example_dags/example_short_circuit_operator.py
[2024-01-08T18:40:48.545+0300] {processor.py:840} INFO - DAG(s) 'example_short_circuit_operator' retrieved from /usr/local/lib/python3.10/dist-packages/airflow/example_dags/example_short_circuit_operator.py
[2024-01-08T18:40:49.236+0300] {logging_mixin.py:188} INFO - [2024-01-08T18:40:49.235+0300] {dag.py:3033} INFO - Sync 1 DAGs
[2024-01-08T18:40:49.546+0300] {logging_mixin.py:188} INFO - [2024-01-08T18:40:49.546+0300] {dag.py:3820} INFO - Setting next_dagrun for example_short_circuit_operator to 2024-01-07T00:00:00+00:00, run_after=2024-01-08T00:00:00+00:00
[2024-01-08T18:40:50.058+0300] {processor.py:183} INFO - Processing /usr/local/lib/python3.10/dist-packages/airflow/example_dags/example_short_circuit_operator.py took 1.796 seconds
[2024-01-08T18:41:49.718+0300] {processor.py:161} INFO - Started process (PID=13662) to work on /usr/local/lib/python3.10/dist-packages/airflow/example_dags/example_short_circuit_operator.py
[2024-01-08T18:41:49.722+0300] {processor.py:830} INFO - Processing file /usr/local/lib/python3.10/dist-packages/airflow/example_dags/example_short_circuit_operator.py for tasks to queue
[2024-01-08T18:41:49.724+0300] {logging_mixin.py:188} INFO - [2024-01-08T18:41:49.723+0300] {dagbag.py:538} INFO - Filling up the DagBag from /usr/local/lib/python3.10/dist-packages/airflow/example_dags/example_short_circuit_operator.py
[2024-01-08T18:41:49.875+0300] {processor.py:840} INFO - DAG(s) 'example_short_circuit_operator' retrieved from /usr/local/lib/python3.10/dist-packages/airflow/example_dags/example_short_circuit_operator.py
[2024-01-08T18:41:50.371+0300] {logging_mixin.py:188} INFO - [2024-01-08T18:41:50.371+0300] {dag.py:3033} INFO - Sync 1 DAGs
[2024-01-08T18:41:50.701+0300] {logging_mixin.py:188} INFO - [2024-01-08T18:41:50.701+0300] {dag.py:3820} INFO - Setting next_dagrun for example_short_circuit_operator to 2024-01-07T00:00:00+00:00, run_after=2024-01-08T00:00:00+00:00
[2024-01-08T18:41:50.885+0300] {processor.py:183} INFO - Processing /usr/local/lib/python3.10/dist-packages/airflow/example_dags/example_short_circuit_operator.py took 1.179 seconds
[2024-01-08T18:42:21.117+0300] {processor.py:161} INFO - Started process (PID=14116) to work on /usr/local/lib/python3.10/dist-packages/airflow/example_dags/example_short_circuit_operator.py
[2024-01-08T18:42:21.122+0300] {processor.py:830} INFO - Processing file /usr/local/lib/python3.10/dist-packages/airflow/example_dags/example_short_circuit_operator.py for tasks to queue
[2024-01-08T18:42:21.124+0300] {logging_mixin.py:188} INFO - [2024-01-08T18:42:21.123+0300] {dagbag.py:538} INFO - Filling up the DagBag from /usr/local/lib/python3.10/dist-packages/airflow/example_dags/example_short_circuit_operator.py
[2024-01-08T18:42:21.151+0300] {processor.py:840} INFO - DAG(s) 'example_short_circuit_operator' retrieved from /usr/local/lib/python3.10/dist-packages/airflow/example_dags/example_short_circuit_operator.py
[2024-01-08T18:42:21.267+0300] {logging_mixin.py:188} INFO - [2024-01-08T18:42:21.266+0300] {dag.py:3033} INFO - Sync 1 DAGs
[2024-01-08T18:42:21.339+0300] {logging_mixin.py:188} INFO - [2024-01-08T18:42:21.338+0300] {dag.py:3820} INFO - Setting next_dagrun for example_short_circuit_operator to 2024-01-07T00:00:00+00:00, run_after=2024-01-08T00:00:00+00:00
[2024-01-08T18:42:21.385+0300] {processor.py:183} INFO - Processing /usr/local/lib/python3.10/dist-packages/airflow/example_dags/example_short_circuit_operator.py took 0.285 seconds
[2024-01-08T18:43:02.607+0300] {processor.py:161} INFO - Started process (PID=14513) to work on /usr/local/lib/python3.10/dist-packages/airflow/example_dags/example_short_circuit_operator.py
[2024-01-08T18:43:02.611+0300] {processor.py:830} INFO - Processing file /usr/local/lib/python3.10/dist-packages/airflow/example_dags/example_short_circuit_operator.py for tasks to queue
[2024-01-08T18:43:02.613+0300] {logging_mixin.py:188} INFO - [2024-01-08T18:43:02.612+0300] {dagbag.py:538} INFO - Filling up the DagBag from /usr/local/lib/python3.10/dist-packages/airflow/example_dags/example_short_circuit_operator.py
[2024-01-08T18:43:02.638+0300] {processor.py:840} INFO - DAG(s) 'example_short_circuit_operator' retrieved from /usr/local/lib/python3.10/dist-packages/airflow/example_dags/example_short_circuit_operator.py
[2024-01-08T18:43:02.759+0300] {logging_mixin.py:188} INFO - [2024-01-08T18:43:02.758+0300] {dag.py:3033} INFO - Sync 1 DAGs
[2024-01-08T18:43:02.857+0300] {logging_mixin.py:188} INFO - [2024-01-08T18:43:02.857+0300] {dag.py:3820} INFO - Setting next_dagrun for example_short_circuit_operator to 2024-01-07T00:00:00+00:00, run_after=2024-01-08T00:00:00+00:00
[2024-01-08T18:43:02.989+0300] {processor.py:183} INFO - Processing /usr/local/lib/python3.10/dist-packages/airflow/example_dags/example_short_circuit_operator.py took 0.408 seconds
[2024-01-08T18:43:33.428+0300] {processor.py:161} INFO - Started process (PID=14832) to work on /usr/local/lib/python3.10/dist-packages/airflow/example_dags/example_short_circuit_operator.py
[2024-01-08T18:43:33.429+0300] {processor.py:830} INFO - Processing file /usr/local/lib/python3.10/dist-packages/airflow/example_dags/example_short_circuit_operator.py for tasks to queue
[2024-01-08T18:43:33.431+0300] {logging_mixin.py:188} INFO - [2024-01-08T18:43:33.430+0300] {dagbag.py:538} INFO - Filling up the DagBag from /usr/local/lib/python3.10/dist-packages/airflow/example_dags/example_short_circuit_operator.py
[2024-01-08T18:43:33.459+0300] {processor.py:840} INFO - DAG(s) 'example_short_circuit_operator' retrieved from /usr/local/lib/python3.10/dist-packages/airflow/example_dags/example_short_circuit_operator.py
[2024-01-08T18:43:33.611+0300] {logging_mixin.py:188} INFO - [2024-01-08T18:43:33.611+0300] {dag.py:3033} INFO - Sync 1 DAGs
[2024-01-08T18:43:33.675+0300] {logging_mixin.py:188} INFO - [2024-01-08T18:43:33.675+0300] {dag.py:3820} INFO - Setting next_dagrun for example_short_circuit_operator to 2024-01-07T00:00:00+00:00, run_after=2024-01-08T00:00:00+00:00
[2024-01-08T18:43:33.741+0300] {processor.py:183} INFO - Processing /usr/local/lib/python3.10/dist-packages/airflow/example_dags/example_short_circuit_operator.py took 0.327 seconds
[2024-01-08T18:44:05.020+0300] {processor.py:161} INFO - Started process (PID=15150) to work on /usr/local/lib/python3.10/dist-packages/airflow/example_dags/example_short_circuit_operator.py
[2024-01-08T18:44:05.028+0300] {processor.py:830} INFO - Processing file /usr/local/lib/python3.10/dist-packages/airflow/example_dags/example_short_circuit_operator.py for tasks to queue
[2024-01-08T18:44:05.036+0300] {logging_mixin.py:188} INFO - [2024-01-08T18:44:05.035+0300] {dagbag.py:538} INFO - Filling up the DagBag from /usr/local/lib/python3.10/dist-packages/airflow/example_dags/example_short_circuit_operator.py
[2024-01-08T18:44:05.121+0300] {processor.py:840} INFO - DAG(s) 'example_short_circuit_operator' retrieved from /usr/local/lib/python3.10/dist-packages/airflow/example_dags/example_short_circuit_operator.py
[2024-01-08T18:44:05.298+0300] {logging_mixin.py:188} INFO - [2024-01-08T18:44:05.297+0300] {dag.py:3033} INFO - Sync 1 DAGs
[2024-01-08T18:44:05.456+0300] {logging_mixin.py:188} INFO - [2024-01-08T18:44:05.456+0300] {dag.py:3820} INFO - Setting next_dagrun for example_short_circuit_operator to 2024-01-07T00:00:00+00:00, run_after=2024-01-08T00:00:00+00:00
[2024-01-08T18:44:05.511+0300] {processor.py:183} INFO - Processing /usr/local/lib/python3.10/dist-packages/airflow/example_dags/example_short_circuit_operator.py took 0.526 seconds
[2024-01-08T18:44:35.803+0300] {processor.py:161} INFO - Started process (PID=15468) to work on /usr/local/lib/python3.10/dist-packages/airflow/example_dags/example_short_circuit_operator.py
[2024-01-08T18:44:35.823+0300] {processor.py:830} INFO - Processing file /usr/local/lib/python3.10/dist-packages/airflow/example_dags/example_short_circuit_operator.py for tasks to queue
[2024-01-08T18:44:35.825+0300] {logging_mixin.py:188} INFO - [2024-01-08T18:44:35.824+0300] {dagbag.py:538} INFO - Filling up the DagBag from /usr/local/lib/python3.10/dist-packages/airflow/example_dags/example_short_circuit_operator.py
[2024-01-08T18:44:35.918+0300] {processor.py:840} INFO - DAG(s) 'example_short_circuit_operator' retrieved from /usr/local/lib/python3.10/dist-packages/airflow/example_dags/example_short_circuit_operator.py
[2024-01-08T18:44:36.150+0300] {logging_mixin.py:188} INFO - [2024-01-08T18:44:36.149+0300] {dag.py:3033} INFO - Sync 1 DAGs
[2024-01-08T18:44:36.299+0300] {logging_mixin.py:188} INFO - [2024-01-08T18:44:36.298+0300] {dag.py:3820} INFO - Setting next_dagrun for example_short_circuit_operator to 2024-01-07T00:00:00+00:00, run_after=2024-01-08T00:00:00+00:00
[2024-01-08T18:44:36.422+0300] {processor.py:183} INFO - Processing /usr/local/lib/python3.10/dist-packages/airflow/example_dags/example_short_circuit_operator.py took 0.633 seconds
[2024-01-08T18:45:06.850+0300] {processor.py:161} INFO - Started process (PID=15854) to work on /usr/local/lib/python3.10/dist-packages/airflow/example_dags/example_short_circuit_operator.py
[2024-01-08T18:45:06.854+0300] {processor.py:830} INFO - Processing file /usr/local/lib/python3.10/dist-packages/airflow/example_dags/example_short_circuit_operator.py for tasks to queue
[2024-01-08T18:45:06.856+0300] {logging_mixin.py:188} INFO - [2024-01-08T18:45:06.856+0300] {dagbag.py:538} INFO - Filling up the DagBag from /usr/local/lib/python3.10/dist-packages/airflow/example_dags/example_short_circuit_operator.py
[2024-01-08T18:45:06.901+0300] {processor.py:840} INFO - DAG(s) 'example_short_circuit_operator' retrieved from /usr/local/lib/python3.10/dist-packages/airflow/example_dags/example_short_circuit_operator.py
[2024-01-08T18:45:07.118+0300] {logging_mixin.py:188} INFO - [2024-01-08T18:45:07.117+0300] {dag.py:3033} INFO - Sync 1 DAGs
[2024-01-08T18:45:07.247+0300] {logging_mixin.py:188} INFO - [2024-01-08T18:45:07.247+0300] {dag.py:3820} INFO - Setting next_dagrun for example_short_circuit_operator to 2024-01-07T00:00:00+00:00, run_after=2024-01-08T00:00:00+00:00
[2024-01-08T18:45:07.401+0300] {processor.py:183} INFO - Processing /usr/local/lib/python3.10/dist-packages/airflow/example_dags/example_short_circuit_operator.py took 0.570 seconds
[2024-01-08T18:45:41.313+0300] {processor.py:161} INFO - Started process (PID=16278) to work on /usr/local/lib/python3.10/dist-packages/airflow/example_dags/example_short_circuit_operator.py
[2024-01-08T18:45:41.356+0300] {processor.py:830} INFO - Processing file /usr/local/lib/python3.10/dist-packages/airflow/example_dags/example_short_circuit_operator.py for tasks to queue
[2024-01-08T18:45:41.358+0300] {logging_mixin.py:188} INFO - [2024-01-08T18:45:41.357+0300] {dagbag.py:538} INFO - Filling up the DagBag from /usr/local/lib/python3.10/dist-packages/airflow/example_dags/example_short_circuit_operator.py
[2024-01-08T18:45:41.587+0300] {processor.py:840} INFO - DAG(s) 'example_short_circuit_operator' retrieved from /usr/local/lib/python3.10/dist-packages/airflow/example_dags/example_short_circuit_operator.py
[2024-01-08T18:45:42.133+0300] {logging_mixin.py:188} INFO - [2024-01-08T18:45:42.133+0300] {dag.py:3033} INFO - Sync 1 DAGs
[2024-01-08T18:45:42.486+0300] {logging_mixin.py:188} INFO - [2024-01-08T18:45:42.485+0300] {dag.py:3820} INFO - Setting next_dagrun for example_short_circuit_operator to 2024-01-07T00:00:00+00:00, run_after=2024-01-08T00:00:00+00:00
[2024-01-08T18:45:42.945+0300] {processor.py:183} INFO - Processing /usr/local/lib/python3.10/dist-packages/airflow/example_dags/example_short_circuit_operator.py took 1.682 seconds
[2024-01-08T18:46:34.576+0300] {processor.py:161} INFO - Started process (PID=16813) to work on /usr/local/lib/python3.10/dist-packages/airflow/example_dags/example_short_circuit_operator.py
[2024-01-08T18:46:34.641+0300] {processor.py:830} INFO - Processing file /usr/local/lib/python3.10/dist-packages/airflow/example_dags/example_short_circuit_operator.py for tasks to queue
[2024-01-08T18:46:34.643+0300] {logging_mixin.py:188} INFO - [2024-01-08T18:46:34.643+0300] {dagbag.py:538} INFO - Filling up the DagBag from /usr/local/lib/python3.10/dist-packages/airflow/example_dags/example_short_circuit_operator.py
[2024-01-08T18:46:34.771+0300] {processor.py:840} INFO - DAG(s) 'example_short_circuit_operator' retrieved from /usr/local/lib/python3.10/dist-packages/airflow/example_dags/example_short_circuit_operator.py
[2024-01-08T18:46:35.005+0300] {logging_mixin.py:188} INFO - [2024-01-08T18:46:35.004+0300] {dag.py:3033} INFO - Sync 1 DAGs
[2024-01-08T18:46:35.473+0300] {logging_mixin.py:188} INFO - [2024-01-08T18:46:35.473+0300] {dag.py:3820} INFO - Setting next_dagrun for example_short_circuit_operator to 2024-01-07T00:00:00+00:00, run_after=2024-01-08T00:00:00+00:00
[2024-01-08T18:46:35.988+0300] {processor.py:183} INFO - Processing /usr/local/lib/python3.10/dist-packages/airflow/example_dags/example_short_circuit_operator.py took 1.497 seconds
[2024-01-08T18:47:06.376+0300] {processor.py:161} INFO - Started process (PID=17225) to work on /usr/local/lib/python3.10/dist-packages/airflow/example_dags/example_short_circuit_operator.py
[2024-01-08T18:47:06.379+0300] {processor.py:830} INFO - Processing file /usr/local/lib/python3.10/dist-packages/airflow/example_dags/example_short_circuit_operator.py for tasks to queue
[2024-01-08T18:47:06.390+0300] {logging_mixin.py:188} INFO - [2024-01-08T18:47:06.387+0300] {dagbag.py:538} INFO - Filling up the DagBag from /usr/local/lib/python3.10/dist-packages/airflow/example_dags/example_short_circuit_operator.py
[2024-01-08T18:47:06.422+0300] {processor.py:840} INFO - DAG(s) 'example_short_circuit_operator' retrieved from /usr/local/lib/python3.10/dist-packages/airflow/example_dags/example_short_circuit_operator.py
[2024-01-08T18:47:06.567+0300] {logging_mixin.py:188} INFO - [2024-01-08T18:47:06.567+0300] {dag.py:3033} INFO - Sync 1 DAGs
[2024-01-08T18:47:06.645+0300] {logging_mixin.py:188} INFO - [2024-01-08T18:47:06.644+0300] {dag.py:3820} INFO - Setting next_dagrun for example_short_circuit_operator to 2024-01-07T00:00:00+00:00, run_after=2024-01-08T00:00:00+00:00
[2024-01-08T18:47:06.792+0300] {processor.py:183} INFO - Processing /usr/local/lib/python3.10/dist-packages/airflow/example_dags/example_short_circuit_operator.py took 0.434 seconds
[2024-01-08T18:47:37.165+0300] {processor.py:161} INFO - Started process (PID=17565) to work on /usr/local/lib/python3.10/dist-packages/airflow/example_dags/example_short_circuit_operator.py
[2024-01-08T18:47:37.170+0300] {processor.py:830} INFO - Processing file /usr/local/lib/python3.10/dist-packages/airflow/example_dags/example_short_circuit_operator.py for tasks to queue
[2024-01-08T18:47:37.172+0300] {logging_mixin.py:188} INFO - [2024-01-08T18:47:37.171+0300] {dagbag.py:538} INFO - Filling up the DagBag from /usr/local/lib/python3.10/dist-packages/airflow/example_dags/example_short_circuit_operator.py
[2024-01-08T18:47:37.196+0300] {processor.py:840} INFO - DAG(s) 'example_short_circuit_operator' retrieved from /usr/local/lib/python3.10/dist-packages/airflow/example_dags/example_short_circuit_operator.py
[2024-01-08T18:47:37.359+0300] {logging_mixin.py:188} INFO - [2024-01-08T18:47:37.358+0300] {dag.py:3033} INFO - Sync 1 DAGs
[2024-01-08T18:47:37.511+0300] {logging_mixin.py:188} INFO - [2024-01-08T18:47:37.511+0300] {dag.py:3820} INFO - Setting next_dagrun for example_short_circuit_operator to 2024-01-07T00:00:00+00:00, run_after=2024-01-08T00:00:00+00:00
[2024-01-08T18:47:37.600+0300] {processor.py:183} INFO - Processing /usr/local/lib/python3.10/dist-packages/airflow/example_dags/example_short_circuit_operator.py took 0.445 seconds
[2024-01-08T18:48:11.819+0300] {processor.py:161} INFO - Started process (PID=17931) to work on /usr/local/lib/python3.10/dist-packages/airflow/example_dags/example_short_circuit_operator.py
[2024-01-08T18:48:11.857+0300] {processor.py:830} INFO - Processing file /usr/local/lib/python3.10/dist-packages/airflow/example_dags/example_short_circuit_operator.py for tasks to queue
[2024-01-08T18:48:11.860+0300] {logging_mixin.py:188} INFO - [2024-01-08T18:48:11.859+0300] {dagbag.py:538} INFO - Filling up the DagBag from /usr/local/lib/python3.10/dist-packages/airflow/example_dags/example_short_circuit_operator.py
[2024-01-08T18:48:12.093+0300] {processor.py:840} INFO - DAG(s) 'example_short_circuit_operator' retrieved from /usr/local/lib/python3.10/dist-packages/airflow/example_dags/example_short_circuit_operator.py
[2024-01-08T18:48:12.759+0300] {logging_mixin.py:188} INFO - [2024-01-08T18:48:12.758+0300] {dag.py:3033} INFO - Sync 1 DAGs
[2024-01-08T18:48:12.991+0300] {logging_mixin.py:188} INFO - [2024-01-08T18:48:12.990+0300] {dag.py:3820} INFO - Setting next_dagrun for example_short_circuit_operator to 2024-01-07T00:00:00+00:00, run_after=2024-01-08T00:00:00+00:00
[2024-01-08T18:48:13.310+0300] {processor.py:183} INFO - Processing /usr/local/lib/python3.10/dist-packages/airflow/example_dags/example_short_circuit_operator.py took 1.553 seconds
[2024-01-08T18:48:44.351+0300] {processor.py:161} INFO - Started process (PID=18351) to work on /usr/local/lib/python3.10/dist-packages/airflow/example_dags/example_short_circuit_operator.py
[2024-01-08T18:48:44.359+0300] {processor.py:830} INFO - Processing file /usr/local/lib/python3.10/dist-packages/airflow/example_dags/example_short_circuit_operator.py for tasks to queue
[2024-01-08T18:48:44.368+0300] {logging_mixin.py:188} INFO - [2024-01-08T18:48:44.366+0300] {dagbag.py:538} INFO - Filling up the DagBag from /usr/local/lib/python3.10/dist-packages/airflow/example_dags/example_short_circuit_operator.py
[2024-01-08T18:48:44.407+0300] {processor.py:840} INFO - DAG(s) 'example_short_circuit_operator' retrieved from /usr/local/lib/python3.10/dist-packages/airflow/example_dags/example_short_circuit_operator.py
[2024-01-08T18:48:44.541+0300] {logging_mixin.py:188} INFO - [2024-01-08T18:48:44.541+0300] {dag.py:3033} INFO - Sync 1 DAGs
[2024-01-08T18:48:44.595+0300] {logging_mixin.py:188} INFO - [2024-01-08T18:48:44.595+0300] {dag.py:3820} INFO - Setting next_dagrun for example_short_circuit_operator to 2024-01-07T00:00:00+00:00, run_after=2024-01-08T00:00:00+00:00
[2024-01-08T18:48:44.647+0300] {processor.py:183} INFO - Processing /usr/local/lib/python3.10/dist-packages/airflow/example_dags/example_short_circuit_operator.py took 0.329 seconds
[2024-01-08T18:49:21.941+0300] {processor.py:161} INFO - Started process (PID=18700) to work on /usr/local/lib/python3.10/dist-packages/airflow/example_dags/example_short_circuit_operator.py
[2024-01-08T18:49:21.945+0300] {processor.py:830} INFO - Processing file /usr/local/lib/python3.10/dist-packages/airflow/example_dags/example_short_circuit_operator.py for tasks to queue
[2024-01-08T18:49:21.947+0300] {logging_mixin.py:188} INFO - [2024-01-08T18:49:21.946+0300] {dagbag.py:538} INFO - Filling up the DagBag from /usr/local/lib/python3.10/dist-packages/airflow/example_dags/example_short_circuit_operator.py
[2024-01-08T18:49:21.980+0300] {processor.py:840} INFO - DAG(s) 'example_short_circuit_operator' retrieved from /usr/local/lib/python3.10/dist-packages/airflow/example_dags/example_short_circuit_operator.py
[2024-01-08T18:49:22.108+0300] {logging_mixin.py:188} INFO - [2024-01-08T18:49:22.108+0300] {dag.py:3033} INFO - Sync 1 DAGs
[2024-01-08T18:49:22.212+0300] {logging_mixin.py:188} INFO - [2024-01-08T18:49:22.212+0300] {dag.py:3820} INFO - Setting next_dagrun for example_short_circuit_operator to 2024-01-07T00:00:00+00:00, run_after=2024-01-08T00:00:00+00:00
[2024-01-08T18:49:22.306+0300] {processor.py:183} INFO - Processing /usr/local/lib/python3.10/dist-packages/airflow/example_dags/example_short_circuit_operator.py took 0.376 seconds
[2024-01-08T18:49:52.731+0300] {processor.py:161} INFO - Started process (PID=19026) to work on /usr/local/lib/python3.10/dist-packages/airflow/example_dags/example_short_circuit_operator.py
[2024-01-08T18:49:52.734+0300] {processor.py:830} INFO - Processing file /usr/local/lib/python3.10/dist-packages/airflow/example_dags/example_short_circuit_operator.py for tasks to queue
[2024-01-08T18:49:52.738+0300] {logging_mixin.py:188} INFO - [2024-01-08T18:49:52.737+0300] {dagbag.py:538} INFO - Filling up the DagBag from /usr/local/lib/python3.10/dist-packages/airflow/example_dags/example_short_circuit_operator.py
[2024-01-08T18:49:52.771+0300] {processor.py:840} INFO - DAG(s) 'example_short_circuit_operator' retrieved from /usr/local/lib/python3.10/dist-packages/airflow/example_dags/example_short_circuit_operator.py
[2024-01-08T18:49:52.921+0300] {logging_mixin.py:188} INFO - [2024-01-08T18:49:52.919+0300] {dag.py:3033} INFO - Sync 1 DAGs
[2024-01-08T18:49:53.013+0300] {logging_mixin.py:188} INFO - [2024-01-08T18:49:53.013+0300] {dag.py:3820} INFO - Setting next_dagrun for example_short_circuit_operator to 2024-01-07T00:00:00+00:00, run_after=2024-01-08T00:00:00+00:00
[2024-01-08T18:49:53.078+0300] {processor.py:183} INFO - Processing /usr/local/lib/python3.10/dist-packages/airflow/example_dags/example_short_circuit_operator.py took 0.362 seconds
[2024-01-08T18:50:23.305+0300] {processor.py:161} INFO - Started process (PID=19340) to work on /usr/local/lib/python3.10/dist-packages/airflow/example_dags/example_short_circuit_operator.py
[2024-01-08T18:50:23.311+0300] {processor.py:830} INFO - Processing file /usr/local/lib/python3.10/dist-packages/airflow/example_dags/example_short_circuit_operator.py for tasks to queue
[2024-01-08T18:50:23.313+0300] {logging_mixin.py:188} INFO - [2024-01-08T18:50:23.312+0300] {dagbag.py:538} INFO - Filling up the DagBag from /usr/local/lib/python3.10/dist-packages/airflow/example_dags/example_short_circuit_operator.py
[2024-01-08T18:50:23.361+0300] {processor.py:840} INFO - DAG(s) 'example_short_circuit_operator' retrieved from /usr/local/lib/python3.10/dist-packages/airflow/example_dags/example_short_circuit_operator.py
[2024-01-08T18:50:23.564+0300] {logging_mixin.py:188} INFO - [2024-01-08T18:50:23.563+0300] {dag.py:3033} INFO - Sync 1 DAGs
[2024-01-08T18:50:23.655+0300] {logging_mixin.py:188} INFO - [2024-01-08T18:50:23.655+0300] {dag.py:3820} INFO - Setting next_dagrun for example_short_circuit_operator to 2024-01-07T00:00:00+00:00, run_after=2024-01-08T00:00:00+00:00
[2024-01-08T18:50:23.703+0300] {processor.py:183} INFO - Processing /usr/local/lib/python3.10/dist-packages/airflow/example_dags/example_short_circuit_operator.py took 0.431 seconds
[2024-01-08T18:50:54.631+0300] {processor.py:161} INFO - Started process (PID=19657) to work on /usr/local/lib/python3.10/dist-packages/airflow/example_dags/example_short_circuit_operator.py
[2024-01-08T18:50:54.644+0300] {processor.py:830} INFO - Processing file /usr/local/lib/python3.10/dist-packages/airflow/example_dags/example_short_circuit_operator.py for tasks to queue
[2024-01-08T18:50:54.650+0300] {logging_mixin.py:188} INFO - [2024-01-08T18:50:54.649+0300] {dagbag.py:538} INFO - Filling up the DagBag from /usr/local/lib/python3.10/dist-packages/airflow/example_dags/example_short_circuit_operator.py
[2024-01-08T18:50:54.690+0300] {processor.py:840} INFO - DAG(s) 'example_short_circuit_operator' retrieved from /usr/local/lib/python3.10/dist-packages/airflow/example_dags/example_short_circuit_operator.py
[2024-01-08T18:50:54.830+0300] {logging_mixin.py:188} INFO - [2024-01-08T18:50:54.830+0300] {dag.py:3033} INFO - Sync 1 DAGs
[2024-01-08T18:50:55.009+0300] {logging_mixin.py:188} INFO - [2024-01-08T18:50:55.008+0300] {dag.py:3820} INFO - Setting next_dagrun for example_short_circuit_operator to 2024-01-07T00:00:00+00:00, run_after=2024-01-08T00:00:00+00:00
[2024-01-08T18:50:55.148+0300] {processor.py:183} INFO - Processing /usr/local/lib/python3.10/dist-packages/airflow/example_dags/example_short_circuit_operator.py took 0.543 seconds
[2024-01-08T18:51:26.059+0300] {processor.py:161} INFO - Started process (PID=20042) to work on /usr/local/lib/python3.10/dist-packages/airflow/example_dags/example_short_circuit_operator.py
[2024-01-08T18:51:26.062+0300] {processor.py:830} INFO - Processing file /usr/local/lib/python3.10/dist-packages/airflow/example_dags/example_short_circuit_operator.py for tasks to queue
[2024-01-08T18:51:26.065+0300] {logging_mixin.py:188} INFO - [2024-01-08T18:51:26.065+0300] {dagbag.py:538} INFO - Filling up the DagBag from /usr/local/lib/python3.10/dist-packages/airflow/example_dags/example_short_circuit_operator.py
[2024-01-08T18:51:26.085+0300] {processor.py:840} INFO - DAG(s) 'example_short_circuit_operator' retrieved from /usr/local/lib/python3.10/dist-packages/airflow/example_dags/example_short_circuit_operator.py
[2024-01-08T18:51:26.211+0300] {logging_mixin.py:188} INFO - [2024-01-08T18:51:26.211+0300] {dag.py:3033} INFO - Sync 1 DAGs
[2024-01-08T18:51:26.271+0300] {logging_mixin.py:188} INFO - [2024-01-08T18:51:26.271+0300] {dag.py:3820} INFO - Setting next_dagrun for example_short_circuit_operator to 2024-01-07T00:00:00+00:00, run_after=2024-01-08T00:00:00+00:00
[2024-01-08T18:51:26.334+0300] {processor.py:183} INFO - Processing /usr/local/lib/python3.10/dist-packages/airflow/example_dags/example_short_circuit_operator.py took 0.291 seconds
[2024-01-08T18:52:15.943+0300] {processor.py:161} INFO - Started process (PID=20550) to work on /usr/local/lib/python3.10/dist-packages/airflow/example_dags/example_short_circuit_operator.py
[2024-01-08T18:52:15.973+0300] {processor.py:830} INFO - Processing file /usr/local/lib/python3.10/dist-packages/airflow/example_dags/example_short_circuit_operator.py for tasks to queue
[2024-01-08T18:52:15.974+0300] {logging_mixin.py:188} INFO - [2024-01-08T18:52:15.974+0300] {dagbag.py:538} INFO - Filling up the DagBag from /usr/local/lib/python3.10/dist-packages/airflow/example_dags/example_short_circuit_operator.py
[2024-01-08T18:52:16.140+0300] {processor.py:840} INFO - DAG(s) 'example_short_circuit_operator' retrieved from /usr/local/lib/python3.10/dist-packages/airflow/example_dags/example_short_circuit_operator.py
[2024-01-08T18:52:17.005+0300] {logging_mixin.py:188} INFO - [2024-01-08T18:52:17.004+0300] {dag.py:3033} INFO - Sync 1 DAGs
[2024-01-08T18:52:17.509+0300] {logging_mixin.py:188} INFO - [2024-01-08T18:52:17.509+0300] {dag.py:3820} INFO - Setting next_dagrun for example_short_circuit_operator to 2024-01-07T00:00:00+00:00, run_after=2024-01-08T00:00:00+00:00
[2024-01-08T18:52:18.010+0300] {processor.py:183} INFO - Processing /usr/local/lib/python3.10/dist-packages/airflow/example_dags/example_short_circuit_operator.py took 2.147 seconds
[2024-01-08T18:52:48.892+0300] {processor.py:161} INFO - Started process (PID=20975) to work on /usr/local/lib/python3.10/dist-packages/airflow/example_dags/example_short_circuit_operator.py
[2024-01-08T18:52:48.902+0300] {processor.py:830} INFO - Processing file /usr/local/lib/python3.10/dist-packages/airflow/example_dags/example_short_circuit_operator.py for tasks to queue
[2024-01-08T18:52:48.905+0300] {logging_mixin.py:188} INFO - [2024-01-08T18:52:48.904+0300] {dagbag.py:538} INFO - Filling up the DagBag from /usr/local/lib/python3.10/dist-packages/airflow/example_dags/example_short_circuit_operator.py
[2024-01-08T18:52:49.142+0300] {processor.py:840} INFO - DAG(s) 'example_short_circuit_operator' retrieved from /usr/local/lib/python3.10/dist-packages/airflow/example_dags/example_short_circuit_operator.py
[2024-01-08T18:52:50.181+0300] {logging_mixin.py:188} INFO - [2024-01-08T18:52:50.180+0300] {dag.py:3033} INFO - Sync 1 DAGs
[2024-01-08T18:52:50.921+0300] {logging_mixin.py:188} INFO - [2024-01-08T18:52:50.912+0300] {dag.py:3820} INFO - Setting next_dagrun for example_short_circuit_operator to 2024-01-07T00:00:00+00:00, run_after=2024-01-08T00:00:00+00:00
[2024-01-08T18:52:51.352+0300] {processor.py:183} INFO - Processing /usr/local/lib/python3.10/dist-packages/airflow/example_dags/example_short_circuit_operator.py took 2.627 seconds
[2024-01-08T18:53:56.826+0300] {processor.py:161} INFO - Started process (PID=21534) to work on /usr/local/lib/python3.10/dist-packages/airflow/example_dags/example_short_circuit_operator.py
[2024-01-08T18:53:56.844+0300] {processor.py:830} INFO - Processing file /usr/local/lib/python3.10/dist-packages/airflow/example_dags/example_short_circuit_operator.py for tasks to queue
[2024-01-08T18:53:56.856+0300] {logging_mixin.py:188} INFO - [2024-01-08T18:53:56.854+0300] {dagbag.py:538} INFO - Filling up the DagBag from /usr/local/lib/python3.10/dist-packages/airflow/example_dags/example_short_circuit_operator.py
[2024-01-08T18:53:56.936+0300] {processor.py:840} INFO - DAG(s) 'example_short_circuit_operator' retrieved from /usr/local/lib/python3.10/dist-packages/airflow/example_dags/example_short_circuit_operator.py
[2024-01-08T18:53:57.471+0300] {logging_mixin.py:188} INFO - [2024-01-08T18:53:57.471+0300] {dag.py:3033} INFO - Sync 1 DAGs
[2024-01-08T18:53:57.812+0300] {logging_mixin.py:188} INFO - [2024-01-08T18:53:57.811+0300] {dag.py:3820} INFO - Setting next_dagrun for example_short_circuit_operator to 2024-01-07T00:00:00+00:00, run_after=2024-01-08T00:00:00+00:00
[2024-01-08T18:53:58.184+0300] {processor.py:183} INFO - Processing /usr/local/lib/python3.10/dist-packages/airflow/example_dags/example_short_circuit_operator.py took 1.444 seconds
[2024-01-08T18:54:35.019+0300] {processor.py:161} INFO - Started process (PID=21964) to work on /usr/local/lib/python3.10/dist-packages/airflow/example_dags/example_short_circuit_operator.py
[2024-01-08T18:54:35.035+0300] {processor.py:830} INFO - Processing file /usr/local/lib/python3.10/dist-packages/airflow/example_dags/example_short_circuit_operator.py for tasks to queue
[2024-01-08T18:54:35.038+0300] {logging_mixin.py:188} INFO - [2024-01-08T18:54:35.037+0300] {dagbag.py:538} INFO - Filling up the DagBag from /usr/local/lib/python3.10/dist-packages/airflow/example_dags/example_short_circuit_operator.py
[2024-01-08T18:54:35.297+0300] {processor.py:840} INFO - DAG(s) 'example_short_circuit_operator' retrieved from /usr/local/lib/python3.10/dist-packages/airflow/example_dags/example_short_circuit_operator.py
[2024-01-08T18:54:36.122+0300] {logging_mixin.py:188} INFO - [2024-01-08T18:54:36.121+0300] {dag.py:3033} INFO - Sync 1 DAGs
[2024-01-08T18:54:36.596+0300] {logging_mixin.py:188} INFO - [2024-01-08T18:54:36.595+0300] {dag.py:3820} INFO - Setting next_dagrun for example_short_circuit_operator to 2024-01-07T00:00:00+00:00, run_after=2024-01-08T00:00:00+00:00
[2024-01-08T18:54:36.825+0300] {processor.py:183} INFO - Processing /usr/local/lib/python3.10/dist-packages/airflow/example_dags/example_short_circuit_operator.py took 1.929 seconds
[2024-01-08T18:55:07.706+0300] {processor.py:161} INFO - Started process (PID=22421) to work on /usr/local/lib/python3.10/dist-packages/airflow/example_dags/example_short_circuit_operator.py
[2024-01-08T18:55:07.711+0300] {processor.py:830} INFO - Processing file /usr/local/lib/python3.10/dist-packages/airflow/example_dags/example_short_circuit_operator.py for tasks to queue
[2024-01-08T18:55:07.714+0300] {logging_mixin.py:188} INFO - [2024-01-08T18:55:07.713+0300] {dagbag.py:538} INFO - Filling up the DagBag from /usr/local/lib/python3.10/dist-packages/airflow/example_dags/example_short_circuit_operator.py
[2024-01-08T18:55:07.920+0300] {processor.py:840} INFO - DAG(s) 'example_short_circuit_operator' retrieved from /usr/local/lib/python3.10/dist-packages/airflow/example_dags/example_short_circuit_operator.py
[2024-01-08T18:55:08.229+0300] {logging_mixin.py:188} INFO - [2024-01-08T18:55:08.228+0300] {dag.py:3033} INFO - Sync 1 DAGs
[2024-01-08T18:55:08.456+0300] {logging_mixin.py:188} INFO - [2024-01-08T18:55:08.456+0300] {dag.py:3820} INFO - Setting next_dagrun for example_short_circuit_operator to 2024-01-07T00:00:00+00:00, run_after=2024-01-08T00:00:00+00:00
[2024-01-08T18:55:08.695+0300] {processor.py:183} INFO - Processing /usr/local/lib/python3.10/dist-packages/airflow/example_dags/example_short_circuit_operator.py took 1.003 seconds
[2024-01-08T18:55:41.306+0300] {processor.py:161} INFO - Started process (PID=22809) to work on /usr/local/lib/python3.10/dist-packages/airflow/example_dags/example_short_circuit_operator.py
[2024-01-08T18:55:41.311+0300] {processor.py:830} INFO - Processing file /usr/local/lib/python3.10/dist-packages/airflow/example_dags/example_short_circuit_operator.py for tasks to queue
[2024-01-08T18:55:41.313+0300] {logging_mixin.py:188} INFO - [2024-01-08T18:55:41.312+0300] {dagbag.py:538} INFO - Filling up the DagBag from /usr/local/lib/python3.10/dist-packages/airflow/example_dags/example_short_circuit_operator.py
[2024-01-08T18:55:41.340+0300] {processor.py:840} INFO - DAG(s) 'example_short_circuit_operator' retrieved from /usr/local/lib/python3.10/dist-packages/airflow/example_dags/example_short_circuit_operator.py
[2024-01-08T18:55:41.452+0300] {logging_mixin.py:188} INFO - [2024-01-08T18:55:41.452+0300] {dag.py:3033} INFO - Sync 1 DAGs
[2024-01-08T18:55:41.526+0300] {logging_mixin.py:188} INFO - [2024-01-08T18:55:41.526+0300] {dag.py:3820} INFO - Setting next_dagrun for example_short_circuit_operator to 2024-01-07T00:00:00+00:00, run_after=2024-01-08T00:00:00+00:00
[2024-01-08T18:55:41.647+0300] {processor.py:183} INFO - Processing /usr/local/lib/python3.10/dist-packages/airflow/example_dags/example_short_circuit_operator.py took 0.357 seconds
[2024-01-08T18:56:12.182+0300] {processor.py:161} INFO - Started process (PID=23119) to work on /usr/local/lib/python3.10/dist-packages/airflow/example_dags/example_short_circuit_operator.py
[2024-01-08T18:56:12.185+0300] {processor.py:830} INFO - Processing file /usr/local/lib/python3.10/dist-packages/airflow/example_dags/example_short_circuit_operator.py for tasks to queue
[2024-01-08T18:56:12.187+0300] {logging_mixin.py:188} INFO - [2024-01-08T18:56:12.186+0300] {dagbag.py:538} INFO - Filling up the DagBag from /usr/local/lib/python3.10/dist-packages/airflow/example_dags/example_short_circuit_operator.py
[2024-01-08T18:56:12.211+0300] {processor.py:840} INFO - DAG(s) 'example_short_circuit_operator' retrieved from /usr/local/lib/python3.10/dist-packages/airflow/example_dags/example_short_circuit_operator.py
[2024-01-08T18:56:12.321+0300] {logging_mixin.py:188} INFO - [2024-01-08T18:56:12.320+0300] {dag.py:3033} INFO - Sync 1 DAGs
[2024-01-08T18:56:12.395+0300] {logging_mixin.py:188} INFO - [2024-01-08T18:56:12.395+0300] {dag.py:3820} INFO - Setting next_dagrun for example_short_circuit_operator to 2024-01-07T00:00:00+00:00, run_after=2024-01-08T00:00:00+00:00
[2024-01-08T18:56:12.439+0300] {processor.py:183} INFO - Processing /usr/local/lib/python3.10/dist-packages/airflow/example_dags/example_short_circuit_operator.py took 0.277 seconds
[2024-01-08T18:56:42.910+0300] {processor.py:161} INFO - Started process (PID=23437) to work on /usr/local/lib/python3.10/dist-packages/airflow/example_dags/example_short_circuit_operator.py
[2024-01-08T18:56:42.912+0300] {processor.py:830} INFO - Processing file /usr/local/lib/python3.10/dist-packages/airflow/example_dags/example_short_circuit_operator.py for tasks to queue
[2024-01-08T18:56:42.915+0300] {logging_mixin.py:188} INFO - [2024-01-08T18:56:42.914+0300] {dagbag.py:538} INFO - Filling up the DagBag from /usr/local/lib/python3.10/dist-packages/airflow/example_dags/example_short_circuit_operator.py
[2024-01-08T18:56:42.943+0300] {processor.py:840} INFO - DAG(s) 'example_short_circuit_operator' retrieved from /usr/local/lib/python3.10/dist-packages/airflow/example_dags/example_short_circuit_operator.py
[2024-01-08T18:56:43.100+0300] {logging_mixin.py:188} INFO - [2024-01-08T18:56:43.098+0300] {dag.py:3033} INFO - Sync 1 DAGs
[2024-01-08T18:56:43.170+0300] {logging_mixin.py:188} INFO - [2024-01-08T18:56:43.170+0300] {dag.py:3820} INFO - Setting next_dagrun for example_short_circuit_operator to 2024-01-07T00:00:00+00:00, run_after=2024-01-08T00:00:00+00:00
[2024-01-08T18:56:43.256+0300] {processor.py:183} INFO - Processing /usr/local/lib/python3.10/dist-packages/airflow/example_dags/example_short_circuit_operator.py took 0.356 seconds
[2024-01-08T18:57:15.791+0300] {processor.py:161} INFO - Started process (PID=23820) to work on /usr/local/lib/python3.10/dist-packages/airflow/example_dags/example_short_circuit_operator.py
[2024-01-08T18:57:15.794+0300] {processor.py:830} INFO - Processing file /usr/local/lib/python3.10/dist-packages/airflow/example_dags/example_short_circuit_operator.py for tasks to queue
[2024-01-08T18:57:15.796+0300] {logging_mixin.py:188} INFO - [2024-01-08T18:57:15.795+0300] {dagbag.py:538} INFO - Filling up the DagBag from /usr/local/lib/python3.10/dist-packages/airflow/example_dags/example_short_circuit_operator.py
[2024-01-08T18:57:15.823+0300] {processor.py:840} INFO - DAG(s) 'example_short_circuit_operator' retrieved from /usr/local/lib/python3.10/dist-packages/airflow/example_dags/example_short_circuit_operator.py
[2024-01-08T18:57:15.963+0300] {logging_mixin.py:188} INFO - [2024-01-08T18:57:15.963+0300] {dag.py:3033} INFO - Sync 1 DAGs
[2024-01-08T18:57:16.028+0300] {logging_mixin.py:188} INFO - [2024-01-08T18:57:16.028+0300] {dag.py:3820} INFO - Setting next_dagrun for example_short_circuit_operator to 2024-01-07T00:00:00+00:00, run_after=2024-01-08T00:00:00+00:00
[2024-01-08T18:57:16.081+0300] {processor.py:183} INFO - Processing /usr/local/lib/python3.10/dist-packages/airflow/example_dags/example_short_circuit_operator.py took 0.308 seconds
[2024-01-08T18:57:52.469+0300] {processor.py:161} INFO - Started process (PID=24183) to work on /usr/local/lib/python3.10/dist-packages/airflow/example_dags/example_short_circuit_operator.py
[2024-01-08T18:57:52.479+0300] {processor.py:830} INFO - Processing file /usr/local/lib/python3.10/dist-packages/airflow/example_dags/example_short_circuit_operator.py for tasks to queue
[2024-01-08T18:57:52.482+0300] {logging_mixin.py:188} INFO - [2024-01-08T18:57:52.481+0300] {dagbag.py:538} INFO - Filling up the DagBag from /usr/local/lib/python3.10/dist-packages/airflow/example_dags/example_short_circuit_operator.py
[2024-01-08T18:57:52.584+0300] {processor.py:840} INFO - DAG(s) 'example_short_circuit_operator' retrieved from /usr/local/lib/python3.10/dist-packages/airflow/example_dags/example_short_circuit_operator.py
[2024-01-08T18:57:52.903+0300] {logging_mixin.py:188} INFO - [2024-01-08T18:57:52.902+0300] {dag.py:3033} INFO - Sync 1 DAGs
[2024-01-08T18:57:53.229+0300] {logging_mixin.py:188} INFO - [2024-01-08T18:57:53.228+0300] {dag.py:3820} INFO - Setting next_dagrun for example_short_circuit_operator to 2024-01-07T00:00:00+00:00, run_after=2024-01-08T00:00:00+00:00
[2024-01-08T18:57:53.362+0300] {processor.py:183} INFO - Processing /usr/local/lib/python3.10/dist-packages/airflow/example_dags/example_short_circuit_operator.py took 0.917 seconds
[2024-01-08T18:58:24.061+0300] {processor.py:161} INFO - Started process (PID=24531) to work on /usr/local/lib/python3.10/dist-packages/airflow/example_dags/example_short_circuit_operator.py
[2024-01-08T18:58:24.063+0300] {processor.py:830} INFO - Processing file /usr/local/lib/python3.10/dist-packages/airflow/example_dags/example_short_circuit_operator.py for tasks to queue
[2024-01-08T18:58:24.066+0300] {logging_mixin.py:188} INFO - [2024-01-08T18:58:24.065+0300] {dagbag.py:538} INFO - Filling up the DagBag from /usr/local/lib/python3.10/dist-packages/airflow/example_dags/example_short_circuit_operator.py
[2024-01-08T18:58:24.171+0300] {processor.py:840} INFO - DAG(s) 'example_short_circuit_operator' retrieved from /usr/local/lib/python3.10/dist-packages/airflow/example_dags/example_short_circuit_operator.py
[2024-01-08T18:58:24.587+0300] {logging_mixin.py:188} INFO - [2024-01-08T18:58:24.586+0300] {dag.py:3033} INFO - Sync 1 DAGs
[2024-01-08T18:58:24.827+0300] {logging_mixin.py:188} INFO - [2024-01-08T18:58:24.826+0300] {dag.py:3820} INFO - Setting next_dagrun for example_short_circuit_operator to 2024-01-07T00:00:00+00:00, run_after=2024-01-08T00:00:00+00:00
[2024-01-08T18:58:25.035+0300] {processor.py:183} INFO - Processing /usr/local/lib/python3.10/dist-packages/airflow/example_dags/example_short_circuit_operator.py took 0.998 seconds
[2024-01-08T18:58:57.712+0300] {processor.py:161} INFO - Started process (PID=24973) to work on /usr/local/lib/python3.10/dist-packages/airflow/example_dags/example_short_circuit_operator.py
[2024-01-08T18:58:57.717+0300] {processor.py:830} INFO - Processing file /usr/local/lib/python3.10/dist-packages/airflow/example_dags/example_short_circuit_operator.py for tasks to queue
[2024-01-08T18:58:57.722+0300] {logging_mixin.py:188} INFO - [2024-01-08T18:58:57.721+0300] {dagbag.py:538} INFO - Filling up the DagBag from /usr/local/lib/python3.10/dist-packages/airflow/example_dags/example_short_circuit_operator.py
[2024-01-08T18:58:57.783+0300] {processor.py:840} INFO - DAG(s) 'example_short_circuit_operator' retrieved from /usr/local/lib/python3.10/dist-packages/airflow/example_dags/example_short_circuit_operator.py
[2024-01-08T18:58:58.016+0300] {logging_mixin.py:188} INFO - [2024-01-08T18:58:58.016+0300] {dag.py:3033} INFO - Sync 1 DAGs
[2024-01-08T18:58:58.245+0300] {logging_mixin.py:188} INFO - [2024-01-08T18:58:58.244+0300] {dag.py:3820} INFO - Setting next_dagrun for example_short_circuit_operator to 2024-01-07T00:00:00+00:00, run_after=2024-01-08T00:00:00+00:00
[2024-01-08T18:58:58.421+0300] {processor.py:183} INFO - Processing /usr/local/lib/python3.10/dist-packages/airflow/example_dags/example_short_circuit_operator.py took 0.737 seconds
[2024-01-08T18:59:33.334+0300] {processor.py:161} INFO - Started process (PID=25371) to work on /usr/local/lib/python3.10/dist-packages/airflow/example_dags/example_short_circuit_operator.py
[2024-01-08T18:59:33.363+0300] {processor.py:830} INFO - Processing file /usr/local/lib/python3.10/dist-packages/airflow/example_dags/example_short_circuit_operator.py for tasks to queue
[2024-01-08T18:59:33.368+0300] {logging_mixin.py:188} INFO - [2024-01-08T18:59:33.367+0300] {dagbag.py:538} INFO - Filling up the DagBag from /usr/local/lib/python3.10/dist-packages/airflow/example_dags/example_short_circuit_operator.py
[2024-01-08T18:59:33.393+0300] {processor.py:840} INFO - DAG(s) 'example_short_circuit_operator' retrieved from /usr/local/lib/python3.10/dist-packages/airflow/example_dags/example_short_circuit_operator.py
[2024-01-08T18:59:33.671+0300] {logging_mixin.py:188} INFO - [2024-01-08T18:59:33.670+0300] {dag.py:3033} INFO - Sync 1 DAGs
[2024-01-08T18:59:33.951+0300] {logging_mixin.py:188} INFO - [2024-01-08T18:59:33.951+0300] {dag.py:3820} INFO - Setting next_dagrun for example_short_circuit_operator to 2024-01-07T00:00:00+00:00, run_after=2024-01-08T00:00:00+00:00
[2024-01-08T18:59:34.240+0300] {processor.py:183} INFO - Processing /usr/local/lib/python3.10/dist-packages/airflow/example_dags/example_short_circuit_operator.py took 1.021 seconds
[2024-01-08T19:00:04.403+0300] {processor.py:161} INFO - Started process (PID=25758) to work on /usr/local/lib/python3.10/dist-packages/airflow/example_dags/example_short_circuit_operator.py
[2024-01-08T19:00:04.406+0300] {processor.py:830} INFO - Processing file /usr/local/lib/python3.10/dist-packages/airflow/example_dags/example_short_circuit_operator.py for tasks to queue
[2024-01-08T19:00:04.409+0300] {logging_mixin.py:188} INFO - [2024-01-08T19:00:04.408+0300] {dagbag.py:538} INFO - Filling up the DagBag from /usr/local/lib/python3.10/dist-packages/airflow/example_dags/example_short_circuit_operator.py
[2024-01-08T19:00:04.434+0300] {processor.py:840} INFO - DAG(s) 'example_short_circuit_operator' retrieved from /usr/local/lib/python3.10/dist-packages/airflow/example_dags/example_short_circuit_operator.py
[2024-01-08T19:00:04.551+0300] {logging_mixin.py:188} INFO - [2024-01-08T19:00:04.550+0300] {dag.py:3033} INFO - Sync 1 DAGs
[2024-01-08T19:00:04.622+0300] {logging_mixin.py:188} INFO - [2024-01-08T19:00:04.621+0300] {dag.py:3820} INFO - Setting next_dagrun for example_short_circuit_operator to 2024-01-07T00:00:00+00:00, run_after=2024-01-08T00:00:00+00:00
[2024-01-08T19:00:04.668+0300] {processor.py:183} INFO - Processing /usr/local/lib/python3.10/dist-packages/airflow/example_dags/example_short_circuit_operator.py took 0.279 seconds
[2024-01-08T19:00:35.411+0300] {processor.py:161} INFO - Started process (PID=26169) to work on /usr/local/lib/python3.10/dist-packages/airflow/example_dags/example_short_circuit_operator.py
[2024-01-08T19:00:35.438+0300] {processor.py:830} INFO - Processing file /usr/local/lib/python3.10/dist-packages/airflow/example_dags/example_short_circuit_operator.py for tasks to queue
[2024-01-08T19:00:35.440+0300] {logging_mixin.py:188} INFO - [2024-01-08T19:00:35.439+0300] {dagbag.py:538} INFO - Filling up the DagBag from /usr/local/lib/python3.10/dist-packages/airflow/example_dags/example_short_circuit_operator.py
[2024-01-08T19:00:35.562+0300] {processor.py:840} INFO - DAG(s) 'example_short_circuit_operator' retrieved from /usr/local/lib/python3.10/dist-packages/airflow/example_dags/example_short_circuit_operator.py
[2024-01-08T19:00:35.719+0300] {logging_mixin.py:188} INFO - [2024-01-08T19:00:35.706+0300] {dag.py:3033} INFO - Sync 1 DAGs
[2024-01-08T19:00:35.913+0300] {logging_mixin.py:188} INFO - [2024-01-08T19:00:35.912+0300] {dag.py:3820} INFO - Setting next_dagrun for example_short_circuit_operator to 2024-01-07T00:00:00+00:00, run_after=2024-01-08T00:00:00+00:00
[2024-01-08T19:00:36.090+0300] {processor.py:183} INFO - Processing /usr/local/lib/python3.10/dist-packages/airflow/example_dags/example_short_circuit_operator.py took 0.704 seconds
[2024-01-08T19:01:06.693+0300] {processor.py:161} INFO - Started process (PID=26562) to work on /usr/local/lib/python3.10/dist-packages/airflow/example_dags/example_short_circuit_operator.py
[2024-01-08T19:01:06.696+0300] {processor.py:830} INFO - Processing file /usr/local/lib/python3.10/dist-packages/airflow/example_dags/example_short_circuit_operator.py for tasks to queue
[2024-01-08T19:01:06.698+0300] {logging_mixin.py:188} INFO - [2024-01-08T19:01:06.697+0300] {dagbag.py:538} INFO - Filling up the DagBag from /usr/local/lib/python3.10/dist-packages/airflow/example_dags/example_short_circuit_operator.py
[2024-01-08T19:01:06.720+0300] {processor.py:840} INFO - DAG(s) 'example_short_circuit_operator' retrieved from /usr/local/lib/python3.10/dist-packages/airflow/example_dags/example_short_circuit_operator.py
[2024-01-08T19:01:06.820+0300] {logging_mixin.py:188} INFO - [2024-01-08T19:01:06.820+0300] {dag.py:3033} INFO - Sync 1 DAGs
[2024-01-08T19:01:06.904+0300] {logging_mixin.py:188} INFO - [2024-01-08T19:01:06.903+0300] {dag.py:3820} INFO - Setting next_dagrun for example_short_circuit_operator to 2024-01-07T00:00:00+00:00, run_after=2024-01-08T00:00:00+00:00
[2024-01-08T19:01:06.969+0300] {processor.py:183} INFO - Processing /usr/local/lib/python3.10/dist-packages/airflow/example_dags/example_short_circuit_operator.py took 0.289 seconds
[2024-01-08T19:01:37.835+0300] {processor.py:161} INFO - Started process (PID=26962) to work on /usr/local/lib/python3.10/dist-packages/airflow/example_dags/example_short_circuit_operator.py
[2024-01-08T19:01:37.837+0300] {processor.py:830} INFO - Processing file /usr/local/lib/python3.10/dist-packages/airflow/example_dags/example_short_circuit_operator.py for tasks to queue
[2024-01-08T19:01:37.839+0300] {logging_mixin.py:188} INFO - [2024-01-08T19:01:37.839+0300] {dagbag.py:538} INFO - Filling up the DagBag from /usr/local/lib/python3.10/dist-packages/airflow/example_dags/example_short_circuit_operator.py
[2024-01-08T19:01:37.883+0300] {processor.py:840} INFO - DAG(s) 'example_short_circuit_operator' retrieved from /usr/local/lib/python3.10/dist-packages/airflow/example_dags/example_short_circuit_operator.py
[2024-01-08T19:01:38.039+0300] {logging_mixin.py:188} INFO - [2024-01-08T19:01:38.028+0300] {dag.py:3033} INFO - Sync 1 DAGs
[2024-01-08T19:01:38.113+0300] {logging_mixin.py:188} INFO - [2024-01-08T19:01:38.112+0300] {dag.py:3820} INFO - Setting next_dagrun for example_short_circuit_operator to 2024-01-07T00:00:00+00:00, run_after=2024-01-08T00:00:00+00:00
[2024-01-08T19:01:38.178+0300] {processor.py:183} INFO - Processing /usr/local/lib/python3.10/dist-packages/airflow/example_dags/example_short_circuit_operator.py took 0.359 seconds
[2024-01-08T19:02:08.303+0300] {processor.py:161} INFO - Started process (PID=27272) to work on /usr/local/lib/python3.10/dist-packages/airflow/example_dags/example_short_circuit_operator.py
[2024-01-08T19:02:08.306+0300] {processor.py:830} INFO - Processing file /usr/local/lib/python3.10/dist-packages/airflow/example_dags/example_short_circuit_operator.py for tasks to queue
[2024-01-08T19:02:08.309+0300] {logging_mixin.py:188} INFO - [2024-01-08T19:02:08.308+0300] {dagbag.py:538} INFO - Filling up the DagBag from /usr/local/lib/python3.10/dist-packages/airflow/example_dags/example_short_circuit_operator.py
[2024-01-08T19:02:08.340+0300] {processor.py:840} INFO - DAG(s) 'example_short_circuit_operator' retrieved from /usr/local/lib/python3.10/dist-packages/airflow/example_dags/example_short_circuit_operator.py
[2024-01-08T19:02:08.474+0300] {logging_mixin.py:188} INFO - [2024-01-08T19:02:08.474+0300] {dag.py:3033} INFO - Sync 1 DAGs
[2024-01-08T19:02:08.542+0300] {logging_mixin.py:188} INFO - [2024-01-08T19:02:08.542+0300] {dag.py:3820} INFO - Setting next_dagrun for example_short_circuit_operator to 2024-01-07T00:00:00+00:00, run_after=2024-01-08T00:00:00+00:00
[2024-01-08T19:02:08.655+0300] {processor.py:183} INFO - Processing /usr/local/lib/python3.10/dist-packages/airflow/example_dags/example_short_circuit_operator.py took 0.367 seconds
[2024-01-08T19:02:39.086+0300] {processor.py:161} INFO - Started process (PID=27589) to work on /usr/local/lib/python3.10/dist-packages/airflow/example_dags/example_short_circuit_operator.py
[2024-01-08T19:02:39.089+0300] {processor.py:830} INFO - Processing file /usr/local/lib/python3.10/dist-packages/airflow/example_dags/example_short_circuit_operator.py for tasks to queue
[2024-01-08T19:02:39.091+0300] {logging_mixin.py:188} INFO - [2024-01-08T19:02:39.091+0300] {dagbag.py:538} INFO - Filling up the DagBag from /usr/local/lib/python3.10/dist-packages/airflow/example_dags/example_short_circuit_operator.py
[2024-01-08T19:02:39.114+0300] {processor.py:840} INFO - DAG(s) 'example_short_circuit_operator' retrieved from /usr/local/lib/python3.10/dist-packages/airflow/example_dags/example_short_circuit_operator.py
[2024-01-08T19:02:39.249+0300] {logging_mixin.py:188} INFO - [2024-01-08T19:02:39.248+0300] {dag.py:3033} INFO - Sync 1 DAGs
[2024-01-08T19:02:39.382+0300] {logging_mixin.py:188} INFO - [2024-01-08T19:02:39.382+0300] {dag.py:3820} INFO - Setting next_dagrun for example_short_circuit_operator to 2024-01-07T00:00:00+00:00, run_after=2024-01-08T00:00:00+00:00
[2024-01-08T19:02:39.440+0300] {processor.py:183} INFO - Processing /usr/local/lib/python3.10/dist-packages/airflow/example_dags/example_short_circuit_operator.py took 0.380 seconds
[2024-01-08T19:03:19.057+0300] {processor.py:161} INFO - Started process (PID=27953) to work on /usr/local/lib/python3.10/dist-packages/airflow/example_dags/example_short_circuit_operator.py
[2024-01-08T19:03:19.066+0300] {processor.py:830} INFO - Processing file /usr/local/lib/python3.10/dist-packages/airflow/example_dags/example_short_circuit_operator.py for tasks to queue
[2024-01-08T19:03:19.069+0300] {logging_mixin.py:188} INFO - [2024-01-08T19:03:19.068+0300] {dagbag.py:538} INFO - Filling up the DagBag from /usr/local/lib/python3.10/dist-packages/airflow/example_dags/example_short_circuit_operator.py
[2024-01-08T19:03:19.132+0300] {processor.py:840} INFO - DAG(s) 'example_short_circuit_operator' retrieved from /usr/local/lib/python3.10/dist-packages/airflow/example_dags/example_short_circuit_operator.py
[2024-01-08T19:03:19.712+0300] {logging_mixin.py:188} INFO - [2024-01-08T19:03:19.711+0300] {dag.py:3033} INFO - Sync 1 DAGs
[2024-01-08T19:03:20.047+0300] {logging_mixin.py:188} INFO - [2024-01-08T19:03:20.044+0300] {dag.py:3820} INFO - Setting next_dagrun for example_short_circuit_operator to 2024-01-07T00:00:00+00:00, run_after=2024-01-08T00:00:00+00:00
[2024-01-08T19:03:20.292+0300] {processor.py:183} INFO - Processing /usr/local/lib/python3.10/dist-packages/airflow/example_dags/example_short_circuit_operator.py took 1.257 seconds
[2024-01-08T19:03:50.643+0300] {processor.py:161} INFO - Started process (PID=28349) to work on /usr/local/lib/python3.10/dist-packages/airflow/example_dags/example_short_circuit_operator.py
[2024-01-08T19:03:50.646+0300] {processor.py:830} INFO - Processing file /usr/local/lib/python3.10/dist-packages/airflow/example_dags/example_short_circuit_operator.py for tasks to queue
[2024-01-08T19:03:50.647+0300] {logging_mixin.py:188} INFO - [2024-01-08T19:03:50.647+0300] {dagbag.py:538} INFO - Filling up the DagBag from /usr/local/lib/python3.10/dist-packages/airflow/example_dags/example_short_circuit_operator.py
[2024-01-08T19:03:50.668+0300] {processor.py:840} INFO - DAG(s) 'example_short_circuit_operator' retrieved from /usr/local/lib/python3.10/dist-packages/airflow/example_dags/example_short_circuit_operator.py
[2024-01-08T19:03:50.794+0300] {logging_mixin.py:188} INFO - [2024-01-08T19:03:50.793+0300] {dag.py:3033} INFO - Sync 1 DAGs
[2024-01-08T19:03:50.958+0300] {logging_mixin.py:188} INFO - [2024-01-08T19:03:50.957+0300] {dag.py:3820} INFO - Setting next_dagrun for example_short_circuit_operator to 2024-01-07T00:00:00+00:00, run_after=2024-01-08T00:00:00+00:00
[2024-01-08T19:03:51.050+0300] {processor.py:183} INFO - Processing /usr/local/lib/python3.10/dist-packages/airflow/example_dags/example_short_circuit_operator.py took 0.417 seconds
[2024-01-08T19:04:21.172+0300] {processor.py:161} INFO - Started process (PID=28710) to work on /usr/local/lib/python3.10/dist-packages/airflow/example_dags/example_short_circuit_operator.py
[2024-01-08T19:04:21.175+0300] {processor.py:830} INFO - Processing file /usr/local/lib/python3.10/dist-packages/airflow/example_dags/example_short_circuit_operator.py for tasks to queue
[2024-01-08T19:04:21.177+0300] {logging_mixin.py:188} INFO - [2024-01-08T19:04:21.177+0300] {dagbag.py:538} INFO - Filling up the DagBag from /usr/local/lib/python3.10/dist-packages/airflow/example_dags/example_short_circuit_operator.py
[2024-01-08T19:04:21.213+0300] {processor.py:840} INFO - DAG(s) 'example_short_circuit_operator' retrieved from /usr/local/lib/python3.10/dist-packages/airflow/example_dags/example_short_circuit_operator.py
[2024-01-08T19:04:21.331+0300] {logging_mixin.py:188} INFO - [2024-01-08T19:04:21.330+0300] {dag.py:3033} INFO - Sync 1 DAGs
[2024-01-08T19:04:21.401+0300] {logging_mixin.py:188} INFO - [2024-01-08T19:04:21.400+0300] {dag.py:3820} INFO - Setting next_dagrun for example_short_circuit_operator to 2024-01-07T00:00:00+00:00, run_after=2024-01-08T00:00:00+00:00
[2024-01-08T19:04:21.449+0300] {processor.py:183} INFO - Processing /usr/local/lib/python3.10/dist-packages/airflow/example_dags/example_short_circuit_operator.py took 0.297 seconds
[2024-01-08T19:04:54.119+0300] {processor.py:161} INFO - Started process (PID=29115) to work on /usr/local/lib/python3.10/dist-packages/airflow/example_dags/example_short_circuit_operator.py
[2024-01-08T19:04:54.134+0300] {processor.py:830} INFO - Processing file /usr/local/lib/python3.10/dist-packages/airflow/example_dags/example_short_circuit_operator.py for tasks to queue
[2024-01-08T19:04:54.137+0300] {logging_mixin.py:188} INFO - [2024-01-08T19:04:54.136+0300] {dagbag.py:538} INFO - Filling up the DagBag from /usr/local/lib/python3.10/dist-packages/airflow/example_dags/example_short_circuit_operator.py
[2024-01-08T19:04:54.295+0300] {processor.py:840} INFO - DAG(s) 'example_short_circuit_operator' retrieved from /usr/local/lib/python3.10/dist-packages/airflow/example_dags/example_short_circuit_operator.py
[2024-01-08T19:04:54.794+0300] {logging_mixin.py:188} INFO - [2024-01-08T19:04:54.794+0300] {dag.py:3033} INFO - Sync 1 DAGs
[2024-01-08T19:04:55.064+0300] {logging_mixin.py:188} INFO - [2024-01-08T19:04:55.063+0300] {dag.py:3820} INFO - Setting next_dagrun for example_short_circuit_operator to 2024-01-07T00:00:00+00:00, run_after=2024-01-08T00:00:00+00:00
[2024-01-08T19:04:55.376+0300] {processor.py:183} INFO - Processing /usr/local/lib/python3.10/dist-packages/airflow/example_dags/example_short_circuit_operator.py took 1.288 seconds
[2024-01-08T19:05:26.607+0300] {processor.py:161} INFO - Started process (PID=29543) to work on /usr/local/lib/python3.10/dist-packages/airflow/example_dags/example_short_circuit_operator.py
[2024-01-08T19:05:26.618+0300] {processor.py:830} INFO - Processing file /usr/local/lib/python3.10/dist-packages/airflow/example_dags/example_short_circuit_operator.py for tasks to queue
[2024-01-08T19:05:26.621+0300] {logging_mixin.py:188} INFO - [2024-01-08T19:05:26.620+0300] {dagbag.py:538} INFO - Filling up the DagBag from /usr/local/lib/python3.10/dist-packages/airflow/example_dags/example_short_circuit_operator.py
[2024-01-08T19:05:26.804+0300] {processor.py:840} INFO - DAG(s) 'example_short_circuit_operator' retrieved from /usr/local/lib/python3.10/dist-packages/airflow/example_dags/example_short_circuit_operator.py
[2024-01-08T19:05:27.626+0300] {logging_mixin.py:188} INFO - [2024-01-08T19:05:27.626+0300] {dag.py:3033} INFO - Sync 1 DAGs
[2024-01-08T19:05:28.166+0300] {logging_mixin.py:188} INFO - [2024-01-08T19:05:28.149+0300] {dag.py:3820} INFO - Setting next_dagrun for example_short_circuit_operator to 2024-01-07T00:00:00+00:00, run_after=2024-01-08T00:00:00+00:00
[2024-01-08T19:05:28.766+0300] {processor.py:183} INFO - Processing /usr/local/lib/python3.10/dist-packages/airflow/example_dags/example_short_circuit_operator.py took 2.223 seconds
[2024-01-08T19:06:04.539+0300] {processor.py:161} INFO - Started process (PID=29947) to work on /usr/local/lib/python3.10/dist-packages/airflow/example_dags/example_short_circuit_operator.py
[2024-01-08T19:06:04.544+0300] {processor.py:830} INFO - Processing file /usr/local/lib/python3.10/dist-packages/airflow/example_dags/example_short_circuit_operator.py for tasks to queue
[2024-01-08T19:06:04.547+0300] {logging_mixin.py:188} INFO - [2024-01-08T19:06:04.547+0300] {dagbag.py:538} INFO - Filling up the DagBag from /usr/local/lib/python3.10/dist-packages/airflow/example_dags/example_short_circuit_operator.py
[2024-01-08T19:06:04.622+0300] {processor.py:840} INFO - DAG(s) 'example_short_circuit_operator' retrieved from /usr/local/lib/python3.10/dist-packages/airflow/example_dags/example_short_circuit_operator.py
[2024-01-08T19:06:04.807+0300] {logging_mixin.py:188} INFO - [2024-01-08T19:06:04.807+0300] {dag.py:3033} INFO - Sync 1 DAGs
[2024-01-08T19:06:04.860+0300] {logging_mixin.py:188} INFO - [2024-01-08T19:06:04.859+0300] {dag.py:3820} INFO - Setting next_dagrun for example_short_circuit_operator to 2024-01-07T00:00:00+00:00, run_after=2024-01-08T00:00:00+00:00
[2024-01-08T19:06:04.906+0300] {processor.py:183} INFO - Processing /usr/local/lib/python3.10/dist-packages/airflow/example_dags/example_short_circuit_operator.py took 0.400 seconds
[2024-01-08T19:06:41.812+0300] {processor.py:161} INFO - Started process (PID=30318) to work on /usr/local/lib/python3.10/dist-packages/airflow/example_dags/example_short_circuit_operator.py
[2024-01-08T19:06:41.940+0300] {processor.py:830} INFO - Processing file /usr/local/lib/python3.10/dist-packages/airflow/example_dags/example_short_circuit_operator.py for tasks to queue
[2024-01-08T19:06:41.996+0300] {logging_mixin.py:188} INFO - [2024-01-08T19:06:41.993+0300] {dagbag.py:538} INFO - Filling up the DagBag from /usr/local/lib/python3.10/dist-packages/airflow/example_dags/example_short_circuit_operator.py
[2024-01-08T19:06:42.599+0300] {processor.py:840} INFO - DAG(s) 'example_short_circuit_operator' retrieved from /usr/local/lib/python3.10/dist-packages/airflow/example_dags/example_short_circuit_operator.py
[2024-01-08T19:06:44.083+0300] {logging_mixin.py:188} INFO - [2024-01-08T19:06:44.083+0300] {dag.py:3033} INFO - Sync 1 DAGs
[2024-01-08T19:06:44.596+0300] {logging_mixin.py:188} INFO - [2024-01-08T19:06:44.595+0300] {dag.py:3820} INFO - Setting next_dagrun for example_short_circuit_operator to 2024-01-07T00:00:00+00:00, run_after=2024-01-08T00:00:00+00:00
[2024-01-08T19:06:45.210+0300] {processor.py:183} INFO - Processing /usr/local/lib/python3.10/dist-packages/airflow/example_dags/example_short_circuit_operator.py took 3.508 seconds
[2024-01-08T19:07:18.137+0300] {processor.py:161} INFO - Started process (PID=30746) to work on /usr/local/lib/python3.10/dist-packages/airflow/example_dags/example_short_circuit_operator.py
[2024-01-08T19:07:18.141+0300] {processor.py:830} INFO - Processing file /usr/local/lib/python3.10/dist-packages/airflow/example_dags/example_short_circuit_operator.py for tasks to queue
[2024-01-08T19:07:18.143+0300] {logging_mixin.py:188} INFO - [2024-01-08T19:07:18.142+0300] {dagbag.py:538} INFO - Filling up the DagBag from /usr/local/lib/python3.10/dist-packages/airflow/example_dags/example_short_circuit_operator.py
[2024-01-08T19:07:18.205+0300] {processor.py:840} INFO - DAG(s) 'example_short_circuit_operator' retrieved from /usr/local/lib/python3.10/dist-packages/airflow/example_dags/example_short_circuit_operator.py
[2024-01-08T19:07:18.441+0300] {logging_mixin.py:188} INFO - [2024-01-08T19:07:18.440+0300] {dag.py:3033} INFO - Sync 1 DAGs
[2024-01-08T19:07:18.504+0300] {logging_mixin.py:188} INFO - [2024-01-08T19:07:18.503+0300] {dag.py:3820} INFO - Setting next_dagrun for example_short_circuit_operator to 2024-01-07T00:00:00+00:00, run_after=2024-01-08T00:00:00+00:00
[2024-01-08T19:07:18.581+0300] {processor.py:183} INFO - Processing /usr/local/lib/python3.10/dist-packages/airflow/example_dags/example_short_circuit_operator.py took 0.478 seconds
[2024-01-08T19:07:55.017+0300] {processor.py:161} INFO - Started process (PID=31167) to work on /usr/local/lib/python3.10/dist-packages/airflow/example_dags/example_short_circuit_operator.py
[2024-01-08T19:07:55.020+0300] {processor.py:830} INFO - Processing file /usr/local/lib/python3.10/dist-packages/airflow/example_dags/example_short_circuit_operator.py for tasks to queue
[2024-01-08T19:07:55.022+0300] {logging_mixin.py:188} INFO - [2024-01-08T19:07:55.021+0300] {dagbag.py:538} INFO - Filling up the DagBag from /usr/local/lib/python3.10/dist-packages/airflow/example_dags/example_short_circuit_operator.py
[2024-01-08T19:07:55.043+0300] {processor.py:840} INFO - DAG(s) 'example_short_circuit_operator' retrieved from /usr/local/lib/python3.10/dist-packages/airflow/example_dags/example_short_circuit_operator.py
[2024-01-08T19:07:55.150+0300] {logging_mixin.py:188} INFO - [2024-01-08T19:07:55.149+0300] {dag.py:3033} INFO - Sync 1 DAGs
[2024-01-08T19:07:55.239+0300] {logging_mixin.py:188} INFO - [2024-01-08T19:07:55.238+0300] {dag.py:3820} INFO - Setting next_dagrun for example_short_circuit_operator to 2024-01-07T00:00:00+00:00, run_after=2024-01-08T00:00:00+00:00
[2024-01-08T19:07:55.300+0300] {processor.py:183} INFO - Processing /usr/local/lib/python3.10/dist-packages/airflow/example_dags/example_short_circuit_operator.py took 0.301 seconds
[2024-01-08T19:08:26.113+0300] {processor.py:161} INFO - Started process (PID=31483) to work on /usr/local/lib/python3.10/dist-packages/airflow/example_dags/example_short_circuit_operator.py
[2024-01-08T19:08:26.119+0300] {processor.py:830} INFO - Processing file /usr/local/lib/python3.10/dist-packages/airflow/example_dags/example_short_circuit_operator.py for tasks to queue
[2024-01-08T19:08:26.121+0300] {logging_mixin.py:188} INFO - [2024-01-08T19:08:26.120+0300] {dagbag.py:538} INFO - Filling up the DagBag from /usr/local/lib/python3.10/dist-packages/airflow/example_dags/example_short_circuit_operator.py
[2024-01-08T19:08:26.155+0300] {processor.py:840} INFO - DAG(s) 'example_short_circuit_operator' retrieved from /usr/local/lib/python3.10/dist-packages/airflow/example_dags/example_short_circuit_operator.py
[2024-01-08T19:08:26.351+0300] {logging_mixin.py:188} INFO - [2024-01-08T19:08:26.350+0300] {dag.py:3033} INFO - Sync 1 DAGs
[2024-01-08T19:08:26.426+0300] {logging_mixin.py:188} INFO - [2024-01-08T19:08:26.425+0300] {dag.py:3820} INFO - Setting next_dagrun for example_short_circuit_operator to 2024-01-07T00:00:00+00:00, run_after=2024-01-08T00:00:00+00:00
[2024-01-08T19:08:26.512+0300] {processor.py:183} INFO - Processing /usr/local/lib/python3.10/dist-packages/airflow/example_dags/example_short_circuit_operator.py took 0.411 seconds
[2024-01-08T19:09:02.029+0300] {processor.py:161} INFO - Started process (PID=31855) to work on /usr/local/lib/python3.10/dist-packages/airflow/example_dags/example_short_circuit_operator.py
[2024-01-08T19:09:02.046+0300] {processor.py:830} INFO - Processing file /usr/local/lib/python3.10/dist-packages/airflow/example_dags/example_short_circuit_operator.py for tasks to queue
[2024-01-08T19:09:02.048+0300] {logging_mixin.py:188} INFO - [2024-01-08T19:09:02.047+0300] {dagbag.py:538} INFO - Filling up the DagBag from /usr/local/lib/python3.10/dist-packages/airflow/example_dags/example_short_circuit_operator.py
[2024-01-08T19:09:02.080+0300] {processor.py:840} INFO - DAG(s) 'example_short_circuit_operator' retrieved from /usr/local/lib/python3.10/dist-packages/airflow/example_dags/example_short_circuit_operator.py
[2024-01-08T19:09:02.351+0300] {logging_mixin.py:188} INFO - [2024-01-08T19:09:02.351+0300] {dag.py:3033} INFO - Sync 1 DAGs
[2024-01-08T19:09:02.419+0300] {logging_mixin.py:188} INFO - [2024-01-08T19:09:02.418+0300] {dag.py:3820} INFO - Setting next_dagrun for example_short_circuit_operator to 2024-01-07T00:00:00+00:00, run_after=2024-01-08T00:00:00+00:00
[2024-01-08T19:09:02.520+0300] {processor.py:183} INFO - Processing /usr/local/lib/python3.10/dist-packages/airflow/example_dags/example_short_circuit_operator.py took 0.504 seconds
[2024-01-08T19:09:34.725+0300] {processor.py:161} INFO - Started process (PID=32195) to work on /usr/local/lib/python3.10/dist-packages/airflow/example_dags/example_short_circuit_operator.py
[2024-01-08T19:09:34.728+0300] {processor.py:830} INFO - Processing file /usr/local/lib/python3.10/dist-packages/airflow/example_dags/example_short_circuit_operator.py for tasks to queue
[2024-01-08T19:09:34.731+0300] {logging_mixin.py:188} INFO - [2024-01-08T19:09:34.730+0300] {dagbag.py:538} INFO - Filling up the DagBag from /usr/local/lib/python3.10/dist-packages/airflow/example_dags/example_short_circuit_operator.py
[2024-01-08T19:09:34.852+0300] {processor.py:840} INFO - DAG(s) 'example_short_circuit_operator' retrieved from /usr/local/lib/python3.10/dist-packages/airflow/example_dags/example_short_circuit_operator.py
[2024-01-08T19:09:35.023+0300] {logging_mixin.py:188} INFO - [2024-01-08T19:09:35.023+0300] {dag.py:3033} INFO - Sync 1 DAGs
[2024-01-08T19:09:35.114+0300] {logging_mixin.py:188} INFO - [2024-01-08T19:09:35.114+0300] {dag.py:3820} INFO - Setting next_dagrun for example_short_circuit_operator to 2024-01-07T00:00:00+00:00, run_after=2024-01-08T00:00:00+00:00
[2024-01-08T19:09:35.236+0300] {processor.py:183} INFO - Processing /usr/local/lib/python3.10/dist-packages/airflow/example_dags/example_short_circuit_operator.py took 0.584 seconds
[2024-01-08T19:10:07.088+0300] {processor.py:161} INFO - Started process (PID=32560) to work on /usr/local/lib/python3.10/dist-packages/airflow/example_dags/example_short_circuit_operator.py
[2024-01-08T19:10:07.097+0300] {processor.py:830} INFO - Processing file /usr/local/lib/python3.10/dist-packages/airflow/example_dags/example_short_circuit_operator.py for tasks to queue
[2024-01-08T19:10:07.099+0300] {logging_mixin.py:188} INFO - [2024-01-08T19:10:07.099+0300] {dagbag.py:538} INFO - Filling up the DagBag from /usr/local/lib/python3.10/dist-packages/airflow/example_dags/example_short_circuit_operator.py
[2024-01-08T19:10:07.196+0300] {processor.py:840} INFO - DAG(s) 'example_short_circuit_operator' retrieved from /usr/local/lib/python3.10/dist-packages/airflow/example_dags/example_short_circuit_operator.py
[2024-01-08T19:10:07.521+0300] {logging_mixin.py:188} INFO - [2024-01-08T19:10:07.519+0300] {dag.py:3033} INFO - Sync 1 DAGs
[2024-01-08T19:10:07.731+0300] {logging_mixin.py:188} INFO - [2024-01-08T19:10:07.731+0300] {dag.py:3820} INFO - Setting next_dagrun for example_short_circuit_operator to 2024-01-07T00:00:00+00:00, run_after=2024-01-08T00:00:00+00:00
[2024-01-08T19:10:07.882+0300] {processor.py:183} INFO - Processing /usr/local/lib/python3.10/dist-packages/airflow/example_dags/example_short_circuit_operator.py took 0.849 seconds
[2024-01-08T19:10:49.556+0300] {processor.py:161} INFO - Started process (PID=32959) to work on /usr/local/lib/python3.10/dist-packages/airflow/example_dags/example_short_circuit_operator.py
[2024-01-08T19:10:49.559+0300] {processor.py:830} INFO - Processing file /usr/local/lib/python3.10/dist-packages/airflow/example_dags/example_short_circuit_operator.py for tasks to queue
[2024-01-08T19:10:49.561+0300] {logging_mixin.py:188} INFO - [2024-01-08T19:10:49.560+0300] {dagbag.py:538} INFO - Filling up the DagBag from /usr/local/lib/python3.10/dist-packages/airflow/example_dags/example_short_circuit_operator.py
[2024-01-08T19:10:49.590+0300] {processor.py:840} INFO - DAG(s) 'example_short_circuit_operator' retrieved from /usr/local/lib/python3.10/dist-packages/airflow/example_dags/example_short_circuit_operator.py
[2024-01-08T19:10:49.739+0300] {logging_mixin.py:188} INFO - [2024-01-08T19:10:49.738+0300] {dag.py:3033} INFO - Sync 1 DAGs
[2024-01-08T19:10:49.830+0300] {logging_mixin.py:188} INFO - [2024-01-08T19:10:49.829+0300] {dag.py:3820} INFO - Setting next_dagrun for example_short_circuit_operator to 2024-01-07T00:00:00+00:00, run_after=2024-01-08T00:00:00+00:00
[2024-01-08T19:10:51.537+0300] {processor.py:183} INFO - Processing /usr/local/lib/python3.10/dist-packages/airflow/example_dags/example_short_circuit_operator.py took 2.018 seconds
[2024-01-08T19:11:24.052+0300] {processor.py:161} INFO - Started process (PID=33368) to work on /usr/local/lib/python3.10/dist-packages/airflow/example_dags/example_short_circuit_operator.py
[2024-01-08T19:11:24.073+0300] {processor.py:830} INFO - Processing file /usr/local/lib/python3.10/dist-packages/airflow/example_dags/example_short_circuit_operator.py for tasks to queue
[2024-01-08T19:11:24.095+0300] {logging_mixin.py:188} INFO - [2024-01-08T19:11:24.080+0300] {dagbag.py:538} INFO - Filling up the DagBag from /usr/local/lib/python3.10/dist-packages/airflow/example_dags/example_short_circuit_operator.py
[2024-01-08T19:11:24.267+0300] {processor.py:840} INFO - DAG(s) 'example_short_circuit_operator' retrieved from /usr/local/lib/python3.10/dist-packages/airflow/example_dags/example_short_circuit_operator.py
[2024-01-08T19:11:25.224+0300] {logging_mixin.py:188} INFO - [2024-01-08T19:11:25.224+0300] {dag.py:3033} INFO - Sync 1 DAGs
[2024-01-08T19:11:25.640+0300] {logging_mixin.py:188} INFO - [2024-01-08T19:11:25.639+0300] {dag.py:3820} INFO - Setting next_dagrun for example_short_circuit_operator to 2024-01-07T00:00:00+00:00, run_after=2024-01-08T00:00:00+00:00
[2024-01-08T19:11:26.035+0300] {processor.py:183} INFO - Processing /usr/local/lib/python3.10/dist-packages/airflow/example_dags/example_short_circuit_operator.py took 2.064 seconds
[2024-01-08T19:12:08.008+0300] {processor.py:161} INFO - Started process (PID=33816) to work on /usr/local/lib/python3.10/dist-packages/airflow/example_dags/example_short_circuit_operator.py
[2024-01-08T19:12:08.013+0300] {processor.py:830} INFO - Processing file /usr/local/lib/python3.10/dist-packages/airflow/example_dags/example_short_circuit_operator.py for tasks to queue
[2024-01-08T19:12:08.016+0300] {logging_mixin.py:188} INFO - [2024-01-08T19:12:08.015+0300] {dagbag.py:538} INFO - Filling up the DagBag from /usr/local/lib/python3.10/dist-packages/airflow/example_dags/example_short_circuit_operator.py
[2024-01-08T19:12:08.064+0300] {processor.py:840} INFO - DAG(s) 'example_short_circuit_operator' retrieved from /usr/local/lib/python3.10/dist-packages/airflow/example_dags/example_short_circuit_operator.py
[2024-01-08T19:12:08.368+0300] {logging_mixin.py:188} INFO - [2024-01-08T19:12:08.368+0300] {dag.py:3033} INFO - Sync 1 DAGs
[2024-01-08T19:12:08.506+0300] {logging_mixin.py:188} INFO - [2024-01-08T19:12:08.506+0300] {dag.py:3820} INFO - Setting next_dagrun for example_short_circuit_operator to 2024-01-07T00:00:00+00:00, run_after=2024-01-08T00:00:00+00:00
[2024-01-08T19:12:08.619+0300] {processor.py:183} INFO - Processing /usr/local/lib/python3.10/dist-packages/airflow/example_dags/example_short_circuit_operator.py took 0.629 seconds
