[2024-01-08T17:37:19.176+0300] {processor.py:161} INFO - Started process (PID=5561) to work on /usr/local/lib/python3.10/dist-packages/airflow/example_dags/example_sensor_decorator.py
[2024-01-08T17:37:19.179+0300] {processor.py:830} INFO - Processing file /usr/local/lib/python3.10/dist-packages/airflow/example_dags/example_sensor_decorator.py for tasks to queue
[2024-01-08T17:37:19.183+0300] {logging_mixin.py:188} INFO - [2024-01-08T17:37:19.182+0300] {dagbag.py:538} INFO - Filling up the DagBag from /usr/local/lib/python3.10/dist-packages/airflow/example_dags/example_sensor_decorator.py
[2024-01-08T17:37:19.236+0300] {processor.py:840} INFO - DAG(s) 'example_sensor_decorator' retrieved from /usr/local/lib/python3.10/dist-packages/airflow/example_dags/example_sensor_decorator.py
[2024-01-08T17:37:19.400+0300] {logging_mixin.py:188} INFO - [2024-01-08T17:37:19.400+0300] {dag.py:3033} INFO - Sync 1 DAGs
[2024-01-08T17:37:19.478+0300] {logging_mixin.py:188} INFO - [2024-01-08T17:37:19.478+0300] {dag.py:3820} INFO - Setting next_dagrun for example_sensor_decorator to None, run_after=None
[2024-01-08T17:37:19.634+0300] {processor.py:183} INFO - Processing /usr/local/lib/python3.10/dist-packages/airflow/example_dags/example_sensor_decorator.py took 0.482 seconds
[2024-01-08T17:37:50.448+0300] {processor.py:161} INFO - Started process (PID=5912) to work on /usr/local/lib/python3.10/dist-packages/airflow/example_dags/example_sensor_decorator.py
[2024-01-08T17:37:50.452+0300] {processor.py:830} INFO - Processing file /usr/local/lib/python3.10/dist-packages/airflow/example_dags/example_sensor_decorator.py for tasks to queue
[2024-01-08T17:37:50.454+0300] {logging_mixin.py:188} INFO - [2024-01-08T17:37:50.453+0300] {dagbag.py:538} INFO - Filling up the DagBag from /usr/local/lib/python3.10/dist-packages/airflow/example_dags/example_sensor_decorator.py
[2024-01-08T17:37:50.473+0300] {processor.py:840} INFO - DAG(s) 'example_sensor_decorator' retrieved from /usr/local/lib/python3.10/dist-packages/airflow/example_dags/example_sensor_decorator.py
[2024-01-08T17:37:50.586+0300] {logging_mixin.py:188} INFO - [2024-01-08T17:37:50.585+0300] {dag.py:3033} INFO - Sync 1 DAGs
[2024-01-08T17:37:50.626+0300] {logging_mixin.py:188} INFO - [2024-01-08T17:37:50.626+0300] {dag.py:3820} INFO - Setting next_dagrun for example_sensor_decorator to None, run_after=None
[2024-01-08T17:37:50.715+0300] {processor.py:183} INFO - Processing /usr/local/lib/python3.10/dist-packages/airflow/example_dags/example_sensor_decorator.py took 0.277 seconds
[2024-01-08T17:38:21.116+0300] {processor.py:161} INFO - Started process (PID=6226) to work on /usr/local/lib/python3.10/dist-packages/airflow/example_dags/example_sensor_decorator.py
[2024-01-08T17:38:21.124+0300] {processor.py:830} INFO - Processing file /usr/local/lib/python3.10/dist-packages/airflow/example_dags/example_sensor_decorator.py for tasks to queue
[2024-01-08T17:38:21.126+0300] {logging_mixin.py:188} INFO - [2024-01-08T17:38:21.125+0300] {dagbag.py:538} INFO - Filling up the DagBag from /usr/local/lib/python3.10/dist-packages/airflow/example_dags/example_sensor_decorator.py
[2024-01-08T17:38:21.152+0300] {processor.py:840} INFO - DAG(s) 'example_sensor_decorator' retrieved from /usr/local/lib/python3.10/dist-packages/airflow/example_dags/example_sensor_decorator.py
[2024-01-08T17:38:21.256+0300] {logging_mixin.py:188} INFO - [2024-01-08T17:38:21.256+0300] {dag.py:3033} INFO - Sync 1 DAGs
[2024-01-08T17:38:21.309+0300] {logging_mixin.py:188} INFO - [2024-01-08T17:38:21.309+0300] {dag.py:3820} INFO - Setting next_dagrun for example_sensor_decorator to None, run_after=None
[2024-01-08T17:38:21.360+0300] {processor.py:183} INFO - Processing /usr/local/lib/python3.10/dist-packages/airflow/example_dags/example_sensor_decorator.py took 0.267 seconds
[2024-01-08T18:15:21.513+0300] {processor.py:161} INFO - Started process (PID=7499) to work on /usr/local/lib/python3.10/dist-packages/airflow/example_dags/example_sensor_decorator.py
[2024-01-08T18:15:21.516+0300] {processor.py:830} INFO - Processing file /usr/local/lib/python3.10/dist-packages/airflow/example_dags/example_sensor_decorator.py for tasks to queue
[2024-01-08T18:15:21.517+0300] {logging_mixin.py:188} INFO - [2024-01-08T18:15:21.517+0300] {dagbag.py:538} INFO - Filling up the DagBag from /usr/local/lib/python3.10/dist-packages/airflow/example_dags/example_sensor_decorator.py
[2024-01-08T18:15:21.541+0300] {processor.py:840} INFO - DAG(s) 'example_sensor_decorator' retrieved from /usr/local/lib/python3.10/dist-packages/airflow/example_dags/example_sensor_decorator.py
[2024-01-08T18:15:21.668+0300] {logging_mixin.py:188} INFO - [2024-01-08T18:15:21.668+0300] {dag.py:3033} INFO - Sync 1 DAGs
[2024-01-08T18:15:21.705+0300] {logging_mixin.py:188} INFO - [2024-01-08T18:15:21.704+0300] {dag.py:3820} INFO - Setting next_dagrun for example_sensor_decorator to None, run_after=None
[2024-01-08T18:15:21.758+0300] {processor.py:183} INFO - Processing /usr/local/lib/python3.10/dist-packages/airflow/example_dags/example_sensor_decorator.py took 0.257 seconds
[2024-01-08T18:15:53.828+0300] {processor.py:161} INFO - Started process (PID=7837) to work on /usr/local/lib/python3.10/dist-packages/airflow/example_dags/example_sensor_decorator.py
[2024-01-08T18:15:53.831+0300] {processor.py:830} INFO - Processing file /usr/local/lib/python3.10/dist-packages/airflow/example_dags/example_sensor_decorator.py for tasks to queue
[2024-01-08T18:15:53.833+0300] {logging_mixin.py:188} INFO - [2024-01-08T18:15:53.832+0300] {dagbag.py:538} INFO - Filling up the DagBag from /usr/local/lib/python3.10/dist-packages/airflow/example_dags/example_sensor_decorator.py
[2024-01-08T18:15:53.847+0300] {processor.py:840} INFO - DAG(s) 'example_sensor_decorator' retrieved from /usr/local/lib/python3.10/dist-packages/airflow/example_dags/example_sensor_decorator.py
[2024-01-08T18:15:53.930+0300] {logging_mixin.py:188} INFO - [2024-01-08T18:15:53.929+0300] {dag.py:3033} INFO - Sync 1 DAGs
[2024-01-08T18:15:53.957+0300] {logging_mixin.py:188} INFO - [2024-01-08T18:15:53.956+0300] {dag.py:3820} INFO - Setting next_dagrun for example_sensor_decorator to None, run_after=None
[2024-01-08T18:15:54.011+0300] {processor.py:183} INFO - Processing /usr/local/lib/python3.10/dist-packages/airflow/example_dags/example_sensor_decorator.py took 0.193 seconds
[2024-01-08T18:29:46.316+0300] {processor.py:161} INFO - Started process (PID=8792) to work on /usr/local/lib/python3.10/dist-packages/airflow/example_dags/example_sensor_decorator.py
[2024-01-08T18:29:46.420+0300] {processor.py:830} INFO - Processing file /usr/local/lib/python3.10/dist-packages/airflow/example_dags/example_sensor_decorator.py for tasks to queue
[2024-01-08T18:29:46.423+0300] {logging_mixin.py:188} INFO - [2024-01-08T18:29:46.422+0300] {dagbag.py:538} INFO - Filling up the DagBag from /usr/local/lib/python3.10/dist-packages/airflow/example_dags/example_sensor_decorator.py
[2024-01-08T18:29:46.830+0300] {processor.py:840} INFO - DAG(s) 'example_sensor_decorator' retrieved from /usr/local/lib/python3.10/dist-packages/airflow/example_dags/example_sensor_decorator.py
[2024-01-08T18:29:48.488+0300] {logging_mixin.py:188} INFO - [2024-01-08T18:29:48.487+0300] {dag.py:3033} INFO - Sync 1 DAGs
[2024-01-08T18:29:50.088+0300] {logging_mixin.py:188} INFO - [2024-01-08T18:29:50.088+0300] {dag.py:3820} INFO - Setting next_dagrun for example_sensor_decorator to None, run_after=None
[2024-01-08T18:29:51.674+0300] {processor.py:183} INFO - Processing /usr/local/lib/python3.10/dist-packages/airflow/example_dags/example_sensor_decorator.py took 5.804 seconds
[2024-01-08T18:33:10.671+0300] {processor.py:161} INFO - Started process (PID=10085) to work on /usr/local/lib/python3.10/dist-packages/airflow/example_dags/example_sensor_decorator.py
[2024-01-08T18:33:10.916+0300] {processor.py:830} INFO - Processing file /usr/local/lib/python3.10/dist-packages/airflow/example_dags/example_sensor_decorator.py for tasks to queue
[2024-01-08T18:33:10.918+0300] {logging_mixin.py:188} INFO - [2024-01-08T18:33:10.917+0300] {dagbag.py:538} INFO - Filling up the DagBag from /usr/local/lib/python3.10/dist-packages/airflow/example_dags/example_sensor_decorator.py
[2024-01-08T18:33:11.792+0300] {processor.py:840} INFO - DAG(s) 'example_sensor_decorator' retrieved from /usr/local/lib/python3.10/dist-packages/airflow/example_dags/example_sensor_decorator.py
[2024-01-08T18:33:15.539+0300] {logging_mixin.py:188} INFO - [2024-01-08T18:33:15.538+0300] {dag.py:3033} INFO - Sync 1 DAGs
[2024-01-08T18:33:16.334+0300] {logging_mixin.py:188} INFO - [2024-01-08T18:33:16.334+0300] {dag.py:3820} INFO - Setting next_dagrun for example_sensor_decorator to None, run_after=None
[2024-01-08T18:33:16.823+0300] {processor.py:183} INFO - Processing /usr/local/lib/python3.10/dist-packages/airflow/example_dags/example_sensor_decorator.py took 6.632 seconds
[2024-01-08T18:36:01.197+0300] {processor.py:161} INFO - Started process (PID=11135) to work on /usr/local/lib/python3.10/dist-packages/airflow/example_dags/example_sensor_decorator.py
[2024-01-08T18:36:01.264+0300] {processor.py:830} INFO - Processing file /usr/local/lib/python3.10/dist-packages/airflow/example_dags/example_sensor_decorator.py for tasks to queue
[2024-01-08T18:36:01.267+0300] {logging_mixin.py:188} INFO - [2024-01-08T18:36:01.266+0300] {dagbag.py:538} INFO - Filling up the DagBag from /usr/local/lib/python3.10/dist-packages/airflow/example_dags/example_sensor_decorator.py
[2024-01-08T18:36:01.532+0300] {processor.py:840} INFO - DAG(s) 'example_sensor_decorator' retrieved from /usr/local/lib/python3.10/dist-packages/airflow/example_dags/example_sensor_decorator.py
[2024-01-08T18:36:03.053+0300] {logging_mixin.py:188} INFO - [2024-01-08T18:36:03.053+0300] {dag.py:3033} INFO - Sync 1 DAGs
[2024-01-08T18:36:03.683+0300] {logging_mixin.py:188} INFO - [2024-01-08T18:36:03.683+0300] {dag.py:3820} INFO - Setting next_dagrun for example_sensor_decorator to None, run_after=None
[2024-01-08T18:36:04.272+0300] {processor.py:183} INFO - Processing /usr/local/lib/python3.10/dist-packages/airflow/example_dags/example_sensor_decorator.py took 3.324 seconds
[2024-01-08T18:37:55.958+0300] {processor.py:161} INFO - Started process (PID=11940) to work on /usr/local/lib/python3.10/dist-packages/airflow/example_dags/example_sensor_decorator.py
[2024-01-08T18:37:55.969+0300] {processor.py:830} INFO - Processing file /usr/local/lib/python3.10/dist-packages/airflow/example_dags/example_sensor_decorator.py for tasks to queue
[2024-01-08T18:37:55.973+0300] {logging_mixin.py:188} INFO - [2024-01-08T18:37:55.972+0300] {dagbag.py:538} INFO - Filling up the DagBag from /usr/local/lib/python3.10/dist-packages/airflow/example_dags/example_sensor_decorator.py
[2024-01-08T18:37:56.153+0300] {processor.py:840} INFO - DAG(s) 'example_sensor_decorator' retrieved from /usr/local/lib/python3.10/dist-packages/airflow/example_dags/example_sensor_decorator.py
[2024-01-08T18:37:56.985+0300] {logging_mixin.py:188} INFO - [2024-01-08T18:37:56.985+0300] {dag.py:3033} INFO - Sync 1 DAGs
[2024-01-08T18:37:57.367+0300] {logging_mixin.py:188} INFO - [2024-01-08T18:37:57.367+0300] {dag.py:3820} INFO - Setting next_dagrun for example_sensor_decorator to None, run_after=None
[2024-01-08T18:37:58.082+0300] {processor.py:183} INFO - Processing /usr/local/lib/python3.10/dist-packages/airflow/example_dags/example_sensor_decorator.py took 2.256 seconds
[2024-01-08T18:40:59.448+0300] {processor.py:161} INFO - Started process (PID=13159) to work on /usr/local/lib/python3.10/dist-packages/airflow/example_dags/example_sensor_decorator.py
[2024-01-08T18:40:59.479+0300] {processor.py:830} INFO - Processing file /usr/local/lib/python3.10/dist-packages/airflow/example_dags/example_sensor_decorator.py for tasks to queue
[2024-01-08T18:40:59.513+0300] {logging_mixin.py:188} INFO - [2024-01-08T18:40:59.484+0300] {dagbag.py:538} INFO - Filling up the DagBag from /usr/local/lib/python3.10/dist-packages/airflow/example_dags/example_sensor_decorator.py
[2024-01-08T18:40:59.674+0300] {processor.py:840} INFO - DAG(s) 'example_sensor_decorator' retrieved from /usr/local/lib/python3.10/dist-packages/airflow/example_dags/example_sensor_decorator.py
[2024-01-08T18:41:00.554+0300] {logging_mixin.py:188} INFO - [2024-01-08T18:41:00.553+0300] {dag.py:3033} INFO - Sync 1 DAGs
[2024-01-08T18:41:00.859+0300] {logging_mixin.py:188} INFO - [2024-01-08T18:41:00.858+0300] {dag.py:3820} INFO - Setting next_dagrun for example_sensor_decorator to None, run_after=None
[2024-01-08T18:41:01.472+0300] {processor.py:183} INFO - Processing /usr/local/lib/python3.10/dist-packages/airflow/example_dags/example_sensor_decorator.py took 2.090 seconds
[2024-01-08T18:41:59.648+0300] {processor.py:161} INFO - Started process (PID=13779) to work on /usr/local/lib/python3.10/dist-packages/airflow/example_dags/example_sensor_decorator.py
[2024-01-08T18:41:59.678+0300] {processor.py:830} INFO - Processing file /usr/local/lib/python3.10/dist-packages/airflow/example_dags/example_sensor_decorator.py for tasks to queue
[2024-01-08T18:41:59.701+0300] {logging_mixin.py:188} INFO - [2024-01-08T18:41:59.700+0300] {dagbag.py:538} INFO - Filling up the DagBag from /usr/local/lib/python3.10/dist-packages/airflow/example_dags/example_sensor_decorator.py
[2024-01-08T18:41:59.951+0300] {processor.py:840} INFO - DAG(s) 'example_sensor_decorator' retrieved from /usr/local/lib/python3.10/dist-packages/airflow/example_dags/example_sensor_decorator.py
[2024-01-08T18:42:00.675+0300] {logging_mixin.py:188} INFO - [2024-01-08T18:42:00.675+0300] {dag.py:3033} INFO - Sync 1 DAGs
[2024-01-08T18:42:00.874+0300] {logging_mixin.py:188} INFO - [2024-01-08T18:42:00.873+0300] {dag.py:3820} INFO - Setting next_dagrun for example_sensor_decorator to None, run_after=None
[2024-01-08T18:42:01.336+0300] {processor.py:183} INFO - Processing /usr/local/lib/python3.10/dist-packages/airflow/example_dags/example_sensor_decorator.py took 1.894 seconds
[2024-01-08T18:42:32.221+0300] {processor.py:161} INFO - Started process (PID=14188) to work on /usr/local/lib/python3.10/dist-packages/airflow/example_dags/example_sensor_decorator.py
[2024-01-08T18:42:32.237+0300] {processor.py:830} INFO - Processing file /usr/local/lib/python3.10/dist-packages/airflow/example_dags/example_sensor_decorator.py for tasks to queue
[2024-01-08T18:42:32.239+0300] {logging_mixin.py:188} INFO - [2024-01-08T18:42:32.239+0300] {dagbag.py:538} INFO - Filling up the DagBag from /usr/local/lib/python3.10/dist-packages/airflow/example_dags/example_sensor_decorator.py
[2024-01-08T18:42:32.267+0300] {processor.py:840} INFO - DAG(s) 'example_sensor_decorator' retrieved from /usr/local/lib/python3.10/dist-packages/airflow/example_dags/example_sensor_decorator.py
[2024-01-08T18:42:32.616+0300] {logging_mixin.py:188} INFO - [2024-01-08T18:42:32.615+0300] {dag.py:3033} INFO - Sync 1 DAGs
[2024-01-08T18:42:32.753+0300] {logging_mixin.py:188} INFO - [2024-01-08T18:42:32.752+0300] {dag.py:3820} INFO - Setting next_dagrun for example_sensor_decorator to None, run_after=None
[2024-01-08T18:42:32.963+0300] {processor.py:183} INFO - Processing /usr/local/lib/python3.10/dist-packages/airflow/example_dags/example_sensor_decorator.py took 0.752 seconds
[2024-01-08T18:43:08.504+0300] {processor.py:161} INFO - Started process (PID=14624) to work on /usr/local/lib/python3.10/dist-packages/airflow/example_dags/example_sensor_decorator.py
[2024-01-08T18:43:08.508+0300] {processor.py:830} INFO - Processing file /usr/local/lib/python3.10/dist-packages/airflow/example_dags/example_sensor_decorator.py for tasks to queue
[2024-01-08T18:43:08.510+0300] {logging_mixin.py:188} INFO - [2024-01-08T18:43:08.509+0300] {dagbag.py:538} INFO - Filling up the DagBag from /usr/local/lib/python3.10/dist-packages/airflow/example_dags/example_sensor_decorator.py
[2024-01-08T18:43:08.539+0300] {processor.py:840} INFO - DAG(s) 'example_sensor_decorator' retrieved from /usr/local/lib/python3.10/dist-packages/airflow/example_dags/example_sensor_decorator.py
[2024-01-08T18:43:08.625+0300] {logging_mixin.py:188} INFO - [2024-01-08T18:43:08.624+0300] {dag.py:3033} INFO - Sync 1 DAGs
[2024-01-08T18:43:08.660+0300] {logging_mixin.py:188} INFO - [2024-01-08T18:43:08.659+0300] {dag.py:3820} INFO - Setting next_dagrun for example_sensor_decorator to None, run_after=None
[2024-01-08T18:43:08.712+0300] {processor.py:183} INFO - Processing /usr/local/lib/python3.10/dist-packages/airflow/example_dags/example_sensor_decorator.py took 0.221 seconds
[2024-01-08T18:43:39.160+0300] {processor.py:161} INFO - Started process (PID=14935) to work on /usr/local/lib/python3.10/dist-packages/airflow/example_dags/example_sensor_decorator.py
[2024-01-08T18:43:39.163+0300] {processor.py:830} INFO - Processing file /usr/local/lib/python3.10/dist-packages/airflow/example_dags/example_sensor_decorator.py for tasks to queue
[2024-01-08T18:43:39.165+0300] {logging_mixin.py:188} INFO - [2024-01-08T18:43:39.164+0300] {dagbag.py:538} INFO - Filling up the DagBag from /usr/local/lib/python3.10/dist-packages/airflow/example_dags/example_sensor_decorator.py
[2024-01-08T18:43:39.206+0300] {processor.py:840} INFO - DAG(s) 'example_sensor_decorator' retrieved from /usr/local/lib/python3.10/dist-packages/airflow/example_dags/example_sensor_decorator.py
[2024-01-08T18:43:39.438+0300] {logging_mixin.py:188} INFO - [2024-01-08T18:43:39.438+0300] {dag.py:3033} INFO - Sync 1 DAGs
[2024-01-08T18:43:39.540+0300] {logging_mixin.py:188} INFO - [2024-01-08T18:43:39.540+0300] {dag.py:3820} INFO - Setting next_dagrun for example_sensor_decorator to None, run_after=None
[2024-01-08T18:43:39.678+0300] {processor.py:183} INFO - Processing /usr/local/lib/python3.10/dist-packages/airflow/example_dags/example_sensor_decorator.py took 0.532 seconds
[2024-01-08T18:44:10.283+0300] {processor.py:161} INFO - Started process (PID=15253) to work on /usr/local/lib/python3.10/dist-packages/airflow/example_dags/example_sensor_decorator.py
[2024-01-08T18:44:10.296+0300] {processor.py:830} INFO - Processing file /usr/local/lib/python3.10/dist-packages/airflow/example_dags/example_sensor_decorator.py for tasks to queue
[2024-01-08T18:44:10.299+0300] {logging_mixin.py:188} INFO - [2024-01-08T18:44:10.298+0300] {dagbag.py:538} INFO - Filling up the DagBag from /usr/local/lib/python3.10/dist-packages/airflow/example_dags/example_sensor_decorator.py
[2024-01-08T18:44:10.351+0300] {processor.py:840} INFO - DAG(s) 'example_sensor_decorator' retrieved from /usr/local/lib/python3.10/dist-packages/airflow/example_dags/example_sensor_decorator.py
[2024-01-08T18:44:10.575+0300] {logging_mixin.py:188} INFO - [2024-01-08T18:44:10.574+0300] {dag.py:3033} INFO - Sync 1 DAGs
[2024-01-08T18:44:10.676+0300] {logging_mixin.py:188} INFO - [2024-01-08T18:44:10.675+0300] {dag.py:3820} INFO - Setting next_dagrun for example_sensor_decorator to None, run_after=None
[2024-01-08T18:44:10.810+0300] {processor.py:183} INFO - Processing /usr/local/lib/python3.10/dist-packages/airflow/example_dags/example_sensor_decorator.py took 0.572 seconds
[2024-01-08T18:44:41.230+0300] {processor.py:161} INFO - Started process (PID=15550) to work on /usr/local/lib/python3.10/dist-packages/airflow/example_dags/example_sensor_decorator.py
[2024-01-08T18:44:41.232+0300] {processor.py:830} INFO - Processing file /usr/local/lib/python3.10/dist-packages/airflow/example_dags/example_sensor_decorator.py for tasks to queue
[2024-01-08T18:44:41.234+0300] {logging_mixin.py:188} INFO - [2024-01-08T18:44:41.233+0300] {dagbag.py:538} INFO - Filling up the DagBag from /usr/local/lib/python3.10/dist-packages/airflow/example_dags/example_sensor_decorator.py
[2024-01-08T18:44:41.260+0300] {processor.py:840} INFO - DAG(s) 'example_sensor_decorator' retrieved from /usr/local/lib/python3.10/dist-packages/airflow/example_dags/example_sensor_decorator.py
[2024-01-08T18:44:41.365+0300] {logging_mixin.py:188} INFO - [2024-01-08T18:44:41.364+0300] {dag.py:3033} INFO - Sync 1 DAGs
[2024-01-08T18:44:41.420+0300] {logging_mixin.py:188} INFO - [2024-01-08T18:44:41.419+0300] {dag.py:3820} INFO - Setting next_dagrun for example_sensor_decorator to None, run_after=None
[2024-01-08T18:44:41.480+0300] {processor.py:183} INFO - Processing /usr/local/lib/python3.10/dist-packages/airflow/example_dags/example_sensor_decorator.py took 0.258 seconds
[2024-01-08T18:45:13.305+0300] {processor.py:161} INFO - Started process (PID=15927) to work on /usr/local/lib/python3.10/dist-packages/airflow/example_dags/example_sensor_decorator.py
[2024-01-08T18:45:13.309+0300] {processor.py:830} INFO - Processing file /usr/local/lib/python3.10/dist-packages/airflow/example_dags/example_sensor_decorator.py for tasks to queue
[2024-01-08T18:45:13.311+0300] {logging_mixin.py:188} INFO - [2024-01-08T18:45:13.310+0300] {dagbag.py:538} INFO - Filling up the DagBag from /usr/local/lib/python3.10/dist-packages/airflow/example_dags/example_sensor_decorator.py
[2024-01-08T18:45:13.356+0300] {processor.py:840} INFO - DAG(s) 'example_sensor_decorator' retrieved from /usr/local/lib/python3.10/dist-packages/airflow/example_dags/example_sensor_decorator.py
[2024-01-08T18:45:13.487+0300] {logging_mixin.py:188} INFO - [2024-01-08T18:45:13.486+0300] {dag.py:3033} INFO - Sync 1 DAGs
[2024-01-08T18:45:13.557+0300] {logging_mixin.py:188} INFO - [2024-01-08T18:45:13.557+0300] {dag.py:3820} INFO - Setting next_dagrun for example_sensor_decorator to None, run_after=None
[2024-01-08T18:45:13.721+0300] {processor.py:183} INFO - Processing /usr/local/lib/python3.10/dist-packages/airflow/example_dags/example_sensor_decorator.py took 0.439 seconds
[2024-01-08T18:45:58.064+0300] {processor.py:161} INFO - Started process (PID=16412) to work on /usr/local/lib/python3.10/dist-packages/airflow/example_dags/example_sensor_decorator.py
[2024-01-08T18:45:58.083+0300] {processor.py:830} INFO - Processing file /usr/local/lib/python3.10/dist-packages/airflow/example_dags/example_sensor_decorator.py for tasks to queue
[2024-01-08T18:45:58.085+0300] {logging_mixin.py:188} INFO - [2024-01-08T18:45:58.084+0300] {dagbag.py:538} INFO - Filling up the DagBag from /usr/local/lib/python3.10/dist-packages/airflow/example_dags/example_sensor_decorator.py
[2024-01-08T18:45:58.162+0300] {processor.py:840} INFO - DAG(s) 'example_sensor_decorator' retrieved from /usr/local/lib/python3.10/dist-packages/airflow/example_dags/example_sensor_decorator.py
[2024-01-08T18:45:58.699+0300] {logging_mixin.py:188} INFO - [2024-01-08T18:45:58.698+0300] {dag.py:3033} INFO - Sync 1 DAGs
[2024-01-08T18:45:58.761+0300] {logging_mixin.py:188} INFO - [2024-01-08T18:45:58.761+0300] {dag.py:3820} INFO - Setting next_dagrun for example_sensor_decorator to None, run_after=None
[2024-01-08T18:45:59.158+0300] {processor.py:183} INFO - Processing /usr/local/lib/python3.10/dist-packages/airflow/example_dags/example_sensor_decorator.py took 1.144 seconds
[2024-01-08T18:46:44.130+0300] {processor.py:161} INFO - Started process (PID=16938) to work on /usr/local/lib/python3.10/dist-packages/airflow/example_dags/example_sensor_decorator.py
[2024-01-08T18:46:44.137+0300] {processor.py:830} INFO - Processing file /usr/local/lib/python3.10/dist-packages/airflow/example_dags/example_sensor_decorator.py for tasks to queue
[2024-01-08T18:46:44.139+0300] {logging_mixin.py:188} INFO - [2024-01-08T18:46:44.138+0300] {dagbag.py:538} INFO - Filling up the DagBag from /usr/local/lib/python3.10/dist-packages/airflow/example_dags/example_sensor_decorator.py
[2024-01-08T18:46:44.226+0300] {processor.py:840} INFO - DAG(s) 'example_sensor_decorator' retrieved from /usr/local/lib/python3.10/dist-packages/airflow/example_dags/example_sensor_decorator.py
[2024-01-08T18:46:44.350+0300] {logging_mixin.py:188} INFO - [2024-01-08T18:46:44.349+0300] {dag.py:3033} INFO - Sync 1 DAGs
[2024-01-08T18:46:44.423+0300] {logging_mixin.py:188} INFO - [2024-01-08T18:46:44.422+0300] {dag.py:3820} INFO - Setting next_dagrun for example_sensor_decorator to None, run_after=None
[2024-01-08T18:46:44.530+0300] {processor.py:183} INFO - Processing /usr/local/lib/python3.10/dist-packages/airflow/example_dags/example_sensor_decorator.py took 0.467 seconds
[2024-01-08T18:47:15.035+0300] {processor.py:161} INFO - Started process (PID=17321) to work on /usr/local/lib/python3.10/dist-packages/airflow/example_dags/example_sensor_decorator.py
[2024-01-08T18:47:15.037+0300] {processor.py:830} INFO - Processing file /usr/local/lib/python3.10/dist-packages/airflow/example_dags/example_sensor_decorator.py for tasks to queue
[2024-01-08T18:47:15.039+0300] {logging_mixin.py:188} INFO - [2024-01-08T18:47:15.038+0300] {dagbag.py:538} INFO - Filling up the DagBag from /usr/local/lib/python3.10/dist-packages/airflow/example_dags/example_sensor_decorator.py
[2024-01-08T18:47:15.059+0300] {processor.py:840} INFO - DAG(s) 'example_sensor_decorator' retrieved from /usr/local/lib/python3.10/dist-packages/airflow/example_dags/example_sensor_decorator.py
[2024-01-08T18:47:15.160+0300] {logging_mixin.py:188} INFO - [2024-01-08T18:47:15.159+0300] {dag.py:3033} INFO - Sync 1 DAGs
[2024-01-08T18:47:15.206+0300] {logging_mixin.py:188} INFO - [2024-01-08T18:47:15.206+0300] {dag.py:3820} INFO - Setting next_dagrun for example_sensor_decorator to None, run_after=None
[2024-01-08T18:47:15.256+0300] {processor.py:183} INFO - Processing /usr/local/lib/python3.10/dist-packages/airflow/example_dags/example_sensor_decorator.py took 0.231 seconds
[2024-01-08T18:47:45.433+0300] {processor.py:161} INFO - Started process (PID=17661) to work on /usr/local/lib/python3.10/dist-packages/airflow/example_dags/example_sensor_decorator.py
[2024-01-08T18:47:45.444+0300] {processor.py:830} INFO - Processing file /usr/local/lib/python3.10/dist-packages/airflow/example_dags/example_sensor_decorator.py for tasks to queue
[2024-01-08T18:47:45.446+0300] {logging_mixin.py:188} INFO - [2024-01-08T18:47:45.446+0300] {dagbag.py:538} INFO - Filling up the DagBag from /usr/local/lib/python3.10/dist-packages/airflow/example_dags/example_sensor_decorator.py
[2024-01-08T18:47:45.473+0300] {processor.py:840} INFO - DAG(s) 'example_sensor_decorator' retrieved from /usr/local/lib/python3.10/dist-packages/airflow/example_dags/example_sensor_decorator.py
[2024-01-08T18:47:45.564+0300] {logging_mixin.py:188} INFO - [2024-01-08T18:47:45.563+0300] {dag.py:3033} INFO - Sync 1 DAGs
[2024-01-08T18:47:45.593+0300] {logging_mixin.py:188} INFO - [2024-01-08T18:47:45.592+0300] {dag.py:3820} INFO - Setting next_dagrun for example_sensor_decorator to None, run_after=None
[2024-01-08T18:47:45.639+0300] {processor.py:183} INFO - Processing /usr/local/lib/python3.10/dist-packages/airflow/example_dags/example_sensor_decorator.py took 0.228 seconds
[2024-01-08T18:48:25.893+0300] {processor.py:161} INFO - Started process (PID=18082) to work on /usr/local/lib/python3.10/dist-packages/airflow/example_dags/example_sensor_decorator.py
[2024-01-08T18:48:25.927+0300] {processor.py:830} INFO - Processing file /usr/local/lib/python3.10/dist-packages/airflow/example_dags/example_sensor_decorator.py for tasks to queue
[2024-01-08T18:48:25.929+0300] {logging_mixin.py:188} INFO - [2024-01-08T18:48:25.928+0300] {dagbag.py:538} INFO - Filling up the DagBag from /usr/local/lib/python3.10/dist-packages/airflow/example_dags/example_sensor_decorator.py
[2024-01-08T18:48:26.075+0300] {processor.py:840} INFO - DAG(s) 'example_sensor_decorator' retrieved from /usr/local/lib/python3.10/dist-packages/airflow/example_dags/example_sensor_decorator.py
[2024-01-08T18:48:26.395+0300] {logging_mixin.py:188} INFO - [2024-01-08T18:48:26.394+0300] {dag.py:3033} INFO - Sync 1 DAGs
[2024-01-08T18:48:26.487+0300] {logging_mixin.py:188} INFO - [2024-01-08T18:48:26.486+0300] {dag.py:3820} INFO - Setting next_dagrun for example_sensor_decorator to None, run_after=None
[2024-01-08T18:48:26.806+0300] {processor.py:183} INFO - Processing /usr/local/lib/python3.10/dist-packages/airflow/example_dags/example_sensor_decorator.py took 0.968 seconds
[2024-01-08T18:48:57.163+0300] {processor.py:161} INFO - Started process (PID=18452) to work on /usr/local/lib/python3.10/dist-packages/airflow/example_dags/example_sensor_decorator.py
[2024-01-08T18:48:57.165+0300] {processor.py:830} INFO - Processing file /usr/local/lib/python3.10/dist-packages/airflow/example_dags/example_sensor_decorator.py for tasks to queue
[2024-01-08T18:48:57.168+0300] {logging_mixin.py:188} INFO - [2024-01-08T18:48:57.167+0300] {dagbag.py:538} INFO - Filling up the DagBag from /usr/local/lib/python3.10/dist-packages/airflow/example_dags/example_sensor_decorator.py
[2024-01-08T18:48:57.252+0300] {processor.py:840} INFO - DAG(s) 'example_sensor_decorator' retrieved from /usr/local/lib/python3.10/dist-packages/airflow/example_dags/example_sensor_decorator.py
[2024-01-08T18:48:57.590+0300] {logging_mixin.py:188} INFO - [2024-01-08T18:48:57.590+0300] {dag.py:3033} INFO - Sync 1 DAGs
[2024-01-08T18:48:57.742+0300] {logging_mixin.py:188} INFO - [2024-01-08T18:48:57.741+0300] {dag.py:3820} INFO - Setting next_dagrun for example_sensor_decorator to None, run_after=None
[2024-01-08T18:48:57.977+0300] {processor.py:183} INFO - Processing /usr/local/lib/python3.10/dist-packages/airflow/example_dags/example_sensor_decorator.py took 0.845 seconds
[2024-01-08T18:49:30.181+0300] {processor.py:161} INFO - Started process (PID=18882) to work on /usr/local/lib/python3.10/dist-packages/airflow/example_dags/example_sensor_decorator.py
[2024-01-08T18:49:30.196+0300] {processor.py:830} INFO - Processing file /usr/local/lib/python3.10/dist-packages/airflow/example_dags/example_sensor_decorator.py for tasks to queue
[2024-01-08T18:49:30.199+0300] {logging_mixin.py:188} INFO - [2024-01-08T18:49:30.198+0300] {dagbag.py:538} INFO - Filling up the DagBag from /usr/local/lib/python3.10/dist-packages/airflow/example_dags/example_sensor_decorator.py
[2024-01-08T18:49:30.249+0300] {processor.py:840} INFO - DAG(s) 'example_sensor_decorator' retrieved from /usr/local/lib/python3.10/dist-packages/airflow/example_dags/example_sensor_decorator.py
[2024-01-08T18:49:30.361+0300] {logging_mixin.py:188} INFO - [2024-01-08T18:49:30.360+0300] {dag.py:3033} INFO - Sync 1 DAGs
[2024-01-08T18:49:30.398+0300] {logging_mixin.py:188} INFO - [2024-01-08T18:49:30.398+0300] {dag.py:3820} INFO - Setting next_dagrun for example_sensor_decorator to None, run_after=None
[2024-01-08T18:49:30.464+0300] {processor.py:183} INFO - Processing /usr/local/lib/python3.10/dist-packages/airflow/example_dags/example_sensor_decorator.py took 0.311 seconds
[2024-01-08T18:50:01.785+0300] {processor.py:161} INFO - Started process (PID=19198) to work on /usr/local/lib/python3.10/dist-packages/airflow/example_dags/example_sensor_decorator.py
[2024-01-08T18:50:01.789+0300] {processor.py:830} INFO - Processing file /usr/local/lib/python3.10/dist-packages/airflow/example_dags/example_sensor_decorator.py for tasks to queue
[2024-01-08T18:50:01.791+0300] {logging_mixin.py:188} INFO - [2024-01-08T18:50:01.790+0300] {dagbag.py:538} INFO - Filling up the DagBag from /usr/local/lib/python3.10/dist-packages/airflow/example_dags/example_sensor_decorator.py
[2024-01-08T18:50:01.844+0300] {processor.py:840} INFO - DAG(s) 'example_sensor_decorator' retrieved from /usr/local/lib/python3.10/dist-packages/airflow/example_dags/example_sensor_decorator.py
[2024-01-08T18:50:02.089+0300] {logging_mixin.py:188} INFO - [2024-01-08T18:50:02.089+0300] {dag.py:3033} INFO - Sync 1 DAGs
[2024-01-08T18:50:02.141+0300] {logging_mixin.py:188} INFO - [2024-01-08T18:50:02.141+0300] {dag.py:3820} INFO - Setting next_dagrun for example_sensor_decorator to None, run_after=None
[2024-01-08T18:50:02.207+0300] {processor.py:183} INFO - Processing /usr/local/lib/python3.10/dist-packages/airflow/example_dags/example_sensor_decorator.py took 0.450 seconds
[2024-01-08T18:50:32.363+0300] {processor.py:161} INFO - Started process (PID=19514) to work on /usr/local/lib/python3.10/dist-packages/airflow/example_dags/example_sensor_decorator.py
[2024-01-08T18:50:32.367+0300] {processor.py:830} INFO - Processing file /usr/local/lib/python3.10/dist-packages/airflow/example_dags/example_sensor_decorator.py for tasks to queue
[2024-01-08T18:50:32.369+0300] {logging_mixin.py:188} INFO - [2024-01-08T18:50:32.368+0300] {dagbag.py:538} INFO - Filling up the DagBag from /usr/local/lib/python3.10/dist-packages/airflow/example_dags/example_sensor_decorator.py
[2024-01-08T18:50:32.393+0300] {processor.py:840} INFO - DAG(s) 'example_sensor_decorator' retrieved from /usr/local/lib/python3.10/dist-packages/airflow/example_dags/example_sensor_decorator.py
[2024-01-08T18:50:32.526+0300] {logging_mixin.py:188} INFO - [2024-01-08T18:50:32.525+0300] {dag.py:3033} INFO - Sync 1 DAGs
[2024-01-08T18:50:32.601+0300] {logging_mixin.py:188} INFO - [2024-01-08T18:50:32.601+0300] {dag.py:3820} INFO - Setting next_dagrun for example_sensor_decorator to None, run_after=None
[2024-01-08T18:50:32.698+0300] {processor.py:183} INFO - Processing /usr/local/lib/python3.10/dist-packages/airflow/example_dags/example_sensor_decorator.py took 0.348 seconds
[2024-01-08T18:51:08.224+0300] {processor.py:161} INFO - Started process (PID=19858) to work on /usr/local/lib/python3.10/dist-packages/airflow/example_dags/example_sensor_decorator.py
[2024-01-08T18:51:08.232+0300] {processor.py:830} INFO - Processing file /usr/local/lib/python3.10/dist-packages/airflow/example_dags/example_sensor_decorator.py for tasks to queue
[2024-01-08T18:51:08.260+0300] {logging_mixin.py:188} INFO - [2024-01-08T18:51:08.236+0300] {dagbag.py:538} INFO - Filling up the DagBag from /usr/local/lib/python3.10/dist-packages/airflow/example_dags/example_sensor_decorator.py
[2024-01-08T18:51:08.337+0300] {processor.py:840} INFO - DAG(s) 'example_sensor_decorator' retrieved from /usr/local/lib/python3.10/dist-packages/airflow/example_dags/example_sensor_decorator.py
[2024-01-08T18:51:08.745+0300] {logging_mixin.py:188} INFO - [2024-01-08T18:51:08.744+0300] {dag.py:3033} INFO - Sync 1 DAGs
[2024-01-08T18:51:08.874+0300] {logging_mixin.py:188} INFO - [2024-01-08T18:51:08.873+0300] {dag.py:3820} INFO - Setting next_dagrun for example_sensor_decorator to None, run_after=None
[2024-01-08T18:51:09.041+0300] {processor.py:183} INFO - Processing /usr/local/lib/python3.10/dist-packages/airflow/example_dags/example_sensor_decorator.py took 0.852 seconds
[2024-01-08T18:51:41.042+0300] {processor.py:161} INFO - Started process (PID=20236) to work on /usr/local/lib/python3.10/dist-packages/airflow/example_dags/example_sensor_decorator.py
[2024-01-08T18:51:41.055+0300] {processor.py:830} INFO - Processing file /usr/local/lib/python3.10/dist-packages/airflow/example_dags/example_sensor_decorator.py for tasks to queue
[2024-01-08T18:51:41.068+0300] {logging_mixin.py:188} INFO - [2024-01-08T18:51:41.067+0300] {dagbag.py:538} INFO - Filling up the DagBag from /usr/local/lib/python3.10/dist-packages/airflow/example_dags/example_sensor_decorator.py
[2024-01-08T18:51:41.158+0300] {processor.py:840} INFO - DAG(s) 'example_sensor_decorator' retrieved from /usr/local/lib/python3.10/dist-packages/airflow/example_dags/example_sensor_decorator.py
[2024-01-08T18:51:41.586+0300] {logging_mixin.py:188} INFO - [2024-01-08T18:51:41.585+0300] {dag.py:3033} INFO - Sync 1 DAGs
[2024-01-08T18:51:41.819+0300] {logging_mixin.py:188} INFO - [2024-01-08T18:51:41.818+0300] {dag.py:3820} INFO - Setting next_dagrun for example_sensor_decorator to None, run_after=None
[2024-01-08T18:51:42.064+0300] {processor.py:183} INFO - Processing /usr/local/lib/python3.10/dist-packages/airflow/example_dags/example_sensor_decorator.py took 1.077 seconds
[2024-01-08T18:52:32.292+0300] {processor.py:161} INFO - Started process (PID=20783) to work on /usr/local/lib/python3.10/dist-packages/airflow/example_dags/example_sensor_decorator.py
[2024-01-08T18:52:32.298+0300] {processor.py:830} INFO - Processing file /usr/local/lib/python3.10/dist-packages/airflow/example_dags/example_sensor_decorator.py for tasks to queue
[2024-01-08T18:52:32.312+0300] {logging_mixin.py:188} INFO - [2024-01-08T18:52:32.310+0300] {dagbag.py:538} INFO - Filling up the DagBag from /usr/local/lib/python3.10/dist-packages/airflow/example_dags/example_sensor_decorator.py
[2024-01-08T18:52:32.371+0300] {processor.py:840} INFO - DAG(s) 'example_sensor_decorator' retrieved from /usr/local/lib/python3.10/dist-packages/airflow/example_dags/example_sensor_decorator.py
[2024-01-08T18:52:32.548+0300] {logging_mixin.py:188} INFO - [2024-01-08T18:52:32.547+0300] {dag.py:3033} INFO - Sync 1 DAGs
[2024-01-08T18:52:32.621+0300] {logging_mixin.py:188} INFO - [2024-01-08T18:52:32.620+0300] {dag.py:3820} INFO - Setting next_dagrun for example_sensor_decorator to None, run_after=None
[2024-01-08T18:52:32.774+0300] {processor.py:183} INFO - Processing /usr/local/lib/python3.10/dist-packages/airflow/example_dags/example_sensor_decorator.py took 0.538 seconds
[2024-01-08T18:53:34.114+0300] {processor.py:161} INFO - Started process (PID=21351) to work on /usr/local/lib/python3.10/dist-packages/airflow/example_dags/example_sensor_decorator.py
[2024-01-08T18:53:34.124+0300] {processor.py:830} INFO - Processing file /usr/local/lib/python3.10/dist-packages/airflow/example_dags/example_sensor_decorator.py for tasks to queue
[2024-01-08T18:53:34.126+0300] {logging_mixin.py:188} INFO - [2024-01-08T18:53:34.125+0300] {dagbag.py:538} INFO - Filling up the DagBag from /usr/local/lib/python3.10/dist-packages/airflow/example_dags/example_sensor_decorator.py
[2024-01-08T18:53:34.209+0300] {processor.py:840} INFO - DAG(s) 'example_sensor_decorator' retrieved from /usr/local/lib/python3.10/dist-packages/airflow/example_dags/example_sensor_decorator.py
[2024-01-08T18:53:34.640+0300] {logging_mixin.py:188} INFO - [2024-01-08T18:53:34.601+0300] {dag.py:3033} INFO - Sync 1 DAGs
[2024-01-08T18:53:35.003+0300] {logging_mixin.py:188} INFO - [2024-01-08T18:53:35.003+0300] {dag.py:3820} INFO - Setting next_dagrun for example_sensor_decorator to None, run_after=None
[2024-01-08T18:53:35.482+0300] {processor.py:183} INFO - Processing /usr/local/lib/python3.10/dist-packages/airflow/example_dags/example_sensor_decorator.py took 1.394 seconds
[2024-01-08T18:54:18.992+0300] {processor.py:161} INFO - Started process (PID=21767) to work on /usr/local/lib/python3.10/dist-packages/airflow/example_dags/example_sensor_decorator.py
[2024-01-08T18:54:19.005+0300] {processor.py:830} INFO - Processing file /usr/local/lib/python3.10/dist-packages/airflow/example_dags/example_sensor_decorator.py for tasks to queue
[2024-01-08T18:54:19.007+0300] {logging_mixin.py:188} INFO - [2024-01-08T18:54:19.006+0300] {dagbag.py:538} INFO - Filling up the DagBag from /usr/local/lib/python3.10/dist-packages/airflow/example_dags/example_sensor_decorator.py
[2024-01-08T18:54:19.112+0300] {processor.py:840} INFO - DAG(s) 'example_sensor_decorator' retrieved from /usr/local/lib/python3.10/dist-packages/airflow/example_dags/example_sensor_decorator.py
[2024-01-08T18:54:19.613+0300] {logging_mixin.py:188} INFO - [2024-01-08T18:54:19.605+0300] {dag.py:3033} INFO - Sync 1 DAGs
[2024-01-08T18:54:19.747+0300] {logging_mixin.py:188} INFO - [2024-01-08T18:54:19.746+0300] {dag.py:3820} INFO - Setting next_dagrun for example_sensor_decorator to None, run_after=None
[2024-01-08T18:54:19.927+0300] {processor.py:183} INFO - Processing /usr/local/lib/python3.10/dist-packages/airflow/example_dags/example_sensor_decorator.py took 0.948 seconds
[2024-01-08T18:54:56.325+0300] {processor.py:161} INFO - Started process (PID=22243) to work on /usr/local/lib/python3.10/dist-packages/airflow/example_dags/example_sensor_decorator.py
[2024-01-08T18:54:56.328+0300] {processor.py:830} INFO - Processing file /usr/local/lib/python3.10/dist-packages/airflow/example_dags/example_sensor_decorator.py for tasks to queue
[2024-01-08T18:54:56.329+0300] {logging_mixin.py:188} INFO - [2024-01-08T18:54:56.329+0300] {dagbag.py:538} INFO - Filling up the DagBag from /usr/local/lib/python3.10/dist-packages/airflow/example_dags/example_sensor_decorator.py
[2024-01-08T18:54:56.347+0300] {processor.py:840} INFO - DAG(s) 'example_sensor_decorator' retrieved from /usr/local/lib/python3.10/dist-packages/airflow/example_dags/example_sensor_decorator.py
[2024-01-08T18:54:56.441+0300] {logging_mixin.py:188} INFO - [2024-01-08T18:54:56.440+0300] {dag.py:3033} INFO - Sync 1 DAGs
[2024-01-08T18:54:56.472+0300] {logging_mixin.py:188} INFO - [2024-01-08T18:54:56.472+0300] {dag.py:3820} INFO - Setting next_dagrun for example_sensor_decorator to None, run_after=None
[2024-01-08T18:54:56.550+0300] {processor.py:183} INFO - Processing /usr/local/lib/python3.10/dist-packages/airflow/example_dags/example_sensor_decorator.py took 0.235 seconds
[2024-01-08T18:55:31.132+0300] {processor.py:161} INFO - Started process (PID=22633) to work on /usr/local/lib/python3.10/dist-packages/airflow/example_dags/example_sensor_decorator.py
[2024-01-08T18:55:31.150+0300] {processor.py:830} INFO - Processing file /usr/local/lib/python3.10/dist-packages/airflow/example_dags/example_sensor_decorator.py for tasks to queue
[2024-01-08T18:55:31.163+0300] {logging_mixin.py:188} INFO - [2024-01-08T18:55:31.152+0300] {dagbag.py:538} INFO - Filling up the DagBag from /usr/local/lib/python3.10/dist-packages/airflow/example_dags/example_sensor_decorator.py
[2024-01-08T18:55:31.207+0300] {processor.py:840} INFO - DAG(s) 'example_sensor_decorator' retrieved from /usr/local/lib/python3.10/dist-packages/airflow/example_dags/example_sensor_decorator.py
[2024-01-08T18:55:31.585+0300] {logging_mixin.py:188} INFO - [2024-01-08T18:55:31.585+0300] {dag.py:3033} INFO - Sync 1 DAGs
[2024-01-08T18:55:31.767+0300] {logging_mixin.py:188} INFO - [2024-01-08T18:55:31.766+0300] {dag.py:3820} INFO - Setting next_dagrun for example_sensor_decorator to None, run_after=None
[2024-01-08T18:55:31.930+0300] {processor.py:183} INFO - Processing /usr/local/lib/python3.10/dist-packages/airflow/example_dags/example_sensor_decorator.py took 0.849 seconds
[2024-01-08T18:56:02.578+0300] {processor.py:161} INFO - Started process (PID=22989) to work on /usr/local/lib/python3.10/dist-packages/airflow/example_dags/example_sensor_decorator.py
[2024-01-08T18:56:02.580+0300] {processor.py:830} INFO - Processing file /usr/local/lib/python3.10/dist-packages/airflow/example_dags/example_sensor_decorator.py for tasks to queue
[2024-01-08T18:56:02.583+0300] {logging_mixin.py:188} INFO - [2024-01-08T18:56:02.582+0300] {dagbag.py:538} INFO - Filling up the DagBag from /usr/local/lib/python3.10/dist-packages/airflow/example_dags/example_sensor_decorator.py
[2024-01-08T18:56:02.599+0300] {processor.py:840} INFO - DAG(s) 'example_sensor_decorator' retrieved from /usr/local/lib/python3.10/dist-packages/airflow/example_dags/example_sensor_decorator.py
[2024-01-08T18:56:02.692+0300] {logging_mixin.py:188} INFO - [2024-01-08T18:56:02.692+0300] {dag.py:3033} INFO - Sync 1 DAGs
[2024-01-08T18:56:02.723+0300] {logging_mixin.py:188} INFO - [2024-01-08T18:56:02.723+0300] {dag.py:3820} INFO - Setting next_dagrun for example_sensor_decorator to None, run_after=None
[2024-01-08T18:56:02.770+0300] {processor.py:183} INFO - Processing /usr/local/lib/python3.10/dist-packages/airflow/example_dags/example_sensor_decorator.py took 0.201 seconds
[2024-01-08T18:56:32.968+0300] {processor.py:161} INFO - Started process (PID=23302) to work on /usr/local/lib/python3.10/dist-packages/airflow/example_dags/example_sensor_decorator.py
[2024-01-08T18:56:32.971+0300] {processor.py:830} INFO - Processing file /usr/local/lib/python3.10/dist-packages/airflow/example_dags/example_sensor_decorator.py for tasks to queue
[2024-01-08T18:56:32.974+0300] {logging_mixin.py:188} INFO - [2024-01-08T18:56:32.973+0300] {dagbag.py:538} INFO - Filling up the DagBag from /usr/local/lib/python3.10/dist-packages/airflow/example_dags/example_sensor_decorator.py
[2024-01-08T18:56:32.997+0300] {processor.py:840} INFO - DAG(s) 'example_sensor_decorator' retrieved from /usr/local/lib/python3.10/dist-packages/airflow/example_dags/example_sensor_decorator.py
[2024-01-08T18:56:33.085+0300] {logging_mixin.py:188} INFO - [2024-01-08T18:56:33.084+0300] {dag.py:3033} INFO - Sync 1 DAGs
[2024-01-08T18:56:33.120+0300] {logging_mixin.py:188} INFO - [2024-01-08T18:56:33.119+0300] {dag.py:3820} INFO - Setting next_dagrun for example_sensor_decorator to None, run_after=None
[2024-01-08T18:56:33.179+0300] {processor.py:183} INFO - Processing /usr/local/lib/python3.10/dist-packages/airflow/example_dags/example_sensor_decorator.py took 0.227 seconds
[2024-01-08T18:57:06.196+0300] {processor.py:161} INFO - Started process (PID=23658) to work on /usr/local/lib/python3.10/dist-packages/airflow/example_dags/example_sensor_decorator.py
[2024-01-08T18:57:06.203+0300] {processor.py:830} INFO - Processing file /usr/local/lib/python3.10/dist-packages/airflow/example_dags/example_sensor_decorator.py for tasks to queue
[2024-01-08T18:57:06.205+0300] {logging_mixin.py:188} INFO - [2024-01-08T18:57:06.204+0300] {dagbag.py:538} INFO - Filling up the DagBag from /usr/local/lib/python3.10/dist-packages/airflow/example_dags/example_sensor_decorator.py
[2024-01-08T18:57:06.314+0300] {processor.py:840} INFO - DAG(s) 'example_sensor_decorator' retrieved from /usr/local/lib/python3.10/dist-packages/airflow/example_dags/example_sensor_decorator.py
[2024-01-08T18:57:06.757+0300] {logging_mixin.py:188} INFO - [2024-01-08T18:57:06.757+0300] {dag.py:3033} INFO - Sync 1 DAGs
[2024-01-08T18:57:06.882+0300] {logging_mixin.py:188} INFO - [2024-01-08T18:57:06.881+0300] {dag.py:3820} INFO - Setting next_dagrun for example_sensor_decorator to None, run_after=None
[2024-01-08T18:57:07.070+0300] {processor.py:183} INFO - Processing /usr/local/lib/python3.10/dist-packages/airflow/example_dags/example_sensor_decorator.py took 0.933 seconds
[2024-01-08T18:57:37.230+0300] {processor.py:161} INFO - Started process (PID=23994) to work on /usr/local/lib/python3.10/dist-packages/airflow/example_dags/example_sensor_decorator.py
[2024-01-08T18:57:37.234+0300] {processor.py:830} INFO - Processing file /usr/local/lib/python3.10/dist-packages/airflow/example_dags/example_sensor_decorator.py for tasks to queue
[2024-01-08T18:57:37.249+0300] {logging_mixin.py:188} INFO - [2024-01-08T18:57:37.249+0300] {dagbag.py:538} INFO - Filling up the DagBag from /usr/local/lib/python3.10/dist-packages/airflow/example_dags/example_sensor_decorator.py
[2024-01-08T18:57:37.286+0300] {processor.py:840} INFO - DAG(s) 'example_sensor_decorator' retrieved from /usr/local/lib/python3.10/dist-packages/airflow/example_dags/example_sensor_decorator.py
[2024-01-08T18:57:37.481+0300] {logging_mixin.py:188} INFO - [2024-01-08T18:57:37.479+0300] {dag.py:3033} INFO - Sync 1 DAGs
[2024-01-08T18:57:37.547+0300] {logging_mixin.py:188} INFO - [2024-01-08T18:57:37.547+0300] {dag.py:3820} INFO - Setting next_dagrun for example_sensor_decorator to None, run_after=None
[2024-01-08T18:57:37.673+0300] {processor.py:183} INFO - Processing /usr/local/lib/python3.10/dist-packages/airflow/example_dags/example_sensor_decorator.py took 0.457 seconds
[2024-01-08T18:58:07.779+0300] {processor.py:161} INFO - Started process (PID=24374) to work on /usr/local/lib/python3.10/dist-packages/airflow/example_dags/example_sensor_decorator.py
[2024-01-08T18:58:07.781+0300] {processor.py:830} INFO - Processing file /usr/local/lib/python3.10/dist-packages/airflow/example_dags/example_sensor_decorator.py for tasks to queue
[2024-01-08T18:58:07.783+0300] {logging_mixin.py:188} INFO - [2024-01-08T18:58:07.782+0300] {dagbag.py:538} INFO - Filling up the DagBag from /usr/local/lib/python3.10/dist-packages/airflow/example_dags/example_sensor_decorator.py
[2024-01-08T18:58:07.807+0300] {processor.py:840} INFO - DAG(s) 'example_sensor_decorator' retrieved from /usr/local/lib/python3.10/dist-packages/airflow/example_dags/example_sensor_decorator.py
[2024-01-08T18:58:07.892+0300] {logging_mixin.py:188} INFO - [2024-01-08T18:58:07.891+0300] {dag.py:3033} INFO - Sync 1 DAGs
[2024-01-08T18:58:07.921+0300] {logging_mixin.py:188} INFO - [2024-01-08T18:58:07.920+0300] {dag.py:3820} INFO - Setting next_dagrun for example_sensor_decorator to None, run_after=None
[2024-01-08T18:58:07.971+0300] {processor.py:183} INFO - Processing /usr/local/lib/python3.10/dist-packages/airflow/example_dags/example_sensor_decorator.py took 0.203 seconds
[2024-01-08T18:58:45.730+0300] {processor.py:161} INFO - Started process (PID=24802) to work on /usr/local/lib/python3.10/dist-packages/airflow/example_dags/example_sensor_decorator.py
[2024-01-08T18:58:45.733+0300] {processor.py:830} INFO - Processing file /usr/local/lib/python3.10/dist-packages/airflow/example_dags/example_sensor_decorator.py for tasks to queue
[2024-01-08T18:58:45.737+0300] {logging_mixin.py:188} INFO - [2024-01-08T18:58:45.734+0300] {dagbag.py:538} INFO - Filling up the DagBag from /usr/local/lib/python3.10/dist-packages/airflow/example_dags/example_sensor_decorator.py
[2024-01-08T18:58:45.794+0300] {processor.py:840} INFO - DAG(s) 'example_sensor_decorator' retrieved from /usr/local/lib/python3.10/dist-packages/airflow/example_dags/example_sensor_decorator.py
[2024-01-08T18:58:46.070+0300] {logging_mixin.py:188} INFO - [2024-01-08T18:58:46.069+0300] {dag.py:3033} INFO - Sync 1 DAGs
[2024-01-08T18:58:46.268+0300] {logging_mixin.py:188} INFO - [2024-01-08T18:58:46.268+0300] {dag.py:3820} INFO - Setting next_dagrun for example_sensor_decorator to None, run_after=None
[2024-01-08T18:58:46.510+0300] {processor.py:183} INFO - Processing /usr/local/lib/python3.10/dist-packages/airflow/example_dags/example_sensor_decorator.py took 0.831 seconds
[2024-01-08T18:59:16.827+0300] {processor.py:161} INFO - Started process (PID=25189) to work on /usr/local/lib/python3.10/dist-packages/airflow/example_dags/example_sensor_decorator.py
[2024-01-08T18:59:16.830+0300] {processor.py:830} INFO - Processing file /usr/local/lib/python3.10/dist-packages/airflow/example_dags/example_sensor_decorator.py for tasks to queue
[2024-01-08T18:59:16.831+0300] {logging_mixin.py:188} INFO - [2024-01-08T18:59:16.831+0300] {dagbag.py:538} INFO - Filling up the DagBag from /usr/local/lib/python3.10/dist-packages/airflow/example_dags/example_sensor_decorator.py
[2024-01-08T18:59:16.853+0300] {processor.py:840} INFO - DAG(s) 'example_sensor_decorator' retrieved from /usr/local/lib/python3.10/dist-packages/airflow/example_dags/example_sensor_decorator.py
[2024-01-08T18:59:16.948+0300] {logging_mixin.py:188} INFO - [2024-01-08T18:59:16.947+0300] {dag.py:3033} INFO - Sync 1 DAGs
[2024-01-08T18:59:16.988+0300] {logging_mixin.py:188} INFO - [2024-01-08T18:59:16.987+0300] {dag.py:3820} INFO - Setting next_dagrun for example_sensor_decorator to None, run_after=None
[2024-01-08T18:59:17.059+0300] {processor.py:183} INFO - Processing /usr/local/lib/python3.10/dist-packages/airflow/example_dags/example_sensor_decorator.py took 0.252 seconds
[2024-01-08T18:59:47.177+0300] {processor.py:161} INFO - Started process (PID=25594) to work on /usr/local/lib/python3.10/dist-packages/airflow/example_dags/example_sensor_decorator.py
[2024-01-08T18:59:47.183+0300] {processor.py:830} INFO - Processing file /usr/local/lib/python3.10/dist-packages/airflow/example_dags/example_sensor_decorator.py for tasks to queue
[2024-01-08T18:59:47.186+0300] {logging_mixin.py:188} INFO - [2024-01-08T18:59:47.185+0300] {dagbag.py:538} INFO - Filling up the DagBag from /usr/local/lib/python3.10/dist-packages/airflow/example_dags/example_sensor_decorator.py
[2024-01-08T18:59:47.214+0300] {processor.py:840} INFO - DAG(s) 'example_sensor_decorator' retrieved from /usr/local/lib/python3.10/dist-packages/airflow/example_dags/example_sensor_decorator.py
[2024-01-08T18:59:47.329+0300] {logging_mixin.py:188} INFO - [2024-01-08T18:59:47.329+0300] {dag.py:3033} INFO - Sync 1 DAGs
[2024-01-08T18:59:47.367+0300] {logging_mixin.py:188} INFO - [2024-01-08T18:59:47.367+0300] {dag.py:3820} INFO - Setting next_dagrun for example_sensor_decorator to None, run_after=None
[2024-01-08T18:59:47.416+0300] {processor.py:183} INFO - Processing /usr/local/lib/python3.10/dist-packages/airflow/example_dags/example_sensor_decorator.py took 0.271 seconds
[2024-01-08T19:00:22.362+0300] {processor.py:161} INFO - Started process (PID=26008) to work on /usr/local/lib/python3.10/dist-packages/airflow/example_dags/example_sensor_decorator.py
[2024-01-08T19:00:22.368+0300] {processor.py:830} INFO - Processing file /usr/local/lib/python3.10/dist-packages/airflow/example_dags/example_sensor_decorator.py for tasks to queue
[2024-01-08T19:00:22.370+0300] {logging_mixin.py:188} INFO - [2024-01-08T19:00:22.369+0300] {dagbag.py:538} INFO - Filling up the DagBag from /usr/local/lib/python3.10/dist-packages/airflow/example_dags/example_sensor_decorator.py
[2024-01-08T19:00:22.396+0300] {processor.py:840} INFO - DAG(s) 'example_sensor_decorator' retrieved from /usr/local/lib/python3.10/dist-packages/airflow/example_dags/example_sensor_decorator.py
[2024-01-08T19:00:22.489+0300] {logging_mixin.py:188} INFO - [2024-01-08T19:00:22.489+0300] {dag.py:3033} INFO - Sync 1 DAGs
[2024-01-08T19:00:22.531+0300] {logging_mixin.py:188} INFO - [2024-01-08T19:00:22.531+0300] {dag.py:3820} INFO - Setting next_dagrun for example_sensor_decorator to None, run_after=None
[2024-01-08T19:00:22.585+0300] {processor.py:183} INFO - Processing /usr/local/lib/python3.10/dist-packages/airflow/example_dags/example_sensor_decorator.py took 0.235 seconds
[2024-01-08T19:00:53.376+0300] {processor.py:161} INFO - Started process (PID=26418) to work on /usr/local/lib/python3.10/dist-packages/airflow/example_dags/example_sensor_decorator.py
[2024-01-08T19:00:53.382+0300] {processor.py:830} INFO - Processing file /usr/local/lib/python3.10/dist-packages/airflow/example_dags/example_sensor_decorator.py for tasks to queue
[2024-01-08T19:00:53.384+0300] {logging_mixin.py:188} INFO - [2024-01-08T19:00:53.383+0300] {dagbag.py:538} INFO - Filling up the DagBag from /usr/local/lib/python3.10/dist-packages/airflow/example_dags/example_sensor_decorator.py
[2024-01-08T19:00:53.410+0300] {processor.py:840} INFO - DAG(s) 'example_sensor_decorator' retrieved from /usr/local/lib/python3.10/dist-packages/airflow/example_dags/example_sensor_decorator.py
[2024-01-08T19:00:53.510+0300] {logging_mixin.py:188} INFO - [2024-01-08T19:00:53.510+0300] {dag.py:3033} INFO - Sync 1 DAGs
[2024-01-08T19:00:53.546+0300] {logging_mixin.py:188} INFO - [2024-01-08T19:00:53.545+0300] {dag.py:3820} INFO - Setting next_dagrun for example_sensor_decorator to None, run_after=None
[2024-01-08T19:00:53.589+0300] {processor.py:183} INFO - Processing /usr/local/lib/python3.10/dist-packages/airflow/example_dags/example_sensor_decorator.py took 0.227 seconds
[2024-01-08T19:01:27.767+0300] {processor.py:161} INFO - Started process (PID=26805) to work on /usr/local/lib/python3.10/dist-packages/airflow/example_dags/example_sensor_decorator.py
[2024-01-08T19:01:27.806+0300] {processor.py:830} INFO - Processing file /usr/local/lib/python3.10/dist-packages/airflow/example_dags/example_sensor_decorator.py for tasks to queue
[2024-01-08T19:01:27.808+0300] {logging_mixin.py:188} INFO - [2024-01-08T19:01:27.808+0300] {dagbag.py:538} INFO - Filling up the DagBag from /usr/local/lib/python3.10/dist-packages/airflow/example_dags/example_sensor_decorator.py
[2024-01-08T19:01:27.906+0300] {processor.py:840} INFO - DAG(s) 'example_sensor_decorator' retrieved from /usr/local/lib/python3.10/dist-packages/airflow/example_dags/example_sensor_decorator.py
[2024-01-08T19:01:28.414+0300] {logging_mixin.py:188} INFO - [2024-01-08T19:01:28.414+0300] {dag.py:3033} INFO - Sync 1 DAGs
[2024-01-08T19:01:28.455+0300] {logging_mixin.py:188} INFO - [2024-01-08T19:01:28.455+0300] {dag.py:3820} INFO - Setting next_dagrun for example_sensor_decorator to None, run_after=None
[2024-01-08T19:01:28.685+0300] {processor.py:183} INFO - Processing /usr/local/lib/python3.10/dist-packages/airflow/example_dags/example_sensor_decorator.py took 1.012 seconds
[2024-01-08T19:01:59.002+0300] {processor.py:161} INFO - Started process (PID=27171) to work on /usr/local/lib/python3.10/dist-packages/airflow/example_dags/example_sensor_decorator.py
[2024-01-08T19:01:59.005+0300] {processor.py:830} INFO - Processing file /usr/local/lib/python3.10/dist-packages/airflow/example_dags/example_sensor_decorator.py for tasks to queue
[2024-01-08T19:01:59.008+0300] {logging_mixin.py:188} INFO - [2024-01-08T19:01:59.007+0300] {dagbag.py:538} INFO - Filling up the DagBag from /usr/local/lib/python3.10/dist-packages/airflow/example_dags/example_sensor_decorator.py
[2024-01-08T19:01:59.030+0300] {processor.py:840} INFO - DAG(s) 'example_sensor_decorator' retrieved from /usr/local/lib/python3.10/dist-packages/airflow/example_dags/example_sensor_decorator.py
[2024-01-08T19:01:59.109+0300] {logging_mixin.py:188} INFO - [2024-01-08T19:01:59.108+0300] {dag.py:3033} INFO - Sync 1 DAGs
[2024-01-08T19:01:59.137+0300] {logging_mixin.py:188} INFO - [2024-01-08T19:01:59.136+0300] {dag.py:3820} INFO - Setting next_dagrun for example_sensor_decorator to None, run_after=None
[2024-01-08T19:01:59.190+0300] {processor.py:183} INFO - Processing /usr/local/lib/python3.10/dist-packages/airflow/example_dags/example_sensor_decorator.py took 0.202 seconds
[2024-01-08T19:02:29.810+0300] {processor.py:161} INFO - Started process (PID=27488) to work on /usr/local/lib/python3.10/dist-packages/airflow/example_dags/example_sensor_decorator.py
[2024-01-08T19:02:29.813+0300] {processor.py:830} INFO - Processing file /usr/local/lib/python3.10/dist-packages/airflow/example_dags/example_sensor_decorator.py for tasks to queue
[2024-01-08T19:02:29.814+0300] {logging_mixin.py:188} INFO - [2024-01-08T19:02:29.814+0300] {dagbag.py:538} INFO - Filling up the DagBag from /usr/local/lib/python3.10/dist-packages/airflow/example_dags/example_sensor_decorator.py
[2024-01-08T19:02:29.832+0300] {processor.py:840} INFO - DAG(s) 'example_sensor_decorator' retrieved from /usr/local/lib/python3.10/dist-packages/airflow/example_dags/example_sensor_decorator.py
[2024-01-08T19:02:29.958+0300] {logging_mixin.py:188} INFO - [2024-01-08T19:02:29.958+0300] {dag.py:3033} INFO - Sync 1 DAGs
[2024-01-08T19:02:29.988+0300] {logging_mixin.py:188} INFO - [2024-01-08T19:02:29.987+0300] {dag.py:3820} INFO - Setting next_dagrun for example_sensor_decorator to None, run_after=None
[2024-01-08T19:02:30.030+0300] {processor.py:183} INFO - Processing /usr/local/lib/python3.10/dist-packages/airflow/example_dags/example_sensor_decorator.py took 0.233 seconds
[2024-01-08T19:03:13.612+0300] {processor.py:161} INFO - Started process (PID=27866) to work on /usr/local/lib/python3.10/dist-packages/airflow/example_dags/example_sensor_decorator.py
[2024-01-08T19:03:13.638+0300] {processor.py:830} INFO - Processing file /usr/local/lib/python3.10/dist-packages/airflow/example_dags/example_sensor_decorator.py for tasks to queue
[2024-01-08T19:03:13.641+0300] {logging_mixin.py:188} INFO - [2024-01-08T19:03:13.640+0300] {dagbag.py:538} INFO - Filling up the DagBag from /usr/local/lib/python3.10/dist-packages/airflow/example_dags/example_sensor_decorator.py
[2024-01-08T19:03:13.851+0300] {processor.py:840} INFO - DAG(s) 'example_sensor_decorator' retrieved from /usr/local/lib/python3.10/dist-packages/airflow/example_dags/example_sensor_decorator.py
[2024-01-08T19:03:14.517+0300] {logging_mixin.py:188} INFO - [2024-01-08T19:03:14.516+0300] {dag.py:3033} INFO - Sync 1 DAGs
[2024-01-08T19:03:14.774+0300] {logging_mixin.py:188} INFO - [2024-01-08T19:03:14.774+0300] {dag.py:3820} INFO - Setting next_dagrun for example_sensor_decorator to None, run_after=None
[2024-01-08T19:03:15.013+0300] {processor.py:183} INFO - Processing /usr/local/lib/python3.10/dist-packages/airflow/example_dags/example_sensor_decorator.py took 1.622 seconds
[2024-01-08T19:03:45.572+0300] {processor.py:161} INFO - Started process (PID=28278) to work on /usr/local/lib/python3.10/dist-packages/airflow/example_dags/example_sensor_decorator.py
[2024-01-08T19:03:45.597+0300] {processor.py:830} INFO - Processing file /usr/local/lib/python3.10/dist-packages/airflow/example_dags/example_sensor_decorator.py for tasks to queue
[2024-01-08T19:03:45.599+0300] {logging_mixin.py:188} INFO - [2024-01-08T19:03:45.598+0300] {dagbag.py:538} INFO - Filling up the DagBag from /usr/local/lib/python3.10/dist-packages/airflow/example_dags/example_sensor_decorator.py
[2024-01-08T19:03:45.677+0300] {processor.py:840} INFO - DAG(s) 'example_sensor_decorator' retrieved from /usr/local/lib/python3.10/dist-packages/airflow/example_dags/example_sensor_decorator.py
[2024-01-08T19:03:46.171+0300] {logging_mixin.py:188} INFO - [2024-01-08T19:03:46.170+0300] {dag.py:3033} INFO - Sync 1 DAGs
[2024-01-08T19:03:46.319+0300] {logging_mixin.py:188} INFO - [2024-01-08T19:03:46.319+0300] {dag.py:3820} INFO - Setting next_dagrun for example_sensor_decorator to None, run_after=None
[2024-01-08T19:03:46.641+0300] {processor.py:183} INFO - Processing /usr/local/lib/python3.10/dist-packages/airflow/example_dags/example_sensor_decorator.py took 1.111 seconds
[2024-01-08T19:04:17.409+0300] {processor.py:161} INFO - Started process (PID=28665) to work on /usr/local/lib/python3.10/dist-packages/airflow/example_dags/example_sensor_decorator.py
[2024-01-08T19:04:17.412+0300] {processor.py:830} INFO - Processing file /usr/local/lib/python3.10/dist-packages/airflow/example_dags/example_sensor_decorator.py for tasks to queue
[2024-01-08T19:04:17.428+0300] {logging_mixin.py:188} INFO - [2024-01-08T19:04:17.423+0300] {dagbag.py:538} INFO - Filling up the DagBag from /usr/local/lib/python3.10/dist-packages/airflow/example_dags/example_sensor_decorator.py
[2024-01-08T19:04:17.529+0300] {processor.py:840} INFO - DAG(s) 'example_sensor_decorator' retrieved from /usr/local/lib/python3.10/dist-packages/airflow/example_dags/example_sensor_decorator.py
[2024-01-08T19:04:17.667+0300] {logging_mixin.py:188} INFO - [2024-01-08T19:04:17.666+0300] {dag.py:3033} INFO - Sync 1 DAGs
[2024-01-08T19:04:17.743+0300] {logging_mixin.py:188} INFO - [2024-01-08T19:04:17.742+0300] {dag.py:3820} INFO - Setting next_dagrun for example_sensor_decorator to None, run_after=None
[2024-01-08T19:04:17.816+0300] {processor.py:183} INFO - Processing /usr/local/lib/python3.10/dist-packages/airflow/example_dags/example_sensor_decorator.py took 0.458 seconds
[2024-01-08T19:04:50.208+0300] {processor.py:161} INFO - Started process (PID=29063) to work on /usr/local/lib/python3.10/dist-packages/airflow/example_dags/example_sensor_decorator.py
[2024-01-08T19:04:50.268+0300] {processor.py:830} INFO - Processing file /usr/local/lib/python3.10/dist-packages/airflow/example_dags/example_sensor_decorator.py for tasks to queue
[2024-01-08T19:04:50.282+0300] {logging_mixin.py:188} INFO - [2024-01-08T19:04:50.276+0300] {dagbag.py:538} INFO - Filling up the DagBag from /usr/local/lib/python3.10/dist-packages/airflow/example_dags/example_sensor_decorator.py
[2024-01-08T19:04:50.368+0300] {processor.py:840} INFO - DAG(s) 'example_sensor_decorator' retrieved from /usr/local/lib/python3.10/dist-packages/airflow/example_dags/example_sensor_decorator.py
[2024-01-08T19:04:50.655+0300] {logging_mixin.py:188} INFO - [2024-01-08T19:04:50.654+0300] {dag.py:3033} INFO - Sync 1 DAGs
[2024-01-08T19:04:50.922+0300] {logging_mixin.py:188} INFO - [2024-01-08T19:04:50.921+0300] {dag.py:3820} INFO - Setting next_dagrun for example_sensor_decorator to None, run_after=None
[2024-01-08T19:04:51.143+0300] {processor.py:183} INFO - Processing /usr/local/lib/python3.10/dist-packages/airflow/example_dags/example_sensor_decorator.py took 1.093 seconds
[2024-01-08T19:05:21.578+0300] {processor.py:161} INFO - Started process (PID=29484) to work on /usr/local/lib/python3.10/dist-packages/airflow/example_dags/example_sensor_decorator.py
[2024-01-08T19:05:21.586+0300] {processor.py:830} INFO - Processing file /usr/local/lib/python3.10/dist-packages/airflow/example_dags/example_sensor_decorator.py for tasks to queue
[2024-01-08T19:05:21.589+0300] {logging_mixin.py:188} INFO - [2024-01-08T19:05:21.588+0300] {dagbag.py:538} INFO - Filling up the DagBag from /usr/local/lib/python3.10/dist-packages/airflow/example_dags/example_sensor_decorator.py
[2024-01-08T19:05:21.640+0300] {processor.py:840} INFO - DAG(s) 'example_sensor_decorator' retrieved from /usr/local/lib/python3.10/dist-packages/airflow/example_dags/example_sensor_decorator.py
[2024-01-08T19:05:21.969+0300] {logging_mixin.py:188} INFO - [2024-01-08T19:05:21.953+0300] {dag.py:3033} INFO - Sync 1 DAGs
[2024-01-08T19:05:22.155+0300] {logging_mixin.py:188} INFO - [2024-01-08T19:05:22.155+0300] {dag.py:3820} INFO - Setting next_dagrun for example_sensor_decorator to None, run_after=None
[2024-01-08T19:05:22.457+0300] {processor.py:183} INFO - Processing /usr/local/lib/python3.10/dist-packages/airflow/example_dags/example_sensor_decorator.py took 0.893 seconds
[2024-01-08T19:06:02.784+0300] {processor.py:161} INFO - Started process (PID=29931) to work on /usr/local/lib/python3.10/dist-packages/airflow/example_dags/example_sensor_decorator.py
[2024-01-08T19:06:02.795+0300] {processor.py:830} INFO - Processing file /usr/local/lib/python3.10/dist-packages/airflow/example_dags/example_sensor_decorator.py for tasks to queue
[2024-01-08T19:06:02.810+0300] {logging_mixin.py:188} INFO - [2024-01-08T19:06:02.799+0300] {dagbag.py:538} INFO - Filling up the DagBag from /usr/local/lib/python3.10/dist-packages/airflow/example_dags/example_sensor_decorator.py
[2024-01-08T19:06:02.863+0300] {processor.py:840} INFO - DAG(s) 'example_sensor_decorator' retrieved from /usr/local/lib/python3.10/dist-packages/airflow/example_dags/example_sensor_decorator.py
[2024-01-08T19:06:03.143+0300] {logging_mixin.py:188} INFO - [2024-01-08T19:06:03.142+0300] {dag.py:3033} INFO - Sync 1 DAGs
[2024-01-08T19:06:03.314+0300] {logging_mixin.py:188} INFO - [2024-01-08T19:06:03.314+0300] {dag.py:3820} INFO - Setting next_dagrun for example_sensor_decorator to None, run_after=None
[2024-01-08T19:06:03.588+0300] {processor.py:183} INFO - Processing /usr/local/lib/python3.10/dist-packages/airflow/example_dags/example_sensor_decorator.py took 0.848 seconds
[2024-01-08T19:06:47.342+0300] {processor.py:161} INFO - Started process (PID=30353) to work on /usr/local/lib/python3.10/dist-packages/airflow/example_dags/example_sensor_decorator.py
[2024-01-08T19:06:47.352+0300] {processor.py:830} INFO - Processing file /usr/local/lib/python3.10/dist-packages/airflow/example_dags/example_sensor_decorator.py for tasks to queue
[2024-01-08T19:06:47.373+0300] {logging_mixin.py:188} INFO - [2024-01-08T19:06:47.372+0300] {dagbag.py:538} INFO - Filling up the DagBag from /usr/local/lib/python3.10/dist-packages/airflow/example_dags/example_sensor_decorator.py
[2024-01-08T19:06:47.599+0300] {processor.py:840} INFO - DAG(s) 'example_sensor_decorator' retrieved from /usr/local/lib/python3.10/dist-packages/airflow/example_dags/example_sensor_decorator.py
[2024-01-08T19:06:48.195+0300] {logging_mixin.py:188} INFO - [2024-01-08T19:06:48.194+0300] {dag.py:3033} INFO - Sync 1 DAGs
[2024-01-08T19:06:48.383+0300] {logging_mixin.py:188} INFO - [2024-01-08T19:06:48.383+0300] {dag.py:3820} INFO - Setting next_dagrun for example_sensor_decorator to None, run_after=None
[2024-01-08T19:06:48.583+0300] {processor.py:183} INFO - Processing /usr/local/lib/python3.10/dist-packages/airflow/example_dags/example_sensor_decorator.py took 1.301 seconds
[2024-01-08T19:07:19.019+0300] {processor.py:161} INFO - Started process (PID=30770) to work on /usr/local/lib/python3.10/dist-packages/airflow/example_dags/example_sensor_decorator.py
[2024-01-08T19:07:19.022+0300] {processor.py:830} INFO - Processing file /usr/local/lib/python3.10/dist-packages/airflow/example_dags/example_sensor_decorator.py for tasks to queue
[2024-01-08T19:07:19.025+0300] {logging_mixin.py:188} INFO - [2024-01-08T19:07:19.024+0300] {dagbag.py:538} INFO - Filling up the DagBag from /usr/local/lib/python3.10/dist-packages/airflow/example_dags/example_sensor_decorator.py
[2024-01-08T19:07:19.048+0300] {processor.py:840} INFO - DAG(s) 'example_sensor_decorator' retrieved from /usr/local/lib/python3.10/dist-packages/airflow/example_dags/example_sensor_decorator.py
[2024-01-08T19:07:19.147+0300] {logging_mixin.py:188} INFO - [2024-01-08T19:07:19.147+0300] {dag.py:3033} INFO - Sync 1 DAGs
[2024-01-08T19:07:19.195+0300] {logging_mixin.py:188} INFO - [2024-01-08T19:07:19.195+0300] {dag.py:3820} INFO - Setting next_dagrun for example_sensor_decorator to None, run_after=None
[2024-01-08T19:07:19.245+0300] {processor.py:183} INFO - Processing /usr/local/lib/python3.10/dist-packages/airflow/example_dags/example_sensor_decorator.py took 0.237 seconds
[2024-01-08T19:07:55.855+0300] {processor.py:161} INFO - Started process (PID=31191) to work on /usr/local/lib/python3.10/dist-packages/airflow/example_dags/example_sensor_decorator.py
[2024-01-08T19:07:55.866+0300] {processor.py:830} INFO - Processing file /usr/local/lib/python3.10/dist-packages/airflow/example_dags/example_sensor_decorator.py for tasks to queue
[2024-01-08T19:07:55.869+0300] {logging_mixin.py:188} INFO - [2024-01-08T19:07:55.868+0300] {dagbag.py:538} INFO - Filling up the DagBag from /usr/local/lib/python3.10/dist-packages/airflow/example_dags/example_sensor_decorator.py
[2024-01-08T19:07:55.920+0300] {processor.py:840} INFO - DAG(s) 'example_sensor_decorator' retrieved from /usr/local/lib/python3.10/dist-packages/airflow/example_dags/example_sensor_decorator.py
[2024-01-08T19:07:56.064+0300] {logging_mixin.py:188} INFO - [2024-01-08T19:07:56.064+0300] {dag.py:3033} INFO - Sync 1 DAGs
[2024-01-08T19:07:56.112+0300] {logging_mixin.py:188} INFO - [2024-01-08T19:07:56.112+0300] {dag.py:3820} INFO - Setting next_dagrun for example_sensor_decorator to None, run_after=None
[2024-01-08T19:07:56.184+0300] {processor.py:183} INFO - Processing /usr/local/lib/python3.10/dist-packages/airflow/example_dags/example_sensor_decorator.py took 0.350 seconds
[2024-01-08T19:08:27.485+0300] {processor.py:161} INFO - Started process (PID=31519) to work on /usr/local/lib/python3.10/dist-packages/airflow/example_dags/example_sensor_decorator.py
[2024-01-08T19:08:27.487+0300] {processor.py:830} INFO - Processing file /usr/local/lib/python3.10/dist-packages/airflow/example_dags/example_sensor_decorator.py for tasks to queue
[2024-01-08T19:08:27.490+0300] {logging_mixin.py:188} INFO - [2024-01-08T19:08:27.489+0300] {dagbag.py:538} INFO - Filling up the DagBag from /usr/local/lib/python3.10/dist-packages/airflow/example_dags/example_sensor_decorator.py
[2024-01-08T19:08:27.512+0300] {processor.py:840} INFO - DAG(s) 'example_sensor_decorator' retrieved from /usr/local/lib/python3.10/dist-packages/airflow/example_dags/example_sensor_decorator.py
[2024-01-08T19:08:27.612+0300] {logging_mixin.py:188} INFO - [2024-01-08T19:08:27.611+0300] {dag.py:3033} INFO - Sync 1 DAGs
[2024-01-08T19:08:27.660+0300] {logging_mixin.py:188} INFO - [2024-01-08T19:08:27.660+0300] {dag.py:3820} INFO - Setting next_dagrun for example_sensor_decorator to None, run_after=None
[2024-01-08T19:08:27.720+0300] {processor.py:183} INFO - Processing /usr/local/lib/python3.10/dist-packages/airflow/example_dags/example_sensor_decorator.py took 0.248 seconds
[2024-01-08T19:09:04.180+0300] {processor.py:161} INFO - Started process (PID=31905) to work on /usr/local/lib/python3.10/dist-packages/airflow/example_dags/example_sensor_decorator.py
[2024-01-08T19:09:04.190+0300] {processor.py:830} INFO - Processing file /usr/local/lib/python3.10/dist-packages/airflow/example_dags/example_sensor_decorator.py for tasks to queue
[2024-01-08T19:09:04.196+0300] {logging_mixin.py:188} INFO - [2024-01-08T19:09:04.192+0300] {dagbag.py:538} INFO - Filling up the DagBag from /usr/local/lib/python3.10/dist-packages/airflow/example_dags/example_sensor_decorator.py
[2024-01-08T19:09:04.252+0300] {processor.py:840} INFO - DAG(s) 'example_sensor_decorator' retrieved from /usr/local/lib/python3.10/dist-packages/airflow/example_dags/example_sensor_decorator.py
[2024-01-08T19:09:04.375+0300] {logging_mixin.py:188} INFO - [2024-01-08T19:09:04.374+0300] {dag.py:3033} INFO - Sync 1 DAGs
[2024-01-08T19:09:04.411+0300] {logging_mixin.py:188} INFO - [2024-01-08T19:09:04.411+0300] {dag.py:3820} INFO - Setting next_dagrun for example_sensor_decorator to None, run_after=None
[2024-01-08T19:09:04.521+0300] {processor.py:183} INFO - Processing /usr/local/lib/python3.10/dist-packages/airflow/example_dags/example_sensor_decorator.py took 0.364 seconds
[2024-01-08T19:09:39.741+0300] {processor.py:161} INFO - Started process (PID=32275) to work on /usr/local/lib/python3.10/dist-packages/airflow/example_dags/example_sensor_decorator.py
[2024-01-08T19:09:39.755+0300] {processor.py:830} INFO - Processing file /usr/local/lib/python3.10/dist-packages/airflow/example_dags/example_sensor_decorator.py for tasks to queue
[2024-01-08T19:09:39.766+0300] {logging_mixin.py:188} INFO - [2024-01-08T19:09:39.756+0300] {dagbag.py:538} INFO - Filling up the DagBag from /usr/local/lib/python3.10/dist-packages/airflow/example_dags/example_sensor_decorator.py
[2024-01-08T19:09:39.819+0300] {processor.py:840} INFO - DAG(s) 'example_sensor_decorator' retrieved from /usr/local/lib/python3.10/dist-packages/airflow/example_dags/example_sensor_decorator.py
[2024-01-08T19:09:40.149+0300] {logging_mixin.py:188} INFO - [2024-01-08T19:09:40.148+0300] {dag.py:3033} INFO - Sync 1 DAGs
[2024-01-08T19:09:40.294+0300] {logging_mixin.py:188} INFO - [2024-01-08T19:09:40.294+0300] {dag.py:3820} INFO - Setting next_dagrun for example_sensor_decorator to None, run_after=None
[2024-01-08T19:09:40.434+0300] {processor.py:183} INFO - Processing /usr/local/lib/python3.10/dist-packages/airflow/example_dags/example_sensor_decorator.py took 0.721 seconds
[2024-01-08T19:10:10.860+0300] {processor.py:161} INFO - Started process (PID=32626) to work on /usr/local/lib/python3.10/dist-packages/airflow/example_dags/example_sensor_decorator.py
[2024-01-08T19:10:10.878+0300] {processor.py:830} INFO - Processing file /usr/local/lib/python3.10/dist-packages/airflow/example_dags/example_sensor_decorator.py for tasks to queue
[2024-01-08T19:10:10.880+0300] {logging_mixin.py:188} INFO - [2024-01-08T19:10:10.879+0300] {dagbag.py:538} INFO - Filling up the DagBag from /usr/local/lib/python3.10/dist-packages/airflow/example_dags/example_sensor_decorator.py
[2024-01-08T19:10:10.943+0300] {processor.py:840} INFO - DAG(s) 'example_sensor_decorator' retrieved from /usr/local/lib/python3.10/dist-packages/airflow/example_dags/example_sensor_decorator.py
[2024-01-08T19:10:12.075+0300] {logging_mixin.py:188} INFO - [2024-01-08T19:10:12.074+0300] {dag.py:3033} INFO - Sync 1 DAGs
[2024-01-08T19:10:12.593+0300] {logging_mixin.py:188} INFO - [2024-01-08T19:10:12.592+0300] {dag.py:3820} INFO - Setting next_dagrun for example_sensor_decorator to None, run_after=None
[2024-01-08T19:10:12.954+0300] {processor.py:183} INFO - Processing /usr/local/lib/python3.10/dist-packages/airflow/example_dags/example_sensor_decorator.py took 2.128 seconds
[2024-01-08T19:11:00.142+0300] {processor.py:161} INFO - Started process (PID=33055) to work on /usr/local/lib/python3.10/dist-packages/airflow/example_dags/example_sensor_decorator.py
[2024-01-08T19:11:00.151+0300] {processor.py:830} INFO - Processing file /usr/local/lib/python3.10/dist-packages/airflow/example_dags/example_sensor_decorator.py for tasks to queue
[2024-01-08T19:11:00.154+0300] {logging_mixin.py:188} INFO - [2024-01-08T19:11:00.153+0300] {dagbag.py:538} INFO - Filling up the DagBag from /usr/local/lib/python3.10/dist-packages/airflow/example_dags/example_sensor_decorator.py
[2024-01-08T19:11:00.252+0300] {processor.py:840} INFO - DAG(s) 'example_sensor_decorator' retrieved from /usr/local/lib/python3.10/dist-packages/airflow/example_dags/example_sensor_decorator.py
[2024-01-08T19:11:00.650+0300] {logging_mixin.py:188} INFO - [2024-01-08T19:11:00.648+0300] {dag.py:3033} INFO - Sync 1 DAGs
[2024-01-08T19:11:00.707+0300] {logging_mixin.py:188} INFO - [2024-01-08T19:11:00.707+0300] {dag.py:3820} INFO - Setting next_dagrun for example_sensor_decorator to None, run_after=None
[2024-01-08T19:11:01.942+0300] {processor.py:183} INFO - Processing /usr/local/lib/python3.10/dist-packages/airflow/example_dags/example_sensor_decorator.py took 1.838 seconds
[2024-01-08T19:11:37.540+0300] {processor.py:161} INFO - Started process (PID=33443) to work on /usr/local/lib/python3.10/dist-packages/airflow/example_dags/example_sensor_decorator.py
[2024-01-08T19:11:37.560+0300] {processor.py:830} INFO - Processing file /usr/local/lib/python3.10/dist-packages/airflow/example_dags/example_sensor_decorator.py for tasks to queue
[2024-01-08T19:11:37.563+0300] {logging_mixin.py:188} INFO - [2024-01-08T19:11:37.562+0300] {dagbag.py:538} INFO - Filling up the DagBag from /usr/local/lib/python3.10/dist-packages/airflow/example_dags/example_sensor_decorator.py
[2024-01-08T19:11:37.800+0300] {processor.py:840} INFO - DAG(s) 'example_sensor_decorator' retrieved from /usr/local/lib/python3.10/dist-packages/airflow/example_dags/example_sensor_decorator.py
[2024-01-08T19:11:38.469+0300] {logging_mixin.py:188} INFO - [2024-01-08T19:11:38.468+0300] {dag.py:3033} INFO - Sync 1 DAGs
[2024-01-08T19:11:38.644+0300] {logging_mixin.py:188} INFO - [2024-01-08T19:11:38.643+0300] {dag.py:3820} INFO - Setting next_dagrun for example_sensor_decorator to None, run_after=None
[2024-01-08T19:11:38.920+0300] {processor.py:183} INFO - Processing /usr/local/lib/python3.10/dist-packages/airflow/example_dags/example_sensor_decorator.py took 1.464 seconds
[2024-01-08T19:12:11.534+0300] {processor.py:161} INFO - Started process (PID=33876) to work on /usr/local/lib/python3.10/dist-packages/airflow/example_dags/example_sensor_decorator.py
[2024-01-08T19:12:11.543+0300] {processor.py:830} INFO - Processing file /usr/local/lib/python3.10/dist-packages/airflow/example_dags/example_sensor_decorator.py for tasks to queue
[2024-01-08T19:12:11.546+0300] {logging_mixin.py:188} INFO - [2024-01-08T19:12:11.545+0300] {dagbag.py:538} INFO - Filling up the DagBag from /usr/local/lib/python3.10/dist-packages/airflow/example_dags/example_sensor_decorator.py
[2024-01-08T19:12:11.571+0300] {processor.py:840} INFO - DAG(s) 'example_sensor_decorator' retrieved from /usr/local/lib/python3.10/dist-packages/airflow/example_dags/example_sensor_decorator.py
[2024-01-08T19:12:11.717+0300] {logging_mixin.py:188} INFO - [2024-01-08T19:12:11.709+0300] {dag.py:3033} INFO - Sync 1 DAGs
[2024-01-08T19:12:11.779+0300] {logging_mixin.py:188} INFO - [2024-01-08T19:12:11.778+0300] {dag.py:3820} INFO - Setting next_dagrun for example_sensor_decorator to None, run_after=None
[2024-01-08T19:12:11.862+0300] {processor.py:183} INFO - Processing /usr/local/lib/python3.10/dist-packages/airflow/example_dags/example_sensor_decorator.py took 0.339 seconds
