[2024-01-08T17:37:20.707+0300] {processor.py:161} INFO - Started process (PID=5581) to work on /usr/local/lib/python3.10/dist-packages/airflow/example_dags/example_short_circuit_decorator.py
[2024-01-08T17:37:20.710+0300] {processor.py:830} INFO - Processing file /usr/local/lib/python3.10/dist-packages/airflow/example_dags/example_short_circuit_decorator.py for tasks to queue
[2024-01-08T17:37:20.712+0300] {logging_mixin.py:188} INFO - [2024-01-08T17:37:20.711+0300] {dagbag.py:538} INFO - Filling up the DagBag from /usr/local/lib/python3.10/dist-packages/airflow/example_dags/example_short_circuit_decorator.py
[2024-01-08T17:37:20.783+0300] {processor.py:840} INFO - DAG(s) 'example_short_circuit_decorator' retrieved from /usr/local/lib/python3.10/dist-packages/airflow/example_dags/example_short_circuit_decorator.py
[2024-01-08T17:37:20.971+0300] {logging_mixin.py:188} INFO - [2024-01-08T17:37:20.971+0300] {dag.py:3033} INFO - Sync 1 DAGs
[2024-01-08T17:37:21.069+0300] {logging_mixin.py:188} INFO - [2024-01-08T17:37:21.066+0300] {dag.py:3820} INFO - Setting next_dagrun for example_short_circuit_decorator to 2024-01-07T00:00:00+00:00, run_after=2024-01-08T00:00:00+00:00
[2024-01-08T17:37:21.135+0300] {processor.py:183} INFO - Processing /usr/local/lib/python3.10/dist-packages/airflow/example_dags/example_short_circuit_decorator.py took 0.444 seconds
[2024-01-08T17:37:51.943+0300] {processor.py:161} INFO - Started process (PID=5930) to work on /usr/local/lib/python3.10/dist-packages/airflow/example_dags/example_short_circuit_decorator.py
[2024-01-08T17:37:51.950+0300] {processor.py:830} INFO - Processing file /usr/local/lib/python3.10/dist-packages/airflow/example_dags/example_short_circuit_decorator.py for tasks to queue
[2024-01-08T17:37:51.952+0300] {logging_mixin.py:188} INFO - [2024-01-08T17:37:51.951+0300] {dagbag.py:538} INFO - Filling up the DagBag from /usr/local/lib/python3.10/dist-packages/airflow/example_dags/example_short_circuit_decorator.py
[2024-01-08T17:37:52.020+0300] {processor.py:840} INFO - DAG(s) 'example_short_circuit_decorator' retrieved from /usr/local/lib/python3.10/dist-packages/airflow/example_dags/example_short_circuit_decorator.py
[2024-01-08T17:37:52.427+0300] {logging_mixin.py:188} INFO - [2024-01-08T17:37:52.426+0300] {dag.py:3033} INFO - Sync 1 DAGs
[2024-01-08T17:37:52.568+0300] {logging_mixin.py:188} INFO - [2024-01-08T17:37:52.567+0300] {dag.py:3820} INFO - Setting next_dagrun for example_short_circuit_decorator to 2024-01-07T00:00:00+00:00, run_after=2024-01-08T00:00:00+00:00
[2024-01-08T17:37:52.692+0300] {processor.py:183} INFO - Processing /usr/local/lib/python3.10/dist-packages/airflow/example_dags/example_short_circuit_decorator.py took 0.802 seconds
[2024-01-08T17:38:23.100+0300] {processor.py:161} INFO - Started process (PID=6252) to work on /usr/local/lib/python3.10/dist-packages/airflow/example_dags/example_short_circuit_decorator.py
[2024-01-08T17:38:23.104+0300] {processor.py:830} INFO - Processing file /usr/local/lib/python3.10/dist-packages/airflow/example_dags/example_short_circuit_decorator.py for tasks to queue
[2024-01-08T17:38:23.106+0300] {logging_mixin.py:188} INFO - [2024-01-08T17:38:23.106+0300] {dagbag.py:538} INFO - Filling up the DagBag from /usr/local/lib/python3.10/dist-packages/airflow/example_dags/example_short_circuit_decorator.py
[2024-01-08T17:38:23.132+0300] {processor.py:840} INFO - DAG(s) 'example_short_circuit_decorator' retrieved from /usr/local/lib/python3.10/dist-packages/airflow/example_dags/example_short_circuit_decorator.py
[2024-01-08T17:38:23.248+0300] {logging_mixin.py:188} INFO - [2024-01-08T17:38:23.247+0300] {dag.py:3033} INFO - Sync 1 DAGs
[2024-01-08T17:38:23.319+0300] {logging_mixin.py:188} INFO - [2024-01-08T17:38:23.319+0300] {dag.py:3820} INFO - Setting next_dagrun for example_short_circuit_decorator to 2024-01-07T00:00:00+00:00, run_after=2024-01-08T00:00:00+00:00
[2024-01-08T17:38:23.388+0300] {processor.py:183} INFO - Processing /usr/local/lib/python3.10/dist-packages/airflow/example_dags/example_short_circuit_decorator.py took 0.297 seconds
[2024-01-08T18:15:22.207+0300] {processor.py:161} INFO - Started process (PID=7518) to work on /usr/local/lib/python3.10/dist-packages/airflow/example_dags/example_short_circuit_decorator.py
[2024-01-08T18:15:22.210+0300] {processor.py:830} INFO - Processing file /usr/local/lib/python3.10/dist-packages/airflow/example_dags/example_short_circuit_decorator.py for tasks to queue
[2024-01-08T18:15:22.212+0300] {logging_mixin.py:188} INFO - [2024-01-08T18:15:22.212+0300] {dagbag.py:538} INFO - Filling up the DagBag from /usr/local/lib/python3.10/dist-packages/airflow/example_dags/example_short_circuit_decorator.py
[2024-01-08T18:15:22.246+0300] {processor.py:840} INFO - DAG(s) 'example_short_circuit_decorator' retrieved from /usr/local/lib/python3.10/dist-packages/airflow/example_dags/example_short_circuit_decorator.py
[2024-01-08T18:15:22.362+0300] {logging_mixin.py:188} INFO - [2024-01-08T18:15:22.362+0300] {dag.py:3033} INFO - Sync 1 DAGs
[2024-01-08T18:15:22.422+0300] {logging_mixin.py:188} INFO - [2024-01-08T18:15:22.421+0300] {dag.py:3820} INFO - Setting next_dagrun for example_short_circuit_decorator to 2024-01-07T00:00:00+00:00, run_after=2024-01-08T00:00:00+00:00
[2024-01-08T18:15:22.494+0300] {processor.py:183} INFO - Processing /usr/local/lib/python3.10/dist-packages/airflow/example_dags/example_short_circuit_decorator.py took 0.300 seconds
[2024-01-08T18:15:54.720+0300] {processor.py:161} INFO - Started process (PID=7861) to work on /usr/local/lib/python3.10/dist-packages/airflow/example_dags/example_short_circuit_decorator.py
[2024-01-08T18:15:54.722+0300] {processor.py:830} INFO - Processing file /usr/local/lib/python3.10/dist-packages/airflow/example_dags/example_short_circuit_decorator.py for tasks to queue
[2024-01-08T18:15:54.725+0300] {logging_mixin.py:188} INFO - [2024-01-08T18:15:54.724+0300] {dagbag.py:538} INFO - Filling up the DagBag from /usr/local/lib/python3.10/dist-packages/airflow/example_dags/example_short_circuit_decorator.py
[2024-01-08T18:15:54.751+0300] {processor.py:840} INFO - DAG(s) 'example_short_circuit_decorator' retrieved from /usr/local/lib/python3.10/dist-packages/airflow/example_dags/example_short_circuit_decorator.py
[2024-01-08T18:15:54.866+0300] {logging_mixin.py:188} INFO - [2024-01-08T18:15:54.866+0300] {dag.py:3033} INFO - Sync 1 DAGs
[2024-01-08T18:15:54.929+0300] {logging_mixin.py:188} INFO - [2024-01-08T18:15:54.929+0300] {dag.py:3820} INFO - Setting next_dagrun for example_short_circuit_decorator to 2024-01-07T00:00:00+00:00, run_after=2024-01-08T00:00:00+00:00
[2024-01-08T18:15:54.988+0300] {processor.py:183} INFO - Processing /usr/local/lib/python3.10/dist-packages/airflow/example_dags/example_short_circuit_decorator.py took 0.281 seconds
[2024-01-08T18:29:54.978+0300] {processor.py:161} INFO - Started process (PID=8843) to work on /usr/local/lib/python3.10/dist-packages/airflow/example_dags/example_short_circuit_decorator.py
[2024-01-08T18:29:55.161+0300] {processor.py:830} INFO - Processing file /usr/local/lib/python3.10/dist-packages/airflow/example_dags/example_short_circuit_decorator.py for tasks to queue
[2024-01-08T18:29:55.163+0300] {logging_mixin.py:188} INFO - [2024-01-08T18:29:55.162+0300] {dagbag.py:538} INFO - Filling up the DagBag from /usr/local/lib/python3.10/dist-packages/airflow/example_dags/example_short_circuit_decorator.py
[2024-01-08T18:29:56.459+0300] {processor.py:840} INFO - DAG(s) 'example_short_circuit_decorator' retrieved from /usr/local/lib/python3.10/dist-packages/airflow/example_dags/example_short_circuit_decorator.py
[2024-01-08T18:29:58.000+0300] {logging_mixin.py:188} INFO - [2024-01-08T18:29:57.999+0300] {dag.py:3033} INFO - Sync 1 DAGs
[2024-01-08T18:30:00.033+0300] {logging_mixin.py:188} INFO - [2024-01-08T18:30:00.033+0300] {dag.py:3820} INFO - Setting next_dagrun for example_short_circuit_decorator to 2024-01-07T00:00:00+00:00, run_after=2024-01-08T00:00:00+00:00
[2024-01-08T18:30:03.714+0300] {processor.py:183} INFO - Processing /usr/local/lib/python3.10/dist-packages/airflow/example_dags/example_short_circuit_decorator.py took 9.417 seconds
[2024-01-08T18:33:24.298+0300] {processor.py:161} INFO - Started process (PID=10159) to work on /usr/local/lib/python3.10/dist-packages/airflow/example_dags/example_short_circuit_decorator.py
[2024-01-08T18:33:24.381+0300] {processor.py:830} INFO - Processing file /usr/local/lib/python3.10/dist-packages/airflow/example_dags/example_short_circuit_decorator.py for tasks to queue
[2024-01-08T18:33:24.384+0300] {logging_mixin.py:188} INFO - [2024-01-08T18:33:24.383+0300] {dagbag.py:538} INFO - Filling up the DagBag from /usr/local/lib/python3.10/dist-packages/airflow/example_dags/example_short_circuit_decorator.py
[2024-01-08T18:33:25.386+0300] {processor.py:840} INFO - DAG(s) 'example_short_circuit_decorator' retrieved from /usr/local/lib/python3.10/dist-packages/airflow/example_dags/example_short_circuit_decorator.py
[2024-01-08T18:33:26.796+0300] {logging_mixin.py:188} INFO - [2024-01-08T18:33:26.795+0300] {dag.py:3033} INFO - Sync 1 DAGs
[2024-01-08T18:33:27.856+0300] {logging_mixin.py:188} INFO - [2024-01-08T18:33:27.856+0300] {dag.py:3820} INFO - Setting next_dagrun for example_short_circuit_decorator to 2024-01-07T00:00:00+00:00, run_after=2024-01-08T00:00:00+00:00
[2024-01-08T18:33:28.823+0300] {processor.py:183} INFO - Processing /usr/local/lib/python3.10/dist-packages/airflow/example_dags/example_short_circuit_decorator.py took 4.971 seconds
[2024-01-08T18:36:08.972+0300] {processor.py:161} INFO - Started process (PID=11185) to work on /usr/local/lib/python3.10/dist-packages/airflow/example_dags/example_short_circuit_decorator.py
[2024-01-08T18:36:09.205+0300] {processor.py:830} INFO - Processing file /usr/local/lib/python3.10/dist-packages/airflow/example_dags/example_short_circuit_decorator.py for tasks to queue
[2024-01-08T18:36:09.207+0300] {logging_mixin.py:188} INFO - [2024-01-08T18:36:09.206+0300] {dagbag.py:538} INFO - Filling up the DagBag from /usr/local/lib/python3.10/dist-packages/airflow/example_dags/example_short_circuit_decorator.py
[2024-01-08T18:36:09.609+0300] {processor.py:840} INFO - DAG(s) 'example_short_circuit_decorator' retrieved from /usr/local/lib/python3.10/dist-packages/airflow/example_dags/example_short_circuit_decorator.py
[2024-01-08T18:36:10.990+0300] {logging_mixin.py:188} INFO - [2024-01-08T18:36:10.989+0300] {dag.py:3033} INFO - Sync 1 DAGs
[2024-01-08T18:36:11.550+0300] {logging_mixin.py:188} INFO - [2024-01-08T18:36:11.550+0300] {dag.py:3820} INFO - Setting next_dagrun for example_short_circuit_decorator to 2024-01-07T00:00:00+00:00, run_after=2024-01-08T00:00:00+00:00
[2024-01-08T18:36:12.076+0300] {processor.py:183} INFO - Processing /usr/local/lib/python3.10/dist-packages/airflow/example_dags/example_short_circuit_decorator.py took 3.204 seconds
[2024-01-08T18:38:00.131+0300] {processor.py:161} INFO - Started process (PID=11974) to work on /usr/local/lib/python3.10/dist-packages/airflow/example_dags/example_short_circuit_decorator.py
[2024-01-08T18:38:00.291+0300] {processor.py:830} INFO - Processing file /usr/local/lib/python3.10/dist-packages/airflow/example_dags/example_short_circuit_decorator.py for tasks to queue
[2024-01-08T18:38:00.294+0300] {logging_mixin.py:188} INFO - [2024-01-08T18:38:00.293+0300] {dagbag.py:538} INFO - Filling up the DagBag from /usr/local/lib/python3.10/dist-packages/airflow/example_dags/example_short_circuit_decorator.py
[2024-01-08T18:38:00.794+0300] {processor.py:840} INFO - DAG(s) 'example_short_circuit_decorator' retrieved from /usr/local/lib/python3.10/dist-packages/airflow/example_dags/example_short_circuit_decorator.py
[2024-01-08T18:38:01.682+0300] {logging_mixin.py:188} INFO - [2024-01-08T18:38:01.681+0300] {dag.py:3033} INFO - Sync 1 DAGs
[2024-01-08T18:38:02.417+0300] {logging_mixin.py:188} INFO - [2024-01-08T18:38:02.417+0300] {dag.py:3820} INFO - Setting next_dagrun for example_short_circuit_decorator to 2024-01-07T00:00:00+00:00, run_after=2024-01-08T00:00:00+00:00
[2024-01-08T18:38:02.733+0300] {processor.py:183} INFO - Processing /usr/local/lib/python3.10/dist-packages/airflow/example_dags/example_short_circuit_decorator.py took 2.650 seconds
[2024-01-08T18:41:03.385+0300] {processor.py:161} INFO - Started process (PID=13207) to work on /usr/local/lib/python3.10/dist-packages/airflow/example_dags/example_short_circuit_decorator.py
[2024-01-08T18:41:03.478+0300] {processor.py:830} INFO - Processing file /usr/local/lib/python3.10/dist-packages/airflow/example_dags/example_short_circuit_decorator.py for tasks to queue
[2024-01-08T18:41:03.480+0300] {logging_mixin.py:188} INFO - [2024-01-08T18:41:03.479+0300] {dagbag.py:538} INFO - Filling up the DagBag from /usr/local/lib/python3.10/dist-packages/airflow/example_dags/example_short_circuit_decorator.py
[2024-01-08T18:41:03.830+0300] {processor.py:840} INFO - DAG(s) 'example_short_circuit_decorator' retrieved from /usr/local/lib/python3.10/dist-packages/airflow/example_dags/example_short_circuit_decorator.py
[2024-01-08T18:41:04.981+0300] {logging_mixin.py:188} INFO - [2024-01-08T18:41:04.980+0300] {dag.py:3033} INFO - Sync 1 DAGs
[2024-01-08T18:41:05.786+0300] {logging_mixin.py:188} INFO - [2024-01-08T18:41:05.785+0300] {dag.py:3820} INFO - Setting next_dagrun for example_short_circuit_decorator to 2024-01-07T00:00:00+00:00, run_after=2024-01-08T00:00:00+00:00
[2024-01-08T18:41:06.638+0300] {processor.py:183} INFO - Processing /usr/local/lib/python3.10/dist-packages/airflow/example_dags/example_short_circuit_decorator.py took 3.357 seconds
[2024-01-08T18:42:02.285+0300] {processor.py:161} INFO - Started process (PID=13816) to work on /usr/local/lib/python3.10/dist-packages/airflow/example_dags/example_short_circuit_decorator.py
[2024-01-08T18:42:02.299+0300] {processor.py:830} INFO - Processing file /usr/local/lib/python3.10/dist-packages/airflow/example_dags/example_short_circuit_decorator.py for tasks to queue
[2024-01-08T18:42:02.301+0300] {logging_mixin.py:188} INFO - [2024-01-08T18:42:02.300+0300] {dagbag.py:538} INFO - Filling up the DagBag from /usr/local/lib/python3.10/dist-packages/airflow/example_dags/example_short_circuit_decorator.py
[2024-01-08T18:42:02.490+0300] {processor.py:840} INFO - DAG(s) 'example_short_circuit_decorator' retrieved from /usr/local/lib/python3.10/dist-packages/airflow/example_dags/example_short_circuit_decorator.py
[2024-01-08T18:42:03.105+0300] {logging_mixin.py:188} INFO - [2024-01-08T18:42:03.105+0300] {dag.py:3033} INFO - Sync 1 DAGs
[2024-01-08T18:42:03.414+0300] {logging_mixin.py:188} INFO - [2024-01-08T18:42:03.414+0300] {dag.py:3820} INFO - Setting next_dagrun for example_short_circuit_decorator to 2024-01-07T00:00:00+00:00, run_after=2024-01-08T00:00:00+00:00
[2024-01-08T18:42:03.669+0300] {processor.py:183} INFO - Processing /usr/local/lib/python3.10/dist-packages/airflow/example_dags/example_short_circuit_decorator.py took 1.464 seconds
[2024-01-08T18:42:34.175+0300] {processor.py:161} INFO - Started process (PID=14210) to work on /usr/local/lib/python3.10/dist-packages/airflow/example_dags/example_short_circuit_decorator.py
[2024-01-08T18:42:34.180+0300] {processor.py:830} INFO - Processing file /usr/local/lib/python3.10/dist-packages/airflow/example_dags/example_short_circuit_decorator.py for tasks to queue
[2024-01-08T18:42:34.183+0300] {logging_mixin.py:188} INFO - [2024-01-08T18:42:34.182+0300] {dagbag.py:538} INFO - Filling up the DagBag from /usr/local/lib/python3.10/dist-packages/airflow/example_dags/example_short_circuit_decorator.py
[2024-01-08T18:42:34.314+0300] {processor.py:840} INFO - DAG(s) 'example_short_circuit_decorator' retrieved from /usr/local/lib/python3.10/dist-packages/airflow/example_dags/example_short_circuit_decorator.py
[2024-01-08T18:42:34.590+0300] {logging_mixin.py:188} INFO - [2024-01-08T18:42:34.590+0300] {dag.py:3033} INFO - Sync 1 DAGs
[2024-01-08T18:42:34.904+0300] {logging_mixin.py:188} INFO - [2024-01-08T18:42:34.904+0300] {dag.py:3820} INFO - Setting next_dagrun for example_short_circuit_decorator to 2024-01-07T00:00:00+00:00, run_after=2024-01-08T00:00:00+00:00
[2024-01-08T18:42:35.198+0300] {processor.py:183} INFO - Processing /usr/local/lib/python3.10/dist-packages/airflow/example_dags/example_short_circuit_decorator.py took 1.041 seconds
[2024-01-08T18:43:09.170+0300] {processor.py:161} INFO - Started process (PID=14641) to work on /usr/local/lib/python3.10/dist-packages/airflow/example_dags/example_short_circuit_decorator.py
[2024-01-08T18:43:09.174+0300] {processor.py:830} INFO - Processing file /usr/local/lib/python3.10/dist-packages/airflow/example_dags/example_short_circuit_decorator.py for tasks to queue
[2024-01-08T18:43:09.177+0300] {logging_mixin.py:188} INFO - [2024-01-08T18:43:09.176+0300] {dagbag.py:538} INFO - Filling up the DagBag from /usr/local/lib/python3.10/dist-packages/airflow/example_dags/example_short_circuit_decorator.py
[2024-01-08T18:43:09.221+0300] {processor.py:840} INFO - DAG(s) 'example_short_circuit_decorator' retrieved from /usr/local/lib/python3.10/dist-packages/airflow/example_dags/example_short_circuit_decorator.py
[2024-01-08T18:43:09.350+0300] {logging_mixin.py:188} INFO - [2024-01-08T18:43:09.350+0300] {dag.py:3033} INFO - Sync 1 DAGs
[2024-01-08T18:43:09.431+0300] {logging_mixin.py:188} INFO - [2024-01-08T18:43:09.430+0300] {dag.py:3820} INFO - Setting next_dagrun for example_short_circuit_decorator to 2024-01-07T00:00:00+00:00, run_after=2024-01-08T00:00:00+00:00
[2024-01-08T18:43:09.516+0300] {processor.py:183} INFO - Processing /usr/local/lib/python3.10/dist-packages/airflow/example_dags/example_short_circuit_decorator.py took 0.364 seconds
[2024-01-08T18:43:40.479+0300] {processor.py:161} INFO - Started process (PID=14958) to work on /usr/local/lib/python3.10/dist-packages/airflow/example_dags/example_short_circuit_decorator.py
[2024-01-08T18:43:40.482+0300] {processor.py:830} INFO - Processing file /usr/local/lib/python3.10/dist-packages/airflow/example_dags/example_short_circuit_decorator.py for tasks to queue
[2024-01-08T18:43:40.485+0300] {logging_mixin.py:188} INFO - [2024-01-08T18:43:40.483+0300] {dagbag.py:538} INFO - Filling up the DagBag from /usr/local/lib/python3.10/dist-packages/airflow/example_dags/example_short_circuit_decorator.py
[2024-01-08T18:43:40.522+0300] {processor.py:840} INFO - DAG(s) 'example_short_circuit_decorator' retrieved from /usr/local/lib/python3.10/dist-packages/airflow/example_dags/example_short_circuit_decorator.py
[2024-01-08T18:43:40.651+0300] {logging_mixin.py:188} INFO - [2024-01-08T18:43:40.650+0300] {dag.py:3033} INFO - Sync 1 DAGs
[2024-01-08T18:43:40.740+0300] {logging_mixin.py:188} INFO - [2024-01-08T18:43:40.739+0300] {dag.py:3820} INFO - Setting next_dagrun for example_short_circuit_decorator to 2024-01-07T00:00:00+00:00, run_after=2024-01-08T00:00:00+00:00
[2024-01-08T18:43:40.921+0300] {processor.py:183} INFO - Processing /usr/local/lib/python3.10/dist-packages/airflow/example_dags/example_short_circuit_decorator.py took 0.456 seconds
[2024-01-08T18:44:11.506+0300] {processor.py:161} INFO - Started process (PID=15277) to work on /usr/local/lib/python3.10/dist-packages/airflow/example_dags/example_short_circuit_decorator.py
[2024-01-08T18:44:11.510+0300] {processor.py:830} INFO - Processing file /usr/local/lib/python3.10/dist-packages/airflow/example_dags/example_short_circuit_decorator.py for tasks to queue
[2024-01-08T18:44:11.514+0300] {logging_mixin.py:188} INFO - [2024-01-08T18:44:11.513+0300] {dagbag.py:538} INFO - Filling up the DagBag from /usr/local/lib/python3.10/dist-packages/airflow/example_dags/example_short_circuit_decorator.py
[2024-01-08T18:44:11.583+0300] {processor.py:840} INFO - DAG(s) 'example_short_circuit_decorator' retrieved from /usr/local/lib/python3.10/dist-packages/airflow/example_dags/example_short_circuit_decorator.py
[2024-01-08T18:44:11.720+0300] {logging_mixin.py:188} INFO - [2024-01-08T18:44:11.719+0300] {dag.py:3033} INFO - Sync 1 DAGs
[2024-01-08T18:44:11.810+0300] {logging_mixin.py:188} INFO - [2024-01-08T18:44:11.809+0300] {dag.py:3820} INFO - Setting next_dagrun for example_short_circuit_decorator to 2024-01-07T00:00:00+00:00, run_after=2024-01-08T00:00:00+00:00
[2024-01-08T18:44:11.869+0300] {processor.py:183} INFO - Processing /usr/local/lib/python3.10/dist-packages/airflow/example_dags/example_short_circuit_decorator.py took 0.381 seconds
[2024-01-08T18:44:44.573+0300] {processor.py:161} INFO - Started process (PID=15608) to work on /usr/local/lib/python3.10/dist-packages/airflow/example_dags/example_short_circuit_decorator.py
[2024-01-08T18:44:44.586+0300] {processor.py:830} INFO - Processing file /usr/local/lib/python3.10/dist-packages/airflow/example_dags/example_short_circuit_decorator.py for tasks to queue
[2024-01-08T18:44:44.588+0300] {logging_mixin.py:188} INFO - [2024-01-08T18:44:44.587+0300] {dagbag.py:538} INFO - Filling up the DagBag from /usr/local/lib/python3.10/dist-packages/airflow/example_dags/example_short_circuit_decorator.py
[2024-01-08T18:44:44.709+0300] {processor.py:840} INFO - DAG(s) 'example_short_circuit_decorator' retrieved from /usr/local/lib/python3.10/dist-packages/airflow/example_dags/example_short_circuit_decorator.py
[2024-01-08T18:44:44.985+0300] {logging_mixin.py:188} INFO - [2024-01-08T18:44:44.984+0300] {dag.py:3033} INFO - Sync 1 DAGs
[2024-01-08T18:44:45.281+0300] {logging_mixin.py:188} INFO - [2024-01-08T18:44:45.281+0300] {dag.py:3820} INFO - Setting next_dagrun for example_short_circuit_decorator to 2024-01-07T00:00:00+00:00, run_after=2024-01-08T00:00:00+00:00
[2024-01-08T18:44:45.460+0300] {processor.py:183} INFO - Processing /usr/local/lib/python3.10/dist-packages/airflow/example_dags/example_short_circuit_decorator.py took 0.933 seconds
[2024-01-08T18:45:17.719+0300] {processor.py:161} INFO - Started process (PID=15991) to work on /usr/local/lib/python3.10/dist-packages/airflow/example_dags/example_short_circuit_decorator.py
[2024-01-08T18:45:17.742+0300] {processor.py:830} INFO - Processing file /usr/local/lib/python3.10/dist-packages/airflow/example_dags/example_short_circuit_decorator.py for tasks to queue
[2024-01-08T18:45:17.753+0300] {logging_mixin.py:188} INFO - [2024-01-08T18:45:17.744+0300] {dagbag.py:538} INFO - Filling up the DagBag from /usr/local/lib/python3.10/dist-packages/airflow/example_dags/example_short_circuit_decorator.py
[2024-01-08T18:45:17.869+0300] {processor.py:840} INFO - DAG(s) 'example_short_circuit_decorator' retrieved from /usr/local/lib/python3.10/dist-packages/airflow/example_dags/example_short_circuit_decorator.py
[2024-01-08T18:45:18.272+0300] {logging_mixin.py:188} INFO - [2024-01-08T18:45:18.271+0300] {dag.py:3033} INFO - Sync 1 DAGs
[2024-01-08T18:45:18.531+0300] {logging_mixin.py:188} INFO - [2024-01-08T18:45:18.530+0300] {dag.py:3820} INFO - Setting next_dagrun for example_short_circuit_decorator to 2024-01-07T00:00:00+00:00, run_after=2024-01-08T00:00:00+00:00
[2024-01-08T18:45:18.737+0300] {processor.py:183} INFO - Processing /usr/local/lib/python3.10/dist-packages/airflow/example_dags/example_short_circuit_decorator.py took 1.063 seconds
[2024-01-08T18:46:08.466+0300] {processor.py:161} INFO - Started process (PID=16540) to work on /usr/local/lib/python3.10/dist-packages/airflow/example_dags/example_short_circuit_decorator.py
[2024-01-08T18:46:08.469+0300] {processor.py:830} INFO - Processing file /usr/local/lib/python3.10/dist-packages/airflow/example_dags/example_short_circuit_decorator.py for tasks to queue
[2024-01-08T18:46:08.471+0300] {logging_mixin.py:188} INFO - [2024-01-08T18:46:08.470+0300] {dagbag.py:538} INFO - Filling up the DagBag from /usr/local/lib/python3.10/dist-packages/airflow/example_dags/example_short_circuit_decorator.py
[2024-01-08T18:46:08.518+0300] {processor.py:840} INFO - DAG(s) 'example_short_circuit_decorator' retrieved from /usr/local/lib/python3.10/dist-packages/airflow/example_dags/example_short_circuit_decorator.py
[2024-01-08T18:46:09.191+0300] {logging_mixin.py:188} INFO - [2024-01-08T18:46:09.190+0300] {dag.py:3033} INFO - Sync 1 DAGs
[2024-01-08T18:46:09.798+0300] {logging_mixin.py:188} INFO - [2024-01-08T18:46:09.798+0300] {dag.py:3820} INFO - Setting next_dagrun for example_short_circuit_decorator to 2024-01-07T00:00:00+00:00, run_after=2024-01-08T00:00:00+00:00
[2024-01-08T18:46:10.043+0300] {processor.py:183} INFO - Processing /usr/local/lib/python3.10/dist-packages/airflow/example_dags/example_short_circuit_decorator.py took 1.626 seconds
[2024-01-08T18:46:49.841+0300] {processor.py:161} INFO - Started process (PID=16993) to work on /usr/local/lib/python3.10/dist-packages/airflow/example_dags/example_short_circuit_decorator.py
[2024-01-08T18:46:49.849+0300] {processor.py:830} INFO - Processing file /usr/local/lib/python3.10/dist-packages/airflow/example_dags/example_short_circuit_decorator.py for tasks to queue
[2024-01-08T18:46:49.851+0300] {logging_mixin.py:188} INFO - [2024-01-08T18:46:49.850+0300] {dagbag.py:538} INFO - Filling up the DagBag from /usr/local/lib/python3.10/dist-packages/airflow/example_dags/example_short_circuit_decorator.py
[2024-01-08T18:46:49.924+0300] {processor.py:840} INFO - DAG(s) 'example_short_circuit_decorator' retrieved from /usr/local/lib/python3.10/dist-packages/airflow/example_dags/example_short_circuit_decorator.py
[2024-01-08T18:46:50.227+0300] {logging_mixin.py:188} INFO - [2024-01-08T18:46:50.227+0300] {dag.py:3033} INFO - Sync 1 DAGs
[2024-01-08T18:46:50.537+0300] {logging_mixin.py:188} INFO - [2024-01-08T18:46:50.537+0300] {dag.py:3820} INFO - Setting next_dagrun for example_short_circuit_decorator to 2024-01-07T00:00:00+00:00, run_after=2024-01-08T00:00:00+00:00
[2024-01-08T18:46:50.810+0300] {processor.py:183} INFO - Processing /usr/local/lib/python3.10/dist-packages/airflow/example_dags/example_short_circuit_decorator.py took 1.007 seconds
[2024-01-08T18:47:20.955+0300] {processor.py:161} INFO - Started process (PID=17370) to work on /usr/local/lib/python3.10/dist-packages/airflow/example_dags/example_short_circuit_decorator.py
[2024-01-08T18:47:20.959+0300] {processor.py:830} INFO - Processing file /usr/local/lib/python3.10/dist-packages/airflow/example_dags/example_short_circuit_decorator.py for tasks to queue
[2024-01-08T18:47:20.961+0300] {logging_mixin.py:188} INFO - [2024-01-08T18:47:20.960+0300] {dagbag.py:538} INFO - Filling up the DagBag from /usr/local/lib/python3.10/dist-packages/airflow/example_dags/example_short_circuit_decorator.py
[2024-01-08T18:47:20.990+0300] {processor.py:840} INFO - DAG(s) 'example_short_circuit_decorator' retrieved from /usr/local/lib/python3.10/dist-packages/airflow/example_dags/example_short_circuit_decorator.py
[2024-01-08T18:47:21.102+0300] {logging_mixin.py:188} INFO - [2024-01-08T18:47:21.102+0300] {dag.py:3033} INFO - Sync 1 DAGs
[2024-01-08T18:47:21.156+0300] {logging_mixin.py:188} INFO - [2024-01-08T18:47:21.156+0300] {dag.py:3820} INFO - Setting next_dagrun for example_short_circuit_decorator to 2024-01-07T00:00:00+00:00, run_after=2024-01-08T00:00:00+00:00
[2024-01-08T18:47:21.207+0300] {processor.py:183} INFO - Processing /usr/local/lib/python3.10/dist-packages/airflow/example_dags/example_short_circuit_decorator.py took 0.268 seconds
[2024-01-08T18:47:51.598+0300] {processor.py:161} INFO - Started process (PID=17710) to work on /usr/local/lib/python3.10/dist-packages/airflow/example_dags/example_short_circuit_decorator.py
[2024-01-08T18:47:51.604+0300] {processor.py:830} INFO - Processing file /usr/local/lib/python3.10/dist-packages/airflow/example_dags/example_short_circuit_decorator.py for tasks to queue
[2024-01-08T18:47:51.613+0300] {logging_mixin.py:188} INFO - [2024-01-08T18:47:51.608+0300] {dagbag.py:538} INFO - Filling up the DagBag from /usr/local/lib/python3.10/dist-packages/airflow/example_dags/example_short_circuit_decorator.py
[2024-01-08T18:47:51.656+0300] {processor.py:840} INFO - DAG(s) 'example_short_circuit_decorator' retrieved from /usr/local/lib/python3.10/dist-packages/airflow/example_dags/example_short_circuit_decorator.py
[2024-01-08T18:47:51.742+0300] {logging_mixin.py:188} INFO - [2024-01-08T18:47:51.741+0300] {dag.py:3033} INFO - Sync 1 DAGs
[2024-01-08T18:47:51.802+0300] {logging_mixin.py:188} INFO - [2024-01-08T18:47:51.801+0300] {dag.py:3820} INFO - Setting next_dagrun for example_short_circuit_decorator to 2024-01-07T00:00:00+00:00, run_after=2024-01-08T00:00:00+00:00
[2024-01-08T18:47:51.869+0300] {processor.py:183} INFO - Processing /usr/local/lib/python3.10/dist-packages/airflow/example_dags/example_short_circuit_decorator.py took 0.300 seconds
[2024-01-08T18:48:30.053+0300] {processor.py:161} INFO - Started process (PID=18124) to work on /usr/local/lib/python3.10/dist-packages/airflow/example_dags/example_short_circuit_decorator.py
[2024-01-08T18:48:30.073+0300] {processor.py:830} INFO - Processing file /usr/local/lib/python3.10/dist-packages/airflow/example_dags/example_short_circuit_decorator.py for tasks to queue
[2024-01-08T18:48:30.076+0300] {logging_mixin.py:188} INFO - [2024-01-08T18:48:30.075+0300] {dagbag.py:538} INFO - Filling up the DagBag from /usr/local/lib/python3.10/dist-packages/airflow/example_dags/example_short_circuit_decorator.py
[2024-01-08T18:48:30.114+0300] {processor.py:840} INFO - DAG(s) 'example_short_circuit_decorator' retrieved from /usr/local/lib/python3.10/dist-packages/airflow/example_dags/example_short_circuit_decorator.py
[2024-01-08T18:48:30.295+0300] {logging_mixin.py:188} INFO - [2024-01-08T18:48:30.295+0300] {dag.py:3033} INFO - Sync 1 DAGs
[2024-01-08T18:48:30.447+0300] {logging_mixin.py:188} INFO - [2024-01-08T18:48:30.447+0300] {dag.py:3820} INFO - Setting next_dagrun for example_short_circuit_decorator to 2024-01-07T00:00:00+00:00, run_after=2024-01-08T00:00:00+00:00
[2024-01-08T18:48:30.657+0300] {processor.py:183} INFO - Processing /usr/local/lib/python3.10/dist-packages/airflow/example_dags/example_short_circuit_decorator.py took 0.640 seconds
[2024-01-08T18:49:01.459+0300] {processor.py:161} INFO - Started process (PID=18486) to work on /usr/local/lib/python3.10/dist-packages/airflow/example_dags/example_short_circuit_decorator.py
[2024-01-08T18:49:01.461+0300] {processor.py:830} INFO - Processing file /usr/local/lib/python3.10/dist-packages/airflow/example_dags/example_short_circuit_decorator.py for tasks to queue
[2024-01-08T18:49:01.464+0300] {logging_mixin.py:188} INFO - [2024-01-08T18:49:01.463+0300] {dagbag.py:538} INFO - Filling up the DagBag from /usr/local/lib/python3.10/dist-packages/airflow/example_dags/example_short_circuit_decorator.py
[2024-01-08T18:49:01.658+0300] {processor.py:840} INFO - DAG(s) 'example_short_circuit_decorator' retrieved from /usr/local/lib/python3.10/dist-packages/airflow/example_dags/example_short_circuit_decorator.py
[2024-01-08T18:49:02.118+0300] {logging_mixin.py:188} INFO - [2024-01-08T18:49:02.117+0300] {dag.py:3033} INFO - Sync 1 DAGs
[2024-01-08T18:49:02.543+0300] {logging_mixin.py:188} INFO - [2024-01-08T18:49:02.543+0300] {dag.py:3820} INFO - Setting next_dagrun for example_short_circuit_decorator to 2024-01-07T00:00:00+00:00, run_after=2024-01-08T00:00:00+00:00
[2024-01-08T18:49:02.862+0300] {processor.py:183} INFO - Processing /usr/local/lib/python3.10/dist-packages/airflow/example_dags/example_short_circuit_decorator.py took 1.450 seconds
[2024-01-08T18:49:33.973+0300] {processor.py:161} INFO - Started process (PID=18903) to work on /usr/local/lib/python3.10/dist-packages/airflow/example_dags/example_short_circuit_decorator.py
[2024-01-08T18:49:33.985+0300] {processor.py:830} INFO - Processing file /usr/local/lib/python3.10/dist-packages/airflow/example_dags/example_short_circuit_decorator.py for tasks to queue
[2024-01-08T18:49:33.987+0300] {logging_mixin.py:188} INFO - [2024-01-08T18:49:33.986+0300] {dagbag.py:538} INFO - Filling up the DagBag from /usr/local/lib/python3.10/dist-packages/airflow/example_dags/example_short_circuit_decorator.py
[2024-01-08T18:49:34.026+0300] {processor.py:840} INFO - DAG(s) 'example_short_circuit_decorator' retrieved from /usr/local/lib/python3.10/dist-packages/airflow/example_dags/example_short_circuit_decorator.py
[2024-01-08T18:49:34.107+0300] {logging_mixin.py:188} INFO - [2024-01-08T18:49:34.107+0300] {dag.py:3033} INFO - Sync 1 DAGs
[2024-01-08T18:49:34.162+0300] {logging_mixin.py:188} INFO - [2024-01-08T18:49:34.161+0300] {dag.py:3820} INFO - Setting next_dagrun for example_short_circuit_decorator to 2024-01-07T00:00:00+00:00, run_after=2024-01-08T00:00:00+00:00
[2024-01-08T18:49:34.221+0300] {processor.py:183} INFO - Processing /usr/local/lib/python3.10/dist-packages/airflow/example_dags/example_short_circuit_decorator.py took 0.262 seconds
[2024-01-08T18:50:04.571+0300] {processor.py:161} INFO - Started process (PID=19219) to work on /usr/local/lib/python3.10/dist-packages/airflow/example_dags/example_short_circuit_decorator.py
[2024-01-08T18:50:04.573+0300] {processor.py:830} INFO - Processing file /usr/local/lib/python3.10/dist-packages/airflow/example_dags/example_short_circuit_decorator.py for tasks to queue
[2024-01-08T18:50:04.575+0300] {logging_mixin.py:188} INFO - [2024-01-08T18:50:04.574+0300] {dagbag.py:538} INFO - Filling up the DagBag from /usr/local/lib/python3.10/dist-packages/airflow/example_dags/example_short_circuit_decorator.py
[2024-01-08T18:50:04.618+0300] {processor.py:840} INFO - DAG(s) 'example_short_circuit_decorator' retrieved from /usr/local/lib/python3.10/dist-packages/airflow/example_dags/example_short_circuit_decorator.py
[2024-01-08T18:50:04.785+0300] {logging_mixin.py:188} INFO - [2024-01-08T18:50:04.784+0300] {dag.py:3033} INFO - Sync 1 DAGs
[2024-01-08T18:50:04.895+0300] {logging_mixin.py:188} INFO - [2024-01-08T18:50:04.894+0300] {dag.py:3820} INFO - Setting next_dagrun for example_short_circuit_decorator to 2024-01-07T00:00:00+00:00, run_after=2024-01-08T00:00:00+00:00
[2024-01-08T18:50:04.993+0300] {processor.py:183} INFO - Processing /usr/local/lib/python3.10/dist-packages/airflow/example_dags/example_short_circuit_decorator.py took 0.430 seconds
[2024-01-08T18:50:35.319+0300] {processor.py:161} INFO - Started process (PID=19535) to work on /usr/local/lib/python3.10/dist-packages/airflow/example_dags/example_short_circuit_decorator.py
[2024-01-08T18:50:35.321+0300] {processor.py:830} INFO - Processing file /usr/local/lib/python3.10/dist-packages/airflow/example_dags/example_short_circuit_decorator.py for tasks to queue
[2024-01-08T18:50:35.323+0300] {logging_mixin.py:188} INFO - [2024-01-08T18:50:35.322+0300] {dagbag.py:538} INFO - Filling up the DagBag from /usr/local/lib/python3.10/dist-packages/airflow/example_dags/example_short_circuit_decorator.py
[2024-01-08T18:50:35.347+0300] {processor.py:840} INFO - DAG(s) 'example_short_circuit_decorator' retrieved from /usr/local/lib/python3.10/dist-packages/airflow/example_dags/example_short_circuit_decorator.py
[2024-01-08T18:50:35.445+0300] {logging_mixin.py:188} INFO - [2024-01-08T18:50:35.445+0300] {dag.py:3033} INFO - Sync 1 DAGs
[2024-01-08T18:50:35.516+0300] {logging_mixin.py:188} INFO - [2024-01-08T18:50:35.514+0300] {dag.py:3820} INFO - Setting next_dagrun for example_short_circuit_decorator to 2024-01-07T00:00:00+00:00, run_after=2024-01-08T00:00:00+00:00
[2024-01-08T18:50:35.581+0300] {processor.py:183} INFO - Processing /usr/local/lib/python3.10/dist-packages/airflow/example_dags/example_short_circuit_decorator.py took 0.272 seconds
[2024-01-08T18:51:09.500+0300] {processor.py:161} INFO - Started process (PID=19880) to work on /usr/local/lib/python3.10/dist-packages/airflow/example_dags/example_short_circuit_decorator.py
[2024-01-08T18:51:09.517+0300] {processor.py:830} INFO - Processing file /usr/local/lib/python3.10/dist-packages/airflow/example_dags/example_short_circuit_decorator.py for tasks to queue
[2024-01-08T18:51:09.535+0300] {logging_mixin.py:188} INFO - [2024-01-08T18:51:09.519+0300] {dagbag.py:538} INFO - Filling up the DagBag from /usr/local/lib/python3.10/dist-packages/airflow/example_dags/example_short_circuit_decorator.py
[2024-01-08T18:51:09.682+0300] {processor.py:840} INFO - DAG(s) 'example_short_circuit_decorator' retrieved from /usr/local/lib/python3.10/dist-packages/airflow/example_dags/example_short_circuit_decorator.py
[2024-01-08T18:51:09.939+0300] {logging_mixin.py:188} INFO - [2024-01-08T18:51:09.938+0300] {dag.py:3033} INFO - Sync 1 DAGs
[2024-01-08T18:51:10.063+0300] {logging_mixin.py:188} INFO - [2024-01-08T18:51:10.063+0300] {dag.py:3820} INFO - Setting next_dagrun for example_short_circuit_decorator to 2024-01-07T00:00:00+00:00, run_after=2024-01-08T00:00:00+00:00
[2024-01-08T18:51:10.128+0300] {processor.py:183} INFO - Processing /usr/local/lib/python3.10/dist-packages/airflow/example_dags/example_short_circuit_decorator.py took 0.689 seconds
[2024-01-08T18:51:43.451+0300] {processor.py:161} INFO - Started process (PID=20268) to work on /usr/local/lib/python3.10/dist-packages/airflow/example_dags/example_short_circuit_decorator.py
[2024-01-08T18:51:43.554+0300] {processor.py:830} INFO - Processing file /usr/local/lib/python3.10/dist-packages/airflow/example_dags/example_short_circuit_decorator.py for tasks to queue
[2024-01-08T18:51:43.557+0300] {logging_mixin.py:188} INFO - [2024-01-08T18:51:43.556+0300] {dagbag.py:538} INFO - Filling up the DagBag from /usr/local/lib/python3.10/dist-packages/airflow/example_dags/example_short_circuit_decorator.py
[2024-01-08T18:51:43.886+0300] {processor.py:840} INFO - DAG(s) 'example_short_circuit_decorator' retrieved from /usr/local/lib/python3.10/dist-packages/airflow/example_dags/example_short_circuit_decorator.py
[2024-01-08T18:51:44.405+0300] {logging_mixin.py:188} INFO - [2024-01-08T18:51:44.392+0300] {dag.py:3033} INFO - Sync 1 DAGs
[2024-01-08T18:51:44.731+0300] {logging_mixin.py:188} INFO - [2024-01-08T18:51:44.730+0300] {dag.py:3820} INFO - Setting next_dagrun for example_short_circuit_decorator to 2024-01-07T00:00:00+00:00, run_after=2024-01-08T00:00:00+00:00
[2024-01-08T18:51:45.198+0300] {processor.py:183} INFO - Processing /usr/local/lib/python3.10/dist-packages/airflow/example_dags/example_short_circuit_decorator.py took 1.800 seconds
[2024-01-08T18:52:33.288+0300] {processor.py:161} INFO - Started process (PID=20805) to work on /usr/local/lib/python3.10/dist-packages/airflow/example_dags/example_short_circuit_decorator.py
[2024-01-08T18:52:33.291+0300] {processor.py:830} INFO - Processing file /usr/local/lib/python3.10/dist-packages/airflow/example_dags/example_short_circuit_decorator.py for tasks to queue
[2024-01-08T18:52:33.294+0300] {logging_mixin.py:188} INFO - [2024-01-08T18:52:33.293+0300] {dagbag.py:538} INFO - Filling up the DagBag from /usr/local/lib/python3.10/dist-packages/airflow/example_dags/example_short_circuit_decorator.py
[2024-01-08T18:52:33.341+0300] {processor.py:840} INFO - DAG(s) 'example_short_circuit_decorator' retrieved from /usr/local/lib/python3.10/dist-packages/airflow/example_dags/example_short_circuit_decorator.py
[2024-01-08T18:52:33.469+0300] {logging_mixin.py:188} INFO - [2024-01-08T18:52:33.468+0300] {dag.py:3033} INFO - Sync 1 DAGs
[2024-01-08T18:52:33.568+0300] {logging_mixin.py:188} INFO - [2024-01-08T18:52:33.567+0300] {dag.py:3820} INFO - Setting next_dagrun for example_short_circuit_decorator to 2024-01-07T00:00:00+00:00, run_after=2024-01-08T00:00:00+00:00
[2024-01-08T18:52:33.663+0300] {processor.py:183} INFO - Processing /usr/local/lib/python3.10/dist-packages/airflow/example_dags/example_short_circuit_decorator.py took 0.391 seconds
[2024-01-08T18:53:38.310+0300] {processor.py:161} INFO - Started process (PID=21381) to work on /usr/local/lib/python3.10/dist-packages/airflow/example_dags/example_short_circuit_decorator.py
[2024-01-08T18:53:38.375+0300] {processor.py:830} INFO - Processing file /usr/local/lib/python3.10/dist-packages/airflow/example_dags/example_short_circuit_decorator.py for tasks to queue
[2024-01-08T18:53:38.378+0300] {logging_mixin.py:188} INFO - [2024-01-08T18:53:38.377+0300] {dagbag.py:538} INFO - Filling up the DagBag from /usr/local/lib/python3.10/dist-packages/airflow/example_dags/example_short_circuit_decorator.py
[2024-01-08T18:53:38.821+0300] {processor.py:840} INFO - DAG(s) 'example_short_circuit_decorator' retrieved from /usr/local/lib/python3.10/dist-packages/airflow/example_dags/example_short_circuit_decorator.py
[2024-01-08T18:53:39.811+0300] {logging_mixin.py:188} INFO - [2024-01-08T18:53:39.809+0300] {dag.py:3033} INFO - Sync 1 DAGs
[2024-01-08T18:53:40.352+0300] {logging_mixin.py:188} INFO - [2024-01-08T18:53:40.352+0300] {dag.py:3820} INFO - Setting next_dagrun for example_short_circuit_decorator to 2024-01-07T00:00:00+00:00, run_after=2024-01-08T00:00:00+00:00
[2024-01-08T18:53:40.690+0300] {processor.py:183} INFO - Processing /usr/local/lib/python3.10/dist-packages/airflow/example_dags/example_short_circuit_decorator.py took 2.441 seconds
[2024-01-08T18:54:20.966+0300] {processor.py:161} INFO - Started process (PID=21795) to work on /usr/local/lib/python3.10/dist-packages/airflow/example_dags/example_short_circuit_decorator.py
[2024-01-08T18:54:20.974+0300] {processor.py:830} INFO - Processing file /usr/local/lib/python3.10/dist-packages/airflow/example_dags/example_short_circuit_decorator.py for tasks to queue
[2024-01-08T18:54:20.983+0300] {logging_mixin.py:188} INFO - [2024-01-08T18:54:20.982+0300] {dagbag.py:538} INFO - Filling up the DagBag from /usr/local/lib/python3.10/dist-packages/airflow/example_dags/example_short_circuit_decorator.py
[2024-01-08T18:54:21.065+0300] {processor.py:840} INFO - DAG(s) 'example_short_circuit_decorator' retrieved from /usr/local/lib/python3.10/dist-packages/airflow/example_dags/example_short_circuit_decorator.py
[2024-01-08T18:54:21.290+0300] {logging_mixin.py:188} INFO - [2024-01-08T18:54:21.289+0300] {dag.py:3033} INFO - Sync 1 DAGs
[2024-01-08T18:54:21.391+0300] {logging_mixin.py:188} INFO - [2024-01-08T18:54:21.391+0300] {dag.py:3820} INFO - Setting next_dagrun for example_short_circuit_decorator to 2024-01-07T00:00:00+00:00, run_after=2024-01-08T00:00:00+00:00
[2024-01-08T18:54:21.524+0300] {processor.py:183} INFO - Processing /usr/local/lib/python3.10/dist-packages/airflow/example_dags/example_short_circuit_decorator.py took 0.593 seconds
[2024-01-08T18:54:57.013+0300] {processor.py:161} INFO - Started process (PID=22267) to work on /usr/local/lib/python3.10/dist-packages/airflow/example_dags/example_short_circuit_decorator.py
[2024-01-08T18:54:57.016+0300] {processor.py:830} INFO - Processing file /usr/local/lib/python3.10/dist-packages/airflow/example_dags/example_short_circuit_decorator.py for tasks to queue
[2024-01-08T18:54:57.018+0300] {logging_mixin.py:188} INFO - [2024-01-08T18:54:57.018+0300] {dagbag.py:538} INFO - Filling up the DagBag from /usr/local/lib/python3.10/dist-packages/airflow/example_dags/example_short_circuit_decorator.py
[2024-01-08T18:54:57.053+0300] {processor.py:840} INFO - DAG(s) 'example_short_circuit_decorator' retrieved from /usr/local/lib/python3.10/dist-packages/airflow/example_dags/example_short_circuit_decorator.py
[2024-01-08T18:54:57.202+0300] {logging_mixin.py:188} INFO - [2024-01-08T18:54:57.201+0300] {dag.py:3033} INFO - Sync 1 DAGs
[2024-01-08T18:54:57.315+0300] {logging_mixin.py:188} INFO - [2024-01-08T18:54:57.315+0300] {dag.py:3820} INFO - Setting next_dagrun for example_short_circuit_decorator to 2024-01-07T00:00:00+00:00, run_after=2024-01-08T00:00:00+00:00
[2024-01-08T18:54:57.420+0300] {processor.py:183} INFO - Processing /usr/local/lib/python3.10/dist-packages/airflow/example_dags/example_short_circuit_decorator.py took 0.418 seconds
[2024-01-08T18:55:35.408+0300] {processor.py:161} INFO - Started process (PID=22698) to work on /usr/local/lib/python3.10/dist-packages/airflow/example_dags/example_short_circuit_decorator.py
[2024-01-08T18:55:35.421+0300] {processor.py:830} INFO - Processing file /usr/local/lib/python3.10/dist-packages/airflow/example_dags/example_short_circuit_decorator.py for tasks to queue
[2024-01-08T18:55:35.424+0300] {logging_mixin.py:188} INFO - [2024-01-08T18:55:35.423+0300] {dagbag.py:538} INFO - Filling up the DagBag from /usr/local/lib/python3.10/dist-packages/airflow/example_dags/example_short_circuit_decorator.py
[2024-01-08T18:55:35.527+0300] {processor.py:840} INFO - DAG(s) 'example_short_circuit_decorator' retrieved from /usr/local/lib/python3.10/dist-packages/airflow/example_dags/example_short_circuit_decorator.py
[2024-01-08T18:55:35.825+0300] {logging_mixin.py:188} INFO - [2024-01-08T18:55:35.824+0300] {dag.py:3033} INFO - Sync 1 DAGs
[2024-01-08T18:55:36.007+0300] {logging_mixin.py:188} INFO - [2024-01-08T18:55:36.004+0300] {dag.py:3820} INFO - Setting next_dagrun for example_short_circuit_decorator to 2024-01-07T00:00:00+00:00, run_after=2024-01-08T00:00:00+00:00
[2024-01-08T18:55:36.076+0300] {processor.py:183} INFO - Processing /usr/local/lib/python3.10/dist-packages/airflow/example_dags/example_short_circuit_decorator.py took 0.690 seconds
[2024-01-08T18:56:06.775+0300] {processor.py:161} INFO - Started process (PID=23021) to work on /usr/local/lib/python3.10/dist-packages/airflow/example_dags/example_short_circuit_decorator.py
[2024-01-08T18:56:06.791+0300] {processor.py:830} INFO - Processing file /usr/local/lib/python3.10/dist-packages/airflow/example_dags/example_short_circuit_decorator.py for tasks to queue
[2024-01-08T18:56:06.794+0300] {logging_mixin.py:188} INFO - [2024-01-08T18:56:06.793+0300] {dagbag.py:538} INFO - Filling up the DagBag from /usr/local/lib/python3.10/dist-packages/airflow/example_dags/example_short_circuit_decorator.py
[2024-01-08T18:56:06.847+0300] {processor.py:840} INFO - DAG(s) 'example_short_circuit_decorator' retrieved from /usr/local/lib/python3.10/dist-packages/airflow/example_dags/example_short_circuit_decorator.py
[2024-01-08T18:56:06.975+0300] {logging_mixin.py:188} INFO - [2024-01-08T18:56:06.974+0300] {dag.py:3033} INFO - Sync 1 DAGs
[2024-01-08T18:56:07.068+0300] {logging_mixin.py:188} INFO - [2024-01-08T18:56:07.068+0300] {dag.py:3820} INFO - Setting next_dagrun for example_short_circuit_decorator to 2024-01-07T00:00:00+00:00, run_after=2024-01-08T00:00:00+00:00
[2024-01-08T18:56:07.219+0300] {processor.py:183} INFO - Processing /usr/local/lib/python3.10/dist-packages/airflow/example_dags/example_short_circuit_decorator.py took 0.458 seconds
[2024-01-08T18:56:37.599+0300] {processor.py:161} INFO - Started process (PID=23338) to work on /usr/local/lib/python3.10/dist-packages/airflow/example_dags/example_short_circuit_decorator.py
[2024-01-08T18:56:37.603+0300] {processor.py:830} INFO - Processing file /usr/local/lib/python3.10/dist-packages/airflow/example_dags/example_short_circuit_decorator.py for tasks to queue
[2024-01-08T18:56:37.604+0300] {logging_mixin.py:188} INFO - [2024-01-08T18:56:37.604+0300] {dagbag.py:538} INFO - Filling up the DagBag from /usr/local/lib/python3.10/dist-packages/airflow/example_dags/example_short_circuit_decorator.py
[2024-01-08T18:56:37.646+0300] {processor.py:840} INFO - DAG(s) 'example_short_circuit_decorator' retrieved from /usr/local/lib/python3.10/dist-packages/airflow/example_dags/example_short_circuit_decorator.py
[2024-01-08T18:56:37.778+0300] {logging_mixin.py:188} INFO - [2024-01-08T18:56:37.777+0300] {dag.py:3033} INFO - Sync 1 DAGs
[2024-01-08T18:56:37.849+0300] {logging_mixin.py:188} INFO - [2024-01-08T18:56:37.848+0300] {dag.py:3820} INFO - Setting next_dagrun for example_short_circuit_decorator to 2024-01-07T00:00:00+00:00, run_after=2024-01-08T00:00:00+00:00
[2024-01-08T18:56:37.911+0300] {processor.py:183} INFO - Processing /usr/local/lib/python3.10/dist-packages/airflow/example_dags/example_short_circuit_decorator.py took 0.323 seconds
[2024-01-08T18:57:10.240+0300] {processor.py:161} INFO - Started process (PID=23703) to work on /usr/local/lib/python3.10/dist-packages/airflow/example_dags/example_short_circuit_decorator.py
[2024-01-08T18:57:10.261+0300] {processor.py:830} INFO - Processing file /usr/local/lib/python3.10/dist-packages/airflow/example_dags/example_short_circuit_decorator.py for tasks to queue
[2024-01-08T18:57:10.263+0300] {logging_mixin.py:188} INFO - [2024-01-08T18:57:10.262+0300] {dagbag.py:538} INFO - Filling up the DagBag from /usr/local/lib/python3.10/dist-packages/airflow/example_dags/example_short_circuit_decorator.py
[2024-01-08T18:57:10.325+0300] {processor.py:840} INFO - DAG(s) 'example_short_circuit_decorator' retrieved from /usr/local/lib/python3.10/dist-packages/airflow/example_dags/example_short_circuit_decorator.py
[2024-01-08T18:57:10.454+0300] {logging_mixin.py:188} INFO - [2024-01-08T18:57:10.453+0300] {dag.py:3033} INFO - Sync 1 DAGs
[2024-01-08T18:57:10.553+0300] {logging_mixin.py:188} INFO - [2024-01-08T18:57:10.553+0300] {dag.py:3820} INFO - Setting next_dagrun for example_short_circuit_decorator to 2024-01-07T00:00:00+00:00, run_after=2024-01-08T00:00:00+00:00
[2024-01-08T18:57:10.726+0300] {processor.py:183} INFO - Processing /usr/local/lib/python3.10/dist-packages/airflow/example_dags/example_short_circuit_decorator.py took 0.512 seconds
[2024-01-08T18:57:43.621+0300] {processor.py:161} INFO - Started process (PID=24052) to work on /usr/local/lib/python3.10/dist-packages/airflow/example_dags/example_short_circuit_decorator.py
[2024-01-08T18:57:43.651+0300] {processor.py:830} INFO - Processing file /usr/local/lib/python3.10/dist-packages/airflow/example_dags/example_short_circuit_decorator.py for tasks to queue
[2024-01-08T18:57:43.665+0300] {logging_mixin.py:188} INFO - [2024-01-08T18:57:43.656+0300] {dagbag.py:538} INFO - Filling up the DagBag from /usr/local/lib/python3.10/dist-packages/airflow/example_dags/example_short_circuit_decorator.py
[2024-01-08T18:57:43.744+0300] {processor.py:840} INFO - DAG(s) 'example_short_circuit_decorator' retrieved from /usr/local/lib/python3.10/dist-packages/airflow/example_dags/example_short_circuit_decorator.py
[2024-01-08T18:57:44.062+0300] {logging_mixin.py:188} INFO - [2024-01-08T18:57:44.062+0300] {dag.py:3033} INFO - Sync 1 DAGs
[2024-01-08T18:57:44.303+0300] {logging_mixin.py:188} INFO - [2024-01-08T18:57:44.303+0300] {dag.py:3820} INFO - Setting next_dagrun for example_short_circuit_decorator to 2024-01-07T00:00:00+00:00, run_after=2024-01-08T00:00:00+00:00
[2024-01-08T18:57:44.415+0300] {processor.py:183} INFO - Processing /usr/local/lib/python3.10/dist-packages/airflow/example_dags/example_short_circuit_decorator.py took 0.817 seconds
[2024-01-08T18:58:15.059+0300] {processor.py:161} INFO - Started process (PID=24431) to work on /usr/local/lib/python3.10/dist-packages/airflow/example_dags/example_short_circuit_decorator.py
[2024-01-08T18:58:15.063+0300] {processor.py:830} INFO - Processing file /usr/local/lib/python3.10/dist-packages/airflow/example_dags/example_short_circuit_decorator.py for tasks to queue
[2024-01-08T18:58:15.066+0300] {logging_mixin.py:188} INFO - [2024-01-08T18:58:15.064+0300] {dagbag.py:538} INFO - Filling up the DagBag from /usr/local/lib/python3.10/dist-packages/airflow/example_dags/example_short_circuit_decorator.py
[2024-01-08T18:58:15.099+0300] {processor.py:840} INFO - DAG(s) 'example_short_circuit_decorator' retrieved from /usr/local/lib/python3.10/dist-packages/airflow/example_dags/example_short_circuit_decorator.py
[2024-01-08T18:58:15.269+0300] {logging_mixin.py:188} INFO - [2024-01-08T18:58:15.268+0300] {dag.py:3033} INFO - Sync 1 DAGs
[2024-01-08T18:58:15.344+0300] {logging_mixin.py:188} INFO - [2024-01-08T18:58:15.344+0300] {dag.py:3820} INFO - Setting next_dagrun for example_short_circuit_decorator to 2024-01-07T00:00:00+00:00, run_after=2024-01-08T00:00:00+00:00
[2024-01-08T18:58:15.400+0300] {processor.py:183} INFO - Processing /usr/local/lib/python3.10/dist-packages/airflow/example_dags/example_short_circuit_decorator.py took 0.356 seconds
[2024-01-08T18:58:51.886+0300] {processor.py:161} INFO - Started process (PID=24889) to work on /usr/local/lib/python3.10/dist-packages/airflow/example_dags/example_short_circuit_decorator.py
[2024-01-08T18:58:51.939+0300] {processor.py:830} INFO - Processing file /usr/local/lib/python3.10/dist-packages/airflow/example_dags/example_short_circuit_decorator.py for tasks to queue
[2024-01-08T18:58:51.950+0300] {logging_mixin.py:188} INFO - [2024-01-08T18:58:51.949+0300] {dagbag.py:538} INFO - Filling up the DagBag from /usr/local/lib/python3.10/dist-packages/airflow/example_dags/example_short_circuit_decorator.py
[2024-01-08T18:58:52.047+0300] {processor.py:840} INFO - DAG(s) 'example_short_circuit_decorator' retrieved from /usr/local/lib/python3.10/dist-packages/airflow/example_dags/example_short_circuit_decorator.py
[2024-01-08T18:58:52.271+0300] {logging_mixin.py:188} INFO - [2024-01-08T18:58:52.271+0300] {dag.py:3033} INFO - Sync 1 DAGs
[2024-01-08T18:58:52.404+0300] {logging_mixin.py:188} INFO - [2024-01-08T18:58:52.404+0300] {dag.py:3820} INFO - Setting next_dagrun for example_short_circuit_decorator to 2024-01-07T00:00:00+00:00, run_after=2024-01-08T00:00:00+00:00
[2024-01-08T18:58:52.542+0300] {processor.py:183} INFO - Processing /usr/local/lib/python3.10/dist-packages/airflow/example_dags/example_short_circuit_decorator.py took 0.707 seconds
[2024-01-08T18:59:22.873+0300] {processor.py:161} INFO - Started process (PID=25257) to work on /usr/local/lib/python3.10/dist-packages/airflow/example_dags/example_short_circuit_decorator.py
[2024-01-08T18:59:22.876+0300] {processor.py:830} INFO - Processing file /usr/local/lib/python3.10/dist-packages/airflow/example_dags/example_short_circuit_decorator.py for tasks to queue
[2024-01-08T18:59:22.886+0300] {logging_mixin.py:188} INFO - [2024-01-08T18:59:22.885+0300] {dagbag.py:538} INFO - Filling up the DagBag from /usr/local/lib/python3.10/dist-packages/airflow/example_dags/example_short_circuit_decorator.py
[2024-01-08T18:59:22.976+0300] {processor.py:840} INFO - DAG(s) 'example_short_circuit_decorator' retrieved from /usr/local/lib/python3.10/dist-packages/airflow/example_dags/example_short_circuit_decorator.py
[2024-01-08T18:59:23.304+0300] {logging_mixin.py:188} INFO - [2024-01-08T18:59:23.303+0300] {dag.py:3033} INFO - Sync 1 DAGs
[2024-01-08T18:59:23.575+0300] {logging_mixin.py:188} INFO - [2024-01-08T18:59:23.575+0300] {dag.py:3820} INFO - Setting next_dagrun for example_short_circuit_decorator to 2024-01-07T00:00:00+00:00, run_after=2024-01-08T00:00:00+00:00
[2024-01-08T18:59:23.731+0300] {processor.py:183} INFO - Processing /usr/local/lib/python3.10/dist-packages/airflow/example_dags/example_short_circuit_decorator.py took 0.892 seconds
[2024-01-08T18:59:54.266+0300] {processor.py:161} INFO - Started process (PID=25665) to work on /usr/local/lib/python3.10/dist-packages/airflow/example_dags/example_short_circuit_decorator.py
[2024-01-08T18:59:54.275+0300] {processor.py:830} INFO - Processing file /usr/local/lib/python3.10/dist-packages/airflow/example_dags/example_short_circuit_decorator.py for tasks to queue
[2024-01-08T18:59:54.279+0300] {logging_mixin.py:188} INFO - [2024-01-08T18:59:54.278+0300] {dagbag.py:538} INFO - Filling up the DagBag from /usr/local/lib/python3.10/dist-packages/airflow/example_dags/example_short_circuit_decorator.py
[2024-01-08T18:59:54.327+0300] {processor.py:840} INFO - DAG(s) 'example_short_circuit_decorator' retrieved from /usr/local/lib/python3.10/dist-packages/airflow/example_dags/example_short_circuit_decorator.py
[2024-01-08T18:59:54.475+0300] {logging_mixin.py:188} INFO - [2024-01-08T18:59:54.475+0300] {dag.py:3033} INFO - Sync 1 DAGs
[2024-01-08T18:59:54.600+0300] {logging_mixin.py:188} INFO - [2024-01-08T18:59:54.600+0300] {dag.py:3820} INFO - Setting next_dagrun for example_short_circuit_decorator to 2024-01-07T00:00:00+00:00, run_after=2024-01-08T00:00:00+00:00
[2024-01-08T18:59:54.729+0300] {processor.py:183} INFO - Processing /usr/local/lib/python3.10/dist-packages/airflow/example_dags/example_short_circuit_decorator.py took 0.532 seconds
[2024-01-08T19:00:25.319+0300] {processor.py:161} INFO - Started process (PID=26061) to work on /usr/local/lib/python3.10/dist-packages/airflow/example_dags/example_short_circuit_decorator.py
[2024-01-08T19:00:25.326+0300] {processor.py:830} INFO - Processing file /usr/local/lib/python3.10/dist-packages/airflow/example_dags/example_short_circuit_decorator.py for tasks to queue
[2024-01-08T19:00:25.328+0300] {logging_mixin.py:188} INFO - [2024-01-08T19:00:25.327+0300] {dagbag.py:538} INFO - Filling up the DagBag from /usr/local/lib/python3.10/dist-packages/airflow/example_dags/example_short_circuit_decorator.py
[2024-01-08T19:00:25.385+0300] {processor.py:840} INFO - DAG(s) 'example_short_circuit_decorator' retrieved from /usr/local/lib/python3.10/dist-packages/airflow/example_dags/example_short_circuit_decorator.py
[2024-01-08T19:00:25.580+0300] {logging_mixin.py:188} INFO - [2024-01-08T19:00:25.579+0300] {dag.py:3033} INFO - Sync 1 DAGs
[2024-01-08T19:00:25.739+0300] {logging_mixin.py:188} INFO - [2024-01-08T19:00:25.739+0300] {dag.py:3820} INFO - Setting next_dagrun for example_short_circuit_decorator to 2024-01-07T00:00:00+00:00, run_after=2024-01-08T00:00:00+00:00
[2024-01-08T19:00:25.813+0300] {processor.py:183} INFO - Processing /usr/local/lib/python3.10/dist-packages/airflow/example_dags/example_short_circuit_decorator.py took 0.516 seconds
[2024-01-08T19:00:56.488+0300] {processor.py:161} INFO - Started process (PID=26485) to work on /usr/local/lib/python3.10/dist-packages/airflow/example_dags/example_short_circuit_decorator.py
[2024-01-08T19:00:56.490+0300] {processor.py:830} INFO - Processing file /usr/local/lib/python3.10/dist-packages/airflow/example_dags/example_short_circuit_decorator.py for tasks to queue
[2024-01-08T19:00:56.493+0300] {logging_mixin.py:188} INFO - [2024-01-08T19:00:56.492+0300] {dagbag.py:538} INFO - Filling up the DagBag from /usr/local/lib/python3.10/dist-packages/airflow/example_dags/example_short_circuit_decorator.py
[2024-01-08T19:00:56.530+0300] {processor.py:840} INFO - DAG(s) 'example_short_circuit_decorator' retrieved from /usr/local/lib/python3.10/dist-packages/airflow/example_dags/example_short_circuit_decorator.py
[2024-01-08T19:00:56.726+0300] {logging_mixin.py:188} INFO - [2024-01-08T19:00:56.726+0300] {dag.py:3033} INFO - Sync 1 DAGs
[2024-01-08T19:00:56.816+0300] {logging_mixin.py:188} INFO - [2024-01-08T19:00:56.815+0300] {dag.py:3820} INFO - Setting next_dagrun for example_short_circuit_decorator to 2024-01-07T00:00:00+00:00, run_after=2024-01-08T00:00:00+00:00
[2024-01-08T19:00:56.905+0300] {processor.py:183} INFO - Processing /usr/local/lib/python3.10/dist-packages/airflow/example_dags/example_short_circuit_decorator.py took 0.431 seconds
[2024-01-08T19:01:35.270+0300] {processor.py:161} INFO - Started process (PID=26910) to work on /usr/local/lib/python3.10/dist-packages/airflow/example_dags/example_short_circuit_decorator.py
[2024-01-08T19:01:35.273+0300] {processor.py:830} INFO - Processing file /usr/local/lib/python3.10/dist-packages/airflow/example_dags/example_short_circuit_decorator.py for tasks to queue
[2024-01-08T19:01:35.275+0300] {logging_mixin.py:188} INFO - [2024-01-08T19:01:35.274+0300] {dagbag.py:538} INFO - Filling up the DagBag from /usr/local/lib/python3.10/dist-packages/airflow/example_dags/example_short_circuit_decorator.py
[2024-01-08T19:01:35.309+0300] {processor.py:840} INFO - DAG(s) 'example_short_circuit_decorator' retrieved from /usr/local/lib/python3.10/dist-packages/airflow/example_dags/example_short_circuit_decorator.py
[2024-01-08T19:01:35.456+0300] {logging_mixin.py:188} INFO - [2024-01-08T19:01:35.455+0300] {dag.py:3033} INFO - Sync 1 DAGs
[2024-01-08T19:01:35.686+0300] {logging_mixin.py:188} INFO - [2024-01-08T19:01:35.686+0300] {dag.py:3820} INFO - Setting next_dagrun for example_short_circuit_decorator to 2024-01-07T00:00:00+00:00, run_after=2024-01-08T00:00:00+00:00
[2024-01-08T19:01:35.798+0300] {processor.py:183} INFO - Processing /usr/local/lib/python3.10/dist-packages/airflow/example_dags/example_short_circuit_decorator.py took 0.559 seconds
[2024-01-08T19:02:06.631+0300] {processor.py:161} INFO - Started process (PID=27235) to work on /usr/local/lib/python3.10/dist-packages/airflow/example_dags/example_short_circuit_decorator.py
[2024-01-08T19:02:06.639+0300] {processor.py:830} INFO - Processing file /usr/local/lib/python3.10/dist-packages/airflow/example_dags/example_short_circuit_decorator.py for tasks to queue
[2024-01-08T19:02:06.648+0300] {logging_mixin.py:188} INFO - [2024-01-08T19:02:06.647+0300] {dagbag.py:538} INFO - Filling up the DagBag from /usr/local/lib/python3.10/dist-packages/airflow/example_dags/example_short_circuit_decorator.py
[2024-01-08T19:02:06.695+0300] {processor.py:840} INFO - DAG(s) 'example_short_circuit_decorator' retrieved from /usr/local/lib/python3.10/dist-packages/airflow/example_dags/example_short_circuit_decorator.py
[2024-01-08T19:02:06.927+0300] {logging_mixin.py:188} INFO - [2024-01-08T19:02:06.927+0300] {dag.py:3033} INFO - Sync 1 DAGs
[2024-01-08T19:02:07.007+0300] {logging_mixin.py:188} INFO - [2024-01-08T19:02:07.006+0300] {dag.py:3820} INFO - Setting next_dagrun for example_short_circuit_decorator to 2024-01-07T00:00:00+00:00, run_after=2024-01-08T00:00:00+00:00
[2024-01-08T19:02:07.072+0300] {processor.py:183} INFO - Processing /usr/local/lib/python3.10/dist-packages/airflow/example_dags/example_short_circuit_decorator.py took 0.467 seconds
[2024-01-08T19:02:37.564+0300] {processor.py:161} INFO - Started process (PID=27552) to work on /usr/local/lib/python3.10/dist-packages/airflow/example_dags/example_short_circuit_decorator.py
[2024-01-08T19:02:37.570+0300] {processor.py:830} INFO - Processing file /usr/local/lib/python3.10/dist-packages/airflow/example_dags/example_short_circuit_decorator.py for tasks to queue
[2024-01-08T19:02:37.572+0300] {logging_mixin.py:188} INFO - [2024-01-08T19:02:37.571+0300] {dagbag.py:538} INFO - Filling up the DagBag from /usr/local/lib/python3.10/dist-packages/airflow/example_dags/example_short_circuit_decorator.py
[2024-01-08T19:02:37.656+0300] {processor.py:840} INFO - DAG(s) 'example_short_circuit_decorator' retrieved from /usr/local/lib/python3.10/dist-packages/airflow/example_dags/example_short_circuit_decorator.py
[2024-01-08T19:02:37.817+0300] {logging_mixin.py:188} INFO - [2024-01-08T19:02:37.817+0300] {dag.py:3033} INFO - Sync 1 DAGs
[2024-01-08T19:02:37.903+0300] {logging_mixin.py:188} INFO - [2024-01-08T19:02:37.903+0300] {dag.py:3820} INFO - Setting next_dagrun for example_short_circuit_decorator to 2024-01-07T00:00:00+00:00, run_after=2024-01-08T00:00:00+00:00
[2024-01-08T19:02:38.004+0300] {processor.py:183} INFO - Processing /usr/local/lib/python3.10/dist-packages/airflow/example_dags/example_short_circuit_decorator.py took 0.468 seconds
[2024-01-08T19:03:22.180+0300] {processor.py:161} INFO - Started process (PID=27988) to work on /usr/local/lib/python3.10/dist-packages/airflow/example_dags/example_short_circuit_decorator.py
[2024-01-08T19:03:22.183+0300] {processor.py:830} INFO - Processing file /usr/local/lib/python3.10/dist-packages/airflow/example_dags/example_short_circuit_decorator.py for tasks to queue
[2024-01-08T19:03:22.186+0300] {logging_mixin.py:188} INFO - [2024-01-08T19:03:22.185+0300] {dagbag.py:538} INFO - Filling up the DagBag from /usr/local/lib/python3.10/dist-packages/airflow/example_dags/example_short_circuit_decorator.py
[2024-01-08T19:03:22.222+0300] {processor.py:840} INFO - DAG(s) 'example_short_circuit_decorator' retrieved from /usr/local/lib/python3.10/dist-packages/airflow/example_dags/example_short_circuit_decorator.py
[2024-01-08T19:03:22.420+0300] {logging_mixin.py:188} INFO - [2024-01-08T19:03:22.420+0300] {dag.py:3033} INFO - Sync 1 DAGs
[2024-01-08T19:03:22.596+0300] {logging_mixin.py:188} INFO - [2024-01-08T19:03:22.596+0300] {dag.py:3820} INFO - Setting next_dagrun for example_short_circuit_decorator to 2024-01-07T00:00:00+00:00, run_after=2024-01-08T00:00:00+00:00
[2024-01-08T19:03:22.685+0300] {processor.py:183} INFO - Processing /usr/local/lib/python3.10/dist-packages/airflow/example_dags/example_short_circuit_decorator.py took 0.534 seconds
[2024-01-08T19:03:53.350+0300] {processor.py:161} INFO - Started process (PID=28372) to work on /usr/local/lib/python3.10/dist-packages/airflow/example_dags/example_short_circuit_decorator.py
[2024-01-08T19:03:53.353+0300] {processor.py:830} INFO - Processing file /usr/local/lib/python3.10/dist-packages/airflow/example_dags/example_short_circuit_decorator.py for tasks to queue
[2024-01-08T19:03:53.356+0300] {logging_mixin.py:188} INFO - [2024-01-08T19:03:53.355+0300] {dagbag.py:538} INFO - Filling up the DagBag from /usr/local/lib/python3.10/dist-packages/airflow/example_dags/example_short_circuit_decorator.py
[2024-01-08T19:03:53.412+0300] {processor.py:840} INFO - DAG(s) 'example_short_circuit_decorator' retrieved from /usr/local/lib/python3.10/dist-packages/airflow/example_dags/example_short_circuit_decorator.py
[2024-01-08T19:03:53.569+0300] {logging_mixin.py:188} INFO - [2024-01-08T19:03:53.569+0300] {dag.py:3033} INFO - Sync 1 DAGs
[2024-01-08T19:03:53.715+0300] {logging_mixin.py:188} INFO - [2024-01-08T19:03:53.714+0300] {dag.py:3820} INFO - Setting next_dagrun for example_short_circuit_decorator to 2024-01-07T00:00:00+00:00, run_after=2024-01-08T00:00:00+00:00
[2024-01-08T19:03:53.806+0300] {processor.py:183} INFO - Processing /usr/local/lib/python3.10/dist-packages/airflow/example_dags/example_short_circuit_decorator.py took 0.473 seconds
[2024-01-08T19:04:23.911+0300] {processor.py:161} INFO - Started process (PID=28734) to work on /usr/local/lib/python3.10/dist-packages/airflow/example_dags/example_short_circuit_decorator.py
[2024-01-08T19:04:23.914+0300] {processor.py:830} INFO - Processing file /usr/local/lib/python3.10/dist-packages/airflow/example_dags/example_short_circuit_decorator.py for tasks to queue
[2024-01-08T19:04:23.916+0300] {logging_mixin.py:188} INFO - [2024-01-08T19:04:23.915+0300] {dagbag.py:538} INFO - Filling up the DagBag from /usr/local/lib/python3.10/dist-packages/airflow/example_dags/example_short_circuit_decorator.py
[2024-01-08T19:04:23.947+0300] {processor.py:840} INFO - DAG(s) 'example_short_circuit_decorator' retrieved from /usr/local/lib/python3.10/dist-packages/airflow/example_dags/example_short_circuit_decorator.py
[2024-01-08T19:04:24.130+0300] {logging_mixin.py:188} INFO - [2024-01-08T19:04:24.129+0300] {dag.py:3033} INFO - Sync 1 DAGs
[2024-01-08T19:04:24.206+0300] {logging_mixin.py:188} INFO - [2024-01-08T19:04:24.206+0300] {dag.py:3820} INFO - Setting next_dagrun for example_short_circuit_decorator to 2024-01-07T00:00:00+00:00, run_after=2024-01-08T00:00:00+00:00
[2024-01-08T19:04:24.269+0300] {processor.py:183} INFO - Processing /usr/local/lib/python3.10/dist-packages/airflow/example_dags/example_short_circuit_decorator.py took 0.370 seconds
[2024-01-08T19:04:57.232+0300] {processor.py:161} INFO - Started process (PID=29165) to work on /usr/local/lib/python3.10/dist-packages/airflow/example_dags/example_short_circuit_decorator.py
[2024-01-08T19:04:57.251+0300] {processor.py:830} INFO - Processing file /usr/local/lib/python3.10/dist-packages/airflow/example_dags/example_short_circuit_decorator.py for tasks to queue
[2024-01-08T19:04:57.253+0300] {logging_mixin.py:188} INFO - [2024-01-08T19:04:57.253+0300] {dagbag.py:538} INFO - Filling up the DagBag from /usr/local/lib/python3.10/dist-packages/airflow/example_dags/example_short_circuit_decorator.py
[2024-01-08T19:04:57.348+0300] {processor.py:840} INFO - DAG(s) 'example_short_circuit_decorator' retrieved from /usr/local/lib/python3.10/dist-packages/airflow/example_dags/example_short_circuit_decorator.py
[2024-01-08T19:04:57.663+0300] {logging_mixin.py:188} INFO - [2024-01-08T19:04:57.662+0300] {dag.py:3033} INFO - Sync 1 DAGs
[2024-01-08T19:04:58.040+0300] {logging_mixin.py:188} INFO - [2024-01-08T19:04:58.039+0300] {dag.py:3820} INFO - Setting next_dagrun for example_short_circuit_decorator to 2024-01-07T00:00:00+00:00, run_after=2024-01-08T00:00:00+00:00
[2024-01-08T19:04:58.338+0300] {processor.py:183} INFO - Processing /usr/local/lib/python3.10/dist-packages/airflow/example_dags/example_short_circuit_decorator.py took 1.173 seconds
[2024-01-08T19:05:32.221+0300] {processor.py:161} INFO - Started process (PID=29591) to work on /usr/local/lib/python3.10/dist-packages/airflow/example_dags/example_short_circuit_decorator.py
[2024-01-08T19:05:32.324+0300] {processor.py:830} INFO - Processing file /usr/local/lib/python3.10/dist-packages/airflow/example_dags/example_short_circuit_decorator.py for tasks to queue
[2024-01-08T19:05:32.327+0300] {logging_mixin.py:188} INFO - [2024-01-08T19:05:32.325+0300] {dagbag.py:538} INFO - Filling up the DagBag from /usr/local/lib/python3.10/dist-packages/airflow/example_dags/example_short_circuit_decorator.py
[2024-01-08T19:05:32.596+0300] {processor.py:840} INFO - DAG(s) 'example_short_circuit_decorator' retrieved from /usr/local/lib/python3.10/dist-packages/airflow/example_dags/example_short_circuit_decorator.py
[2024-01-08T19:05:33.221+0300] {logging_mixin.py:188} INFO - [2024-01-08T19:05:33.220+0300] {dag.py:3033} INFO - Sync 1 DAGs
[2024-01-08T19:05:33.469+0300] {logging_mixin.py:188} INFO - [2024-01-08T19:05:33.468+0300] {dag.py:3820} INFO - Setting next_dagrun for example_short_circuit_decorator to 2024-01-07T00:00:00+00:00, run_after=2024-01-08T00:00:00+00:00
[2024-01-08T19:05:33.628+0300] {processor.py:183} INFO - Processing /usr/local/lib/python3.10/dist-packages/airflow/example_dags/example_short_circuit_decorator.py took 1.470 seconds
[2024-01-08T19:06:06.271+0300] {processor.py:161} INFO - Started process (PID=29970) to work on /usr/local/lib/python3.10/dist-packages/airflow/example_dags/example_short_circuit_decorator.py
[2024-01-08T19:06:06.295+0300] {processor.py:830} INFO - Processing file /usr/local/lib/python3.10/dist-packages/airflow/example_dags/example_short_circuit_decorator.py for tasks to queue
[2024-01-08T19:06:06.307+0300] {logging_mixin.py:188} INFO - [2024-01-08T19:06:06.306+0300] {dagbag.py:538} INFO - Filling up the DagBag from /usr/local/lib/python3.10/dist-packages/airflow/example_dags/example_short_circuit_decorator.py
[2024-01-08T19:06:06.494+0300] {processor.py:840} INFO - DAG(s) 'example_short_circuit_decorator' retrieved from /usr/local/lib/python3.10/dist-packages/airflow/example_dags/example_short_circuit_decorator.py
[2024-01-08T19:06:07.495+0300] {logging_mixin.py:188} INFO - [2024-01-08T19:06:07.493+0300] {dag.py:3033} INFO - Sync 1 DAGs
[2024-01-08T19:06:07.888+0300] {logging_mixin.py:188} INFO - [2024-01-08T19:06:07.882+0300] {dag.py:3820} INFO - Setting next_dagrun for example_short_circuit_decorator to 2024-01-07T00:00:00+00:00, run_after=2024-01-08T00:00:00+00:00
[2024-01-08T19:06:08.099+0300] {processor.py:183} INFO - Processing /usr/local/lib/python3.10/dist-packages/airflow/example_dags/example_short_circuit_decorator.py took 1.888 seconds
[2024-01-08T19:06:58.753+0300] {processor.py:161} INFO - Started process (PID=30470) to work on /usr/local/lib/python3.10/dist-packages/airflow/example_dags/example_short_circuit_decorator.py
[2024-01-08T19:06:58.761+0300] {processor.py:830} INFO - Processing file /usr/local/lib/python3.10/dist-packages/airflow/example_dags/example_short_circuit_decorator.py for tasks to queue
[2024-01-08T19:06:58.763+0300] {logging_mixin.py:188} INFO - [2024-01-08T19:06:58.762+0300] {dagbag.py:538} INFO - Filling up the DagBag from /usr/local/lib/python3.10/dist-packages/airflow/example_dags/example_short_circuit_decorator.py
[2024-01-08T19:06:59.000+0300] {processor.py:840} INFO - DAG(s) 'example_short_circuit_decorator' retrieved from /usr/local/lib/python3.10/dist-packages/airflow/example_dags/example_short_circuit_decorator.py
[2024-01-08T19:06:59.593+0300] {logging_mixin.py:188} INFO - [2024-01-08T19:06:59.591+0300] {dag.py:3033} INFO - Sync 1 DAGs
[2024-01-08T19:07:00.094+0300] {logging_mixin.py:188} INFO - [2024-01-08T19:07:00.078+0300] {dag.py:3820} INFO - Setting next_dagrun for example_short_circuit_decorator to 2024-01-07T00:00:00+00:00, run_after=2024-01-08T00:00:00+00:00
[2024-01-08T19:07:00.370+0300] {processor.py:183} INFO - Processing /usr/local/lib/python3.10/dist-packages/airflow/example_dags/example_short_circuit_decorator.py took 1.680 seconds
[2024-01-08T19:07:30.717+0300] {processor.py:161} INFO - Started process (PID=30850) to work on /usr/local/lib/python3.10/dist-packages/airflow/example_dags/example_short_circuit_decorator.py
[2024-01-08T19:07:30.731+0300] {processor.py:830} INFO - Processing file /usr/local/lib/python3.10/dist-packages/airflow/example_dags/example_short_circuit_decorator.py for tasks to queue
[2024-01-08T19:07:30.733+0300] {logging_mixin.py:188} INFO - [2024-01-08T19:07:30.732+0300] {dagbag.py:538} INFO - Filling up the DagBag from /usr/local/lib/python3.10/dist-packages/airflow/example_dags/example_short_circuit_decorator.py
[2024-01-08T19:07:30.862+0300] {processor.py:840} INFO - DAG(s) 'example_short_circuit_decorator' retrieved from /usr/local/lib/python3.10/dist-packages/airflow/example_dags/example_short_circuit_decorator.py
[2024-01-08T19:07:31.210+0300] {logging_mixin.py:188} INFO - [2024-01-08T19:07:31.209+0300] {dag.py:3033} INFO - Sync 1 DAGs
[2024-01-08T19:07:31.533+0300] {logging_mixin.py:188} INFO - [2024-01-08T19:07:31.533+0300] {dag.py:3820} INFO - Setting next_dagrun for example_short_circuit_decorator to 2024-01-07T00:00:00+00:00, run_after=2024-01-08T00:00:00+00:00
[2024-01-08T19:07:31.711+0300] {processor.py:183} INFO - Processing /usr/local/lib/python3.10/dist-packages/airflow/example_dags/example_short_circuit_decorator.py took 1.045 seconds
[2024-01-08T19:08:02.049+0300] {processor.py:161} INFO - Started process (PID=31248) to work on /usr/local/lib/python3.10/dist-packages/airflow/example_dags/example_short_circuit_decorator.py
[2024-01-08T19:08:02.052+0300] {processor.py:830} INFO - Processing file /usr/local/lib/python3.10/dist-packages/airflow/example_dags/example_short_circuit_decorator.py for tasks to queue
[2024-01-08T19:08:02.053+0300] {logging_mixin.py:188} INFO - [2024-01-08T19:08:02.053+0300] {dagbag.py:538} INFO - Filling up the DagBag from /usr/local/lib/python3.10/dist-packages/airflow/example_dags/example_short_circuit_decorator.py
[2024-01-08T19:08:02.078+0300] {processor.py:840} INFO - DAG(s) 'example_short_circuit_decorator' retrieved from /usr/local/lib/python3.10/dist-packages/airflow/example_dags/example_short_circuit_decorator.py
[2024-01-08T19:08:02.179+0300] {logging_mixin.py:188} INFO - [2024-01-08T19:08:02.179+0300] {dag.py:3033} INFO - Sync 1 DAGs
[2024-01-08T19:08:02.236+0300] {logging_mixin.py:188} INFO - [2024-01-08T19:08:02.236+0300] {dag.py:3820} INFO - Setting next_dagrun for example_short_circuit_decorator to 2024-01-07T00:00:00+00:00, run_after=2024-01-08T00:00:00+00:00
[2024-01-08T19:08:02.287+0300] {processor.py:183} INFO - Processing /usr/local/lib/python3.10/dist-packages/airflow/example_dags/example_short_circuit_decorator.py took 0.248 seconds
[2024-01-08T19:08:32.497+0300] {processor.py:161} INFO - Started process (PID=31564) to work on /usr/local/lib/python3.10/dist-packages/airflow/example_dags/example_short_circuit_decorator.py
[2024-01-08T19:08:32.500+0300] {processor.py:830} INFO - Processing file /usr/local/lib/python3.10/dist-packages/airflow/example_dags/example_short_circuit_decorator.py for tasks to queue
[2024-01-08T19:08:32.504+0300] {logging_mixin.py:188} INFO - [2024-01-08T19:08:32.503+0300] {dagbag.py:538} INFO - Filling up the DagBag from /usr/local/lib/python3.10/dist-packages/airflow/example_dags/example_short_circuit_decorator.py
[2024-01-08T19:08:32.553+0300] {processor.py:840} INFO - DAG(s) 'example_short_circuit_decorator' retrieved from /usr/local/lib/python3.10/dist-packages/airflow/example_dags/example_short_circuit_decorator.py
[2024-01-08T19:08:32.673+0300] {logging_mixin.py:188} INFO - [2024-01-08T19:08:32.672+0300] {dag.py:3033} INFO - Sync 1 DAGs
[2024-01-08T19:08:32.736+0300] {logging_mixin.py:188} INFO - [2024-01-08T19:08:32.736+0300] {dag.py:3820} INFO - Setting next_dagrun for example_short_circuit_decorator to 2024-01-07T00:00:00+00:00, run_after=2024-01-08T00:00:00+00:00
[2024-01-08T19:08:32.791+0300] {processor.py:183} INFO - Processing /usr/local/lib/python3.10/dist-packages/airflow/example_dags/example_short_circuit_decorator.py took 0.312 seconds
[2024-01-08T19:09:05.868+0300] {processor.py:161} INFO - Started process (PID=31941) to work on /usr/local/lib/python3.10/dist-packages/airflow/example_dags/example_short_circuit_decorator.py
[2024-01-08T19:09:05.871+0300] {processor.py:830} INFO - Processing file /usr/local/lib/python3.10/dist-packages/airflow/example_dags/example_short_circuit_decorator.py for tasks to queue
[2024-01-08T19:09:05.874+0300] {logging_mixin.py:188} INFO - [2024-01-08T19:09:05.873+0300] {dagbag.py:538} INFO - Filling up the DagBag from /usr/local/lib/python3.10/dist-packages/airflow/example_dags/example_short_circuit_decorator.py
[2024-01-08T19:09:05.906+0300] {processor.py:840} INFO - DAG(s) 'example_short_circuit_decorator' retrieved from /usr/local/lib/python3.10/dist-packages/airflow/example_dags/example_short_circuit_decorator.py
[2024-01-08T19:09:06.048+0300] {logging_mixin.py:188} INFO - [2024-01-08T19:09:06.047+0300] {dag.py:3033} INFO - Sync 1 DAGs
[2024-01-08T19:09:06.153+0300] {logging_mixin.py:188} INFO - [2024-01-08T19:09:06.153+0300] {dag.py:3820} INFO - Setting next_dagrun for example_short_circuit_decorator to 2024-01-07T00:00:00+00:00, run_after=2024-01-08T00:00:00+00:00
[2024-01-08T19:09:06.244+0300] {processor.py:183} INFO - Processing /usr/local/lib/python3.10/dist-packages/airflow/example_dags/example_short_circuit_decorator.py took 0.389 seconds
[2024-01-08T19:09:42.650+0300] {processor.py:161} INFO - Started process (PID=32322) to work on /usr/local/lib/python3.10/dist-packages/airflow/example_dags/example_short_circuit_decorator.py
[2024-01-08T19:09:42.652+0300] {processor.py:830} INFO - Processing file /usr/local/lib/python3.10/dist-packages/airflow/example_dags/example_short_circuit_decorator.py for tasks to queue
[2024-01-08T19:09:42.655+0300] {logging_mixin.py:188} INFO - [2024-01-08T19:09:42.654+0300] {dagbag.py:538} INFO - Filling up the DagBag from /usr/local/lib/python3.10/dist-packages/airflow/example_dags/example_short_circuit_decorator.py
[2024-01-08T19:09:42.716+0300] {processor.py:840} INFO - DAG(s) 'example_short_circuit_decorator' retrieved from /usr/local/lib/python3.10/dist-packages/airflow/example_dags/example_short_circuit_decorator.py
[2024-01-08T19:09:42.899+0300] {logging_mixin.py:188} INFO - [2024-01-08T19:09:42.898+0300] {dag.py:3033} INFO - Sync 1 DAGs
[2024-01-08T19:09:43.020+0300] {logging_mixin.py:188} INFO - [2024-01-08T19:09:43.019+0300] {dag.py:3820} INFO - Setting next_dagrun for example_short_circuit_decorator to 2024-01-07T00:00:00+00:00, run_after=2024-01-08T00:00:00+00:00
[2024-01-08T19:09:43.128+0300] {processor.py:183} INFO - Processing /usr/local/lib/python3.10/dist-packages/airflow/example_dags/example_short_circuit_decorator.py took 0.489 seconds
[2024-01-08T19:10:17.237+0300] {processor.py:161} INFO - Started process (PID=32663) to work on /usr/local/lib/python3.10/dist-packages/airflow/example_dags/example_short_circuit_decorator.py
[2024-01-08T19:10:17.240+0300] {processor.py:830} INFO - Processing file /usr/local/lib/python3.10/dist-packages/airflow/example_dags/example_short_circuit_decorator.py for tasks to queue
[2024-01-08T19:10:17.244+0300] {logging_mixin.py:188} INFO - [2024-01-08T19:10:17.243+0300] {dagbag.py:538} INFO - Filling up the DagBag from /usr/local/lib/python3.10/dist-packages/airflow/example_dags/example_short_circuit_decorator.py
[2024-01-08T19:10:17.337+0300] {processor.py:840} INFO - DAG(s) 'example_short_circuit_decorator' retrieved from /usr/local/lib/python3.10/dist-packages/airflow/example_dags/example_short_circuit_decorator.py
[2024-01-08T19:10:17.875+0300] {logging_mixin.py:188} INFO - [2024-01-08T19:10:17.874+0300] {dag.py:3033} INFO - Sync 1 DAGs
[2024-01-08T19:10:18.089+0300] {logging_mixin.py:188} INFO - [2024-01-08T19:10:18.088+0300] {dag.py:3820} INFO - Setting next_dagrun for example_short_circuit_decorator to 2024-01-07T00:00:00+00:00, run_after=2024-01-08T00:00:00+00:00
[2024-01-08T19:10:18.293+0300] {processor.py:183} INFO - Processing /usr/local/lib/python3.10/dist-packages/airflow/example_dags/example_short_circuit_decorator.py took 1.071 seconds
[2024-01-08T19:11:11.823+0300] {processor.py:161} INFO - Started process (PID=33210) to work on /usr/local/lib/python3.10/dist-packages/airflow/example_dags/example_short_circuit_decorator.py
[2024-01-08T19:11:11.829+0300] {processor.py:830} INFO - Processing file /usr/local/lib/python3.10/dist-packages/airflow/example_dags/example_short_circuit_decorator.py for tasks to queue
[2024-01-08T19:11:11.832+0300] {logging_mixin.py:188} INFO - [2024-01-08T19:11:11.831+0300] {dagbag.py:538} INFO - Filling up the DagBag from /usr/local/lib/python3.10/dist-packages/airflow/example_dags/example_short_circuit_decorator.py
[2024-01-08T19:11:11.937+0300] {processor.py:840} INFO - DAG(s) 'example_short_circuit_decorator' retrieved from /usr/local/lib/python3.10/dist-packages/airflow/example_dags/example_short_circuit_decorator.py
[2024-01-08T19:11:12.075+0300] {logging_mixin.py:188} INFO - [2024-01-08T19:11:12.074+0300] {dag.py:3033} INFO - Sync 1 DAGs
[2024-01-08T19:11:12.168+0300] {logging_mixin.py:188} INFO - [2024-01-08T19:11:12.167+0300] {dag.py:3820} INFO - Setting next_dagrun for example_short_circuit_decorator to 2024-01-07T00:00:00+00:00, run_after=2024-01-08T00:00:00+00:00
[2024-01-08T19:11:12.278+0300] {processor.py:183} INFO - Processing /usr/local/lib/python3.10/dist-packages/airflow/example_dags/example_short_circuit_decorator.py took 0.500 seconds
[2024-01-08T19:12:00.987+0300] {processor.py:161} INFO - Started process (PID=33688) to work on /usr/local/lib/python3.10/dist-packages/airflow/example_dags/example_short_circuit_decorator.py
[2024-01-08T19:12:00.992+0300] {processor.py:830} INFO - Processing file /usr/local/lib/python3.10/dist-packages/airflow/example_dags/example_short_circuit_decorator.py for tasks to queue
[2024-01-08T19:12:00.994+0300] {logging_mixin.py:188} INFO - [2024-01-08T19:12:00.994+0300] {dagbag.py:538} INFO - Filling up the DagBag from /usr/local/lib/python3.10/dist-packages/airflow/example_dags/example_short_circuit_decorator.py
[2024-01-08T19:12:01.032+0300] {processor.py:840} INFO - DAG(s) 'example_short_circuit_decorator' retrieved from /usr/local/lib/python3.10/dist-packages/airflow/example_dags/example_short_circuit_decorator.py
[2024-01-08T19:12:01.200+0300] {logging_mixin.py:188} INFO - [2024-01-08T19:12:01.199+0300] {dag.py:3033} INFO - Sync 1 DAGs
[2024-01-08T19:12:01.323+0300] {logging_mixin.py:188} INFO - [2024-01-08T19:12:01.322+0300] {dag.py:3820} INFO - Setting next_dagrun for example_short_circuit_decorator to 2024-01-07T00:00:00+00:00, run_after=2024-01-08T00:00:00+00:00
[2024-01-08T19:12:01.441+0300] {processor.py:183} INFO - Processing /usr/local/lib/python3.10/dist-packages/airflow/example_dags/example_short_circuit_decorator.py took 0.470 seconds
[2024-01-08T19:12:40.722+0300] {processor.py:161} INFO - Started process (PID=34057) to work on /usr/local/lib/python3.10/dist-packages/airflow/example_dags/example_short_circuit_decorator.py
[2024-01-08T19:12:40.730+0300] {processor.py:830} INFO - Processing file /usr/local/lib/python3.10/dist-packages/airflow/example_dags/example_short_circuit_decorator.py for tasks to queue
[2024-01-08T19:12:40.733+0300] {logging_mixin.py:188} INFO - [2024-01-08T19:12:40.732+0300] {dagbag.py:538} INFO - Filling up the DagBag from /usr/local/lib/python3.10/dist-packages/airflow/example_dags/example_short_circuit_decorator.py
[2024-01-08T19:12:40.803+0300] {processor.py:840} INFO - DAG(s) 'example_short_circuit_decorator' retrieved from /usr/local/lib/python3.10/dist-packages/airflow/example_dags/example_short_circuit_decorator.py
[2024-01-08T19:12:41.180+0300] {logging_mixin.py:188} INFO - [2024-01-08T19:12:41.179+0300] {dag.py:3033} INFO - Sync 1 DAGs
