[2024-01-08T17:37:24.758+0300] {processor.py:161} INFO - Started process (PID=5652) to work on /usr/local/lib/python3.10/dist-packages/airflow/example_dags/example_kubernetes_executor.py
[2024-01-08T17:37:24.761+0300] {processor.py:830} INFO - Processing file /usr/local/lib/python3.10/dist-packages/airflow/example_dags/example_kubernetes_executor.py for tasks to queue
[2024-01-08T17:37:24.764+0300] {logging_mixin.py:188} INFO - [2024-01-08T17:37:24.763+0300] {dagbag.py:538} INFO - Filling up the DagBag from /usr/local/lib/python3.10/dist-packages/airflow/example_dags/example_kubernetes_executor.py
[2024-01-08T17:37:24.774+0300] {logging_mixin.py:188} INFO - [2024-01-08T17:37:24.774+0300] {example_kubernetes_executor.py:38} WARNING - The example_kubernetes_executor example DAG requires the kubernetes provider. Please install it with: pip install apache-airflow[cncf.kubernetes]
[2024-01-08T17:37:24.775+0300] {processor.py:842} WARNING - No viable dags retrieved from /usr/local/lib/python3.10/dist-packages/airflow/example_dags/example_kubernetes_executor.py
[2024-01-08T17:37:24.868+0300] {processor.py:183} INFO - Processing /usr/local/lib/python3.10/dist-packages/airflow/example_dags/example_kubernetes_executor.py took 0.121 seconds
[2024-01-08T17:37:56.076+0300] {processor.py:161} INFO - Started process (PID=6000) to work on /usr/local/lib/python3.10/dist-packages/airflow/example_dags/example_kubernetes_executor.py
[2024-01-08T17:37:56.078+0300] {processor.py:830} INFO - Processing file /usr/local/lib/python3.10/dist-packages/airflow/example_dags/example_kubernetes_executor.py for tasks to queue
[2024-01-08T17:37:56.080+0300] {logging_mixin.py:188} INFO - [2024-01-08T17:37:56.080+0300] {dagbag.py:538} INFO - Filling up the DagBag from /usr/local/lib/python3.10/dist-packages/airflow/example_dags/example_kubernetes_executor.py
[2024-01-08T17:37:56.088+0300] {logging_mixin.py:188} INFO - [2024-01-08T17:37:56.088+0300] {example_kubernetes_executor.py:38} WARNING - The example_kubernetes_executor example DAG requires the kubernetes provider. Please install it with: pip install apache-airflow[cncf.kubernetes]
[2024-01-08T17:37:56.089+0300] {processor.py:842} WARNING - No viable dags retrieved from /usr/local/lib/python3.10/dist-packages/airflow/example_dags/example_kubernetes_executor.py
[2024-01-08T17:37:56.196+0300] {processor.py:183} INFO - Processing /usr/local/lib/python3.10/dist-packages/airflow/example_dags/example_kubernetes_executor.py took 0.132 seconds
[2024-01-08T17:38:26.725+0300] {processor.py:161} INFO - Started process (PID=6318) to work on /usr/local/lib/python3.10/dist-packages/airflow/example_dags/example_kubernetes_executor.py
[2024-01-08T17:38:26.728+0300] {processor.py:830} INFO - Processing file /usr/local/lib/python3.10/dist-packages/airflow/example_dags/example_kubernetes_executor.py for tasks to queue
[2024-01-08T17:38:26.730+0300] {logging_mixin.py:188} INFO - [2024-01-08T17:38:26.729+0300] {dagbag.py:538} INFO - Filling up the DagBag from /usr/local/lib/python3.10/dist-packages/airflow/example_dags/example_kubernetes_executor.py
[2024-01-08T17:38:26.736+0300] {logging_mixin.py:188} INFO - [2024-01-08T17:38:26.736+0300] {example_kubernetes_executor.py:38} WARNING - The example_kubernetes_executor example DAG requires the kubernetes provider. Please install it with: pip install apache-airflow[cncf.kubernetes]
[2024-01-08T17:38:26.737+0300] {processor.py:842} WARNING - No viable dags retrieved from /usr/local/lib/python3.10/dist-packages/airflow/example_dags/example_kubernetes_executor.py
[2024-01-08T17:38:26.810+0300] {processor.py:183} INFO - Processing /usr/local/lib/python3.10/dist-packages/airflow/example_dags/example_kubernetes_executor.py took 0.094 seconds
[2024-01-08T18:15:24.508+0300] {processor.py:161} INFO - Started process (PID=7589) to work on /usr/local/lib/python3.10/dist-packages/airflow/example_dags/example_kubernetes_executor.py
[2024-01-08T18:15:24.511+0300] {processor.py:830} INFO - Processing file /usr/local/lib/python3.10/dist-packages/airflow/example_dags/example_kubernetes_executor.py for tasks to queue
[2024-01-08T18:15:24.513+0300] {logging_mixin.py:188} INFO - [2024-01-08T18:15:24.513+0300] {dagbag.py:538} INFO - Filling up the DagBag from /usr/local/lib/python3.10/dist-packages/airflow/example_dags/example_kubernetes_executor.py
[2024-01-08T18:15:24.521+0300] {logging_mixin.py:188} INFO - [2024-01-08T18:15:24.521+0300] {example_kubernetes_executor.py:38} WARNING - The example_kubernetes_executor example DAG requires the kubernetes provider. Please install it with: pip install apache-airflow[cncf.kubernetes]
[2024-01-08T18:15:24.522+0300] {processor.py:842} WARNING - No viable dags retrieved from /usr/local/lib/python3.10/dist-packages/airflow/example_dags/example_kubernetes_executor.py
[2024-01-08T18:15:24.586+0300] {processor.py:183} INFO - Processing /usr/local/lib/python3.10/dist-packages/airflow/example_dags/example_kubernetes_executor.py took 0.087 seconds
[2024-01-08T18:15:57.074+0300] {processor.py:161} INFO - Started process (PID=7931) to work on /usr/local/lib/python3.10/dist-packages/airflow/example_dags/example_kubernetes_executor.py
[2024-01-08T18:15:57.078+0300] {processor.py:830} INFO - Processing file /usr/local/lib/python3.10/dist-packages/airflow/example_dags/example_kubernetes_executor.py for tasks to queue
[2024-01-08T18:15:57.081+0300] {logging_mixin.py:188} INFO - [2024-01-08T18:15:57.080+0300] {dagbag.py:538} INFO - Filling up the DagBag from /usr/local/lib/python3.10/dist-packages/airflow/example_dags/example_kubernetes_executor.py
[2024-01-08T18:15:57.093+0300] {logging_mixin.py:188} INFO - [2024-01-08T18:15:57.093+0300] {example_kubernetes_executor.py:38} WARNING - The example_kubernetes_executor example DAG requires the kubernetes provider. Please install it with: pip install apache-airflow[cncf.kubernetes]
[2024-01-08T18:15:57.094+0300] {processor.py:842} WARNING - No viable dags retrieved from /usr/local/lib/python3.10/dist-packages/airflow/example_dags/example_kubernetes_executor.py
[2024-01-08T18:15:57.211+0300] {processor.py:183} INFO - Processing /usr/local/lib/python3.10/dist-packages/airflow/example_dags/example_kubernetes_executor.py took 0.148 seconds
[2024-01-08T18:30:43.110+0300] {processor.py:161} INFO - Started process (PID=9100) to work on /usr/local/lib/python3.10/dist-packages/airflow/example_dags/example_kubernetes_executor.py
[2024-01-08T18:30:43.233+0300] {processor.py:830} INFO - Processing file /usr/local/lib/python3.10/dist-packages/airflow/example_dags/example_kubernetes_executor.py for tasks to queue
[2024-01-08T18:30:43.328+0300] {logging_mixin.py:188} INFO - [2024-01-08T18:30:43.235+0300] {dagbag.py:538} INFO - Filling up the DagBag from /usr/local/lib/python3.10/dist-packages/airflow/example_dags/example_kubernetes_executor.py
[2024-01-08T18:30:43.570+0300] {logging_mixin.py:188} INFO - [2024-01-08T18:30:43.569+0300] {example_kubernetes_executor.py:38} WARNING - The example_kubernetes_executor example DAG requires the kubernetes provider. Please install it with: pip install apache-airflow[cncf.kubernetes]
[2024-01-08T18:30:43.571+0300] {processor.py:842} WARNING - No viable dags retrieved from /usr/local/lib/python3.10/dist-packages/airflow/example_dags/example_kubernetes_executor.py
[2024-01-08T18:30:45.557+0300] {processor.py:183} INFO - Processing /usr/local/lib/python3.10/dist-packages/airflow/example_dags/example_kubernetes_executor.py took 2.677 seconds
[2024-01-08T18:33:56.870+0300] {processor.py:161} INFO - Started process (PID=10372) to work on /usr/local/lib/python3.10/dist-packages/airflow/example_dags/example_kubernetes_executor.py
[2024-01-08T18:33:57.081+0300] {processor.py:830} INFO - Processing file /usr/local/lib/python3.10/dist-packages/airflow/example_dags/example_kubernetes_executor.py for tasks to queue
[2024-01-08T18:33:57.100+0300] {logging_mixin.py:188} INFO - [2024-01-08T18:33:57.083+0300] {dagbag.py:538} INFO - Filling up the DagBag from /usr/local/lib/python3.10/dist-packages/airflow/example_dags/example_kubernetes_executor.py
[2024-01-08T18:33:57.222+0300] {logging_mixin.py:188} INFO - [2024-01-08T18:33:57.222+0300] {example_kubernetes_executor.py:38} WARNING - The example_kubernetes_executor example DAG requires the kubernetes provider. Please install it with: pip install apache-airflow[cncf.kubernetes]
[2024-01-08T18:33:57.223+0300] {processor.py:842} WARNING - No viable dags retrieved from /usr/local/lib/python3.10/dist-packages/airflow/example_dags/example_kubernetes_executor.py
[2024-01-08T18:33:58.916+0300] {processor.py:183} INFO - Processing /usr/local/lib/python3.10/dist-packages/airflow/example_dags/example_kubernetes_executor.py took 2.119 seconds
[2024-01-08T18:38:16.208+0300] {processor.py:161} INFO - Started process (PID=12103) to work on /usr/local/lib/python3.10/dist-packages/airflow/example_dags/example_kubernetes_executor.py
[2024-01-08T18:38:16.230+0300] {processor.py:830} INFO - Processing file /usr/local/lib/python3.10/dist-packages/airflow/example_dags/example_kubernetes_executor.py for tasks to queue
[2024-01-08T18:38:16.267+0300] {logging_mixin.py:188} INFO - [2024-01-08T18:38:16.232+0300] {dagbag.py:538} INFO - Filling up the DagBag from /usr/local/lib/python3.10/dist-packages/airflow/example_dags/example_kubernetes_executor.py
[2024-01-08T18:38:16.284+0300] {logging_mixin.py:188} INFO - [2024-01-08T18:38:16.284+0300] {example_kubernetes_executor.py:38} WARNING - The example_kubernetes_executor example DAG requires the kubernetes provider. Please install it with: pip install apache-airflow[cncf.kubernetes]
[2024-01-08T18:38:16.286+0300] {processor.py:842} WARNING - No viable dags retrieved from /usr/local/lib/python3.10/dist-packages/airflow/example_dags/example_kubernetes_executor.py
[2024-01-08T18:38:16.479+0300] {processor.py:183} INFO - Processing /usr/local/lib/python3.10/dist-packages/airflow/example_dags/example_kubernetes_executor.py took 0.420 seconds
[2024-01-08T18:41:14.714+0300] {processor.py:161} INFO - Started process (PID=13324) to work on /usr/local/lib/python3.10/dist-packages/airflow/example_dags/example_kubernetes_executor.py
[2024-01-08T18:41:14.733+0300] {processor.py:830} INFO - Processing file /usr/local/lib/python3.10/dist-packages/airflow/example_dags/example_kubernetes_executor.py for tasks to queue
[2024-01-08T18:41:14.736+0300] {logging_mixin.py:188} INFO - [2024-01-08T18:41:14.735+0300] {dagbag.py:538} INFO - Filling up the DagBag from /usr/local/lib/python3.10/dist-packages/airflow/example_dags/example_kubernetes_executor.py
[2024-01-08T18:41:14.746+0300] {logging_mixin.py:188} INFO - [2024-01-08T18:41:14.746+0300] {example_kubernetes_executor.py:38} WARNING - The example_kubernetes_executor example DAG requires the kubernetes provider. Please install it with: pip install apache-airflow[cncf.kubernetes]
[2024-01-08T18:41:14.747+0300] {processor.py:842} WARNING - No viable dags retrieved from /usr/local/lib/python3.10/dist-packages/airflow/example_dags/example_kubernetes_executor.py
[2024-01-08T18:41:15.002+0300] {processor.py:183} INFO - Processing /usr/local/lib/python3.10/dist-packages/airflow/example_dags/example_kubernetes_executor.py took 0.369 seconds
[2024-01-08T18:42:10.305+0300] {processor.py:161} INFO - Started process (PID=13928) to work on /usr/local/lib/python3.10/dist-packages/airflow/example_dags/example_kubernetes_executor.py
[2024-01-08T18:42:10.335+0300] {processor.py:830} INFO - Processing file /usr/local/lib/python3.10/dist-packages/airflow/example_dags/example_kubernetes_executor.py for tasks to queue
[2024-01-08T18:42:10.337+0300] {logging_mixin.py:188} INFO - [2024-01-08T18:42:10.337+0300] {dagbag.py:538} INFO - Filling up the DagBag from /usr/local/lib/python3.10/dist-packages/airflow/example_dags/example_kubernetes_executor.py
[2024-01-08T18:42:10.359+0300] {logging_mixin.py:188} INFO - [2024-01-08T18:42:10.358+0300] {example_kubernetes_executor.py:38} WARNING - The example_kubernetes_executor example DAG requires the kubernetes provider. Please install it with: pip install apache-airflow[cncf.kubernetes]
[2024-01-08T18:42:10.359+0300] {processor.py:842} WARNING - No viable dags retrieved from /usr/local/lib/python3.10/dist-packages/airflow/example_dags/example_kubernetes_executor.py
[2024-01-08T18:42:10.535+0300] {processor.py:183} INFO - Processing /usr/local/lib/python3.10/dist-packages/airflow/example_dags/example_kubernetes_executor.py took 0.304 seconds
[2024-01-08T18:42:45.568+0300] {processor.py:161} INFO - Started process (PID=14338) to work on /usr/local/lib/python3.10/dist-packages/airflow/example_dags/example_kubernetes_executor.py
[2024-01-08T18:42:45.595+0300] {processor.py:830} INFO - Processing file /usr/local/lib/python3.10/dist-packages/airflow/example_dags/example_kubernetes_executor.py for tasks to queue
[2024-01-08T18:42:45.610+0300] {logging_mixin.py:188} INFO - [2024-01-08T18:42:45.599+0300] {dagbag.py:538} INFO - Filling up the DagBag from /usr/local/lib/python3.10/dist-packages/airflow/example_dags/example_kubernetes_executor.py
[2024-01-08T18:42:45.634+0300] {logging_mixin.py:188} INFO - [2024-01-08T18:42:45.633+0300] {example_kubernetes_executor.py:38} WARNING - The example_kubernetes_executor example DAG requires the kubernetes provider. Please install it with: pip install apache-airflow[cncf.kubernetes]
[2024-01-08T18:42:45.634+0300] {processor.py:842} WARNING - No viable dags retrieved from /usr/local/lib/python3.10/dist-packages/airflow/example_dags/example_kubernetes_executor.py
[2024-01-08T18:42:46.241+0300] {processor.py:183} INFO - Processing /usr/local/lib/python3.10/dist-packages/airflow/example_dags/example_kubernetes_executor.py took 0.704 seconds
[2024-01-08T18:43:16.745+0300] {processor.py:161} INFO - Started process (PID=14730) to work on /usr/local/lib/python3.10/dist-packages/airflow/example_dags/example_kubernetes_executor.py
[2024-01-08T18:43:16.749+0300] {processor.py:830} INFO - Processing file /usr/local/lib/python3.10/dist-packages/airflow/example_dags/example_kubernetes_executor.py for tasks to queue
[2024-01-08T18:43:16.751+0300] {logging_mixin.py:188} INFO - [2024-01-08T18:43:16.750+0300] {dagbag.py:538} INFO - Filling up the DagBag from /usr/local/lib/python3.10/dist-packages/airflow/example_dags/example_kubernetes_executor.py
[2024-01-08T18:43:16.758+0300] {logging_mixin.py:188} INFO - [2024-01-08T18:43:16.758+0300] {example_kubernetes_executor.py:38} WARNING - The example_kubernetes_executor example DAG requires the kubernetes provider. Please install it with: pip install apache-airflow[cncf.kubernetes]
[2024-01-08T18:43:16.759+0300] {processor.py:842} WARNING - No viable dags retrieved from /usr/local/lib/python3.10/dist-packages/airflow/example_dags/example_kubernetes_executor.py
[2024-01-08T18:43:16.835+0300] {processor.py:183} INFO - Processing /usr/local/lib/python3.10/dist-packages/airflow/example_dags/example_kubernetes_executor.py took 0.101 seconds
[2024-01-08T18:43:47.395+0300] {processor.py:161} INFO - Started process (PID=15047) to work on /usr/local/lib/python3.10/dist-packages/airflow/example_dags/example_kubernetes_executor.py
[2024-01-08T18:43:47.398+0300] {processor.py:830} INFO - Processing file /usr/local/lib/python3.10/dist-packages/airflow/example_dags/example_kubernetes_executor.py for tasks to queue
[2024-01-08T18:43:47.400+0300] {logging_mixin.py:188} INFO - [2024-01-08T18:43:47.399+0300] {dagbag.py:538} INFO - Filling up the DagBag from /usr/local/lib/python3.10/dist-packages/airflow/example_dags/example_kubernetes_executor.py
[2024-01-08T18:43:47.415+0300] {logging_mixin.py:188} INFO - [2024-01-08T18:43:47.415+0300] {example_kubernetes_executor.py:38} WARNING - The example_kubernetes_executor example DAG requires the kubernetes provider. Please install it with: pip install apache-airflow[cncf.kubernetes]
[2024-01-08T18:43:47.415+0300] {processor.py:842} WARNING - No viable dags retrieved from /usr/local/lib/python3.10/dist-packages/airflow/example_dags/example_kubernetes_executor.py
[2024-01-08T18:43:47.497+0300] {processor.py:183} INFO - Processing /usr/local/lib/python3.10/dist-packages/airflow/example_dags/example_kubernetes_executor.py took 0.113 seconds
[2024-01-08T18:44:18.201+0300] {processor.py:161} INFO - Started process (PID=15364) to work on /usr/local/lib/python3.10/dist-packages/airflow/example_dags/example_kubernetes_executor.py
[2024-01-08T18:44:18.206+0300] {processor.py:830} INFO - Processing file /usr/local/lib/python3.10/dist-packages/airflow/example_dags/example_kubernetes_executor.py for tasks to queue
[2024-01-08T18:44:18.208+0300] {logging_mixin.py:188} INFO - [2024-01-08T18:44:18.207+0300] {dagbag.py:538} INFO - Filling up the DagBag from /usr/local/lib/python3.10/dist-packages/airflow/example_dags/example_kubernetes_executor.py
[2024-01-08T18:44:18.219+0300] {logging_mixin.py:188} INFO - [2024-01-08T18:44:18.219+0300] {example_kubernetes_executor.py:38} WARNING - The example_kubernetes_executor example DAG requires the kubernetes provider. Please install it with: pip install apache-airflow[cncf.kubernetes]
[2024-01-08T18:44:18.220+0300] {processor.py:842} WARNING - No viable dags retrieved from /usr/local/lib/python3.10/dist-packages/airflow/example_dags/example_kubernetes_executor.py
[2024-01-08T18:44:18.310+0300] {processor.py:183} INFO - Processing /usr/local/lib/python3.10/dist-packages/airflow/example_dags/example_kubernetes_executor.py took 0.123 seconds
[2024-01-08T18:44:52.631+0300] {processor.py:161} INFO - Started process (PID=15712) to work on /usr/local/lib/python3.10/dist-packages/airflow/example_dags/example_kubernetes_executor.py
[2024-01-08T18:44:52.634+0300] {processor.py:830} INFO - Processing file /usr/local/lib/python3.10/dist-packages/airflow/example_dags/example_kubernetes_executor.py for tasks to queue
[2024-01-08T18:44:52.636+0300] {logging_mixin.py:188} INFO - [2024-01-08T18:44:52.636+0300] {dagbag.py:538} INFO - Filling up the DagBag from /usr/local/lib/python3.10/dist-packages/airflow/example_dags/example_kubernetes_executor.py
[2024-01-08T18:44:52.655+0300] {logging_mixin.py:188} INFO - [2024-01-08T18:44:52.655+0300] {example_kubernetes_executor.py:38} WARNING - The example_kubernetes_executor example DAG requires the kubernetes provider. Please install it with: pip install apache-airflow[cncf.kubernetes]
[2024-01-08T18:44:52.656+0300] {processor.py:842} WARNING - No viable dags retrieved from /usr/local/lib/python3.10/dist-packages/airflow/example_dags/example_kubernetes_executor.py
[2024-01-08T18:44:52.774+0300] {processor.py:183} INFO - Processing /usr/local/lib/python3.10/dist-packages/airflow/example_dags/example_kubernetes_executor.py took 0.189 seconds
[2024-01-08T18:45:28.000+0300] {processor.py:161} INFO - Started process (PID=16117) to work on /usr/local/lib/python3.10/dist-packages/airflow/example_dags/example_kubernetes_executor.py
[2024-01-08T18:45:28.026+0300] {processor.py:830} INFO - Processing file /usr/local/lib/python3.10/dist-packages/airflow/example_dags/example_kubernetes_executor.py for tasks to queue
[2024-01-08T18:45:28.028+0300] {logging_mixin.py:188} INFO - [2024-01-08T18:45:28.027+0300] {dagbag.py:538} INFO - Filling up the DagBag from /usr/local/lib/python3.10/dist-packages/airflow/example_dags/example_kubernetes_executor.py
[2024-01-08T18:45:28.095+0300] {logging_mixin.py:188} INFO - [2024-01-08T18:45:28.094+0300] {example_kubernetes_executor.py:38} WARNING - The example_kubernetes_executor example DAG requires the kubernetes provider. Please install it with: pip install apache-airflow[cncf.kubernetes]
[2024-01-08T18:45:28.096+0300] {processor.py:842} WARNING - No viable dags retrieved from /usr/local/lib/python3.10/dist-packages/airflow/example_dags/example_kubernetes_executor.py
[2024-01-08T18:45:28.587+0300] {processor.py:183} INFO - Processing /usr/local/lib/python3.10/dist-packages/airflow/example_dags/example_kubernetes_executor.py took 0.624 seconds
[2024-01-08T18:46:20.671+0300] {processor.py:161} INFO - Started process (PID=16648) to work on /usr/local/lib/python3.10/dist-packages/airflow/example_dags/example_kubernetes_executor.py
[2024-01-08T18:46:20.675+0300] {processor.py:830} INFO - Processing file /usr/local/lib/python3.10/dist-packages/airflow/example_dags/example_kubernetes_executor.py for tasks to queue
[2024-01-08T18:46:20.682+0300] {logging_mixin.py:188} INFO - [2024-01-08T18:46:20.676+0300] {dagbag.py:538} INFO - Filling up the DagBag from /usr/local/lib/python3.10/dist-packages/airflow/example_dags/example_kubernetes_executor.py
[2024-01-08T18:46:20.707+0300] {logging_mixin.py:188} INFO - [2024-01-08T18:46:20.707+0300] {example_kubernetes_executor.py:38} WARNING - The example_kubernetes_executor example DAG requires the kubernetes provider. Please install it with: pip install apache-airflow[cncf.kubernetes]
[2024-01-08T18:46:20.709+0300] {processor.py:842} WARNING - No viable dags retrieved from /usr/local/lib/python3.10/dist-packages/airflow/example_dags/example_kubernetes_executor.py
[2024-01-08T18:46:20.843+0300] {processor.py:183} INFO - Processing /usr/local/lib/python3.10/dist-packages/airflow/example_dags/example_kubernetes_executor.py took 0.213 seconds
[2024-01-08T18:46:57.296+0300] {processor.py:161} INFO - Started process (PID=17104) to work on /usr/local/lib/python3.10/dist-packages/airflow/example_dags/example_kubernetes_executor.py
[2024-01-08T18:46:57.330+0300] {processor.py:830} INFO - Processing file /usr/local/lib/python3.10/dist-packages/airflow/example_dags/example_kubernetes_executor.py for tasks to queue
[2024-01-08T18:46:57.332+0300] {logging_mixin.py:188} INFO - [2024-01-08T18:46:57.331+0300] {dagbag.py:538} INFO - Filling up the DagBag from /usr/local/lib/python3.10/dist-packages/airflow/example_dags/example_kubernetes_executor.py
[2024-01-08T18:46:57.359+0300] {logging_mixin.py:188} INFO - [2024-01-08T18:46:57.356+0300] {example_kubernetes_executor.py:38} WARNING - The example_kubernetes_executor example DAG requires the kubernetes provider. Please install it with: pip install apache-airflow[cncf.kubernetes]
[2024-01-08T18:46:57.360+0300] {processor.py:842} WARNING - No viable dags retrieved from /usr/local/lib/python3.10/dist-packages/airflow/example_dags/example_kubernetes_executor.py
[2024-01-08T18:46:57.765+0300] {processor.py:183} INFO - Processing /usr/local/lib/python3.10/dist-packages/airflow/example_dags/example_kubernetes_executor.py took 0.521 seconds
[2024-01-08T18:47:28.682+0300] {processor.py:161} INFO - Started process (PID=17442) to work on /usr/local/lib/python3.10/dist-packages/airflow/example_dags/example_kubernetes_executor.py
[2024-01-08T18:47:28.685+0300] {processor.py:830} INFO - Processing file /usr/local/lib/python3.10/dist-packages/airflow/example_dags/example_kubernetes_executor.py for tasks to queue
[2024-01-08T18:47:28.687+0300] {logging_mixin.py:188} INFO - [2024-01-08T18:47:28.686+0300] {dagbag.py:538} INFO - Filling up the DagBag from /usr/local/lib/python3.10/dist-packages/airflow/example_dags/example_kubernetes_executor.py
[2024-01-08T18:47:28.699+0300] {logging_mixin.py:188} INFO - [2024-01-08T18:47:28.699+0300] {example_kubernetes_executor.py:38} WARNING - The example_kubernetes_executor example DAG requires the kubernetes provider. Please install it with: pip install apache-airflow[cncf.kubernetes]
[2024-01-08T18:47:28.701+0300] {processor.py:842} WARNING - No viable dags retrieved from /usr/local/lib/python3.10/dist-packages/airflow/example_dags/example_kubernetes_executor.py
[2024-01-08T18:47:28.783+0300] {processor.py:183} INFO - Processing /usr/local/lib/python3.10/dist-packages/airflow/example_dags/example_kubernetes_executor.py took 0.124 seconds
[2024-01-08T18:47:58.894+0300] {processor.py:161} INFO - Started process (PID=17779) to work on /usr/local/lib/python3.10/dist-packages/airflow/example_dags/example_kubernetes_executor.py
[2024-01-08T18:47:58.897+0300] {processor.py:830} INFO - Processing file /usr/local/lib/python3.10/dist-packages/airflow/example_dags/example_kubernetes_executor.py for tasks to queue
[2024-01-08T18:47:58.899+0300] {logging_mixin.py:188} INFO - [2024-01-08T18:47:58.898+0300] {dagbag.py:538} INFO - Filling up the DagBag from /usr/local/lib/python3.10/dist-packages/airflow/example_dags/example_kubernetes_executor.py
[2024-01-08T18:47:58.910+0300] {logging_mixin.py:188} INFO - [2024-01-08T18:47:58.910+0300] {example_kubernetes_executor.py:38} WARNING - The example_kubernetes_executor example DAG requires the kubernetes provider. Please install it with: pip install apache-airflow[cncf.kubernetes]
[2024-01-08T18:47:58.911+0300] {processor.py:842} WARNING - No viable dags retrieved from /usr/local/lib/python3.10/dist-packages/airflow/example_dags/example_kubernetes_executor.py
[2024-01-08T18:47:59.131+0300] {processor.py:183} INFO - Processing /usr/local/lib/python3.10/dist-packages/airflow/example_dags/example_kubernetes_executor.py took 0.252 seconds
[2024-01-08T18:48:39.072+0300] {processor.py:161} INFO - Started process (PID=18267) to work on /usr/local/lib/python3.10/dist-packages/airflow/example_dags/example_kubernetes_executor.py
[2024-01-08T18:48:39.081+0300] {processor.py:830} INFO - Processing file /usr/local/lib/python3.10/dist-packages/airflow/example_dags/example_kubernetes_executor.py for tasks to queue
[2024-01-08T18:48:39.083+0300] {logging_mixin.py:188} INFO - [2024-01-08T18:48:39.082+0300] {dagbag.py:538} INFO - Filling up the DagBag from /usr/local/lib/python3.10/dist-packages/airflow/example_dags/example_kubernetes_executor.py
[2024-01-08T18:48:39.104+0300] {logging_mixin.py:188} INFO - [2024-01-08T18:48:39.103+0300] {example_kubernetes_executor.py:38} WARNING - The example_kubernetes_executor example DAG requires the kubernetes provider. Please install it with: pip install apache-airflow[cncf.kubernetes]
[2024-01-08T18:48:39.104+0300] {processor.py:842} WARNING - No viable dags retrieved from /usr/local/lib/python3.10/dist-packages/airflow/example_dags/example_kubernetes_executor.py
[2024-01-08T18:48:39.293+0300] {processor.py:183} INFO - Processing /usr/local/lib/python3.10/dist-packages/airflow/example_dags/example_kubernetes_executor.py took 0.259 seconds
[2024-01-08T18:49:24.574+0300] {processor.py:161} INFO - Started process (PID=18755) to work on /usr/local/lib/python3.10/dist-packages/airflow/example_dags/example_kubernetes_executor.py
[2024-01-08T18:49:24.588+0300] {processor.py:830} INFO - Processing file /usr/local/lib/python3.10/dist-packages/airflow/example_dags/example_kubernetes_executor.py for tasks to queue
[2024-01-08T18:49:24.599+0300] {logging_mixin.py:188} INFO - [2024-01-08T18:49:24.590+0300] {dagbag.py:538} INFO - Filling up the DagBag from /usr/local/lib/python3.10/dist-packages/airflow/example_dags/example_kubernetes_executor.py
[2024-01-08T18:49:24.638+0300] {logging_mixin.py:188} INFO - [2024-01-08T18:49:24.638+0300] {example_kubernetes_executor.py:38} WARNING - The example_kubernetes_executor example DAG requires the kubernetes provider. Please install it with: pip install apache-airflow[cncf.kubernetes]
[2024-01-08T18:49:24.639+0300] {processor.py:842} WARNING - No viable dags retrieved from /usr/local/lib/python3.10/dist-packages/airflow/example_dags/example_kubernetes_executor.py
[2024-01-08T18:49:24.843+0300] {processor.py:183} INFO - Processing /usr/local/lib/python3.10/dist-packages/airflow/example_dags/example_kubernetes_executor.py took 0.280 seconds
[2024-01-08T18:49:55.107+0300] {processor.py:161} INFO - Started process (PID=19074) to work on /usr/local/lib/python3.10/dist-packages/airflow/example_dags/example_kubernetes_executor.py
[2024-01-08T18:49:55.109+0300] {processor.py:830} INFO - Processing file /usr/local/lib/python3.10/dist-packages/airflow/example_dags/example_kubernetes_executor.py for tasks to queue
[2024-01-08T18:49:55.110+0300] {logging_mixin.py:188} INFO - [2024-01-08T18:49:55.110+0300] {dagbag.py:538} INFO - Filling up the DagBag from /usr/local/lib/python3.10/dist-packages/airflow/example_dags/example_kubernetes_executor.py
[2024-01-08T18:49:55.118+0300] {logging_mixin.py:188} INFO - [2024-01-08T18:49:55.117+0300] {example_kubernetes_executor.py:38} WARNING - The example_kubernetes_executor example DAG requires the kubernetes provider. Please install it with: pip install apache-airflow[cncf.kubernetes]
[2024-01-08T18:49:55.118+0300] {processor.py:842} WARNING - No viable dags retrieved from /usr/local/lib/python3.10/dist-packages/airflow/example_dags/example_kubernetes_executor.py
[2024-01-08T18:49:55.190+0300] {processor.py:183} INFO - Processing /usr/local/lib/python3.10/dist-packages/airflow/example_dags/example_kubernetes_executor.py took 0.094 seconds
[2024-01-08T18:50:26.163+0300] {processor.py:161} INFO - Started process (PID=19388) to work on /usr/local/lib/python3.10/dist-packages/airflow/example_dags/example_kubernetes_executor.py
[2024-01-08T18:50:26.168+0300] {processor.py:830} INFO - Processing file /usr/local/lib/python3.10/dist-packages/airflow/example_dags/example_kubernetes_executor.py for tasks to queue
[2024-01-08T18:50:26.171+0300] {logging_mixin.py:188} INFO - [2024-01-08T18:50:26.170+0300] {dagbag.py:538} INFO - Filling up the DagBag from /usr/local/lib/python3.10/dist-packages/airflow/example_dags/example_kubernetes_executor.py
[2024-01-08T18:50:26.182+0300] {logging_mixin.py:188} INFO - [2024-01-08T18:50:26.182+0300] {example_kubernetes_executor.py:38} WARNING - The example_kubernetes_executor example DAG requires the kubernetes provider. Please install it with: pip install apache-airflow[cncf.kubernetes]
[2024-01-08T18:50:26.183+0300] {processor.py:842} WARNING - No viable dags retrieved from /usr/local/lib/python3.10/dist-packages/airflow/example_dags/example_kubernetes_executor.py
[2024-01-08T18:50:26.249+0300] {processor.py:183} INFO - Processing /usr/local/lib/python3.10/dist-packages/airflow/example_dags/example_kubernetes_executor.py took 0.099 seconds
[2024-01-08T18:50:57.482+0300] {processor.py:161} INFO - Started process (PID=19709) to work on /usr/local/lib/python3.10/dist-packages/airflow/example_dags/example_kubernetes_executor.py
[2024-01-08T18:50:57.484+0300] {processor.py:830} INFO - Processing file /usr/local/lib/python3.10/dist-packages/airflow/example_dags/example_kubernetes_executor.py for tasks to queue
[2024-01-08T18:50:57.486+0300] {logging_mixin.py:188} INFO - [2024-01-08T18:50:57.485+0300] {dagbag.py:538} INFO - Filling up the DagBag from /usr/local/lib/python3.10/dist-packages/airflow/example_dags/example_kubernetes_executor.py
[2024-01-08T18:50:57.496+0300] {logging_mixin.py:188} INFO - [2024-01-08T18:50:57.495+0300] {example_kubernetes_executor.py:38} WARNING - The example_kubernetes_executor example DAG requires the kubernetes provider. Please install it with: pip install apache-airflow[cncf.kubernetes]
[2024-01-08T18:50:57.497+0300] {processor.py:842} WARNING - No viable dags retrieved from /usr/local/lib/python3.10/dist-packages/airflow/example_dags/example_kubernetes_executor.py
[2024-01-08T18:50:57.607+0300] {processor.py:183} INFO - Processing /usr/local/lib/python3.10/dist-packages/airflow/example_dags/example_kubernetes_executor.py took 0.137 seconds
[2024-01-08T18:51:28.236+0300] {processor.py:161} INFO - Started process (PID=20093) to work on /usr/local/lib/python3.10/dist-packages/airflow/example_dags/example_kubernetes_executor.py
[2024-01-08T18:51:28.239+0300] {processor.py:830} INFO - Processing file /usr/local/lib/python3.10/dist-packages/airflow/example_dags/example_kubernetes_executor.py for tasks to queue
[2024-01-08T18:51:28.241+0300] {logging_mixin.py:188} INFO - [2024-01-08T18:51:28.240+0300] {dagbag.py:538} INFO - Filling up the DagBag from /usr/local/lib/python3.10/dist-packages/airflow/example_dags/example_kubernetes_executor.py
[2024-01-08T18:51:28.253+0300] {logging_mixin.py:188} INFO - [2024-01-08T18:51:28.253+0300] {example_kubernetes_executor.py:38} WARNING - The example_kubernetes_executor example DAG requires the kubernetes provider. Please install it with: pip install apache-airflow[cncf.kubernetes]
[2024-01-08T18:51:28.254+0300] {processor.py:842} WARNING - No viable dags retrieved from /usr/local/lib/python3.10/dist-packages/airflow/example_dags/example_kubernetes_executor.py
[2024-01-08T18:51:28.340+0300] {processor.py:183} INFO - Processing /usr/local/lib/python3.10/dist-packages/airflow/example_dags/example_kubernetes_executor.py took 0.118 seconds
[2024-01-08T18:52:21.905+0300] {processor.py:161} INFO - Started process (PID=20621) to work on /usr/local/lib/python3.10/dist-packages/airflow/example_dags/example_kubernetes_executor.py
[2024-01-08T18:52:21.927+0300] {processor.py:830} INFO - Processing file /usr/local/lib/python3.10/dist-packages/airflow/example_dags/example_kubernetes_executor.py for tasks to queue
[2024-01-08T18:52:21.930+0300] {logging_mixin.py:188} INFO - [2024-01-08T18:52:21.929+0300] {dagbag.py:538} INFO - Filling up the DagBag from /usr/local/lib/python3.10/dist-packages/airflow/example_dags/example_kubernetes_executor.py
[2024-01-08T18:52:21.976+0300] {logging_mixin.py:188} INFO - [2024-01-08T18:52:21.976+0300] {example_kubernetes_executor.py:38} WARNING - The example_kubernetes_executor example DAG requires the kubernetes provider. Please install it with: pip install apache-airflow[cncf.kubernetes]
[2024-01-08T18:52:21.977+0300] {processor.py:842} WARNING - No viable dags retrieved from /usr/local/lib/python3.10/dist-packages/airflow/example_dags/example_kubernetes_executor.py
[2024-01-08T18:52:22.300+0300] {processor.py:183} INFO - Processing /usr/local/lib/python3.10/dist-packages/airflow/example_dags/example_kubernetes_executor.py took 0.451 seconds
[2024-01-08T18:52:59.378+0300] {processor.py:161} INFO - Started process (PID=21033) to work on /usr/local/lib/python3.10/dist-packages/airflow/example_dags/example_kubernetes_executor.py
[2024-01-08T18:52:59.389+0300] {processor.py:830} INFO - Processing file /usr/local/lib/python3.10/dist-packages/airflow/example_dags/example_kubernetes_executor.py for tasks to queue
[2024-01-08T18:52:59.415+0300] {logging_mixin.py:188} INFO - [2024-01-08T18:52:59.415+0300] {dagbag.py:538} INFO - Filling up the DagBag from /usr/local/lib/python3.10/dist-packages/airflow/example_dags/example_kubernetes_executor.py
[2024-01-08T18:52:59.455+0300] {logging_mixin.py:188} INFO - [2024-01-08T18:52:59.454+0300] {example_kubernetes_executor.py:38} WARNING - The example_kubernetes_executor example DAG requires the kubernetes provider. Please install it with: pip install apache-airflow[cncf.kubernetes]
[2024-01-08T18:52:59.456+0300] {processor.py:842} WARNING - No viable dags retrieved from /usr/local/lib/python3.10/dist-packages/airflow/example_dags/example_kubernetes_executor.py
[2024-01-08T18:53:00.164+0300] {processor.py:183} INFO - Processing /usr/local/lib/python3.10/dist-packages/airflow/example_dags/example_kubernetes_executor.py took 0.885 seconds
[2024-01-08T18:54:02.144+0300] {processor.py:161} INFO - Started process (PID=21598) to work on /usr/local/lib/python3.10/dist-packages/airflow/example_dags/example_kubernetes_executor.py
[2024-01-08T18:54:02.153+0300] {processor.py:830} INFO - Processing file /usr/local/lib/python3.10/dist-packages/airflow/example_dags/example_kubernetes_executor.py for tasks to queue
[2024-01-08T18:54:02.173+0300] {logging_mixin.py:188} INFO - [2024-01-08T18:54:02.155+0300] {dagbag.py:538} INFO - Filling up the DagBag from /usr/local/lib/python3.10/dist-packages/airflow/example_dags/example_kubernetes_executor.py
[2024-01-08T18:54:02.183+0300] {logging_mixin.py:188} INFO - [2024-01-08T18:54:02.182+0300] {example_kubernetes_executor.py:38} WARNING - The example_kubernetes_executor example DAG requires the kubernetes provider. Please install it with: pip install apache-airflow[cncf.kubernetes]
[2024-01-08T18:54:02.183+0300] {processor.py:842} WARNING - No viable dags retrieved from /usr/local/lib/python3.10/dist-packages/airflow/example_dags/example_kubernetes_executor.py
[2024-01-08T18:54:02.595+0300] {processor.py:183} INFO - Processing /usr/local/lib/python3.10/dist-packages/airflow/example_dags/example_kubernetes_executor.py took 0.513 seconds
[2024-01-08T18:54:41.199+0300] {processor.py:161} INFO - Started process (PID=22028) to work on /usr/local/lib/python3.10/dist-packages/airflow/example_dags/example_kubernetes_executor.py
[2024-01-08T18:54:41.217+0300] {processor.py:830} INFO - Processing file /usr/local/lib/python3.10/dist-packages/airflow/example_dags/example_kubernetes_executor.py for tasks to queue
[2024-01-08T18:54:41.220+0300] {logging_mixin.py:188} INFO - [2024-01-08T18:54:41.219+0300] {dagbag.py:538} INFO - Filling up the DagBag from /usr/local/lib/python3.10/dist-packages/airflow/example_dags/example_kubernetes_executor.py
[2024-01-08T18:54:41.337+0300] {logging_mixin.py:188} INFO - [2024-01-08T18:54:41.337+0300] {example_kubernetes_executor.py:38} WARNING - The example_kubernetes_executor example DAG requires the kubernetes provider. Please install it with: pip install apache-airflow[cncf.kubernetes]
[2024-01-08T18:54:41.352+0300] {processor.py:842} WARNING - No viable dags retrieved from /usr/local/lib/python3.10/dist-packages/airflow/example_dags/example_kubernetes_executor.py
[2024-01-08T18:54:41.770+0300] {processor.py:183} INFO - Processing /usr/local/lib/python3.10/dist-packages/airflow/example_dags/example_kubernetes_executor.py took 0.670 seconds
[2024-01-08T18:55:11.912+0300] {processor.py:161} INFO - Started process (PID=22472) to work on /usr/local/lib/python3.10/dist-packages/airflow/example_dags/example_kubernetes_executor.py
[2024-01-08T18:55:11.914+0300] {processor.py:830} INFO - Processing file /usr/local/lib/python3.10/dist-packages/airflow/example_dags/example_kubernetes_executor.py for tasks to queue
[2024-01-08T18:55:11.916+0300] {logging_mixin.py:188} INFO - [2024-01-08T18:55:11.915+0300] {dagbag.py:538} INFO - Filling up the DagBag from /usr/local/lib/python3.10/dist-packages/airflow/example_dags/example_kubernetes_executor.py
[2024-01-08T18:55:11.925+0300] {logging_mixin.py:188} INFO - [2024-01-08T18:55:11.924+0300] {example_kubernetes_executor.py:38} WARNING - The example_kubernetes_executor example DAG requires the kubernetes provider. Please install it with: pip install apache-airflow[cncf.kubernetes]
[2024-01-08T18:55:11.925+0300] {processor.py:842} WARNING - No viable dags retrieved from /usr/local/lib/python3.10/dist-packages/airflow/example_dags/example_kubernetes_executor.py
[2024-01-08T18:55:12.003+0300] {processor.py:183} INFO - Processing /usr/local/lib/python3.10/dist-packages/airflow/example_dags/example_kubernetes_executor.py took 0.102 seconds
[2024-01-08T18:55:44.603+0300] {processor.py:161} INFO - Started process (PID=22858) to work on /usr/local/lib/python3.10/dist-packages/airflow/example_dags/example_kubernetes_executor.py
[2024-01-08T18:55:44.614+0300] {processor.py:830} INFO - Processing file /usr/local/lib/python3.10/dist-packages/airflow/example_dags/example_kubernetes_executor.py for tasks to queue
[2024-01-08T18:55:44.616+0300] {logging_mixin.py:188} INFO - [2024-01-08T18:55:44.616+0300] {dagbag.py:538} INFO - Filling up the DagBag from /usr/local/lib/python3.10/dist-packages/airflow/example_dags/example_kubernetes_executor.py
[2024-01-08T18:55:44.630+0300] {logging_mixin.py:188} INFO - [2024-01-08T18:55:44.629+0300] {example_kubernetes_executor.py:38} WARNING - The example_kubernetes_executor example DAG requires the kubernetes provider. Please install it with: pip install apache-airflow[cncf.kubernetes]
[2024-01-08T18:55:44.630+0300] {processor.py:842} WARNING - No viable dags retrieved from /usr/local/lib/python3.10/dist-packages/airflow/example_dags/example_kubernetes_executor.py
[2024-01-08T18:55:44.954+0300] {processor.py:183} INFO - Processing /usr/local/lib/python3.10/dist-packages/airflow/example_dags/example_kubernetes_executor.py took 0.396 seconds
[2024-01-08T18:56:15.243+0300] {processor.py:161} INFO - Started process (PID=23173) to work on /usr/local/lib/python3.10/dist-packages/airflow/example_dags/example_kubernetes_executor.py
[2024-01-08T18:56:15.246+0300] {processor.py:830} INFO - Processing file /usr/local/lib/python3.10/dist-packages/airflow/example_dags/example_kubernetes_executor.py for tasks to queue
[2024-01-08T18:56:15.250+0300] {logging_mixin.py:188} INFO - [2024-01-08T18:56:15.248+0300] {dagbag.py:538} INFO - Filling up the DagBag from /usr/local/lib/python3.10/dist-packages/airflow/example_dags/example_kubernetes_executor.py
[2024-01-08T18:56:15.282+0300] {logging_mixin.py:188} INFO - [2024-01-08T18:56:15.278+0300] {example_kubernetes_executor.py:38} WARNING - The example_kubernetes_executor example DAG requires the kubernetes provider. Please install it with: pip install apache-airflow[cncf.kubernetes]
[2024-01-08T18:56:15.283+0300] {processor.py:842} WARNING - No viable dags retrieved from /usr/local/lib/python3.10/dist-packages/airflow/example_dags/example_kubernetes_executor.py
[2024-01-08T18:56:15.462+0300] {processor.py:183} INFO - Processing /usr/local/lib/python3.10/dist-packages/airflow/example_dags/example_kubernetes_executor.py took 0.250 seconds
[2024-01-08T18:56:46.065+0300] {processor.py:161} INFO - Started process (PID=23489) to work on /usr/local/lib/python3.10/dist-packages/airflow/example_dags/example_kubernetes_executor.py
[2024-01-08T18:56:46.068+0300] {processor.py:830} INFO - Processing file /usr/local/lib/python3.10/dist-packages/airflow/example_dags/example_kubernetes_executor.py for tasks to queue
[2024-01-08T18:56:46.070+0300] {logging_mixin.py:188} INFO - [2024-01-08T18:56:46.070+0300] {dagbag.py:538} INFO - Filling up the DagBag from /usr/local/lib/python3.10/dist-packages/airflow/example_dags/example_kubernetes_executor.py
[2024-01-08T18:56:46.082+0300] {logging_mixin.py:188} INFO - [2024-01-08T18:56:46.082+0300] {example_kubernetes_executor.py:38} WARNING - The example_kubernetes_executor example DAG requires the kubernetes provider. Please install it with: pip install apache-airflow[cncf.kubernetes]
[2024-01-08T18:56:46.083+0300] {processor.py:842} WARNING - No viable dags retrieved from /usr/local/lib/python3.10/dist-packages/airflow/example_dags/example_kubernetes_executor.py
[2024-01-08T18:56:46.263+0300] {processor.py:183} INFO - Processing /usr/local/lib/python3.10/dist-packages/airflow/example_dags/example_kubernetes_executor.py took 0.211 seconds
[2024-01-08T18:57:17.676+0300] {processor.py:161} INFO - Started process (PID=23868) to work on /usr/local/lib/python3.10/dist-packages/airflow/example_dags/example_kubernetes_executor.py
[2024-01-08T18:57:17.684+0300] {processor.py:830} INFO - Processing file /usr/local/lib/python3.10/dist-packages/airflow/example_dags/example_kubernetes_executor.py for tasks to queue
[2024-01-08T18:57:17.690+0300] {logging_mixin.py:188} INFO - [2024-01-08T18:57:17.686+0300] {dagbag.py:538} INFO - Filling up the DagBag from /usr/local/lib/python3.10/dist-packages/airflow/example_dags/example_kubernetes_executor.py
[2024-01-08T18:57:17.701+0300] {logging_mixin.py:188} INFO - [2024-01-08T18:57:17.700+0300] {example_kubernetes_executor.py:38} WARNING - The example_kubernetes_executor example DAG requires the kubernetes provider. Please install it with: pip install apache-airflow[cncf.kubernetes]
[2024-01-08T18:57:17.701+0300] {processor.py:842} WARNING - No viable dags retrieved from /usr/local/lib/python3.10/dist-packages/airflow/example_dags/example_kubernetes_executor.py
[2024-01-08T18:57:17.817+0300] {processor.py:183} INFO - Processing /usr/local/lib/python3.10/dist-packages/airflow/example_dags/example_kubernetes_executor.py took 0.153 seconds
[2024-01-08T18:57:55.568+0300] {processor.py:161} INFO - Started process (PID=24239) to work on /usr/local/lib/python3.10/dist-packages/airflow/example_dags/example_kubernetes_executor.py
[2024-01-08T18:57:55.574+0300] {processor.py:830} INFO - Processing file /usr/local/lib/python3.10/dist-packages/airflow/example_dags/example_kubernetes_executor.py for tasks to queue
[2024-01-08T18:57:55.578+0300] {logging_mixin.py:188} INFO - [2024-01-08T18:57:55.576+0300] {dagbag.py:538} INFO - Filling up the DagBag from /usr/local/lib/python3.10/dist-packages/airflow/example_dags/example_kubernetes_executor.py
[2024-01-08T18:57:55.600+0300] {logging_mixin.py:188} INFO - [2024-01-08T18:57:55.600+0300] {example_kubernetes_executor.py:38} WARNING - The example_kubernetes_executor example DAG requires the kubernetes provider. Please install it with: pip install apache-airflow[cncf.kubernetes]
[2024-01-08T18:57:55.601+0300] {processor.py:842} WARNING - No viable dags retrieved from /usr/local/lib/python3.10/dist-packages/airflow/example_dags/example_kubernetes_executor.py
[2024-01-08T18:57:55.710+0300] {processor.py:183} INFO - Processing /usr/local/lib/python3.10/dist-packages/airflow/example_dags/example_kubernetes_executor.py took 0.155 seconds
[2024-01-08T18:58:29.218+0300] {processor.py:161} INFO - Started process (PID=24605) to work on /usr/local/lib/python3.10/dist-packages/airflow/example_dags/example_kubernetes_executor.py
[2024-01-08T18:58:29.236+0300] {processor.py:830} INFO - Processing file /usr/local/lib/python3.10/dist-packages/airflow/example_dags/example_kubernetes_executor.py for tasks to queue
[2024-01-08T18:58:29.326+0300] {logging_mixin.py:188} INFO - [2024-01-08T18:58:29.259+0300] {dagbag.py:538} INFO - Filling up the DagBag from /usr/local/lib/python3.10/dist-packages/airflow/example_dags/example_kubernetes_executor.py
[2024-01-08T18:58:29.396+0300] {logging_mixin.py:188} INFO - [2024-01-08T18:58:29.396+0300] {example_kubernetes_executor.py:38} WARNING - The example_kubernetes_executor example DAG requires the kubernetes provider. Please install it with: pip install apache-airflow[cncf.kubernetes]
[2024-01-08T18:58:29.397+0300] {processor.py:842} WARNING - No viable dags retrieved from /usr/local/lib/python3.10/dist-packages/airflow/example_dags/example_kubernetes_executor.py
[2024-01-08T18:58:29.833+0300] {processor.py:183} INFO - Processing /usr/local/lib/python3.10/dist-packages/airflow/example_dags/example_kubernetes_executor.py took 0.691 seconds
[2024-01-08T18:59:02.707+0300] {processor.py:161} INFO - Started process (PID=25058) to work on /usr/local/lib/python3.10/dist-packages/airflow/example_dags/example_kubernetes_executor.py
[2024-01-08T18:59:02.719+0300] {processor.py:830} INFO - Processing file /usr/local/lib/python3.10/dist-packages/airflow/example_dags/example_kubernetes_executor.py for tasks to queue
[2024-01-08T18:59:02.721+0300] {logging_mixin.py:188} INFO - [2024-01-08T18:59:02.720+0300] {dagbag.py:538} INFO - Filling up the DagBag from /usr/local/lib/python3.10/dist-packages/airflow/example_dags/example_kubernetes_executor.py
[2024-01-08T18:59:02.731+0300] {logging_mixin.py:188} INFO - [2024-01-08T18:59:02.731+0300] {example_kubernetes_executor.py:38} WARNING - The example_kubernetes_executor example DAG requires the kubernetes provider. Please install it with: pip install apache-airflow[cncf.kubernetes]
[2024-01-08T18:59:02.733+0300] {processor.py:842} WARNING - No viable dags retrieved from /usr/local/lib/python3.10/dist-packages/airflow/example_dags/example_kubernetes_executor.py
[2024-01-08T18:59:02.812+0300] {processor.py:183} INFO - Processing /usr/local/lib/python3.10/dist-packages/airflow/example_dags/example_kubernetes_executor.py took 0.141 seconds
[2024-01-08T18:59:39.320+0300] {processor.py:161} INFO - Started process (PID=25479) to work on /usr/local/lib/python3.10/dist-packages/airflow/example_dags/example_kubernetes_executor.py
[2024-01-08T18:59:39.323+0300] {processor.py:830} INFO - Processing file /usr/local/lib/python3.10/dist-packages/airflow/example_dags/example_kubernetes_executor.py for tasks to queue
[2024-01-08T18:59:39.326+0300] {logging_mixin.py:188} INFO - [2024-01-08T18:59:39.325+0300] {dagbag.py:538} INFO - Filling up the DagBag from /usr/local/lib/python3.10/dist-packages/airflow/example_dags/example_kubernetes_executor.py
[2024-01-08T18:59:39.338+0300] {logging_mixin.py:188} INFO - [2024-01-08T18:59:39.337+0300] {example_kubernetes_executor.py:38} WARNING - The example_kubernetes_executor example DAG requires the kubernetes provider. Please install it with: pip install apache-airflow[cncf.kubernetes]
[2024-01-08T18:59:39.339+0300] {processor.py:842} WARNING - No viable dags retrieved from /usr/local/lib/python3.10/dist-packages/airflow/example_dags/example_kubernetes_executor.py
[2024-01-08T18:59:39.438+0300] {processor.py:183} INFO - Processing /usr/local/lib/python3.10/dist-packages/airflow/example_dags/example_kubernetes_executor.py took 0.129 seconds
[2024-01-08T19:00:10.805+0300] {processor.py:161} INFO - Started process (PID=25843) to work on /usr/local/lib/python3.10/dist-packages/airflow/example_dags/example_kubernetes_executor.py
[2024-01-08T19:00:10.807+0300] {processor.py:830} INFO - Processing file /usr/local/lib/python3.10/dist-packages/airflow/example_dags/example_kubernetes_executor.py for tasks to queue
[2024-01-08T19:00:10.823+0300] {logging_mixin.py:188} INFO - [2024-01-08T19:00:10.822+0300] {dagbag.py:538} INFO - Filling up the DagBag from /usr/local/lib/python3.10/dist-packages/airflow/example_dags/example_kubernetes_executor.py
[2024-01-08T19:00:10.854+0300] {logging_mixin.py:188} INFO - [2024-01-08T19:00:10.832+0300] {example_kubernetes_executor.py:38} WARNING - The example_kubernetes_executor example DAG requires the kubernetes provider. Please install it with: pip install apache-airflow[cncf.kubernetes]
[2024-01-08T19:00:10.855+0300] {processor.py:842} WARNING - No viable dags retrieved from /usr/local/lib/python3.10/dist-packages/airflow/example_dags/example_kubernetes_executor.py
[2024-01-08T19:00:11.020+0300] {processor.py:183} INFO - Processing /usr/local/lib/python3.10/dist-packages/airflow/example_dags/example_kubernetes_executor.py took 0.227 seconds
[2024-01-08T19:00:43.191+0300] {processor.py:161} INFO - Started process (PID=26266) to work on /usr/local/lib/python3.10/dist-packages/airflow/example_dags/example_kubernetes_executor.py
[2024-01-08T19:00:43.196+0300] {processor.py:830} INFO - Processing file /usr/local/lib/python3.10/dist-packages/airflow/example_dags/example_kubernetes_executor.py for tasks to queue
[2024-01-08T19:00:43.198+0300] {logging_mixin.py:188} INFO - [2024-01-08T19:00:43.197+0300] {dagbag.py:538} INFO - Filling up the DagBag from /usr/local/lib/python3.10/dist-packages/airflow/example_dags/example_kubernetes_executor.py
[2024-01-08T19:00:43.207+0300] {logging_mixin.py:188} INFO - [2024-01-08T19:00:43.207+0300] {example_kubernetes_executor.py:38} WARNING - The example_kubernetes_executor example DAG requires the kubernetes provider. Please install it with: pip install apache-airflow[cncf.kubernetes]
[2024-01-08T19:00:43.207+0300] {processor.py:842} WARNING - No viable dags retrieved from /usr/local/lib/python3.10/dist-packages/airflow/example_dags/example_kubernetes_executor.py
[2024-01-08T19:00:43.437+0300] {processor.py:183} INFO - Processing /usr/local/lib/python3.10/dist-packages/airflow/example_dags/example_kubernetes_executor.py took 0.361 seconds
[2024-01-08T19:01:13.612+0300] {processor.py:161} INFO - Started process (PID=26648) to work on /usr/local/lib/python3.10/dist-packages/airflow/example_dags/example_kubernetes_executor.py
[2024-01-08T19:01:13.614+0300] {processor.py:830} INFO - Processing file /usr/local/lib/python3.10/dist-packages/airflow/example_dags/example_kubernetes_executor.py for tasks to queue
[2024-01-08T19:01:13.616+0300] {logging_mixin.py:188} INFO - [2024-01-08T19:01:13.615+0300] {dagbag.py:538} INFO - Filling up the DagBag from /usr/local/lib/python3.10/dist-packages/airflow/example_dags/example_kubernetes_executor.py
[2024-01-08T19:01:13.623+0300] {logging_mixin.py:188} INFO - [2024-01-08T19:01:13.623+0300] {example_kubernetes_executor.py:38} WARNING - The example_kubernetes_executor example DAG requires the kubernetes provider. Please install it with: pip install apache-airflow[cncf.kubernetes]
[2024-01-08T19:01:13.624+0300] {processor.py:842} WARNING - No viable dags retrieved from /usr/local/lib/python3.10/dist-packages/airflow/example_dags/example_kubernetes_executor.py
[2024-01-08T19:01:13.738+0300] {processor.py:183} INFO - Processing /usr/local/lib/python3.10/dist-packages/airflow/example_dags/example_kubernetes_executor.py took 0.139 seconds
[2024-01-08T19:01:44.055+0300] {processor.py:161} INFO - Started process (PID=27048) to work on /usr/local/lib/python3.10/dist-packages/airflow/example_dags/example_kubernetes_executor.py
[2024-01-08T19:01:44.059+0300] {processor.py:830} INFO - Processing file /usr/local/lib/python3.10/dist-packages/airflow/example_dags/example_kubernetes_executor.py for tasks to queue
[2024-01-08T19:01:44.062+0300] {logging_mixin.py:188} INFO - [2024-01-08T19:01:44.061+0300] {dagbag.py:538} INFO - Filling up the DagBag from /usr/local/lib/python3.10/dist-packages/airflow/example_dags/example_kubernetes_executor.py
[2024-01-08T19:01:44.072+0300] {logging_mixin.py:188} INFO - [2024-01-08T19:01:44.072+0300] {example_kubernetes_executor.py:38} WARNING - The example_kubernetes_executor example DAG requires the kubernetes provider. Please install it with: pip install apache-airflow[cncf.kubernetes]
[2024-01-08T19:01:44.073+0300] {processor.py:842} WARNING - No viable dags retrieved from /usr/local/lib/python3.10/dist-packages/airflow/example_dags/example_kubernetes_executor.py
[2024-01-08T19:01:44.144+0300] {processor.py:183} INFO - Processing /usr/local/lib/python3.10/dist-packages/airflow/example_dags/example_kubernetes_executor.py took 0.105 seconds
[2024-01-08T19:02:15.423+0300] {processor.py:161} INFO - Started process (PID=27366) to work on /usr/local/lib/python3.10/dist-packages/airflow/example_dags/example_kubernetes_executor.py
[2024-01-08T19:02:15.425+0300] {processor.py:830} INFO - Processing file /usr/local/lib/python3.10/dist-packages/airflow/example_dags/example_kubernetes_executor.py for tasks to queue
[2024-01-08T19:02:15.427+0300] {logging_mixin.py:188} INFO - [2024-01-08T19:02:15.426+0300] {dagbag.py:538} INFO - Filling up the DagBag from /usr/local/lib/python3.10/dist-packages/airflow/example_dags/example_kubernetes_executor.py
[2024-01-08T19:02:15.447+0300] {logging_mixin.py:188} INFO - [2024-01-08T19:02:15.446+0300] {example_kubernetes_executor.py:38} WARNING - The example_kubernetes_executor example DAG requires the kubernetes provider. Please install it with: pip install apache-airflow[cncf.kubernetes]
[2024-01-08T19:02:15.447+0300] {processor.py:842} WARNING - No viable dags retrieved from /usr/local/lib/python3.10/dist-packages/airflow/example_dags/example_kubernetes_executor.py
[2024-01-08T19:02:15.559+0300] {processor.py:183} INFO - Processing /usr/local/lib/python3.10/dist-packages/airflow/example_dags/example_kubernetes_executor.py took 0.150 seconds
[2024-01-08T19:02:45.830+0300] {processor.py:161} INFO - Started process (PID=27682) to work on /usr/local/lib/python3.10/dist-packages/airflow/example_dags/example_kubernetes_executor.py
[2024-01-08T19:02:45.834+0300] {processor.py:830} INFO - Processing file /usr/local/lib/python3.10/dist-packages/airflow/example_dags/example_kubernetes_executor.py for tasks to queue
[2024-01-08T19:02:45.837+0300] {logging_mixin.py:188} INFO - [2024-01-08T19:02:45.836+0300] {dagbag.py:538} INFO - Filling up the DagBag from /usr/local/lib/python3.10/dist-packages/airflow/example_dags/example_kubernetes_executor.py
[2024-01-08T19:02:45.860+0300] {logging_mixin.py:188} INFO - [2024-01-08T19:02:45.859+0300] {example_kubernetes_executor.py:38} WARNING - The example_kubernetes_executor example DAG requires the kubernetes provider. Please install it with: pip install apache-airflow[cncf.kubernetes]
[2024-01-08T19:02:45.860+0300] {processor.py:842} WARNING - No viable dags retrieved from /usr/local/lib/python3.10/dist-packages/airflow/example_dags/example_kubernetes_executor.py
[2024-01-08T19:02:45.954+0300] {processor.py:183} INFO - Processing /usr/local/lib/python3.10/dist-packages/airflow/example_dags/example_kubernetes_executor.py took 0.144 seconds
[2024-01-08T19:03:28.695+0300] {processor.py:161} INFO - Started process (PID=28093) to work on /usr/local/lib/python3.10/dist-packages/airflow/example_dags/example_kubernetes_executor.py
[2024-01-08T19:03:28.699+0300] {processor.py:830} INFO - Processing file /usr/local/lib/python3.10/dist-packages/airflow/example_dags/example_kubernetes_executor.py for tasks to queue
[2024-01-08T19:03:28.702+0300] {logging_mixin.py:188} INFO - [2024-01-08T19:03:28.701+0300] {dagbag.py:538} INFO - Filling up the DagBag from /usr/local/lib/python3.10/dist-packages/airflow/example_dags/example_kubernetes_executor.py
[2024-01-08T19:03:28.718+0300] {logging_mixin.py:188} INFO - [2024-01-08T19:03:28.718+0300] {example_kubernetes_executor.py:38} WARNING - The example_kubernetes_executor example DAG requires the kubernetes provider. Please install it with: pip install apache-airflow[cncf.kubernetes]
[2024-01-08T19:03:28.719+0300] {processor.py:842} WARNING - No viable dags retrieved from /usr/local/lib/python3.10/dist-packages/airflow/example_dags/example_kubernetes_executor.py
[2024-01-08T19:03:28.886+0300] {processor.py:183} INFO - Processing /usr/local/lib/python3.10/dist-packages/airflow/example_dags/example_kubernetes_executor.py took 0.218 seconds
[2024-01-08T19:04:00.151+0300] {processor.py:161} INFO - Started process (PID=28478) to work on /usr/local/lib/python3.10/dist-packages/airflow/example_dags/example_kubernetes_executor.py
[2024-01-08T19:04:00.154+0300] {processor.py:830} INFO - Processing file /usr/local/lib/python3.10/dist-packages/airflow/example_dags/example_kubernetes_executor.py for tasks to queue
[2024-01-08T19:04:00.156+0300] {logging_mixin.py:188} INFO - [2024-01-08T19:04:00.155+0300] {dagbag.py:538} INFO - Filling up the DagBag from /usr/local/lib/python3.10/dist-packages/airflow/example_dags/example_kubernetes_executor.py
[2024-01-08T19:04:00.168+0300] {logging_mixin.py:188} INFO - [2024-01-08T19:04:00.168+0300] {example_kubernetes_executor.py:38} WARNING - The example_kubernetes_executor example DAG requires the kubernetes provider. Please install it with: pip install apache-airflow[cncf.kubernetes]
[2024-01-08T19:04:00.169+0300] {processor.py:842} WARNING - No viable dags retrieved from /usr/local/lib/python3.10/dist-packages/airflow/example_dags/example_kubernetes_executor.py
[2024-01-08T19:04:00.266+0300] {processor.py:183} INFO - Processing /usr/local/lib/python3.10/dist-packages/airflow/example_dags/example_kubernetes_executor.py took 0.127 seconds
[2024-01-08T19:04:32.097+0300] {processor.py:161} INFO - Started process (PID=28840) to work on /usr/local/lib/python3.10/dist-packages/airflow/example_dags/example_kubernetes_executor.py
[2024-01-08T19:04:32.102+0300] {processor.py:830} INFO - Processing file /usr/local/lib/python3.10/dist-packages/airflow/example_dags/example_kubernetes_executor.py for tasks to queue
[2024-01-08T19:04:32.105+0300] {logging_mixin.py:188} INFO - [2024-01-08T19:04:32.103+0300] {dagbag.py:538} INFO - Filling up the DagBag from /usr/local/lib/python3.10/dist-packages/airflow/example_dags/example_kubernetes_executor.py
[2024-01-08T19:04:32.127+0300] {logging_mixin.py:188} INFO - [2024-01-08T19:04:32.126+0300] {example_kubernetes_executor.py:38} WARNING - The example_kubernetes_executor example DAG requires the kubernetes provider. Please install it with: pip install apache-airflow[cncf.kubernetes]
[2024-01-08T19:04:32.128+0300] {processor.py:842} WARNING - No viable dags retrieved from /usr/local/lib/python3.10/dist-packages/airflow/example_dags/example_kubernetes_executor.py
[2024-01-08T19:04:32.260+0300] {processor.py:183} INFO - Processing /usr/local/lib/python3.10/dist-packages/airflow/example_dags/example_kubernetes_executor.py took 0.215 seconds
[2024-01-08T19:05:04.529+0300] {processor.py:161} INFO - Started process (PID=29291) to work on /usr/local/lib/python3.10/dist-packages/airflow/example_dags/example_kubernetes_executor.py
[2024-01-08T19:05:04.544+0300] {processor.py:830} INFO - Processing file /usr/local/lib/python3.10/dist-packages/airflow/example_dags/example_kubernetes_executor.py for tasks to queue
[2024-01-08T19:05:04.546+0300] {logging_mixin.py:188} INFO - [2024-01-08T19:05:04.545+0300] {dagbag.py:538} INFO - Filling up the DagBag from /usr/local/lib/python3.10/dist-packages/airflow/example_dags/example_kubernetes_executor.py
[2024-01-08T19:05:04.567+0300] {logging_mixin.py:188} INFO - [2024-01-08T19:05:04.567+0300] {example_kubernetes_executor.py:38} WARNING - The example_kubernetes_executor example DAG requires the kubernetes provider. Please install it with: pip install apache-airflow[cncf.kubernetes]
[2024-01-08T19:05:04.568+0300] {processor.py:842} WARNING - No viable dags retrieved from /usr/local/lib/python3.10/dist-packages/airflow/example_dags/example_kubernetes_executor.py
[2024-01-08T19:05:04.739+0300] {processor.py:183} INFO - Processing /usr/local/lib/python3.10/dist-packages/airflow/example_dags/example_kubernetes_executor.py took 0.226 seconds
[2024-01-08T19:05:50.476+0300] {processor.py:161} INFO - Started process (PID=29766) to work on /usr/local/lib/python3.10/dist-packages/airflow/example_dags/example_kubernetes_executor.py
[2024-01-08T19:05:50.536+0300] {processor.py:830} INFO - Processing file /usr/local/lib/python3.10/dist-packages/airflow/example_dags/example_kubernetes_executor.py for tasks to queue
[2024-01-08T19:05:50.540+0300] {logging_mixin.py:188} INFO - [2024-01-08T19:05:50.539+0300] {dagbag.py:538} INFO - Filling up the DagBag from /usr/local/lib/python3.10/dist-packages/airflow/example_dags/example_kubernetes_executor.py
[2024-01-08T19:05:50.614+0300] {logging_mixin.py:188} INFO - [2024-01-08T19:05:50.614+0300] {example_kubernetes_executor.py:38} WARNING - The example_kubernetes_executor example DAG requires the kubernetes provider. Please install it with: pip install apache-airflow[cncf.kubernetes]
[2024-01-08T19:05:50.615+0300] {processor.py:842} WARNING - No viable dags retrieved from /usr/local/lib/python3.10/dist-packages/airflow/example_dags/example_kubernetes_executor.py
[2024-01-08T19:05:51.076+0300] {processor.py:183} INFO - Processing /usr/local/lib/python3.10/dist-packages/airflow/example_dags/example_kubernetes_executor.py took 0.702 seconds
[2024-01-08T19:06:23.089+0300] {processor.py:161} INFO - Started process (PID=30131) to work on /usr/local/lib/python3.10/dist-packages/airflow/example_dags/example_kubernetes_executor.py
[2024-01-08T19:06:23.091+0300] {processor.py:830} INFO - Processing file /usr/local/lib/python3.10/dist-packages/airflow/example_dags/example_kubernetes_executor.py for tasks to queue
[2024-01-08T19:06:23.130+0300] {logging_mixin.py:188} INFO - [2024-01-08T19:06:23.129+0300] {dagbag.py:538} INFO - Filling up the DagBag from /usr/local/lib/python3.10/dist-packages/airflow/example_dags/example_kubernetes_executor.py
[2024-01-08T19:06:23.142+0300] {logging_mixin.py:188} INFO - [2024-01-08T19:06:23.141+0300] {example_kubernetes_executor.py:38} WARNING - The example_kubernetes_executor example DAG requires the kubernetes provider. Please install it with: pip install apache-airflow[cncf.kubernetes]
[2024-01-08T19:06:23.143+0300] {processor.py:842} WARNING - No viable dags retrieved from /usr/local/lib/python3.10/dist-packages/airflow/example_dags/example_kubernetes_executor.py
[2024-01-08T19:06:23.436+0300] {processor.py:183} INFO - Processing /usr/local/lib/python3.10/dist-packages/airflow/example_dags/example_kubernetes_executor.py took 0.372 seconds
[2024-01-08T19:07:14.100+0300] {processor.py:161} INFO - Started process (PID=30667) to work on /usr/local/lib/python3.10/dist-packages/airflow/example_dags/example_kubernetes_executor.py
[2024-01-08T19:07:14.106+0300] {processor.py:830} INFO - Processing file /usr/local/lib/python3.10/dist-packages/airflow/example_dags/example_kubernetes_executor.py for tasks to queue
[2024-01-08T19:07:14.112+0300] {logging_mixin.py:188} INFO - [2024-01-08T19:07:14.111+0300] {dagbag.py:538} INFO - Filling up the DagBag from /usr/local/lib/python3.10/dist-packages/airflow/example_dags/example_kubernetes_executor.py
[2024-01-08T19:07:14.139+0300] {logging_mixin.py:188} INFO - [2024-01-08T19:07:14.139+0300] {example_kubernetes_executor.py:38} WARNING - The example_kubernetes_executor example DAG requires the kubernetes provider. Please install it with: pip install apache-airflow[cncf.kubernetes]
[2024-01-08T19:07:14.140+0300] {processor.py:842} WARNING - No viable dags retrieved from /usr/local/lib/python3.10/dist-packages/airflow/example_dags/example_kubernetes_executor.py
[2024-01-08T19:07:14.282+0300] {processor.py:183} INFO - Processing /usr/local/lib/python3.10/dist-packages/airflow/example_dags/example_kubernetes_executor.py took 0.205 seconds
[2024-01-08T19:07:51.289+0300] {processor.py:161} INFO - Started process (PID=31088) to work on /usr/local/lib/python3.10/dist-packages/airflow/example_dags/example_kubernetes_executor.py
[2024-01-08T19:07:51.295+0300] {processor.py:830} INFO - Processing file /usr/local/lib/python3.10/dist-packages/airflow/example_dags/example_kubernetes_executor.py for tasks to queue
[2024-01-08T19:07:51.304+0300] {logging_mixin.py:188} INFO - [2024-01-08T19:07:51.303+0300] {dagbag.py:538} INFO - Filling up the DagBag from /usr/local/lib/python3.10/dist-packages/airflow/example_dags/example_kubernetes_executor.py
[2024-01-08T19:07:51.315+0300] {logging_mixin.py:188} INFO - [2024-01-08T19:07:51.314+0300] {example_kubernetes_executor.py:38} WARNING - The example_kubernetes_executor example DAG requires the kubernetes provider. Please install it with: pip install apache-airflow[cncf.kubernetes]
[2024-01-08T19:07:51.315+0300] {processor.py:842} WARNING - No viable dags retrieved from /usr/local/lib/python3.10/dist-packages/airflow/example_dags/example_kubernetes_executor.py
[2024-01-08T19:07:51.386+0300] {processor.py:183} INFO - Processing /usr/local/lib/python3.10/dist-packages/airflow/example_dags/example_kubernetes_executor.py took 0.125 seconds
[2024-01-08T19:08:22.317+0300] {processor.py:161} INFO - Started process (PID=31405) to work on /usr/local/lib/python3.10/dist-packages/airflow/example_dags/example_kubernetes_executor.py
[2024-01-08T19:08:22.330+0300] {processor.py:830} INFO - Processing file /usr/local/lib/python3.10/dist-packages/airflow/example_dags/example_kubernetes_executor.py for tasks to queue
[2024-01-08T19:08:22.332+0300] {logging_mixin.py:188} INFO - [2024-01-08T19:08:22.331+0300] {dagbag.py:538} INFO - Filling up the DagBag from /usr/local/lib/python3.10/dist-packages/airflow/example_dags/example_kubernetes_executor.py
[2024-01-08T19:08:22.339+0300] {logging_mixin.py:188} INFO - [2024-01-08T19:08:22.339+0300] {example_kubernetes_executor.py:38} WARNING - The example_kubernetes_executor example DAG requires the kubernetes provider. Please install it with: pip install apache-airflow[cncf.kubernetes]
[2024-01-08T19:08:22.340+0300] {processor.py:842} WARNING - No viable dags retrieved from /usr/local/lib/python3.10/dist-packages/airflow/example_dags/example_kubernetes_executor.py
[2024-01-08T19:08:22.417+0300] {processor.py:183} INFO - Processing /usr/local/lib/python3.10/dist-packages/airflow/example_dags/example_kubernetes_executor.py took 0.109 seconds
[2024-01-08T19:08:56.207+0300] {processor.py:161} INFO - Started process (PID=31754) to work on /usr/local/lib/python3.10/dist-packages/airflow/example_dags/example_kubernetes_executor.py
[2024-01-08T19:08:56.211+0300] {processor.py:830} INFO - Processing file /usr/local/lib/python3.10/dist-packages/airflow/example_dags/example_kubernetes_executor.py for tasks to queue
[2024-01-08T19:08:56.213+0300] {logging_mixin.py:188} INFO - [2024-01-08T19:08:56.212+0300] {dagbag.py:538} INFO - Filling up the DagBag from /usr/local/lib/python3.10/dist-packages/airflow/example_dags/example_kubernetes_executor.py
[2024-01-08T19:08:56.233+0300] {logging_mixin.py:188} INFO - [2024-01-08T19:08:56.233+0300] {example_kubernetes_executor.py:38} WARNING - The example_kubernetes_executor example DAG requires the kubernetes provider. Please install it with: pip install apache-airflow[cncf.kubernetes]
[2024-01-08T19:08:56.234+0300] {processor.py:842} WARNING - No viable dags retrieved from /usr/local/lib/python3.10/dist-packages/airflow/example_dags/example_kubernetes_executor.py
[2024-01-08T19:08:56.584+0300] {processor.py:183} INFO - Processing /usr/local/lib/python3.10/dist-packages/airflow/example_dags/example_kubernetes_executor.py took 0.406 seconds
[2024-01-08T19:09:27.978+0300] {processor.py:161} INFO - Started process (PID=32102) to work on /usr/local/lib/python3.10/dist-packages/airflow/example_dags/example_kubernetes_executor.py
[2024-01-08T19:09:27.981+0300] {processor.py:830} INFO - Processing file /usr/local/lib/python3.10/dist-packages/airflow/example_dags/example_kubernetes_executor.py for tasks to queue
[2024-01-08T19:09:27.983+0300] {logging_mixin.py:188} INFO - [2024-01-08T19:09:27.982+0300] {dagbag.py:538} INFO - Filling up the DagBag from /usr/local/lib/python3.10/dist-packages/airflow/example_dags/example_kubernetes_executor.py
[2024-01-08T19:09:28.003+0300] {logging_mixin.py:188} INFO - [2024-01-08T19:09:28.002+0300] {example_kubernetes_executor.py:38} WARNING - The example_kubernetes_executor example DAG requires the kubernetes provider. Please install it with: pip install apache-airflow[cncf.kubernetes]
[2024-01-08T19:09:28.003+0300] {processor.py:842} WARNING - No viable dags retrieved from /usr/local/lib/python3.10/dist-packages/airflow/example_dags/example_kubernetes_executor.py
[2024-01-08T19:09:28.082+0300] {processor.py:183} INFO - Processing /usr/local/lib/python3.10/dist-packages/airflow/example_dags/example_kubernetes_executor.py took 0.180 seconds
[2024-01-08T19:09:58.276+0300] {processor.py:161} INFO - Started process (PID=32473) to work on /usr/local/lib/python3.10/dist-packages/airflow/example_dags/example_kubernetes_executor.py
[2024-01-08T19:09:58.278+0300] {processor.py:830} INFO - Processing file /usr/local/lib/python3.10/dist-packages/airflow/example_dags/example_kubernetes_executor.py for tasks to queue
[2024-01-08T19:09:58.280+0300] {logging_mixin.py:188} INFO - [2024-01-08T19:09:58.279+0300] {dagbag.py:538} INFO - Filling up the DagBag from /usr/local/lib/python3.10/dist-packages/airflow/example_dags/example_kubernetes_executor.py
[2024-01-08T19:09:58.289+0300] {logging_mixin.py:188} INFO - [2024-01-08T19:09:58.288+0300] {example_kubernetes_executor.py:38} WARNING - The example_kubernetes_executor example DAG requires the kubernetes provider. Please install it with: pip install apache-airflow[cncf.kubernetes]
[2024-01-08T19:09:58.289+0300] {processor.py:842} WARNING - No viable dags retrieved from /usr/local/lib/python3.10/dist-packages/airflow/example_dags/example_kubernetes_executor.py
[2024-01-08T19:09:58.364+0300] {processor.py:183} INFO - Processing /usr/local/lib/python3.10/dist-packages/airflow/example_dags/example_kubernetes_executor.py took 0.098 seconds
[2024-01-08T19:10:33.227+0300] {processor.py:161} INFO - Started process (PID=32844) to work on /usr/local/lib/python3.10/dist-packages/airflow/example_dags/example_kubernetes_executor.py
[2024-01-08T19:10:33.242+0300] {processor.py:830} INFO - Processing file /usr/local/lib/python3.10/dist-packages/airflow/example_dags/example_kubernetes_executor.py for tasks to queue
[2024-01-08T19:10:33.244+0300] {logging_mixin.py:188} INFO - [2024-01-08T19:10:33.243+0300] {dagbag.py:538} INFO - Filling up the DagBag from /usr/local/lib/python3.10/dist-packages/airflow/example_dags/example_kubernetes_executor.py
[2024-01-08T19:10:33.255+0300] {logging_mixin.py:188} INFO - [2024-01-08T19:10:33.254+0300] {example_kubernetes_executor.py:38} WARNING - The example_kubernetes_executor example DAG requires the kubernetes provider. Please install it with: pip install apache-airflow[cncf.kubernetes]
[2024-01-08T19:10:33.255+0300] {processor.py:842} WARNING - No viable dags retrieved from /usr/local/lib/python3.10/dist-packages/airflow/example_dags/example_kubernetes_executor.py
[2024-01-08T19:10:33.483+0300] {processor.py:183} INFO - Processing /usr/local/lib/python3.10/dist-packages/airflow/example_dags/example_kubernetes_executor.py took 0.281 seconds
[2024-01-08T19:11:19.697+0300] {processor.py:161} INFO - Started process (PID=33315) to work on /usr/local/lib/python3.10/dist-packages/airflow/example_dags/example_kubernetes_executor.py
[2024-01-08T19:11:19.707+0300] {processor.py:830} INFO - Processing file /usr/local/lib/python3.10/dist-packages/airflow/example_dags/example_kubernetes_executor.py for tasks to queue
[2024-01-08T19:11:19.709+0300] {logging_mixin.py:188} INFO - [2024-01-08T19:11:19.708+0300] {dagbag.py:538} INFO - Filling up the DagBag from /usr/local/lib/python3.10/dist-packages/airflow/example_dags/example_kubernetes_executor.py
[2024-01-08T19:11:19.726+0300] {logging_mixin.py:188} INFO - [2024-01-08T19:11:19.726+0300] {example_kubernetes_executor.py:38} WARNING - The example_kubernetes_executor example DAG requires the kubernetes provider. Please install it with: pip install apache-airflow[cncf.kubernetes]
[2024-01-08T19:11:19.733+0300] {processor.py:842} WARNING - No viable dags retrieved from /usr/local/lib/python3.10/dist-packages/airflow/example_dags/example_kubernetes_executor.py
[2024-01-08T19:11:19.925+0300] {processor.py:183} INFO - Processing /usr/local/lib/python3.10/dist-packages/airflow/example_dags/example_kubernetes_executor.py took 0.250 seconds
[2024-01-08T19:12:04.486+0300] {processor.py:161} INFO - Started process (PID=33762) to work on /usr/local/lib/python3.10/dist-packages/airflow/example_dags/example_kubernetes_executor.py
[2024-01-08T19:12:04.492+0300] {processor.py:830} INFO - Processing file /usr/local/lib/python3.10/dist-packages/airflow/example_dags/example_kubernetes_executor.py for tasks to queue
[2024-01-08T19:12:04.494+0300] {logging_mixin.py:188} INFO - [2024-01-08T19:12:04.493+0300] {dagbag.py:538} INFO - Filling up the DagBag from /usr/local/lib/python3.10/dist-packages/airflow/example_dags/example_kubernetes_executor.py
[2024-01-08T19:12:04.505+0300] {logging_mixin.py:188} INFO - [2024-01-08T19:12:04.504+0300] {example_kubernetes_executor.py:38} WARNING - The example_kubernetes_executor example DAG requires the kubernetes provider. Please install it with: pip install apache-airflow[cncf.kubernetes]
[2024-01-08T19:12:04.506+0300] {processor.py:842} WARNING - No viable dags retrieved from /usr/local/lib/python3.10/dist-packages/airflow/example_dags/example_kubernetes_executor.py
[2024-01-08T19:12:04.609+0300] {processor.py:183} INFO - Processing /usr/local/lib/python3.10/dist-packages/airflow/example_dags/example_kubernetes_executor.py took 0.142 seconds
