[2024-01-08T17:37:21.379+0300] {processor.py:161} INFO - Started process (PID=5596) to work on /usr/local/lib/python3.10/dist-packages/airflow/example_dags/example_params_trigger_ui.py
[2024-01-08T17:37:21.384+0300] {processor.py:830} INFO - Processing file /usr/local/lib/python3.10/dist-packages/airflow/example_dags/example_params_trigger_ui.py for tasks to queue
[2024-01-08T17:37:21.399+0300] {logging_mixin.py:188} INFO - [2024-01-08T17:37:21.389+0300] {dagbag.py:538} INFO - Filling up the DagBag from /usr/local/lib/python3.10/dist-packages/airflow/example_dags/example_params_trigger_ui.py
[2024-01-08T17:37:21.467+0300] {processor.py:840} INFO - DAG(s) 'example_params_trigger_ui' retrieved from /usr/local/lib/python3.10/dist-packages/airflow/example_dags/example_params_trigger_ui.py
[2024-01-08T17:37:21.879+0300] {logging_mixin.py:188} INFO - [2024-01-08T17:37:21.878+0300] {dag.py:3033} INFO - Sync 1 DAGs
[2024-01-08T17:37:21.932+0300] {logging_mixin.py:188} INFO - [2024-01-08T17:37:21.932+0300] {dag.py:3820} INFO - Setting next_dagrun for example_params_trigger_ui to None, run_after=None
[2024-01-08T17:37:22.053+0300] {processor.py:183} INFO - Processing /usr/local/lib/python3.10/dist-packages/airflow/example_dags/example_params_trigger_ui.py took 0.703 seconds
[2024-01-08T17:37:52.942+0300] {processor.py:161} INFO - Started process (PID=5945) to work on /usr/local/lib/python3.10/dist-packages/airflow/example_dags/example_params_trigger_ui.py
[2024-01-08T17:37:52.945+0300] {processor.py:830} INFO - Processing file /usr/local/lib/python3.10/dist-packages/airflow/example_dags/example_params_trigger_ui.py for tasks to queue
[2024-01-08T17:37:52.947+0300] {logging_mixin.py:188} INFO - [2024-01-08T17:37:52.946+0300] {dagbag.py:538} INFO - Filling up the DagBag from /usr/local/lib/python3.10/dist-packages/airflow/example_dags/example_params_trigger_ui.py
[2024-01-08T17:37:53.132+0300] {processor.py:840} INFO - DAG(s) 'example_params_trigger_ui' retrieved from /usr/local/lib/python3.10/dist-packages/airflow/example_dags/example_params_trigger_ui.py
[2024-01-08T17:37:53.644+0300] {logging_mixin.py:188} INFO - [2024-01-08T17:37:53.643+0300] {dag.py:3033} INFO - Sync 1 DAGs
[2024-01-08T17:37:53.719+0300] {logging_mixin.py:188} INFO - [2024-01-08T17:37:53.718+0300] {dag.py:3820} INFO - Setting next_dagrun for example_params_trigger_ui to None, run_after=None
[2024-01-08T17:37:53.850+0300] {processor.py:183} INFO - Processing /usr/local/lib/python3.10/dist-packages/airflow/example_dags/example_params_trigger_ui.py took 0.953 seconds
[2024-01-08T17:38:24.150+0300] {processor.py:161} INFO - Started process (PID=6261) to work on /usr/local/lib/python3.10/dist-packages/airflow/example_dags/example_params_trigger_ui.py
[2024-01-08T17:38:24.154+0300] {processor.py:830} INFO - Processing file /usr/local/lib/python3.10/dist-packages/airflow/example_dags/example_params_trigger_ui.py for tasks to queue
[2024-01-08T17:38:24.156+0300] {logging_mixin.py:188} INFO - [2024-01-08T17:38:24.155+0300] {dagbag.py:538} INFO - Filling up the DagBag from /usr/local/lib/python3.10/dist-packages/airflow/example_dags/example_params_trigger_ui.py
[2024-01-08T17:38:24.252+0300] {processor.py:840} INFO - DAG(s) 'example_params_trigger_ui' retrieved from /usr/local/lib/python3.10/dist-packages/airflow/example_dags/example_params_trigger_ui.py
[2024-01-08T17:38:24.493+0300] {logging_mixin.py:188} INFO - [2024-01-08T17:38:24.492+0300] {dag.py:3033} INFO - Sync 1 DAGs
[2024-01-08T17:38:24.532+0300] {logging_mixin.py:188} INFO - [2024-01-08T17:38:24.532+0300] {dag.py:3820} INFO - Setting next_dagrun for example_params_trigger_ui to None, run_after=None
[2024-01-08T17:38:24.595+0300] {processor.py:183} INFO - Processing /usr/local/lib/python3.10/dist-packages/airflow/example_dags/example_params_trigger_ui.py took 0.454 seconds
[2024-01-08T18:15:22.890+0300] {processor.py:161} INFO - Started process (PID=7536) to work on /usr/local/lib/python3.10/dist-packages/airflow/example_dags/example_params_trigger_ui.py
[2024-01-08T18:15:22.893+0300] {processor.py:830} INFO - Processing file /usr/local/lib/python3.10/dist-packages/airflow/example_dags/example_params_trigger_ui.py for tasks to queue
[2024-01-08T18:15:22.895+0300] {logging_mixin.py:188} INFO - [2024-01-08T18:15:22.894+0300] {dagbag.py:538} INFO - Filling up the DagBag from /usr/local/lib/python3.10/dist-packages/airflow/example_dags/example_params_trigger_ui.py
[2024-01-08T18:15:22.945+0300] {processor.py:840} INFO - DAG(s) 'example_params_trigger_ui' retrieved from /usr/local/lib/python3.10/dist-packages/airflow/example_dags/example_params_trigger_ui.py
[2024-01-08T18:15:23.147+0300] {logging_mixin.py:188} INFO - [2024-01-08T18:15:23.146+0300] {dag.py:3033} INFO - Sync 1 DAGs
[2024-01-08T18:15:23.187+0300] {logging_mixin.py:188} INFO - [2024-01-08T18:15:23.186+0300] {dag.py:3820} INFO - Setting next_dagrun for example_params_trigger_ui to None, run_after=None
[2024-01-08T18:15:23.245+0300] {processor.py:183} INFO - Processing /usr/local/lib/python3.10/dist-packages/airflow/example_dags/example_params_trigger_ui.py took 0.364 seconds
[2024-01-08T18:15:55.329+0300] {processor.py:161} INFO - Started process (PID=7879) to work on /usr/local/lib/python3.10/dist-packages/airflow/example_dags/example_params_trigger_ui.py
[2024-01-08T18:15:55.332+0300] {processor.py:830} INFO - Processing file /usr/local/lib/python3.10/dist-packages/airflow/example_dags/example_params_trigger_ui.py for tasks to queue
[2024-01-08T18:15:55.334+0300] {logging_mixin.py:188} INFO - [2024-01-08T18:15:55.333+0300] {dagbag.py:538} INFO - Filling up the DagBag from /usr/local/lib/python3.10/dist-packages/airflow/example_dags/example_params_trigger_ui.py
[2024-01-08T18:15:55.371+0300] {processor.py:840} INFO - DAG(s) 'example_params_trigger_ui' retrieved from /usr/local/lib/python3.10/dist-packages/airflow/example_dags/example_params_trigger_ui.py
[2024-01-08T18:15:55.599+0300] {logging_mixin.py:188} INFO - [2024-01-08T18:15:55.599+0300] {dag.py:3033} INFO - Sync 1 DAGs
[2024-01-08T18:15:55.635+0300] {logging_mixin.py:188} INFO - [2024-01-08T18:15:55.635+0300] {dag.py:3820} INFO - Setting next_dagrun for example_params_trigger_ui to None, run_after=None
[2024-01-08T18:15:55.722+0300] {processor.py:183} INFO - Processing /usr/local/lib/python3.10/dist-packages/airflow/example_dags/example_params_trigger_ui.py took 0.401 seconds
[2024-01-08T18:30:15.285+0300] {processor.py:161} INFO - Started process (PID=8956) to work on /usr/local/lib/python3.10/dist-packages/airflow/example_dags/example_params_trigger_ui.py
[2024-01-08T18:30:15.526+0300] {processor.py:830} INFO - Processing file /usr/local/lib/python3.10/dist-packages/airflow/example_dags/example_params_trigger_ui.py for tasks to queue
[2024-01-08T18:30:15.578+0300] {logging_mixin.py:188} INFO - [2024-01-08T18:30:15.577+0300] {dagbag.py:538} INFO - Filling up the DagBag from /usr/local/lib/python3.10/dist-packages/airflow/example_dags/example_params_trigger_ui.py
[2024-01-08T18:30:16.473+0300] {processor.py:840} INFO - DAG(s) 'example_params_trigger_ui' retrieved from /usr/local/lib/python3.10/dist-packages/airflow/example_dags/example_params_trigger_ui.py
[2024-01-08T18:30:19.011+0300] {logging_mixin.py:188} INFO - [2024-01-08T18:30:19.010+0300] {dag.py:3033} INFO - Sync 1 DAGs
[2024-01-08T18:30:21.275+0300] {logging_mixin.py:188} INFO - [2024-01-08T18:30:21.275+0300] {dag.py:3820} INFO - Setting next_dagrun for example_params_trigger_ui to None, run_after=None
[2024-01-08T18:30:23.647+0300] {processor.py:183} INFO - Processing /usr/local/lib/python3.10/dist-packages/airflow/example_dags/example_params_trigger_ui.py took 8.784 seconds
[2024-01-08T18:33:30.834+0300] {processor.py:161} INFO - Started process (PID=10205) to work on /usr/local/lib/python3.10/dist-packages/airflow/example_dags/example_params_trigger_ui.py
[2024-01-08T18:33:30.853+0300] {processor.py:830} INFO - Processing file /usr/local/lib/python3.10/dist-packages/airflow/example_dags/example_params_trigger_ui.py for tasks to queue
[2024-01-08T18:33:30.881+0300] {logging_mixin.py:188} INFO - [2024-01-08T18:33:30.880+0300] {dagbag.py:538} INFO - Filling up the DagBag from /usr/local/lib/python3.10/dist-packages/airflow/example_dags/example_params_trigger_ui.py
[2024-01-08T18:33:32.182+0300] {processor.py:840} INFO - DAG(s) 'example_params_trigger_ui' retrieved from /usr/local/lib/python3.10/dist-packages/airflow/example_dags/example_params_trigger_ui.py
[2024-01-08T18:33:36.739+0300] {logging_mixin.py:188} INFO - [2024-01-08T18:33:36.738+0300] {dag.py:3033} INFO - Sync 1 DAGs
[2024-01-08T18:33:37.756+0300] {logging_mixin.py:188} INFO - [2024-01-08T18:33:37.756+0300] {dag.py:3820} INFO - Setting next_dagrun for example_params_trigger_ui to None, run_after=None
[2024-01-08T18:33:38.804+0300] {processor.py:183} INFO - Processing /usr/local/lib/python3.10/dist-packages/airflow/example_dags/example_params_trigger_ui.py took 8.228 seconds
[2024-01-08T18:38:04.898+0300] {processor.py:161} INFO - Started process (PID=12019) to work on /usr/local/lib/python3.10/dist-packages/airflow/example_dags/example_params_trigger_ui.py
[2024-01-08T18:38:04.913+0300] {processor.py:830} INFO - Processing file /usr/local/lib/python3.10/dist-packages/airflow/example_dags/example_params_trigger_ui.py for tasks to queue
[2024-01-08T18:38:04.916+0300] {logging_mixin.py:188} INFO - [2024-01-08T18:38:04.915+0300] {dagbag.py:538} INFO - Filling up the DagBag from /usr/local/lib/python3.10/dist-packages/airflow/example_dags/example_params_trigger_ui.py
[2024-01-08T18:38:05.100+0300] {processor.py:840} INFO - DAG(s) 'example_params_trigger_ui' retrieved from /usr/local/lib/python3.10/dist-packages/airflow/example_dags/example_params_trigger_ui.py
[2024-01-08T18:38:07.089+0300] {logging_mixin.py:188} INFO - [2024-01-08T18:38:07.087+0300] {dag.py:3033} INFO - Sync 1 DAGs
[2024-01-08T18:38:07.427+0300] {logging_mixin.py:188} INFO - [2024-01-08T18:38:07.426+0300] {dag.py:3820} INFO - Setting next_dagrun for example_params_trigger_ui to None, run_after=None
[2024-01-08T18:38:08.000+0300] {processor.py:183} INFO - Processing /usr/local/lib/python3.10/dist-packages/airflow/example_dags/example_params_trigger_ui.py took 3.202 seconds
[2024-01-08T18:41:07.919+0300] {processor.py:161} INFO - Started process (PID=13249) to work on /usr/local/lib/python3.10/dist-packages/airflow/example_dags/example_params_trigger_ui.py
[2024-01-08T18:41:07.981+0300] {processor.py:830} INFO - Processing file /usr/local/lib/python3.10/dist-packages/airflow/example_dags/example_params_trigger_ui.py for tasks to queue
[2024-01-08T18:41:07.984+0300] {logging_mixin.py:188} INFO - [2024-01-08T18:41:07.983+0300] {dagbag.py:538} INFO - Filling up the DagBag from /usr/local/lib/python3.10/dist-packages/airflow/example_dags/example_params_trigger_ui.py
[2024-01-08T18:41:08.225+0300] {processor.py:840} INFO - DAG(s) 'example_params_trigger_ui' retrieved from /usr/local/lib/python3.10/dist-packages/airflow/example_dags/example_params_trigger_ui.py
[2024-01-08T18:41:09.043+0300] {logging_mixin.py:188} INFO - [2024-01-08T18:41:09.042+0300] {dag.py:3033} INFO - Sync 1 DAGs
[2024-01-08T18:41:09.172+0300] {logging_mixin.py:188} INFO - [2024-01-08T18:41:09.172+0300] {dag.py:3820} INFO - Setting next_dagrun for example_params_trigger_ui to None, run_after=None
[2024-01-08T18:41:09.442+0300] {processor.py:183} INFO - Processing /usr/local/lib/python3.10/dist-packages/airflow/example_dags/example_params_trigger_ui.py took 1.584 seconds
[2024-01-08T18:42:04.852+0300] {processor.py:161} INFO - Started process (PID=13850) to work on /usr/local/lib/python3.10/dist-packages/airflow/example_dags/example_params_trigger_ui.py
[2024-01-08T18:42:04.874+0300] {processor.py:830} INFO - Processing file /usr/local/lib/python3.10/dist-packages/airflow/example_dags/example_params_trigger_ui.py for tasks to queue
[2024-01-08T18:42:04.876+0300] {logging_mixin.py:188} INFO - [2024-01-08T18:42:04.875+0300] {dagbag.py:538} INFO - Filling up the DagBag from /usr/local/lib/python3.10/dist-packages/airflow/example_dags/example_params_trigger_ui.py
[2024-01-08T18:42:05.057+0300] {processor.py:840} INFO - DAG(s) 'example_params_trigger_ui' retrieved from /usr/local/lib/python3.10/dist-packages/airflow/example_dags/example_params_trigger_ui.py
[2024-01-08T18:42:05.943+0300] {logging_mixin.py:188} INFO - [2024-01-08T18:42:05.942+0300] {dag.py:3033} INFO - Sync 1 DAGs
[2024-01-08T18:42:06.107+0300] {logging_mixin.py:188} INFO - [2024-01-08T18:42:06.107+0300] {dag.py:3820} INFO - Setting next_dagrun for example_params_trigger_ui to None, run_after=None
[2024-01-08T18:42:06.299+0300] {processor.py:183} INFO - Processing /usr/local/lib/python3.10/dist-packages/airflow/example_dags/example_params_trigger_ui.py took 1.481 seconds
[2024-01-08T18:42:37.463+0300] {processor.py:161} INFO - Started process (PID=14236) to work on /usr/local/lib/python3.10/dist-packages/airflow/example_dags/example_params_trigger_ui.py
[2024-01-08T18:42:37.511+0300] {processor.py:830} INFO - Processing file /usr/local/lib/python3.10/dist-packages/airflow/example_dags/example_params_trigger_ui.py for tasks to queue
[2024-01-08T18:42:37.514+0300] {logging_mixin.py:188} INFO - [2024-01-08T18:42:37.512+0300] {dagbag.py:538} INFO - Filling up the DagBag from /usr/local/lib/python3.10/dist-packages/airflow/example_dags/example_params_trigger_ui.py
[2024-01-08T18:42:37.683+0300] {processor.py:840} INFO - DAG(s) 'example_params_trigger_ui' retrieved from /usr/local/lib/python3.10/dist-packages/airflow/example_dags/example_params_trigger_ui.py
[2024-01-08T18:42:38.537+0300] {logging_mixin.py:188} INFO - [2024-01-08T18:42:38.536+0300] {dag.py:3033} INFO - Sync 1 DAGs
[2024-01-08T18:42:38.703+0300] {logging_mixin.py:188} INFO - [2024-01-08T18:42:38.703+0300] {dag.py:3820} INFO - Setting next_dagrun for example_params_trigger_ui to None, run_after=None
[2024-01-08T18:42:38.911+0300] {processor.py:183} INFO - Processing /usr/local/lib/python3.10/dist-packages/airflow/example_dags/example_params_trigger_ui.py took 1.472 seconds
[2024-01-08T18:43:10.148+0300] {processor.py:161} INFO - Started process (PID=14661) to work on /usr/local/lib/python3.10/dist-packages/airflow/example_dags/example_params_trigger_ui.py
[2024-01-08T18:43:10.151+0300] {processor.py:830} INFO - Processing file /usr/local/lib/python3.10/dist-packages/airflow/example_dags/example_params_trigger_ui.py for tasks to queue
[2024-01-08T18:43:10.160+0300] {logging_mixin.py:188} INFO - [2024-01-08T18:43:10.152+0300] {dagbag.py:538} INFO - Filling up the DagBag from /usr/local/lib/python3.10/dist-packages/airflow/example_dags/example_params_trigger_ui.py
[2024-01-08T18:43:10.239+0300] {processor.py:840} INFO - DAG(s) 'example_params_trigger_ui' retrieved from /usr/local/lib/python3.10/dist-packages/airflow/example_dags/example_params_trigger_ui.py
[2024-01-08T18:43:10.555+0300] {logging_mixin.py:188} INFO - [2024-01-08T18:43:10.555+0300] {dag.py:3033} INFO - Sync 1 DAGs
[2024-01-08T18:43:10.627+0300] {logging_mixin.py:188} INFO - [2024-01-08T18:43:10.627+0300] {dag.py:3820} INFO - Setting next_dagrun for example_params_trigger_ui to None, run_after=None
[2024-01-08T18:43:10.707+0300] {processor.py:183} INFO - Processing /usr/local/lib/python3.10/dist-packages/airflow/example_dags/example_params_trigger_ui.py took 0.598 seconds
[2024-01-08T18:43:41.619+0300] {processor.py:161} INFO - Started process (PID=14977) to work on /usr/local/lib/python3.10/dist-packages/airflow/example_dags/example_params_trigger_ui.py
[2024-01-08T18:43:41.624+0300] {processor.py:830} INFO - Processing file /usr/local/lib/python3.10/dist-packages/airflow/example_dags/example_params_trigger_ui.py for tasks to queue
[2024-01-08T18:43:41.627+0300] {logging_mixin.py:188} INFO - [2024-01-08T18:43:41.626+0300] {dagbag.py:538} INFO - Filling up the DagBag from /usr/local/lib/python3.10/dist-packages/airflow/example_dags/example_params_trigger_ui.py
[2024-01-08T18:43:41.690+0300] {processor.py:840} INFO - DAG(s) 'example_params_trigger_ui' retrieved from /usr/local/lib/python3.10/dist-packages/airflow/example_dags/example_params_trigger_ui.py
[2024-01-08T18:43:41.931+0300] {logging_mixin.py:188} INFO - [2024-01-08T18:43:41.930+0300] {dag.py:3033} INFO - Sync 1 DAGs
[2024-01-08T18:43:41.978+0300] {logging_mixin.py:188} INFO - [2024-01-08T18:43:41.977+0300] {dag.py:3820} INFO - Setting next_dagrun for example_params_trigger_ui to None, run_after=None
[2024-01-08T18:43:42.039+0300] {processor.py:183} INFO - Processing /usr/local/lib/python3.10/dist-packages/airflow/example_dags/example_params_trigger_ui.py took 0.444 seconds
[2024-01-08T18:44:12.337+0300] {processor.py:161} INFO - Started process (PID=15297) to work on /usr/local/lib/python3.10/dist-packages/airflow/example_dags/example_params_trigger_ui.py
[2024-01-08T18:44:12.340+0300] {processor.py:830} INFO - Processing file /usr/local/lib/python3.10/dist-packages/airflow/example_dags/example_params_trigger_ui.py for tasks to queue
[2024-01-08T18:44:12.343+0300] {logging_mixin.py:188} INFO - [2024-01-08T18:44:12.342+0300] {dagbag.py:538} INFO - Filling up the DagBag from /usr/local/lib/python3.10/dist-packages/airflow/example_dags/example_params_trigger_ui.py
[2024-01-08T18:44:12.398+0300] {processor.py:840} INFO - DAG(s) 'example_params_trigger_ui' retrieved from /usr/local/lib/python3.10/dist-packages/airflow/example_dags/example_params_trigger_ui.py
[2024-01-08T18:44:12.582+0300] {logging_mixin.py:188} INFO - [2024-01-08T18:44:12.580+0300] {dag.py:3033} INFO - Sync 1 DAGs
[2024-01-08T18:44:12.640+0300] {logging_mixin.py:188} INFO - [2024-01-08T18:44:12.640+0300] {dag.py:3820} INFO - Setting next_dagrun for example_params_trigger_ui to None, run_after=None
[2024-01-08T18:44:12.691+0300] {processor.py:183} INFO - Processing /usr/local/lib/python3.10/dist-packages/airflow/example_dags/example_params_trigger_ui.py took 0.369 seconds
[2024-01-08T18:44:46.246+0300] {processor.py:161} INFO - Started process (PID=15627) to work on /usr/local/lib/python3.10/dist-packages/airflow/example_dags/example_params_trigger_ui.py
[2024-01-08T18:44:46.277+0300] {processor.py:830} INFO - Processing file /usr/local/lib/python3.10/dist-packages/airflow/example_dags/example_params_trigger_ui.py for tasks to queue
[2024-01-08T18:44:46.280+0300] {logging_mixin.py:188} INFO - [2024-01-08T18:44:46.279+0300] {dagbag.py:538} INFO - Filling up the DagBag from /usr/local/lib/python3.10/dist-packages/airflow/example_dags/example_params_trigger_ui.py
[2024-01-08T18:44:46.438+0300] {processor.py:840} INFO - DAG(s) 'example_params_trigger_ui' retrieved from /usr/local/lib/python3.10/dist-packages/airflow/example_dags/example_params_trigger_ui.py
[2024-01-08T18:44:47.150+0300] {logging_mixin.py:188} INFO - [2024-01-08T18:44:47.149+0300] {dag.py:3033} INFO - Sync 1 DAGs
[2024-01-08T18:44:47.318+0300] {logging_mixin.py:188} INFO - [2024-01-08T18:44:47.315+0300] {dag.py:3820} INFO - Setting next_dagrun for example_params_trigger_ui to None, run_after=None
[2024-01-08T18:44:47.531+0300] {processor.py:183} INFO - Processing /usr/local/lib/python3.10/dist-packages/airflow/example_dags/example_params_trigger_ui.py took 1.353 seconds
[2024-01-08T18:45:20.344+0300] {processor.py:161} INFO - Started process (PID=16034) to work on /usr/local/lib/python3.10/dist-packages/airflow/example_dags/example_params_trigger_ui.py
[2024-01-08T18:45:20.355+0300] {processor.py:830} INFO - Processing file /usr/local/lib/python3.10/dist-packages/airflow/example_dags/example_params_trigger_ui.py for tasks to queue
[2024-01-08T18:45:20.357+0300] {logging_mixin.py:188} INFO - [2024-01-08T18:45:20.357+0300] {dagbag.py:538} INFO - Filling up the DagBag from /usr/local/lib/python3.10/dist-packages/airflow/example_dags/example_params_trigger_ui.py
[2024-01-08T18:45:20.445+0300] {processor.py:840} INFO - DAG(s) 'example_params_trigger_ui' retrieved from /usr/local/lib/python3.10/dist-packages/airflow/example_dags/example_params_trigger_ui.py
[2024-01-08T18:45:20.835+0300] {logging_mixin.py:188} INFO - [2024-01-08T18:45:20.835+0300] {dag.py:3033} INFO - Sync 1 DAGs
[2024-01-08T18:45:20.909+0300] {logging_mixin.py:188} INFO - [2024-01-08T18:45:20.908+0300] {dag.py:3820} INFO - Setting next_dagrun for example_params_trigger_ui to None, run_after=None
[2024-01-08T18:45:21.043+0300] {processor.py:183} INFO - Processing /usr/local/lib/python3.10/dist-packages/airflow/example_dags/example_params_trigger_ui.py took 0.741 seconds
[2024-01-08T18:46:11.582+0300] {processor.py:161} INFO - Started process (PID=16565) to work on /usr/local/lib/python3.10/dist-packages/airflow/example_dags/example_params_trigger_ui.py
[2024-01-08T18:46:11.591+0300] {processor.py:830} INFO - Processing file /usr/local/lib/python3.10/dist-packages/airflow/example_dags/example_params_trigger_ui.py for tasks to queue
[2024-01-08T18:46:11.594+0300] {logging_mixin.py:188} INFO - [2024-01-08T18:46:11.593+0300] {dagbag.py:538} INFO - Filling up the DagBag from /usr/local/lib/python3.10/dist-packages/airflow/example_dags/example_params_trigger_ui.py
[2024-01-08T18:46:11.800+0300] {processor.py:840} INFO - DAG(s) 'example_params_trigger_ui' retrieved from /usr/local/lib/python3.10/dist-packages/airflow/example_dags/example_params_trigger_ui.py
[2024-01-08T18:46:12.939+0300] {logging_mixin.py:188} INFO - [2024-01-08T18:46:12.939+0300] {dag.py:3033} INFO - Sync 1 DAGs
[2024-01-08T18:46:13.274+0300] {logging_mixin.py:188} INFO - [2024-01-08T18:46:13.274+0300] {dag.py:3820} INFO - Setting next_dagrun for example_params_trigger_ui to None, run_after=None
[2024-01-08T18:46:13.834+0300] {processor.py:183} INFO - Processing /usr/local/lib/python3.10/dist-packages/airflow/example_dags/example_params_trigger_ui.py took 2.297 seconds
[2024-01-08T18:46:51.728+0300] {processor.py:161} INFO - Started process (PID=17016) to work on /usr/local/lib/python3.10/dist-packages/airflow/example_dags/example_params_trigger_ui.py
[2024-01-08T18:46:51.742+0300] {processor.py:830} INFO - Processing file /usr/local/lib/python3.10/dist-packages/airflow/example_dags/example_params_trigger_ui.py for tasks to queue
[2024-01-08T18:46:51.760+0300] {logging_mixin.py:188} INFO - [2024-01-08T18:46:51.759+0300] {dagbag.py:538} INFO - Filling up the DagBag from /usr/local/lib/python3.10/dist-packages/airflow/example_dags/example_params_trigger_ui.py
[2024-01-08T18:46:51.859+0300] {processor.py:840} INFO - DAG(s) 'example_params_trigger_ui' retrieved from /usr/local/lib/python3.10/dist-packages/airflow/example_dags/example_params_trigger_ui.py
[2024-01-08T18:46:52.112+0300] {logging_mixin.py:188} INFO - [2024-01-08T18:46:52.112+0300] {dag.py:3033} INFO - Sync 1 DAGs
[2024-01-08T18:46:52.226+0300] {logging_mixin.py:188} INFO - [2024-01-08T18:46:52.226+0300] {dag.py:3820} INFO - Setting next_dagrun for example_params_trigger_ui to None, run_after=None
[2024-01-08T18:46:52.475+0300] {processor.py:183} INFO - Processing /usr/local/lib/python3.10/dist-packages/airflow/example_dags/example_params_trigger_ui.py took 0.820 seconds
[2024-01-08T18:47:22.741+0300] {processor.py:161} INFO - Started process (PID=17390) to work on /usr/local/lib/python3.10/dist-packages/airflow/example_dags/example_params_trigger_ui.py
[2024-01-08T18:47:22.743+0300] {processor.py:830} INFO - Processing file /usr/local/lib/python3.10/dist-packages/airflow/example_dags/example_params_trigger_ui.py for tasks to queue
[2024-01-08T18:47:22.747+0300] {logging_mixin.py:188} INFO - [2024-01-08T18:47:22.746+0300] {dagbag.py:538} INFO - Filling up the DagBag from /usr/local/lib/python3.10/dist-packages/airflow/example_dags/example_params_trigger_ui.py
[2024-01-08T18:47:22.789+0300] {processor.py:840} INFO - DAG(s) 'example_params_trigger_ui' retrieved from /usr/local/lib/python3.10/dist-packages/airflow/example_dags/example_params_trigger_ui.py
[2024-01-08T18:47:22.960+0300] {logging_mixin.py:188} INFO - [2024-01-08T18:47:22.960+0300] {dag.py:3033} INFO - Sync 1 DAGs
[2024-01-08T18:47:22.994+0300] {logging_mixin.py:188} INFO - [2024-01-08T18:47:22.994+0300] {dag.py:3820} INFO - Setting next_dagrun for example_params_trigger_ui to None, run_after=None
[2024-01-08T18:47:23.048+0300] {processor.py:183} INFO - Processing /usr/local/lib/python3.10/dist-packages/airflow/example_dags/example_params_trigger_ui.py took 0.332 seconds
[2024-01-08T18:47:53.352+0300] {processor.py:161} INFO - Started process (PID=17730) to work on /usr/local/lib/python3.10/dist-packages/airflow/example_dags/example_params_trigger_ui.py
[2024-01-08T18:47:53.356+0300] {processor.py:830} INFO - Processing file /usr/local/lib/python3.10/dist-packages/airflow/example_dags/example_params_trigger_ui.py for tasks to queue
[2024-01-08T18:47:53.359+0300] {logging_mixin.py:188} INFO - [2024-01-08T18:47:53.358+0300] {dagbag.py:538} INFO - Filling up the DagBag from /usr/local/lib/python3.10/dist-packages/airflow/example_dags/example_params_trigger_ui.py
[2024-01-08T18:47:53.399+0300] {processor.py:840} INFO - DAG(s) 'example_params_trigger_ui' retrieved from /usr/local/lib/python3.10/dist-packages/airflow/example_dags/example_params_trigger_ui.py
[2024-01-08T18:47:53.594+0300] {logging_mixin.py:188} INFO - [2024-01-08T18:47:53.593+0300] {dag.py:3033} INFO - Sync 1 DAGs
[2024-01-08T18:47:53.628+0300] {logging_mixin.py:188} INFO - [2024-01-08T18:47:53.627+0300] {dag.py:3820} INFO - Setting next_dagrun for example_params_trigger_ui to None, run_after=None
[2024-01-08T18:47:53.675+0300] {processor.py:183} INFO - Processing /usr/local/lib/python3.10/dist-packages/airflow/example_dags/example_params_trigger_ui.py took 0.339 seconds
[2024-01-08T18:48:31.972+0300] {processor.py:161} INFO - Started process (PID=18147) to work on /usr/local/lib/python3.10/dist-packages/airflow/example_dags/example_params_trigger_ui.py
[2024-01-08T18:48:31.986+0300] {processor.py:830} INFO - Processing file /usr/local/lib/python3.10/dist-packages/airflow/example_dags/example_params_trigger_ui.py for tasks to queue
[2024-01-08T18:48:31.989+0300] {logging_mixin.py:188} INFO - [2024-01-08T18:48:31.988+0300] {dagbag.py:538} INFO - Filling up the DagBag from /usr/local/lib/python3.10/dist-packages/airflow/example_dags/example_params_trigger_ui.py
[2024-01-08T18:48:32.083+0300] {processor.py:840} INFO - DAG(s) 'example_params_trigger_ui' retrieved from /usr/local/lib/python3.10/dist-packages/airflow/example_dags/example_params_trigger_ui.py
[2024-01-08T18:48:32.674+0300] {logging_mixin.py:188} INFO - [2024-01-08T18:48:32.673+0300] {dag.py:3033} INFO - Sync 1 DAGs
[2024-01-08T18:48:32.717+0300] {logging_mixin.py:188} INFO - [2024-01-08T18:48:32.716+0300] {dag.py:3820} INFO - Setting next_dagrun for example_params_trigger_ui to None, run_after=None
[2024-01-08T18:48:32.841+0300] {processor.py:183} INFO - Processing /usr/local/lib/python3.10/dist-packages/airflow/example_dags/example_params_trigger_ui.py took 0.896 seconds
[2024-01-08T18:49:06.532+0300] {processor.py:161} INFO - Started process (PID=18538) to work on /usr/local/lib/python3.10/dist-packages/airflow/example_dags/example_params_trigger_ui.py
[2024-01-08T18:49:06.537+0300] {processor.py:830} INFO - Processing file /usr/local/lib/python3.10/dist-packages/airflow/example_dags/example_params_trigger_ui.py for tasks to queue
[2024-01-08T18:49:06.539+0300] {logging_mixin.py:188} INFO - [2024-01-08T18:49:06.539+0300] {dagbag.py:538} INFO - Filling up the DagBag from /usr/local/lib/python3.10/dist-packages/airflow/example_dags/example_params_trigger_ui.py
[2024-01-08T18:49:06.917+0300] {processor.py:840} INFO - DAG(s) 'example_params_trigger_ui' retrieved from /usr/local/lib/python3.10/dist-packages/airflow/example_dags/example_params_trigger_ui.py
[2024-01-08T18:49:08.199+0300] {logging_mixin.py:188} INFO - [2024-01-08T18:49:08.199+0300] {dag.py:3033} INFO - Sync 1 DAGs
[2024-01-08T18:49:08.360+0300] {logging_mixin.py:188} INFO - [2024-01-08T18:49:08.360+0300] {dag.py:3820} INFO - Setting next_dagrun for example_params_trigger_ui to None, run_after=None
[2024-01-08T18:49:08.979+0300] {processor.py:183} INFO - Processing /usr/local/lib/python3.10/dist-packages/airflow/example_dags/example_params_trigger_ui.py took 2.482 seconds
[2024-01-08T18:49:39.477+0300] {processor.py:161} INFO - Started process (PID=18921) to work on /usr/local/lib/python3.10/dist-packages/airflow/example_dags/example_params_trigger_ui.py
[2024-01-08T18:49:39.478+0300] {processor.py:830} INFO - Processing file /usr/local/lib/python3.10/dist-packages/airflow/example_dags/example_params_trigger_ui.py for tasks to queue
[2024-01-08T18:49:39.480+0300] {logging_mixin.py:188} INFO - [2024-01-08T18:49:39.480+0300] {dagbag.py:538} INFO - Filling up the DagBag from /usr/local/lib/python3.10/dist-packages/airflow/example_dags/example_params_trigger_ui.py
[2024-01-08T18:49:39.521+0300] {processor.py:840} INFO - DAG(s) 'example_params_trigger_ui' retrieved from /usr/local/lib/python3.10/dist-packages/airflow/example_dags/example_params_trigger_ui.py
[2024-01-08T18:49:39.667+0300] {logging_mixin.py:188} INFO - [2024-01-08T18:49:39.667+0300] {dag.py:3033} INFO - Sync 1 DAGs
[2024-01-08T18:49:39.693+0300] {logging_mixin.py:188} INFO - [2024-01-08T18:49:39.693+0300] {dag.py:3820} INFO - Setting next_dagrun for example_params_trigger_ui to None, run_after=None
[2024-01-08T18:49:39.737+0300] {processor.py:183} INFO - Processing /usr/local/lib/python3.10/dist-packages/airflow/example_dags/example_params_trigger_ui.py took 0.270 seconds
[2024-01-08T18:50:10.161+0300] {processor.py:161} INFO - Started process (PID=19237) to work on /usr/local/lib/python3.10/dist-packages/airflow/example_dags/example_params_trigger_ui.py
[2024-01-08T18:50:10.164+0300] {processor.py:830} INFO - Processing file /usr/local/lib/python3.10/dist-packages/airflow/example_dags/example_params_trigger_ui.py for tasks to queue
[2024-01-08T18:50:10.167+0300] {logging_mixin.py:188} INFO - [2024-01-08T18:50:10.166+0300] {dagbag.py:538} INFO - Filling up the DagBag from /usr/local/lib/python3.10/dist-packages/airflow/example_dags/example_params_trigger_ui.py
[2024-01-08T18:50:10.210+0300] {processor.py:840} INFO - DAG(s) 'example_params_trigger_ui' retrieved from /usr/local/lib/python3.10/dist-packages/airflow/example_dags/example_params_trigger_ui.py
[2024-01-08T18:50:10.346+0300] {logging_mixin.py:188} INFO - [2024-01-08T18:50:10.346+0300] {dag.py:3033} INFO - Sync 1 DAGs
[2024-01-08T18:50:10.375+0300] {logging_mixin.py:188} INFO - [2024-01-08T18:50:10.375+0300] {dag.py:3820} INFO - Setting next_dagrun for example_params_trigger_ui to None, run_after=None
[2024-01-08T18:50:10.422+0300] {processor.py:183} INFO - Processing /usr/local/lib/python3.10/dist-packages/airflow/example_dags/example_params_trigger_ui.py took 0.277 seconds
[2024-01-08T18:50:40.872+0300] {processor.py:161} INFO - Started process (PID=19553) to work on /usr/local/lib/python3.10/dist-packages/airflow/example_dags/example_params_trigger_ui.py
[2024-01-08T18:50:40.884+0300] {processor.py:830} INFO - Processing file /usr/local/lib/python3.10/dist-packages/airflow/example_dags/example_params_trigger_ui.py for tasks to queue
[2024-01-08T18:50:40.888+0300] {logging_mixin.py:188} INFO - [2024-01-08T18:50:40.886+0300] {dagbag.py:538} INFO - Filling up the DagBag from /usr/local/lib/python3.10/dist-packages/airflow/example_dags/example_params_trigger_ui.py
[2024-01-08T18:50:40.942+0300] {processor.py:840} INFO - DAG(s) 'example_params_trigger_ui' retrieved from /usr/local/lib/python3.10/dist-packages/airflow/example_dags/example_params_trigger_ui.py
[2024-01-08T18:50:41.166+0300] {logging_mixin.py:188} INFO - [2024-01-08T18:50:41.166+0300] {dag.py:3033} INFO - Sync 1 DAGs
[2024-01-08T18:50:41.203+0300] {logging_mixin.py:188} INFO - [2024-01-08T18:50:41.202+0300] {dag.py:3820} INFO - Setting next_dagrun for example_params_trigger_ui to None, run_after=None
[2024-01-08T18:50:41.263+0300] {processor.py:183} INFO - Processing /usr/local/lib/python3.10/dist-packages/airflow/example_dags/example_params_trigger_ui.py took 0.409 seconds
[2024-01-08T18:51:11.531+0300] {processor.py:161} INFO - Started process (PID=19909) to work on /usr/local/lib/python3.10/dist-packages/airflow/example_dags/example_params_trigger_ui.py
[2024-01-08T18:51:11.561+0300] {processor.py:830} INFO - Processing file /usr/local/lib/python3.10/dist-packages/airflow/example_dags/example_params_trigger_ui.py for tasks to queue
[2024-01-08T18:51:11.563+0300] {logging_mixin.py:188} INFO - [2024-01-08T18:51:11.563+0300] {dagbag.py:538} INFO - Filling up the DagBag from /usr/local/lib/python3.10/dist-packages/airflow/example_dags/example_params_trigger_ui.py
[2024-01-08T18:51:11.708+0300] {processor.py:840} INFO - DAG(s) 'example_params_trigger_ui' retrieved from /usr/local/lib/python3.10/dist-packages/airflow/example_dags/example_params_trigger_ui.py
[2024-01-08T18:51:12.189+0300] {logging_mixin.py:188} INFO - [2024-01-08T18:51:12.189+0300] {dag.py:3033} INFO - Sync 1 DAGs
[2024-01-08T18:51:12.343+0300] {logging_mixin.py:188} INFO - [2024-01-08T18:51:12.343+0300] {dag.py:3820} INFO - Setting next_dagrun for example_params_trigger_ui to None, run_after=None
[2024-01-08T18:51:12.502+0300] {processor.py:183} INFO - Processing /usr/local/lib/python3.10/dist-packages/airflow/example_dags/example_params_trigger_ui.py took 1.002 seconds
[2024-01-08T18:51:46.209+0300] {processor.py:161} INFO - Started process (PID=20296) to work on /usr/local/lib/python3.10/dist-packages/airflow/example_dags/example_params_trigger_ui.py
[2024-01-08T18:51:46.227+0300] {processor.py:830} INFO - Processing file /usr/local/lib/python3.10/dist-packages/airflow/example_dags/example_params_trigger_ui.py for tasks to queue
[2024-01-08T18:51:46.239+0300] {logging_mixin.py:188} INFO - [2024-01-08T18:51:46.238+0300] {dagbag.py:538} INFO - Filling up the DagBag from /usr/local/lib/python3.10/dist-packages/airflow/example_dags/example_params_trigger_ui.py
[2024-01-08T18:51:46.731+0300] {processor.py:840} INFO - DAG(s) 'example_params_trigger_ui' retrieved from /usr/local/lib/python3.10/dist-packages/airflow/example_dags/example_params_trigger_ui.py
[2024-01-08T18:51:48.192+0300] {logging_mixin.py:188} INFO - [2024-01-08T18:51:48.191+0300] {dag.py:3033} INFO - Sync 1 DAGs
[2024-01-08T18:51:48.440+0300] {logging_mixin.py:188} INFO - [2024-01-08T18:51:48.440+0300] {dag.py:3820} INFO - Setting next_dagrun for example_params_trigger_ui to None, run_after=None
[2024-01-08T18:51:48.662+0300] {processor.py:183} INFO - Processing /usr/local/lib/python3.10/dist-packages/airflow/example_dags/example_params_trigger_ui.py took 2.608 seconds
[2024-01-08T18:52:34.205+0300] {processor.py:161} INFO - Started process (PID=20826) to work on /usr/local/lib/python3.10/dist-packages/airflow/example_dags/example_params_trigger_ui.py
[2024-01-08T18:52:34.208+0300] {processor.py:830} INFO - Processing file /usr/local/lib/python3.10/dist-packages/airflow/example_dags/example_params_trigger_ui.py for tasks to queue
[2024-01-08T18:52:34.211+0300] {logging_mixin.py:188} INFO - [2024-01-08T18:52:34.210+0300] {dagbag.py:538} INFO - Filling up the DagBag from /usr/local/lib/python3.10/dist-packages/airflow/example_dags/example_params_trigger_ui.py
[2024-01-08T18:52:34.253+0300] {processor.py:840} INFO - DAG(s) 'example_params_trigger_ui' retrieved from /usr/local/lib/python3.10/dist-packages/airflow/example_dags/example_params_trigger_ui.py
[2024-01-08T18:52:34.747+0300] {logging_mixin.py:188} INFO - [2024-01-08T18:52:34.746+0300] {dag.py:3033} INFO - Sync 1 DAGs
[2024-01-08T18:52:34.846+0300] {logging_mixin.py:188} INFO - [2024-01-08T18:52:34.846+0300] {dag.py:3820} INFO - Setting next_dagrun for example_params_trigger_ui to None, run_after=None
[2024-01-08T18:52:34.991+0300] {processor.py:183} INFO - Processing /usr/local/lib/python3.10/dist-packages/airflow/example_dags/example_params_trigger_ui.py took 0.802 seconds
[2024-01-08T18:53:41.324+0300] {processor.py:161} INFO - Started process (PID=21403) to work on /usr/local/lib/python3.10/dist-packages/airflow/example_dags/example_params_trigger_ui.py
[2024-01-08T18:53:41.338+0300] {processor.py:830} INFO - Processing file /usr/local/lib/python3.10/dist-packages/airflow/example_dags/example_params_trigger_ui.py for tasks to queue
[2024-01-08T18:53:41.340+0300] {logging_mixin.py:188} INFO - [2024-01-08T18:53:41.339+0300] {dagbag.py:538} INFO - Filling up the DagBag from /usr/local/lib/python3.10/dist-packages/airflow/example_dags/example_params_trigger_ui.py
[2024-01-08T18:53:41.577+0300] {processor.py:840} INFO - DAG(s) 'example_params_trigger_ui' retrieved from /usr/local/lib/python3.10/dist-packages/airflow/example_dags/example_params_trigger_ui.py
[2024-01-08T18:53:42.231+0300] {logging_mixin.py:188} INFO - [2024-01-08T18:53:42.230+0300] {dag.py:3033} INFO - Sync 1 DAGs
[2024-01-08T18:53:42.354+0300] {logging_mixin.py:188} INFO - [2024-01-08T18:53:42.354+0300] {dag.py:3820} INFO - Setting next_dagrun for example_params_trigger_ui to None, run_after=None
[2024-01-08T18:53:42.526+0300] {processor.py:183} INFO - Processing /usr/local/lib/python3.10/dist-packages/airflow/example_dags/example_params_trigger_ui.py took 1.238 seconds
[2024-01-08T18:54:22.385+0300] {processor.py:161} INFO - Started process (PID=21815) to work on /usr/local/lib/python3.10/dist-packages/airflow/example_dags/example_params_trigger_ui.py
[2024-01-08T18:54:22.407+0300] {processor.py:830} INFO - Processing file /usr/local/lib/python3.10/dist-packages/airflow/example_dags/example_params_trigger_ui.py for tasks to queue
[2024-01-08T18:54:22.410+0300] {logging_mixin.py:188} INFO - [2024-01-08T18:54:22.409+0300] {dagbag.py:538} INFO - Filling up the DagBag from /usr/local/lib/python3.10/dist-packages/airflow/example_dags/example_params_trigger_ui.py
[2024-01-08T18:54:22.606+0300] {processor.py:840} INFO - DAG(s) 'example_params_trigger_ui' retrieved from /usr/local/lib/python3.10/dist-packages/airflow/example_dags/example_params_trigger_ui.py
[2024-01-08T18:54:22.867+0300] {logging_mixin.py:188} INFO - [2024-01-08T18:54:22.867+0300] {dag.py:3033} INFO - Sync 1 DAGs
[2024-01-08T18:54:22.921+0300] {logging_mixin.py:188} INFO - [2024-01-08T18:54:22.920+0300] {dag.py:3820} INFO - Setting next_dagrun for example_params_trigger_ui to None, run_after=None
[2024-01-08T18:54:22.990+0300] {processor.py:183} INFO - Processing /usr/local/lib/python3.10/dist-packages/airflow/example_dags/example_params_trigger_ui.py took 0.668 seconds
[2024-01-08T18:54:57.830+0300] {processor.py:161} INFO - Started process (PID=22285) to work on /usr/local/lib/python3.10/dist-packages/airflow/example_dags/example_params_trigger_ui.py
[2024-01-08T18:54:57.834+0300] {processor.py:830} INFO - Processing file /usr/local/lib/python3.10/dist-packages/airflow/example_dags/example_params_trigger_ui.py for tasks to queue
[2024-01-08T18:54:57.836+0300] {logging_mixin.py:188} INFO - [2024-01-08T18:54:57.835+0300] {dagbag.py:538} INFO - Filling up the DagBag from /usr/local/lib/python3.10/dist-packages/airflow/example_dags/example_params_trigger_ui.py
[2024-01-08T18:54:57.906+0300] {processor.py:840} INFO - DAG(s) 'example_params_trigger_ui' retrieved from /usr/local/lib/python3.10/dist-packages/airflow/example_dags/example_params_trigger_ui.py
[2024-01-08T18:54:58.330+0300] {logging_mixin.py:188} INFO - [2024-01-08T18:54:58.329+0300] {dag.py:3033} INFO - Sync 1 DAGs
[2024-01-08T18:54:58.393+0300] {logging_mixin.py:188} INFO - [2024-01-08T18:54:58.393+0300] {dag.py:3820} INFO - Setting next_dagrun for example_params_trigger_ui to None, run_after=None
[2024-01-08T18:54:58.558+0300] {processor.py:183} INFO - Processing /usr/local/lib/python3.10/dist-packages/airflow/example_dags/example_params_trigger_ui.py took 0.748 seconds
[2024-01-08T18:55:36.999+0300] {processor.py:161} INFO - Started process (PID=22719) to work on /usr/local/lib/python3.10/dist-packages/airflow/example_dags/example_params_trigger_ui.py
[2024-01-08T18:55:37.022+0300] {processor.py:830} INFO - Processing file /usr/local/lib/python3.10/dist-packages/airflow/example_dags/example_params_trigger_ui.py for tasks to queue
[2024-01-08T18:55:37.024+0300] {logging_mixin.py:188} INFO - [2024-01-08T18:55:37.023+0300] {dagbag.py:538} INFO - Filling up the DagBag from /usr/local/lib/python3.10/dist-packages/airflow/example_dags/example_params_trigger_ui.py
[2024-01-08T18:55:37.168+0300] {processor.py:840} INFO - DAG(s) 'example_params_trigger_ui' retrieved from /usr/local/lib/python3.10/dist-packages/airflow/example_dags/example_params_trigger_ui.py
[2024-01-08T18:55:37.547+0300] {logging_mixin.py:188} INFO - [2024-01-08T18:55:37.547+0300] {dag.py:3033} INFO - Sync 1 DAGs
[2024-01-08T18:55:37.631+0300] {logging_mixin.py:188} INFO - [2024-01-08T18:55:37.631+0300] {dag.py:3820} INFO - Setting next_dagrun for example_params_trigger_ui to None, run_after=None
[2024-01-08T18:55:37.753+0300] {processor.py:183} INFO - Processing /usr/local/lib/python3.10/dist-packages/airflow/example_dags/example_params_trigger_ui.py took 0.803 seconds
[2024-01-08T18:56:07.980+0300] {processor.py:161} INFO - Started process (PID=23043) to work on /usr/local/lib/python3.10/dist-packages/airflow/example_dags/example_params_trigger_ui.py
[2024-01-08T18:56:07.986+0300] {processor.py:830} INFO - Processing file /usr/local/lib/python3.10/dist-packages/airflow/example_dags/example_params_trigger_ui.py for tasks to queue
[2024-01-08T18:56:07.988+0300] {logging_mixin.py:188} INFO - [2024-01-08T18:56:07.987+0300] {dagbag.py:538} INFO - Filling up the DagBag from /usr/local/lib/python3.10/dist-packages/airflow/example_dags/example_params_trigger_ui.py
[2024-01-08T18:56:08.045+0300] {processor.py:840} INFO - DAG(s) 'example_params_trigger_ui' retrieved from /usr/local/lib/python3.10/dist-packages/airflow/example_dags/example_params_trigger_ui.py
[2024-01-08T18:56:08.330+0300] {logging_mixin.py:188} INFO - [2024-01-08T18:56:08.330+0300] {dag.py:3033} INFO - Sync 1 DAGs
[2024-01-08T18:56:08.368+0300] {logging_mixin.py:188} INFO - [2024-01-08T18:56:08.367+0300] {dag.py:3820} INFO - Setting next_dagrun for example_params_trigger_ui to None, run_after=None
[2024-01-08T18:56:08.430+0300] {processor.py:183} INFO - Processing /usr/local/lib/python3.10/dist-packages/airflow/example_dags/example_params_trigger_ui.py took 0.462 seconds
[2024-01-08T18:56:38.612+0300] {processor.py:161} INFO - Started process (PID=23358) to work on /usr/local/lib/python3.10/dist-packages/airflow/example_dags/example_params_trigger_ui.py
[2024-01-08T18:56:38.620+0300] {processor.py:830} INFO - Processing file /usr/local/lib/python3.10/dist-packages/airflow/example_dags/example_params_trigger_ui.py for tasks to queue
[2024-01-08T18:56:38.623+0300] {logging_mixin.py:188} INFO - [2024-01-08T18:56:38.622+0300] {dagbag.py:538} INFO - Filling up the DagBag from /usr/local/lib/python3.10/dist-packages/airflow/example_dags/example_params_trigger_ui.py
[2024-01-08T18:56:38.702+0300] {processor.py:840} INFO - DAG(s) 'example_params_trigger_ui' retrieved from /usr/local/lib/python3.10/dist-packages/airflow/example_dags/example_params_trigger_ui.py
[2024-01-08T18:56:38.866+0300] {logging_mixin.py:188} INFO - [2024-01-08T18:56:38.866+0300] {dag.py:3033} INFO - Sync 1 DAGs
[2024-01-08T18:56:38.892+0300] {logging_mixin.py:188} INFO - [2024-01-08T18:56:38.892+0300] {dag.py:3820} INFO - Setting next_dagrun for example_params_trigger_ui to None, run_after=None
[2024-01-08T18:56:38.936+0300] {processor.py:183} INFO - Processing /usr/local/lib/python3.10/dist-packages/airflow/example_dags/example_params_trigger_ui.py took 0.346 seconds
[2024-01-08T18:57:11.554+0300] {processor.py:161} INFO - Started process (PID=23736) to work on /usr/local/lib/python3.10/dist-packages/airflow/example_dags/example_params_trigger_ui.py
[2024-01-08T18:57:11.560+0300] {processor.py:830} INFO - Processing file /usr/local/lib/python3.10/dist-packages/airflow/example_dags/example_params_trigger_ui.py for tasks to queue
[2024-01-08T18:57:11.573+0300] {logging_mixin.py:188} INFO - [2024-01-08T18:57:11.572+0300] {dagbag.py:538} INFO - Filling up the DagBag from /usr/local/lib/python3.10/dist-packages/airflow/example_dags/example_params_trigger_ui.py
[2024-01-08T18:57:11.736+0300] {processor.py:840} INFO - DAG(s) 'example_params_trigger_ui' retrieved from /usr/local/lib/python3.10/dist-packages/airflow/example_dags/example_params_trigger_ui.py
[2024-01-08T18:57:12.267+0300] {logging_mixin.py:188} INFO - [2024-01-08T18:57:12.267+0300] {dag.py:3033} INFO - Sync 1 DAGs
[2024-01-08T18:57:12.378+0300] {logging_mixin.py:188} INFO - [2024-01-08T18:57:12.378+0300] {dag.py:3820} INFO - Setting next_dagrun for example_params_trigger_ui to None, run_after=None
[2024-01-08T18:57:12.477+0300] {processor.py:183} INFO - Processing /usr/local/lib/python3.10/dist-packages/airflow/example_dags/example_params_trigger_ui.py took 0.967 seconds
[2024-01-08T18:57:47.008+0300] {processor.py:161} INFO - Started process (PID=24096) to work on /usr/local/lib/python3.10/dist-packages/airflow/example_dags/example_params_trigger_ui.py
[2024-01-08T18:57:47.049+0300] {processor.py:830} INFO - Processing file /usr/local/lib/python3.10/dist-packages/airflow/example_dags/example_params_trigger_ui.py for tasks to queue
[2024-01-08T18:57:47.060+0300] {logging_mixin.py:188} INFO - [2024-01-08T18:57:47.059+0300] {dagbag.py:538} INFO - Filling up the DagBag from /usr/local/lib/python3.10/dist-packages/airflow/example_dags/example_params_trigger_ui.py
[2024-01-08T18:57:47.151+0300] {processor.py:840} INFO - DAG(s) 'example_params_trigger_ui' retrieved from /usr/local/lib/python3.10/dist-packages/airflow/example_dags/example_params_trigger_ui.py
[2024-01-08T18:57:47.575+0300] {logging_mixin.py:188} INFO - [2024-01-08T18:57:47.575+0300] {dag.py:3033} INFO - Sync 1 DAGs
[2024-01-08T18:57:47.724+0300] {logging_mixin.py:188} INFO - [2024-01-08T18:57:47.723+0300] {dag.py:3820} INFO - Setting next_dagrun for example_params_trigger_ui to None, run_after=None
[2024-01-08T18:57:48.046+0300] {processor.py:183} INFO - Processing /usr/local/lib/python3.10/dist-packages/airflow/example_dags/example_params_trigger_ui.py took 1.138 seconds
[2024-01-08T18:58:18.291+0300] {processor.py:161} INFO - Started process (PID=24459) to work on /usr/local/lib/python3.10/dist-packages/airflow/example_dags/example_params_trigger_ui.py
[2024-01-08T18:58:18.293+0300] {processor.py:830} INFO - Processing file /usr/local/lib/python3.10/dist-packages/airflow/example_dags/example_params_trigger_ui.py for tasks to queue
[2024-01-08T18:58:18.295+0300] {logging_mixin.py:188} INFO - [2024-01-08T18:58:18.294+0300] {dagbag.py:538} INFO - Filling up the DagBag from /usr/local/lib/python3.10/dist-packages/airflow/example_dags/example_params_trigger_ui.py
[2024-01-08T18:58:18.401+0300] {processor.py:840} INFO - DAG(s) 'example_params_trigger_ui' retrieved from /usr/local/lib/python3.10/dist-packages/airflow/example_dags/example_params_trigger_ui.py
[2024-01-08T18:58:19.031+0300] {logging_mixin.py:188} INFO - [2024-01-08T18:58:19.030+0300] {dag.py:3033} INFO - Sync 1 DAGs
[2024-01-08T18:58:19.116+0300] {logging_mixin.py:188} INFO - [2024-01-08T18:58:19.116+0300] {dag.py:3820} INFO - Setting next_dagrun for example_params_trigger_ui to None, run_after=None
[2024-01-08T18:58:19.283+0300] {processor.py:183} INFO - Processing /usr/local/lib/python3.10/dist-packages/airflow/example_dags/example_params_trigger_ui.py took 1.018 seconds
[2024-01-08T18:58:54.736+0300] {processor.py:161} INFO - Started process (PID=24927) to work on /usr/local/lib/python3.10/dist-packages/airflow/example_dags/example_params_trigger_ui.py
[2024-01-08T18:58:54.739+0300] {processor.py:830} INFO - Processing file /usr/local/lib/python3.10/dist-packages/airflow/example_dags/example_params_trigger_ui.py for tasks to queue
[2024-01-08T18:58:54.741+0300] {logging_mixin.py:188} INFO - [2024-01-08T18:58:54.741+0300] {dagbag.py:538} INFO - Filling up the DagBag from /usr/local/lib/python3.10/dist-packages/airflow/example_dags/example_params_trigger_ui.py
[2024-01-08T18:58:54.792+0300] {processor.py:840} INFO - DAG(s) 'example_params_trigger_ui' retrieved from /usr/local/lib/python3.10/dist-packages/airflow/example_dags/example_params_trigger_ui.py
[2024-01-08T18:58:54.987+0300] {logging_mixin.py:188} INFO - [2024-01-08T18:58:54.986+0300] {dag.py:3033} INFO - Sync 1 DAGs
[2024-01-08T18:58:55.055+0300] {logging_mixin.py:188} INFO - [2024-01-08T18:58:55.055+0300] {dag.py:3820} INFO - Setting next_dagrun for example_params_trigger_ui to None, run_after=None
[2024-01-08T18:58:55.193+0300] {processor.py:183} INFO - Processing /usr/local/lib/python3.10/dist-packages/airflow/example_dags/example_params_trigger_ui.py took 0.487 seconds
[2024-01-08T18:59:27.921+0300] {processor.py:161} INFO - Started process (PID=25309) to work on /usr/local/lib/python3.10/dist-packages/airflow/example_dags/example_params_trigger_ui.py
[2024-01-08T18:59:27.924+0300] {processor.py:830} INFO - Processing file /usr/local/lib/python3.10/dist-packages/airflow/example_dags/example_params_trigger_ui.py for tasks to queue
[2024-01-08T18:59:27.927+0300] {logging_mixin.py:188} INFO - [2024-01-08T18:59:27.926+0300] {dagbag.py:538} INFO - Filling up the DagBag from /usr/local/lib/python3.10/dist-packages/airflow/example_dags/example_params_trigger_ui.py
[2024-01-08T18:59:28.006+0300] {processor.py:840} INFO - DAG(s) 'example_params_trigger_ui' retrieved from /usr/local/lib/python3.10/dist-packages/airflow/example_dags/example_params_trigger_ui.py
[2024-01-08T18:59:28.953+0300] {logging_mixin.py:188} INFO - [2024-01-08T18:59:28.952+0300] {dag.py:3033} INFO - Sync 1 DAGs
[2024-01-08T18:59:29.115+0300] {logging_mixin.py:188} INFO - [2024-01-08T18:59:29.114+0300] {dag.py:3820} INFO - Setting next_dagrun for example_params_trigger_ui to None, run_after=None
[2024-01-08T18:59:29.335+0300] {processor.py:183} INFO - Processing /usr/local/lib/python3.10/dist-packages/airflow/example_dags/example_params_trigger_ui.py took 1.474 seconds
[2024-01-08T18:59:59.759+0300] {processor.py:161} INFO - Started process (PID=25722) to work on /usr/local/lib/python3.10/dist-packages/airflow/example_dags/example_params_trigger_ui.py
[2024-01-08T18:59:59.761+0300] {processor.py:830} INFO - Processing file /usr/local/lib/python3.10/dist-packages/airflow/example_dags/example_params_trigger_ui.py for tasks to queue
[2024-01-08T18:59:59.764+0300] {logging_mixin.py:188} INFO - [2024-01-08T18:59:59.763+0300] {dagbag.py:538} INFO - Filling up the DagBag from /usr/local/lib/python3.10/dist-packages/airflow/example_dags/example_params_trigger_ui.py
[2024-01-08T18:59:59.821+0300] {processor.py:840} INFO - DAG(s) 'example_params_trigger_ui' retrieved from /usr/local/lib/python3.10/dist-packages/airflow/example_dags/example_params_trigger_ui.py
[2024-01-08T19:00:00.042+0300] {logging_mixin.py:188} INFO - [2024-01-08T19:00:00.042+0300] {dag.py:3033} INFO - Sync 1 DAGs
[2024-01-08T19:00:00.075+0300] {logging_mixin.py:188} INFO - [2024-01-08T19:00:00.075+0300] {dag.py:3820} INFO - Setting next_dagrun for example_params_trigger_ui to None, run_after=None
[2024-01-08T19:00:00.135+0300] {processor.py:183} INFO - Processing /usr/local/lib/python3.10/dist-packages/airflow/example_dags/example_params_trigger_ui.py took 0.390 seconds
[2024-01-08T19:00:30.625+0300] {processor.py:161} INFO - Started process (PID=26119) to work on /usr/local/lib/python3.10/dist-packages/airflow/example_dags/example_params_trigger_ui.py
[2024-01-08T19:00:30.642+0300] {processor.py:830} INFO - Processing file /usr/local/lib/python3.10/dist-packages/airflow/example_dags/example_params_trigger_ui.py for tasks to queue
[2024-01-08T19:00:30.644+0300] {logging_mixin.py:188} INFO - [2024-01-08T19:00:30.643+0300] {dagbag.py:538} INFO - Filling up the DagBag from /usr/local/lib/python3.10/dist-packages/airflow/example_dags/example_params_trigger_ui.py
[2024-01-08T19:00:30.779+0300] {processor.py:840} INFO - DAG(s) 'example_params_trigger_ui' retrieved from /usr/local/lib/python3.10/dist-packages/airflow/example_dags/example_params_trigger_ui.py
[2024-01-08T19:00:31.092+0300] {logging_mixin.py:188} INFO - [2024-01-08T19:00:31.091+0300] {dag.py:3033} INFO - Sync 1 DAGs
[2024-01-08T19:00:31.150+0300] {logging_mixin.py:188} INFO - [2024-01-08T19:00:31.149+0300] {dag.py:3820} INFO - Setting next_dagrun for example_params_trigger_ui to None, run_after=None
[2024-01-08T19:00:31.267+0300] {processor.py:183} INFO - Processing /usr/local/lib/python3.10/dist-packages/airflow/example_dags/example_params_trigger_ui.py took 0.668 seconds
[2024-01-08T19:01:01.803+0300] {processor.py:161} INFO - Started process (PID=26532) to work on /usr/local/lib/python3.10/dist-packages/airflow/example_dags/example_params_trigger_ui.py
[2024-01-08T19:01:01.806+0300] {processor.py:830} INFO - Processing file /usr/local/lib/python3.10/dist-packages/airflow/example_dags/example_params_trigger_ui.py for tasks to queue
[2024-01-08T19:01:01.808+0300] {logging_mixin.py:188} INFO - [2024-01-08T19:01:01.807+0300] {dagbag.py:538} INFO - Filling up the DagBag from /usr/local/lib/python3.10/dist-packages/airflow/example_dags/example_params_trigger_ui.py
[2024-01-08T19:01:01.845+0300] {processor.py:840} INFO - DAG(s) 'example_params_trigger_ui' retrieved from /usr/local/lib/python3.10/dist-packages/airflow/example_dags/example_params_trigger_ui.py
[2024-01-08T19:01:02.014+0300] {logging_mixin.py:188} INFO - [2024-01-08T19:01:02.013+0300] {dag.py:3033} INFO - Sync 1 DAGs
[2024-01-08T19:01:02.052+0300] {logging_mixin.py:188} INFO - [2024-01-08T19:01:02.052+0300] {dag.py:3820} INFO - Setting next_dagrun for example_params_trigger_ui to None, run_after=None
[2024-01-08T19:01:02.140+0300] {processor.py:183} INFO - Processing /usr/local/lib/python3.10/dist-packages/airflow/example_dags/example_params_trigger_ui.py took 0.351 seconds
[2024-01-08T19:01:36.791+0300] {processor.py:161} INFO - Started process (PID=26943) to work on /usr/local/lib/python3.10/dist-packages/airflow/example_dags/example_params_trigger_ui.py
[2024-01-08T19:01:36.794+0300] {processor.py:830} INFO - Processing file /usr/local/lib/python3.10/dist-packages/airflow/example_dags/example_params_trigger_ui.py for tasks to queue
[2024-01-08T19:01:36.796+0300] {logging_mixin.py:188} INFO - [2024-01-08T19:01:36.795+0300] {dagbag.py:538} INFO - Filling up the DagBag from /usr/local/lib/python3.10/dist-packages/airflow/example_dags/example_params_trigger_ui.py
[2024-01-08T19:01:36.844+0300] {processor.py:840} INFO - DAG(s) 'example_params_trigger_ui' retrieved from /usr/local/lib/python3.10/dist-packages/airflow/example_dags/example_params_trigger_ui.py
[2024-01-08T19:01:37.034+0300] {logging_mixin.py:188} INFO - [2024-01-08T19:01:37.034+0300] {dag.py:3033} INFO - Sync 1 DAGs
[2024-01-08T19:01:37.072+0300] {logging_mixin.py:188} INFO - [2024-01-08T19:01:37.071+0300] {dag.py:3820} INFO - Setting next_dagrun for example_params_trigger_ui to None, run_after=None
[2024-01-08T19:01:37.155+0300] {processor.py:183} INFO - Processing /usr/local/lib/python3.10/dist-packages/airflow/example_dags/example_params_trigger_ui.py took 0.379 seconds
[2024-01-08T19:02:07.762+0300] {processor.py:161} INFO - Started process (PID=27259) to work on /usr/local/lib/python3.10/dist-packages/airflow/example_dags/example_params_trigger_ui.py
[2024-01-08T19:02:07.770+0300] {processor.py:830} INFO - Processing file /usr/local/lib/python3.10/dist-packages/airflow/example_dags/example_params_trigger_ui.py for tasks to queue
[2024-01-08T19:02:07.772+0300] {logging_mixin.py:188} INFO - [2024-01-08T19:02:07.771+0300] {dagbag.py:538} INFO - Filling up the DagBag from /usr/local/lib/python3.10/dist-packages/airflow/example_dags/example_params_trigger_ui.py
[2024-01-08T19:02:07.834+0300] {processor.py:840} INFO - DAG(s) 'example_params_trigger_ui' retrieved from /usr/local/lib/python3.10/dist-packages/airflow/example_dags/example_params_trigger_ui.py
[2024-01-08T19:02:08.048+0300] {logging_mixin.py:188} INFO - [2024-01-08T19:02:08.047+0300] {dag.py:3033} INFO - Sync 1 DAGs
[2024-01-08T19:02:08.096+0300] {logging_mixin.py:188} INFO - [2024-01-08T19:02:08.096+0300] {dag.py:3820} INFO - Setting next_dagrun for example_params_trigger_ui to None, run_after=None
[2024-01-08T19:02:08.202+0300] {processor.py:183} INFO - Processing /usr/local/lib/python3.10/dist-packages/airflow/example_dags/example_params_trigger_ui.py took 0.471 seconds
[2024-01-08T19:02:38.948+0300] {processor.py:161} INFO - Started process (PID=27583) to work on /usr/local/lib/python3.10/dist-packages/airflow/example_dags/example_params_trigger_ui.py
[2024-01-08T19:02:38.951+0300] {processor.py:830} INFO - Processing file /usr/local/lib/python3.10/dist-packages/airflow/example_dags/example_params_trigger_ui.py for tasks to queue
[2024-01-08T19:02:38.954+0300] {logging_mixin.py:188} INFO - [2024-01-08T19:02:38.953+0300] {dagbag.py:538} INFO - Filling up the DagBag from /usr/local/lib/python3.10/dist-packages/airflow/example_dags/example_params_trigger_ui.py
[2024-01-08T19:02:39.005+0300] {processor.py:840} INFO - DAG(s) 'example_params_trigger_ui' retrieved from /usr/local/lib/python3.10/dist-packages/airflow/example_dags/example_params_trigger_ui.py
[2024-01-08T19:02:39.255+0300] {logging_mixin.py:188} INFO - [2024-01-08T19:02:39.255+0300] {dag.py:3033} INFO - Sync 1 DAGs
[2024-01-08T19:02:39.314+0300] {logging_mixin.py:188} INFO - [2024-01-08T19:02:39.311+0300] {dag.py:3820} INFO - Setting next_dagrun for example_params_trigger_ui to None, run_after=None
[2024-01-08T19:02:39.380+0300] {processor.py:183} INFO - Processing /usr/local/lib/python3.10/dist-packages/airflow/example_dags/example_params_trigger_ui.py took 0.444 seconds
[2024-01-08T19:03:23.074+0300] {processor.py:161} INFO - Started process (PID=28007) to work on /usr/local/lib/python3.10/dist-packages/airflow/example_dags/example_params_trigger_ui.py
[2024-01-08T19:03:23.079+0300] {processor.py:830} INFO - Processing file /usr/local/lib/python3.10/dist-packages/airflow/example_dags/example_params_trigger_ui.py for tasks to queue
[2024-01-08T19:03:23.082+0300] {logging_mixin.py:188} INFO - [2024-01-08T19:03:23.081+0300] {dagbag.py:538} INFO - Filling up the DagBag from /usr/local/lib/python3.10/dist-packages/airflow/example_dags/example_params_trigger_ui.py
[2024-01-08T19:03:23.154+0300] {processor.py:840} INFO - DAG(s) 'example_params_trigger_ui' retrieved from /usr/local/lib/python3.10/dist-packages/airflow/example_dags/example_params_trigger_ui.py
[2024-01-08T19:03:23.479+0300] {logging_mixin.py:188} INFO - [2024-01-08T19:03:23.479+0300] {dag.py:3033} INFO - Sync 1 DAGs
[2024-01-08T19:03:23.555+0300] {logging_mixin.py:188} INFO - [2024-01-08T19:03:23.555+0300] {dag.py:3820} INFO - Setting next_dagrun for example_params_trigger_ui to None, run_after=None
[2024-01-08T19:03:23.675+0300] {processor.py:183} INFO - Processing /usr/local/lib/python3.10/dist-packages/airflow/example_dags/example_params_trigger_ui.py took 0.630 seconds
[2024-01-08T19:03:54.005+0300] {processor.py:161} INFO - Started process (PID=28389) to work on /usr/local/lib/python3.10/dist-packages/airflow/example_dags/example_params_trigger_ui.py
[2024-01-08T19:03:54.007+0300] {processor.py:830} INFO - Processing file /usr/local/lib/python3.10/dist-packages/airflow/example_dags/example_params_trigger_ui.py for tasks to queue
[2024-01-08T19:03:54.009+0300] {logging_mixin.py:188} INFO - [2024-01-08T19:03:54.008+0300] {dagbag.py:538} INFO - Filling up the DagBag from /usr/local/lib/python3.10/dist-packages/airflow/example_dags/example_params_trigger_ui.py
[2024-01-08T19:03:54.060+0300] {processor.py:840} INFO - DAG(s) 'example_params_trigger_ui' retrieved from /usr/local/lib/python3.10/dist-packages/airflow/example_dags/example_params_trigger_ui.py
[2024-01-08T19:03:54.326+0300] {logging_mixin.py:188} INFO - [2024-01-08T19:03:54.325+0300] {dag.py:3033} INFO - Sync 1 DAGs
[2024-01-08T19:03:54.374+0300] {logging_mixin.py:188} INFO - [2024-01-08T19:03:54.373+0300] {dag.py:3820} INFO - Setting next_dagrun for example_params_trigger_ui to None, run_after=None
[2024-01-08T19:03:54.439+0300] {processor.py:183} INFO - Processing /usr/local/lib/python3.10/dist-packages/airflow/example_dags/example_params_trigger_ui.py took 0.447 seconds
[2024-01-08T19:04:24.865+0300] {processor.py:161} INFO - Started process (PID=28750) to work on /usr/local/lib/python3.10/dist-packages/airflow/example_dags/example_params_trigger_ui.py
[2024-01-08T19:04:24.867+0300] {processor.py:830} INFO - Processing file /usr/local/lib/python3.10/dist-packages/airflow/example_dags/example_params_trigger_ui.py for tasks to queue
[2024-01-08T19:04:24.869+0300] {logging_mixin.py:188} INFO - [2024-01-08T19:04:24.868+0300] {dagbag.py:538} INFO - Filling up the DagBag from /usr/local/lib/python3.10/dist-packages/airflow/example_dags/example_params_trigger_ui.py
[2024-01-08T19:04:24.901+0300] {processor.py:840} INFO - DAG(s) 'example_params_trigger_ui' retrieved from /usr/local/lib/python3.10/dist-packages/airflow/example_dags/example_params_trigger_ui.py
[2024-01-08T19:04:25.135+0300] {logging_mixin.py:188} INFO - [2024-01-08T19:04:25.134+0300] {dag.py:3033} INFO - Sync 1 DAGs
[2024-01-08T19:04:25.191+0300] {logging_mixin.py:188} INFO - [2024-01-08T19:04:25.190+0300] {dag.py:3820} INFO - Setting next_dagrun for example_params_trigger_ui to None, run_after=None
[2024-01-08T19:04:25.242+0300] {processor.py:183} INFO - Processing /usr/local/lib/python3.10/dist-packages/airflow/example_dags/example_params_trigger_ui.py took 0.394 seconds
[2024-01-08T19:04:59.936+0300] {processor.py:161} INFO - Started process (PID=29200) to work on /usr/local/lib/python3.10/dist-packages/airflow/example_dags/example_params_trigger_ui.py
[2024-01-08T19:04:59.942+0300] {processor.py:830} INFO - Processing file /usr/local/lib/python3.10/dist-packages/airflow/example_dags/example_params_trigger_ui.py for tasks to queue
[2024-01-08T19:04:59.944+0300] {logging_mixin.py:188} INFO - [2024-01-08T19:04:59.943+0300] {dagbag.py:538} INFO - Filling up the DagBag from /usr/local/lib/python3.10/dist-packages/airflow/example_dags/example_params_trigger_ui.py
[2024-01-08T19:05:00.013+0300] {processor.py:840} INFO - DAG(s) 'example_params_trigger_ui' retrieved from /usr/local/lib/python3.10/dist-packages/airflow/example_dags/example_params_trigger_ui.py
[2024-01-08T19:05:00.563+0300] {logging_mixin.py:188} INFO - [2024-01-08T19:05:00.563+0300] {dag.py:3033} INFO - Sync 1 DAGs
[2024-01-08T19:05:00.595+0300] {logging_mixin.py:188} INFO - [2024-01-08T19:05:00.595+0300] {dag.py:3820} INFO - Setting next_dagrun for example_params_trigger_ui to None, run_after=None
[2024-01-08T19:05:00.683+0300] {processor.py:183} INFO - Processing /usr/local/lib/python3.10/dist-packages/airflow/example_dags/example_params_trigger_ui.py took 0.776 seconds
[2024-01-08T19:05:37.502+0300] {processor.py:161} INFO - Started process (PID=29640) to work on /usr/local/lib/python3.10/dist-packages/airflow/example_dags/example_params_trigger_ui.py
[2024-01-08T19:05:37.516+0300] {processor.py:830} INFO - Processing file /usr/local/lib/python3.10/dist-packages/airflow/example_dags/example_params_trigger_ui.py for tasks to queue
[2024-01-08T19:05:37.519+0300] {logging_mixin.py:188} INFO - [2024-01-08T19:05:37.518+0300] {dagbag.py:538} INFO - Filling up the DagBag from /usr/local/lib/python3.10/dist-packages/airflow/example_dags/example_params_trigger_ui.py
[2024-01-08T19:05:37.660+0300] {processor.py:840} INFO - DAG(s) 'example_params_trigger_ui' retrieved from /usr/local/lib/python3.10/dist-packages/airflow/example_dags/example_params_trigger_ui.py
[2024-01-08T19:05:38.316+0300] {logging_mixin.py:188} INFO - [2024-01-08T19:05:38.316+0300] {dag.py:3033} INFO - Sync 1 DAGs
[2024-01-08T19:05:38.583+0300] {logging_mixin.py:188} INFO - [2024-01-08T19:05:38.567+0300] {dag.py:3820} INFO - Setting next_dagrun for example_params_trigger_ui to None, run_after=None
[2024-01-08T19:05:38.804+0300] {processor.py:183} INFO - Processing /usr/local/lib/python3.10/dist-packages/airflow/example_dags/example_params_trigger_ui.py took 1.338 seconds
[2024-01-08T19:06:10.360+0300] {processor.py:161} INFO - Started process (PID=30009) to work on /usr/local/lib/python3.10/dist-packages/airflow/example_dags/example_params_trigger_ui.py
[2024-01-08T19:06:10.391+0300] {processor.py:830} INFO - Processing file /usr/local/lib/python3.10/dist-packages/airflow/example_dags/example_params_trigger_ui.py for tasks to queue
[2024-01-08T19:06:10.394+0300] {logging_mixin.py:188} INFO - [2024-01-08T19:06:10.393+0300] {dagbag.py:538} INFO - Filling up the DagBag from /usr/local/lib/python3.10/dist-packages/airflow/example_dags/example_params_trigger_ui.py
[2024-01-08T19:06:10.521+0300] {processor.py:840} INFO - DAG(s) 'example_params_trigger_ui' retrieved from /usr/local/lib/python3.10/dist-packages/airflow/example_dags/example_params_trigger_ui.py
[2024-01-08T19:06:10.854+0300] {logging_mixin.py:188} INFO - [2024-01-08T19:06:10.853+0300] {dag.py:3033} INFO - Sync 1 DAGs
[2024-01-08T19:06:10.903+0300] {logging_mixin.py:188} INFO - [2024-01-08T19:06:10.902+0300] {dag.py:3820} INFO - Setting next_dagrun for example_params_trigger_ui to None, run_after=None
[2024-01-08T19:06:10.992+0300] {processor.py:183} INFO - Processing /usr/local/lib/python3.10/dist-packages/airflow/example_dags/example_params_trigger_ui.py took 0.659 seconds
[2024-01-08T19:07:01.819+0300] {processor.py:161} INFO - Started process (PID=30505) to work on /usr/local/lib/python3.10/dist-packages/airflow/example_dags/example_params_trigger_ui.py
[2024-01-08T19:07:01.858+0300] {processor.py:830} INFO - Processing file /usr/local/lib/python3.10/dist-packages/airflow/example_dags/example_params_trigger_ui.py for tasks to queue
[2024-01-08T19:07:01.861+0300] {logging_mixin.py:188} INFO - [2024-01-08T19:07:01.860+0300] {dagbag.py:538} INFO - Filling up the DagBag from /usr/local/lib/python3.10/dist-packages/airflow/example_dags/example_params_trigger_ui.py
[2024-01-08T19:07:02.058+0300] {processor.py:840} INFO - DAG(s) 'example_params_trigger_ui' retrieved from /usr/local/lib/python3.10/dist-packages/airflow/example_dags/example_params_trigger_ui.py
[2024-01-08T19:07:03.924+0300] {logging_mixin.py:188} INFO - [2024-01-08T19:07:03.923+0300] {dag.py:3033} INFO - Sync 1 DAGs
[2024-01-08T19:07:04.551+0300] {logging_mixin.py:188} INFO - [2024-01-08T19:07:04.551+0300] {dag.py:3820} INFO - Setting next_dagrun for example_params_trigger_ui to None, run_after=None
[2024-01-08T19:07:05.296+0300] {processor.py:183} INFO - Processing /usr/local/lib/python3.10/dist-packages/airflow/example_dags/example_params_trigger_ui.py took 3.563 seconds
[2024-01-08T19:07:35.988+0300] {processor.py:161} INFO - Started process (PID=30889) to work on /usr/local/lib/python3.10/dist-packages/airflow/example_dags/example_params_trigger_ui.py
[2024-01-08T19:07:36.016+0300] {processor.py:830} INFO - Processing file /usr/local/lib/python3.10/dist-packages/airflow/example_dags/example_params_trigger_ui.py for tasks to queue
[2024-01-08T19:07:36.017+0300] {logging_mixin.py:188} INFO - [2024-01-08T19:07:36.017+0300] {dagbag.py:538} INFO - Filling up the DagBag from /usr/local/lib/python3.10/dist-packages/airflow/example_dags/example_params_trigger_ui.py
[2024-01-08T19:07:36.331+0300] {processor.py:840} INFO - DAG(s) 'example_params_trigger_ui' retrieved from /usr/local/lib/python3.10/dist-packages/airflow/example_dags/example_params_trigger_ui.py
[2024-01-08T19:07:37.491+0300] {logging_mixin.py:188} INFO - [2024-01-08T19:07:37.491+0300] {dag.py:3033} INFO - Sync 1 DAGs
[2024-01-08T19:07:37.799+0300] {logging_mixin.py:188} INFO - [2024-01-08T19:07:37.781+0300] {dag.py:3820} INFO - Setting next_dagrun for example_params_trigger_ui to None, run_after=None
[2024-01-08T19:07:38.208+0300] {processor.py:183} INFO - Processing /usr/local/lib/python3.10/dist-packages/airflow/example_dags/example_params_trigger_ui.py took 2.297 seconds
[2024-01-08T19:08:08.475+0300] {processor.py:161} INFO - Started process (PID=31266) to work on /usr/local/lib/python3.10/dist-packages/airflow/example_dags/example_params_trigger_ui.py
[2024-01-08T19:08:08.478+0300] {processor.py:830} INFO - Processing file /usr/local/lib/python3.10/dist-packages/airflow/example_dags/example_params_trigger_ui.py for tasks to queue
[2024-01-08T19:08:08.480+0300] {logging_mixin.py:188} INFO - [2024-01-08T19:08:08.479+0300] {dagbag.py:538} INFO - Filling up the DagBag from /usr/local/lib/python3.10/dist-packages/airflow/example_dags/example_params_trigger_ui.py
[2024-01-08T19:08:08.528+0300] {processor.py:840} INFO - DAG(s) 'example_params_trigger_ui' retrieved from /usr/local/lib/python3.10/dist-packages/airflow/example_dags/example_params_trigger_ui.py
[2024-01-08T19:08:08.681+0300] {logging_mixin.py:188} INFO - [2024-01-08T19:08:08.680+0300] {dag.py:3033} INFO - Sync 1 DAGs
[2024-01-08T19:08:08.716+0300] {logging_mixin.py:188} INFO - [2024-01-08T19:08:08.716+0300] {dag.py:3820} INFO - Setting next_dagrun for example_params_trigger_ui to None, run_after=None
[2024-01-08T19:08:08.787+0300] {processor.py:183} INFO - Processing /usr/local/lib/python3.10/dist-packages/airflow/example_dags/example_params_trigger_ui.py took 0.335 seconds
[2024-01-08T19:08:38.867+0300] {processor.py:161} INFO - Started process (PID=31582) to work on /usr/local/lib/python3.10/dist-packages/airflow/example_dags/example_params_trigger_ui.py
[2024-01-08T19:08:38.870+0300] {processor.py:830} INFO - Processing file /usr/local/lib/python3.10/dist-packages/airflow/example_dags/example_params_trigger_ui.py for tasks to queue
[2024-01-08T19:08:38.871+0300] {logging_mixin.py:188} INFO - [2024-01-08T19:08:38.871+0300] {dagbag.py:538} INFO - Filling up the DagBag from /usr/local/lib/python3.10/dist-packages/airflow/example_dags/example_params_trigger_ui.py
[2024-01-08T19:08:38.905+0300] {processor.py:840} INFO - DAG(s) 'example_params_trigger_ui' retrieved from /usr/local/lib/python3.10/dist-packages/airflow/example_dags/example_params_trigger_ui.py
[2024-01-08T19:08:39.054+0300] {logging_mixin.py:188} INFO - [2024-01-08T19:08:39.054+0300] {dag.py:3033} INFO - Sync 1 DAGs
[2024-01-08T19:08:39.085+0300] {logging_mixin.py:188} INFO - [2024-01-08T19:08:39.084+0300] {dag.py:3820} INFO - Setting next_dagrun for example_params_trigger_ui to None, run_after=None
[2024-01-08T19:08:39.132+0300] {processor.py:183} INFO - Processing /usr/local/lib/python3.10/dist-packages/airflow/example_dags/example_params_trigger_ui.py took 0.275 seconds
[2024-01-08T19:09:09.778+0300] {processor.py:161} INFO - Started process (PID=31961) to work on /usr/local/lib/python3.10/dist-packages/airflow/example_dags/example_params_trigger_ui.py
[2024-01-08T19:09:09.781+0300] {processor.py:830} INFO - Processing file /usr/local/lib/python3.10/dist-packages/airflow/example_dags/example_params_trigger_ui.py for tasks to queue
[2024-01-08T19:09:09.783+0300] {logging_mixin.py:188} INFO - [2024-01-08T19:09:09.782+0300] {dagbag.py:538} INFO - Filling up the DagBag from /usr/local/lib/python3.10/dist-packages/airflow/example_dags/example_params_trigger_ui.py
[2024-01-08T19:09:09.839+0300] {processor.py:840} INFO - DAG(s) 'example_params_trigger_ui' retrieved from /usr/local/lib/python3.10/dist-packages/airflow/example_dags/example_params_trigger_ui.py
[2024-01-08T19:09:10.012+0300] {logging_mixin.py:188} INFO - [2024-01-08T19:09:10.012+0300] {dag.py:3033} INFO - Sync 1 DAGs
[2024-01-08T19:09:10.039+0300] {logging_mixin.py:188} INFO - [2024-01-08T19:09:10.039+0300] {dag.py:3820} INFO - Setting next_dagrun for example_params_trigger_ui to None, run_after=None
[2024-01-08T19:09:10.079+0300] {processor.py:183} INFO - Processing /usr/local/lib/python3.10/dist-packages/airflow/example_dags/example_params_trigger_ui.py took 0.314 seconds
[2024-01-08T19:09:43.547+0300] {processor.py:161} INFO - Started process (PID=32340) to work on /usr/local/lib/python3.10/dist-packages/airflow/example_dags/example_params_trigger_ui.py
[2024-01-08T19:09:43.551+0300] {processor.py:830} INFO - Processing file /usr/local/lib/python3.10/dist-packages/airflow/example_dags/example_params_trigger_ui.py for tasks to queue
[2024-01-08T19:09:43.554+0300] {logging_mixin.py:188} INFO - [2024-01-08T19:09:43.553+0300] {dagbag.py:538} INFO - Filling up the DagBag from /usr/local/lib/python3.10/dist-packages/airflow/example_dags/example_params_trigger_ui.py
[2024-01-08T19:09:43.601+0300] {processor.py:840} INFO - DAG(s) 'example_params_trigger_ui' retrieved from /usr/local/lib/python3.10/dist-packages/airflow/example_dags/example_params_trigger_ui.py
[2024-01-08T19:09:43.757+0300] {logging_mixin.py:188} INFO - [2024-01-08T19:09:43.757+0300] {dag.py:3033} INFO - Sync 1 DAGs
[2024-01-08T19:09:43.792+0300] {logging_mixin.py:188} INFO - [2024-01-08T19:09:43.791+0300] {dag.py:3820} INFO - Setting next_dagrun for example_params_trigger_ui to None, run_after=None
[2024-01-08T19:09:43.843+0300] {processor.py:183} INFO - Processing /usr/local/lib/python3.10/dist-packages/airflow/example_dags/example_params_trigger_ui.py took 0.309 seconds
[2024-01-08T19:10:19.006+0300] {processor.py:161} INFO - Started process (PID=32686) to work on /usr/local/lib/python3.10/dist-packages/airflow/example_dags/example_params_trigger_ui.py
[2024-01-08T19:10:19.033+0300] {processor.py:830} INFO - Processing file /usr/local/lib/python3.10/dist-packages/airflow/example_dags/example_params_trigger_ui.py for tasks to queue
[2024-01-08T19:10:19.064+0300] {logging_mixin.py:188} INFO - [2024-01-08T19:10:19.063+0300] {dagbag.py:538} INFO - Filling up the DagBag from /usr/local/lib/python3.10/dist-packages/airflow/example_dags/example_params_trigger_ui.py
[2024-01-08T19:10:19.706+0300] {processor.py:840} INFO - DAG(s) 'example_params_trigger_ui' retrieved from /usr/local/lib/python3.10/dist-packages/airflow/example_dags/example_params_trigger_ui.py
[2024-01-08T19:10:20.767+0300] {logging_mixin.py:188} INFO - [2024-01-08T19:10:20.767+0300] {dag.py:3033} INFO - Sync 1 DAGs
[2024-01-08T19:10:21.044+0300] {logging_mixin.py:188} INFO - [2024-01-08T19:10:21.043+0300] {dag.py:3820} INFO - Setting next_dagrun for example_params_trigger_ui to None, run_after=None
[2024-01-08T19:10:21.274+0300] {processor.py:183} INFO - Processing /usr/local/lib/python3.10/dist-packages/airflow/example_dags/example_params_trigger_ui.py took 2.322 seconds
[2024-01-08T19:11:13.700+0300] {processor.py:161} INFO - Started process (PID=33231) to work on /usr/local/lib/python3.10/dist-packages/airflow/example_dags/example_params_trigger_ui.py
[2024-01-08T19:11:13.703+0300] {processor.py:830} INFO - Processing file /usr/local/lib/python3.10/dist-packages/airflow/example_dags/example_params_trigger_ui.py for tasks to queue
[2024-01-08T19:11:13.705+0300] {logging_mixin.py:188} INFO - [2024-01-08T19:11:13.704+0300] {dagbag.py:538} INFO - Filling up the DagBag from /usr/local/lib/python3.10/dist-packages/airflow/example_dags/example_params_trigger_ui.py
[2024-01-08T19:11:13.798+0300] {processor.py:840} INFO - DAG(s) 'example_params_trigger_ui' retrieved from /usr/local/lib/python3.10/dist-packages/airflow/example_dags/example_params_trigger_ui.py
[2024-01-08T19:11:14.009+0300] {logging_mixin.py:188} INFO - [2024-01-08T19:11:14.008+0300] {dag.py:3033} INFO - Sync 1 DAGs
[2024-01-08T19:11:14.069+0300] {logging_mixin.py:188} INFO - [2024-01-08T19:11:14.069+0300] {dag.py:3820} INFO - Setting next_dagrun for example_params_trigger_ui to None, run_after=None
[2024-01-08T19:11:14.176+0300] {processor.py:183} INFO - Processing /usr/local/lib/python3.10/dist-packages/airflow/example_dags/example_params_trigger_ui.py took 0.492 seconds
[2024-01-08T19:12:02.141+0300] {processor.py:161} INFO - Started process (PID=33708) to work on /usr/local/lib/python3.10/dist-packages/airflow/example_dags/example_params_trigger_ui.py
[2024-01-08T19:12:02.144+0300] {processor.py:830} INFO - Processing file /usr/local/lib/python3.10/dist-packages/airflow/example_dags/example_params_trigger_ui.py for tasks to queue
[2024-01-08T19:12:02.147+0300] {logging_mixin.py:188} INFO - [2024-01-08T19:12:02.146+0300] {dagbag.py:538} INFO - Filling up the DagBag from /usr/local/lib/python3.10/dist-packages/airflow/example_dags/example_params_trigger_ui.py
[2024-01-08T19:12:02.199+0300] {processor.py:840} INFO - DAG(s) 'example_params_trigger_ui' retrieved from /usr/local/lib/python3.10/dist-packages/airflow/example_dags/example_params_trigger_ui.py
[2024-01-08T19:12:02.394+0300] {logging_mixin.py:188} INFO - [2024-01-08T19:12:02.393+0300] {dag.py:3033} INFO - Sync 1 DAGs
[2024-01-08T19:12:02.451+0300] {logging_mixin.py:188} INFO - [2024-01-08T19:12:02.450+0300] {dag.py:3820} INFO - Setting next_dagrun for example_params_trigger_ui to None, run_after=None
[2024-01-08T19:12:02.542+0300] {processor.py:183} INFO - Processing /usr/local/lib/python3.10/dist-packages/airflow/example_dags/example_params_trigger_ui.py took 0.420 seconds
