[2024-01-08T17:37:16.321+0300] {processor.py:161} INFO - Started process (PID=5491) to work on /usr/local/lib/python3.10/dist-packages/airflow/example_dags/example_xcomargs.py
[2024-01-08T17:37:16.324+0300] {processor.py:830} INFO - Processing file /usr/local/lib/python3.10/dist-packages/airflow/example_dags/example_xcomargs.py for tasks to queue
[2024-01-08T17:37:16.334+0300] {logging_mixin.py:188} INFO - [2024-01-08T17:37:16.329+0300] {dagbag.py:538} INFO - Filling up the DagBag from /usr/local/lib/python3.10/dist-packages/airflow/example_dags/example_xcomargs.py
[2024-01-08T17:37:16.390+0300] {processor.py:840} INFO - DAG(s) 'example_xcom_args_with_operators', 'example_xcom_args' retrieved from /usr/local/lib/python3.10/dist-packages/airflow/example_dags/example_xcomargs.py
[2024-01-08T17:37:16.528+0300] {logging_mixin.py:188} INFO - [2024-01-08T17:37:16.528+0300] {dag.py:3033} INFO - Sync 2 DAGs
[2024-01-08T17:37:16.579+0300] {logging_mixin.py:188} INFO - [2024-01-08T17:37:16.578+0300] {dag.py:3820} INFO - Setting next_dagrun for example_xcom_args to None, run_after=None
[2024-01-08T17:37:16.587+0300] {logging_mixin.py:188} INFO - [2024-01-08T17:37:16.586+0300] {dag.py:3820} INFO - Setting next_dagrun for example_xcom_args_with_operators to None, run_after=None
[2024-01-08T17:37:16.635+0300] {processor.py:183} INFO - Processing /usr/local/lib/python3.10/dist-packages/airflow/example_dags/example_xcomargs.py took 0.334 seconds
[2024-01-08T17:37:47.169+0300] {processor.py:161} INFO - Started process (PID=5840) to work on /usr/local/lib/python3.10/dist-packages/airflow/example_dags/example_xcomargs.py
[2024-01-08T17:37:47.173+0300] {processor.py:830} INFO - Processing file /usr/local/lib/python3.10/dist-packages/airflow/example_dags/example_xcomargs.py for tasks to queue
[2024-01-08T17:37:47.176+0300] {logging_mixin.py:188} INFO - [2024-01-08T17:37:47.176+0300] {dagbag.py:538} INFO - Filling up the DagBag from /usr/local/lib/python3.10/dist-packages/airflow/example_dags/example_xcomargs.py
[2024-01-08T17:37:47.221+0300] {processor.py:840} INFO - DAG(s) 'example_xcom_args_with_operators', 'example_xcom_args' retrieved from /usr/local/lib/python3.10/dist-packages/airflow/example_dags/example_xcomargs.py
[2024-01-08T17:37:47.332+0300] {logging_mixin.py:188} INFO - [2024-01-08T17:37:47.332+0300] {dag.py:3033} INFO - Sync 2 DAGs
[2024-01-08T17:37:47.366+0300] {logging_mixin.py:188} INFO - [2024-01-08T17:37:47.366+0300] {dag.py:3820} INFO - Setting next_dagrun for example_xcom_args to None, run_after=None
[2024-01-08T17:37:47.377+0300] {logging_mixin.py:188} INFO - [2024-01-08T17:37:47.376+0300] {dag.py:3820} INFO - Setting next_dagrun for example_xcom_args_with_operators to None, run_after=None
[2024-01-08T17:37:47.426+0300] {processor.py:183} INFO - Processing /usr/local/lib/python3.10/dist-packages/airflow/example_dags/example_xcomargs.py took 0.279 seconds
[2024-01-08T17:38:17.717+0300] {processor.py:161} INFO - Started process (PID=6151) to work on /usr/local/lib/python3.10/dist-packages/airflow/example_dags/example_xcomargs.py
[2024-01-08T17:38:17.721+0300] {processor.py:830} INFO - Processing file /usr/local/lib/python3.10/dist-packages/airflow/example_dags/example_xcomargs.py for tasks to queue
[2024-01-08T17:38:17.723+0300] {logging_mixin.py:188} INFO - [2024-01-08T17:38:17.722+0300] {dagbag.py:538} INFO - Filling up the DagBag from /usr/local/lib/python3.10/dist-packages/airflow/example_dags/example_xcomargs.py
[2024-01-08T17:38:17.746+0300] {processor.py:840} INFO - DAG(s) 'example_xcom_args_with_operators', 'example_xcom_args' retrieved from /usr/local/lib/python3.10/dist-packages/airflow/example_dags/example_xcomargs.py
[2024-01-08T17:38:17.929+0300] {logging_mixin.py:188} INFO - [2024-01-08T17:38:17.928+0300] {dag.py:3033} INFO - Sync 2 DAGs
[2024-01-08T17:38:17.971+0300] {logging_mixin.py:188} INFO - [2024-01-08T17:38:17.969+0300] {dag.py:3820} INFO - Setting next_dagrun for example_xcom_args to None, run_after=None
[2024-01-08T17:38:17.992+0300] {logging_mixin.py:188} INFO - [2024-01-08T17:38:17.991+0300] {dag.py:3820} INFO - Setting next_dagrun for example_xcom_args_with_operators to None, run_after=None
[2024-01-08T17:38:18.041+0300] {processor.py:183} INFO - Processing /usr/local/lib/python3.10/dist-packages/airflow/example_dags/example_xcomargs.py took 0.337 seconds
[2024-01-08T18:15:19.243+0300] {processor.py:161} INFO - Started process (PID=7428) to work on /usr/local/lib/python3.10/dist-packages/airflow/example_dags/example_xcomargs.py
[2024-01-08T18:15:19.246+0300] {processor.py:830} INFO - Processing file /usr/local/lib/python3.10/dist-packages/airflow/example_dags/example_xcomargs.py for tasks to queue
[2024-01-08T18:15:19.249+0300] {logging_mixin.py:188} INFO - [2024-01-08T18:15:19.248+0300] {dagbag.py:538} INFO - Filling up the DagBag from /usr/local/lib/python3.10/dist-packages/airflow/example_dags/example_xcomargs.py
[2024-01-08T18:15:19.285+0300] {processor.py:840} INFO - DAG(s) 'example_xcom_args_with_operators', 'example_xcom_args' retrieved from /usr/local/lib/python3.10/dist-packages/airflow/example_dags/example_xcomargs.py
[2024-01-08T18:15:19.426+0300] {logging_mixin.py:188} INFO - [2024-01-08T18:15:19.425+0300] {dag.py:3033} INFO - Sync 2 DAGs
[2024-01-08T18:15:19.458+0300] {logging_mixin.py:188} INFO - [2024-01-08T18:15:19.455+0300] {dag.py:3820} INFO - Setting next_dagrun for example_xcom_args to None, run_after=None
[2024-01-08T18:15:19.476+0300] {logging_mixin.py:188} INFO - [2024-01-08T18:15:19.476+0300] {dag.py:3820} INFO - Setting next_dagrun for example_xcom_args_with_operators to None, run_after=None
[2024-01-08T18:15:19.532+0300] {processor.py:183} INFO - Processing /usr/local/lib/python3.10/dist-packages/airflow/example_dags/example_xcomargs.py took 0.302 seconds
[2024-01-08T18:15:51.409+0300] {processor.py:161} INFO - Started process (PID=7768) to work on /usr/local/lib/python3.10/dist-packages/airflow/example_dags/example_xcomargs.py
[2024-01-08T18:15:51.416+0300] {processor.py:830} INFO - Processing file /usr/local/lib/python3.10/dist-packages/airflow/example_dags/example_xcomargs.py for tasks to queue
[2024-01-08T18:15:51.418+0300] {logging_mixin.py:188} INFO - [2024-01-08T18:15:51.418+0300] {dagbag.py:538} INFO - Filling up the DagBag from /usr/local/lib/python3.10/dist-packages/airflow/example_dags/example_xcomargs.py
[2024-01-08T18:15:51.461+0300] {processor.py:840} INFO - DAG(s) 'example_xcom_args_with_operators', 'example_xcom_args' retrieved from /usr/local/lib/python3.10/dist-packages/airflow/example_dags/example_xcomargs.py
[2024-01-08T18:15:51.615+0300] {logging_mixin.py:188} INFO - [2024-01-08T18:15:51.614+0300] {dag.py:3033} INFO - Sync 2 DAGs
[2024-01-08T18:15:51.651+0300] {logging_mixin.py:188} INFO - [2024-01-08T18:15:51.651+0300] {dag.py:3820} INFO - Setting next_dagrun for example_xcom_args to None, run_after=None
[2024-01-08T18:15:51.666+0300] {logging_mixin.py:188} INFO - [2024-01-08T18:15:51.665+0300] {dag.py:3820} INFO - Setting next_dagrun for example_xcom_args_with_operators to None, run_after=None
[2024-01-08T18:15:51.728+0300] {processor.py:183} INFO - Processing /usr/local/lib/python3.10/dist-packages/airflow/example_dags/example_xcomargs.py took 0.343 seconds
[2024-01-08T18:28:28.845+0300] {processor.py:161} INFO - Started process (PID=8470) to work on /usr/local/lib/python3.10/dist-packages/airflow/example_dags/example_xcomargs.py
[2024-01-08T18:28:29.058+0300] {processor.py:830} INFO - Processing file /usr/local/lib/python3.10/dist-packages/airflow/example_dags/example_xcomargs.py for tasks to queue
[2024-01-08T18:28:29.129+0300] {logging_mixin.py:188} INFO - [2024-01-08T18:28:29.128+0300] {dagbag.py:538} INFO - Filling up the DagBag from /usr/local/lib/python3.10/dist-packages/airflow/example_dags/example_xcomargs.py
[2024-01-08T18:28:29.665+0300] {processor.py:840} INFO - DAG(s) 'example_xcom_args_with_operators', 'example_xcom_args' retrieved from /usr/local/lib/python3.10/dist-packages/airflow/example_dags/example_xcomargs.py
[2024-01-08T18:28:31.061+0300] {logging_mixin.py:188} INFO - [2024-01-08T18:28:31.060+0300] {dag.py:3033} INFO - Sync 2 DAGs
[2024-01-08T18:28:31.707+0300] {logging_mixin.py:188} INFO - [2024-01-08T18:28:31.706+0300] {dag.py:3820} INFO - Setting next_dagrun for example_xcom_args to None, run_after=None
[2024-01-08T18:28:31.954+0300] {logging_mixin.py:188} INFO - [2024-01-08T18:28:31.933+0300] {dag.py:3820} INFO - Setting next_dagrun for example_xcom_args_with_operators to None, run_after=None
[2024-01-08T18:28:32.916+0300] {processor.py:183} INFO - Processing /usr/local/lib/python3.10/dist-packages/airflow/example_dags/example_xcomargs.py took 4.532 seconds
[2024-01-08T18:32:23.452+0300] {processor.py:161} INFO - Started process (PID=9749) to work on /usr/local/lib/python3.10/dist-packages/airflow/example_dags/example_xcomargs.py
[2024-01-08T18:32:23.497+0300] {processor.py:830} INFO - Processing file /usr/local/lib/python3.10/dist-packages/airflow/example_dags/example_xcomargs.py for tasks to queue
[2024-01-08T18:32:23.498+0300] {logging_mixin.py:188} INFO - [2024-01-08T18:32:23.498+0300] {dagbag.py:538} INFO - Filling up the DagBag from /usr/local/lib/python3.10/dist-packages/airflow/example_dags/example_xcomargs.py
[2024-01-08T18:32:24.430+0300] {processor.py:840} INFO - DAG(s) 'example_xcom_args_with_operators', 'example_xcom_args' retrieved from /usr/local/lib/python3.10/dist-packages/airflow/example_dags/example_xcomargs.py
[2024-01-08T18:32:26.870+0300] {logging_mixin.py:188} INFO - [2024-01-08T18:32:26.869+0300] {dag.py:3033} INFO - Sync 2 DAGs
[2024-01-08T18:32:28.682+0300] {logging_mixin.py:188} INFO - [2024-01-08T18:32:28.682+0300] {dag.py:3820} INFO - Setting next_dagrun for example_xcom_args to None, run_after=None
[2024-01-08T18:32:28.902+0300] {logging_mixin.py:188} INFO - [2024-01-08T18:32:28.902+0300] {dag.py:3820} INFO - Setting next_dagrun for example_xcom_args_with_operators to None, run_after=None
[2024-01-08T18:32:30.688+0300] {processor.py:183} INFO - Processing /usr/local/lib/python3.10/dist-packages/airflow/example_dags/example_xcomargs.py took 7.677 seconds
[2024-01-08T18:35:01.979+0300] {processor.py:161} INFO - Started process (PID=10792) to work on /usr/local/lib/python3.10/dist-packages/airflow/example_dags/example_xcomargs.py
[2024-01-08T18:35:02.231+0300] {processor.py:830} INFO - Processing file /usr/local/lib/python3.10/dist-packages/airflow/example_dags/example_xcomargs.py for tasks to queue
[2024-01-08T18:35:02.337+0300] {logging_mixin.py:188} INFO - [2024-01-08T18:35:02.232+0300] {dagbag.py:538} INFO - Filling up the DagBag from /usr/local/lib/python3.10/dist-packages/airflow/example_dags/example_xcomargs.py
[2024-01-08T18:35:02.947+0300] {processor.py:840} INFO - DAG(s) 'example_xcom_args_with_operators', 'example_xcom_args' retrieved from /usr/local/lib/python3.10/dist-packages/airflow/example_dags/example_xcomargs.py
[2024-01-08T18:35:07.777+0300] {logging_mixin.py:188} INFO - [2024-01-08T18:35:07.776+0300] {dag.py:3033} INFO - Sync 2 DAGs
[2024-01-08T18:35:10.471+0300] {logging_mixin.py:188} INFO - [2024-01-08T18:35:10.470+0300] {dag.py:3820} INFO - Setting next_dagrun for example_xcom_args to None, run_after=None
[2024-01-08T18:35:10.776+0300] {logging_mixin.py:188} INFO - [2024-01-08T18:35:10.775+0300] {dag.py:3820} INFO - Setting next_dagrun for example_xcom_args_with_operators to None, run_after=None
[2024-01-08T18:35:13.778+0300] {processor.py:183} INFO - Processing /usr/local/lib/python3.10/dist-packages/airflow/example_dags/example_xcomargs.py took 12.023 seconds
[2024-01-08T18:37:39.343+0300] {processor.py:161} INFO - Started process (PID=11797) to work on /usr/local/lib/python3.10/dist-packages/airflow/example_dags/example_xcomargs.py
[2024-01-08T18:37:39.353+0300] {processor.py:830} INFO - Processing file /usr/local/lib/python3.10/dist-packages/airflow/example_dags/example_xcomargs.py for tasks to queue
[2024-01-08T18:37:39.355+0300] {logging_mixin.py:188} INFO - [2024-01-08T18:37:39.354+0300] {dagbag.py:538} INFO - Filling up the DagBag from /usr/local/lib/python3.10/dist-packages/airflow/example_dags/example_xcomargs.py
[2024-01-08T18:37:39.556+0300] {processor.py:840} INFO - DAG(s) 'example_xcom_args', 'example_xcom_args_with_operators' retrieved from /usr/local/lib/python3.10/dist-packages/airflow/example_dags/example_xcomargs.py
[2024-01-08T18:37:40.357+0300] {logging_mixin.py:188} INFO - [2024-01-08T18:37:40.356+0300] {dag.py:3033} INFO - Sync 2 DAGs
[2024-01-08T18:37:40.636+0300] {logging_mixin.py:188} INFO - [2024-01-08T18:37:40.635+0300] {dag.py:3820} INFO - Setting next_dagrun for example_xcom_args to None, run_after=None
[2024-01-08T18:37:40.742+0300] {logging_mixin.py:188} INFO - [2024-01-08T18:37:40.742+0300] {dag.py:3820} INFO - Setting next_dagrun for example_xcom_args_with_operators to None, run_after=None
[2024-01-08T18:37:40.971+0300] {processor.py:183} INFO - Processing /usr/local/lib/python3.10/dist-packages/airflow/example_dags/example_xcomargs.py took 1.709 seconds
[2024-01-08T18:38:56.980+0300] {processor.py:161} INFO - Started process (PID=12351) to work on /usr/local/lib/python3.10/dist-packages/airflow/example_dags/example_xcomargs.py
[2024-01-08T18:38:57.036+0300] {processor.py:830} INFO - Processing file /usr/local/lib/python3.10/dist-packages/airflow/example_dags/example_xcomargs.py for tasks to queue
[2024-01-08T18:38:57.059+0300] {logging_mixin.py:188} INFO - [2024-01-08T18:38:57.058+0300] {dagbag.py:538} INFO - Filling up the DagBag from /usr/local/lib/python3.10/dist-packages/airflow/example_dags/example_xcomargs.py
[2024-01-08T18:38:57.451+0300] {processor.py:840} INFO - DAG(s) 'example_xcom_args', 'example_xcom_args_with_operators' retrieved from /usr/local/lib/python3.10/dist-packages/airflow/example_dags/example_xcomargs.py
[2024-01-08T18:38:59.518+0300] {logging_mixin.py:188} INFO - [2024-01-08T18:38:59.518+0300] {dag.py:3033} INFO - Sync 2 DAGs
[2024-01-08T18:39:00.783+0300] {logging_mixin.py:188} INFO - [2024-01-08T18:39:00.475+0300] {dag.py:3820} INFO - Setting next_dagrun for example_xcom_args to None, run_after=None
[2024-01-08T18:39:00.969+0300] {logging_mixin.py:188} INFO - [2024-01-08T18:39:00.969+0300] {dag.py:3820} INFO - Setting next_dagrun for example_xcom_args_with_operators to None, run_after=None
[2024-01-08T18:39:01.771+0300] {processor.py:183} INFO - Processing /usr/local/lib/python3.10/dist-packages/airflow/example_dags/example_xcomargs.py took 4.975 seconds
[2024-01-08T18:40:45.143+0300] {processor.py:161} INFO - Started process (PID=12995) to work on /usr/local/lib/python3.10/dist-packages/airflow/example_dags/example_xcomargs.py
[2024-01-08T18:40:45.176+0300] {processor.py:830} INFO - Processing file /usr/local/lib/python3.10/dist-packages/airflow/example_dags/example_xcomargs.py for tasks to queue
[2024-01-08T18:40:45.190+0300] {logging_mixin.py:188} INFO - [2024-01-08T18:40:45.178+0300] {dagbag.py:538} INFO - Filling up the DagBag from /usr/local/lib/python3.10/dist-packages/airflow/example_dags/example_xcomargs.py
[2024-01-08T18:40:45.371+0300] {processor.py:840} INFO - DAG(s) 'example_xcom_args', 'example_xcom_args_with_operators' retrieved from /usr/local/lib/python3.10/dist-packages/airflow/example_dags/example_xcomargs.py
[2024-01-08T18:40:46.728+0300] {logging_mixin.py:188} INFO - [2024-01-08T18:40:46.727+0300] {dag.py:3033} INFO - Sync 2 DAGs
[2024-01-08T18:40:47.130+0300] {logging_mixin.py:188} INFO - [2024-01-08T18:40:47.130+0300] {dag.py:3820} INFO - Setting next_dagrun for example_xcom_args to None, run_after=None
[2024-01-08T18:40:47.331+0300] {logging_mixin.py:188} INFO - [2024-01-08T18:40:47.331+0300] {dag.py:3820} INFO - Setting next_dagrun for example_xcom_args_with_operators to None, run_after=None
[2024-01-08T18:40:47.698+0300] {processor.py:183} INFO - Processing /usr/local/lib/python3.10/dist-packages/airflow/example_dags/example_xcomargs.py took 2.752 seconds
[2024-01-08T18:41:39.282+0300] {processor.py:161} INFO - Started process (PID=13575) to work on /usr/local/lib/python3.10/dist-packages/airflow/example_dags/example_xcomargs.py
[2024-01-08T18:41:39.318+0300] {processor.py:830} INFO - Processing file /usr/local/lib/python3.10/dist-packages/airflow/example_dags/example_xcomargs.py for tasks to queue
[2024-01-08T18:41:39.412+0300] {logging_mixin.py:188} INFO - [2024-01-08T18:41:39.320+0300] {dagbag.py:538} INFO - Filling up the DagBag from /usr/local/lib/python3.10/dist-packages/airflow/example_dags/example_xcomargs.py
[2024-01-08T18:41:39.737+0300] {processor.py:840} INFO - DAG(s) 'example_xcom_args', 'example_xcom_args_with_operators' retrieved from /usr/local/lib/python3.10/dist-packages/airflow/example_dags/example_xcomargs.py
[2024-01-08T18:41:40.946+0300] {logging_mixin.py:188} INFO - [2024-01-08T18:41:40.946+0300] {dag.py:3033} INFO - Sync 2 DAGs
[2024-01-08T18:41:41.141+0300] {logging_mixin.py:188} INFO - [2024-01-08T18:41:41.141+0300] {dag.py:3820} INFO - Setting next_dagrun for example_xcom_args to None, run_after=None
[2024-01-08T18:41:41.253+0300] {logging_mixin.py:188} INFO - [2024-01-08T18:41:41.247+0300] {dag.py:3820} INFO - Setting next_dagrun for example_xcom_args_with_operators to None, run_after=None
[2024-01-08T18:41:41.746+0300] {processor.py:183} INFO - Processing /usr/local/lib/python3.10/dist-packages/airflow/example_dags/example_xcomargs.py took 2.626 seconds
[2024-01-08T18:42:16.671+0300] {processor.py:161} INFO - Started process (PID=14048) to work on /usr/local/lib/python3.10/dist-packages/airflow/example_dags/example_xcomargs.py
[2024-01-08T18:42:16.694+0300] {processor.py:830} INFO - Processing file /usr/local/lib/python3.10/dist-packages/airflow/example_dags/example_xcomargs.py for tasks to queue
[2024-01-08T18:42:16.707+0300] {logging_mixin.py:188} INFO - [2024-01-08T18:42:16.706+0300] {dagbag.py:538} INFO - Filling up the DagBag from /usr/local/lib/python3.10/dist-packages/airflow/example_dags/example_xcomargs.py
[2024-01-08T18:42:16.794+0300] {processor.py:840} INFO - DAG(s) 'example_xcom_args', 'example_xcom_args_with_operators' retrieved from /usr/local/lib/python3.10/dist-packages/airflow/example_dags/example_xcomargs.py
[2024-01-08T18:42:17.133+0300] {logging_mixin.py:188} INFO - [2024-01-08T18:42:17.133+0300] {dag.py:3033} INFO - Sync 2 DAGs
[2024-01-08T18:42:17.259+0300] {logging_mixin.py:188} INFO - [2024-01-08T18:42:17.259+0300] {dag.py:3820} INFO - Setting next_dagrun for example_xcom_args to None, run_after=None
[2024-01-08T18:42:17.279+0300] {logging_mixin.py:188} INFO - [2024-01-08T18:42:17.278+0300] {dag.py:3820} INFO - Setting next_dagrun for example_xcom_args_with_operators to None, run_after=None
[2024-01-08T18:42:17.396+0300] {processor.py:183} INFO - Processing /usr/local/lib/python3.10/dist-packages/airflow/example_dags/example_xcomargs.py took 0.745 seconds
[2024-01-08T18:43:01.979+0300] {processor.py:161} INFO - Started process (PID=14499) to work on /usr/local/lib/python3.10/dist-packages/airflow/example_dags/example_xcomargs.py
[2024-01-08T18:43:01.991+0300] {processor.py:830} INFO - Processing file /usr/local/lib/python3.10/dist-packages/airflow/example_dags/example_xcomargs.py for tasks to queue
[2024-01-08T18:43:01.995+0300] {logging_mixin.py:188} INFO - [2024-01-08T18:43:01.994+0300] {dagbag.py:538} INFO - Filling up the DagBag from /usr/local/lib/python3.10/dist-packages/airflow/example_dags/example_xcomargs.py
[2024-01-08T18:43:02.026+0300] {processor.py:840} INFO - DAG(s) 'example_xcom_args_with_operators', 'example_xcom_args' retrieved from /usr/local/lib/python3.10/dist-packages/airflow/example_dags/example_xcomargs.py
[2024-01-08T18:43:02.238+0300] {logging_mixin.py:188} INFO - [2024-01-08T18:43:02.234+0300] {dag.py:3033} INFO - Sync 2 DAGs
[2024-01-08T18:43:02.279+0300] {logging_mixin.py:188} INFO - [2024-01-08T18:43:02.279+0300] {dag.py:3820} INFO - Setting next_dagrun for example_xcom_args to None, run_after=None
[2024-01-08T18:43:02.310+0300] {logging_mixin.py:188} INFO - [2024-01-08T18:43:02.310+0300] {dag.py:3820} INFO - Setting next_dagrun for example_xcom_args_with_operators to None, run_after=None
[2024-01-08T18:43:02.442+0300] {processor.py:183} INFO - Processing /usr/local/lib/python3.10/dist-packages/airflow/example_dags/example_xcomargs.py took 0.477 seconds
[2024-01-08T18:43:32.998+0300] {processor.py:161} INFO - Started process (PID=14820) to work on /usr/local/lib/python3.10/dist-packages/airflow/example_dags/example_xcomargs.py
[2024-01-08T18:43:33.001+0300] {processor.py:830} INFO - Processing file /usr/local/lib/python3.10/dist-packages/airflow/example_dags/example_xcomargs.py for tasks to queue
[2024-01-08T18:43:33.003+0300] {logging_mixin.py:188} INFO - [2024-01-08T18:43:33.002+0300] {dagbag.py:538} INFO - Filling up the DagBag from /usr/local/lib/python3.10/dist-packages/airflow/example_dags/example_xcomargs.py
[2024-01-08T18:43:33.028+0300] {processor.py:840} INFO - DAG(s) 'example_xcom_args', 'example_xcom_args_with_operators' retrieved from /usr/local/lib/python3.10/dist-packages/airflow/example_dags/example_xcomargs.py
[2024-01-08T18:43:33.127+0300] {logging_mixin.py:188} INFO - [2024-01-08T18:43:33.126+0300] {dag.py:3033} INFO - Sync 2 DAGs
[2024-01-08T18:43:33.180+0300] {logging_mixin.py:188} INFO - [2024-01-08T18:43:33.180+0300] {dag.py:3820} INFO - Setting next_dagrun for example_xcom_args to None, run_after=None
[2024-01-08T18:43:33.194+0300] {logging_mixin.py:188} INFO - [2024-01-08T18:43:33.193+0300] {dag.py:3820} INFO - Setting next_dagrun for example_xcom_args_with_operators to None, run_after=None
[2024-01-08T18:43:33.282+0300] {processor.py:183} INFO - Processing /usr/local/lib/python3.10/dist-packages/airflow/example_dags/example_xcomargs.py took 0.293 seconds
[2024-01-08T18:44:04.218+0300] {processor.py:161} INFO - Started process (PID=15138) to work on /usr/local/lib/python3.10/dist-packages/airflow/example_dags/example_xcomargs.py
[2024-01-08T18:44:04.222+0300] {processor.py:830} INFO - Processing file /usr/local/lib/python3.10/dist-packages/airflow/example_dags/example_xcomargs.py for tasks to queue
[2024-01-08T18:44:04.225+0300] {logging_mixin.py:188} INFO - [2024-01-08T18:44:04.224+0300] {dagbag.py:538} INFO - Filling up the DagBag from /usr/local/lib/python3.10/dist-packages/airflow/example_dags/example_xcomargs.py
[2024-01-08T18:44:04.273+0300] {processor.py:840} INFO - DAG(s) 'example_xcom_args_with_operators', 'example_xcom_args' retrieved from /usr/local/lib/python3.10/dist-packages/airflow/example_dags/example_xcomargs.py
[2024-01-08T18:44:04.453+0300] {logging_mixin.py:188} INFO - [2024-01-08T18:44:04.453+0300] {dag.py:3033} INFO - Sync 2 DAGs
[2024-01-08T18:44:04.498+0300] {logging_mixin.py:188} INFO - [2024-01-08T18:44:04.498+0300] {dag.py:3820} INFO - Setting next_dagrun for example_xcom_args to None, run_after=None
[2024-01-08T18:44:04.510+0300] {logging_mixin.py:188} INFO - [2024-01-08T18:44:04.509+0300] {dag.py:3820} INFO - Setting next_dagrun for example_xcom_args_with_operators to None, run_after=None
[2024-01-08T18:44:04.575+0300] {processor.py:183} INFO - Processing /usr/local/lib/python3.10/dist-packages/airflow/example_dags/example_xcomargs.py took 0.370 seconds
[2024-01-08T18:44:34.873+0300] {processor.py:161} INFO - Started process (PID=15451) to work on /usr/local/lib/python3.10/dist-packages/airflow/example_dags/example_xcomargs.py
[2024-01-08T18:44:34.875+0300] {processor.py:830} INFO - Processing file /usr/local/lib/python3.10/dist-packages/airflow/example_dags/example_xcomargs.py for tasks to queue
[2024-01-08T18:44:34.878+0300] {logging_mixin.py:188} INFO - [2024-01-08T18:44:34.878+0300] {dagbag.py:538} INFO - Filling up the DagBag from /usr/local/lib/python3.10/dist-packages/airflow/example_dags/example_xcomargs.py
[2024-01-08T18:44:34.911+0300] {processor.py:840} INFO - DAG(s) 'example_xcom_args', 'example_xcom_args_with_operators' retrieved from /usr/local/lib/python3.10/dist-packages/airflow/example_dags/example_xcomargs.py
[2024-01-08T18:44:35.041+0300] {logging_mixin.py:188} INFO - [2024-01-08T18:44:35.041+0300] {dag.py:3033} INFO - Sync 2 DAGs
[2024-01-08T18:44:35.089+0300] {logging_mixin.py:188} INFO - [2024-01-08T18:44:35.088+0300] {dag.py:3820} INFO - Setting next_dagrun for example_xcom_args to None, run_after=None
[2024-01-08T18:44:35.100+0300] {logging_mixin.py:188} INFO - [2024-01-08T18:44:35.099+0300] {dag.py:3820} INFO - Setting next_dagrun for example_xcom_args_with_operators to None, run_after=None
[2024-01-08T18:44:35.152+0300] {processor.py:183} INFO - Processing /usr/local/lib/python3.10/dist-packages/airflow/example_dags/example_xcomargs.py took 0.291 seconds
[2024-01-08T18:45:05.485+0300] {processor.py:161} INFO - Started process (PID=15840) to work on /usr/local/lib/python3.10/dist-packages/airflow/example_dags/example_xcomargs.py
[2024-01-08T18:45:05.488+0300] {processor.py:830} INFO - Processing file /usr/local/lib/python3.10/dist-packages/airflow/example_dags/example_xcomargs.py for tasks to queue
[2024-01-08T18:45:05.490+0300] {logging_mixin.py:188} INFO - [2024-01-08T18:45:05.489+0300] {dagbag.py:538} INFO - Filling up the DagBag from /usr/local/lib/python3.10/dist-packages/airflow/example_dags/example_xcomargs.py
[2024-01-08T18:45:05.519+0300] {processor.py:840} INFO - DAG(s) 'example_xcom_args_with_operators', 'example_xcom_args' retrieved from /usr/local/lib/python3.10/dist-packages/airflow/example_dags/example_xcomargs.py
[2024-01-08T18:45:05.646+0300] {logging_mixin.py:188} INFO - [2024-01-08T18:45:05.646+0300] {dag.py:3033} INFO - Sync 2 DAGs
[2024-01-08T18:45:05.677+0300] {logging_mixin.py:188} INFO - [2024-01-08T18:45:05.676+0300] {dag.py:3820} INFO - Setting next_dagrun for example_xcom_args to None, run_after=None
[2024-01-08T18:45:05.685+0300] {logging_mixin.py:188} INFO - [2024-01-08T18:45:05.684+0300] {dag.py:3820} INFO - Setting next_dagrun for example_xcom_args_with_operators to None, run_after=None
[2024-01-08T18:45:05.730+0300] {processor.py:183} INFO - Processing /usr/local/lib/python3.10/dist-packages/airflow/example_dags/example_xcomargs.py took 0.256 seconds
[2024-01-08T18:45:39.463+0300] {processor.py:161} INFO - Started process (PID=16257) to work on /usr/local/lib/python3.10/dist-packages/airflow/example_dags/example_xcomargs.py
[2024-01-08T18:45:39.465+0300] {processor.py:830} INFO - Processing file /usr/local/lib/python3.10/dist-packages/airflow/example_dags/example_xcomargs.py for tasks to queue
[2024-01-08T18:45:39.467+0300] {logging_mixin.py:188} INFO - [2024-01-08T18:45:39.466+0300] {dagbag.py:538} INFO - Filling up the DagBag from /usr/local/lib/python3.10/dist-packages/airflow/example_dags/example_xcomargs.py
[2024-01-08T18:45:39.629+0300] {processor.py:840} INFO - DAG(s) 'example_xcom_args_with_operators', 'example_xcom_args' retrieved from /usr/local/lib/python3.10/dist-packages/airflow/example_dags/example_xcomargs.py
[2024-01-08T18:45:40.434+0300] {logging_mixin.py:188} INFO - [2024-01-08T18:45:40.433+0300] {dag.py:3033} INFO - Sync 2 DAGs
[2024-01-08T18:45:40.644+0300] {logging_mixin.py:188} INFO - [2024-01-08T18:45:40.644+0300] {dag.py:3820} INFO - Setting next_dagrun for example_xcom_args to None, run_after=None
[2024-01-08T18:45:40.770+0300] {logging_mixin.py:188} INFO - [2024-01-08T18:45:40.760+0300] {dag.py:3820} INFO - Setting next_dagrun for example_xcom_args_with_operators to None, run_after=None
[2024-01-08T18:45:41.024+0300] {processor.py:183} INFO - Processing /usr/local/lib/python3.10/dist-packages/airflow/example_dags/example_xcomargs.py took 1.645 seconds
[2024-01-08T18:46:32.674+0300] {processor.py:161} INFO - Started process (PID=16794) to work on /usr/local/lib/python3.10/dist-packages/airflow/example_dags/example_xcomargs.py
[2024-01-08T18:46:32.744+0300] {processor.py:830} INFO - Processing file /usr/local/lib/python3.10/dist-packages/airflow/example_dags/example_xcomargs.py for tasks to queue
[2024-01-08T18:46:32.746+0300] {logging_mixin.py:188} INFO - [2024-01-08T18:46:32.745+0300] {dagbag.py:538} INFO - Filling up the DagBag from /usr/local/lib/python3.10/dist-packages/airflow/example_dags/example_xcomargs.py
[2024-01-08T18:46:32.895+0300] {processor.py:840} INFO - DAG(s) 'example_xcom_args_with_operators', 'example_xcom_args' retrieved from /usr/local/lib/python3.10/dist-packages/airflow/example_dags/example_xcomargs.py
[2024-01-08T18:46:33.342+0300] {logging_mixin.py:188} INFO - [2024-01-08T18:46:33.341+0300] {dag.py:3033} INFO - Sync 2 DAGs
[2024-01-08T18:46:33.599+0300] {logging_mixin.py:188} INFO - [2024-01-08T18:46:33.598+0300] {dag.py:3820} INFO - Setting next_dagrun for example_xcom_args to None, run_after=None
[2024-01-08T18:46:33.688+0300] {logging_mixin.py:188} INFO - [2024-01-08T18:46:33.687+0300] {dag.py:3820} INFO - Setting next_dagrun for example_xcom_args_with_operators to None, run_after=None
[2024-01-08T18:46:34.110+0300] {processor.py:183} INFO - Processing /usr/local/lib/python3.10/dist-packages/airflow/example_dags/example_xcomargs.py took 1.507 seconds
[2024-01-08T18:47:05.183+0300] {processor.py:161} INFO - Started process (PID=17207) to work on /usr/local/lib/python3.10/dist-packages/airflow/example_dags/example_xcomargs.py
[2024-01-08T18:47:05.186+0300] {processor.py:830} INFO - Processing file /usr/local/lib/python3.10/dist-packages/airflow/example_dags/example_xcomargs.py for tasks to queue
[2024-01-08T18:47:05.189+0300] {logging_mixin.py:188} INFO - [2024-01-08T18:47:05.188+0300] {dagbag.py:538} INFO - Filling up the DagBag from /usr/local/lib/python3.10/dist-packages/airflow/example_dags/example_xcomargs.py
[2024-01-08T18:47:05.322+0300] {processor.py:840} INFO - DAG(s) 'example_xcom_args', 'example_xcom_args_with_operators' retrieved from /usr/local/lib/python3.10/dist-packages/airflow/example_dags/example_xcomargs.py
[2024-01-08T18:47:05.893+0300] {logging_mixin.py:188} INFO - [2024-01-08T18:47:05.893+0300] {dag.py:3033} INFO - Sync 2 DAGs
[2024-01-08T18:47:05.985+0300] {logging_mixin.py:188} INFO - [2024-01-08T18:47:05.985+0300] {dag.py:3820} INFO - Setting next_dagrun for example_xcom_args to None, run_after=None
[2024-01-08T18:47:05.994+0300] {logging_mixin.py:188} INFO - [2024-01-08T18:47:05.993+0300] {dag.py:3820} INFO - Setting next_dagrun for example_xcom_args_with_operators to None, run_after=None
[2024-01-08T18:47:06.052+0300] {processor.py:183} INFO - Processing /usr/local/lib/python3.10/dist-packages/airflow/example_dags/example_xcomargs.py took 0.946 seconds
[2024-01-08T18:47:36.333+0300] {processor.py:161} INFO - Started process (PID=17550) to work on /usr/local/lib/python3.10/dist-packages/airflow/example_dags/example_xcomargs.py
[2024-01-08T18:47:36.336+0300] {processor.py:830} INFO - Processing file /usr/local/lib/python3.10/dist-packages/airflow/example_dags/example_xcomargs.py for tasks to queue
[2024-01-08T18:47:36.341+0300] {logging_mixin.py:188} INFO - [2024-01-08T18:47:36.340+0300] {dagbag.py:538} INFO - Filling up the DagBag from /usr/local/lib/python3.10/dist-packages/airflow/example_dags/example_xcomargs.py
[2024-01-08T18:47:36.367+0300] {processor.py:840} INFO - DAG(s) 'example_xcom_args', 'example_xcom_args_with_operators' retrieved from /usr/local/lib/python3.10/dist-packages/airflow/example_dags/example_xcomargs.py
[2024-01-08T18:47:36.510+0300] {logging_mixin.py:188} INFO - [2024-01-08T18:47:36.509+0300] {dag.py:3033} INFO - Sync 2 DAGs
[2024-01-08T18:47:36.546+0300] {logging_mixin.py:188} INFO - [2024-01-08T18:47:36.546+0300] {dag.py:3820} INFO - Setting next_dagrun for example_xcom_args to None, run_after=None
[2024-01-08T18:47:36.574+0300] {logging_mixin.py:188} INFO - [2024-01-08T18:47:36.558+0300] {dag.py:3820} INFO - Setting next_dagrun for example_xcom_args_with_operators to None, run_after=None
[2024-01-08T18:47:36.703+0300] {processor.py:183} INFO - Processing /usr/local/lib/python3.10/dist-packages/airflow/example_dags/example_xcomargs.py took 0.386 seconds
[2024-01-08T18:48:10.249+0300] {processor.py:161} INFO - Started process (PID=17913) to work on /usr/local/lib/python3.10/dist-packages/airflow/example_dags/example_xcomargs.py
[2024-01-08T18:48:10.279+0300] {processor.py:830} INFO - Processing file /usr/local/lib/python3.10/dist-packages/airflow/example_dags/example_xcomargs.py for tasks to queue
[2024-01-08T18:48:10.281+0300] {logging_mixin.py:188} INFO - [2024-01-08T18:48:10.281+0300] {dagbag.py:538} INFO - Filling up the DagBag from /usr/local/lib/python3.10/dist-packages/airflow/example_dags/example_xcomargs.py
[2024-01-08T18:48:10.592+0300] {processor.py:840} INFO - DAG(s) 'example_xcom_args_with_operators', 'example_xcom_args' retrieved from /usr/local/lib/python3.10/dist-packages/airflow/example_dags/example_xcomargs.py
[2024-01-08T18:48:11.131+0300] {logging_mixin.py:188} INFO - [2024-01-08T18:48:11.131+0300] {dag.py:3033} INFO - Sync 2 DAGs
[2024-01-08T18:48:11.233+0300] {logging_mixin.py:188} INFO - [2024-01-08T18:48:11.232+0300] {dag.py:3820} INFO - Setting next_dagrun for example_xcom_args to None, run_after=None
[2024-01-08T18:48:11.255+0300] {logging_mixin.py:188} INFO - [2024-01-08T18:48:11.251+0300] {dag.py:3820} INFO - Setting next_dagrun for example_xcom_args_with_operators to None, run_after=None
[2024-01-08T18:48:11.413+0300] {processor.py:183} INFO - Processing /usr/local/lib/python3.10/dist-packages/airflow/example_dags/example_xcomargs.py took 1.268 seconds
[2024-01-08T18:48:42.929+0300] {processor.py:161} INFO - Started process (PID=18338) to work on /usr/local/lib/python3.10/dist-packages/airflow/example_dags/example_xcomargs.py
[2024-01-08T18:48:42.931+0300] {processor.py:830} INFO - Processing file /usr/local/lib/python3.10/dist-packages/airflow/example_dags/example_xcomargs.py for tasks to queue
[2024-01-08T18:48:42.951+0300] {logging_mixin.py:188} INFO - [2024-01-08T18:48:42.932+0300] {dagbag.py:538} INFO - Filling up the DagBag from /usr/local/lib/python3.10/dist-packages/airflow/example_dags/example_xcomargs.py
[2024-01-08T18:48:43.003+0300] {processor.py:840} INFO - DAG(s) 'example_xcom_args', 'example_xcom_args_with_operators' retrieved from /usr/local/lib/python3.10/dist-packages/airflow/example_dags/example_xcomargs.py
[2024-01-08T18:48:43.109+0300] {logging_mixin.py:188} INFO - [2024-01-08T18:48:43.109+0300] {dag.py:3033} INFO - Sync 2 DAGs
[2024-01-08T18:48:43.153+0300] {logging_mixin.py:188} INFO - [2024-01-08T18:48:43.153+0300] {dag.py:3820} INFO - Setting next_dagrun for example_xcom_args to None, run_after=None
[2024-01-08T18:48:43.164+0300] {logging_mixin.py:188} INFO - [2024-01-08T18:48:43.163+0300] {dag.py:3820} INFO - Setting next_dagrun for example_xcom_args_with_operators to None, run_after=None
[2024-01-08T18:48:43.218+0300] {processor.py:183} INFO - Processing /usr/local/lib/python3.10/dist-packages/airflow/example_dags/example_xcomargs.py took 0.308 seconds
[2024-01-08T18:49:21.062+0300] {processor.py:161} INFO - Started process (PID=18683) to work on /usr/local/lib/python3.10/dist-packages/airflow/example_dags/example_xcomargs.py
[2024-01-08T18:49:21.082+0300] {processor.py:830} INFO - Processing file /usr/local/lib/python3.10/dist-packages/airflow/example_dags/example_xcomargs.py for tasks to queue
[2024-01-08T18:49:21.084+0300] {logging_mixin.py:188} INFO - [2024-01-08T18:49:21.083+0300] {dagbag.py:538} INFO - Filling up the DagBag from /usr/local/lib/python3.10/dist-packages/airflow/example_dags/example_xcomargs.py
[2024-01-08T18:49:21.183+0300] {processor.py:840} INFO - DAG(s) 'example_xcom_args', 'example_xcom_args_with_operators' retrieved from /usr/local/lib/python3.10/dist-packages/airflow/example_dags/example_xcomargs.py
[2024-01-08T18:49:21.440+0300] {logging_mixin.py:188} INFO - [2024-01-08T18:49:21.439+0300] {dag.py:3033} INFO - Sync 2 DAGs
[2024-01-08T18:49:21.544+0300] {logging_mixin.py:188} INFO - [2024-01-08T18:49:21.543+0300] {dag.py:3820} INFO - Setting next_dagrun for example_xcom_args to None, run_after=None
[2024-01-08T18:49:21.558+0300] {logging_mixin.py:188} INFO - [2024-01-08T18:49:21.557+0300] {dag.py:3820} INFO - Setting next_dagrun for example_xcom_args_with_operators to None, run_after=None
[2024-01-08T18:49:21.758+0300] {processor.py:183} INFO - Processing /usr/local/lib/python3.10/dist-packages/airflow/example_dags/example_xcomargs.py took 0.743 seconds
[2024-01-08T18:49:51.987+0300] {processor.py:161} INFO - Started process (PID=19009) to work on /usr/local/lib/python3.10/dist-packages/airflow/example_dags/example_xcomargs.py
[2024-01-08T18:49:51.992+0300] {processor.py:830} INFO - Processing file /usr/local/lib/python3.10/dist-packages/airflow/example_dags/example_xcomargs.py for tasks to queue
[2024-01-08T18:49:51.995+0300] {logging_mixin.py:188} INFO - [2024-01-08T18:49:51.994+0300] {dagbag.py:538} INFO - Filling up the DagBag from /usr/local/lib/python3.10/dist-packages/airflow/example_dags/example_xcomargs.py
[2024-01-08T18:49:52.031+0300] {processor.py:840} INFO - DAG(s) 'example_xcom_args_with_operators', 'example_xcom_args' retrieved from /usr/local/lib/python3.10/dist-packages/airflow/example_dags/example_xcomargs.py
[2024-01-08T18:49:52.235+0300] {logging_mixin.py:188} INFO - [2024-01-08T18:49:52.235+0300] {dag.py:3033} INFO - Sync 2 DAGs
[2024-01-08T18:49:52.270+0300] {logging_mixin.py:188} INFO - [2024-01-08T18:49:52.269+0300] {dag.py:3820} INFO - Setting next_dagrun for example_xcom_args to None, run_after=None
[2024-01-08T18:49:52.278+0300] {logging_mixin.py:188} INFO - [2024-01-08T18:49:52.278+0300] {dag.py:3820} INFO - Setting next_dagrun for example_xcom_args_with_operators to None, run_after=None
[2024-01-08T18:49:52.323+0300] {processor.py:183} INFO - Processing /usr/local/lib/python3.10/dist-packages/airflow/example_dags/example_xcomargs.py took 0.353 seconds
[2024-01-08T18:50:22.724+0300] {processor.py:161} INFO - Started process (PID=19327) to work on /usr/local/lib/python3.10/dist-packages/airflow/example_dags/example_xcomargs.py
[2024-01-08T18:50:22.728+0300] {processor.py:830} INFO - Processing file /usr/local/lib/python3.10/dist-packages/airflow/example_dags/example_xcomargs.py for tasks to queue
[2024-01-08T18:50:22.730+0300] {logging_mixin.py:188} INFO - [2024-01-08T18:50:22.729+0300] {dagbag.py:538} INFO - Filling up the DagBag from /usr/local/lib/python3.10/dist-packages/airflow/example_dags/example_xcomargs.py
[2024-01-08T18:50:22.820+0300] {processor.py:840} INFO - DAG(s) 'example_xcom_args_with_operators', 'example_xcom_args' retrieved from /usr/local/lib/python3.10/dist-packages/airflow/example_dags/example_xcomargs.py
[2024-01-08T18:50:23.017+0300] {logging_mixin.py:188} INFO - [2024-01-08T18:50:23.017+0300] {dag.py:3033} INFO - Sync 2 DAGs
[2024-01-08T18:50:23.071+0300] {logging_mixin.py:188} INFO - [2024-01-08T18:50:23.070+0300] {dag.py:3820} INFO - Setting next_dagrun for example_xcom_args to None, run_after=None
[2024-01-08T18:50:23.107+0300] {logging_mixin.py:188} INFO - [2024-01-08T18:50:23.105+0300] {dag.py:3820} INFO - Setting next_dagrun for example_xcom_args_with_operators to None, run_after=None
[2024-01-08T18:50:23.178+0300] {processor.py:183} INFO - Processing /usr/local/lib/python3.10/dist-packages/airflow/example_dags/example_xcomargs.py took 0.464 seconds
[2024-01-08T18:50:53.934+0300] {processor.py:161} INFO - Started process (PID=19644) to work on /usr/local/lib/python3.10/dist-packages/airflow/example_dags/example_xcomargs.py
[2024-01-08T18:50:53.936+0300] {processor.py:830} INFO - Processing file /usr/local/lib/python3.10/dist-packages/airflow/example_dags/example_xcomargs.py for tasks to queue
[2024-01-08T18:50:53.937+0300] {logging_mixin.py:188} INFO - [2024-01-08T18:50:53.937+0300] {dagbag.py:538} INFO - Filling up the DagBag from /usr/local/lib/python3.10/dist-packages/airflow/example_dags/example_xcomargs.py
[2024-01-08T18:50:53.973+0300] {processor.py:840} INFO - DAG(s) 'example_xcom_args_with_operators', 'example_xcom_args' retrieved from /usr/local/lib/python3.10/dist-packages/airflow/example_dags/example_xcomargs.py
[2024-01-08T18:50:54.251+0300] {logging_mixin.py:188} INFO - [2024-01-08T18:50:54.251+0300] {dag.py:3033} INFO - Sync 2 DAGs
[2024-01-08T18:50:54.317+0300] {logging_mixin.py:188} INFO - [2024-01-08T18:50:54.317+0300] {dag.py:3820} INFO - Setting next_dagrun for example_xcom_args to None, run_after=None
[2024-01-08T18:50:54.352+0300] {logging_mixin.py:188} INFO - [2024-01-08T18:50:54.352+0300] {dag.py:3820} INFO - Setting next_dagrun for example_xcom_args_with_operators to None, run_after=None
[2024-01-08T18:50:54.448+0300] {processor.py:183} INFO - Processing /usr/local/lib/python3.10/dist-packages/airflow/example_dags/example_xcomargs.py took 0.530 seconds
[2024-01-08T18:51:24.637+0300] {processor.py:161} INFO - Started process (PID=20030) to work on /usr/local/lib/python3.10/dist-packages/airflow/example_dags/example_xcomargs.py
[2024-01-08T18:51:24.640+0300] {processor.py:830} INFO - Processing file /usr/local/lib/python3.10/dist-packages/airflow/example_dags/example_xcomargs.py for tasks to queue
[2024-01-08T18:51:24.643+0300] {logging_mixin.py:188} INFO - [2024-01-08T18:51:24.642+0300] {dagbag.py:538} INFO - Filling up the DagBag from /usr/local/lib/python3.10/dist-packages/airflow/example_dags/example_xcomargs.py
[2024-01-08T18:51:24.674+0300] {processor.py:840} INFO - DAG(s) 'example_xcom_args', 'example_xcom_args_with_operators' retrieved from /usr/local/lib/python3.10/dist-packages/airflow/example_dags/example_xcomargs.py
[2024-01-08T18:51:24.822+0300] {logging_mixin.py:188} INFO - [2024-01-08T18:51:24.822+0300] {dag.py:3033} INFO - Sync 2 DAGs
[2024-01-08T18:51:24.858+0300] {logging_mixin.py:188} INFO - [2024-01-08T18:51:24.857+0300] {dag.py:3820} INFO - Setting next_dagrun for example_xcom_args to None, run_after=None
[2024-01-08T18:51:24.870+0300] {logging_mixin.py:188} INFO - [2024-01-08T18:51:24.869+0300] {dag.py:3820} INFO - Setting next_dagrun for example_xcom_args_with_operators to None, run_after=None
[2024-01-08T18:51:24.924+0300] {processor.py:183} INFO - Processing /usr/local/lib/python3.10/dist-packages/airflow/example_dags/example_xcomargs.py took 0.302 seconds
[2024-01-08T18:52:13.662+0300] {processor.py:161} INFO - Started process (PID=20533) to work on /usr/local/lib/python3.10/dist-packages/airflow/example_dags/example_xcomargs.py
[2024-01-08T18:52:13.725+0300] {processor.py:830} INFO - Processing file /usr/local/lib/python3.10/dist-packages/airflow/example_dags/example_xcomargs.py for tasks to queue
[2024-01-08T18:52:13.729+0300] {logging_mixin.py:188} INFO - [2024-01-08T18:52:13.727+0300] {dagbag.py:538} INFO - Filling up the DagBag from /usr/local/lib/python3.10/dist-packages/airflow/example_dags/example_xcomargs.py
[2024-01-08T18:52:13.974+0300] {processor.py:840} INFO - DAG(s) 'example_xcom_args', 'example_xcom_args_with_operators' retrieved from /usr/local/lib/python3.10/dist-packages/airflow/example_dags/example_xcomargs.py
[2024-01-08T18:52:14.919+0300] {logging_mixin.py:188} INFO - [2024-01-08T18:52:14.919+0300] {dag.py:3033} INFO - Sync 2 DAGs
[2024-01-08T18:52:15.117+0300] {logging_mixin.py:188} INFO - [2024-01-08T18:52:15.110+0300] {dag.py:3820} INFO - Setting next_dagrun for example_xcom_args to None, run_after=None
[2024-01-08T18:52:15.197+0300] {logging_mixin.py:188} INFO - [2024-01-08T18:52:15.196+0300] {dag.py:3820} INFO - Setting next_dagrun for example_xcom_args_with_operators to None, run_after=None
[2024-01-08T18:52:15.514+0300] {processor.py:183} INFO - Processing /usr/local/lib/python3.10/dist-packages/airflow/example_dags/example_xcomargs.py took 1.974 seconds
[2024-01-08T18:52:46.109+0300] {processor.py:161} INFO - Started process (PID=20955) to work on /usr/local/lib/python3.10/dist-packages/airflow/example_dags/example_xcomargs.py
[2024-01-08T18:52:46.127+0300] {processor.py:830} INFO - Processing file /usr/local/lib/python3.10/dist-packages/airflow/example_dags/example_xcomargs.py for tasks to queue
[2024-01-08T18:52:46.132+0300] {logging_mixin.py:188} INFO - [2024-01-08T18:52:46.131+0300] {dagbag.py:538} INFO - Filling up the DagBag from /usr/local/lib/python3.10/dist-packages/airflow/example_dags/example_xcomargs.py
[2024-01-08T18:52:46.222+0300] {processor.py:840} INFO - DAG(s) 'example_xcom_args', 'example_xcom_args_with_operators' retrieved from /usr/local/lib/python3.10/dist-packages/airflow/example_dags/example_xcomargs.py
[2024-01-08T18:52:46.413+0300] {logging_mixin.py:188} INFO - [2024-01-08T18:52:46.411+0300] {dag.py:3033} INFO - Sync 2 DAGs
[2024-01-08T18:52:46.668+0300] {logging_mixin.py:188} INFO - [2024-01-08T18:52:46.667+0300] {dag.py:3820} INFO - Setting next_dagrun for example_xcom_args to None, run_after=None
[2024-01-08T18:52:46.708+0300] {logging_mixin.py:188} INFO - [2024-01-08T18:52:46.698+0300] {dag.py:3820} INFO - Setting next_dagrun for example_xcom_args_with_operators to None, run_after=None
[2024-01-08T18:52:46.855+0300] {processor.py:183} INFO - Processing /usr/local/lib/python3.10/dist-packages/airflow/example_dags/example_xcomargs.py took 0.807 seconds
[2024-01-08T18:53:55.370+0300] {processor.py:161} INFO - Started process (PID=21522) to work on /usr/local/lib/python3.10/dist-packages/airflow/example_dags/example_xcomargs.py
[2024-01-08T18:53:55.374+0300] {processor.py:830} INFO - Processing file /usr/local/lib/python3.10/dist-packages/airflow/example_dags/example_xcomargs.py for tasks to queue
[2024-01-08T18:53:55.376+0300] {logging_mixin.py:188} INFO - [2024-01-08T18:53:55.375+0300] {dagbag.py:538} INFO - Filling up the DagBag from /usr/local/lib/python3.10/dist-packages/airflow/example_dags/example_xcomargs.py
[2024-01-08T18:53:55.597+0300] {processor.py:840} INFO - DAG(s) 'example_xcom_args', 'example_xcom_args_with_operators' retrieved from /usr/local/lib/python3.10/dist-packages/airflow/example_dags/example_xcomargs.py
[2024-01-08T18:53:55.882+0300] {logging_mixin.py:188} INFO - [2024-01-08T18:53:55.882+0300] {dag.py:3033} INFO - Sync 2 DAGs
[2024-01-08T18:53:56.016+0300] {logging_mixin.py:188} INFO - [2024-01-08T18:53:56.016+0300] {dag.py:3820} INFO - Setting next_dagrun for example_xcom_args to None, run_after=None
[2024-01-08T18:53:56.054+0300] {logging_mixin.py:188} INFO - [2024-01-08T18:53:56.053+0300] {dag.py:3820} INFO - Setting next_dagrun for example_xcom_args_with_operators to None, run_after=None
[2024-01-08T18:53:56.224+0300] {processor.py:183} INFO - Processing /usr/local/lib/python3.10/dist-packages/airflow/example_dags/example_xcomargs.py took 0.908 seconds
[2024-01-08T18:54:33.004+0300] {processor.py:161} INFO - Started process (PID=21943) to work on /usr/local/lib/python3.10/dist-packages/airflow/example_dags/example_xcomargs.py
[2024-01-08T18:54:33.051+0300] {processor.py:830} INFO - Processing file /usr/local/lib/python3.10/dist-packages/airflow/example_dags/example_xcomargs.py for tasks to queue
[2024-01-08T18:54:33.069+0300] {logging_mixin.py:188} INFO - [2024-01-08T18:54:33.068+0300] {dagbag.py:538} INFO - Filling up the DagBag from /usr/local/lib/python3.10/dist-packages/airflow/example_dags/example_xcomargs.py
[2024-01-08T18:54:33.149+0300] {processor.py:840} INFO - DAG(s) 'example_xcom_args', 'example_xcom_args_with_operators' retrieved from /usr/local/lib/python3.10/dist-packages/airflow/example_dags/example_xcomargs.py
[2024-01-08T18:54:33.756+0300] {logging_mixin.py:188} INFO - [2024-01-08T18:54:33.755+0300] {dag.py:3033} INFO - Sync 2 DAGs
[2024-01-08T18:54:33.937+0300] {logging_mixin.py:188} INFO - [2024-01-08T18:54:33.937+0300] {dag.py:3820} INFO - Setting next_dagrun for example_xcom_args to None, run_after=None
[2024-01-08T18:54:34.007+0300] {logging_mixin.py:188} INFO - [2024-01-08T18:54:34.007+0300] {dag.py:3820} INFO - Setting next_dagrun for example_xcom_args_with_operators to None, run_after=None
[2024-01-08T18:54:34.373+0300] {processor.py:183} INFO - Processing /usr/local/lib/python3.10/dist-packages/airflow/example_dags/example_xcomargs.py took 1.408 seconds
[2024-01-08T18:55:04.956+0300] {processor.py:161} INFO - Started process (PID=22388) to work on /usr/local/lib/python3.10/dist-packages/airflow/example_dags/example_xcomargs.py
[2024-01-08T18:55:04.959+0300] {processor.py:830} INFO - Processing file /usr/local/lib/python3.10/dist-packages/airflow/example_dags/example_xcomargs.py for tasks to queue
[2024-01-08T18:55:04.966+0300] {logging_mixin.py:188} INFO - [2024-01-08T18:55:04.965+0300] {dagbag.py:538} INFO - Filling up the DagBag from /usr/local/lib/python3.10/dist-packages/airflow/example_dags/example_xcomargs.py
[2024-01-08T18:55:05.017+0300] {processor.py:840} INFO - DAG(s) 'example_xcom_args', 'example_xcom_args_with_operators' retrieved from /usr/local/lib/python3.10/dist-packages/airflow/example_dags/example_xcomargs.py
[2024-01-08T18:55:05.376+0300] {logging_mixin.py:188} INFO - [2024-01-08T18:55:05.376+0300] {dag.py:3033} INFO - Sync 2 DAGs
[2024-01-08T18:55:05.523+0300] {logging_mixin.py:188} INFO - [2024-01-08T18:55:05.522+0300] {dag.py:3820} INFO - Setting next_dagrun for example_xcom_args to None, run_after=None
[2024-01-08T18:55:05.569+0300] {logging_mixin.py:188} INFO - [2024-01-08T18:55:05.569+0300] {dag.py:3820} INFO - Setting next_dagrun for example_xcom_args_with_operators to None, run_after=None
[2024-01-08T18:55:05.639+0300] {processor.py:183} INFO - Processing /usr/local/lib/python3.10/dist-packages/airflow/example_dags/example_xcomargs.py took 0.716 seconds
[2024-01-08T18:55:40.703+0300] {processor.py:161} INFO - Started process (PID=22796) to work on /usr/local/lib/python3.10/dist-packages/airflow/example_dags/example_xcomargs.py
[2024-01-08T18:55:40.742+0300] {processor.py:830} INFO - Processing file /usr/local/lib/python3.10/dist-packages/airflow/example_dags/example_xcomargs.py for tasks to queue
[2024-01-08T18:55:40.744+0300] {logging_mixin.py:188} INFO - [2024-01-08T18:55:40.743+0300] {dagbag.py:538} INFO - Filling up the DagBag from /usr/local/lib/python3.10/dist-packages/airflow/example_dags/example_xcomargs.py
[2024-01-08T18:55:40.802+0300] {processor.py:840} INFO - DAG(s) 'example_xcom_args', 'example_xcom_args_with_operators' retrieved from /usr/local/lib/python3.10/dist-packages/airflow/example_dags/example_xcomargs.py
[2024-01-08T18:55:41.006+0300] {logging_mixin.py:188} INFO - [2024-01-08T18:55:41.006+0300] {dag.py:3033} INFO - Sync 2 DAGs
[2024-01-08T18:55:41.054+0300] {logging_mixin.py:188} INFO - [2024-01-08T18:55:41.053+0300] {dag.py:3820} INFO - Setting next_dagrun for example_xcom_args to None, run_after=None
[2024-01-08T18:55:41.083+0300] {logging_mixin.py:188} INFO - [2024-01-08T18:55:41.083+0300] {dag.py:3820} INFO - Setting next_dagrun for example_xcom_args_with_operators to None, run_after=None
[2024-01-08T18:55:41.172+0300] {processor.py:183} INFO - Processing /usr/local/lib/python3.10/dist-packages/airflow/example_dags/example_xcomargs.py took 0.509 seconds
[2024-01-08T18:56:11.849+0300] {processor.py:161} INFO - Started process (PID=23112) to work on /usr/local/lib/python3.10/dist-packages/airflow/example_dags/example_xcomargs.py
[2024-01-08T18:56:11.860+0300] {processor.py:830} INFO - Processing file /usr/local/lib/python3.10/dist-packages/airflow/example_dags/example_xcomargs.py for tasks to queue
[2024-01-08T18:56:11.862+0300] {logging_mixin.py:188} INFO - [2024-01-08T18:56:11.862+0300] {dagbag.py:538} INFO - Filling up the DagBag from /usr/local/lib/python3.10/dist-packages/airflow/example_dags/example_xcomargs.py
[2024-01-08T18:56:11.920+0300] {processor.py:840} INFO - DAG(s) 'example_xcom_args', 'example_xcom_args_with_operators' retrieved from /usr/local/lib/python3.10/dist-packages/airflow/example_dags/example_xcomargs.py
[2024-01-08T18:56:12.043+0300] {logging_mixin.py:188} INFO - [2024-01-08T18:56:12.042+0300] {dag.py:3033} INFO - Sync 2 DAGs
[2024-01-08T18:56:12.081+0300] {logging_mixin.py:188} INFO - [2024-01-08T18:56:12.080+0300] {dag.py:3820} INFO - Setting next_dagrun for example_xcom_args to None, run_after=None
[2024-01-08T18:56:12.090+0300] {logging_mixin.py:188} INFO - [2024-01-08T18:56:12.089+0300] {dag.py:3820} INFO - Setting next_dagrun for example_xcom_args_with_operators to None, run_after=None
[2024-01-08T18:56:12.155+0300] {processor.py:183} INFO - Processing /usr/local/lib/python3.10/dist-packages/airflow/example_dags/example_xcomargs.py took 0.320 seconds
[2024-01-08T18:56:42.575+0300] {processor.py:161} INFO - Started process (PID=23428) to work on /usr/local/lib/python3.10/dist-packages/airflow/example_dags/example_xcomargs.py
[2024-01-08T18:56:42.582+0300] {processor.py:830} INFO - Processing file /usr/local/lib/python3.10/dist-packages/airflow/example_dags/example_xcomargs.py for tasks to queue
[2024-01-08T18:56:42.584+0300] {logging_mixin.py:188} INFO - [2024-01-08T18:56:42.583+0300] {dagbag.py:538} INFO - Filling up the DagBag from /usr/local/lib/python3.10/dist-packages/airflow/example_dags/example_xcomargs.py
[2024-01-08T18:56:42.609+0300] {processor.py:840} INFO - DAG(s) 'example_xcom_args_with_operators', 'example_xcom_args' retrieved from /usr/local/lib/python3.10/dist-packages/airflow/example_dags/example_xcomargs.py
[2024-01-08T18:56:42.713+0300] {logging_mixin.py:188} INFO - [2024-01-08T18:56:42.713+0300] {dag.py:3033} INFO - Sync 2 DAGs
[2024-01-08T18:56:42.746+0300] {logging_mixin.py:188} INFO - [2024-01-08T18:56:42.745+0300] {dag.py:3820} INFO - Setting next_dagrun for example_xcom_args to None, run_after=None
[2024-01-08T18:56:42.755+0300] {logging_mixin.py:188} INFO - [2024-01-08T18:56:42.755+0300] {dag.py:3820} INFO - Setting next_dagrun for example_xcom_args_with_operators to None, run_after=None
[2024-01-08T18:56:42.808+0300] {processor.py:183} INFO - Processing /usr/local/lib/python3.10/dist-packages/airflow/example_dags/example_xcomargs.py took 0.258 seconds
[2024-01-08T18:57:14.587+0300] {processor.py:161} INFO - Started process (PID=23795) to work on /usr/local/lib/python3.10/dist-packages/airflow/example_dags/example_xcomargs.py
[2024-01-08T18:57:14.599+0300] {processor.py:830} INFO - Processing file /usr/local/lib/python3.10/dist-packages/airflow/example_dags/example_xcomargs.py for tasks to queue
[2024-01-08T18:57:14.602+0300] {logging_mixin.py:188} INFO - [2024-01-08T18:57:14.601+0300] {dagbag.py:538} INFO - Filling up the DagBag from /usr/local/lib/python3.10/dist-packages/airflow/example_dags/example_xcomargs.py
[2024-01-08T18:57:14.661+0300] {processor.py:840} INFO - DAG(s) 'example_xcom_args_with_operators', 'example_xcom_args' retrieved from /usr/local/lib/python3.10/dist-packages/airflow/example_dags/example_xcomargs.py
[2024-01-08T18:57:14.858+0300] {logging_mixin.py:188} INFO - [2024-01-08T18:57:14.857+0300] {dag.py:3033} INFO - Sync 2 DAGs
[2024-01-08T18:57:14.891+0300] {logging_mixin.py:188} INFO - [2024-01-08T18:57:14.891+0300] {dag.py:3820} INFO - Setting next_dagrun for example_xcom_args to None, run_after=None
[2024-01-08T18:57:14.902+0300] {logging_mixin.py:188} INFO - [2024-01-08T18:57:14.902+0300] {dag.py:3820} INFO - Setting next_dagrun for example_xcom_args_with_operators to None, run_after=None
[2024-01-08T18:57:14.993+0300] {processor.py:183} INFO - Processing /usr/local/lib/python3.10/dist-packages/airflow/example_dags/example_xcomargs.py took 0.426 seconds
[2024-01-08T18:57:51.472+0300] {processor.py:161} INFO - Started process (PID=24166) to work on /usr/local/lib/python3.10/dist-packages/airflow/example_dags/example_xcomargs.py
[2024-01-08T18:57:51.489+0300] {processor.py:830} INFO - Processing file /usr/local/lib/python3.10/dist-packages/airflow/example_dags/example_xcomargs.py for tasks to queue
[2024-01-08T18:57:51.503+0300] {logging_mixin.py:188} INFO - [2024-01-08T18:57:51.502+0300] {dagbag.py:538} INFO - Filling up the DagBag from /usr/local/lib/python3.10/dist-packages/airflow/example_dags/example_xcomargs.py
[2024-01-08T18:57:51.614+0300] {processor.py:840} INFO - DAG(s) 'example_xcom_args_with_operators', 'example_xcom_args' retrieved from /usr/local/lib/python3.10/dist-packages/airflow/example_dags/example_xcomargs.py
[2024-01-08T18:57:51.938+0300] {logging_mixin.py:188} INFO - [2024-01-08T18:57:51.937+0300] {dag.py:3033} INFO - Sync 2 DAGs
[2024-01-08T18:57:52.129+0300] {logging_mixin.py:188} INFO - [2024-01-08T18:57:52.129+0300] {dag.py:3820} INFO - Setting next_dagrun for example_xcom_args to None, run_after=None
[2024-01-08T18:57:52.161+0300] {logging_mixin.py:188} INFO - [2024-01-08T18:57:52.160+0300] {dag.py:3820} INFO - Setting next_dagrun for example_xcom_args_with_operators to None, run_after=None
[2024-01-08T18:57:52.303+0300] {processor.py:183} INFO - Processing /usr/local/lib/python3.10/dist-packages/airflow/example_dags/example_xcomargs.py took 0.915 seconds
[2024-01-08T18:58:22.901+0300] {processor.py:161} INFO - Started process (PID=24512) to work on /usr/local/lib/python3.10/dist-packages/airflow/example_dags/example_xcomargs.py
[2024-01-08T18:58:22.918+0300] {processor.py:830} INFO - Processing file /usr/local/lib/python3.10/dist-packages/airflow/example_dags/example_xcomargs.py for tasks to queue
[2024-01-08T18:58:22.926+0300] {logging_mixin.py:188} INFO - [2024-01-08T18:58:22.922+0300] {dagbag.py:538} INFO - Filling up the DagBag from /usr/local/lib/python3.10/dist-packages/airflow/example_dags/example_xcomargs.py
[2024-01-08T18:58:22.993+0300] {processor.py:840} INFO - DAG(s) 'example_xcom_args', 'example_xcom_args_with_operators' retrieved from /usr/local/lib/python3.10/dist-packages/airflow/example_dags/example_xcomargs.py
[2024-01-08T18:58:23.110+0300] {logging_mixin.py:188} INFO - [2024-01-08T18:58:23.110+0300] {dag.py:3033} INFO - Sync 2 DAGs
[2024-01-08T18:58:23.142+0300] {logging_mixin.py:188} INFO - [2024-01-08T18:58:23.142+0300] {dag.py:3820} INFO - Setting next_dagrun for example_xcom_args to None, run_after=None
[2024-01-08T18:58:23.151+0300] {logging_mixin.py:188} INFO - [2024-01-08T18:58:23.150+0300] {dag.py:3820} INFO - Setting next_dagrun for example_xcom_args_with_operators to None, run_after=None
[2024-01-08T18:58:23.280+0300] {processor.py:183} INFO - Processing /usr/local/lib/python3.10/dist-packages/airflow/example_dags/example_xcomargs.py took 0.392 seconds
[2024-01-08T18:58:57.068+0300] {processor.py:161} INFO - Started process (PID=24959) to work on /usr/local/lib/python3.10/dist-packages/airflow/example_dags/example_xcomargs.py
[2024-01-08T18:58:57.070+0300] {processor.py:830} INFO - Processing file /usr/local/lib/python3.10/dist-packages/airflow/example_dags/example_xcomargs.py for tasks to queue
[2024-01-08T18:58:57.072+0300] {logging_mixin.py:188} INFO - [2024-01-08T18:58:57.071+0300] {dagbag.py:538} INFO - Filling up the DagBag from /usr/local/lib/python3.10/dist-packages/airflow/example_dags/example_xcomargs.py
[2024-01-08T18:58:57.123+0300] {processor.py:840} INFO - DAG(s) 'example_xcom_args', 'example_xcom_args_with_operators' retrieved from /usr/local/lib/python3.10/dist-packages/airflow/example_dags/example_xcomargs.py
[2024-01-08T18:58:57.359+0300] {logging_mixin.py:188} INFO - [2024-01-08T18:58:57.359+0300] {dag.py:3033} INFO - Sync 2 DAGs
[2024-01-08T18:58:57.420+0300] {logging_mixin.py:188} INFO - [2024-01-08T18:58:57.420+0300] {dag.py:3820} INFO - Setting next_dagrun for example_xcom_args to None, run_after=None
[2024-01-08T18:58:57.447+0300] {logging_mixin.py:188} INFO - [2024-01-08T18:58:57.447+0300] {dag.py:3820} INFO - Setting next_dagrun for example_xcom_args_with_operators to None, run_after=None
[2024-01-08T18:58:57.521+0300] {processor.py:183} INFO - Processing /usr/local/lib/python3.10/dist-packages/airflow/example_dags/example_xcomargs.py took 0.475 seconds
[2024-01-08T18:59:31.618+0300] {processor.py:161} INFO - Started process (PID=25352) to work on /usr/local/lib/python3.10/dist-packages/airflow/example_dags/example_xcomargs.py
[2024-01-08T18:59:31.621+0300] {processor.py:830} INFO - Processing file /usr/local/lib/python3.10/dist-packages/airflow/example_dags/example_xcomargs.py for tasks to queue
[2024-01-08T18:59:31.624+0300] {logging_mixin.py:188} INFO - [2024-01-08T18:59:31.623+0300] {dagbag.py:538} INFO - Filling up the DagBag from /usr/local/lib/python3.10/dist-packages/airflow/example_dags/example_xcomargs.py
[2024-01-08T18:59:31.668+0300] {processor.py:840} INFO - DAG(s) 'example_xcom_args_with_operators', 'example_xcom_args' retrieved from /usr/local/lib/python3.10/dist-packages/airflow/example_dags/example_xcomargs.py
[2024-01-08T18:59:31.952+0300] {logging_mixin.py:188} INFO - [2024-01-08T18:59:31.951+0300] {dag.py:3033} INFO - Sync 2 DAGs
[2024-01-08T18:59:32.252+0300] {logging_mixin.py:188} INFO - [2024-01-08T18:59:32.252+0300] {dag.py:3820} INFO - Setting next_dagrun for example_xcom_args to None, run_after=None
[2024-01-08T18:59:32.355+0300] {logging_mixin.py:188} INFO - [2024-01-08T18:59:32.355+0300] {dag.py:3820} INFO - Setting next_dagrun for example_xcom_args_with_operators to None, run_after=None
[2024-01-08T18:59:32.653+0300] {processor.py:183} INFO - Processing /usr/local/lib/python3.10/dist-packages/airflow/example_dags/example_xcomargs.py took 1.046 seconds
[2024-01-08T19:00:03.020+0300] {processor.py:161} INFO - Started process (PID=25746) to work on /usr/local/lib/python3.10/dist-packages/airflow/example_dags/example_xcomargs.py
[2024-01-08T19:00:03.022+0300] {processor.py:830} INFO - Processing file /usr/local/lib/python3.10/dist-packages/airflow/example_dags/example_xcomargs.py for tasks to queue
[2024-01-08T19:00:03.024+0300] {logging_mixin.py:188} INFO - [2024-01-08T19:00:03.023+0300] {dagbag.py:538} INFO - Filling up the DagBag from /usr/local/lib/python3.10/dist-packages/airflow/example_dags/example_xcomargs.py
[2024-01-08T19:00:03.054+0300] {processor.py:840} INFO - DAG(s) 'example_xcom_args', 'example_xcom_args_with_operators' retrieved from /usr/local/lib/python3.10/dist-packages/airflow/example_dags/example_xcomargs.py
[2024-01-08T19:00:03.183+0300] {logging_mixin.py:188} INFO - [2024-01-08T19:00:03.182+0300] {dag.py:3033} INFO - Sync 2 DAGs
[2024-01-08T19:00:03.224+0300] {logging_mixin.py:188} INFO - [2024-01-08T19:00:03.224+0300] {dag.py:3820} INFO - Setting next_dagrun for example_xcom_args to None, run_after=None
[2024-01-08T19:00:03.236+0300] {logging_mixin.py:188} INFO - [2024-01-08T19:00:03.235+0300] {dag.py:3820} INFO - Setting next_dagrun for example_xcom_args_with_operators to None, run_after=None
[2024-01-08T19:00:03.286+0300] {processor.py:183} INFO - Processing /usr/local/lib/python3.10/dist-packages/airflow/example_dags/example_xcomargs.py took 0.277 seconds
[2024-01-08T19:00:33.438+0300] {processor.py:161} INFO - Started process (PID=26147) to work on /usr/local/lib/python3.10/dist-packages/airflow/example_dags/example_xcomargs.py
[2024-01-08T19:00:33.442+0300] {processor.py:830} INFO - Processing file /usr/local/lib/python3.10/dist-packages/airflow/example_dags/example_xcomargs.py for tasks to queue
[2024-01-08T19:00:33.444+0300] {logging_mixin.py:188} INFO - [2024-01-08T19:00:33.443+0300] {dagbag.py:538} INFO - Filling up the DagBag from /usr/local/lib/python3.10/dist-packages/airflow/example_dags/example_xcomargs.py
[2024-01-08T19:00:33.476+0300] {processor.py:840} INFO - DAG(s) 'example_xcom_args', 'example_xcom_args_with_operators' retrieved from /usr/local/lib/python3.10/dist-packages/airflow/example_dags/example_xcomargs.py
[2024-01-08T19:00:33.599+0300] {logging_mixin.py:188} INFO - [2024-01-08T19:00:33.599+0300] {dag.py:3033} INFO - Sync 2 DAGs
[2024-01-08T19:00:33.644+0300] {logging_mixin.py:188} INFO - [2024-01-08T19:00:33.644+0300] {dag.py:3820} INFO - Setting next_dagrun for example_xcom_args to None, run_after=None
[2024-01-08T19:00:33.654+0300] {logging_mixin.py:188} INFO - [2024-01-08T19:00:33.654+0300] {dag.py:3820} INFO - Setting next_dagrun for example_xcom_args_with_operators to None, run_after=None
[2024-01-08T19:00:33.702+0300] {processor.py:183} INFO - Processing /usr/local/lib/python3.10/dist-packages/airflow/example_dags/example_xcomargs.py took 0.283 seconds
[2024-01-08T19:01:04.276+0300] {processor.py:161} INFO - Started process (PID=26547) to work on /usr/local/lib/python3.10/dist-packages/airflow/example_dags/example_xcomargs.py
[2024-01-08T19:01:04.278+0300] {processor.py:830} INFO - Processing file /usr/local/lib/python3.10/dist-packages/airflow/example_dags/example_xcomargs.py for tasks to queue
[2024-01-08T19:01:04.280+0300] {logging_mixin.py:188} INFO - [2024-01-08T19:01:04.280+0300] {dagbag.py:538} INFO - Filling up the DagBag from /usr/local/lib/python3.10/dist-packages/airflow/example_dags/example_xcomargs.py
[2024-01-08T19:01:04.330+0300] {processor.py:840} INFO - DAG(s) 'example_xcom_args_with_operators', 'example_xcom_args' retrieved from /usr/local/lib/python3.10/dist-packages/airflow/example_dags/example_xcomargs.py
[2024-01-08T19:01:04.472+0300] {logging_mixin.py:188} INFO - [2024-01-08T19:01:04.472+0300] {dag.py:3033} INFO - Sync 2 DAGs
[2024-01-08T19:01:04.515+0300] {logging_mixin.py:188} INFO - [2024-01-08T19:01:04.515+0300] {dag.py:3820} INFO - Setting next_dagrun for example_xcom_args to None, run_after=None
[2024-01-08T19:01:04.528+0300] {logging_mixin.py:188} INFO - [2024-01-08T19:01:04.527+0300] {dag.py:3820} INFO - Setting next_dagrun for example_xcom_args_with_operators to None, run_after=None
[2024-01-08T19:01:04.583+0300] {processor.py:183} INFO - Processing /usr/local/lib/python3.10/dist-packages/airflow/example_dags/example_xcomargs.py took 0.320 seconds
[2024-01-08T19:01:35.933+0300] {processor.py:161} INFO - Started process (PID=26921) to work on /usr/local/lib/python3.10/dist-packages/airflow/example_dags/example_xcomargs.py
[2024-01-08T19:01:35.936+0300] {processor.py:830} INFO - Processing file /usr/local/lib/python3.10/dist-packages/airflow/example_dags/example_xcomargs.py for tasks to queue
[2024-01-08T19:01:35.938+0300] {logging_mixin.py:188} INFO - [2024-01-08T19:01:35.937+0300] {dagbag.py:538} INFO - Filling up the DagBag from /usr/local/lib/python3.10/dist-packages/airflow/example_dags/example_xcomargs.py
[2024-01-08T19:01:36.066+0300] {processor.py:840} INFO - DAG(s) 'example_xcom_args_with_operators', 'example_xcom_args' retrieved from /usr/local/lib/python3.10/dist-packages/airflow/example_dags/example_xcomargs.py
[2024-01-08T19:01:36.443+0300] {logging_mixin.py:188} INFO - [2024-01-08T19:01:36.443+0300] {dag.py:3033} INFO - Sync 2 DAGs
[2024-01-08T19:01:36.485+0300] {logging_mixin.py:188} INFO - [2024-01-08T19:01:36.485+0300] {dag.py:3820} INFO - Setting next_dagrun for example_xcom_args to None, run_after=None
[2024-01-08T19:01:36.499+0300] {logging_mixin.py:188} INFO - [2024-01-08T19:01:36.499+0300] {dag.py:3820} INFO - Setting next_dagrun for example_xcom_args_with_operators to None, run_after=None
[2024-01-08T19:01:36.581+0300] {processor.py:183} INFO - Processing /usr/local/lib/python3.10/dist-packages/airflow/example_dags/example_xcomargs.py took 0.659 seconds
[2024-01-08T19:02:07.048+0300] {processor.py:161} INFO - Started process (PID=27242) to work on /usr/local/lib/python3.10/dist-packages/airflow/example_dags/example_xcomargs.py
[2024-01-08T19:02:07.059+0300] {processor.py:830} INFO - Processing file /usr/local/lib/python3.10/dist-packages/airflow/example_dags/example_xcomargs.py for tasks to queue
[2024-01-08T19:02:07.061+0300] {logging_mixin.py:188} INFO - [2024-01-08T19:02:07.060+0300] {dagbag.py:538} INFO - Filling up the DagBag from /usr/local/lib/python3.10/dist-packages/airflow/example_dags/example_xcomargs.py
[2024-01-08T19:02:07.157+0300] {processor.py:840} INFO - DAG(s) 'example_xcom_args', 'example_xcom_args_with_operators' retrieved from /usr/local/lib/python3.10/dist-packages/airflow/example_dags/example_xcomargs.py
[2024-01-08T19:02:07.426+0300] {logging_mixin.py:188} INFO - [2024-01-08T19:02:07.425+0300] {dag.py:3033} INFO - Sync 2 DAGs
[2024-01-08T19:02:07.483+0300] {logging_mixin.py:188} INFO - [2024-01-08T19:02:07.482+0300] {dag.py:3820} INFO - Setting next_dagrun for example_xcom_args to None, run_after=None
[2024-01-08T19:02:07.518+0300] {logging_mixin.py:188} INFO - [2024-01-08T19:02:07.518+0300] {dag.py:3820} INFO - Setting next_dagrun for example_xcom_args_with_operators to None, run_after=None
[2024-01-08T19:02:07.623+0300] {processor.py:183} INFO - Processing /usr/local/lib/python3.10/dist-packages/airflow/example_dags/example_xcomargs.py took 0.615 seconds
[2024-01-08T19:02:38.050+0300] {processor.py:161} INFO - Started process (PID=27559) to work on /usr/local/lib/python3.10/dist-packages/airflow/example_dags/example_xcomargs.py
[2024-01-08T19:02:38.054+0300] {processor.py:830} INFO - Processing file /usr/local/lib/python3.10/dist-packages/airflow/example_dags/example_xcomargs.py for tasks to queue
[2024-01-08T19:02:38.057+0300] {logging_mixin.py:188} INFO - [2024-01-08T19:02:38.056+0300] {dagbag.py:538} INFO - Filling up the DagBag from /usr/local/lib/python3.10/dist-packages/airflow/example_dags/example_xcomargs.py
[2024-01-08T19:02:38.089+0300] {processor.py:840} INFO - DAG(s) 'example_xcom_args_with_operators', 'example_xcom_args' retrieved from /usr/local/lib/python3.10/dist-packages/airflow/example_dags/example_xcomargs.py
[2024-01-08T19:02:38.289+0300] {logging_mixin.py:188} INFO - [2024-01-08T19:02:38.288+0300] {dag.py:3033} INFO - Sync 2 DAGs
[2024-01-08T19:02:38.332+0300] {logging_mixin.py:188} INFO - [2024-01-08T19:02:38.331+0300] {dag.py:3820} INFO - Setting next_dagrun for example_xcom_args to None, run_after=None
[2024-01-08T19:02:38.340+0300] {logging_mixin.py:188} INFO - [2024-01-08T19:02:38.339+0300] {dag.py:3820} INFO - Setting next_dagrun for example_xcom_args_with_operators to None, run_after=None
[2024-01-08T19:02:38.438+0300] {processor.py:183} INFO - Processing /usr/local/lib/python3.10/dist-packages/airflow/example_dags/example_xcomargs.py took 0.402 seconds
[2024-01-08T19:03:17.534+0300] {processor.py:161} INFO - Started process (PID=27931) to work on /usr/local/lib/python3.10/dist-packages/airflow/example_dags/example_xcomargs.py
[2024-01-08T19:03:17.557+0300] {processor.py:830} INFO - Processing file /usr/local/lib/python3.10/dist-packages/airflow/example_dags/example_xcomargs.py for tasks to queue
[2024-01-08T19:03:17.560+0300] {logging_mixin.py:188} INFO - [2024-01-08T19:03:17.559+0300] {dagbag.py:538} INFO - Filling up the DagBag from /usr/local/lib/python3.10/dist-packages/airflow/example_dags/example_xcomargs.py
[2024-01-08T19:03:17.746+0300] {processor.py:840} INFO - DAG(s) 'example_xcom_args_with_operators', 'example_xcom_args' retrieved from /usr/local/lib/python3.10/dist-packages/airflow/example_dags/example_xcomargs.py
[2024-01-08T19:03:18.420+0300] {logging_mixin.py:188} INFO - [2024-01-08T19:03:18.419+0300] {dag.py:3033} INFO - Sync 2 DAGs
[2024-01-08T19:03:18.604+0300] {logging_mixin.py:188} INFO - [2024-01-08T19:03:18.603+0300] {dag.py:3820} INFO - Setting next_dagrun for example_xcom_args to None, run_after=None
[2024-01-08T19:03:18.681+0300] {logging_mixin.py:188} INFO - [2024-01-08T19:03:18.680+0300] {dag.py:3820} INFO - Setting next_dagrun for example_xcom_args_with_operators to None, run_after=None
[2024-01-08T19:03:18.842+0300] {processor.py:183} INFO - Processing /usr/local/lib/python3.10/dist-packages/airflow/example_dags/example_xcomargs.py took 1.397 seconds
[2024-01-08T19:03:49.166+0300] {processor.py:161} INFO - Started process (PID=28332) to work on /usr/local/lib/python3.10/dist-packages/airflow/example_dags/example_xcomargs.py
[2024-01-08T19:03:49.168+0300] {processor.py:830} INFO - Processing file /usr/local/lib/python3.10/dist-packages/airflow/example_dags/example_xcomargs.py for tasks to queue
[2024-01-08T19:03:49.170+0300] {logging_mixin.py:188} INFO - [2024-01-08T19:03:49.169+0300] {dagbag.py:538} INFO - Filling up the DagBag from /usr/local/lib/python3.10/dist-packages/airflow/example_dags/example_xcomargs.py
[2024-01-08T19:03:49.199+0300] {processor.py:840} INFO - DAG(s) 'example_xcom_args_with_operators', 'example_xcom_args' retrieved from /usr/local/lib/python3.10/dist-packages/airflow/example_dags/example_xcomargs.py
[2024-01-08T19:03:49.378+0300] {logging_mixin.py:188} INFO - [2024-01-08T19:03:49.378+0300] {dag.py:3033} INFO - Sync 2 DAGs
[2024-01-08T19:03:49.421+0300] {logging_mixin.py:188} INFO - [2024-01-08T19:03:49.420+0300] {dag.py:3820} INFO - Setting next_dagrun for example_xcom_args to None, run_after=None
[2024-01-08T19:03:49.434+0300] {logging_mixin.py:188} INFO - [2024-01-08T19:03:49.433+0300] {dag.py:3820} INFO - Setting next_dagrun for example_xcom_args_with_operators to None, run_after=None
[2024-01-08T19:03:49.506+0300] {processor.py:183} INFO - Processing /usr/local/lib/python3.10/dist-packages/airflow/example_dags/example_xcomargs.py took 0.376 seconds
[2024-01-08T19:04:19.774+0300] {processor.py:161} INFO - Started process (PID=28698) to work on /usr/local/lib/python3.10/dist-packages/airflow/example_dags/example_xcomargs.py
[2024-01-08T19:04:19.777+0300] {processor.py:830} INFO - Processing file /usr/local/lib/python3.10/dist-packages/airflow/example_dags/example_xcomargs.py for tasks to queue
[2024-01-08T19:04:19.780+0300] {logging_mixin.py:188} INFO - [2024-01-08T19:04:19.778+0300] {dagbag.py:538} INFO - Filling up the DagBag from /usr/local/lib/python3.10/dist-packages/airflow/example_dags/example_xcomargs.py
[2024-01-08T19:04:19.813+0300] {processor.py:840} INFO - DAG(s) 'example_xcom_args_with_operators', 'example_xcom_args' retrieved from /usr/local/lib/python3.10/dist-packages/airflow/example_dags/example_xcomargs.py
[2024-01-08T19:04:19.956+0300] {logging_mixin.py:188} INFO - [2024-01-08T19:04:19.956+0300] {dag.py:3033} INFO - Sync 2 DAGs
[2024-01-08T19:04:19.999+0300] {logging_mixin.py:188} INFO - [2024-01-08T19:04:19.998+0300] {dag.py:3820} INFO - Setting next_dagrun for example_xcom_args to None, run_after=None
[2024-01-08T19:04:20.007+0300] {logging_mixin.py:188} INFO - [2024-01-08T19:04:20.007+0300] {dag.py:3820} INFO - Setting next_dagrun for example_xcom_args_with_operators to None, run_after=None
[2024-01-08T19:04:20.060+0300] {processor.py:183} INFO - Processing /usr/local/lib/python3.10/dist-packages/airflow/example_dags/example_xcomargs.py took 0.303 seconds
[2024-01-08T19:04:52.647+0300] {processor.py:161} INFO - Started process (PID=29093) to work on /usr/local/lib/python3.10/dist-packages/airflow/example_dags/example_xcomargs.py
[2024-01-08T19:04:52.709+0300] {processor.py:830} INFO - Processing file /usr/local/lib/python3.10/dist-packages/airflow/example_dags/example_xcomargs.py for tasks to queue
[2024-01-08T19:04:52.712+0300] {logging_mixin.py:188} INFO - [2024-01-08T19:04:52.711+0300] {dagbag.py:538} INFO - Filling up the DagBag from /usr/local/lib/python3.10/dist-packages/airflow/example_dags/example_xcomargs.py
[2024-01-08T19:04:52.893+0300] {processor.py:840} INFO - DAG(s) 'example_xcom_args', 'example_xcom_args_with_operators' retrieved from /usr/local/lib/python3.10/dist-packages/airflow/example_dags/example_xcomargs.py
[2024-01-08T19:04:53.424+0300] {logging_mixin.py:188} INFO - [2024-01-08T19:04:53.423+0300] {dag.py:3033} INFO - Sync 2 DAGs
[2024-01-08T19:04:53.526+0300] {logging_mixin.py:188} INFO - [2024-01-08T19:04:53.526+0300] {dag.py:3820} INFO - Setting next_dagrun for example_xcom_args to None, run_after=None
[2024-01-08T19:04:53.580+0300] {logging_mixin.py:188} INFO - [2024-01-08T19:04:53.579+0300] {dag.py:3820} INFO - Setting next_dagrun for example_xcom_args_with_operators to None, run_after=None
[2024-01-08T19:04:53.870+0300] {processor.py:183} INFO - Processing /usr/local/lib/python3.10/dist-packages/airflow/example_dags/example_xcomargs.py took 1.261 seconds
[2024-01-08T19:05:24.860+0300] {processor.py:161} INFO - Started process (PID=29520) to work on /usr/local/lib/python3.10/dist-packages/airflow/example_dags/example_xcomargs.py
[2024-01-08T19:05:24.911+0300] {processor.py:830} INFO - Processing file /usr/local/lib/python3.10/dist-packages/airflow/example_dags/example_xcomargs.py for tasks to queue
[2024-01-08T19:05:24.942+0300] {logging_mixin.py:188} INFO - [2024-01-08T19:05:24.913+0300] {dagbag.py:538} INFO - Filling up the DagBag from /usr/local/lib/python3.10/dist-packages/airflow/example_dags/example_xcomargs.py
[2024-01-08T19:05:25.198+0300] {processor.py:840} INFO - DAG(s) 'example_xcom_args', 'example_xcom_args_with_operators' retrieved from /usr/local/lib/python3.10/dist-packages/airflow/example_dags/example_xcomargs.py
[2024-01-08T19:05:26.022+0300] {logging_mixin.py:188} INFO - [2024-01-08T19:05:26.021+0300] {dag.py:3033} INFO - Sync 2 DAGs
[2024-01-08T19:05:26.124+0300] {logging_mixin.py:188} INFO - [2024-01-08T19:05:26.122+0300] {dag.py:3820} INFO - Setting next_dagrun for example_xcom_args to None, run_after=None
[2024-01-08T19:05:26.136+0300] {logging_mixin.py:188} INFO - [2024-01-08T19:05:26.135+0300] {dag.py:3820} INFO - Setting next_dagrun for example_xcom_args_with_operators to None, run_after=None
[2024-01-08T19:05:26.316+0300] {processor.py:183} INFO - Processing /usr/local/lib/python3.10/dist-packages/airflow/example_dags/example_xcomargs.py took 1.540 seconds
[2024-01-08T19:06:01.384+0300] {processor.py:161} INFO - Started process (PID=29907) to work on /usr/local/lib/python3.10/dist-packages/airflow/example_dags/example_xcomargs.py
[2024-01-08T19:06:01.387+0300] {processor.py:830} INFO - Processing file /usr/local/lib/python3.10/dist-packages/airflow/example_dags/example_xcomargs.py for tasks to queue
[2024-01-08T19:06:01.389+0300] {logging_mixin.py:188} INFO - [2024-01-08T19:06:01.389+0300] {dagbag.py:538} INFO - Filling up the DagBag from /usr/local/lib/python3.10/dist-packages/airflow/example_dags/example_xcomargs.py
[2024-01-08T19:06:01.414+0300] {processor.py:840} INFO - DAG(s) 'example_xcom_args_with_operators', 'example_xcom_args' retrieved from /usr/local/lib/python3.10/dist-packages/airflow/example_dags/example_xcomargs.py
[2024-01-08T19:06:01.608+0300] {logging_mixin.py:188} INFO - [2024-01-08T19:06:01.606+0300] {dag.py:3033} INFO - Sync 2 DAGs
[2024-01-08T19:06:01.698+0300] {logging_mixin.py:188} INFO - [2024-01-08T19:06:01.698+0300] {dag.py:3820} INFO - Setting next_dagrun for example_xcom_args to None, run_after=None
[2024-01-08T19:06:01.712+0300] {logging_mixin.py:188} INFO - [2024-01-08T19:06:01.712+0300] {dag.py:3820} INFO - Setting next_dagrun for example_xcom_args_with_operators to None, run_after=None
[2024-01-08T19:06:01.880+0300] {processor.py:183} INFO - Processing /usr/local/lib/python3.10/dist-packages/airflow/example_dags/example_xcomargs.py took 0.510 seconds
[2024-01-08T19:06:38.412+0300] {processor.py:161} INFO - Started process (PID=30297) to work on /usr/local/lib/python3.10/dist-packages/airflow/example_dags/example_xcomargs.py
[2024-01-08T19:06:38.467+0300] {processor.py:830} INFO - Processing file /usr/local/lib/python3.10/dist-packages/airflow/example_dags/example_xcomargs.py for tasks to queue
[2024-01-08T19:06:38.472+0300] {logging_mixin.py:188} INFO - [2024-01-08T19:06:38.471+0300] {dagbag.py:538} INFO - Filling up the DagBag from /usr/local/lib/python3.10/dist-packages/airflow/example_dags/example_xcomargs.py
[2024-01-08T19:06:38.761+0300] {processor.py:840} INFO - DAG(s) 'example_xcom_args', 'example_xcom_args_with_operators' retrieved from /usr/local/lib/python3.10/dist-packages/airflow/example_dags/example_xcomargs.py
[2024-01-08T19:06:39.718+0300] {logging_mixin.py:188} INFO - [2024-01-08T19:06:39.718+0300] {dag.py:3033} INFO - Sync 2 DAGs
[2024-01-08T19:06:40.103+0300] {logging_mixin.py:188} INFO - [2024-01-08T19:06:40.103+0300] {dag.py:3820} INFO - Setting next_dagrun for example_xcom_args to None, run_after=None
[2024-01-08T19:06:40.204+0300] {logging_mixin.py:188} INFO - [2024-01-08T19:06:40.203+0300] {dag.py:3820} INFO - Setting next_dagrun for example_xcom_args_with_operators to None, run_after=None
[2024-01-08T19:06:41.283+0300] {processor.py:183} INFO - Processing /usr/local/lib/python3.10/dist-packages/airflow/example_dags/example_xcomargs.py took 3.024 seconds
[2024-01-08T19:07:17.451+0300] {processor.py:161} INFO - Started process (PID=30734) to work on /usr/local/lib/python3.10/dist-packages/airflow/example_dags/example_xcomargs.py
[2024-01-08T19:07:17.456+0300] {processor.py:830} INFO - Processing file /usr/local/lib/python3.10/dist-packages/airflow/example_dags/example_xcomargs.py for tasks to queue
[2024-01-08T19:07:17.469+0300] {logging_mixin.py:188} INFO - [2024-01-08T19:07:17.467+0300] {dagbag.py:538} INFO - Filling up the DagBag from /usr/local/lib/python3.10/dist-packages/airflow/example_dags/example_xcomargs.py
[2024-01-08T19:07:17.530+0300] {processor.py:840} INFO - DAG(s) 'example_xcom_args', 'example_xcom_args_with_operators' retrieved from /usr/local/lib/python3.10/dist-packages/airflow/example_dags/example_xcomargs.py
[2024-01-08T19:07:17.742+0300] {logging_mixin.py:188} INFO - [2024-01-08T19:07:17.742+0300] {dag.py:3033} INFO - Sync 2 DAGs
[2024-01-08T19:07:17.809+0300] {logging_mixin.py:188} INFO - [2024-01-08T19:07:17.809+0300] {dag.py:3820} INFO - Setting next_dagrun for example_xcom_args to None, run_after=None
[2024-01-08T19:07:17.835+0300] {logging_mixin.py:188} INFO - [2024-01-08T19:07:17.834+0300] {dag.py:3820} INFO - Setting next_dagrun for example_xcom_args_with_operators to None, run_after=None
[2024-01-08T19:07:17.964+0300] {processor.py:183} INFO - Processing /usr/local/lib/python3.10/dist-packages/airflow/example_dags/example_xcomargs.py took 0.539 seconds
[2024-01-08T19:07:48.910+0300] {processor.py:161} INFO - Started process (PID=31059) to work on /usr/local/lib/python3.10/dist-packages/airflow/example_dags/example_xcomargs.py
[2024-01-08T19:07:48.938+0300] {processor.py:830} INFO - Processing file /usr/local/lib/python3.10/dist-packages/airflow/example_dags/example_xcomargs.py for tasks to queue
[2024-01-08T19:07:48.941+0300] {logging_mixin.py:188} INFO - [2024-01-08T19:07:48.941+0300] {dagbag.py:538} INFO - Filling up the DagBag from /usr/local/lib/python3.10/dist-packages/airflow/example_dags/example_xcomargs.py
[2024-01-08T19:07:48.992+0300] {processor.py:840} INFO - DAG(s) 'example_xcom_args', 'example_xcom_args_with_operators' retrieved from /usr/local/lib/python3.10/dist-packages/airflow/example_dags/example_xcomargs.py
[2024-01-08T19:07:49.334+0300] {logging_mixin.py:188} INFO - [2024-01-08T19:07:49.333+0300] {dag.py:3033} INFO - Sync 2 DAGs
[2024-01-08T19:07:49.413+0300] {logging_mixin.py:188} INFO - [2024-01-08T19:07:49.413+0300] {dag.py:3820} INFO - Setting next_dagrun for example_xcom_args to None, run_after=None
[2024-01-08T19:07:49.459+0300] {logging_mixin.py:188} INFO - [2024-01-08T19:07:49.458+0300] {dag.py:3820} INFO - Setting next_dagrun for example_xcom_args_with_operators to None, run_after=None
[2024-01-08T19:07:49.536+0300] {processor.py:183} INFO - Processing /usr/local/lib/python3.10/dist-packages/airflow/example_dags/example_xcomargs.py took 0.677 seconds
[2024-01-08T19:08:19.922+0300] {processor.py:161} INFO - Started process (PID=31374) to work on /usr/local/lib/python3.10/dist-packages/airflow/example_dags/example_xcomargs.py
[2024-01-08T19:08:19.929+0300] {processor.py:830} INFO - Processing file /usr/local/lib/python3.10/dist-packages/airflow/example_dags/example_xcomargs.py for tasks to queue
[2024-01-08T19:08:19.931+0300] {logging_mixin.py:188} INFO - [2024-01-08T19:08:19.931+0300] {dagbag.py:538} INFO - Filling up the DagBag from /usr/local/lib/python3.10/dist-packages/airflow/example_dags/example_xcomargs.py
[2024-01-08T19:08:19.968+0300] {processor.py:840} INFO - DAG(s) 'example_xcom_args', 'example_xcom_args_with_operators' retrieved from /usr/local/lib/python3.10/dist-packages/airflow/example_dags/example_xcomargs.py
[2024-01-08T19:08:20.109+0300] {logging_mixin.py:188} INFO - [2024-01-08T19:08:20.108+0300] {dag.py:3033} INFO - Sync 2 DAGs
[2024-01-08T19:08:20.157+0300] {logging_mixin.py:188} INFO - [2024-01-08T19:08:20.156+0300] {dag.py:3820} INFO - Setting next_dagrun for example_xcom_args to None, run_after=None
[2024-01-08T19:08:20.181+0300] {logging_mixin.py:188} INFO - [2024-01-08T19:08:20.181+0300] {dag.py:3820} INFO - Setting next_dagrun for example_xcom_args_with_operators to None, run_after=None
[2024-01-08T19:08:20.252+0300] {processor.py:183} INFO - Processing /usr/local/lib/python3.10/dist-packages/airflow/example_dags/example_xcomargs.py took 0.360 seconds
[2024-01-08T19:08:50.489+0300] {processor.py:161} INFO - Started process (PID=31690) to work on /usr/local/lib/python3.10/dist-packages/airflow/example_dags/example_xcomargs.py
[2024-01-08T19:08:50.515+0300] {processor.py:830} INFO - Processing file /usr/local/lib/python3.10/dist-packages/airflow/example_dags/example_xcomargs.py for tasks to queue
[2024-01-08T19:08:50.517+0300] {logging_mixin.py:188} INFO - [2024-01-08T19:08:50.516+0300] {dagbag.py:538} INFO - Filling up the DagBag from /usr/local/lib/python3.10/dist-packages/airflow/example_dags/example_xcomargs.py
[2024-01-08T19:08:50.584+0300] {processor.py:840} INFO - DAG(s) 'example_xcom_args_with_operators', 'example_xcom_args' retrieved from /usr/local/lib/python3.10/dist-packages/airflow/example_dags/example_xcomargs.py
[2024-01-08T19:08:50.897+0300] {logging_mixin.py:188} INFO - [2024-01-08T19:08:50.897+0300] {dag.py:3033} INFO - Sync 2 DAGs
[2024-01-08T19:08:51.023+0300] {logging_mixin.py:188} INFO - [2024-01-08T19:08:51.023+0300] {dag.py:3820} INFO - Setting next_dagrun for example_xcom_args to None, run_after=None
[2024-01-08T19:08:51.082+0300] {logging_mixin.py:188} INFO - [2024-01-08T19:08:51.082+0300] {dag.py:3820} INFO - Setting next_dagrun for example_xcom_args_with_operators to None, run_after=None
[2024-01-08T19:08:51.234+0300] {processor.py:183} INFO - Processing /usr/local/lib/python3.10/dist-packages/airflow/example_dags/example_xcomargs.py took 0.784 seconds
[2024-01-08T19:09:21.406+0300] {processor.py:161} INFO - Started process (PID=32064) to work on /usr/local/lib/python3.10/dist-packages/airflow/example_dags/example_xcomargs.py
[2024-01-08T19:09:21.409+0300] {processor.py:830} INFO - Processing file /usr/local/lib/python3.10/dist-packages/airflow/example_dags/example_xcomargs.py for tasks to queue
[2024-01-08T19:09:21.410+0300] {logging_mixin.py:188} INFO - [2024-01-08T19:09:21.410+0300] {dagbag.py:538} INFO - Filling up the DagBag from /usr/local/lib/python3.10/dist-packages/airflow/example_dags/example_xcomargs.py
[2024-01-08T19:09:21.431+0300] {processor.py:840} INFO - DAG(s) 'example_xcom_args_with_operators', 'example_xcom_args' retrieved from /usr/local/lib/python3.10/dist-packages/airflow/example_dags/example_xcomargs.py
[2024-01-08T19:09:21.530+0300] {logging_mixin.py:188} INFO - [2024-01-08T19:09:21.530+0300] {dag.py:3033} INFO - Sync 2 DAGs
[2024-01-08T19:09:21.570+0300] {logging_mixin.py:188} INFO - [2024-01-08T19:09:21.570+0300] {dag.py:3820} INFO - Setting next_dagrun for example_xcom_args to None, run_after=None
[2024-01-08T19:09:21.579+0300] {logging_mixin.py:188} INFO - [2024-01-08T19:09:21.578+0300] {dag.py:3820} INFO - Setting next_dagrun for example_xcom_args_with_operators to None, run_after=None
[2024-01-08T19:09:21.622+0300] {processor.py:183} INFO - Processing /usr/local/lib/python3.10/dist-packages/airflow/example_dags/example_xcomargs.py took 0.225 seconds
[2024-01-08T19:09:52.218+0300] {processor.py:161} INFO - Started process (PID=32440) to work on /usr/local/lib/python3.10/dist-packages/airflow/example_dags/example_xcomargs.py
[2024-01-08T19:09:52.220+0300] {processor.py:830} INFO - Processing file /usr/local/lib/python3.10/dist-packages/airflow/example_dags/example_xcomargs.py for tasks to queue
[2024-01-08T19:09:52.222+0300] {logging_mixin.py:188} INFO - [2024-01-08T19:09:52.221+0300] {dagbag.py:538} INFO - Filling up the DagBag from /usr/local/lib/python3.10/dist-packages/airflow/example_dags/example_xcomargs.py
[2024-01-08T19:09:52.250+0300] {processor.py:840} INFO - DAG(s) 'example_xcom_args', 'example_xcom_args_with_operators' retrieved from /usr/local/lib/python3.10/dist-packages/airflow/example_dags/example_xcomargs.py
[2024-01-08T19:09:52.349+0300] {logging_mixin.py:188} INFO - [2024-01-08T19:09:52.349+0300] {dag.py:3033} INFO - Sync 2 DAGs
[2024-01-08T19:09:52.395+0300] {logging_mixin.py:188} INFO - [2024-01-08T19:09:52.394+0300] {dag.py:3820} INFO - Setting next_dagrun for example_xcom_args to None, run_after=None
[2024-01-08T19:09:52.403+0300] {logging_mixin.py:188} INFO - [2024-01-08T19:09:52.402+0300] {dag.py:3820} INFO - Setting next_dagrun for example_xcom_args_with_operators to None, run_after=None
[2024-01-08T19:09:52.449+0300] {processor.py:183} INFO - Processing /usr/local/lib/python3.10/dist-packages/airflow/example_dags/example_xcomargs.py took 0.245 seconds
[2024-01-08T19:10:29.485+0300] {processor.py:161} INFO - Started process (PID=32785) to work on /usr/local/lib/python3.10/dist-packages/airflow/example_dags/example_xcomargs.py
[2024-01-08T19:10:29.504+0300] {processor.py:830} INFO - Processing file /usr/local/lib/python3.10/dist-packages/airflow/example_dags/example_xcomargs.py for tasks to queue
[2024-01-08T19:10:29.511+0300] {logging_mixin.py:188} INFO - [2024-01-08T19:10:29.509+0300] {dagbag.py:538} INFO - Filling up the DagBag from /usr/local/lib/python3.10/dist-packages/airflow/example_dags/example_xcomargs.py
[2024-01-08T19:10:29.610+0300] {processor.py:840} INFO - DAG(s) 'example_xcom_args_with_operators', 'example_xcom_args' retrieved from /usr/local/lib/python3.10/dist-packages/airflow/example_dags/example_xcomargs.py
[2024-01-08T19:10:29.800+0300] {logging_mixin.py:188} INFO - [2024-01-08T19:10:29.800+0300] {dag.py:3033} INFO - Sync 2 DAGs
[2024-01-08T19:10:29.831+0300] {logging_mixin.py:188} INFO - [2024-01-08T19:10:29.830+0300] {dag.py:3820} INFO - Setting next_dagrun for example_xcom_args to None, run_after=None
[2024-01-08T19:10:29.843+0300] {logging_mixin.py:188} INFO - [2024-01-08T19:10:29.842+0300] {dag.py:3820} INFO - Setting next_dagrun for example_xcom_args_with_operators to None, run_after=None
[2024-01-08T19:10:29.950+0300] {processor.py:183} INFO - Processing /usr/local/lib/python3.10/dist-packages/airflow/example_dags/example_xcomargs.py took 0.486 seconds
[2024-01-08T19:11:09.669+0300] {processor.py:161} INFO - Started process (PID=33178) to work on /usr/local/lib/python3.10/dist-packages/airflow/example_dags/example_xcomargs.py
[2024-01-08T19:11:09.682+0300] {processor.py:830} INFO - Processing file /usr/local/lib/python3.10/dist-packages/airflow/example_dags/example_xcomargs.py for tasks to queue
[2024-01-08T19:11:09.684+0300] {logging_mixin.py:188} INFO - [2024-01-08T19:11:09.683+0300] {dagbag.py:538} INFO - Filling up the DagBag from /usr/local/lib/python3.10/dist-packages/airflow/example_dags/example_xcomargs.py
[2024-01-08T19:11:09.749+0300] {processor.py:840} INFO - DAG(s) 'example_xcom_args', 'example_xcom_args_with_operators' retrieved from /usr/local/lib/python3.10/dist-packages/airflow/example_dags/example_xcomargs.py
[2024-01-08T19:11:09.983+0300] {logging_mixin.py:188} INFO - [2024-01-08T19:11:09.982+0300] {dag.py:3033} INFO - Sync 2 DAGs
[2024-01-08T19:11:10.036+0300] {logging_mixin.py:188} INFO - [2024-01-08T19:11:10.035+0300] {dag.py:3820} INFO - Setting next_dagrun for example_xcom_args to None, run_after=None
[2024-01-08T19:11:10.045+0300] {logging_mixin.py:188} INFO - [2024-01-08T19:11:10.045+0300] {dag.py:3820} INFO - Setting next_dagrun for example_xcom_args_with_operators to None, run_after=None
[2024-01-08T19:11:10.096+0300] {processor.py:183} INFO - Processing /usr/local/lib/python3.10/dist-packages/airflow/example_dags/example_xcomargs.py took 0.439 seconds
[2024-01-08T19:11:59.104+0300] {processor.py:161} INFO - Started process (PID=33654) to work on /usr/local/lib/python3.10/dist-packages/airflow/example_dags/example_xcomargs.py
[2024-01-08T19:11:59.113+0300] {processor.py:830} INFO - Processing file /usr/local/lib/python3.10/dist-packages/airflow/example_dags/example_xcomargs.py for tasks to queue
[2024-01-08T19:11:59.116+0300] {logging_mixin.py:188} INFO - [2024-01-08T19:11:59.114+0300] {dagbag.py:538} INFO - Filling up the DagBag from /usr/local/lib/python3.10/dist-packages/airflow/example_dags/example_xcomargs.py
[2024-01-08T19:11:59.184+0300] {processor.py:840} INFO - DAG(s) 'example_xcom_args_with_operators', 'example_xcom_args' retrieved from /usr/local/lib/python3.10/dist-packages/airflow/example_dags/example_xcomargs.py
[2024-01-08T19:11:59.458+0300] {logging_mixin.py:188} INFO - [2024-01-08T19:11:59.458+0300] {dag.py:3033} INFO - Sync 2 DAGs
[2024-01-08T19:11:59.575+0300] {logging_mixin.py:188} INFO - [2024-01-08T19:11:59.574+0300] {dag.py:3820} INFO - Setting next_dagrun for example_xcom_args to None, run_after=None
[2024-01-08T19:11:59.613+0300] {logging_mixin.py:188} INFO - [2024-01-08T19:11:59.612+0300] {dag.py:3820} INFO - Setting next_dagrun for example_xcom_args_with_operators to None, run_after=None
[2024-01-08T19:11:59.742+0300] {processor.py:183} INFO - Processing /usr/local/lib/python3.10/dist-packages/airflow/example_dags/example_xcomargs.py took 0.692 seconds
[2024-01-08T19:12:33.510+0300] {processor.py:161} INFO - Started process (PID=34017) to work on /usr/local/lib/python3.10/dist-packages/airflow/example_dags/example_xcomargs.py
[2024-01-08T19:12:33.534+0300] {processor.py:830} INFO - Processing file /usr/local/lib/python3.10/dist-packages/airflow/example_dags/example_xcomargs.py for tasks to queue
[2024-01-08T19:12:33.537+0300] {logging_mixin.py:188} INFO - [2024-01-08T19:12:33.536+0300] {dagbag.py:538} INFO - Filling up the DagBag from /usr/local/lib/python3.10/dist-packages/airflow/example_dags/example_xcomargs.py
[2024-01-08T19:12:33.734+0300] {processor.py:840} INFO - DAG(s) 'example_xcom_args_with_operators', 'example_xcom_args' retrieved from /usr/local/lib/python3.10/dist-packages/airflow/example_dags/example_xcomargs.py
[2024-01-08T19:12:34.026+0300] {logging_mixin.py:188} INFO - [2024-01-08T19:12:34.025+0300] {dag.py:3033} INFO - Sync 2 DAGs
[2024-01-08T19:12:34.119+0300] {logging_mixin.py:188} INFO - [2024-01-08T19:12:34.104+0300] {dag.py:3820} INFO - Setting next_dagrun for example_xcom_args to None, run_after=None
[2024-01-08T19:12:34.208+0300] {logging_mixin.py:188} INFO - [2024-01-08T19:12:34.207+0300] {dag.py:3820} INFO - Setting next_dagrun for example_xcom_args_with_operators to None, run_after=None
[2024-01-08T19:12:35.587+0300] {processor.py:183} INFO - Processing /usr/local/lib/python3.10/dist-packages/airflow/example_dags/example_xcomargs.py took 2.123 seconds
