[2024-01-08T17:37:25.465+0300] {processor.py:161} INFO - Started process (PID=5670) to work on /usr/local/lib/python3.10/dist-packages/airflow/example_dags/example_branch_operator_decorator.py
[2024-01-08T17:37:25.468+0300] {processor.py:830} INFO - Processing file /usr/local/lib/python3.10/dist-packages/airflow/example_dags/example_branch_operator_decorator.py for tasks to queue
[2024-01-08T17:37:25.474+0300] {logging_mixin.py:188} INFO - [2024-01-08T17:37:25.473+0300] {dagbag.py:538} INFO - Filling up the DagBag from /usr/local/lib/python3.10/dist-packages/airflow/example_dags/example_branch_operator_decorator.py
[2024-01-08T17:37:25.574+0300] {processor.py:840} INFO - DAG(s) 'example_branch_python_operator_decorator' retrieved from /usr/local/lib/python3.10/dist-packages/airflow/example_dags/example_branch_operator_decorator.py
[2024-01-08T17:37:26.015+0300] {logging_mixin.py:188} INFO - [2024-01-08T17:37:26.014+0300] {override.py:1769} INFO - Created Permission View: can edit on DAG:example_branch_python_operator_decorator
[2024-01-08T17:37:26.049+0300] {logging_mixin.py:188} INFO - [2024-01-08T17:37:26.047+0300] {override.py:1769} INFO - Created Permission View: can delete on DAG:example_branch_python_operator_decorator
[2024-01-08T17:37:26.086+0300] {logging_mixin.py:188} INFO - [2024-01-08T17:37:26.085+0300] {override.py:1769} INFO - Created Permission View: can read on DAG:example_branch_python_operator_decorator
[2024-01-08T17:37:26.087+0300] {logging_mixin.py:188} INFO - [2024-01-08T17:37:26.086+0300] {dag.py:3033} INFO - Sync 1 DAGs
[2024-01-08T17:37:26.121+0300] {logging_mixin.py:188} INFO - [2024-01-08T17:37:26.121+0300] {dag.py:3055} INFO - Creating ORM DAG for example_branch_python_operator_decorator
[2024-01-08T17:37:26.148+0300] {logging_mixin.py:188} INFO - [2024-01-08T17:37:26.148+0300] {dag.py:3820} INFO - Setting next_dagrun for example_branch_python_operator_decorator to 2024-01-07T00:00:00+00:00, run_after=2024-01-08T00:00:00+00:00
[2024-01-08T17:37:26.191+0300] {processor.py:183} INFO - Processing /usr/local/lib/python3.10/dist-packages/airflow/example_dags/example_branch_operator_decorator.py took 0.743 seconds
[2024-01-08T17:37:57.000+0300] {processor.py:161} INFO - Started process (PID=6020) to work on /usr/local/lib/python3.10/dist-packages/airflow/example_dags/example_branch_operator_decorator.py
[2024-01-08T17:37:57.003+0300] {processor.py:830} INFO - Processing file /usr/local/lib/python3.10/dist-packages/airflow/example_dags/example_branch_operator_decorator.py for tasks to queue
[2024-01-08T17:37:57.005+0300] {logging_mixin.py:188} INFO - [2024-01-08T17:37:57.004+0300] {dagbag.py:538} INFO - Filling up the DagBag from /usr/local/lib/python3.10/dist-packages/airflow/example_dags/example_branch_operator_decorator.py
[2024-01-08T17:37:57.060+0300] {processor.py:840} INFO - DAG(s) 'example_branch_python_operator_decorator' retrieved from /usr/local/lib/python3.10/dist-packages/airflow/example_dags/example_branch_operator_decorator.py
[2024-01-08T17:37:57.200+0300] {logging_mixin.py:188} INFO - [2024-01-08T17:37:57.200+0300] {dag.py:3033} INFO - Sync 1 DAGs
[2024-01-08T17:37:57.282+0300] {logging_mixin.py:188} INFO - [2024-01-08T17:37:57.281+0300] {dag.py:3820} INFO - Setting next_dagrun for example_branch_python_operator_decorator to 2024-01-07T00:00:00+00:00, run_after=2024-01-08T00:00:00+00:00
[2024-01-08T17:37:57.345+0300] {processor.py:183} INFO - Processing /usr/local/lib/python3.10/dist-packages/airflow/example_dags/example_branch_operator_decorator.py took 0.364 seconds
[2024-01-08T17:38:27.509+0300] {processor.py:161} INFO - Started process (PID=6336) to work on /usr/local/lib/python3.10/dist-packages/airflow/example_dags/example_branch_operator_decorator.py
[2024-01-08T17:38:27.512+0300] {processor.py:830} INFO - Processing file /usr/local/lib/python3.10/dist-packages/airflow/example_dags/example_branch_operator_decorator.py for tasks to queue
[2024-01-08T17:38:27.513+0300] {logging_mixin.py:188} INFO - [2024-01-08T17:38:27.513+0300] {dagbag.py:538} INFO - Filling up the DagBag from /usr/local/lib/python3.10/dist-packages/airflow/example_dags/example_branch_operator_decorator.py
[2024-01-08T17:38:27.551+0300] {processor.py:840} INFO - DAG(s) 'example_branch_python_operator_decorator' retrieved from /usr/local/lib/python3.10/dist-packages/airflow/example_dags/example_branch_operator_decorator.py
[2024-01-08T17:38:27.644+0300] {logging_mixin.py:188} INFO - [2024-01-08T17:38:27.644+0300] {dag.py:3033} INFO - Sync 1 DAGs
[2024-01-08T17:38:27.694+0300] {logging_mixin.py:188} INFO - [2024-01-08T17:38:27.694+0300] {dag.py:3820} INFO - Setting next_dagrun for example_branch_python_operator_decorator to 2024-01-07T00:00:00+00:00, run_after=2024-01-08T00:00:00+00:00
[2024-01-08T17:38:27.740+0300] {processor.py:183} INFO - Processing /usr/local/lib/python3.10/dist-packages/airflow/example_dags/example_branch_operator_decorator.py took 0.240 seconds
[2024-01-08T18:15:25.122+0300] {processor.py:161} INFO - Started process (PID=7608) to work on /usr/local/lib/python3.10/dist-packages/airflow/example_dags/example_branch_operator_decorator.py
[2024-01-08T18:15:25.126+0300] {processor.py:830} INFO - Processing file /usr/local/lib/python3.10/dist-packages/airflow/example_dags/example_branch_operator_decorator.py for tasks to queue
[2024-01-08T18:15:25.128+0300] {logging_mixin.py:188} INFO - [2024-01-08T18:15:25.127+0300] {dagbag.py:538} INFO - Filling up the DagBag from /usr/local/lib/python3.10/dist-packages/airflow/example_dags/example_branch_operator_decorator.py
[2024-01-08T18:15:25.187+0300] {processor.py:840} INFO - DAG(s) 'example_branch_python_operator_decorator' retrieved from /usr/local/lib/python3.10/dist-packages/airflow/example_dags/example_branch_operator_decorator.py
[2024-01-08T18:15:25.318+0300] {logging_mixin.py:188} INFO - [2024-01-08T18:15:25.317+0300] {dag.py:3033} INFO - Sync 1 DAGs
[2024-01-08T18:15:25.376+0300] {logging_mixin.py:188} INFO - [2024-01-08T18:15:25.375+0300] {dag.py:3820} INFO - Setting next_dagrun for example_branch_python_operator_decorator to 2024-01-07T00:00:00+00:00, run_after=2024-01-08T00:00:00+00:00
[2024-01-08T18:15:25.431+0300] {processor.py:183} INFO - Processing /usr/local/lib/python3.10/dist-packages/airflow/example_dags/example_branch_operator_decorator.py took 0.320 seconds
[2024-01-08T18:15:57.678+0300] {processor.py:161} INFO - Started process (PID=7949) to work on /usr/local/lib/python3.10/dist-packages/airflow/example_dags/example_branch_operator_decorator.py
[2024-01-08T18:15:57.681+0300] {processor.py:830} INFO - Processing file /usr/local/lib/python3.10/dist-packages/airflow/example_dags/example_branch_operator_decorator.py for tasks to queue
[2024-01-08T18:15:57.683+0300] {logging_mixin.py:188} INFO - [2024-01-08T18:15:57.682+0300] {dagbag.py:538} INFO - Filling up the DagBag from /usr/local/lib/python3.10/dist-packages/airflow/example_dags/example_branch_operator_decorator.py
[2024-01-08T18:15:57.758+0300] {processor.py:840} INFO - DAG(s) 'example_branch_python_operator_decorator' retrieved from /usr/local/lib/python3.10/dist-packages/airflow/example_dags/example_branch_operator_decorator.py
[2024-01-08T18:15:57.896+0300] {logging_mixin.py:188} INFO - [2024-01-08T18:15:57.895+0300] {dag.py:3033} INFO - Sync 1 DAGs
[2024-01-08T18:15:57.976+0300] {logging_mixin.py:188} INFO - [2024-01-08T18:15:57.976+0300] {dag.py:3820} INFO - Setting next_dagrun for example_branch_python_operator_decorator to 2024-01-07T00:00:00+00:00, run_after=2024-01-08T00:00:00+00:00
[2024-01-08T18:15:58.034+0300] {processor.py:183} INFO - Processing /usr/local/lib/python3.10/dist-packages/airflow/example_dags/example_branch_operator_decorator.py took 0.366 seconds
[2024-01-08T18:31:02.966+0300] {processor.py:161} INFO - Started process (PID=9185) to work on /usr/local/lib/python3.10/dist-packages/airflow/example_dags/example_branch_operator_decorator.py
[2024-01-08T18:31:03.076+0300] {processor.py:830} INFO - Processing file /usr/local/lib/python3.10/dist-packages/airflow/example_dags/example_branch_operator_decorator.py for tasks to queue
[2024-01-08T18:31:03.089+0300] {logging_mixin.py:188} INFO - [2024-01-08T18:31:03.077+0300] {dagbag.py:538} INFO - Filling up the DagBag from /usr/local/lib/python3.10/dist-packages/airflow/example_dags/example_branch_operator_decorator.py
[2024-01-08T18:31:06.177+0300] {processor.py:840} INFO - DAG(s) 'example_branch_python_operator_decorator' retrieved from /usr/local/lib/python3.10/dist-packages/airflow/example_dags/example_branch_operator_decorator.py
[2024-01-08T18:31:08.700+0300] {logging_mixin.py:188} INFO - [2024-01-08T18:31:08.664+0300] {dag.py:3033} INFO - Sync 1 DAGs
[2024-01-08T18:31:09.932+0300] {logging_mixin.py:188} INFO - [2024-01-08T18:31:09.932+0300] {dag.py:3820} INFO - Setting next_dagrun for example_branch_python_operator_decorator to 2024-01-07T00:00:00+00:00, run_after=2024-01-08T00:00:00+00:00
[2024-01-08T18:31:11.847+0300] {processor.py:183} INFO - Processing /usr/local/lib/python3.10/dist-packages/airflow/example_dags/example_branch_operator_decorator.py took 8.997 seconds
[2024-01-08T18:36:12.866+0300] {processor.py:161} INFO - Started process (PID=11223) to work on /usr/local/lib/python3.10/dist-packages/airflow/example_dags/example_branch_operator_decorator.py
[2024-01-08T18:36:12.976+0300] {processor.py:830} INFO - Processing file /usr/local/lib/python3.10/dist-packages/airflow/example_dags/example_branch_operator_decorator.py for tasks to queue
[2024-01-08T18:36:12.978+0300] {logging_mixin.py:188} INFO - [2024-01-08T18:36:12.977+0300] {dagbag.py:538} INFO - Filling up the DagBag from /usr/local/lib/python3.10/dist-packages/airflow/example_dags/example_branch_operator_decorator.py
[2024-01-08T18:36:13.903+0300] {processor.py:840} INFO - DAG(s) 'example_branch_python_operator_decorator' retrieved from /usr/local/lib/python3.10/dist-packages/airflow/example_dags/example_branch_operator_decorator.py
[2024-01-08T18:36:16.646+0300] {logging_mixin.py:188} INFO - [2024-01-08T18:36:16.646+0300] {dag.py:3033} INFO - Sync 1 DAGs
[2024-01-08T18:36:17.202+0300] {logging_mixin.py:188} INFO - [2024-01-08T18:36:17.201+0300] {dag.py:3820} INFO - Setting next_dagrun for example_branch_python_operator_decorator to 2024-01-07T00:00:00+00:00, run_after=2024-01-08T00:00:00+00:00
[2024-01-08T18:36:18.337+0300] {processor.py:183} INFO - Processing /usr/local/lib/python3.10/dist-packages/airflow/example_dags/example_branch_operator_decorator.py took 5.521 seconds
[2024-01-08T18:38:20.362+0300] {processor.py:161} INFO - Started process (PID=12140) to work on /usr/local/lib/python3.10/dist-packages/airflow/example_dags/example_branch_operator_decorator.py
[2024-01-08T18:38:20.388+0300] {processor.py:830} INFO - Processing file /usr/local/lib/python3.10/dist-packages/airflow/example_dags/example_branch_operator_decorator.py for tasks to queue
[2024-01-08T18:38:20.398+0300] {logging_mixin.py:188} INFO - [2024-01-08T18:38:20.398+0300] {dagbag.py:538} INFO - Filling up the DagBag from /usr/local/lib/python3.10/dist-packages/airflow/example_dags/example_branch_operator_decorator.py
[2024-01-08T18:38:20.719+0300] {processor.py:840} INFO - DAG(s) 'example_branch_python_operator_decorator' retrieved from /usr/local/lib/python3.10/dist-packages/airflow/example_dags/example_branch_operator_decorator.py
[2024-01-08T18:38:21.617+0300] {logging_mixin.py:188} INFO - [2024-01-08T18:38:21.616+0300] {dag.py:3033} INFO - Sync 1 DAGs
[2024-01-08T18:38:22.146+0300] {logging_mixin.py:188} INFO - [2024-01-08T18:38:22.107+0300] {dag.py:3820} INFO - Setting next_dagrun for example_branch_python_operator_decorator to 2024-01-07T00:00:00+00:00, run_after=2024-01-08T00:00:00+00:00
[2024-01-08T18:38:22.525+0300] {processor.py:183} INFO - Processing /usr/local/lib/python3.10/dist-packages/airflow/example_dags/example_branch_operator_decorator.py took 2.268 seconds
[2024-01-08T18:41:17.839+0300] {processor.py:161} INFO - Started process (PID=13355) to work on /usr/local/lib/python3.10/dist-packages/airflow/example_dags/example_branch_operator_decorator.py
[2024-01-08T18:41:17.849+0300] {processor.py:830} INFO - Processing file /usr/local/lib/python3.10/dist-packages/airflow/example_dags/example_branch_operator_decorator.py for tasks to queue
[2024-01-08T18:41:17.852+0300] {logging_mixin.py:188} INFO - [2024-01-08T18:41:17.851+0300] {dagbag.py:538} INFO - Filling up the DagBag from /usr/local/lib/python3.10/dist-packages/airflow/example_dags/example_branch_operator_decorator.py
[2024-01-08T18:41:18.117+0300] {processor.py:840} INFO - DAG(s) 'example_branch_python_operator_decorator' retrieved from /usr/local/lib/python3.10/dist-packages/airflow/example_dags/example_branch_operator_decorator.py
[2024-01-08T18:41:18.759+0300] {logging_mixin.py:188} INFO - [2024-01-08T18:41:18.758+0300] {dag.py:3033} INFO - Sync 1 DAGs
[2024-01-08T18:41:19.215+0300] {logging_mixin.py:188} INFO - [2024-01-08T18:41:19.214+0300] {dag.py:3820} INFO - Setting next_dagrun for example_branch_python_operator_decorator to 2024-01-07T00:00:00+00:00, run_after=2024-01-08T00:00:00+00:00
[2024-01-08T18:41:19.549+0300] {processor.py:183} INFO - Processing /usr/local/lib/python3.10/dist-packages/airflow/example_dags/example_branch_operator_decorator.py took 1.780 seconds
[2024-01-08T18:42:16.501+0300] {processor.py:161} INFO - Started process (PID=14042) to work on /usr/local/lib/python3.10/dist-packages/airflow/example_dags/example_branch_operator_decorator.py
[2024-01-08T18:42:16.504+0300] {processor.py:830} INFO - Processing file /usr/local/lib/python3.10/dist-packages/airflow/example_dags/example_branch_operator_decorator.py for tasks to queue
[2024-01-08T18:42:16.506+0300] {logging_mixin.py:188} INFO - [2024-01-08T18:42:16.505+0300] {dagbag.py:538} INFO - Filling up the DagBag from /usr/local/lib/python3.10/dist-packages/airflow/example_dags/example_branch_operator_decorator.py
[2024-01-08T18:42:16.586+0300] {processor.py:840} INFO - DAG(s) 'example_branch_python_operator_decorator' retrieved from /usr/local/lib/python3.10/dist-packages/airflow/example_dags/example_branch_operator_decorator.py
[2024-01-08T18:42:16.871+0300] {logging_mixin.py:188} INFO - [2024-01-08T18:42:16.862+0300] {dag.py:3033} INFO - Sync 1 DAGs
[2024-01-08T18:42:17.073+0300] {logging_mixin.py:188} INFO - [2024-01-08T18:42:17.073+0300] {dag.py:3820} INFO - Setting next_dagrun for example_branch_python_operator_decorator to 2024-01-07T00:00:00+00:00, run_after=2024-01-08T00:00:00+00:00
[2024-01-08T18:42:17.189+0300] {processor.py:183} INFO - Processing /usr/local/lib/python3.10/dist-packages/airflow/example_dags/example_branch_operator_decorator.py took 0.700 seconds
[2024-01-08T18:43:05.681+0300] {processor.py:161} INFO - Started process (PID=14576) to work on /usr/local/lib/python3.10/dist-packages/airflow/example_dags/example_branch_operator_decorator.py
[2024-01-08T18:43:05.684+0300] {processor.py:830} INFO - Processing file /usr/local/lib/python3.10/dist-packages/airflow/example_dags/example_branch_operator_decorator.py for tasks to queue
[2024-01-08T18:43:05.686+0300] {logging_mixin.py:188} INFO - [2024-01-08T18:43:05.686+0300] {dagbag.py:538} INFO - Filling up the DagBag from /usr/local/lib/python3.10/dist-packages/airflow/example_dags/example_branch_operator_decorator.py
[2024-01-08T18:43:05.757+0300] {processor.py:840} INFO - DAG(s) 'example_branch_python_operator_decorator' retrieved from /usr/local/lib/python3.10/dist-packages/airflow/example_dags/example_branch_operator_decorator.py
[2024-01-08T18:43:05.934+0300] {logging_mixin.py:188} INFO - [2024-01-08T18:43:05.933+0300] {dag.py:3033} INFO - Sync 1 DAGs
[2024-01-08T18:43:06.085+0300] {logging_mixin.py:188} INFO - [2024-01-08T18:43:06.085+0300] {dag.py:3820} INFO - Setting next_dagrun for example_branch_python_operator_decorator to 2024-01-07T00:00:00+00:00, run_after=2024-01-08T00:00:00+00:00
[2024-01-08T18:43:06.189+0300] {processor.py:183} INFO - Processing /usr/local/lib/python3.10/dist-packages/airflow/example_dags/example_branch_operator_decorator.py took 0.518 seconds
[2024-01-08T18:43:37.024+0300] {processor.py:161} INFO - Started process (PID=14893) to work on /usr/local/lib/python3.10/dist-packages/airflow/example_dags/example_branch_operator_decorator.py
[2024-01-08T18:43:37.028+0300] {processor.py:830} INFO - Processing file /usr/local/lib/python3.10/dist-packages/airflow/example_dags/example_branch_operator_decorator.py for tasks to queue
[2024-01-08T18:43:37.030+0300] {logging_mixin.py:188} INFO - [2024-01-08T18:43:37.029+0300] {dagbag.py:538} INFO - Filling up the DagBag from /usr/local/lib/python3.10/dist-packages/airflow/example_dags/example_branch_operator_decorator.py
[2024-01-08T18:43:37.129+0300] {processor.py:840} INFO - DAG(s) 'example_branch_python_operator_decorator' retrieved from /usr/local/lib/python3.10/dist-packages/airflow/example_dags/example_branch_operator_decorator.py
[2024-01-08T18:43:37.325+0300] {logging_mixin.py:188} INFO - [2024-01-08T18:43:37.325+0300] {dag.py:3033} INFO - Sync 1 DAGs
[2024-01-08T18:43:37.450+0300] {logging_mixin.py:188} INFO - [2024-01-08T18:43:37.449+0300] {dag.py:3820} INFO - Setting next_dagrun for example_branch_python_operator_decorator to 2024-01-07T00:00:00+00:00, run_after=2024-01-08T00:00:00+00:00
[2024-01-08T18:43:37.574+0300] {processor.py:183} INFO - Processing /usr/local/lib/python3.10/dist-packages/airflow/example_dags/example_branch_operator_decorator.py took 0.561 seconds
[2024-01-08T18:44:07.690+0300] {processor.py:161} INFO - Started process (PID=15213) to work on /usr/local/lib/python3.10/dist-packages/airflow/example_dags/example_branch_operator_decorator.py
[2024-01-08T18:44:07.692+0300] {processor.py:830} INFO - Processing file /usr/local/lib/python3.10/dist-packages/airflow/example_dags/example_branch_operator_decorator.py for tasks to queue
[2024-01-08T18:44:07.693+0300] {logging_mixin.py:188} INFO - [2024-01-08T18:44:07.693+0300] {dagbag.py:538} INFO - Filling up the DagBag from /usr/local/lib/python3.10/dist-packages/airflow/example_dags/example_branch_operator_decorator.py
[2024-01-08T18:44:07.738+0300] {processor.py:840} INFO - DAG(s) 'example_branch_python_operator_decorator' retrieved from /usr/local/lib/python3.10/dist-packages/airflow/example_dags/example_branch_operator_decorator.py
[2024-01-08T18:44:07.856+0300] {logging_mixin.py:188} INFO - [2024-01-08T18:44:07.855+0300] {dag.py:3033} INFO - Sync 1 DAGs
[2024-01-08T18:44:07.913+0300] {logging_mixin.py:188} INFO - [2024-01-08T18:44:07.912+0300] {dag.py:3820} INFO - Setting next_dagrun for example_branch_python_operator_decorator to 2024-01-07T00:00:00+00:00, run_after=2024-01-08T00:00:00+00:00
[2024-01-08T18:44:07.974+0300] {processor.py:183} INFO - Processing /usr/local/lib/python3.10/dist-packages/airflow/example_dags/example_branch_operator_decorator.py took 0.294 seconds
[2024-01-08T18:44:40.519+0300] {processor.py:161} INFO - Started process (PID=15543) to work on /usr/local/lib/python3.10/dist-packages/airflow/example_dags/example_branch_operator_decorator.py
[2024-01-08T18:44:40.533+0300] {processor.py:830} INFO - Processing file /usr/local/lib/python3.10/dist-packages/airflow/example_dags/example_branch_operator_decorator.py for tasks to queue
[2024-01-08T18:44:40.536+0300] {logging_mixin.py:188} INFO - [2024-01-08T18:44:40.535+0300] {dagbag.py:538} INFO - Filling up the DagBag from /usr/local/lib/python3.10/dist-packages/airflow/example_dags/example_branch_operator_decorator.py
[2024-01-08T18:44:40.713+0300] {processor.py:840} INFO - DAG(s) 'example_branch_python_operator_decorator' retrieved from /usr/local/lib/python3.10/dist-packages/airflow/example_dags/example_branch_operator_decorator.py
[2024-01-08T18:44:41.003+0300] {logging_mixin.py:188} INFO - [2024-01-08T18:44:41.003+0300] {dag.py:3033} INFO - Sync 1 DAGs
[2024-01-08T18:44:41.091+0300] {logging_mixin.py:188} INFO - [2024-01-08T18:44:41.091+0300] {dag.py:3820} INFO - Setting next_dagrun for example_branch_python_operator_decorator to 2024-01-07T00:00:00+00:00, run_after=2024-01-08T00:00:00+00:00
[2024-01-08T18:44:41.188+0300] {processor.py:183} INFO - Processing /usr/local/lib/python3.10/dist-packages/airflow/example_dags/example_branch_operator_decorator.py took 0.708 seconds
[2024-01-08T18:45:13.963+0300] {processor.py:161} INFO - Started process (PID=15939) to work on /usr/local/lib/python3.10/dist-packages/airflow/example_dags/example_branch_operator_decorator.py
[2024-01-08T18:45:13.966+0300] {processor.py:830} INFO - Processing file /usr/local/lib/python3.10/dist-packages/airflow/example_dags/example_branch_operator_decorator.py for tasks to queue
[2024-01-08T18:45:13.971+0300] {logging_mixin.py:188} INFO - [2024-01-08T18:45:13.968+0300] {dagbag.py:538} INFO - Filling up the DagBag from /usr/local/lib/python3.10/dist-packages/airflow/example_dags/example_branch_operator_decorator.py
[2024-01-08T18:45:14.102+0300] {processor.py:840} INFO - DAG(s) 'example_branch_python_operator_decorator' retrieved from /usr/local/lib/python3.10/dist-packages/airflow/example_dags/example_branch_operator_decorator.py
[2024-01-08T18:45:14.442+0300] {logging_mixin.py:188} INFO - [2024-01-08T18:45:14.442+0300] {dag.py:3033} INFO - Sync 1 DAGs
[2024-01-08T18:45:14.555+0300] {logging_mixin.py:188} INFO - [2024-01-08T18:45:14.554+0300] {dag.py:3820} INFO - Setting next_dagrun for example_branch_python_operator_decorator to 2024-01-07T00:00:00+00:00, run_after=2024-01-08T00:00:00+00:00
[2024-01-08T18:45:14.675+0300] {processor.py:183} INFO - Processing /usr/local/lib/python3.10/dist-packages/airflow/example_dags/example_branch_operator_decorator.py took 0.758 seconds
[2024-01-08T18:45:59.734+0300] {processor.py:161} INFO - Started process (PID=16427) to work on /usr/local/lib/python3.10/dist-packages/airflow/example_dags/example_branch_operator_decorator.py
[2024-01-08T18:45:59.789+0300] {processor.py:830} INFO - Processing file /usr/local/lib/python3.10/dist-packages/airflow/example_dags/example_branch_operator_decorator.py for tasks to queue
[2024-01-08T18:45:59.798+0300] {logging_mixin.py:188} INFO - [2024-01-08T18:45:59.798+0300] {dagbag.py:538} INFO - Filling up the DagBag from /usr/local/lib/python3.10/dist-packages/airflow/example_dags/example_branch_operator_decorator.py
[2024-01-08T18:46:00.253+0300] {processor.py:840} INFO - DAG(s) 'example_branch_python_operator_decorator' retrieved from /usr/local/lib/python3.10/dist-packages/airflow/example_dags/example_branch_operator_decorator.py
[2024-01-08T18:46:00.846+0300] {logging_mixin.py:188} INFO - [2024-01-08T18:46:00.846+0300] {dag.py:3033} INFO - Sync 1 DAGs
[2024-01-08T18:46:01.092+0300] {logging_mixin.py:188} INFO - [2024-01-08T18:46:01.092+0300] {dag.py:3820} INFO - Setting next_dagrun for example_branch_python_operator_decorator to 2024-01-07T00:00:00+00:00, run_after=2024-01-08T00:00:00+00:00
[2024-01-08T18:46:01.661+0300] {processor.py:183} INFO - Processing /usr/local/lib/python3.10/dist-packages/airflow/example_dags/example_branch_operator_decorator.py took 1.979 seconds
[2024-01-08T18:46:47.170+0300] {processor.py:161} INFO - Started process (PID=16964) to work on /usr/local/lib/python3.10/dist-packages/airflow/example_dags/example_branch_operator_decorator.py
[2024-01-08T18:46:47.186+0300] {processor.py:830} INFO - Processing file /usr/local/lib/python3.10/dist-packages/airflow/example_dags/example_branch_operator_decorator.py for tasks to queue
[2024-01-08T18:46:47.189+0300] {logging_mixin.py:188} INFO - [2024-01-08T18:46:47.188+0300] {dagbag.py:538} INFO - Filling up the DagBag from /usr/local/lib/python3.10/dist-packages/airflow/example_dags/example_branch_operator_decorator.py
[2024-01-08T18:46:47.330+0300] {processor.py:840} INFO - DAG(s) 'example_branch_python_operator_decorator' retrieved from /usr/local/lib/python3.10/dist-packages/airflow/example_dags/example_branch_operator_decorator.py
[2024-01-08T18:46:47.643+0300] {logging_mixin.py:188} INFO - [2024-01-08T18:46:47.642+0300] {dag.py:3033} INFO - Sync 1 DAGs
[2024-01-08T18:46:47.793+0300] {logging_mixin.py:188} INFO - [2024-01-08T18:46:47.791+0300] {dag.py:3820} INFO - Setting next_dagrun for example_branch_python_operator_decorator to 2024-01-07T00:00:00+00:00, run_after=2024-01-08T00:00:00+00:00
[2024-01-08T18:46:47.946+0300] {processor.py:183} INFO - Processing /usr/local/lib/python3.10/dist-packages/airflow/example_dags/example_branch_operator_decorator.py took 0.803 seconds
[2024-01-08T18:47:18.594+0300] {processor.py:161} INFO - Started process (PID=17345) to work on /usr/local/lib/python3.10/dist-packages/airflow/example_dags/example_branch_operator_decorator.py
[2024-01-08T18:47:18.597+0300] {processor.py:830} INFO - Processing file /usr/local/lib/python3.10/dist-packages/airflow/example_dags/example_branch_operator_decorator.py for tasks to queue
[2024-01-08T18:47:18.599+0300] {logging_mixin.py:188} INFO - [2024-01-08T18:47:18.599+0300] {dagbag.py:538} INFO - Filling up the DagBag from /usr/local/lib/python3.10/dist-packages/airflow/example_dags/example_branch_operator_decorator.py
[2024-01-08T18:47:18.721+0300] {processor.py:840} INFO - DAG(s) 'example_branch_python_operator_decorator' retrieved from /usr/local/lib/python3.10/dist-packages/airflow/example_dags/example_branch_operator_decorator.py
[2024-01-08T18:47:18.982+0300] {logging_mixin.py:188} INFO - [2024-01-08T18:47:18.981+0300] {dag.py:3033} INFO - Sync 1 DAGs
[2024-01-08T18:47:19.107+0300] {logging_mixin.py:188} INFO - [2024-01-08T18:47:19.107+0300] {dag.py:3820} INFO - Setting next_dagrun for example_branch_python_operator_decorator to 2024-01-07T00:00:00+00:00, run_after=2024-01-08T00:00:00+00:00
[2024-01-08T18:47:19.201+0300] {processor.py:183} INFO - Processing /usr/local/lib/python3.10/dist-packages/airflow/example_dags/example_branch_operator_decorator.py took 0.619 seconds
[2024-01-08T18:47:49.531+0300] {processor.py:161} INFO - Started process (PID=17683) to work on /usr/local/lib/python3.10/dist-packages/airflow/example_dags/example_branch_operator_decorator.py
[2024-01-08T18:47:49.534+0300] {processor.py:830} INFO - Processing file /usr/local/lib/python3.10/dist-packages/airflow/example_dags/example_branch_operator_decorator.py for tasks to queue
[2024-01-08T18:47:49.536+0300] {logging_mixin.py:188} INFO - [2024-01-08T18:47:49.535+0300] {dagbag.py:538} INFO - Filling up the DagBag from /usr/local/lib/python3.10/dist-packages/airflow/example_dags/example_branch_operator_decorator.py
[2024-01-08T18:47:49.607+0300] {processor.py:840} INFO - DAG(s) 'example_branch_python_operator_decorator' retrieved from /usr/local/lib/python3.10/dist-packages/airflow/example_dags/example_branch_operator_decorator.py
[2024-01-08T18:47:49.822+0300] {logging_mixin.py:188} INFO - [2024-01-08T18:47:49.822+0300] {dag.py:3033} INFO - Sync 1 DAGs
[2024-01-08T18:47:49.909+0300] {logging_mixin.py:188} INFO - [2024-01-08T18:47:49.908+0300] {dag.py:3820} INFO - Setting next_dagrun for example_branch_python_operator_decorator to 2024-01-07T00:00:00+00:00, run_after=2024-01-08T00:00:00+00:00
[2024-01-08T18:47:49.992+0300] {processor.py:183} INFO - Processing /usr/local/lib/python3.10/dist-packages/airflow/example_dags/example_branch_operator_decorator.py took 0.475 seconds
[2024-01-08T18:48:33.666+0300] {processor.py:161} INFO - Started process (PID=18173) to work on /usr/local/lib/python3.10/dist-packages/airflow/example_dags/example_branch_operator_decorator.py
[2024-01-08T18:48:33.669+0300] {processor.py:830} INFO - Processing file /usr/local/lib/python3.10/dist-packages/airflow/example_dags/example_branch_operator_decorator.py for tasks to queue
[2024-01-08T18:48:33.672+0300] {logging_mixin.py:188} INFO - [2024-01-08T18:48:33.672+0300] {dagbag.py:538} INFO - Filling up the DagBag from /usr/local/lib/python3.10/dist-packages/airflow/example_dags/example_branch_operator_decorator.py
[2024-01-08T18:48:33.853+0300] {processor.py:840} INFO - DAG(s) 'example_branch_python_operator_decorator' retrieved from /usr/local/lib/python3.10/dist-packages/airflow/example_dags/example_branch_operator_decorator.py
[2024-01-08T18:48:34.265+0300] {logging_mixin.py:188} INFO - [2024-01-08T18:48:34.265+0300] {dag.py:3033} INFO - Sync 1 DAGs
[2024-01-08T18:48:34.509+0300] {logging_mixin.py:188} INFO - [2024-01-08T18:48:34.509+0300] {dag.py:3820} INFO - Setting next_dagrun for example_branch_python_operator_decorator to 2024-01-07T00:00:00+00:00, run_after=2024-01-08T00:00:00+00:00
[2024-01-08T18:48:34.630+0300] {processor.py:183} INFO - Processing /usr/local/lib/python3.10/dist-packages/airflow/example_dags/example_branch_operator_decorator.py took 1.019 seconds
[2024-01-08T18:49:13.239+0300] {processor.py:161} INFO - Started process (PID=18592) to work on /usr/local/lib/python3.10/dist-packages/airflow/example_dags/example_branch_operator_decorator.py
[2024-01-08T18:49:13.241+0300] {processor.py:830} INFO - Processing file /usr/local/lib/python3.10/dist-packages/airflow/example_dags/example_branch_operator_decorator.py for tasks to queue
[2024-01-08T18:49:13.243+0300] {logging_mixin.py:188} INFO - [2024-01-08T18:49:13.243+0300] {dagbag.py:538} INFO - Filling up the DagBag from /usr/local/lib/python3.10/dist-packages/airflow/example_dags/example_branch_operator_decorator.py
[2024-01-08T18:49:13.589+0300] {processor.py:840} INFO - DAG(s) 'example_branch_python_operator_decorator' retrieved from /usr/local/lib/python3.10/dist-packages/airflow/example_dags/example_branch_operator_decorator.py
[2024-01-08T18:49:14.290+0300] {logging_mixin.py:188} INFO - [2024-01-08T18:49:14.289+0300] {dag.py:3033} INFO - Sync 1 DAGs
[2024-01-08T18:49:14.601+0300] {logging_mixin.py:188} INFO - [2024-01-08T18:49:14.601+0300] {dag.py:3820} INFO - Setting next_dagrun for example_branch_python_operator_decorator to 2024-01-07T00:00:00+00:00, run_after=2024-01-08T00:00:00+00:00
[2024-01-08T18:49:14.948+0300] {processor.py:183} INFO - Processing /usr/local/lib/python3.10/dist-packages/airflow/example_dags/example_branch_operator_decorator.py took 1.778 seconds
[2024-01-08T18:49:45.414+0300] {processor.py:161} INFO - Started process (PID=18945) to work on /usr/local/lib/python3.10/dist-packages/airflow/example_dags/example_branch_operator_decorator.py
[2024-01-08T18:49:45.417+0300] {processor.py:830} INFO - Processing file /usr/local/lib/python3.10/dist-packages/airflow/example_dags/example_branch_operator_decorator.py for tasks to queue
[2024-01-08T18:49:45.418+0300] {logging_mixin.py:188} INFO - [2024-01-08T18:49:45.418+0300] {dagbag.py:538} INFO - Filling up the DagBag from /usr/local/lib/python3.10/dist-packages/airflow/example_dags/example_branch_operator_decorator.py
[2024-01-08T18:49:45.459+0300] {processor.py:840} INFO - DAG(s) 'example_branch_python_operator_decorator' retrieved from /usr/local/lib/python3.10/dist-packages/airflow/example_dags/example_branch_operator_decorator.py
[2024-01-08T18:49:45.698+0300] {logging_mixin.py:188} INFO - [2024-01-08T18:49:45.697+0300] {dag.py:3033} INFO - Sync 1 DAGs
[2024-01-08T18:49:45.754+0300] {logging_mixin.py:188} INFO - [2024-01-08T18:49:45.752+0300] {dag.py:3820} INFO - Setting next_dagrun for example_branch_python_operator_decorator to 2024-01-07T00:00:00+00:00, run_after=2024-01-08T00:00:00+00:00
[2024-01-08T18:49:45.801+0300] {processor.py:183} INFO - Processing /usr/local/lib/python3.10/dist-packages/airflow/example_dags/example_branch_operator_decorator.py took 0.398 seconds
[2024-01-08T18:50:15.994+0300] {processor.py:161} INFO - Started process (PID=19260) to work on /usr/local/lib/python3.10/dist-packages/airflow/example_dags/example_branch_operator_decorator.py
[2024-01-08T18:50:15.996+0300] {processor.py:830} INFO - Processing file /usr/local/lib/python3.10/dist-packages/airflow/example_dags/example_branch_operator_decorator.py for tasks to queue
[2024-01-08T18:50:15.997+0300] {logging_mixin.py:188} INFO - [2024-01-08T18:50:15.997+0300] {dagbag.py:538} INFO - Filling up the DagBag from /usr/local/lib/python3.10/dist-packages/airflow/example_dags/example_branch_operator_decorator.py
[2024-01-08T18:50:16.054+0300] {processor.py:840} INFO - DAG(s) 'example_branch_python_operator_decorator' retrieved from /usr/local/lib/python3.10/dist-packages/airflow/example_dags/example_branch_operator_decorator.py
[2024-01-08T18:50:16.297+0300] {logging_mixin.py:188} INFO - [2024-01-08T18:50:16.296+0300] {dag.py:3033} INFO - Sync 1 DAGs
[2024-01-08T18:50:16.429+0300] {logging_mixin.py:188} INFO - [2024-01-08T18:50:16.429+0300] {dag.py:3820} INFO - Setting next_dagrun for example_branch_python_operator_decorator to 2024-01-07T00:00:00+00:00, run_after=2024-01-08T00:00:00+00:00
[2024-01-08T18:50:16.537+0300] {processor.py:183} INFO - Processing /usr/local/lib/python3.10/dist-packages/airflow/example_dags/example_branch_operator_decorator.py took 0.557 seconds
[2024-01-08T18:50:46.855+0300] {processor.py:161} INFO - Started process (PID=19572) to work on /usr/local/lib/python3.10/dist-packages/airflow/example_dags/example_branch_operator_decorator.py
[2024-01-08T18:50:46.858+0300] {processor.py:830} INFO - Processing file /usr/local/lib/python3.10/dist-packages/airflow/example_dags/example_branch_operator_decorator.py for tasks to queue
[2024-01-08T18:50:46.859+0300] {logging_mixin.py:188} INFO - [2024-01-08T18:50:46.859+0300] {dagbag.py:538} INFO - Filling up the DagBag from /usr/local/lib/python3.10/dist-packages/airflow/example_dags/example_branch_operator_decorator.py
[2024-01-08T18:50:46.924+0300] {processor.py:840} INFO - DAG(s) 'example_branch_python_operator_decorator' retrieved from /usr/local/lib/python3.10/dist-packages/airflow/example_dags/example_branch_operator_decorator.py
[2024-01-08T18:50:47.048+0300] {logging_mixin.py:188} INFO - [2024-01-08T18:50:47.047+0300] {dag.py:3033} INFO - Sync 1 DAGs
[2024-01-08T18:50:47.109+0300] {logging_mixin.py:188} INFO - [2024-01-08T18:50:47.109+0300] {dag.py:3820} INFO - Setting next_dagrun for example_branch_python_operator_decorator to 2024-01-07T00:00:00+00:00, run_after=2024-01-08T00:00:00+00:00
[2024-01-08T18:50:47.166+0300] {processor.py:183} INFO - Processing /usr/local/lib/python3.10/dist-packages/airflow/example_dags/example_branch_operator_decorator.py took 0.325 seconds
[2024-01-08T18:51:17.878+0300] {processor.py:161} INFO - Started process (PID=19946) to work on /usr/local/lib/python3.10/dist-packages/airflow/example_dags/example_branch_operator_decorator.py
[2024-01-08T18:51:17.887+0300] {processor.py:830} INFO - Processing file /usr/local/lib/python3.10/dist-packages/airflow/example_dags/example_branch_operator_decorator.py for tasks to queue
[2024-01-08T18:51:17.889+0300] {logging_mixin.py:188} INFO - [2024-01-08T18:51:17.888+0300] {dagbag.py:538} INFO - Filling up the DagBag from /usr/local/lib/python3.10/dist-packages/airflow/example_dags/example_branch_operator_decorator.py
[2024-01-08T18:51:18.105+0300] {processor.py:840} INFO - DAG(s) 'example_branch_python_operator_decorator' retrieved from /usr/local/lib/python3.10/dist-packages/airflow/example_dags/example_branch_operator_decorator.py
[2024-01-08T18:51:18.475+0300] {logging_mixin.py:188} INFO - [2024-01-08T18:51:18.475+0300] {dag.py:3033} INFO - Sync 1 DAGs
[2024-01-08T18:51:18.607+0300] {logging_mixin.py:188} INFO - [2024-01-08T18:51:18.607+0300] {dag.py:3820} INFO - Setting next_dagrun for example_branch_python_operator_decorator to 2024-01-07T00:00:00+00:00, run_after=2024-01-08T00:00:00+00:00
[2024-01-08T18:51:18.733+0300] {processor.py:183} INFO - Processing /usr/local/lib/python3.10/dist-packages/airflow/example_dags/example_branch_operator_decorator.py took 0.881 seconds
[2024-01-08T18:51:50.975+0300] {processor.py:161} INFO - Started process (PID=20334) to work on /usr/local/lib/python3.10/dist-packages/airflow/example_dags/example_branch_operator_decorator.py
[2024-01-08T18:51:51.029+0300] {processor.py:830} INFO - Processing file /usr/local/lib/python3.10/dist-packages/airflow/example_dags/example_branch_operator_decorator.py for tasks to queue
[2024-01-08T18:51:51.031+0300] {logging_mixin.py:188} INFO - [2024-01-08T18:51:51.030+0300] {dagbag.py:538} INFO - Filling up the DagBag from /usr/local/lib/python3.10/dist-packages/airflow/example_dags/example_branch_operator_decorator.py
[2024-01-08T18:51:51.437+0300] {processor.py:840} INFO - DAG(s) 'example_branch_python_operator_decorator' retrieved from /usr/local/lib/python3.10/dist-packages/airflow/example_dags/example_branch_operator_decorator.py
[2024-01-08T18:51:51.808+0300] {logging_mixin.py:188} INFO - [2024-01-08T18:51:51.807+0300] {dag.py:3033} INFO - Sync 1 DAGs
[2024-01-08T18:51:52.468+0300] {logging_mixin.py:188} INFO - [2024-01-08T18:51:52.468+0300] {dag.py:3820} INFO - Setting next_dagrun for example_branch_python_operator_decorator to 2024-01-07T00:00:00+00:00, run_after=2024-01-08T00:00:00+00:00
[2024-01-08T18:51:52.919+0300] {processor.py:183} INFO - Processing /usr/local/lib/python3.10/dist-packages/airflow/example_dags/example_branch_operator_decorator.py took 2.137 seconds
[2024-01-08T18:52:35.261+0300] {processor.py:161} INFO - Started process (PID=20845) to work on /usr/local/lib/python3.10/dist-packages/airflow/example_dags/example_branch_operator_decorator.py
[2024-01-08T18:52:35.264+0300] {processor.py:830} INFO - Processing file /usr/local/lib/python3.10/dist-packages/airflow/example_dags/example_branch_operator_decorator.py for tasks to queue
[2024-01-08T18:52:35.268+0300] {logging_mixin.py:188} INFO - [2024-01-08T18:52:35.267+0300] {dagbag.py:538} INFO - Filling up the DagBag from /usr/local/lib/python3.10/dist-packages/airflow/example_dags/example_branch_operator_decorator.py
[2024-01-08T18:52:35.451+0300] {processor.py:840} INFO - DAG(s) 'example_branch_python_operator_decorator' retrieved from /usr/local/lib/python3.10/dist-packages/airflow/example_dags/example_branch_operator_decorator.py
[2024-01-08T18:52:35.693+0300] {logging_mixin.py:188} INFO - [2024-01-08T18:52:35.692+0300] {dag.py:3033} INFO - Sync 1 DAGs
[2024-01-08T18:52:35.799+0300] {logging_mixin.py:188} INFO - [2024-01-08T18:52:35.799+0300] {dag.py:3820} INFO - Setting next_dagrun for example_branch_python_operator_decorator to 2024-01-07T00:00:00+00:00, run_after=2024-01-08T00:00:00+00:00
[2024-01-08T18:52:35.910+0300] {processor.py:183} INFO - Processing /usr/local/lib/python3.10/dist-packages/airflow/example_dags/example_branch_operator_decorator.py took 0.663 seconds
[2024-01-08T18:53:44.100+0300] {processor.py:161} INFO - Started process (PID=21423) to work on /usr/local/lib/python3.10/dist-packages/airflow/example_dags/example_branch_operator_decorator.py
[2024-01-08T18:53:44.104+0300] {processor.py:830} INFO - Processing file /usr/local/lib/python3.10/dist-packages/airflow/example_dags/example_branch_operator_decorator.py for tasks to queue
[2024-01-08T18:53:44.107+0300] {logging_mixin.py:188} INFO - [2024-01-08T18:53:44.106+0300] {dagbag.py:538} INFO - Filling up the DagBag from /usr/local/lib/python3.10/dist-packages/airflow/example_dags/example_branch_operator_decorator.py
[2024-01-08T18:53:44.391+0300] {processor.py:840} INFO - DAG(s) 'example_branch_python_operator_decorator' retrieved from /usr/local/lib/python3.10/dist-packages/airflow/example_dags/example_branch_operator_decorator.py
[2024-01-08T18:53:45.215+0300] {logging_mixin.py:188} INFO - [2024-01-08T18:53:45.214+0300] {dag.py:3033} INFO - Sync 1 DAGs
[2024-01-08T18:53:45.572+0300] {logging_mixin.py:188} INFO - [2024-01-08T18:53:45.571+0300] {dag.py:3820} INFO - Setting next_dagrun for example_branch_python_operator_decorator to 2024-01-07T00:00:00+00:00, run_after=2024-01-08T00:00:00+00:00
[2024-01-08T18:53:45.870+0300] {processor.py:183} INFO - Processing /usr/local/lib/python3.10/dist-packages/airflow/example_dags/example_branch_operator_decorator.py took 1.786 seconds
[2024-01-08T18:54:23.911+0300] {processor.py:161} INFO - Started process (PID=21837) to work on /usr/local/lib/python3.10/dist-packages/airflow/example_dags/example_branch_operator_decorator.py
[2024-01-08T18:54:23.970+0300] {processor.py:830} INFO - Processing file /usr/local/lib/python3.10/dist-packages/airflow/example_dags/example_branch_operator_decorator.py for tasks to queue
[2024-01-08T18:54:23.972+0300] {logging_mixin.py:188} INFO - [2024-01-08T18:54:23.971+0300] {dagbag.py:538} INFO - Filling up the DagBag from /usr/local/lib/python3.10/dist-packages/airflow/example_dags/example_branch_operator_decorator.py
[2024-01-08T18:54:24.378+0300] {processor.py:840} INFO - DAG(s) 'example_branch_python_operator_decorator' retrieved from /usr/local/lib/python3.10/dist-packages/airflow/example_dags/example_branch_operator_decorator.py
[2024-01-08T18:54:25.019+0300] {logging_mixin.py:188} INFO - [2024-01-08T18:54:25.018+0300] {dag.py:3033} INFO - Sync 1 DAGs
[2024-01-08T18:54:25.327+0300] {logging_mixin.py:188} INFO - [2024-01-08T18:54:25.294+0300] {dag.py:3820} INFO - Setting next_dagrun for example_branch_python_operator_decorator to 2024-01-07T00:00:00+00:00, run_after=2024-01-08T00:00:00+00:00
[2024-01-08T18:54:25.593+0300] {processor.py:183} INFO - Processing /usr/local/lib/python3.10/dist-packages/airflow/example_dags/example_branch_operator_decorator.py took 1.763 seconds
[2024-01-08T18:54:59.338+0300] {processor.py:161} INFO - Started process (PID=22306) to work on /usr/local/lib/python3.10/dist-packages/airflow/example_dags/example_branch_operator_decorator.py
[2024-01-08T18:54:59.360+0300] {processor.py:830} INFO - Processing file /usr/local/lib/python3.10/dist-packages/airflow/example_dags/example_branch_operator_decorator.py for tasks to queue
[2024-01-08T18:54:59.362+0300] {logging_mixin.py:188} INFO - [2024-01-08T18:54:59.361+0300] {dagbag.py:538} INFO - Filling up the DagBag from /usr/local/lib/python3.10/dist-packages/airflow/example_dags/example_branch_operator_decorator.py
[2024-01-08T18:54:59.554+0300] {processor.py:840} INFO - DAG(s) 'example_branch_python_operator_decorator' retrieved from /usr/local/lib/python3.10/dist-packages/airflow/example_dags/example_branch_operator_decorator.py
[2024-01-08T18:54:59.783+0300] {logging_mixin.py:188} INFO - [2024-01-08T18:54:59.783+0300] {dag.py:3033} INFO - Sync 1 DAGs
[2024-01-08T18:54:59.937+0300] {logging_mixin.py:188} INFO - [2024-01-08T18:54:59.936+0300] {dag.py:3820} INFO - Setting next_dagrun for example_branch_python_operator_decorator to 2024-01-07T00:00:00+00:00, run_after=2024-01-08T00:00:00+00:00
[2024-01-08T18:55:00.047+0300] {processor.py:183} INFO - Processing /usr/local/lib/python3.10/dist-packages/airflow/example_dags/example_branch_operator_decorator.py took 0.786 seconds
[2024-01-08T18:55:37.993+0300] {processor.py:161} INFO - Started process (PID=22740) to work on /usr/local/lib/python3.10/dist-packages/airflow/example_dags/example_branch_operator_decorator.py
[2024-01-08T18:55:37.996+0300] {processor.py:830} INFO - Processing file /usr/local/lib/python3.10/dist-packages/airflow/example_dags/example_branch_operator_decorator.py for tasks to queue
[2024-01-08T18:55:37.999+0300] {logging_mixin.py:188} INFO - [2024-01-08T18:55:37.998+0300] {dagbag.py:538} INFO - Filling up the DagBag from /usr/local/lib/python3.10/dist-packages/airflow/example_dags/example_branch_operator_decorator.py
[2024-01-08T18:55:38.075+0300] {processor.py:840} INFO - DAG(s) 'example_branch_python_operator_decorator' retrieved from /usr/local/lib/python3.10/dist-packages/airflow/example_dags/example_branch_operator_decorator.py
[2024-01-08T18:55:38.234+0300] {logging_mixin.py:188} INFO - [2024-01-08T18:55:38.234+0300] {dag.py:3033} INFO - Sync 1 DAGs
[2024-01-08T18:55:38.339+0300] {logging_mixin.py:188} INFO - [2024-01-08T18:55:38.338+0300] {dag.py:3820} INFO - Setting next_dagrun for example_branch_python_operator_decorator to 2024-01-07T00:00:00+00:00, run_after=2024-01-08T00:00:00+00:00
[2024-01-08T18:55:38.397+0300] {processor.py:183} INFO - Processing /usr/local/lib/python3.10/dist-packages/airflow/example_dags/example_branch_operator_decorator.py took 0.417 seconds
[2024-01-08T18:56:08.993+0300] {processor.py:161} INFO - Started process (PID=23059) to work on /usr/local/lib/python3.10/dist-packages/airflow/example_dags/example_branch_operator_decorator.py
[2024-01-08T18:56:08.996+0300] {processor.py:830} INFO - Processing file /usr/local/lib/python3.10/dist-packages/airflow/example_dags/example_branch_operator_decorator.py for tasks to queue
[2024-01-08T18:56:08.998+0300] {logging_mixin.py:188} INFO - [2024-01-08T18:56:08.997+0300] {dagbag.py:538} INFO - Filling up the DagBag from /usr/local/lib/python3.10/dist-packages/airflow/example_dags/example_branch_operator_decorator.py
[2024-01-08T18:56:09.062+0300] {processor.py:840} INFO - DAG(s) 'example_branch_python_operator_decorator' retrieved from /usr/local/lib/python3.10/dist-packages/airflow/example_dags/example_branch_operator_decorator.py
[2024-01-08T18:56:09.243+0300] {logging_mixin.py:188} INFO - [2024-01-08T18:56:09.243+0300] {dag.py:3033} INFO - Sync 1 DAGs
[2024-01-08T18:56:09.310+0300] {logging_mixin.py:188} INFO - [2024-01-08T18:56:09.308+0300] {dag.py:3820} INFO - Setting next_dagrun for example_branch_python_operator_decorator to 2024-01-07T00:00:00+00:00, run_after=2024-01-08T00:00:00+00:00
[2024-01-08T18:56:09.362+0300] {processor.py:183} INFO - Processing /usr/local/lib/python3.10/dist-packages/airflow/example_dags/example_branch_operator_decorator.py took 0.381 seconds
[2024-01-08T18:56:39.768+0300] {processor.py:161} INFO - Started process (PID=23380) to work on /usr/local/lib/python3.10/dist-packages/airflow/example_dags/example_branch_operator_decorator.py
[2024-01-08T18:56:39.771+0300] {processor.py:830} INFO - Processing file /usr/local/lib/python3.10/dist-packages/airflow/example_dags/example_branch_operator_decorator.py for tasks to queue
[2024-01-08T18:56:39.777+0300] {logging_mixin.py:188} INFO - [2024-01-08T18:56:39.776+0300] {dagbag.py:538} INFO - Filling up the DagBag from /usr/local/lib/python3.10/dist-packages/airflow/example_dags/example_branch_operator_decorator.py
[2024-01-08T18:56:39.880+0300] {processor.py:840} INFO - DAG(s) 'example_branch_python_operator_decorator' retrieved from /usr/local/lib/python3.10/dist-packages/airflow/example_dags/example_branch_operator_decorator.py
[2024-01-08T18:56:40.018+0300] {logging_mixin.py:188} INFO - [2024-01-08T18:56:40.017+0300] {dag.py:3033} INFO - Sync 1 DAGs
[2024-01-08T18:56:40.094+0300] {logging_mixin.py:188} INFO - [2024-01-08T18:56:40.093+0300] {dag.py:3820} INFO - Setting next_dagrun for example_branch_python_operator_decorator to 2024-01-07T00:00:00+00:00, run_after=2024-01-08T00:00:00+00:00
[2024-01-08T18:56:40.158+0300] {processor.py:183} INFO - Processing /usr/local/lib/python3.10/dist-packages/airflow/example_dags/example_branch_operator_decorator.py took 0.403 seconds
[2024-01-08T18:57:12.804+0300] {processor.py:161} INFO - Started process (PID=23756) to work on /usr/local/lib/python3.10/dist-packages/airflow/example_dags/example_branch_operator_decorator.py
[2024-01-08T18:57:12.813+0300] {processor.py:830} INFO - Processing file /usr/local/lib/python3.10/dist-packages/airflow/example_dags/example_branch_operator_decorator.py for tasks to queue
[2024-01-08T18:57:12.816+0300] {logging_mixin.py:188} INFO - [2024-01-08T18:57:12.815+0300] {dagbag.py:538} INFO - Filling up the DagBag from /usr/local/lib/python3.10/dist-packages/airflow/example_dags/example_branch_operator_decorator.py
[2024-01-08T18:57:12.926+0300] {processor.py:840} INFO - DAG(s) 'example_branch_python_operator_decorator' retrieved from /usr/local/lib/python3.10/dist-packages/airflow/example_dags/example_branch_operator_decorator.py
[2024-01-08T18:57:13.082+0300] {logging_mixin.py:188} INFO - [2024-01-08T18:57:13.081+0300] {dag.py:3033} INFO - Sync 1 DAGs
[2024-01-08T18:57:13.151+0300] {logging_mixin.py:188} INFO - [2024-01-08T18:57:13.150+0300] {dag.py:3820} INFO - Setting next_dagrun for example_branch_python_operator_decorator to 2024-01-07T00:00:00+00:00, run_after=2024-01-08T00:00:00+00:00
[2024-01-08T18:57:13.257+0300] {processor.py:183} INFO - Processing /usr/local/lib/python3.10/dist-packages/airflow/example_dags/example_branch_operator_decorator.py took 0.467 seconds
[2024-01-08T18:57:49.137+0300] {processor.py:161} INFO - Started process (PID=24127) to work on /usr/local/lib/python3.10/dist-packages/airflow/example_dags/example_branch_operator_decorator.py
[2024-01-08T18:57:49.151+0300] {processor.py:830} INFO - Processing file /usr/local/lib/python3.10/dist-packages/airflow/example_dags/example_branch_operator_decorator.py for tasks to queue
[2024-01-08T18:57:49.153+0300] {logging_mixin.py:188} INFO - [2024-01-08T18:57:49.152+0300] {dagbag.py:538} INFO - Filling up the DagBag from /usr/local/lib/python3.10/dist-packages/airflow/example_dags/example_branch_operator_decorator.py
[2024-01-08T18:57:49.263+0300] {processor.py:840} INFO - DAG(s) 'example_branch_python_operator_decorator' retrieved from /usr/local/lib/python3.10/dist-packages/airflow/example_dags/example_branch_operator_decorator.py
[2024-01-08T18:57:49.825+0300] {logging_mixin.py:188} INFO - [2024-01-08T18:57:49.824+0300] {dag.py:3033} INFO - Sync 1 DAGs
[2024-01-08T18:57:50.096+0300] {logging_mixin.py:188} INFO - [2024-01-08T18:57:50.096+0300] {dag.py:3820} INFO - Setting next_dagrun for example_branch_python_operator_decorator to 2024-01-07T00:00:00+00:00, run_after=2024-01-08T00:00:00+00:00
[2024-01-08T18:57:50.330+0300] {processor.py:183} INFO - Processing /usr/local/lib/python3.10/dist-packages/airflow/example_dags/example_branch_operator_decorator.py took 1.208 seconds
[2024-01-08T18:58:20.620+0300] {processor.py:161} INFO - Started process (PID=24482) to work on /usr/local/lib/python3.10/dist-packages/airflow/example_dags/example_branch_operator_decorator.py
[2024-01-08T18:58:20.632+0300] {processor.py:830} INFO - Processing file /usr/local/lib/python3.10/dist-packages/airflow/example_dags/example_branch_operator_decorator.py for tasks to queue
[2024-01-08T18:58:20.635+0300] {logging_mixin.py:188} INFO - [2024-01-08T18:58:20.634+0300] {dagbag.py:538} INFO - Filling up the DagBag from /usr/local/lib/python3.10/dist-packages/airflow/example_dags/example_branch_operator_decorator.py
[2024-01-08T18:58:20.881+0300] {processor.py:840} INFO - DAG(s) 'example_branch_python_operator_decorator' retrieved from /usr/local/lib/python3.10/dist-packages/airflow/example_dags/example_branch_operator_decorator.py
[2024-01-08T18:58:21.283+0300] {logging_mixin.py:188} INFO - [2024-01-08T18:58:21.282+0300] {dag.py:3033} INFO - Sync 1 DAGs
[2024-01-08T18:58:21.528+0300] {logging_mixin.py:188} INFO - [2024-01-08T18:58:21.527+0300] {dag.py:3820} INFO - Setting next_dagrun for example_branch_python_operator_decorator to 2024-01-07T00:00:00+00:00, run_after=2024-01-08T00:00:00+00:00
[2024-01-08T18:58:21.674+0300] {processor.py:183} INFO - Processing /usr/local/lib/python3.10/dist-packages/airflow/example_dags/example_branch_operator_decorator.py took 1.099 seconds
[2024-01-08T18:58:56.017+0300] {processor.py:161} INFO - Started process (PID=24947) to work on /usr/local/lib/python3.10/dist-packages/airflow/example_dags/example_branch_operator_decorator.py
[2024-01-08T18:58:56.022+0300] {processor.py:830} INFO - Processing file /usr/local/lib/python3.10/dist-packages/airflow/example_dags/example_branch_operator_decorator.py for tasks to queue
[2024-01-08T18:58:56.024+0300] {logging_mixin.py:188} INFO - [2024-01-08T18:58:56.023+0300] {dagbag.py:538} INFO - Filling up the DagBag from /usr/local/lib/python3.10/dist-packages/airflow/example_dags/example_branch_operator_decorator.py
[2024-01-08T18:58:56.196+0300] {processor.py:840} INFO - DAG(s) 'example_branch_python_operator_decorator' retrieved from /usr/local/lib/python3.10/dist-packages/airflow/example_dags/example_branch_operator_decorator.py
[2024-01-08T18:58:56.624+0300] {logging_mixin.py:188} INFO - [2024-01-08T18:58:56.624+0300] {dag.py:3033} INFO - Sync 1 DAGs
[2024-01-08T18:58:56.754+0300] {logging_mixin.py:188} INFO - [2024-01-08T18:58:56.753+0300] {dag.py:3820} INFO - Setting next_dagrun for example_branch_python_operator_decorator to 2024-01-07T00:00:00+00:00, run_after=2024-01-08T00:00:00+00:00
[2024-01-08T18:58:56.862+0300] {processor.py:183} INFO - Processing /usr/local/lib/python3.10/dist-packages/airflow/example_dags/example_branch_operator_decorator.py took 0.875 seconds
[2024-01-08T18:59:36.091+0300] {processor.py:161} INFO - Started process (PID=25414) to work on /usr/local/lib/python3.10/dist-packages/airflow/example_dags/example_branch_operator_decorator.py
[2024-01-08T18:59:36.094+0300] {processor.py:830} INFO - Processing file /usr/local/lib/python3.10/dist-packages/airflow/example_dags/example_branch_operator_decorator.py for tasks to queue
[2024-01-08T18:59:36.096+0300] {logging_mixin.py:188} INFO - [2024-01-08T18:59:36.095+0300] {dagbag.py:538} INFO - Filling up the DagBag from /usr/local/lib/python3.10/dist-packages/airflow/example_dags/example_branch_operator_decorator.py
[2024-01-08T18:59:36.216+0300] {processor.py:840} INFO - DAG(s) 'example_branch_python_operator_decorator' retrieved from /usr/local/lib/python3.10/dist-packages/airflow/example_dags/example_branch_operator_decorator.py
[2024-01-08T18:59:36.571+0300] {logging_mixin.py:188} INFO - [2024-01-08T18:59:36.570+0300] {dag.py:3033} INFO - Sync 1 DAGs
[2024-01-08T18:59:36.815+0300] {logging_mixin.py:188} INFO - [2024-01-08T18:59:36.814+0300] {dag.py:3820} INFO - Setting next_dagrun for example_branch_python_operator_decorator to 2024-01-07T00:00:00+00:00, run_after=2024-01-08T00:00:00+00:00
[2024-01-08T18:59:36.940+0300] {processor.py:183} INFO - Processing /usr/local/lib/python3.10/dist-packages/airflow/example_dags/example_branch_operator_decorator.py took 0.866 seconds
[2024-01-08T19:00:07.486+0300] {processor.py:161} INFO - Started process (PID=25788) to work on /usr/local/lib/python3.10/dist-packages/airflow/example_dags/example_branch_operator_decorator.py
[2024-01-08T19:00:07.489+0300] {processor.py:830} INFO - Processing file /usr/local/lib/python3.10/dist-packages/airflow/example_dags/example_branch_operator_decorator.py for tasks to queue
[2024-01-08T19:00:07.492+0300] {logging_mixin.py:188} INFO - [2024-01-08T19:00:07.491+0300] {dagbag.py:538} INFO - Filling up the DagBag from /usr/local/lib/python3.10/dist-packages/airflow/example_dags/example_branch_operator_decorator.py
[2024-01-08T19:00:07.556+0300] {processor.py:840} INFO - DAG(s) 'example_branch_python_operator_decorator' retrieved from /usr/local/lib/python3.10/dist-packages/airflow/example_dags/example_branch_operator_decorator.py
[2024-01-08T19:00:07.696+0300] {logging_mixin.py:188} INFO - [2024-01-08T19:00:07.693+0300] {dag.py:3033} INFO - Sync 1 DAGs
[2024-01-08T19:00:07.798+0300] {logging_mixin.py:188} INFO - [2024-01-08T19:00:07.798+0300] {dag.py:3820} INFO - Setting next_dagrun for example_branch_python_operator_decorator to 2024-01-07T00:00:00+00:00, run_after=2024-01-08T00:00:00+00:00
[2024-01-08T19:00:07.858+0300] {processor.py:183} INFO - Processing /usr/local/lib/python3.10/dist-packages/airflow/example_dags/example_branch_operator_decorator.py took 0.385 seconds
[2024-01-08T19:00:39.816+0300] {processor.py:161} INFO - Started process (PID=26222) to work on /usr/local/lib/python3.10/dist-packages/airflow/example_dags/example_branch_operator_decorator.py
[2024-01-08T19:00:39.879+0300] {processor.py:830} INFO - Processing file /usr/local/lib/python3.10/dist-packages/airflow/example_dags/example_branch_operator_decorator.py for tasks to queue
[2024-01-08T19:00:39.882+0300] {logging_mixin.py:188} INFO - [2024-01-08T19:00:39.881+0300] {dagbag.py:538} INFO - Filling up the DagBag from /usr/local/lib/python3.10/dist-packages/airflow/example_dags/example_branch_operator_decorator.py
[2024-01-08T19:00:40.090+0300] {processor.py:840} INFO - DAG(s) 'example_branch_python_operator_decorator' retrieved from /usr/local/lib/python3.10/dist-packages/airflow/example_dags/example_branch_operator_decorator.py
[2024-01-08T19:00:40.430+0300] {logging_mixin.py:188} INFO - [2024-01-08T19:00:40.430+0300] {dag.py:3033} INFO - Sync 1 DAGs
[2024-01-08T19:00:40.690+0300] {logging_mixin.py:188} INFO - [2024-01-08T19:00:40.690+0300] {dag.py:3820} INFO - Setting next_dagrun for example_branch_python_operator_decorator to 2024-01-07T00:00:00+00:00, run_after=2024-01-08T00:00:00+00:00
[2024-01-08T19:00:40.925+0300] {processor.py:183} INFO - Processing /usr/local/lib/python3.10/dist-packages/airflow/example_dags/example_branch_operator_decorator.py took 1.119 seconds
[2024-01-08T19:01:11.324+0300] {processor.py:161} INFO - Started process (PID=26618) to work on /usr/local/lib/python3.10/dist-packages/airflow/example_dags/example_branch_operator_decorator.py
[2024-01-08T19:01:11.327+0300] {processor.py:830} INFO - Processing file /usr/local/lib/python3.10/dist-packages/airflow/example_dags/example_branch_operator_decorator.py for tasks to queue
[2024-01-08T19:01:11.329+0300] {logging_mixin.py:188} INFO - [2024-01-08T19:01:11.329+0300] {dagbag.py:538} INFO - Filling up the DagBag from /usr/local/lib/python3.10/dist-packages/airflow/example_dags/example_branch_operator_decorator.py
[2024-01-08T19:01:11.398+0300] {processor.py:840} INFO - DAG(s) 'example_branch_python_operator_decorator' retrieved from /usr/local/lib/python3.10/dist-packages/airflow/example_dags/example_branch_operator_decorator.py
[2024-01-08T19:01:11.509+0300] {logging_mixin.py:188} INFO - [2024-01-08T19:01:11.509+0300] {dag.py:3033} INFO - Sync 1 DAGs
[2024-01-08T19:01:11.571+0300] {logging_mixin.py:188} INFO - [2024-01-08T19:01:11.570+0300] {dag.py:3820} INFO - Setting next_dagrun for example_branch_python_operator_decorator to 2024-01-07T00:00:00+00:00, run_after=2024-01-08T00:00:00+00:00
[2024-01-08T19:01:11.620+0300] {processor.py:183} INFO - Processing /usr/local/lib/python3.10/dist-packages/airflow/example_dags/example_branch_operator_decorator.py took 0.306 seconds
[2024-01-08T19:01:42.043+0300] {processor.py:161} INFO - Started process (PID=27017) to work on /usr/local/lib/python3.10/dist-packages/airflow/example_dags/example_branch_operator_decorator.py
[2024-01-08T19:01:42.068+0300] {processor.py:830} INFO - Processing file /usr/local/lib/python3.10/dist-packages/airflow/example_dags/example_branch_operator_decorator.py for tasks to queue
[2024-01-08T19:01:42.071+0300] {logging_mixin.py:188} INFO - [2024-01-08T19:01:42.070+0300] {dagbag.py:538} INFO - Filling up the DagBag from /usr/local/lib/python3.10/dist-packages/airflow/example_dags/example_branch_operator_decorator.py
[2024-01-08T19:01:42.137+0300] {processor.py:840} INFO - DAG(s) 'example_branch_python_operator_decorator' retrieved from /usr/local/lib/python3.10/dist-packages/airflow/example_dags/example_branch_operator_decorator.py
[2024-01-08T19:01:42.276+0300] {logging_mixin.py:188} INFO - [2024-01-08T19:01:42.276+0300] {dag.py:3033} INFO - Sync 1 DAGs
[2024-01-08T19:01:42.366+0300] {logging_mixin.py:188} INFO - [2024-01-08T19:01:42.365+0300] {dag.py:3820} INFO - Setting next_dagrun for example_branch_python_operator_decorator to 2024-01-07T00:00:00+00:00, run_after=2024-01-08T00:00:00+00:00
[2024-01-08T19:01:42.457+0300] {processor.py:183} INFO - Processing /usr/local/lib/python3.10/dist-packages/airflow/example_dags/example_branch_operator_decorator.py took 0.433 seconds
[2024-01-08T19:02:12.975+0300] {processor.py:161} INFO - Started process (PID=27334) to work on /usr/local/lib/python3.10/dist-packages/airflow/example_dags/example_branch_operator_decorator.py
[2024-01-08T19:02:12.979+0300] {processor.py:830} INFO - Processing file /usr/local/lib/python3.10/dist-packages/airflow/example_dags/example_branch_operator_decorator.py for tasks to queue
[2024-01-08T19:02:12.980+0300] {logging_mixin.py:188} INFO - [2024-01-08T19:02:12.980+0300] {dagbag.py:538} INFO - Filling up the DagBag from /usr/local/lib/python3.10/dist-packages/airflow/example_dags/example_branch_operator_decorator.py
[2024-01-08T19:02:13.064+0300] {processor.py:840} INFO - DAG(s) 'example_branch_python_operator_decorator' retrieved from /usr/local/lib/python3.10/dist-packages/airflow/example_dags/example_branch_operator_decorator.py
[2024-01-08T19:02:13.286+0300] {logging_mixin.py:188} INFO - [2024-01-08T19:02:13.285+0300] {dag.py:3033} INFO - Sync 1 DAGs
[2024-01-08T19:02:13.365+0300] {logging_mixin.py:188} INFO - [2024-01-08T19:02:13.364+0300] {dag.py:3820} INFO - Setting next_dagrun for example_branch_python_operator_decorator to 2024-01-07T00:00:00+00:00, run_after=2024-01-08T00:00:00+00:00
[2024-01-08T19:02:13.502+0300] {processor.py:183} INFO - Processing /usr/local/lib/python3.10/dist-packages/airflow/example_dags/example_branch_operator_decorator.py took 0.542 seconds
[2024-01-08T19:02:44.658+0300] {processor.py:161} INFO - Started process (PID=27656) to work on /usr/local/lib/python3.10/dist-packages/airflow/example_dags/example_branch_operator_decorator.py
[2024-01-08T19:02:44.662+0300] {processor.py:830} INFO - Processing file /usr/local/lib/python3.10/dist-packages/airflow/example_dags/example_branch_operator_decorator.py for tasks to queue
[2024-01-08T19:02:44.664+0300] {logging_mixin.py:188} INFO - [2024-01-08T19:02:44.663+0300] {dagbag.py:538} INFO - Filling up the DagBag from /usr/local/lib/python3.10/dist-packages/airflow/example_dags/example_branch_operator_decorator.py
[2024-01-08T19:02:44.716+0300] {processor.py:840} INFO - DAG(s) 'example_branch_python_operator_decorator' retrieved from /usr/local/lib/python3.10/dist-packages/airflow/example_dags/example_branch_operator_decorator.py
[2024-01-08T19:02:44.962+0300] {logging_mixin.py:188} INFO - [2024-01-08T19:02:44.962+0300] {dag.py:3033} INFO - Sync 1 DAGs
[2024-01-08T19:02:45.064+0300] {logging_mixin.py:188} INFO - [2024-01-08T19:02:45.063+0300] {dag.py:3820} INFO - Setting next_dagrun for example_branch_python_operator_decorator to 2024-01-07T00:00:00+00:00, run_after=2024-01-08T00:00:00+00:00
[2024-01-08T19:02:45.155+0300] {processor.py:183} INFO - Processing /usr/local/lib/python3.10/dist-packages/airflow/example_dags/example_branch_operator_decorator.py took 0.522 seconds
[2024-01-08T19:03:29.540+0300] {processor.py:161} INFO - Started process (PID=28110) to work on /usr/local/lib/python3.10/dist-packages/airflow/example_dags/example_branch_operator_decorator.py
[2024-01-08T19:03:29.545+0300] {processor.py:830} INFO - Processing file /usr/local/lib/python3.10/dist-packages/airflow/example_dags/example_branch_operator_decorator.py for tasks to queue
[2024-01-08T19:03:29.547+0300] {logging_mixin.py:188} INFO - [2024-01-08T19:03:29.546+0300] {dagbag.py:538} INFO - Filling up the DagBag from /usr/local/lib/python3.10/dist-packages/airflow/example_dags/example_branch_operator_decorator.py
[2024-01-08T19:03:29.651+0300] {processor.py:840} INFO - DAG(s) 'example_branch_python_operator_decorator' retrieved from /usr/local/lib/python3.10/dist-packages/airflow/example_dags/example_branch_operator_decorator.py
[2024-01-08T19:03:29.819+0300] {logging_mixin.py:188} INFO - [2024-01-08T19:03:29.818+0300] {dag.py:3033} INFO - Sync 1 DAGs
[2024-01-08T19:03:29.998+0300] {logging_mixin.py:188} INFO - [2024-01-08T19:03:29.997+0300] {dag.py:3820} INFO - Setting next_dagrun for example_branch_python_operator_decorator to 2024-01-07T00:00:00+00:00, run_after=2024-01-08T00:00:00+00:00
[2024-01-08T19:03:30.139+0300] {processor.py:183} INFO - Processing /usr/local/lib/python3.10/dist-packages/airflow/example_dags/example_branch_operator_decorator.py took 0.622 seconds
[2024-01-08T19:04:00.741+0300] {processor.py:161} INFO - Started process (PID=28496) to work on /usr/local/lib/python3.10/dist-packages/airflow/example_dags/example_branch_operator_decorator.py
[2024-01-08T19:04:00.743+0300] {processor.py:830} INFO - Processing file /usr/local/lib/python3.10/dist-packages/airflow/example_dags/example_branch_operator_decorator.py for tasks to queue
[2024-01-08T19:04:00.745+0300] {logging_mixin.py:188} INFO - [2024-01-08T19:04:00.744+0300] {dagbag.py:538} INFO - Filling up the DagBag from /usr/local/lib/python3.10/dist-packages/airflow/example_dags/example_branch_operator_decorator.py
[2024-01-08T19:04:00.801+0300] {processor.py:840} INFO - DAG(s) 'example_branch_python_operator_decorator' retrieved from /usr/local/lib/python3.10/dist-packages/airflow/example_dags/example_branch_operator_decorator.py
[2024-01-08T19:04:00.896+0300] {logging_mixin.py:188} INFO - [2024-01-08T19:04:00.896+0300] {dag.py:3033} INFO - Sync 1 DAGs
[2024-01-08T19:04:00.957+0300] {logging_mixin.py:188} INFO - [2024-01-08T19:04:00.957+0300] {dag.py:3820} INFO - Setting next_dagrun for example_branch_python_operator_decorator to 2024-01-07T00:00:00+00:00, run_after=2024-01-08T00:00:00+00:00
[2024-01-08T19:04:01.012+0300] {processor.py:183} INFO - Processing /usr/local/lib/python3.10/dist-packages/airflow/example_dags/example_branch_operator_decorator.py took 0.282 seconds
[2024-01-08T19:04:34.010+0300] {processor.py:161} INFO - Started process (PID=28871) to work on /usr/local/lib/python3.10/dist-packages/airflow/example_dags/example_branch_operator_decorator.py
[2024-01-08T19:04:34.026+0300] {processor.py:830} INFO - Processing file /usr/local/lib/python3.10/dist-packages/airflow/example_dags/example_branch_operator_decorator.py for tasks to queue
[2024-01-08T19:04:34.032+0300] {logging_mixin.py:188} INFO - [2024-01-08T19:04:34.028+0300] {dagbag.py:538} INFO - Filling up the DagBag from /usr/local/lib/python3.10/dist-packages/airflow/example_dags/example_branch_operator_decorator.py
[2024-01-08T19:04:34.142+0300] {processor.py:840} INFO - DAG(s) 'example_branch_python_operator_decorator' retrieved from /usr/local/lib/python3.10/dist-packages/airflow/example_dags/example_branch_operator_decorator.py
[2024-01-08T19:04:34.284+0300] {logging_mixin.py:188} INFO - [2024-01-08T19:04:34.283+0300] {dag.py:3033} INFO - Sync 1 DAGs
[2024-01-08T19:04:34.364+0300] {logging_mixin.py:188} INFO - [2024-01-08T19:04:34.363+0300] {dag.py:3820} INFO - Setting next_dagrun for example_branch_python_operator_decorator to 2024-01-07T00:00:00+00:00, run_after=2024-01-08T00:00:00+00:00
[2024-01-08T19:04:34.450+0300] {processor.py:183} INFO - Processing /usr/local/lib/python3.10/dist-packages/airflow/example_dags/example_branch_operator_decorator.py took 0.452 seconds
[2024-01-08T19:05:05.683+0300] {processor.py:161} INFO - Started process (PID=29321) to work on /usr/local/lib/python3.10/dist-packages/airflow/example_dags/example_branch_operator_decorator.py
[2024-01-08T19:05:05.686+0300] {processor.py:830} INFO - Processing file /usr/local/lib/python3.10/dist-packages/airflow/example_dags/example_branch_operator_decorator.py for tasks to queue
[2024-01-08T19:05:05.689+0300] {logging_mixin.py:188} INFO - [2024-01-08T19:05:05.688+0300] {dagbag.py:538} INFO - Filling up the DagBag from /usr/local/lib/python3.10/dist-packages/airflow/example_dags/example_branch_operator_decorator.py
[2024-01-08T19:05:05.737+0300] {processor.py:840} INFO - DAG(s) 'example_branch_python_operator_decorator' retrieved from /usr/local/lib/python3.10/dist-packages/airflow/example_dags/example_branch_operator_decorator.py
[2024-01-08T19:05:05.891+0300] {logging_mixin.py:188} INFO - [2024-01-08T19:05:05.891+0300] {dag.py:3033} INFO - Sync 1 DAGs
[2024-01-08T19:05:06.007+0300] {logging_mixin.py:188} INFO - [2024-01-08T19:05:06.007+0300] {dag.py:3820} INFO - Setting next_dagrun for example_branch_python_operator_decorator to 2024-01-07T00:00:00+00:00, run_after=2024-01-08T00:00:00+00:00
[2024-01-08T19:05:06.125+0300] {processor.py:183} INFO - Processing /usr/local/lib/python3.10/dist-packages/airflow/example_dags/example_branch_operator_decorator.py took 0.451 seconds
[2024-01-08T19:05:52.996+0300] {processor.py:161} INFO - Started process (PID=29793) to work on /usr/local/lib/python3.10/dist-packages/airflow/example_dags/example_branch_operator_decorator.py
[2024-01-08T19:05:53.038+0300] {processor.py:830} INFO - Processing file /usr/local/lib/python3.10/dist-packages/airflow/example_dags/example_branch_operator_decorator.py for tasks to queue
[2024-01-08T19:05:53.056+0300] {logging_mixin.py:188} INFO - [2024-01-08T19:05:53.055+0300] {dagbag.py:538} INFO - Filling up the DagBag from /usr/local/lib/python3.10/dist-packages/airflow/example_dags/example_branch_operator_decorator.py
[2024-01-08T19:05:53.353+0300] {processor.py:840} INFO - DAG(s) 'example_branch_python_operator_decorator' retrieved from /usr/local/lib/python3.10/dist-packages/airflow/example_dags/example_branch_operator_decorator.py
[2024-01-08T19:05:54.128+0300] {logging_mixin.py:188} INFO - [2024-01-08T19:05:54.127+0300] {dag.py:3033} INFO - Sync 1 DAGs
[2024-01-08T19:05:54.504+0300] {logging_mixin.py:188} INFO - [2024-01-08T19:05:54.504+0300] {dag.py:3820} INFO - Setting next_dagrun for example_branch_python_operator_decorator to 2024-01-07T00:00:00+00:00, run_after=2024-01-08T00:00:00+00:00
[2024-01-08T19:05:54.769+0300] {processor.py:183} INFO - Processing /usr/local/lib/python3.10/dist-packages/airflow/example_dags/example_branch_operator_decorator.py took 1.871 seconds
[2024-01-08T19:06:25.284+0300] {processor.py:161} INFO - Started process (PID=30151) to work on /usr/local/lib/python3.10/dist-packages/airflow/example_dags/example_branch_operator_decorator.py
[2024-01-08T19:06:25.287+0300] {processor.py:830} INFO - Processing file /usr/local/lib/python3.10/dist-packages/airflow/example_dags/example_branch_operator_decorator.py for tasks to queue
[2024-01-08T19:06:25.313+0300] {logging_mixin.py:188} INFO - [2024-01-08T19:06:25.289+0300] {dagbag.py:538} INFO - Filling up the DagBag from /usr/local/lib/python3.10/dist-packages/airflow/example_dags/example_branch_operator_decorator.py
[2024-01-08T19:06:25.499+0300] {processor.py:840} INFO - DAG(s) 'example_branch_python_operator_decorator' retrieved from /usr/local/lib/python3.10/dist-packages/airflow/example_dags/example_branch_operator_decorator.py
[2024-01-08T19:06:25.963+0300] {logging_mixin.py:188} INFO - [2024-01-08T19:06:25.962+0300] {dag.py:3033} INFO - Sync 1 DAGs
[2024-01-08T19:06:26.210+0300] {logging_mixin.py:188} INFO - [2024-01-08T19:06:26.209+0300] {dag.py:3820} INFO - Setting next_dagrun for example_branch_python_operator_decorator to 2024-01-07T00:00:00+00:00, run_after=2024-01-08T00:00:00+00:00
[2024-01-08T19:06:26.454+0300] {processor.py:183} INFO - Processing /usr/local/lib/python3.10/dist-packages/airflow/example_dags/example_branch_operator_decorator.py took 1.197 seconds
[2024-01-08T19:07:14.811+0300] {processor.py:161} INFO - Started process (PID=30685) to work on /usr/local/lib/python3.10/dist-packages/airflow/example_dags/example_branch_operator_decorator.py
[2024-01-08T19:07:14.814+0300] {processor.py:830} INFO - Processing file /usr/local/lib/python3.10/dist-packages/airflow/example_dags/example_branch_operator_decorator.py for tasks to queue
[2024-01-08T19:07:14.817+0300] {logging_mixin.py:188} INFO - [2024-01-08T19:07:14.816+0300] {dagbag.py:538} INFO - Filling up the DagBag from /usr/local/lib/python3.10/dist-packages/airflow/example_dags/example_branch_operator_decorator.py
[2024-01-08T19:07:14.875+0300] {processor.py:840} INFO - DAG(s) 'example_branch_python_operator_decorator' retrieved from /usr/local/lib/python3.10/dist-packages/airflow/example_dags/example_branch_operator_decorator.py
[2024-01-08T19:07:15.034+0300] {logging_mixin.py:188} INFO - [2024-01-08T19:07:15.034+0300] {dag.py:3033} INFO - Sync 1 DAGs
[2024-01-08T19:07:15.123+0300] {logging_mixin.py:188} INFO - [2024-01-08T19:07:15.123+0300] {dag.py:3820} INFO - Setting next_dagrun for example_branch_python_operator_decorator to 2024-01-07T00:00:00+00:00, run_after=2024-01-08T00:00:00+00:00
[2024-01-08T19:07:15.192+0300] {processor.py:183} INFO - Processing /usr/local/lib/python3.10/dist-packages/airflow/example_dags/example_branch_operator_decorator.py took 0.402 seconds
[2024-01-08T19:07:51.961+0300] {processor.py:161} INFO - Started process (PID=31107) to work on /usr/local/lib/python3.10/dist-packages/airflow/example_dags/example_branch_operator_decorator.py
[2024-01-08T19:07:51.965+0300] {processor.py:830} INFO - Processing file /usr/local/lib/python3.10/dist-packages/airflow/example_dags/example_branch_operator_decorator.py for tasks to queue
[2024-01-08T19:07:51.968+0300] {logging_mixin.py:188} INFO - [2024-01-08T19:07:51.968+0300] {dagbag.py:538} INFO - Filling up the DagBag from /usr/local/lib/python3.10/dist-packages/airflow/example_dags/example_branch_operator_decorator.py
[2024-01-08T19:07:52.028+0300] {processor.py:840} INFO - DAG(s) 'example_branch_python_operator_decorator' retrieved from /usr/local/lib/python3.10/dist-packages/airflow/example_dags/example_branch_operator_decorator.py
[2024-01-08T19:07:52.139+0300] {logging_mixin.py:188} INFO - [2024-01-08T19:07:52.138+0300] {dag.py:3033} INFO - Sync 1 DAGs
[2024-01-08T19:07:52.222+0300] {logging_mixin.py:188} INFO - [2024-01-08T19:07:52.221+0300] {dag.py:3820} INFO - Setting next_dagrun for example_branch_python_operator_decorator to 2024-01-07T00:00:00+00:00, run_after=2024-01-08T00:00:00+00:00
[2024-01-08T19:07:52.277+0300] {processor.py:183} INFO - Processing /usr/local/lib/python3.10/dist-packages/airflow/example_dags/example_branch_operator_decorator.py took 0.329 seconds
[2024-01-08T19:08:23.102+0300] {processor.py:161} INFO - Started process (PID=31425) to work on /usr/local/lib/python3.10/dist-packages/airflow/example_dags/example_branch_operator_decorator.py
[2024-01-08T19:08:23.104+0300] {processor.py:830} INFO - Processing file /usr/local/lib/python3.10/dist-packages/airflow/example_dags/example_branch_operator_decorator.py for tasks to queue
[2024-01-08T19:08:23.107+0300] {logging_mixin.py:188} INFO - [2024-01-08T19:08:23.106+0300] {dagbag.py:538} INFO - Filling up the DagBag from /usr/local/lib/python3.10/dist-packages/airflow/example_dags/example_branch_operator_decorator.py
[2024-01-08T19:08:23.196+0300] {processor.py:840} INFO - DAG(s) 'example_branch_python_operator_decorator' retrieved from /usr/local/lib/python3.10/dist-packages/airflow/example_dags/example_branch_operator_decorator.py
[2024-01-08T19:08:23.409+0300] {logging_mixin.py:188} INFO - [2024-01-08T19:08:23.408+0300] {dag.py:3033} INFO - Sync 1 DAGs
[2024-01-08T19:08:23.486+0300] {logging_mixin.py:188} INFO - [2024-01-08T19:08:23.485+0300] {dag.py:3820} INFO - Setting next_dagrun for example_branch_python_operator_decorator to 2024-01-07T00:00:00+00:00, run_after=2024-01-08T00:00:00+00:00
[2024-01-08T19:08:23.539+0300] {processor.py:183} INFO - Processing /usr/local/lib/python3.10/dist-packages/airflow/example_dags/example_branch_operator_decorator.py took 0.452 seconds
[2024-01-08T19:08:57.968+0300] {processor.py:161} INFO - Started process (PID=31780) to work on /usr/local/lib/python3.10/dist-packages/airflow/example_dags/example_branch_operator_decorator.py
[2024-01-08T19:08:58.019+0300] {processor.py:830} INFO - Processing file /usr/local/lib/python3.10/dist-packages/airflow/example_dags/example_branch_operator_decorator.py for tasks to queue
[2024-01-08T19:08:58.021+0300] {logging_mixin.py:188} INFO - [2024-01-08T19:08:58.020+0300] {dagbag.py:538} INFO - Filling up the DagBag from /usr/local/lib/python3.10/dist-packages/airflow/example_dags/example_branch_operator_decorator.py
[2024-01-08T19:08:58.189+0300] {processor.py:840} INFO - DAG(s) 'example_branch_python_operator_decorator' retrieved from /usr/local/lib/python3.10/dist-packages/airflow/example_dags/example_branch_operator_decorator.py
[2024-01-08T19:08:58.589+0300] {logging_mixin.py:188} INFO - [2024-01-08T19:08:58.589+0300] {dag.py:3033} INFO - Sync 1 DAGs
[2024-01-08T19:08:58.869+0300] {logging_mixin.py:188} INFO - [2024-01-08T19:08:58.868+0300] {dag.py:3820} INFO - Setting next_dagrun for example_branch_python_operator_decorator to 2024-01-07T00:00:00+00:00, run_after=2024-01-08T00:00:00+00:00
[2024-01-08T19:08:59.048+0300] {processor.py:183} INFO - Processing /usr/local/lib/python3.10/dist-packages/airflow/example_dags/example_branch_operator_decorator.py took 1.120 seconds
[2024-01-08T19:09:30.210+0300] {processor.py:161} INFO - Started process (PID=32125) to work on /usr/local/lib/python3.10/dist-packages/airflow/example_dags/example_branch_operator_decorator.py
[2024-01-08T19:09:30.212+0300] {processor.py:830} INFO - Processing file /usr/local/lib/python3.10/dist-packages/airflow/example_dags/example_branch_operator_decorator.py for tasks to queue
[2024-01-08T19:09:30.229+0300] {logging_mixin.py:188} INFO - [2024-01-08T19:09:30.213+0300] {dagbag.py:538} INFO - Filling up the DagBag from /usr/local/lib/python3.10/dist-packages/airflow/example_dags/example_branch_operator_decorator.py
[2024-01-08T19:09:30.394+0300] {processor.py:840} INFO - DAG(s) 'example_branch_python_operator_decorator' retrieved from /usr/local/lib/python3.10/dist-packages/airflow/example_dags/example_branch_operator_decorator.py
[2024-01-08T19:09:30.573+0300] {logging_mixin.py:188} INFO - [2024-01-08T19:09:30.573+0300] {dag.py:3033} INFO - Sync 1 DAGs
[2024-01-08T19:09:30.659+0300] {logging_mixin.py:188} INFO - [2024-01-08T19:09:30.659+0300] {dag.py:3820} INFO - Setting next_dagrun for example_branch_python_operator_decorator to 2024-01-07T00:00:00+00:00, run_after=2024-01-08T00:00:00+00:00
[2024-01-08T19:09:30.800+0300] {processor.py:183} INFO - Processing /usr/local/lib/python3.10/dist-packages/airflow/example_dags/example_branch_operator_decorator.py took 0.629 seconds
[2024-01-08T19:10:02.094+0300] {processor.py:161} INFO - Started process (PID=32501) to work on /usr/local/lib/python3.10/dist-packages/airflow/example_dags/example_branch_operator_decorator.py
[2024-01-08T19:10:02.110+0300] {processor.py:830} INFO - Processing file /usr/local/lib/python3.10/dist-packages/airflow/example_dags/example_branch_operator_decorator.py for tasks to queue
[2024-01-08T19:10:02.112+0300] {logging_mixin.py:188} INFO - [2024-01-08T19:10:02.111+0300] {dagbag.py:538} INFO - Filling up the DagBag from /usr/local/lib/python3.10/dist-packages/airflow/example_dags/example_branch_operator_decorator.py
[2024-01-08T19:10:02.256+0300] {processor.py:840} INFO - DAG(s) 'example_branch_python_operator_decorator' retrieved from /usr/local/lib/python3.10/dist-packages/airflow/example_dags/example_branch_operator_decorator.py
[2024-01-08T19:10:02.641+0300] {logging_mixin.py:188} INFO - [2024-01-08T19:10:02.599+0300] {dag.py:3033} INFO - Sync 1 DAGs
[2024-01-08T19:10:02.939+0300] {logging_mixin.py:188} INFO - [2024-01-08T19:10:02.939+0300] {dag.py:3820} INFO - Setting next_dagrun for example_branch_python_operator_decorator to 2024-01-07T00:00:00+00:00, run_after=2024-01-08T00:00:00+00:00
[2024-01-08T19:10:03.020+0300] {processor.py:183} INFO - Processing /usr/local/lib/python3.10/dist-packages/airflow/example_dags/example_branch_operator_decorator.py took 0.963 seconds
[2024-01-08T19:10:40.532+0300] {processor.py:161} INFO - Started process (PID=32896) to work on /usr/local/lib/python3.10/dist-packages/airflow/example_dags/example_branch_operator_decorator.py
[2024-01-08T19:10:40.549+0300] {processor.py:830} INFO - Processing file /usr/local/lib/python3.10/dist-packages/airflow/example_dags/example_branch_operator_decorator.py for tasks to queue
[2024-01-08T19:10:40.559+0300] {logging_mixin.py:188} INFO - [2024-01-08T19:10:40.557+0300] {dagbag.py:538} INFO - Filling up the DagBag from /usr/local/lib/python3.10/dist-packages/airflow/example_dags/example_branch_operator_decorator.py
[2024-01-08T19:10:40.882+0300] {processor.py:840} INFO - DAG(s) 'example_branch_python_operator_decorator' retrieved from /usr/local/lib/python3.10/dist-packages/airflow/example_dags/example_branch_operator_decorator.py
[2024-01-08T19:10:41.607+0300] {logging_mixin.py:188} INFO - [2024-01-08T19:10:41.606+0300] {dag.py:3033} INFO - Sync 1 DAGs
[2024-01-08T19:10:41.861+0300] {logging_mixin.py:188} INFO - [2024-01-08T19:10:41.861+0300] {dag.py:3820} INFO - Setting next_dagrun for example_branch_python_operator_decorator to 2024-01-07T00:00:00+00:00, run_after=2024-01-08T00:00:00+00:00
[2024-01-08T19:10:45.514+0300] {processor.py:183} INFO - Processing /usr/local/lib/python3.10/dist-packages/airflow/example_dags/example_branch_operator_decorator.py took 5.002 seconds
[2024-01-08T19:11:20.875+0300] {processor.py:161} INFO - Started process (PID=33336) to work on /usr/local/lib/python3.10/dist-packages/airflow/example_dags/example_branch_operator_decorator.py
[2024-01-08T19:11:20.894+0300] {processor.py:830} INFO - Processing file /usr/local/lib/python3.10/dist-packages/airflow/example_dags/example_branch_operator_decorator.py for tasks to queue
[2024-01-08T19:11:20.898+0300] {logging_mixin.py:188} INFO - [2024-01-08T19:11:20.897+0300] {dagbag.py:538} INFO - Filling up the DagBag from /usr/local/lib/python3.10/dist-packages/airflow/example_dags/example_branch_operator_decorator.py
[2024-01-08T19:11:21.063+0300] {processor.py:840} INFO - DAG(s) 'example_branch_python_operator_decorator' retrieved from /usr/local/lib/python3.10/dist-packages/airflow/example_dags/example_branch_operator_decorator.py
[2024-01-08T19:11:21.364+0300] {logging_mixin.py:188} INFO - [2024-01-08T19:11:21.363+0300] {dag.py:3033} INFO - Sync 1 DAGs
[2024-01-08T19:11:21.453+0300] {logging_mixin.py:188} INFO - [2024-01-08T19:11:21.453+0300] {dag.py:3820} INFO - Setting next_dagrun for example_branch_python_operator_decorator to 2024-01-07T00:00:00+00:00, run_after=2024-01-08T00:00:00+00:00
[2024-01-08T19:11:21.605+0300] {processor.py:183} INFO - Processing /usr/local/lib/python3.10/dist-packages/airflow/example_dags/example_branch_operator_decorator.py took 0.754 seconds
[2024-01-08T19:12:10.029+0300] {processor.py:161} INFO - Started process (PID=33858) to work on /usr/local/lib/python3.10/dist-packages/airflow/example_dags/example_branch_operator_decorator.py
[2024-01-08T19:12:10.034+0300] {processor.py:830} INFO - Processing file /usr/local/lib/python3.10/dist-packages/airflow/example_dags/example_branch_operator_decorator.py for tasks to queue
[2024-01-08T19:12:10.036+0300] {logging_mixin.py:188} INFO - [2024-01-08T19:12:10.035+0300] {dagbag.py:538} INFO - Filling up the DagBag from /usr/local/lib/python3.10/dist-packages/airflow/example_dags/example_branch_operator_decorator.py
[2024-01-08T19:12:10.109+0300] {processor.py:840} INFO - DAG(s) 'example_branch_python_operator_decorator' retrieved from /usr/local/lib/python3.10/dist-packages/airflow/example_dags/example_branch_operator_decorator.py
[2024-01-08T19:12:10.447+0300] {logging_mixin.py:188} INFO - [2024-01-08T19:12:10.447+0300] {dag.py:3033} INFO - Sync 1 DAGs
[2024-01-08T19:12:10.542+0300] {logging_mixin.py:188} INFO - [2024-01-08T19:12:10.541+0300] {dag.py:3820} INFO - Setting next_dagrun for example_branch_python_operator_decorator to 2024-01-07T00:00:00+00:00, run_after=2024-01-08T00:00:00+00:00
[2024-01-08T19:12:10.654+0300] {processor.py:183} INFO - Processing /usr/local/lib/python3.10/dist-packages/airflow/example_dags/example_branch_operator_decorator.py took 0.661 seconds
