[2024-01-08T17:37:18.571+0300] {processor.py:161} INFO - Started process (PID=5549) to work on /usr/local/lib/python3.10/dist-packages/airflow/example_dags/example_sensors.py
[2024-01-08T17:37:18.578+0300] {processor.py:830} INFO - Processing file /usr/local/lib/python3.10/dist-packages/airflow/example_dags/example_sensors.py for tasks to queue
[2024-01-08T17:37:18.586+0300] {logging_mixin.py:188} INFO - [2024-01-08T17:37:18.581+0300] {dagbag.py:538} INFO - Filling up the DagBag from /usr/local/lib/python3.10/dist-packages/airflow/example_dags/example_sensors.py
[2024-01-08T17:37:18.645+0300] {processor.py:840} INFO - DAG(s) 'example_sensors' retrieved from /usr/local/lib/python3.10/dist-packages/airflow/example_dags/example_sensors.py
[2024-01-08T17:37:18.827+0300] {logging_mixin.py:188} INFO - [2024-01-08T17:37:18.827+0300] {dag.py:3033} INFO - Sync 1 DAGs
[2024-01-08T17:37:18.878+0300] {logging_mixin.py:188} INFO - [2024-01-08T17:37:18.878+0300] {dag.py:3820} INFO - Setting next_dagrun for example_sensors to None, run_after=None
[2024-01-08T17:37:19.013+0300] {processor.py:183} INFO - Processing /usr/local/lib/python3.10/dist-packages/airflow/example_dags/example_sensors.py took 0.471 seconds
[2024-01-08T17:37:49.162+0300] {processor.py:161} INFO - Started process (PID=5900) to work on /usr/local/lib/python3.10/dist-packages/airflow/example_dags/example_sensors.py
[2024-01-08T17:37:49.165+0300] {processor.py:830} INFO - Processing file /usr/local/lib/python3.10/dist-packages/airflow/example_dags/example_sensors.py for tasks to queue
[2024-01-08T17:37:49.167+0300] {logging_mixin.py:188} INFO - [2024-01-08T17:37:49.167+0300] {dagbag.py:538} INFO - Filling up the DagBag from /usr/local/lib/python3.10/dist-packages/airflow/example_dags/example_sensors.py
[2024-01-08T17:37:49.195+0300] {processor.py:840} INFO - DAG(s) 'example_sensors' retrieved from /usr/local/lib/python3.10/dist-packages/airflow/example_dags/example_sensors.py
[2024-01-08T17:37:49.287+0300] {logging_mixin.py:188} INFO - [2024-01-08T17:37:49.287+0300] {dag.py:3033} INFO - Sync 1 DAGs
[2024-01-08T17:37:49.313+0300] {logging_mixin.py:188} INFO - [2024-01-08T17:37:49.313+0300] {dag.py:3820} INFO - Setting next_dagrun for example_sensors to None, run_after=None
[2024-01-08T17:37:49.362+0300] {processor.py:183} INFO - Processing /usr/local/lib/python3.10/dist-packages/airflow/example_dags/example_sensors.py took 0.209 seconds
[2024-01-08T17:38:20.721+0300] {processor.py:161} INFO - Started process (PID=6215) to work on /usr/local/lib/python3.10/dist-packages/airflow/example_dags/example_sensors.py
[2024-01-08T17:38:20.725+0300] {processor.py:830} INFO - Processing file /usr/local/lib/python3.10/dist-packages/airflow/example_dags/example_sensors.py for tasks to queue
[2024-01-08T17:38:20.728+0300] {logging_mixin.py:188} INFO - [2024-01-08T17:38:20.727+0300] {dagbag.py:538} INFO - Filling up the DagBag from /usr/local/lib/python3.10/dist-packages/airflow/example_dags/example_sensors.py
[2024-01-08T17:38:20.754+0300] {processor.py:840} INFO - DAG(s) 'example_sensors' retrieved from /usr/local/lib/python3.10/dist-packages/airflow/example_dags/example_sensors.py
[2024-01-08T17:38:20.910+0300] {logging_mixin.py:188} INFO - [2024-01-08T17:38:20.909+0300] {dag.py:3033} INFO - Sync 1 DAGs
[2024-01-08T17:38:20.957+0300] {logging_mixin.py:188} INFO - [2024-01-08T17:38:20.957+0300] {dag.py:3820} INFO - Setting next_dagrun for example_sensors to None, run_after=None
[2024-01-08T17:38:21.014+0300] {processor.py:183} INFO - Processing /usr/local/lib/python3.10/dist-packages/airflow/example_dags/example_sensors.py took 0.312 seconds
[2024-01-08T18:15:21.226+0300] {processor.py:161} INFO - Started process (PID=7490) to work on /usr/local/lib/python3.10/dist-packages/airflow/example_dags/example_sensors.py
[2024-01-08T18:15:21.229+0300] {processor.py:830} INFO - Processing file /usr/local/lib/python3.10/dist-packages/airflow/example_dags/example_sensors.py for tasks to queue
[2024-01-08T18:15:21.232+0300] {logging_mixin.py:188} INFO - [2024-01-08T18:15:21.231+0300] {dagbag.py:538} INFO - Filling up the DagBag from /usr/local/lib/python3.10/dist-packages/airflow/example_dags/example_sensors.py
[2024-01-08T18:15:21.268+0300] {processor.py:840} INFO - DAG(s) 'example_sensors' retrieved from /usr/local/lib/python3.10/dist-packages/airflow/example_dags/example_sensors.py
[2024-01-08T18:15:21.362+0300] {logging_mixin.py:188} INFO - [2024-01-08T18:15:21.362+0300] {dag.py:3033} INFO - Sync 1 DAGs
[2024-01-08T18:15:21.387+0300] {logging_mixin.py:188} INFO - [2024-01-08T18:15:21.387+0300] {dag.py:3820} INFO - Setting next_dagrun for example_sensors to None, run_after=None
[2024-01-08T18:15:21.435+0300] {processor.py:183} INFO - Processing /usr/local/lib/python3.10/dist-packages/airflow/example_dags/example_sensors.py took 0.217 seconds
[2024-01-08T18:15:53.444+0300] {processor.py:161} INFO - Started process (PID=7828) to work on /usr/local/lib/python3.10/dist-packages/airflow/example_dags/example_sensors.py
[2024-01-08T18:15:53.447+0300] {processor.py:830} INFO - Processing file /usr/local/lib/python3.10/dist-packages/airflow/example_dags/example_sensors.py for tasks to queue
[2024-01-08T18:15:53.450+0300] {logging_mixin.py:188} INFO - [2024-01-08T18:15:53.449+0300] {dagbag.py:538} INFO - Filling up the DagBag from /usr/local/lib/python3.10/dist-packages/airflow/example_dags/example_sensors.py
[2024-01-08T18:15:53.504+0300] {processor.py:840} INFO - DAG(s) 'example_sensors' retrieved from /usr/local/lib/python3.10/dist-packages/airflow/example_dags/example_sensors.py
[2024-01-08T18:15:53.661+0300] {logging_mixin.py:188} INFO - [2024-01-08T18:15:53.660+0300] {dag.py:3033} INFO - Sync 1 DAGs
[2024-01-08T18:15:53.698+0300] {logging_mixin.py:188} INFO - [2024-01-08T18:15:53.697+0300] {dag.py:3820} INFO - Setting next_dagrun for example_sensors to None, run_after=None
[2024-01-08T18:15:53.760+0300] {processor.py:183} INFO - Processing /usr/local/lib/python3.10/dist-packages/airflow/example_dags/example_sensors.py took 0.328 seconds
[2024-01-08T18:29:33.325+0300] {processor.py:161} INFO - Started process (PID=8725) to work on /usr/local/lib/python3.10/dist-packages/airflow/example_dags/example_sensors.py
[2024-01-08T18:29:33.332+0300] {processor.py:830} INFO - Processing file /usr/local/lib/python3.10/dist-packages/airflow/example_dags/example_sensors.py for tasks to queue
[2024-01-08T18:29:33.338+0300] {logging_mixin.py:188} INFO - [2024-01-08T18:29:33.337+0300] {dagbag.py:538} INFO - Filling up the DagBag from /usr/local/lib/python3.10/dist-packages/airflow/example_dags/example_sensors.py
[2024-01-08T18:29:34.408+0300] {processor.py:840} INFO - DAG(s) 'example_sensors' retrieved from /usr/local/lib/python3.10/dist-packages/airflow/example_dags/example_sensors.py
[2024-01-08T18:29:40.203+0300] {logging_mixin.py:188} INFO - [2024-01-08T18:29:40.202+0300] {dag.py:3033} INFO - Sync 1 DAGs
[2024-01-08T18:29:41.799+0300] {logging_mixin.py:188} INFO - [2024-01-08T18:29:41.768+0300] {dag.py:3820} INFO - Setting next_dagrun for example_sensors to None, run_after=None
[2024-01-08T18:29:44.182+0300] {processor.py:183} INFO - Processing /usr/local/lib/python3.10/dist-packages/airflow/example_dags/example_sensors.py took 10.993 seconds
[2024-01-08T18:33:03.948+0300] {processor.py:161} INFO - Started process (PID=10052) to work on /usr/local/lib/python3.10/dist-packages/airflow/example_dags/example_sensors.py
[2024-01-08T18:33:03.952+0300] {processor.py:830} INFO - Processing file /usr/local/lib/python3.10/dist-packages/airflow/example_dags/example_sensors.py for tasks to queue
[2024-01-08T18:33:03.961+0300] {logging_mixin.py:188} INFO - [2024-01-08T18:33:03.958+0300] {dagbag.py:538} INFO - Filling up the DagBag from /usr/local/lib/python3.10/dist-packages/airflow/example_dags/example_sensors.py
[2024-01-08T18:33:04.025+0300] {processor.py:840} INFO - DAG(s) 'example_sensors' retrieved from /usr/local/lib/python3.10/dist-packages/airflow/example_dags/example_sensors.py
[2024-01-08T18:33:05.433+0300] {logging_mixin.py:188} INFO - [2024-01-08T18:33:05.431+0300] {dag.py:3033} INFO - Sync 1 DAGs
[2024-01-08T18:33:05.963+0300] {logging_mixin.py:188} INFO - [2024-01-08T18:33:05.963+0300] {dag.py:3820} INFO - Setting next_dagrun for example_sensors to None, run_after=None
[2024-01-08T18:33:07.730+0300] {processor.py:183} INFO - Processing /usr/local/lib/python3.10/dist-packages/airflow/example_dags/example_sensors.py took 3.823 seconds
[2024-01-08T18:35:53.451+0300] {processor.py:161} INFO - Started process (PID=11100) to work on /usr/local/lib/python3.10/dist-packages/airflow/example_dags/example_sensors.py
[2024-01-08T18:35:53.474+0300] {processor.py:830} INFO - Processing file /usr/local/lib/python3.10/dist-packages/airflow/example_dags/example_sensors.py for tasks to queue
[2024-01-08T18:35:53.477+0300] {logging_mixin.py:188} INFO - [2024-01-08T18:35:53.476+0300] {dagbag.py:538} INFO - Filling up the DagBag from /usr/local/lib/python3.10/dist-packages/airflow/example_dags/example_sensors.py
[2024-01-08T18:35:53.815+0300] {processor.py:840} INFO - DAG(s) 'example_sensors' retrieved from /usr/local/lib/python3.10/dist-packages/airflow/example_dags/example_sensors.py
[2024-01-08T18:35:56.499+0300] {logging_mixin.py:188} INFO - [2024-01-08T18:35:56.498+0300] {dag.py:3033} INFO - Sync 1 DAGs
[2024-01-08T18:35:57.857+0300] {logging_mixin.py:188} INFO - [2024-01-08T18:35:57.857+0300] {dag.py:3820} INFO - Setting next_dagrun for example_sensors to None, run_after=None
[2024-01-08T18:36:00.164+0300] {processor.py:183} INFO - Processing /usr/local/lib/python3.10/dist-packages/airflow/example_dags/example_sensors.py took 6.757 seconds
[2024-01-08T18:37:52.063+0300] {processor.py:161} INFO - Started process (PID=11918) to work on /usr/local/lib/python3.10/dist-packages/airflow/example_dags/example_sensors.py
[2024-01-08T18:37:52.103+0300] {processor.py:830} INFO - Processing file /usr/local/lib/python3.10/dist-packages/airflow/example_dags/example_sensors.py for tasks to queue
[2024-01-08T18:37:52.106+0300] {logging_mixin.py:188} INFO - [2024-01-08T18:37:52.105+0300] {dagbag.py:538} INFO - Filling up the DagBag from /usr/local/lib/python3.10/dist-packages/airflow/example_dags/example_sensors.py
[2024-01-08T18:37:52.537+0300] {processor.py:840} INFO - DAG(s) 'example_sensors' retrieved from /usr/local/lib/python3.10/dist-packages/airflow/example_dags/example_sensors.py
[2024-01-08T18:37:54.078+0300] {logging_mixin.py:188} INFO - [2024-01-08T18:37:54.078+0300] {dag.py:3033} INFO - Sync 1 DAGs
[2024-01-08T18:37:54.450+0300] {logging_mixin.py:188} INFO - [2024-01-08T18:37:54.449+0300] {dag.py:3820} INFO - Setting next_dagrun for example_sensors to None, run_after=None
[2024-01-08T18:37:55.191+0300] {processor.py:183} INFO - Processing /usr/local/lib/python3.10/dist-packages/airflow/example_dags/example_sensors.py took 3.158 seconds
[2024-01-08T18:40:56.873+0300] {processor.py:161} INFO - Started process (PID=13129) to work on /usr/local/lib/python3.10/dist-packages/airflow/example_dags/example_sensors.py
[2024-01-08T18:40:56.883+0300] {processor.py:830} INFO - Processing file /usr/local/lib/python3.10/dist-packages/airflow/example_dags/example_sensors.py for tasks to queue
[2024-01-08T18:40:56.885+0300] {logging_mixin.py:188} INFO - [2024-01-08T18:40:56.884+0300] {dagbag.py:538} INFO - Filling up the DagBag from /usr/local/lib/python3.10/dist-packages/airflow/example_dags/example_sensors.py
[2024-01-08T18:40:57.311+0300] {processor.py:840} INFO - DAG(s) 'example_sensors' retrieved from /usr/local/lib/python3.10/dist-packages/airflow/example_dags/example_sensors.py
[2024-01-08T18:40:58.186+0300] {logging_mixin.py:188} INFO - [2024-01-08T18:40:58.186+0300] {dag.py:3033} INFO - Sync 1 DAGs
[2024-01-08T18:40:58.616+0300] {logging_mixin.py:188} INFO - [2024-01-08T18:40:58.615+0300] {dag.py:3820} INFO - Setting next_dagrun for example_sensors to None, run_after=None
[2024-01-08T18:40:59.095+0300] {processor.py:183} INFO - Processing /usr/local/lib/python3.10/dist-packages/airflow/example_dags/example_sensors.py took 2.244 seconds
[2024-01-08T18:41:56.276+0300] {processor.py:161} INFO - Started process (PID=13750) to work on /usr/local/lib/python3.10/dist-packages/airflow/example_dags/example_sensors.py
[2024-01-08T18:41:56.353+0300] {processor.py:830} INFO - Processing file /usr/local/lib/python3.10/dist-packages/airflow/example_dags/example_sensors.py for tasks to queue
[2024-01-08T18:41:56.355+0300] {logging_mixin.py:188} INFO - [2024-01-08T18:41:56.354+0300] {dagbag.py:538} INFO - Filling up the DagBag from /usr/local/lib/python3.10/dist-packages/airflow/example_dags/example_sensors.py
[2024-01-08T18:41:56.711+0300] {processor.py:840} INFO - DAG(s) 'example_sensors' retrieved from /usr/local/lib/python3.10/dist-packages/airflow/example_dags/example_sensors.py
[2024-01-08T18:41:58.136+0300] {logging_mixin.py:188} INFO - [2024-01-08T18:41:58.135+0300] {dag.py:3033} INFO - Sync 1 DAGs
[2024-01-08T18:41:58.535+0300] {logging_mixin.py:188} INFO - [2024-01-08T18:41:58.535+0300] {dag.py:3820} INFO - Setting next_dagrun for example_sensors to None, run_after=None
[2024-01-08T18:41:59.088+0300] {processor.py:183} INFO - Processing /usr/local/lib/python3.10/dist-packages/airflow/example_dags/example_sensors.py took 2.884 seconds
[2024-01-08T18:42:29.668+0300] {processor.py:161} INFO - Started process (PID=14173) to work on /usr/local/lib/python3.10/dist-packages/airflow/example_dags/example_sensors.py
[2024-01-08T18:42:29.671+0300] {processor.py:830} INFO - Processing file /usr/local/lib/python3.10/dist-packages/airflow/example_dags/example_sensors.py for tasks to queue
[2024-01-08T18:42:29.675+0300] {logging_mixin.py:188} INFO - [2024-01-08T18:42:29.673+0300] {dagbag.py:538} INFO - Filling up the DagBag from /usr/local/lib/python3.10/dist-packages/airflow/example_dags/example_sensors.py
[2024-01-08T18:42:29.709+0300] {processor.py:840} INFO - DAG(s) 'example_sensors' retrieved from /usr/local/lib/python3.10/dist-packages/airflow/example_dags/example_sensors.py
[2024-01-08T18:42:29.873+0300] {logging_mixin.py:188} INFO - [2024-01-08T18:42:29.872+0300] {dag.py:3033} INFO - Sync 1 DAGs
[2024-01-08T18:42:29.933+0300] {logging_mixin.py:188} INFO - [2024-01-08T18:42:29.932+0300] {dag.py:3820} INFO - Setting next_dagrun for example_sensors to None, run_after=None
[2024-01-08T18:42:30.029+0300] {processor.py:183} INFO - Processing /usr/local/lib/python3.10/dist-packages/airflow/example_dags/example_sensors.py took 0.372 seconds
[2024-01-08T18:43:05.369+0300] {processor.py:161} INFO - Started process (PID=14567) to work on /usr/local/lib/python3.10/dist-packages/airflow/example_dags/example_sensors.py
[2024-01-08T18:43:05.372+0300] {processor.py:830} INFO - Processing file /usr/local/lib/python3.10/dist-packages/airflow/example_dags/example_sensors.py for tasks to queue
[2024-01-08T18:43:05.374+0300] {logging_mixin.py:188} INFO - [2024-01-08T18:43:05.374+0300] {dagbag.py:538} INFO - Filling up the DagBag from /usr/local/lib/python3.10/dist-packages/airflow/example_dags/example_sensors.py
[2024-01-08T18:43:05.398+0300] {processor.py:840} INFO - DAG(s) 'example_sensors' retrieved from /usr/local/lib/python3.10/dist-packages/airflow/example_dags/example_sensors.py
[2024-01-08T18:43:05.487+0300] {logging_mixin.py:188} INFO - [2024-01-08T18:43:05.487+0300] {dag.py:3033} INFO - Sync 1 DAGs
[2024-01-08T18:43:05.532+0300] {logging_mixin.py:188} INFO - [2024-01-08T18:43:05.532+0300] {dag.py:3820} INFO - Setting next_dagrun for example_sensors to None, run_after=None
[2024-01-08T18:43:05.586+0300] {processor.py:183} INFO - Processing /usr/local/lib/python3.10/dist-packages/airflow/example_dags/example_sensors.py took 0.229 seconds
[2024-01-08T18:43:36.547+0300] {processor.py:161} INFO - Started process (PID=14882) to work on /usr/local/lib/python3.10/dist-packages/airflow/example_dags/example_sensors.py
[2024-01-08T18:43:36.551+0300] {processor.py:830} INFO - Processing file /usr/local/lib/python3.10/dist-packages/airflow/example_dags/example_sensors.py for tasks to queue
[2024-01-08T18:43:36.553+0300] {logging_mixin.py:188} INFO - [2024-01-08T18:43:36.552+0300] {dagbag.py:538} INFO - Filling up the DagBag from /usr/local/lib/python3.10/dist-packages/airflow/example_dags/example_sensors.py
[2024-01-08T18:43:36.622+0300] {processor.py:840} INFO - DAG(s) 'example_sensors' retrieved from /usr/local/lib/python3.10/dist-packages/airflow/example_dags/example_sensors.py
[2024-01-08T18:43:36.834+0300] {logging_mixin.py:188} INFO - [2024-01-08T18:43:36.834+0300] {dag.py:3033} INFO - Sync 1 DAGs
[2024-01-08T18:43:36.883+0300] {logging_mixin.py:188} INFO - [2024-01-08T18:43:36.883+0300] {dag.py:3820} INFO - Setting next_dagrun for example_sensors to None, run_after=None
[2024-01-08T18:43:37.003+0300] {processor.py:183} INFO - Processing /usr/local/lib/python3.10/dist-packages/airflow/example_dags/example_sensors.py took 0.487 seconds
[2024-01-08T18:44:07.224+0300] {processor.py:161} INFO - Started process (PID=15199) to work on /usr/local/lib/python3.10/dist-packages/airflow/example_dags/example_sensors.py
[2024-01-08T18:44:07.226+0300] {processor.py:830} INFO - Processing file /usr/local/lib/python3.10/dist-packages/airflow/example_dags/example_sensors.py for tasks to queue
[2024-01-08T18:44:07.228+0300] {logging_mixin.py:188} INFO - [2024-01-08T18:44:07.227+0300] {dagbag.py:538} INFO - Filling up the DagBag from /usr/local/lib/python3.10/dist-packages/airflow/example_dags/example_sensors.py
[2024-01-08T18:44:07.253+0300] {processor.py:840} INFO - DAG(s) 'example_sensors' retrieved from /usr/local/lib/python3.10/dist-packages/airflow/example_dags/example_sensors.py
[2024-01-08T18:44:07.354+0300] {logging_mixin.py:188} INFO - [2024-01-08T18:44:07.354+0300] {dag.py:3033} INFO - Sync 1 DAGs
[2024-01-08T18:44:07.382+0300] {logging_mixin.py:188} INFO - [2024-01-08T18:44:07.382+0300] {dag.py:3820} INFO - Setting next_dagrun for example_sensors to None, run_after=None
[2024-01-08T18:44:07.451+0300] {processor.py:183} INFO - Processing /usr/local/lib/python3.10/dist-packages/airflow/example_dags/example_sensors.py took 0.237 seconds
[2024-01-08T18:44:39.739+0300] {processor.py:161} INFO - Started process (PID=15531) to work on /usr/local/lib/python3.10/dist-packages/airflow/example_dags/example_sensors.py
[2024-01-08T18:44:39.750+0300] {processor.py:830} INFO - Processing file /usr/local/lib/python3.10/dist-packages/airflow/example_dags/example_sensors.py for tasks to queue
[2024-01-08T18:44:39.751+0300] {logging_mixin.py:188} INFO - [2024-01-08T18:44:39.751+0300] {dagbag.py:538} INFO - Filling up the DagBag from /usr/local/lib/python3.10/dist-packages/airflow/example_dags/example_sensors.py
[2024-01-08T18:44:39.814+0300] {processor.py:840} INFO - DAG(s) 'example_sensors' retrieved from /usr/local/lib/python3.10/dist-packages/airflow/example_dags/example_sensors.py
[2024-01-08T18:44:39.949+0300] {logging_mixin.py:188} INFO - [2024-01-08T18:44:39.948+0300] {dag.py:3033} INFO - Sync 1 DAGs
[2024-01-08T18:44:40.036+0300] {logging_mixin.py:188} INFO - [2024-01-08T18:44:40.035+0300] {dag.py:3820} INFO - Setting next_dagrun for example_sensors to None, run_after=None
[2024-01-08T18:44:40.214+0300] {processor.py:183} INFO - Processing /usr/local/lib/python3.10/dist-packages/airflow/example_dags/example_sensors.py took 0.512 seconds
[2024-01-08T18:45:12.289+0300] {processor.py:161} INFO - Started process (PID=15913) to work on /usr/local/lib/python3.10/dist-packages/airflow/example_dags/example_sensors.py
[2024-01-08T18:45:12.294+0300] {processor.py:830} INFO - Processing file /usr/local/lib/python3.10/dist-packages/airflow/example_dags/example_sensors.py for tasks to queue
[2024-01-08T18:45:12.296+0300] {logging_mixin.py:188} INFO - [2024-01-08T18:45:12.295+0300] {dagbag.py:538} INFO - Filling up the DagBag from /usr/local/lib/python3.10/dist-packages/airflow/example_dags/example_sensors.py
[2024-01-08T18:45:12.404+0300] {processor.py:840} INFO - DAG(s) 'example_sensors' retrieved from /usr/local/lib/python3.10/dist-packages/airflow/example_dags/example_sensors.py
[2024-01-08T18:45:12.835+0300] {logging_mixin.py:188} INFO - [2024-01-08T18:45:12.834+0300] {dag.py:3033} INFO - Sync 1 DAGs
[2024-01-08T18:45:12.999+0300] {logging_mixin.py:188} INFO - [2024-01-08T18:45:12.998+0300] {dag.py:3820} INFO - Setting next_dagrun for example_sensors to None, run_after=None
[2024-01-08T18:45:13.149+0300] {processor.py:183} INFO - Processing /usr/local/lib/python3.10/dist-packages/airflow/example_dags/example_sensors.py took 0.907 seconds
[2024-01-08T18:45:55.399+0300] {processor.py:161} INFO - Started process (PID=16395) to work on /usr/local/lib/python3.10/dist-packages/airflow/example_dags/example_sensors.py
[2024-01-08T18:45:55.406+0300] {processor.py:830} INFO - Processing file /usr/local/lib/python3.10/dist-packages/airflow/example_dags/example_sensors.py for tasks to queue
[2024-01-08T18:45:55.434+0300] {logging_mixin.py:188} INFO - [2024-01-08T18:45:55.433+0300] {dagbag.py:538} INFO - Filling up the DagBag from /usr/local/lib/python3.10/dist-packages/airflow/example_dags/example_sensors.py
[2024-01-08T18:45:55.560+0300] {processor.py:840} INFO - DAG(s) 'example_sensors' retrieved from /usr/local/lib/python3.10/dist-packages/airflow/example_dags/example_sensors.py
[2024-01-08T18:45:56.399+0300] {logging_mixin.py:188} INFO - [2024-01-08T18:45:56.398+0300] {dag.py:3033} INFO - Sync 1 DAGs
[2024-01-08T18:45:56.594+0300] {logging_mixin.py:188} INFO - [2024-01-08T18:45:56.584+0300] {dag.py:3820} INFO - Setting next_dagrun for example_sensors to None, run_after=None
[2024-01-08T18:45:56.940+0300] {processor.py:183} INFO - Processing /usr/local/lib/python3.10/dist-packages/airflow/example_dags/example_sensors.py took 1.627 seconds
[2024-01-08T18:46:42.069+0300] {processor.py:161} INFO - Started process (PID=16917) to work on /usr/local/lib/python3.10/dist-packages/airflow/example_dags/example_sensors.py
[2024-01-08T18:46:42.077+0300] {processor.py:830} INFO - Processing file /usr/local/lib/python3.10/dist-packages/airflow/example_dags/example_sensors.py for tasks to queue
[2024-01-08T18:46:42.080+0300] {logging_mixin.py:188} INFO - [2024-01-08T18:46:42.079+0300] {dagbag.py:538} INFO - Filling up the DagBag from /usr/local/lib/python3.10/dist-packages/airflow/example_dags/example_sensors.py
[2024-01-08T18:46:42.166+0300] {processor.py:840} INFO - DAG(s) 'example_sensors' retrieved from /usr/local/lib/python3.10/dist-packages/airflow/example_dags/example_sensors.py
[2024-01-08T18:46:42.487+0300] {logging_mixin.py:188} INFO - [2024-01-08T18:46:42.486+0300] {dag.py:3033} INFO - Sync 1 DAGs
[2024-01-08T18:46:42.651+0300] {logging_mixin.py:188} INFO - [2024-01-08T18:46:42.650+0300] {dag.py:3820} INFO - Setting next_dagrun for example_sensors to None, run_after=None
[2024-01-08T18:46:42.828+0300] {processor.py:183} INFO - Processing /usr/local/lib/python3.10/dist-packages/airflow/example_dags/example_sensors.py took 0.834 seconds
[2024-01-08T18:47:13.661+0300] {processor.py:161} INFO - Started process (PID=17309) to work on /usr/local/lib/python3.10/dist-packages/airflow/example_dags/example_sensors.py
[2024-01-08T18:47:13.664+0300] {processor.py:830} INFO - Processing file /usr/local/lib/python3.10/dist-packages/airflow/example_dags/example_sensors.py for tasks to queue
[2024-01-08T18:47:13.666+0300] {logging_mixin.py:188} INFO - [2024-01-08T18:47:13.665+0300] {dagbag.py:538} INFO - Filling up the DagBag from /usr/local/lib/python3.10/dist-packages/airflow/example_dags/example_sensors.py
[2024-01-08T18:47:13.697+0300] {processor.py:840} INFO - DAG(s) 'example_sensors' retrieved from /usr/local/lib/python3.10/dist-packages/airflow/example_dags/example_sensors.py
[2024-01-08T18:47:13.842+0300] {logging_mixin.py:188} INFO - [2024-01-08T18:47:13.842+0300] {dag.py:3033} INFO - Sync 1 DAGs
[2024-01-08T18:47:13.887+0300] {logging_mixin.py:188} INFO - [2024-01-08T18:47:13.886+0300] {dag.py:3820} INFO - Setting next_dagrun for example_sensors to None, run_after=None
[2024-01-08T18:47:13.949+0300] {processor.py:183} INFO - Processing /usr/local/lib/python3.10/dist-packages/airflow/example_dags/example_sensors.py took 0.298 seconds
[2024-01-08T18:47:44.064+0300] {processor.py:161} INFO - Started process (PID=17649) to work on /usr/local/lib/python3.10/dist-packages/airflow/example_dags/example_sensors.py
[2024-01-08T18:47:44.068+0300] {processor.py:830} INFO - Processing file /usr/local/lib/python3.10/dist-packages/airflow/example_dags/example_sensors.py for tasks to queue
[2024-01-08T18:47:44.070+0300] {logging_mixin.py:188} INFO - [2024-01-08T18:47:44.070+0300] {dagbag.py:538} INFO - Filling up the DagBag from /usr/local/lib/python3.10/dist-packages/airflow/example_dags/example_sensors.py
[2024-01-08T18:47:44.096+0300] {processor.py:840} INFO - DAG(s) 'example_sensors' retrieved from /usr/local/lib/python3.10/dist-packages/airflow/example_dags/example_sensors.py
[2024-01-08T18:47:44.214+0300] {logging_mixin.py:188} INFO - [2024-01-08T18:47:44.214+0300] {dag.py:3033} INFO - Sync 1 DAGs
[2024-01-08T18:47:44.256+0300] {logging_mixin.py:188} INFO - [2024-01-08T18:47:44.255+0300] {dag.py:3820} INFO - Setting next_dagrun for example_sensors to None, run_after=None
[2024-01-08T18:47:44.336+0300] {processor.py:183} INFO - Processing /usr/local/lib/python3.10/dist-packages/airflow/example_dags/example_sensors.py took 0.285 seconds
[2024-01-08T18:48:24.608+0300] {processor.py:161} INFO - Started process (PID=18068) to work on /usr/local/lib/python3.10/dist-packages/airflow/example_dags/example_sensors.py
[2024-01-08T18:48:24.633+0300] {processor.py:830} INFO - Processing file /usr/local/lib/python3.10/dist-packages/airflow/example_dags/example_sensors.py for tasks to queue
[2024-01-08T18:48:24.635+0300] {logging_mixin.py:188} INFO - [2024-01-08T18:48:24.634+0300] {dagbag.py:538} INFO - Filling up the DagBag from /usr/local/lib/python3.10/dist-packages/airflow/example_dags/example_sensors.py
[2024-01-08T18:48:24.793+0300] {processor.py:840} INFO - DAG(s) 'example_sensors' retrieved from /usr/local/lib/python3.10/dist-packages/airflow/example_dags/example_sensors.py
[2024-01-08T18:48:25.217+0300] {logging_mixin.py:188} INFO - [2024-01-08T18:48:25.188+0300] {dag.py:3033} INFO - Sync 1 DAGs
[2024-01-08T18:48:25.529+0300] {logging_mixin.py:188} INFO - [2024-01-08T18:48:25.516+0300] {dag.py:3820} INFO - Setting next_dagrun for example_sensors to None, run_after=None
[2024-01-08T18:48:25.642+0300] {processor.py:183} INFO - Processing /usr/local/lib/python3.10/dist-packages/airflow/example_dags/example_sensors.py took 1.086 seconds
[2024-01-08T18:48:56.026+0300] {processor.py:161} INFO - Started process (PID=18438) to work on /usr/local/lib/python3.10/dist-packages/airflow/example_dags/example_sensors.py
[2024-01-08T18:48:56.029+0300] {processor.py:830} INFO - Processing file /usr/local/lib/python3.10/dist-packages/airflow/example_dags/example_sensors.py for tasks to queue
[2024-01-08T18:48:56.031+0300] {logging_mixin.py:188} INFO - [2024-01-08T18:48:56.030+0300] {dagbag.py:538} INFO - Filling up the DagBag from /usr/local/lib/python3.10/dist-packages/airflow/example_dags/example_sensors.py
[2024-01-08T18:48:56.187+0300] {processor.py:840} INFO - DAG(s) 'example_sensors' retrieved from /usr/local/lib/python3.10/dist-packages/airflow/example_dags/example_sensors.py
[2024-01-08T18:48:56.615+0300] {logging_mixin.py:188} INFO - [2024-01-08T18:48:56.615+0300] {dag.py:3033} INFO - Sync 1 DAGs
[2024-01-08T18:48:56.782+0300] {logging_mixin.py:188} INFO - [2024-01-08T18:48:56.782+0300] {dag.py:3820} INFO - Setting next_dagrun for example_sensors to None, run_after=None
[2024-01-08T18:48:57.016+0300] {processor.py:183} INFO - Processing /usr/local/lib/python3.10/dist-packages/airflow/example_dags/example_sensors.py took 1.018 seconds
[2024-01-08T18:49:29.832+0300] {processor.py:161} INFO - Started process (PID=18872) to work on /usr/local/lib/python3.10/dist-packages/airflow/example_dags/example_sensors.py
[2024-01-08T18:49:29.835+0300] {processor.py:830} INFO - Processing file /usr/local/lib/python3.10/dist-packages/airflow/example_dags/example_sensors.py for tasks to queue
[2024-01-08T18:49:29.839+0300] {logging_mixin.py:188} INFO - [2024-01-08T18:49:29.838+0300] {dagbag.py:538} INFO - Filling up the DagBag from /usr/local/lib/python3.10/dist-packages/airflow/example_dags/example_sensors.py
[2024-01-08T18:49:29.863+0300] {processor.py:840} INFO - DAG(s) 'example_sensors' retrieved from /usr/local/lib/python3.10/dist-packages/airflow/example_dags/example_sensors.py
[2024-01-08T18:49:29.983+0300] {logging_mixin.py:188} INFO - [2024-01-08T18:49:29.982+0300] {dag.py:3033} INFO - Sync 1 DAGs
[2024-01-08T18:49:30.022+0300] {logging_mixin.py:188} INFO - [2024-01-08T18:49:30.022+0300] {dag.py:3820} INFO - Setting next_dagrun for example_sensors to None, run_after=None
[2024-01-08T18:49:30.074+0300] {processor.py:183} INFO - Processing /usr/local/lib/python3.10/dist-packages/airflow/example_dags/example_sensors.py took 0.251 seconds
[2024-01-08T18:50:01.328+0300] {processor.py:161} INFO - Started process (PID=19189) to work on /usr/local/lib/python3.10/dist-packages/airflow/example_dags/example_sensors.py
[2024-01-08T18:50:01.330+0300] {processor.py:830} INFO - Processing file /usr/local/lib/python3.10/dist-packages/airflow/example_dags/example_sensors.py for tasks to queue
[2024-01-08T18:50:01.332+0300] {logging_mixin.py:188} INFO - [2024-01-08T18:50:01.332+0300] {dagbag.py:538} INFO - Filling up the DagBag from /usr/local/lib/python3.10/dist-packages/airflow/example_dags/example_sensors.py
[2024-01-08T18:50:01.359+0300] {processor.py:840} INFO - DAG(s) 'example_sensors' retrieved from /usr/local/lib/python3.10/dist-packages/airflow/example_dags/example_sensors.py
[2024-01-08T18:50:01.447+0300] {logging_mixin.py:188} INFO - [2024-01-08T18:50:01.447+0300] {dag.py:3033} INFO - Sync 1 DAGs
[2024-01-08T18:50:01.521+0300] {logging_mixin.py:188} INFO - [2024-01-08T18:50:01.521+0300] {dag.py:3820} INFO - Setting next_dagrun for example_sensors to None, run_after=None
[2024-01-08T18:50:01.606+0300] {processor.py:183} INFO - Processing /usr/local/lib/python3.10/dist-packages/airflow/example_dags/example_sensors.py took 0.288 seconds
[2024-01-08T18:50:32.057+0300] {processor.py:161} INFO - Started process (PID=19503) to work on /usr/local/lib/python3.10/dist-packages/airflow/example_dags/example_sensors.py
[2024-01-08T18:50:32.060+0300] {processor.py:830} INFO - Processing file /usr/local/lib/python3.10/dist-packages/airflow/example_dags/example_sensors.py for tasks to queue
[2024-01-08T18:50:32.061+0300] {logging_mixin.py:188} INFO - [2024-01-08T18:50:32.061+0300] {dagbag.py:538} INFO - Filling up the DagBag from /usr/local/lib/python3.10/dist-packages/airflow/example_dags/example_sensors.py
[2024-01-08T18:50:32.086+0300] {processor.py:840} INFO - DAG(s) 'example_sensors' retrieved from /usr/local/lib/python3.10/dist-packages/airflow/example_dags/example_sensors.py
[2024-01-08T18:50:32.201+0300] {logging_mixin.py:188} INFO - [2024-01-08T18:50:32.200+0300] {dag.py:3033} INFO - Sync 1 DAGs
[2024-01-08T18:50:32.228+0300] {logging_mixin.py:188} INFO - [2024-01-08T18:50:32.228+0300] {dag.py:3820} INFO - Setting next_dagrun for example_sensors to None, run_after=None
[2024-01-08T18:50:32.271+0300] {processor.py:183} INFO - Processing /usr/local/lib/python3.10/dist-packages/airflow/example_dags/example_sensors.py took 0.223 seconds
[2024-01-08T18:51:07.127+0300] {processor.py:161} INFO - Started process (PID=19844) to work on /usr/local/lib/python3.10/dist-packages/airflow/example_dags/example_sensors.py
[2024-01-08T18:51:07.165+0300] {processor.py:830} INFO - Processing file /usr/local/lib/python3.10/dist-packages/airflow/example_dags/example_sensors.py for tasks to queue
[2024-01-08T18:51:07.181+0300] {logging_mixin.py:188} INFO - [2024-01-08T18:51:07.176+0300] {dagbag.py:538} INFO - Filling up the DagBag from /usr/local/lib/python3.10/dist-packages/airflow/example_dags/example_sensors.py
[2024-01-08T18:51:07.314+0300] {processor.py:840} INFO - DAG(s) 'example_sensors' retrieved from /usr/local/lib/python3.10/dist-packages/airflow/example_dags/example_sensors.py
[2024-01-08T18:51:07.722+0300] {logging_mixin.py:188} INFO - [2024-01-08T18:51:07.721+0300] {dag.py:3033} INFO - Sync 1 DAGs
[2024-01-08T18:51:07.879+0300] {logging_mixin.py:188} INFO - [2024-01-08T18:51:07.879+0300] {dag.py:3820} INFO - Setting next_dagrun for example_sensors to None, run_after=None
[2024-01-08T18:51:08.186+0300] {processor.py:183} INFO - Processing /usr/local/lib/python3.10/dist-packages/airflow/example_dags/example_sensors.py took 1.084 seconds
[2024-01-08T18:51:39.643+0300] {processor.py:161} INFO - Started process (PID=20224) to work on /usr/local/lib/python3.10/dist-packages/airflow/example_dags/example_sensors.py
[2024-01-08T18:51:39.667+0300] {processor.py:830} INFO - Processing file /usr/local/lib/python3.10/dist-packages/airflow/example_dags/example_sensors.py for tasks to queue
[2024-01-08T18:51:39.669+0300] {logging_mixin.py:188} INFO - [2024-01-08T18:51:39.669+0300] {dagbag.py:538} INFO - Filling up the DagBag from /usr/local/lib/python3.10/dist-packages/airflow/example_dags/example_sensors.py
[2024-01-08T18:51:39.787+0300] {processor.py:840} INFO - DAG(s) 'example_sensors' retrieved from /usr/local/lib/python3.10/dist-packages/airflow/example_dags/example_sensors.py
[2024-01-08T18:51:40.206+0300] {logging_mixin.py:188} INFO - [2024-01-08T18:51:40.205+0300] {dag.py:3033} INFO - Sync 1 DAGs
[2024-01-08T18:51:40.366+0300] {logging_mixin.py:188} INFO - [2024-01-08T18:51:40.366+0300] {dag.py:3820} INFO - Setting next_dagrun for example_sensors to None, run_after=None
[2024-01-08T18:51:40.683+0300] {processor.py:183} INFO - Processing /usr/local/lib/python3.10/dist-packages/airflow/example_dags/example_sensors.py took 1.076 seconds
[2024-01-08T18:52:31.739+0300] {processor.py:161} INFO - Started process (PID=20771) to work on /usr/local/lib/python3.10/dist-packages/airflow/example_dags/example_sensors.py
[2024-01-08T18:52:31.747+0300] {processor.py:830} INFO - Processing file /usr/local/lib/python3.10/dist-packages/airflow/example_dags/example_sensors.py for tasks to queue
[2024-01-08T18:52:31.749+0300] {logging_mixin.py:188} INFO - [2024-01-08T18:52:31.748+0300] {dagbag.py:538} INFO - Filling up the DagBag from /usr/local/lib/python3.10/dist-packages/airflow/example_dags/example_sensors.py
[2024-01-08T18:52:31.803+0300] {processor.py:840} INFO - DAG(s) 'example_sensors' retrieved from /usr/local/lib/python3.10/dist-packages/airflow/example_dags/example_sensors.py
[2024-01-08T18:52:31.957+0300] {logging_mixin.py:188} INFO - [2024-01-08T18:52:31.956+0300] {dag.py:3033} INFO - Sync 1 DAGs
[2024-01-08T18:52:32.000+0300] {logging_mixin.py:188} INFO - [2024-01-08T18:52:31.999+0300] {dag.py:3820} INFO - Setting next_dagrun for example_sensors to None, run_after=None
[2024-01-08T18:52:32.081+0300] {processor.py:183} INFO - Processing /usr/local/lib/python3.10/dist-packages/airflow/example_dags/example_sensors.py took 0.390 seconds
[2024-01-08T18:53:32.223+0300] {processor.py:161} INFO - Started process (PID=21336) to work on /usr/local/lib/python3.10/dist-packages/airflow/example_dags/example_sensors.py
[2024-01-08T18:53:32.232+0300] {processor.py:830} INFO - Processing file /usr/local/lib/python3.10/dist-packages/airflow/example_dags/example_sensors.py for tasks to queue
[2024-01-08T18:53:32.243+0300] {logging_mixin.py:188} INFO - [2024-01-08T18:53:32.242+0300] {dagbag.py:538} INFO - Filling up the DagBag from /usr/local/lib/python3.10/dist-packages/airflow/example_dags/example_sensors.py
[2024-01-08T18:53:32.300+0300] {processor.py:840} INFO - DAG(s) 'example_sensors' retrieved from /usr/local/lib/python3.10/dist-packages/airflow/example_dags/example_sensors.py
[2024-01-08T18:53:32.959+0300] {logging_mixin.py:188} INFO - [2024-01-08T18:53:32.959+0300] {dag.py:3033} INFO - Sync 1 DAGs
[2024-01-08T18:53:33.149+0300] {logging_mixin.py:188} INFO - [2024-01-08T18:53:33.148+0300] {dag.py:3820} INFO - Setting next_dagrun for example_sensors to None, run_after=None
[2024-01-08T18:53:33.519+0300] {processor.py:183} INFO - Processing /usr/local/lib/python3.10/dist-packages/airflow/example_dags/example_sensors.py took 1.345 seconds
[2024-01-08T18:54:16.847+0300] {processor.py:161} INFO - Started process (PID=21748) to work on /usr/local/lib/python3.10/dist-packages/airflow/example_dags/example_sensors.py
[2024-01-08T18:54:16.944+0300] {processor.py:830} INFO - Processing file /usr/local/lib/python3.10/dist-packages/airflow/example_dags/example_sensors.py for tasks to queue
[2024-01-08T18:54:16.956+0300] {logging_mixin.py:188} INFO - [2024-01-08T18:54:16.955+0300] {dagbag.py:538} INFO - Filling up the DagBag from /usr/local/lib/python3.10/dist-packages/airflow/example_dags/example_sensors.py
[2024-01-08T18:54:17.083+0300] {processor.py:840} INFO - DAG(s) 'example_sensors' retrieved from /usr/local/lib/python3.10/dist-packages/airflow/example_dags/example_sensors.py
[2024-01-08T18:54:17.582+0300] {logging_mixin.py:188} INFO - [2024-01-08T18:54:17.582+0300] {dag.py:3033} INFO - Sync 1 DAGs
[2024-01-08T18:54:17.790+0300] {logging_mixin.py:188} INFO - [2024-01-08T18:54:17.789+0300] {dag.py:3820} INFO - Setting next_dagrun for example_sensors to None, run_after=None
[2024-01-08T18:54:18.056+0300] {processor.py:183} INFO - Processing /usr/local/lib/python3.10/dist-packages/airflow/example_dags/example_sensors.py took 1.264 seconds
[2024-01-08T18:54:55.785+0300] {processor.py:161} INFO - Started process (PID=22231) to work on /usr/local/lib/python3.10/dist-packages/airflow/example_dags/example_sensors.py
[2024-01-08T18:54:55.803+0300] {processor.py:830} INFO - Processing file /usr/local/lib/python3.10/dist-packages/airflow/example_dags/example_sensors.py for tasks to queue
[2024-01-08T18:54:55.805+0300] {logging_mixin.py:188} INFO - [2024-01-08T18:54:55.804+0300] {dagbag.py:538} INFO - Filling up the DagBag from /usr/local/lib/python3.10/dist-packages/airflow/example_dags/example_sensors.py
[2024-01-08T18:54:55.871+0300] {processor.py:840} INFO - DAG(s) 'example_sensors' retrieved from /usr/local/lib/python3.10/dist-packages/airflow/example_dags/example_sensors.py
[2024-01-08T18:54:56.120+0300] {logging_mixin.py:188} INFO - [2024-01-08T18:54:56.119+0300] {dag.py:3033} INFO - Sync 1 DAGs
[2024-01-08T18:54:56.181+0300] {logging_mixin.py:188} INFO - [2024-01-08T18:54:56.180+0300] {dag.py:3820} INFO - Setting next_dagrun for example_sensors to None, run_after=None
[2024-01-08T18:54:56.231+0300] {processor.py:183} INFO - Processing /usr/local/lib/python3.10/dist-packages/airflow/example_dags/example_sensors.py took 0.459 seconds
[2024-01-08T18:55:30.087+0300] {processor.py:161} INFO - Started process (PID=22616) to work on /usr/local/lib/python3.10/dist-packages/airflow/example_dags/example_sensors.py
[2024-01-08T18:55:30.098+0300] {processor.py:830} INFO - Processing file /usr/local/lib/python3.10/dist-packages/airflow/example_dags/example_sensors.py for tasks to queue
[2024-01-08T18:55:30.100+0300] {logging_mixin.py:188} INFO - [2024-01-08T18:55:30.099+0300] {dagbag.py:538} INFO - Filling up the DagBag from /usr/local/lib/python3.10/dist-packages/airflow/example_dags/example_sensors.py
[2024-01-08T18:55:30.215+0300] {processor.py:840} INFO - DAG(s) 'example_sensors' retrieved from /usr/local/lib/python3.10/dist-packages/airflow/example_dags/example_sensors.py
[2024-01-08T18:55:30.556+0300] {logging_mixin.py:188} INFO - [2024-01-08T18:55:30.555+0300] {dag.py:3033} INFO - Sync 1 DAGs
[2024-01-08T18:55:30.756+0300] {logging_mixin.py:188} INFO - [2024-01-08T18:55:30.755+0300] {dag.py:3820} INFO - Setting next_dagrun for example_sensors to None, run_after=None
[2024-01-08T18:55:30.872+0300] {processor.py:183} INFO - Processing /usr/local/lib/python3.10/dist-packages/airflow/example_dags/example_sensors.py took 0.821 seconds
[2024-01-08T18:56:01.127+0300] {processor.py:161} INFO - Started process (PID=22974) to work on /usr/local/lib/python3.10/dist-packages/airflow/example_dags/example_sensors.py
[2024-01-08T18:56:01.131+0300] {processor.py:830} INFO - Processing file /usr/local/lib/python3.10/dist-packages/airflow/example_dags/example_sensors.py for tasks to queue
[2024-01-08T18:56:01.133+0300] {logging_mixin.py:188} INFO - [2024-01-08T18:56:01.132+0300] {dagbag.py:538} INFO - Filling up the DagBag from /usr/local/lib/python3.10/dist-packages/airflow/example_dags/example_sensors.py
[2024-01-08T18:56:01.166+0300] {processor.py:840} INFO - DAG(s) 'example_sensors' retrieved from /usr/local/lib/python3.10/dist-packages/airflow/example_dags/example_sensors.py
[2024-01-08T18:56:01.275+0300] {logging_mixin.py:188} INFO - [2024-01-08T18:56:01.274+0300] {dag.py:3033} INFO - Sync 1 DAGs
[2024-01-08T18:56:01.322+0300] {logging_mixin.py:188} INFO - [2024-01-08T18:56:01.319+0300] {dag.py:3820} INFO - Setting next_dagrun for example_sensors to None, run_after=None
[2024-01-08T18:56:01.375+0300] {processor.py:183} INFO - Processing /usr/local/lib/python3.10/dist-packages/airflow/example_dags/example_sensors.py took 0.259 seconds
[2024-01-08T18:56:31.862+0300] {processor.py:161} INFO - Started process (PID=23289) to work on /usr/local/lib/python3.10/dist-packages/airflow/example_dags/example_sensors.py
[2024-01-08T18:56:31.866+0300] {processor.py:830} INFO - Processing file /usr/local/lib/python3.10/dist-packages/airflow/example_dags/example_sensors.py for tasks to queue
[2024-01-08T18:56:31.868+0300] {logging_mixin.py:188} INFO - [2024-01-08T18:56:31.867+0300] {dagbag.py:538} INFO - Filling up the DagBag from /usr/local/lib/python3.10/dist-packages/airflow/example_dags/example_sensors.py
[2024-01-08T18:56:31.905+0300] {processor.py:840} INFO - DAG(s) 'example_sensors' retrieved from /usr/local/lib/python3.10/dist-packages/airflow/example_dags/example_sensors.py
[2024-01-08T18:56:32.027+0300] {logging_mixin.py:188} INFO - [2024-01-08T18:56:32.027+0300] {dag.py:3033} INFO - Sync 1 DAGs
[2024-01-08T18:56:32.116+0300] {logging_mixin.py:188} INFO - [2024-01-08T18:56:32.116+0300] {dag.py:3820} INFO - Setting next_dagrun for example_sensors to None, run_after=None
[2024-01-08T18:56:32.187+0300] {processor.py:183} INFO - Processing /usr/local/lib/python3.10/dist-packages/airflow/example_dags/example_sensors.py took 0.337 seconds
[2024-01-08T18:57:03.887+0300] {processor.py:161} INFO - Started process (PID=23624) to work on /usr/local/lib/python3.10/dist-packages/airflow/example_dags/example_sensors.py
[2024-01-08T18:57:03.889+0300] {processor.py:830} INFO - Processing file /usr/local/lib/python3.10/dist-packages/airflow/example_dags/example_sensors.py for tasks to queue
[2024-01-08T18:57:03.891+0300] {logging_mixin.py:188} INFO - [2024-01-08T18:57:03.890+0300] {dagbag.py:538} INFO - Filling up the DagBag from /usr/local/lib/python3.10/dist-packages/airflow/example_dags/example_sensors.py
[2024-01-08T18:57:03.942+0300] {processor.py:840} INFO - DAG(s) 'example_sensors' retrieved from /usr/local/lib/python3.10/dist-packages/airflow/example_dags/example_sensors.py
[2024-01-08T18:57:04.242+0300] {logging_mixin.py:188} INFO - [2024-01-08T18:57:04.242+0300] {dag.py:3033} INFO - Sync 1 DAGs
[2024-01-08T18:57:04.370+0300] {logging_mixin.py:188} INFO - [2024-01-08T18:57:04.370+0300] {dag.py:3820} INFO - Setting next_dagrun for example_sensors to None, run_after=None
[2024-01-08T18:57:04.557+0300] {processor.py:183} INFO - Processing /usr/local/lib/python3.10/dist-packages/airflow/example_dags/example_sensors.py took 0.685 seconds
[2024-01-08T18:57:34.838+0300] {processor.py:161} INFO - Started process (PID=23979) to work on /usr/local/lib/python3.10/dist-packages/airflow/example_dags/example_sensors.py
[2024-01-08T18:57:34.841+0300] {processor.py:830} INFO - Processing file /usr/local/lib/python3.10/dist-packages/airflow/example_dags/example_sensors.py for tasks to queue
[2024-01-08T18:57:34.843+0300] {logging_mixin.py:188} INFO - [2024-01-08T18:57:34.842+0300] {dagbag.py:538} INFO - Filling up the DagBag from /usr/local/lib/python3.10/dist-packages/airflow/example_dags/example_sensors.py
[2024-01-08T18:57:34.886+0300] {processor.py:840} INFO - DAG(s) 'example_sensors' retrieved from /usr/local/lib/python3.10/dist-packages/airflow/example_dags/example_sensors.py
[2024-01-08T18:57:34.991+0300] {logging_mixin.py:188} INFO - [2024-01-08T18:57:34.990+0300] {dag.py:3033} INFO - Sync 1 DAGs
[2024-01-08T18:57:35.026+0300] {logging_mixin.py:188} INFO - [2024-01-08T18:57:35.025+0300] {dag.py:3820} INFO - Setting next_dagrun for example_sensors to None, run_after=None
[2024-01-08T18:57:35.082+0300] {processor.py:183} INFO - Processing /usr/local/lib/python3.10/dist-packages/airflow/example_dags/example_sensors.py took 0.270 seconds
[2024-01-08T18:58:05.376+0300] {processor.py:161} INFO - Started process (PID=24360) to work on /usr/local/lib/python3.10/dist-packages/airflow/example_dags/example_sensors.py
[2024-01-08T18:58:05.382+0300] {processor.py:830} INFO - Processing file /usr/local/lib/python3.10/dist-packages/airflow/example_dags/example_sensors.py for tasks to queue
[2024-01-08T18:58:05.386+0300] {logging_mixin.py:188} INFO - [2024-01-08T18:58:05.385+0300] {dagbag.py:538} INFO - Filling up the DagBag from /usr/local/lib/python3.10/dist-packages/airflow/example_dags/example_sensors.py
[2024-01-08T18:58:05.442+0300] {processor.py:840} INFO - DAG(s) 'example_sensors' retrieved from /usr/local/lib/python3.10/dist-packages/airflow/example_dags/example_sensors.py
[2024-01-08T18:58:05.580+0300] {logging_mixin.py:188} INFO - [2024-01-08T18:58:05.579+0300] {dag.py:3033} INFO - Sync 1 DAGs
[2024-01-08T18:58:05.621+0300] {logging_mixin.py:188} INFO - [2024-01-08T18:58:05.620+0300] {dag.py:3820} INFO - Setting next_dagrun for example_sensors to None, run_after=None
[2024-01-08T18:58:05.674+0300] {processor.py:183} INFO - Processing /usr/local/lib/python3.10/dist-packages/airflow/example_dags/example_sensors.py took 0.318 seconds
[2024-01-08T18:58:44.314+0300] {processor.py:161} INFO - Started process (PID=24783) to work on /usr/local/lib/python3.10/dist-packages/airflow/example_dags/example_sensors.py
[2024-01-08T18:58:44.317+0300] {processor.py:830} INFO - Processing file /usr/local/lib/python3.10/dist-packages/airflow/example_dags/example_sensors.py for tasks to queue
[2024-01-08T18:58:44.319+0300] {logging_mixin.py:188} INFO - [2024-01-08T18:58:44.318+0300] {dagbag.py:538} INFO - Filling up the DagBag from /usr/local/lib/python3.10/dist-packages/airflow/example_dags/example_sensors.py
[2024-01-08T18:58:44.367+0300] {processor.py:840} INFO - DAG(s) 'example_sensors' retrieved from /usr/local/lib/python3.10/dist-packages/airflow/example_dags/example_sensors.py
[2024-01-08T18:58:45.060+0300] {logging_mixin.py:188} INFO - [2024-01-08T18:58:45.059+0300] {dag.py:3033} INFO - Sync 1 DAGs
[2024-01-08T18:58:45.251+0300] {logging_mixin.py:188} INFO - [2024-01-08T18:58:45.251+0300] {dag.py:3820} INFO - Setting next_dagrun for example_sensors to None, run_after=None
[2024-01-08T18:58:45.539+0300] {processor.py:183} INFO - Processing /usr/local/lib/python3.10/dist-packages/airflow/example_dags/example_sensors.py took 1.365 seconds
[2024-01-08T18:59:16.108+0300] {processor.py:161} INFO - Started process (PID=25177) to work on /usr/local/lib/python3.10/dist-packages/airflow/example_dags/example_sensors.py
[2024-01-08T18:59:16.111+0300] {processor.py:830} INFO - Processing file /usr/local/lib/python3.10/dist-packages/airflow/example_dags/example_sensors.py for tasks to queue
[2024-01-08T18:59:16.114+0300] {logging_mixin.py:188} INFO - [2024-01-08T18:59:16.113+0300] {dagbag.py:538} INFO - Filling up the DagBag from /usr/local/lib/python3.10/dist-packages/airflow/example_dags/example_sensors.py
[2024-01-08T18:59:16.153+0300] {processor.py:840} INFO - DAG(s) 'example_sensors' retrieved from /usr/local/lib/python3.10/dist-packages/airflow/example_dags/example_sensors.py
[2024-01-08T18:59:16.404+0300] {logging_mixin.py:188} INFO - [2024-01-08T18:59:16.404+0300] {dag.py:3033} INFO - Sync 1 DAGs
[2024-01-08T18:59:16.443+0300] {logging_mixin.py:188} INFO - [2024-01-08T18:59:16.443+0300] {dag.py:3820} INFO - Setting next_dagrun for example_sensors to None, run_after=None
[2024-01-08T18:59:16.500+0300] {processor.py:183} INFO - Processing /usr/local/lib/python3.10/dist-packages/airflow/example_dags/example_sensors.py took 0.402 seconds
[2024-01-08T18:59:46.803+0300] {processor.py:161} INFO - Started process (PID=25584) to work on /usr/local/lib/python3.10/dist-packages/airflow/example_dags/example_sensors.py
[2024-01-08T18:59:46.805+0300] {processor.py:830} INFO - Processing file /usr/local/lib/python3.10/dist-packages/airflow/example_dags/example_sensors.py for tasks to queue
[2024-01-08T18:59:46.807+0300] {logging_mixin.py:188} INFO - [2024-01-08T18:59:46.806+0300] {dagbag.py:538} INFO - Filling up the DagBag from /usr/local/lib/python3.10/dist-packages/airflow/example_dags/example_sensors.py
[2024-01-08T18:59:46.835+0300] {processor.py:840} INFO - DAG(s) 'example_sensors' retrieved from /usr/local/lib/python3.10/dist-packages/airflow/example_dags/example_sensors.py
[2024-01-08T18:59:46.939+0300] {logging_mixin.py:188} INFO - [2024-01-08T18:59:46.938+0300] {dag.py:3033} INFO - Sync 1 DAGs
[2024-01-08T18:59:46.981+0300] {logging_mixin.py:188} INFO - [2024-01-08T18:59:46.981+0300] {dag.py:3820} INFO - Setting next_dagrun for example_sensors to None, run_after=None
[2024-01-08T18:59:47.041+0300] {processor.py:183} INFO - Processing /usr/local/lib/python3.10/dist-packages/airflow/example_dags/example_sensors.py took 0.252 seconds
[2024-01-08T19:00:22.069+0300] {processor.py:161} INFO - Started process (PID=25998) to work on /usr/local/lib/python3.10/dist-packages/airflow/example_dags/example_sensors.py
[2024-01-08T19:00:22.073+0300] {processor.py:830} INFO - Processing file /usr/local/lib/python3.10/dist-packages/airflow/example_dags/example_sensors.py for tasks to queue
[2024-01-08T19:00:22.076+0300] {logging_mixin.py:188} INFO - [2024-01-08T19:00:22.075+0300] {dagbag.py:538} INFO - Filling up the DagBag from /usr/local/lib/python3.10/dist-packages/airflow/example_dags/example_sensors.py
[2024-01-08T19:00:22.107+0300] {processor.py:840} INFO - DAG(s) 'example_sensors' retrieved from /usr/local/lib/python3.10/dist-packages/airflow/example_dags/example_sensors.py
[2024-01-08T19:00:22.202+0300] {logging_mixin.py:188} INFO - [2024-01-08T19:00:22.202+0300] {dag.py:3033} INFO - Sync 1 DAGs
[2024-01-08T19:00:22.233+0300] {logging_mixin.py:188} INFO - [2024-01-08T19:00:22.232+0300] {dag.py:3820} INFO - Setting next_dagrun for example_sensors to None, run_after=None
[2024-01-08T19:00:22.283+0300] {processor.py:183} INFO - Processing /usr/local/lib/python3.10/dist-packages/airflow/example_dags/example_sensors.py took 0.225 seconds
[2024-01-08T19:00:52.846+0300] {processor.py:161} INFO - Started process (PID=26411) to work on /usr/local/lib/python3.10/dist-packages/airflow/example_dags/example_sensors.py
[2024-01-08T19:00:52.855+0300] {processor.py:830} INFO - Processing file /usr/local/lib/python3.10/dist-packages/airflow/example_dags/example_sensors.py for tasks to queue
[2024-01-08T19:00:52.868+0300] {logging_mixin.py:188} INFO - [2024-01-08T19:00:52.867+0300] {dagbag.py:538} INFO - Filling up the DagBag from /usr/local/lib/python3.10/dist-packages/airflow/example_dags/example_sensors.py
[2024-01-08T19:00:52.935+0300] {processor.py:840} INFO - DAG(s) 'example_sensors' retrieved from /usr/local/lib/python3.10/dist-packages/airflow/example_dags/example_sensors.py
[2024-01-08T19:00:53.139+0300] {logging_mixin.py:188} INFO - [2024-01-08T19:00:53.139+0300] {dag.py:3033} INFO - Sync 1 DAGs
[2024-01-08T19:00:53.182+0300] {logging_mixin.py:188} INFO - [2024-01-08T19:00:53.181+0300] {dag.py:3820} INFO - Setting next_dagrun for example_sensors to None, run_after=None
[2024-01-08T19:00:53.264+0300] {processor.py:183} INFO - Processing /usr/local/lib/python3.10/dist-packages/airflow/example_dags/example_sensors.py took 0.441 seconds
[2024-01-08T19:01:24.013+0300] {processor.py:161} INFO - Started process (PID=26753) to work on /usr/local/lib/python3.10/dist-packages/airflow/example_dags/example_sensors.py
[2024-01-08T19:01:24.016+0300] {processor.py:830} INFO - Processing file /usr/local/lib/python3.10/dist-packages/airflow/example_dags/example_sensors.py for tasks to queue
[2024-01-08T19:01:24.018+0300] {logging_mixin.py:188} INFO - [2024-01-08T19:01:24.017+0300] {dagbag.py:538} INFO - Filling up the DagBag from /usr/local/lib/python3.10/dist-packages/airflow/example_dags/example_sensors.py
[2024-01-08T19:01:24.053+0300] {processor.py:840} INFO - DAG(s) 'example_sensors' retrieved from /usr/local/lib/python3.10/dist-packages/airflow/example_dags/example_sensors.py
[2024-01-08T19:01:24.425+0300] {logging_mixin.py:188} INFO - [2024-01-08T19:01:24.425+0300] {dag.py:3033} INFO - Sync 1 DAGs
[2024-01-08T19:01:24.639+0300] {logging_mixin.py:188} INFO - [2024-01-08T19:01:24.638+0300] {dag.py:3820} INFO - Setting next_dagrun for example_sensors to None, run_after=None
[2024-01-08T19:01:24.890+0300] {processor.py:183} INFO - Processing /usr/local/lib/python3.10/dist-packages/airflow/example_dags/example_sensors.py took 0.888 seconds
[2024-01-08T19:01:55.525+0300] {processor.py:161} INFO - Started process (PID=27138) to work on /usr/local/lib/python3.10/dist-packages/airflow/example_dags/example_sensors.py
[2024-01-08T19:01:55.539+0300] {processor.py:830} INFO - Processing file /usr/local/lib/python3.10/dist-packages/airflow/example_dags/example_sensors.py for tasks to queue
[2024-01-08T19:01:55.542+0300] {logging_mixin.py:188} INFO - [2024-01-08T19:01:55.541+0300] {dagbag.py:538} INFO - Filling up the DagBag from /usr/local/lib/python3.10/dist-packages/airflow/example_dags/example_sensors.py
[2024-01-08T19:01:55.603+0300] {processor.py:840} INFO - DAG(s) 'example_sensors' retrieved from /usr/local/lib/python3.10/dist-packages/airflow/example_dags/example_sensors.py
[2024-01-08T19:01:55.842+0300] {logging_mixin.py:188} INFO - [2024-01-08T19:01:55.841+0300] {dag.py:3033} INFO - Sync 1 DAGs
[2024-01-08T19:01:55.902+0300] {logging_mixin.py:188} INFO - [2024-01-08T19:01:55.901+0300] {dag.py:3820} INFO - Setting next_dagrun for example_sensors to None, run_after=None
[2024-01-08T19:01:55.944+0300] {processor.py:183} INFO - Processing /usr/local/lib/python3.10/dist-packages/airflow/example_dags/example_sensors.py took 0.458 seconds
[2024-01-08T19:02:26.517+0300] {processor.py:161} INFO - Started process (PID=27455) to work on /usr/local/lib/python3.10/dist-packages/airflow/example_dags/example_sensors.py
[2024-01-08T19:02:26.520+0300] {processor.py:830} INFO - Processing file /usr/local/lib/python3.10/dist-packages/airflow/example_dags/example_sensors.py for tasks to queue
[2024-01-08T19:02:26.522+0300] {logging_mixin.py:188} INFO - [2024-01-08T19:02:26.521+0300] {dagbag.py:538} INFO - Filling up the DagBag from /usr/local/lib/python3.10/dist-packages/airflow/example_dags/example_sensors.py
[2024-01-08T19:02:26.563+0300] {processor.py:840} INFO - DAG(s) 'example_sensors' retrieved from /usr/local/lib/python3.10/dist-packages/airflow/example_dags/example_sensors.py
[2024-01-08T19:02:26.689+0300] {logging_mixin.py:188} INFO - [2024-01-08T19:02:26.688+0300] {dag.py:3033} INFO - Sync 1 DAGs
[2024-01-08T19:02:26.753+0300] {logging_mixin.py:188} INFO - [2024-01-08T19:02:26.753+0300] {dag.py:3820} INFO - Setting next_dagrun for example_sensors to None, run_after=None
[2024-01-08T19:02:26.849+0300] {processor.py:183} INFO - Processing /usr/local/lib/python3.10/dist-packages/airflow/example_dags/example_sensors.py took 0.342 seconds
[2024-01-08T19:03:03.471+0300] {processor.py:161} INFO - Started process (PID=27800) to work on /usr/local/lib/python3.10/dist-packages/airflow/example_dags/example_sensors.py
[2024-01-08T19:03:03.478+0300] {processor.py:830} INFO - Processing file /usr/local/lib/python3.10/dist-packages/airflow/example_dags/example_sensors.py for tasks to queue
[2024-01-08T19:03:03.481+0300] {logging_mixin.py:188} INFO - [2024-01-08T19:03:03.480+0300] {dagbag.py:538} INFO - Filling up the DagBag from /usr/local/lib/python3.10/dist-packages/airflow/example_dags/example_sensors.py
[2024-01-08T19:03:03.716+0300] {processor.py:840} INFO - DAG(s) 'example_sensors' retrieved from /usr/local/lib/python3.10/dist-packages/airflow/example_dags/example_sensors.py
[2024-01-08T19:03:04.491+0300] {logging_mixin.py:188} INFO - [2024-01-08T19:03:04.490+0300] {dag.py:3033} INFO - Sync 1 DAGs
[2024-01-08T19:03:04.681+0300] {logging_mixin.py:188} INFO - [2024-01-08T19:03:04.680+0300] {dag.py:3820} INFO - Setting next_dagrun for example_sensors to None, run_after=None
[2024-01-08T19:03:04.989+0300] {processor.py:183} INFO - Processing /usr/local/lib/python3.10/dist-packages/airflow/example_dags/example_sensors.py took 1.649 seconds
[2024-01-08T19:03:35.211+0300] {processor.py:161} INFO - Started process (PID=28185) to work on /usr/local/lib/python3.10/dist-packages/airflow/example_dags/example_sensors.py
[2024-01-08T19:03:35.220+0300] {processor.py:830} INFO - Processing file /usr/local/lib/python3.10/dist-packages/airflow/example_dags/example_sensors.py for tasks to queue
[2024-01-08T19:03:35.223+0300] {logging_mixin.py:188} INFO - [2024-01-08T19:03:35.222+0300] {dagbag.py:538} INFO - Filling up the DagBag from /usr/local/lib/python3.10/dist-packages/airflow/example_dags/example_sensors.py
[2024-01-08T19:03:35.346+0300] {processor.py:840} INFO - DAG(s) 'example_sensors' retrieved from /usr/local/lib/python3.10/dist-packages/airflow/example_dags/example_sensors.py
[2024-01-08T19:03:35.702+0300] {logging_mixin.py:188} INFO - [2024-01-08T19:03:35.702+0300] {dag.py:3033} INFO - Sync 1 DAGs
[2024-01-08T19:03:35.824+0300] {logging_mixin.py:188} INFO - [2024-01-08T19:03:35.823+0300] {dag.py:3820} INFO - Setting next_dagrun for example_sensors to None, run_after=None
[2024-01-08T19:03:36.010+0300] {processor.py:183} INFO - Processing /usr/local/lib/python3.10/dist-packages/airflow/example_dags/example_sensors.py took 0.832 seconds
[2024-01-08T19:04:06.373+0300] {processor.py:161} INFO - Started process (PID=28576) to work on /usr/local/lib/python3.10/dist-packages/airflow/example_dags/example_sensors.py
[2024-01-08T19:04:06.375+0300] {processor.py:830} INFO - Processing file /usr/local/lib/python3.10/dist-packages/airflow/example_dags/example_sensors.py for tasks to queue
[2024-01-08T19:04:06.401+0300] {logging_mixin.py:188} INFO - [2024-01-08T19:04:06.377+0300] {dagbag.py:538} INFO - Filling up the DagBag from /usr/local/lib/python3.10/dist-packages/airflow/example_dags/example_sensors.py
[2024-01-08T19:04:06.461+0300] {processor.py:840} INFO - DAG(s) 'example_sensors' retrieved from /usr/local/lib/python3.10/dist-packages/airflow/example_dags/example_sensors.py
[2024-01-08T19:04:06.588+0300] {logging_mixin.py:188} INFO - [2024-01-08T19:04:06.588+0300] {dag.py:3033} INFO - Sync 1 DAGs
[2024-01-08T19:04:06.625+0300] {logging_mixin.py:188} INFO - [2024-01-08T19:04:06.624+0300] {dag.py:3820} INFO - Setting next_dagrun for example_sensors to None, run_after=None
[2024-01-08T19:04:06.746+0300] {processor.py:183} INFO - Processing /usr/local/lib/python3.10/dist-packages/airflow/example_dags/example_sensors.py took 0.407 seconds
[2024-01-08T19:04:40.830+0300] {processor.py:161} INFO - Started process (PID=28954) to work on /usr/local/lib/python3.10/dist-packages/airflow/example_dags/example_sensors.py
[2024-01-08T19:04:40.874+0300] {processor.py:830} INFO - Processing file /usr/local/lib/python3.10/dist-packages/airflow/example_dags/example_sensors.py for tasks to queue
[2024-01-08T19:04:40.876+0300] {logging_mixin.py:188} INFO - [2024-01-08T19:04:40.875+0300] {dagbag.py:538} INFO - Filling up the DagBag from /usr/local/lib/python3.10/dist-packages/airflow/example_dags/example_sensors.py
[2024-01-08T19:04:40.975+0300] {processor.py:840} INFO - DAG(s) 'example_sensors' retrieved from /usr/local/lib/python3.10/dist-packages/airflow/example_dags/example_sensors.py
[2024-01-08T19:04:41.488+0300] {logging_mixin.py:188} INFO - [2024-01-08T19:04:41.488+0300] {dag.py:3033} INFO - Sync 1 DAGs
[2024-01-08T19:04:41.625+0300] {logging_mixin.py:188} INFO - [2024-01-08T19:04:41.625+0300] {dag.py:3820} INFO - Setting next_dagrun for example_sensors to None, run_after=None
[2024-01-08T19:04:41.823+0300] {processor.py:183} INFO - Processing /usr/local/lib/python3.10/dist-packages/airflow/example_dags/example_sensors.py took 1.047 seconds
[2024-01-08T19:05:12.395+0300] {processor.py:161} INFO - Started process (PID=29386) to work on /usr/local/lib/python3.10/dist-packages/airflow/example_dags/example_sensors.py
[2024-01-08T19:05:12.415+0300] {processor.py:830} INFO - Processing file /usr/local/lib/python3.10/dist-packages/airflow/example_dags/example_sensors.py for tasks to queue
[2024-01-08T19:05:12.416+0300] {logging_mixin.py:188} INFO - [2024-01-08T19:05:12.416+0300] {dagbag.py:538} INFO - Filling up the DagBag from /usr/local/lib/python3.10/dist-packages/airflow/example_dags/example_sensors.py
[2024-01-08T19:05:12.506+0300] {processor.py:840} INFO - DAG(s) 'example_sensors' retrieved from /usr/local/lib/python3.10/dist-packages/airflow/example_dags/example_sensors.py
[2024-01-08T19:05:12.644+0300] {logging_mixin.py:188} INFO - [2024-01-08T19:05:12.643+0300] {dag.py:3033} INFO - Sync 1 DAGs
[2024-01-08T19:05:12.699+0300] {logging_mixin.py:188} INFO - [2024-01-08T19:05:12.699+0300] {dag.py:3820} INFO - Setting next_dagrun for example_sensors to None, run_after=None
[2024-01-08T19:05:12.788+0300] {processor.py:183} INFO - Processing /usr/local/lib/python3.10/dist-packages/airflow/example_dags/example_sensors.py took 0.425 seconds
[2024-01-08T19:06:02.119+0300] {processor.py:161} INFO - Started process (PID=29921) to work on /usr/local/lib/python3.10/dist-packages/airflow/example_dags/example_sensors.py
[2024-01-08T19:06:02.129+0300] {processor.py:830} INFO - Processing file /usr/local/lib/python3.10/dist-packages/airflow/example_dags/example_sensors.py for tasks to queue
[2024-01-08T19:06:02.131+0300] {logging_mixin.py:188} INFO - [2024-01-08T19:06:02.130+0300] {dagbag.py:538} INFO - Filling up the DagBag from /usr/local/lib/python3.10/dist-packages/airflow/example_dags/example_sensors.py
[2024-01-08T19:06:02.200+0300] {processor.py:840} INFO - DAG(s) 'example_sensors' retrieved from /usr/local/lib/python3.10/dist-packages/airflow/example_dags/example_sensors.py
[2024-01-08T19:06:02.354+0300] {logging_mixin.py:188} INFO - [2024-01-08T19:06:02.354+0300] {dag.py:3033} INFO - Sync 1 DAGs
[2024-01-08T19:06:02.416+0300] {logging_mixin.py:188} INFO - [2024-01-08T19:06:02.415+0300] {dag.py:3820} INFO - Setting next_dagrun for example_sensors to None, run_after=None
[2024-01-08T19:06:02.583+0300] {processor.py:183} INFO - Processing /usr/local/lib/python3.10/dist-packages/airflow/example_dags/example_sensors.py took 0.509 seconds
[2024-01-08T19:06:45.749+0300] {processor.py:161} INFO - Started process (PID=30339) to work on /usr/local/lib/python3.10/dist-packages/airflow/example_dags/example_sensors.py
[2024-01-08T19:06:45.903+0300] {processor.py:830} INFO - Processing file /usr/local/lib/python3.10/dist-packages/airflow/example_dags/example_sensors.py for tasks to queue
[2024-01-08T19:06:45.958+0300] {logging_mixin.py:188} INFO - [2024-01-08T19:06:45.911+0300] {dagbag.py:538} INFO - Filling up the DagBag from /usr/local/lib/python3.10/dist-packages/airflow/example_dags/example_sensors.py
[2024-01-08T19:06:46.159+0300] {processor.py:840} INFO - DAG(s) 'example_sensors' retrieved from /usr/local/lib/python3.10/dist-packages/airflow/example_dags/example_sensors.py
[2024-01-08T19:06:46.689+0300] {logging_mixin.py:188} INFO - [2024-01-08T19:06:46.688+0300] {dag.py:3033} INFO - Sync 1 DAGs
[2024-01-08T19:06:46.799+0300] {logging_mixin.py:188} INFO - [2024-01-08T19:06:46.798+0300] {dag.py:3820} INFO - Setting next_dagrun for example_sensors to None, run_after=None
[2024-01-08T19:06:47.050+0300] {processor.py:183} INFO - Processing /usr/local/lib/python3.10/dist-packages/airflow/example_dags/example_sensors.py took 1.450 seconds
[2024-01-08T19:07:18.680+0300] {processor.py:161} INFO - Started process (PID=30758) to work on /usr/local/lib/python3.10/dist-packages/airflow/example_dags/example_sensors.py
[2024-01-08T19:07:18.683+0300] {processor.py:830} INFO - Processing file /usr/local/lib/python3.10/dist-packages/airflow/example_dags/example_sensors.py for tasks to queue
[2024-01-08T19:07:18.686+0300] {logging_mixin.py:188} INFO - [2024-01-08T19:07:18.685+0300] {dagbag.py:538} INFO - Filling up the DagBag from /usr/local/lib/python3.10/dist-packages/airflow/example_dags/example_sensors.py
[2024-01-08T19:07:18.717+0300] {processor.py:840} INFO - DAG(s) 'example_sensors' retrieved from /usr/local/lib/python3.10/dist-packages/airflow/example_dags/example_sensors.py
[2024-01-08T19:07:18.839+0300] {logging_mixin.py:188} INFO - [2024-01-08T19:07:18.838+0300] {dag.py:3033} INFO - Sync 1 DAGs
[2024-01-08T19:07:18.878+0300] {logging_mixin.py:188} INFO - [2024-01-08T19:07:18.878+0300] {dag.py:3820} INFO - Setting next_dagrun for example_sensors to None, run_after=None
[2024-01-08T19:07:18.933+0300] {processor.py:183} INFO - Processing /usr/local/lib/python3.10/dist-packages/airflow/example_dags/example_sensors.py took 0.267 seconds
[2024-01-08T19:07:55.387+0300] {processor.py:161} INFO - Started process (PID=31178) to work on /usr/local/lib/python3.10/dist-packages/airflow/example_dags/example_sensors.py
[2024-01-08T19:07:55.390+0300] {processor.py:830} INFO - Processing file /usr/local/lib/python3.10/dist-packages/airflow/example_dags/example_sensors.py for tasks to queue
[2024-01-08T19:07:55.392+0300] {logging_mixin.py:188} INFO - [2024-01-08T19:07:55.391+0300] {dagbag.py:538} INFO - Filling up the DagBag from /usr/local/lib/python3.10/dist-packages/airflow/example_dags/example_sensors.py
[2024-01-08T19:07:55.425+0300] {processor.py:840} INFO - DAG(s) 'example_sensors' retrieved from /usr/local/lib/python3.10/dist-packages/airflow/example_dags/example_sensors.py
[2024-01-08T19:07:55.551+0300] {logging_mixin.py:188} INFO - [2024-01-08T19:07:55.550+0300] {dag.py:3033} INFO - Sync 1 DAGs
[2024-01-08T19:07:55.608+0300] {logging_mixin.py:188} INFO - [2024-01-08T19:07:55.608+0300] {dag.py:3820} INFO - Setting next_dagrun for example_sensors to None, run_after=None
[2024-01-08T19:07:55.715+0300] {processor.py:183} INFO - Processing /usr/local/lib/python3.10/dist-packages/airflow/example_dags/example_sensors.py took 0.341 seconds
[2024-01-08T19:08:26.620+0300] {processor.py:161} INFO - Started process (PID=31495) to work on /usr/local/lib/python3.10/dist-packages/airflow/example_dags/example_sensors.py
[2024-01-08T19:08:26.627+0300] {processor.py:830} INFO - Processing file /usr/local/lib/python3.10/dist-packages/airflow/example_dags/example_sensors.py for tasks to queue
[2024-01-08T19:08:26.631+0300] {logging_mixin.py:188} INFO - [2024-01-08T19:08:26.628+0300] {dagbag.py:538} INFO - Filling up the DagBag from /usr/local/lib/python3.10/dist-packages/airflow/example_dags/example_sensors.py
[2024-01-08T19:08:26.698+0300] {processor.py:840} INFO - DAG(s) 'example_sensors' retrieved from /usr/local/lib/python3.10/dist-packages/airflow/example_dags/example_sensors.py
[2024-01-08T19:08:26.899+0300] {logging_mixin.py:188} INFO - [2024-01-08T19:08:26.898+0300] {dag.py:3033} INFO - Sync 1 DAGs
[2024-01-08T19:08:26.933+0300] {logging_mixin.py:188} INFO - [2024-01-08T19:08:26.932+0300] {dag.py:3820} INFO - Setting next_dagrun for example_sensors to None, run_after=None
[2024-01-08T19:08:26.997+0300] {processor.py:183} INFO - Processing /usr/local/lib/python3.10/dist-packages/airflow/example_dags/example_sensors.py took 0.399 seconds
[2024-01-08T19:09:03.805+0300] {processor.py:161} INFO - Started process (PID=31893) to work on /usr/local/lib/python3.10/dist-packages/airflow/example_dags/example_sensors.py
[2024-01-08T19:09:03.809+0300] {processor.py:830} INFO - Processing file /usr/local/lib/python3.10/dist-packages/airflow/example_dags/example_sensors.py for tasks to queue
[2024-01-08T19:09:03.811+0300] {logging_mixin.py:188} INFO - [2024-01-08T19:09:03.810+0300] {dagbag.py:538} INFO - Filling up the DagBag from /usr/local/lib/python3.10/dist-packages/airflow/example_dags/example_sensors.py
[2024-01-08T19:09:03.846+0300] {processor.py:840} INFO - DAG(s) 'example_sensors' retrieved from /usr/local/lib/python3.10/dist-packages/airflow/example_dags/example_sensors.py
[2024-01-08T19:09:03.962+0300] {logging_mixin.py:188} INFO - [2024-01-08T19:09:03.962+0300] {dag.py:3033} INFO - Sync 1 DAGs
[2024-01-08T19:09:04.003+0300] {logging_mixin.py:188} INFO - [2024-01-08T19:09:04.002+0300] {dag.py:3820} INFO - Setting next_dagrun for example_sensors to None, run_after=None
[2024-01-08T19:09:04.098+0300] {processor.py:183} INFO - Processing /usr/local/lib/python3.10/dist-packages/airflow/example_dags/example_sensors.py took 0.306 seconds
[2024-01-08T19:09:38.925+0300] {processor.py:161} INFO - Started process (PID=32260) to work on /usr/local/lib/python3.10/dist-packages/airflow/example_dags/example_sensors.py
[2024-01-08T19:09:38.930+0300] {processor.py:830} INFO - Processing file /usr/local/lib/python3.10/dist-packages/airflow/example_dags/example_sensors.py for tasks to queue
[2024-01-08T19:09:38.933+0300] {logging_mixin.py:188} INFO - [2024-01-08T19:09:38.932+0300] {dagbag.py:538} INFO - Filling up the DagBag from /usr/local/lib/python3.10/dist-packages/airflow/example_dags/example_sensors.py
[2024-01-08T19:09:38.969+0300] {processor.py:840} INFO - DAG(s) 'example_sensors' retrieved from /usr/local/lib/python3.10/dist-packages/airflow/example_dags/example_sensors.py
[2024-01-08T19:09:39.275+0300] {logging_mixin.py:188} INFO - [2024-01-08T19:09:39.274+0300] {dag.py:3033} INFO - Sync 1 DAGs
[2024-01-08T19:09:39.361+0300] {logging_mixin.py:188} INFO - [2024-01-08T19:09:39.361+0300] {dag.py:3820} INFO - Setting next_dagrun for example_sensors to None, run_after=None
[2024-01-08T19:09:39.482+0300] {processor.py:183} INFO - Processing /usr/local/lib/python3.10/dist-packages/airflow/example_dags/example_sensors.py took 0.571 seconds
[2024-01-08T19:10:10.189+0300] {processor.py:161} INFO - Started process (PID=32613) to work on /usr/local/lib/python3.10/dist-packages/airflow/example_dags/example_sensors.py
[2024-01-08T19:10:10.191+0300] {processor.py:830} INFO - Processing file /usr/local/lib/python3.10/dist-packages/airflow/example_dags/example_sensors.py for tasks to queue
[2024-01-08T19:10:10.211+0300] {logging_mixin.py:188} INFO - [2024-01-08T19:10:10.204+0300] {dagbag.py:538} INFO - Filling up the DagBag from /usr/local/lib/python3.10/dist-packages/airflow/example_dags/example_sensors.py
[2024-01-08T19:10:10.297+0300] {processor.py:840} INFO - DAG(s) 'example_sensors' retrieved from /usr/local/lib/python3.10/dist-packages/airflow/example_dags/example_sensors.py
[2024-01-08T19:10:10.446+0300] {logging_mixin.py:188} INFO - [2024-01-08T19:10:10.443+0300] {dag.py:3033} INFO - Sync 1 DAGs
[2024-01-08T19:10:10.495+0300] {logging_mixin.py:188} INFO - [2024-01-08T19:10:10.495+0300] {dag.py:3820} INFO - Setting next_dagrun for example_sensors to None, run_after=None
[2024-01-08T19:10:10.622+0300] {processor.py:183} INFO - Processing /usr/local/lib/python3.10/dist-packages/airflow/example_dags/example_sensors.py took 0.468 seconds
[2024-01-08T19:10:58.654+0300] {processor.py:161} INFO - Started process (PID=33042) to work on /usr/local/lib/python3.10/dist-packages/airflow/example_dags/example_sensors.py
[2024-01-08T19:10:58.657+0300] {processor.py:830} INFO - Processing file /usr/local/lib/python3.10/dist-packages/airflow/example_dags/example_sensors.py for tasks to queue
[2024-01-08T19:10:58.660+0300] {logging_mixin.py:188} INFO - [2024-01-08T19:10:58.659+0300] {dagbag.py:538} INFO - Filling up the DagBag from /usr/local/lib/python3.10/dist-packages/airflow/example_dags/example_sensors.py
[2024-01-08T19:10:58.693+0300] {processor.py:840} INFO - DAG(s) 'example_sensors' retrieved from /usr/local/lib/python3.10/dist-packages/airflow/example_dags/example_sensors.py
[2024-01-08T19:10:58.817+0300] {logging_mixin.py:188} INFO - [2024-01-08T19:10:58.816+0300] {dag.py:3033} INFO - Sync 1 DAGs
[2024-01-08T19:10:59.833+0300] {logging_mixin.py:188} INFO - [2024-01-08T19:10:59.833+0300] {dag.py:3820} INFO - Setting next_dagrun for example_sensors to None, run_after=None
[2024-01-08T19:10:59.941+0300] {processor.py:183} INFO - Processing /usr/local/lib/python3.10/dist-packages/airflow/example_dags/example_sensors.py took 1.305 seconds
[2024-01-08T19:11:32.424+0300] {processor.py:161} INFO - Started process (PID=33414) to work on /usr/local/lib/python3.10/dist-packages/airflow/example_dags/example_sensors.py
[2024-01-08T19:11:32.439+0300] {processor.py:830} INFO - Processing file /usr/local/lib/python3.10/dist-packages/airflow/example_dags/example_sensors.py for tasks to queue
[2024-01-08T19:11:32.471+0300] {logging_mixin.py:188} INFO - [2024-01-08T19:11:32.470+0300] {dagbag.py:538} INFO - Filling up the DagBag from /usr/local/lib/python3.10/dist-packages/airflow/example_dags/example_sensors.py
[2024-01-08T19:11:32.577+0300] {processor.py:840} INFO - DAG(s) 'example_sensors' retrieved from /usr/local/lib/python3.10/dist-packages/airflow/example_dags/example_sensors.py
[2024-01-08T19:11:33.122+0300] {logging_mixin.py:188} INFO - [2024-01-08T19:11:33.122+0300] {dag.py:3033} INFO - Sync 1 DAGs
[2024-01-08T19:11:33.364+0300] {logging_mixin.py:188} INFO - [2024-01-08T19:11:33.360+0300] {dag.py:3820} INFO - Setting next_dagrun for example_sensors to None, run_after=None
[2024-01-08T19:11:33.683+0300] {processor.py:183} INFO - Processing /usr/local/lib/python3.10/dist-packages/airflow/example_dags/example_sensors.py took 1.316 seconds
[2024-01-08T19:12:09.623+0300] {processor.py:161} INFO - Started process (PID=33851) to work on /usr/local/lib/python3.10/dist-packages/airflow/example_dags/example_sensors.py
[2024-01-08T19:12:09.626+0300] {processor.py:830} INFO - Processing file /usr/local/lib/python3.10/dist-packages/airflow/example_dags/example_sensors.py for tasks to queue
[2024-01-08T19:12:09.627+0300] {logging_mixin.py:188} INFO - [2024-01-08T19:12:09.627+0300] {dagbag.py:538} INFO - Filling up the DagBag from /usr/local/lib/python3.10/dist-packages/airflow/example_dags/example_sensors.py
[2024-01-08T19:12:09.664+0300] {processor.py:840} INFO - DAG(s) 'example_sensors' retrieved from /usr/local/lib/python3.10/dist-packages/airflow/example_dags/example_sensors.py
[2024-01-08T19:12:09.856+0300] {logging_mixin.py:188} INFO - [2024-01-08T19:12:09.856+0300] {dag.py:3033} INFO - Sync 1 DAGs
[2024-01-08T19:12:09.904+0300] {logging_mixin.py:188} INFO - [2024-01-08T19:12:09.904+0300] {dag.py:3820} INFO - Setting next_dagrun for example_sensors to None, run_after=None
[2024-01-08T19:12:10.016+0300] {processor.py:183} INFO - Processing /usr/local/lib/python3.10/dist-packages/airflow/example_dags/example_sensors.py took 0.403 seconds
