[2024-01-08T17:37:11.480+0300] {processor.py:161} INFO - Started process (PID=5430) to work on /usr/local/lib/python3.10/dist-packages/airflow/example_dags/tutorial_taskflow_api_virtualenv.py
[2024-01-08T17:37:11.500+0300] {processor.py:830} INFO - Processing file /usr/local/lib/python3.10/dist-packages/airflow/example_dags/tutorial_taskflow_api_virtualenv.py for tasks to queue
[2024-01-08T17:37:11.503+0300] {logging_mixin.py:188} INFO - [2024-01-08T17:37:11.501+0300] {dagbag.py:538} INFO - Filling up the DagBag from /usr/local/lib/python3.10/dist-packages/airflow/example_dags/tutorial_taskflow_api_virtualenv.py
[2024-01-08T17:37:11.549+0300] {processor.py:840} INFO - DAG(s) 'tutorial_taskflow_api_virtualenv' retrieved from /usr/local/lib/python3.10/dist-packages/airflow/example_dags/tutorial_taskflow_api_virtualenv.py
[2024-01-08T17:37:12.316+0300] {logging_mixin.py:188} INFO - [2024-01-08T17:37:12.315+0300] {override.py:1769} INFO - Created Permission View: can edit on DAG:tutorial_taskflow_api_virtualenv
[2024-01-08T17:37:12.370+0300] {logging_mixin.py:188} INFO - [2024-01-08T17:37:12.370+0300] {override.py:1769} INFO - Created Permission View: can delete on DAG:tutorial_taskflow_api_virtualenv
[2024-01-08T17:37:12.425+0300] {logging_mixin.py:188} INFO - [2024-01-08T17:37:12.424+0300] {override.py:1769} INFO - Created Permission View: can read on DAG:tutorial_taskflow_api_virtualenv
[2024-01-08T17:37:12.427+0300] {logging_mixin.py:188} INFO - [2024-01-08T17:37:12.426+0300] {dag.py:3033} INFO - Sync 1 DAGs
[2024-01-08T17:37:12.481+0300] {logging_mixin.py:188} INFO - [2024-01-08T17:37:12.481+0300] {dag.py:3055} INFO - Creating ORM DAG for tutorial_taskflow_api_virtualenv
[2024-01-08T17:37:12.483+0300] {logging_mixin.py:188} INFO - [2024-01-08T17:37:12.482+0300] {dag.py:3820} INFO - Setting next_dagrun for tutorial_taskflow_api_virtualenv to None, run_after=None
[2024-01-08T17:37:12.589+0300] {processor.py:183} INFO - Processing /usr/local/lib/python3.10/dist-packages/airflow/example_dags/tutorial_taskflow_api_virtualenv.py took 1.127 seconds
[2024-01-08T17:37:43.212+0300] {processor.py:161} INFO - Started process (PID=5789) to work on /usr/local/lib/python3.10/dist-packages/airflow/example_dags/tutorial_taskflow_api_virtualenv.py
[2024-01-08T17:37:43.217+0300] {processor.py:830} INFO - Processing file /usr/local/lib/python3.10/dist-packages/airflow/example_dags/tutorial_taskflow_api_virtualenv.py for tasks to queue
[2024-01-08T17:37:43.221+0300] {logging_mixin.py:188} INFO - [2024-01-08T17:37:43.220+0300] {dagbag.py:538} INFO - Filling up the DagBag from /usr/local/lib/python3.10/dist-packages/airflow/example_dags/tutorial_taskflow_api_virtualenv.py
[2024-01-08T17:37:43.249+0300] {processor.py:840} INFO - DAG(s) 'tutorial_taskflow_api_virtualenv' retrieved from /usr/local/lib/python3.10/dist-packages/airflow/example_dags/tutorial_taskflow_api_virtualenv.py
[2024-01-08T17:37:43.353+0300] {logging_mixin.py:188} INFO - [2024-01-08T17:37:43.353+0300] {dag.py:3033} INFO - Sync 1 DAGs
[2024-01-08T17:37:43.395+0300] {logging_mixin.py:188} INFO - [2024-01-08T17:37:43.394+0300] {dag.py:3820} INFO - Setting next_dagrun for tutorial_taskflow_api_virtualenv to None, run_after=None
[2024-01-08T17:37:43.443+0300] {processor.py:183} INFO - Processing /usr/local/lib/python3.10/dist-packages/airflow/example_dags/tutorial_taskflow_api_virtualenv.py took 0.244 seconds
[2024-01-08T17:38:14.152+0300] {processor.py:161} INFO - Started process (PID=6105) to work on /usr/local/lib/python3.10/dist-packages/airflow/example_dags/tutorial_taskflow_api_virtualenv.py
[2024-01-08T17:38:14.156+0300] {processor.py:830} INFO - Processing file /usr/local/lib/python3.10/dist-packages/airflow/example_dags/tutorial_taskflow_api_virtualenv.py for tasks to queue
[2024-01-08T17:38:14.159+0300] {logging_mixin.py:188} INFO - [2024-01-08T17:38:14.158+0300] {dagbag.py:538} INFO - Filling up the DagBag from /usr/local/lib/python3.10/dist-packages/airflow/example_dags/tutorial_taskflow_api_virtualenv.py
[2024-01-08T17:38:14.184+0300] {processor.py:840} INFO - DAG(s) 'tutorial_taskflow_api_virtualenv' retrieved from /usr/local/lib/python3.10/dist-packages/airflow/example_dags/tutorial_taskflow_api_virtualenv.py
[2024-01-08T17:38:14.372+0300] {logging_mixin.py:188} INFO - [2024-01-08T17:38:14.372+0300] {dag.py:3033} INFO - Sync 1 DAGs
[2024-01-08T17:38:14.455+0300] {logging_mixin.py:188} INFO - [2024-01-08T17:38:14.454+0300] {dag.py:3820} INFO - Setting next_dagrun for tutorial_taskflow_api_virtualenv to None, run_after=None
[2024-01-08T17:38:14.536+0300] {processor.py:183} INFO - Processing /usr/local/lib/python3.10/dist-packages/airflow/example_dags/tutorial_taskflow_api_virtualenv.py took 0.396 seconds
[2024-01-08T18:15:17.113+0300] {processor.py:161} INFO - Started process (PID=7374) to work on /usr/local/lib/python3.10/dist-packages/airflow/example_dags/tutorial_taskflow_api_virtualenv.py
[2024-01-08T18:15:17.117+0300] {processor.py:830} INFO - Processing file /usr/local/lib/python3.10/dist-packages/airflow/example_dags/tutorial_taskflow_api_virtualenv.py for tasks to queue
[2024-01-08T18:15:17.119+0300] {logging_mixin.py:188} INFO - [2024-01-08T18:15:17.118+0300] {dagbag.py:538} INFO - Filling up the DagBag from /usr/local/lib/python3.10/dist-packages/airflow/example_dags/tutorial_taskflow_api_virtualenv.py
[2024-01-08T18:15:17.142+0300] {processor.py:840} INFO - DAG(s) 'tutorial_taskflow_api_virtualenv' retrieved from /usr/local/lib/python3.10/dist-packages/airflow/example_dags/tutorial_taskflow_api_virtualenv.py
[2024-01-08T18:15:17.270+0300] {logging_mixin.py:188} INFO - [2024-01-08T18:15:17.270+0300] {dag.py:3033} INFO - Sync 1 DAGs
[2024-01-08T18:15:17.300+0300] {logging_mixin.py:188} INFO - [2024-01-08T18:15:17.299+0300] {dag.py:3820} INFO - Setting next_dagrun for tutorial_taskflow_api_virtualenv to None, run_after=None
[2024-01-08T18:15:17.350+0300] {processor.py:183} INFO - Processing /usr/local/lib/python3.10/dist-packages/airflow/example_dags/tutorial_taskflow_api_virtualenv.py took 0.247 seconds
[2024-01-08T18:15:48.593+0300] {processor.py:161} INFO - Started process (PID=7713) to work on /usr/local/lib/python3.10/dist-packages/airflow/example_dags/tutorial_taskflow_api_virtualenv.py
[2024-01-08T18:15:48.596+0300] {processor.py:830} INFO - Processing file /usr/local/lib/python3.10/dist-packages/airflow/example_dags/tutorial_taskflow_api_virtualenv.py for tasks to queue
[2024-01-08T18:15:48.601+0300] {logging_mixin.py:188} INFO - [2024-01-08T18:15:48.599+0300] {dagbag.py:538} INFO - Filling up the DagBag from /usr/local/lib/python3.10/dist-packages/airflow/example_dags/tutorial_taskflow_api_virtualenv.py
[2024-01-08T18:15:48.644+0300] {processor.py:840} INFO - DAG(s) 'tutorial_taskflow_api_virtualenv' retrieved from /usr/local/lib/python3.10/dist-packages/airflow/example_dags/tutorial_taskflow_api_virtualenv.py
[2024-01-08T18:15:48.849+0300] {logging_mixin.py:188} INFO - [2024-01-08T18:15:48.848+0300] {dag.py:3033} INFO - Sync 1 DAGs
[2024-01-08T18:15:48.908+0300] {logging_mixin.py:188} INFO - [2024-01-08T18:15:48.908+0300] {dag.py:3820} INFO - Setting next_dagrun for tutorial_taskflow_api_virtualenv to None, run_after=None
[2024-01-08T18:15:48.984+0300] {processor.py:183} INFO - Processing /usr/local/lib/python3.10/dist-packages/airflow/example_dags/tutorial_taskflow_api_virtualenv.py took 0.405 seconds
[2024-01-08T18:27:52.287+0300] {processor.py:161} INFO - Started process (PID=8377) to work on /usr/local/lib/python3.10/dist-packages/airflow/example_dags/tutorial_taskflow_api_virtualenv.py
[2024-01-08T18:27:52.313+0300] {processor.py:830} INFO - Processing file /usr/local/lib/python3.10/dist-packages/airflow/example_dags/tutorial_taskflow_api_virtualenv.py for tasks to queue
[2024-01-08T18:27:52.315+0300] {logging_mixin.py:188} INFO - [2024-01-08T18:27:52.314+0300] {dagbag.py:538} INFO - Filling up the DagBag from /usr/local/lib/python3.10/dist-packages/airflow/example_dags/tutorial_taskflow_api_virtualenv.py
[2024-01-08T18:27:52.507+0300] {processor.py:840} INFO - DAG(s) 'tutorial_taskflow_api_virtualenv' retrieved from /usr/local/lib/python3.10/dist-packages/airflow/example_dags/tutorial_taskflow_api_virtualenv.py
[2024-01-08T18:27:53.018+0300] {logging_mixin.py:188} INFO - [2024-01-08T18:27:53.017+0300] {dag.py:3033} INFO - Sync 1 DAGs
[2024-01-08T18:27:53.314+0300] {logging_mixin.py:188} INFO - [2024-01-08T18:27:53.313+0300] {dag.py:3820} INFO - Setting next_dagrun for tutorial_taskflow_api_virtualenv to None, run_after=None
[2024-01-08T18:27:54.013+0300] {processor.py:183} INFO - Processing /usr/local/lib/python3.10/dist-packages/airflow/example_dags/tutorial_taskflow_api_virtualenv.py took 1.745 seconds
[2024-01-08T18:31:55.608+0300] {processor.py:161} INFO - Started process (PID=9554) to work on /usr/local/lib/python3.10/dist-packages/airflow/example_dags/tutorial_taskflow_api_virtualenv.py
[2024-01-08T18:31:55.721+0300] {processor.py:830} INFO - Processing file /usr/local/lib/python3.10/dist-packages/airflow/example_dags/tutorial_taskflow_api_virtualenv.py for tasks to queue
[2024-01-08T18:31:55.723+0300] {logging_mixin.py:188} INFO - [2024-01-08T18:31:55.722+0300] {dagbag.py:538} INFO - Filling up the DagBag from /usr/local/lib/python3.10/dist-packages/airflow/example_dags/tutorial_taskflow_api_virtualenv.py
[2024-01-08T18:31:55.982+0300] {processor.py:840} INFO - DAG(s) 'tutorial_taskflow_api_virtualenv' retrieved from /usr/local/lib/python3.10/dist-packages/airflow/example_dags/tutorial_taskflow_api_virtualenv.py
[2024-01-08T18:31:58.146+0300] {logging_mixin.py:188} INFO - [2024-01-08T18:31:58.146+0300] {dag.py:3033} INFO - Sync 1 DAGs
[2024-01-08T18:31:58.708+0300] {logging_mixin.py:188} INFO - [2024-01-08T18:31:58.706+0300] {dag.py:3820} INFO - Setting next_dagrun for tutorial_taskflow_api_virtualenv to None, run_after=None
[2024-01-08T18:31:59.612+0300] {processor.py:183} INFO - Processing /usr/local/lib/python3.10/dist-packages/airflow/example_dags/tutorial_taskflow_api_virtualenv.py took 4.086 seconds
[2024-01-08T18:34:24.403+0300] {processor.py:161} INFO - Started process (PID=10517) to work on /usr/local/lib/python3.10/dist-packages/airflow/example_dags/tutorial_taskflow_api_virtualenv.py
[2024-01-08T18:34:24.625+0300] {processor.py:830} INFO - Processing file /usr/local/lib/python3.10/dist-packages/airflow/example_dags/tutorial_taskflow_api_virtualenv.py for tasks to queue
[2024-01-08T18:34:24.628+0300] {logging_mixin.py:188} INFO - [2024-01-08T18:34:24.627+0300] {dagbag.py:538} INFO - Filling up the DagBag from /usr/local/lib/python3.10/dist-packages/airflow/example_dags/tutorial_taskflow_api_virtualenv.py
[2024-01-08T18:34:24.764+0300] {processor.py:840} INFO - DAG(s) 'tutorial_taskflow_api_virtualenv' retrieved from /usr/local/lib/python3.10/dist-packages/airflow/example_dags/tutorial_taskflow_api_virtualenv.py
[2024-01-08T18:34:25.369+0300] {logging_mixin.py:188} INFO - [2024-01-08T18:34:25.369+0300] {dag.py:3033} INFO - Sync 1 DAGs
[2024-01-08T18:34:25.643+0300] {logging_mixin.py:188} INFO - [2024-01-08T18:34:25.642+0300] {dag.py:3820} INFO - Setting next_dagrun for tutorial_taskflow_api_virtualenv to None, run_after=None
[2024-01-08T18:34:26.253+0300] {processor.py:183} INFO - Processing /usr/local/lib/python3.10/dist-packages/airflow/example_dags/tutorial_taskflow_api_virtualenv.py took 2.027 seconds
[2024-01-08T18:37:23.051+0300] {processor.py:161} INFO - Started process (PID=11685) to work on /usr/local/lib/python3.10/dist-packages/airflow/example_dags/tutorial_taskflow_api_virtualenv.py
[2024-01-08T18:37:23.188+0300] {processor.py:830} INFO - Processing file /usr/local/lib/python3.10/dist-packages/airflow/example_dags/tutorial_taskflow_api_virtualenv.py for tasks to queue
[2024-01-08T18:37:23.191+0300] {logging_mixin.py:188} INFO - [2024-01-08T18:37:23.190+0300] {dagbag.py:538} INFO - Filling up the DagBag from /usr/local/lib/python3.10/dist-packages/airflow/example_dags/tutorial_taskflow_api_virtualenv.py
[2024-01-08T18:37:23.557+0300] {processor.py:840} INFO - DAG(s) 'tutorial_taskflow_api_virtualenv' retrieved from /usr/local/lib/python3.10/dist-packages/airflow/example_dags/tutorial_taskflow_api_virtualenv.py
[2024-01-08T18:37:25.264+0300] {logging_mixin.py:188} INFO - [2024-01-08T18:37:25.263+0300] {dag.py:3033} INFO - Sync 1 DAGs
[2024-01-08T18:37:25.432+0300] {logging_mixin.py:188} INFO - [2024-01-08T18:37:25.432+0300] {dag.py:3820} INFO - Setting next_dagrun for tutorial_taskflow_api_virtualenv to None, run_after=None
[2024-01-08T18:37:26.306+0300] {processor.py:183} INFO - Processing /usr/local/lib/python3.10/dist-packages/airflow/example_dags/tutorial_taskflow_api_virtualenv.py took 3.399 seconds
[2024-01-08T18:38:27.508+0300] {processor.py:161} INFO - Started process (PID=12193) to work on /usr/local/lib/python3.10/dist-packages/airflow/example_dags/tutorial_taskflow_api_virtualenv.py
[2024-01-08T18:38:27.521+0300] {processor.py:830} INFO - Processing file /usr/local/lib/python3.10/dist-packages/airflow/example_dags/tutorial_taskflow_api_virtualenv.py for tasks to queue
[2024-01-08T18:38:27.542+0300] {logging_mixin.py:188} INFO - [2024-01-08T18:38:27.541+0300] {dagbag.py:538} INFO - Filling up the DagBag from /usr/local/lib/python3.10/dist-packages/airflow/example_dags/tutorial_taskflow_api_virtualenv.py
[2024-01-08T18:38:27.924+0300] {processor.py:840} INFO - DAG(s) 'tutorial_taskflow_api_virtualenv' retrieved from /usr/local/lib/python3.10/dist-packages/airflow/example_dags/tutorial_taskflow_api_virtualenv.py
[2024-01-08T18:38:29.172+0300] {logging_mixin.py:188} INFO - [2024-01-08T18:38:29.153+0300] {dag.py:3033} INFO - Sync 1 DAGs
[2024-01-08T18:38:29.641+0300] {logging_mixin.py:188} INFO - [2024-01-08T18:38:29.641+0300] {dag.py:3820} INFO - Setting next_dagrun for tutorial_taskflow_api_virtualenv to None, run_after=None
[2024-01-08T18:38:29.985+0300] {processor.py:183} INFO - Processing /usr/local/lib/python3.10/dist-packages/airflow/example_dags/tutorial_taskflow_api_virtualenv.py took 2.888 seconds
[2024-01-08T18:40:21.586+0300] {processor.py:161} INFO - Started process (PID=12831) to work on /usr/local/lib/python3.10/dist-packages/airflow/example_dags/tutorial_taskflow_api_virtualenv.py
[2024-01-08T18:40:22.591+0300] {processor.py:830} INFO - Processing file /usr/local/lib/python3.10/dist-packages/airflow/example_dags/tutorial_taskflow_api_virtualenv.py for tasks to queue
[2024-01-08T18:40:22.594+0300] {logging_mixin.py:188} INFO - [2024-01-08T18:40:22.593+0300] {dagbag.py:538} INFO - Filling up the DagBag from /usr/local/lib/python3.10/dist-packages/airflow/example_dags/tutorial_taskflow_api_virtualenv.py
[2024-01-08T18:40:23.381+0300] {processor.py:840} INFO - DAG(s) 'tutorial_taskflow_api_virtualenv' retrieved from /usr/local/lib/python3.10/dist-packages/airflow/example_dags/tutorial_taskflow_api_virtualenv.py
[2024-01-08T18:40:25.530+0300] {logging_mixin.py:188} INFO - [2024-01-08T18:40:25.529+0300] {dag.py:3033} INFO - Sync 1 DAGs
[2024-01-08T18:40:26.643+0300] {logging_mixin.py:188} INFO - [2024-01-08T18:40:26.642+0300] {dag.py:3820} INFO - Setting next_dagrun for tutorial_taskflow_api_virtualenv to None, run_after=None
[2024-01-08T18:40:27.277+0300] {processor.py:183} INFO - Processing /usr/local/lib/python3.10/dist-packages/airflow/example_dags/tutorial_taskflow_api_virtualenv.py took 6.560 seconds
[2024-01-08T18:41:25.254+0300] {processor.py:161} INFO - Started process (PID=13426) to work on /usr/local/lib/python3.10/dist-packages/airflow/example_dags/tutorial_taskflow_api_virtualenv.py
[2024-01-08T18:41:25.375+0300] {processor.py:830} INFO - Processing file /usr/local/lib/python3.10/dist-packages/airflow/example_dags/tutorial_taskflow_api_virtualenv.py for tasks to queue
[2024-01-08T18:41:25.377+0300] {logging_mixin.py:188} INFO - [2024-01-08T18:41:25.376+0300] {dagbag.py:538} INFO - Filling up the DagBag from /usr/local/lib/python3.10/dist-packages/airflow/example_dags/tutorial_taskflow_api_virtualenv.py
[2024-01-08T18:41:25.634+0300] {processor.py:840} INFO - DAG(s) 'tutorial_taskflow_api_virtualenv' retrieved from /usr/local/lib/python3.10/dist-packages/airflow/example_dags/tutorial_taskflow_api_virtualenv.py
[2024-01-08T18:41:26.473+0300] {logging_mixin.py:188} INFO - [2024-01-08T18:41:26.472+0300] {dag.py:3033} INFO - Sync 1 DAGs
[2024-01-08T18:41:26.752+0300] {logging_mixin.py:188} INFO - [2024-01-08T18:41:26.751+0300] {dag.py:3820} INFO - Setting next_dagrun for tutorial_taskflow_api_virtualenv to None, run_after=None
[2024-01-08T18:41:27.542+0300] {processor.py:183} INFO - Processing /usr/local/lib/python3.10/dist-packages/airflow/example_dags/tutorial_taskflow_api_virtualenv.py took 2.400 seconds
[2024-01-08T18:42:12.565+0300] {processor.py:161} INFO - Started process (PID=13982) to work on /usr/local/lib/python3.10/dist-packages/airflow/example_dags/tutorial_taskflow_api_virtualenv.py
[2024-01-08T18:42:12.571+0300] {processor.py:830} INFO - Processing file /usr/local/lib/python3.10/dist-packages/airflow/example_dags/tutorial_taskflow_api_virtualenv.py for tasks to queue
[2024-01-08T18:42:12.573+0300] {logging_mixin.py:188} INFO - [2024-01-08T18:42:12.572+0300] {dagbag.py:538} INFO - Filling up the DagBag from /usr/local/lib/python3.10/dist-packages/airflow/example_dags/tutorial_taskflow_api_virtualenv.py
[2024-01-08T18:42:12.612+0300] {processor.py:840} INFO - DAG(s) 'tutorial_taskflow_api_virtualenv' retrieved from /usr/local/lib/python3.10/dist-packages/airflow/example_dags/tutorial_taskflow_api_virtualenv.py
[2024-01-08T18:42:12.808+0300] {logging_mixin.py:188} INFO - [2024-01-08T18:42:12.807+0300] {dag.py:3033} INFO - Sync 1 DAGs
[2024-01-08T18:42:12.871+0300] {logging_mixin.py:188} INFO - [2024-01-08T18:42:12.871+0300] {dag.py:3820} INFO - Setting next_dagrun for tutorial_taskflow_api_virtualenv to None, run_after=None
[2024-01-08T18:42:12.948+0300] {processor.py:183} INFO - Processing /usr/local/lib/python3.10/dist-packages/airflow/example_dags/tutorial_taskflow_api_virtualenv.py took 0.394 seconds
[2024-01-08T18:42:52.354+0300] {processor.py:161} INFO - Started process (PID=14409) to work on /usr/local/lib/python3.10/dist-packages/airflow/example_dags/tutorial_taskflow_api_virtualenv.py
[2024-01-08T18:42:52.373+0300] {processor.py:830} INFO - Processing file /usr/local/lib/python3.10/dist-packages/airflow/example_dags/tutorial_taskflow_api_virtualenv.py for tasks to queue
[2024-01-08T18:42:52.374+0300] {logging_mixin.py:188} INFO - [2024-01-08T18:42:52.374+0300] {dagbag.py:538} INFO - Filling up the DagBag from /usr/local/lib/python3.10/dist-packages/airflow/example_dags/tutorial_taskflow_api_virtualenv.py
[2024-01-08T18:42:52.466+0300] {processor.py:840} INFO - DAG(s) 'tutorial_taskflow_api_virtualenv' retrieved from /usr/local/lib/python3.10/dist-packages/airflow/example_dags/tutorial_taskflow_api_virtualenv.py
[2024-01-08T18:42:53.166+0300] {logging_mixin.py:188} INFO - [2024-01-08T18:42:53.165+0300] {dag.py:3033} INFO - Sync 1 DAGs
[2024-01-08T18:42:53.490+0300] {logging_mixin.py:188} INFO - [2024-01-08T18:42:53.489+0300] {dag.py:3820} INFO - Setting next_dagrun for tutorial_taskflow_api_virtualenv to None, run_after=None
[2024-01-08T18:42:53.734+0300] {processor.py:183} INFO - Processing /usr/local/lib/python3.10/dist-packages/airflow/example_dags/tutorial_taskflow_api_virtualenv.py took 1.451 seconds
[2024-01-08T18:43:23.899+0300] {processor.py:161} INFO - Started process (PID=14766) to work on /usr/local/lib/python3.10/dist-packages/airflow/example_dags/tutorial_taskflow_api_virtualenv.py
[2024-01-08T18:43:23.901+0300] {processor.py:830} INFO - Processing file /usr/local/lib/python3.10/dist-packages/airflow/example_dags/tutorial_taskflow_api_virtualenv.py for tasks to queue
[2024-01-08T18:43:23.904+0300] {logging_mixin.py:188} INFO - [2024-01-08T18:43:23.903+0300] {dagbag.py:538} INFO - Filling up the DagBag from /usr/local/lib/python3.10/dist-packages/airflow/example_dags/tutorial_taskflow_api_virtualenv.py
[2024-01-08T18:43:23.931+0300] {processor.py:840} INFO - DAG(s) 'tutorial_taskflow_api_virtualenv' retrieved from /usr/local/lib/python3.10/dist-packages/airflow/example_dags/tutorial_taskflow_api_virtualenv.py
[2024-01-08T18:43:24.023+0300] {logging_mixin.py:188} INFO - [2024-01-08T18:43:24.022+0300] {dag.py:3033} INFO - Sync 1 DAGs
[2024-01-08T18:43:24.057+0300] {logging_mixin.py:188} INFO - [2024-01-08T18:43:24.056+0300] {dag.py:3820} INFO - Setting next_dagrun for tutorial_taskflow_api_virtualenv to None, run_after=None
[2024-01-08T18:43:24.152+0300] {processor.py:183} INFO - Processing /usr/local/lib/python3.10/dist-packages/airflow/example_dags/tutorial_taskflow_api_virtualenv.py took 0.264 seconds
[2024-01-08T18:43:54.267+0300] {processor.py:161} INFO - Started process (PID=15084) to work on /usr/local/lib/python3.10/dist-packages/airflow/example_dags/tutorial_taskflow_api_virtualenv.py
[2024-01-08T18:43:54.272+0300] {processor.py:830} INFO - Processing file /usr/local/lib/python3.10/dist-packages/airflow/example_dags/tutorial_taskflow_api_virtualenv.py for tasks to queue
[2024-01-08T18:43:54.275+0300] {logging_mixin.py:188} INFO - [2024-01-08T18:43:54.274+0300] {dagbag.py:538} INFO - Filling up the DagBag from /usr/local/lib/python3.10/dist-packages/airflow/example_dags/tutorial_taskflow_api_virtualenv.py
[2024-01-08T18:43:54.301+0300] {processor.py:840} INFO - DAG(s) 'tutorial_taskflow_api_virtualenv' retrieved from /usr/local/lib/python3.10/dist-packages/airflow/example_dags/tutorial_taskflow_api_virtualenv.py
[2024-01-08T18:43:54.406+0300] {logging_mixin.py:188} INFO - [2024-01-08T18:43:54.405+0300] {dag.py:3033} INFO - Sync 1 DAGs
[2024-01-08T18:43:54.440+0300] {logging_mixin.py:188} INFO - [2024-01-08T18:43:54.439+0300] {dag.py:3820} INFO - Setting next_dagrun for tutorial_taskflow_api_virtualenv to None, run_after=None
[2024-01-08T18:43:54.505+0300] {processor.py:183} INFO - Processing /usr/local/lib/python3.10/dist-packages/airflow/example_dags/tutorial_taskflow_api_virtualenv.py took 0.252 seconds
[2024-01-08T18:44:25.046+0300] {processor.py:161} INFO - Started process (PID=15400) to work on /usr/local/lib/python3.10/dist-packages/airflow/example_dags/tutorial_taskflow_api_virtualenv.py
[2024-01-08T18:44:25.049+0300] {processor.py:830} INFO - Processing file /usr/local/lib/python3.10/dist-packages/airflow/example_dags/tutorial_taskflow_api_virtualenv.py for tasks to queue
[2024-01-08T18:44:25.051+0300] {logging_mixin.py:188} INFO - [2024-01-08T18:44:25.050+0300] {dagbag.py:538} INFO - Filling up the DagBag from /usr/local/lib/python3.10/dist-packages/airflow/example_dags/tutorial_taskflow_api_virtualenv.py
[2024-01-08T18:44:25.073+0300] {processor.py:840} INFO - DAG(s) 'tutorial_taskflow_api_virtualenv' retrieved from /usr/local/lib/python3.10/dist-packages/airflow/example_dags/tutorial_taskflow_api_virtualenv.py
[2024-01-08T18:44:25.172+0300] {logging_mixin.py:188} INFO - [2024-01-08T18:44:25.172+0300] {dag.py:3033} INFO - Sync 1 DAGs
[2024-01-08T18:44:25.201+0300] {logging_mixin.py:188} INFO - [2024-01-08T18:44:25.201+0300] {dag.py:3820} INFO - Setting next_dagrun for tutorial_taskflow_api_virtualenv to None, run_after=None
[2024-01-08T18:44:25.249+0300] {processor.py:183} INFO - Processing /usr/local/lib/python3.10/dist-packages/airflow/example_dags/tutorial_taskflow_api_virtualenv.py took 0.216 seconds
[2024-01-08T18:44:55.939+0300] {processor.py:161} INFO - Started process (PID=15770) to work on /usr/local/lib/python3.10/dist-packages/airflow/example_dags/tutorial_taskflow_api_virtualenv.py
[2024-01-08T18:44:55.951+0300] {processor.py:830} INFO - Processing file /usr/local/lib/python3.10/dist-packages/airflow/example_dags/tutorial_taskflow_api_virtualenv.py for tasks to queue
[2024-01-08T18:44:55.964+0300] {logging_mixin.py:188} INFO - [2024-01-08T18:44:55.963+0300] {dagbag.py:538} INFO - Filling up the DagBag from /usr/local/lib/python3.10/dist-packages/airflow/example_dags/tutorial_taskflow_api_virtualenv.py
[2024-01-08T18:44:56.006+0300] {processor.py:840} INFO - DAG(s) 'tutorial_taskflow_api_virtualenv' retrieved from /usr/local/lib/python3.10/dist-packages/airflow/example_dags/tutorial_taskflow_api_virtualenv.py
[2024-01-08T18:44:56.306+0300] {logging_mixin.py:188} INFO - [2024-01-08T18:44:56.305+0300] {dag.py:3033} INFO - Sync 1 DAGs
[2024-01-08T18:44:56.418+0300] {logging_mixin.py:188} INFO - [2024-01-08T18:44:56.417+0300] {dag.py:3820} INFO - Setting next_dagrun for tutorial_taskflow_api_virtualenv to None, run_after=None
[2024-01-08T18:44:56.558+0300] {processor.py:183} INFO - Processing /usr/local/lib/python3.10/dist-packages/airflow/example_dags/tutorial_taskflow_api_virtualenv.py took 0.657 seconds
[2024-01-08T18:45:33.546+0300] {processor.py:161} INFO - Started process (PID=16176) to work on /usr/local/lib/python3.10/dist-packages/airflow/example_dags/tutorial_taskflow_api_virtualenv.py
[2024-01-08T18:45:33.577+0300] {processor.py:830} INFO - Processing file /usr/local/lib/python3.10/dist-packages/airflow/example_dags/tutorial_taskflow_api_virtualenv.py for tasks to queue
[2024-01-08T18:45:33.579+0300] {logging_mixin.py:188} INFO - [2024-01-08T18:45:33.579+0300] {dagbag.py:538} INFO - Filling up the DagBag from /usr/local/lib/python3.10/dist-packages/airflow/example_dags/tutorial_taskflow_api_virtualenv.py
[2024-01-08T18:45:33.688+0300] {processor.py:840} INFO - DAG(s) 'tutorial_taskflow_api_virtualenv' retrieved from /usr/local/lib/python3.10/dist-packages/airflow/example_dags/tutorial_taskflow_api_virtualenv.py
[2024-01-08T18:45:34.213+0300] {logging_mixin.py:188} INFO - [2024-01-08T18:45:34.213+0300] {dag.py:3033} INFO - Sync 1 DAGs
[2024-01-08T18:45:34.354+0300] {logging_mixin.py:188} INFO - [2024-01-08T18:45:34.354+0300] {dag.py:3820} INFO - Setting next_dagrun for tutorial_taskflow_api_virtualenv to None, run_after=None
[2024-01-08T18:45:34.630+0300] {processor.py:183} INFO - Processing /usr/local/lib/python3.10/dist-packages/airflow/example_dags/tutorial_taskflow_api_virtualenv.py took 1.128 seconds
[2024-01-08T18:46:26.082+0300] {processor.py:161} INFO - Started process (PID=16714) to work on /usr/local/lib/python3.10/dist-packages/airflow/example_dags/tutorial_taskflow_api_virtualenv.py
[2024-01-08T18:46:26.133+0300] {processor.py:830} INFO - Processing file /usr/local/lib/python3.10/dist-packages/airflow/example_dags/tutorial_taskflow_api_virtualenv.py for tasks to queue
[2024-01-08T18:46:26.136+0300] {logging_mixin.py:188} INFO - [2024-01-08T18:46:26.135+0300] {dagbag.py:538} INFO - Filling up the DagBag from /usr/local/lib/python3.10/dist-packages/airflow/example_dags/tutorial_taskflow_api_virtualenv.py
[2024-01-08T18:46:26.337+0300] {processor.py:840} INFO - DAG(s) 'tutorial_taskflow_api_virtualenv' retrieved from /usr/local/lib/python3.10/dist-packages/airflow/example_dags/tutorial_taskflow_api_virtualenv.py
[2024-01-08T18:46:27.180+0300] {logging_mixin.py:188} INFO - [2024-01-08T18:46:27.179+0300] {dag.py:3033} INFO - Sync 1 DAGs
[2024-01-08T18:46:27.441+0300] {logging_mixin.py:188} INFO - [2024-01-08T18:46:27.441+0300] {dag.py:3820} INFO - Setting next_dagrun for tutorial_taskflow_api_virtualenv to None, run_after=None
[2024-01-08T18:46:27.996+0300] {processor.py:183} INFO - Processing /usr/local/lib/python3.10/dist-packages/airflow/example_dags/tutorial_taskflow_api_virtualenv.py took 1.986 seconds
[2024-01-08T18:47:00.111+0300] {processor.py:161} INFO - Started process (PID=17130) to work on /usr/local/lib/python3.10/dist-packages/airflow/example_dags/tutorial_taskflow_api_virtualenv.py
[2024-01-08T18:47:00.122+0300] {processor.py:830} INFO - Processing file /usr/local/lib/python3.10/dist-packages/airflow/example_dags/tutorial_taskflow_api_virtualenv.py for tasks to queue
[2024-01-08T18:47:00.124+0300] {logging_mixin.py:188} INFO - [2024-01-08T18:47:00.123+0300] {dagbag.py:538} INFO - Filling up the DagBag from /usr/local/lib/python3.10/dist-packages/airflow/example_dags/tutorial_taskflow_api_virtualenv.py
[2024-01-08T18:47:00.203+0300] {processor.py:840} INFO - DAG(s) 'tutorial_taskflow_api_virtualenv' retrieved from /usr/local/lib/python3.10/dist-packages/airflow/example_dags/tutorial_taskflow_api_virtualenv.py
[2024-01-08T18:47:00.348+0300] {logging_mixin.py:188} INFO - [2024-01-08T18:47:00.347+0300] {dag.py:3033} INFO - Sync 1 DAGs
[2024-01-08T18:47:00.399+0300] {logging_mixin.py:188} INFO - [2024-01-08T18:47:00.399+0300] {dag.py:3820} INFO - Setting next_dagrun for tutorial_taskflow_api_virtualenv to None, run_after=None
[2024-01-08T18:47:00.451+0300] {processor.py:183} INFO - Processing /usr/local/lib/python3.10/dist-packages/airflow/example_dags/tutorial_taskflow_api_virtualenv.py took 0.443 seconds
[2024-01-08T18:47:30.593+0300] {processor.py:161} INFO - Started process (PID=17466) to work on /usr/local/lib/python3.10/dist-packages/airflow/example_dags/tutorial_taskflow_api_virtualenv.py
[2024-01-08T18:47:30.595+0300] {processor.py:830} INFO - Processing file /usr/local/lib/python3.10/dist-packages/airflow/example_dags/tutorial_taskflow_api_virtualenv.py for tasks to queue
[2024-01-08T18:47:30.598+0300] {logging_mixin.py:188} INFO - [2024-01-08T18:47:30.597+0300] {dagbag.py:538} INFO - Filling up the DagBag from /usr/local/lib/python3.10/dist-packages/airflow/example_dags/tutorial_taskflow_api_virtualenv.py
[2024-01-08T18:47:30.626+0300] {processor.py:840} INFO - DAG(s) 'tutorial_taskflow_api_virtualenv' retrieved from /usr/local/lib/python3.10/dist-packages/airflow/example_dags/tutorial_taskflow_api_virtualenv.py
[2024-01-08T18:47:30.751+0300] {logging_mixin.py:188} INFO - [2024-01-08T18:47:30.751+0300] {dag.py:3033} INFO - Sync 1 DAGs
[2024-01-08T18:47:30.831+0300] {logging_mixin.py:188} INFO - [2024-01-08T18:47:30.830+0300] {dag.py:3820} INFO - Setting next_dagrun for tutorial_taskflow_api_virtualenv to None, run_after=None
[2024-01-08T18:47:31.000+0300] {processor.py:183} INFO - Processing /usr/local/lib/python3.10/dist-packages/airflow/example_dags/tutorial_taskflow_api_virtualenv.py took 0.418 seconds
[2024-01-08T18:48:01.831+0300] {processor.py:161} INFO - Started process (PID=17814) to work on /usr/local/lib/python3.10/dist-packages/airflow/example_dags/tutorial_taskflow_api_virtualenv.py
[2024-01-08T18:48:01.869+0300] {processor.py:830} INFO - Processing file /usr/local/lib/python3.10/dist-packages/airflow/example_dags/tutorial_taskflow_api_virtualenv.py for tasks to queue
[2024-01-08T18:48:01.872+0300] {logging_mixin.py:188} INFO - [2024-01-08T18:48:01.871+0300] {dagbag.py:538} INFO - Filling up the DagBag from /usr/local/lib/python3.10/dist-packages/airflow/example_dags/tutorial_taskflow_api_virtualenv.py
[2024-01-08T18:48:01.945+0300] {processor.py:840} INFO - DAG(s) 'tutorial_taskflow_api_virtualenv' retrieved from /usr/local/lib/python3.10/dist-packages/airflow/example_dags/tutorial_taskflow_api_virtualenv.py
[2024-01-08T18:48:02.197+0300] {logging_mixin.py:188} INFO - [2024-01-08T18:48:02.196+0300] {dag.py:3033} INFO - Sync 1 DAGs
[2024-01-08T18:48:02.309+0300] {logging_mixin.py:188} INFO - [2024-01-08T18:48:02.309+0300] {dag.py:3820} INFO - Setting next_dagrun for tutorial_taskflow_api_virtualenv to None, run_after=None
[2024-01-08T18:48:02.479+0300] {processor.py:183} INFO - Processing /usr/local/lib/python3.10/dist-packages/airflow/example_dags/tutorial_taskflow_api_virtualenv.py took 0.699 seconds
[2024-01-08T18:48:35.662+0300] {processor.py:161} INFO - Started process (PID=18201) to work on /usr/local/lib/python3.10/dist-packages/airflow/example_dags/tutorial_taskflow_api_virtualenv.py
[2024-01-08T18:48:35.678+0300] {processor.py:830} INFO - Processing file /usr/local/lib/python3.10/dist-packages/airflow/example_dags/tutorial_taskflow_api_virtualenv.py for tasks to queue
[2024-01-08T18:48:35.680+0300] {logging_mixin.py:188} INFO - [2024-01-08T18:48:35.679+0300] {dagbag.py:538} INFO - Filling up the DagBag from /usr/local/lib/python3.10/dist-packages/airflow/example_dags/tutorial_taskflow_api_virtualenv.py
[2024-01-08T18:48:35.732+0300] {processor.py:840} INFO - DAG(s) 'tutorial_taskflow_api_virtualenv' retrieved from /usr/local/lib/python3.10/dist-packages/airflow/example_dags/tutorial_taskflow_api_virtualenv.py
[2024-01-08T18:48:36.087+0300] {logging_mixin.py:188} INFO - [2024-01-08T18:48:36.086+0300] {dag.py:3033} INFO - Sync 1 DAGs
[2024-01-08T18:48:36.163+0300] {logging_mixin.py:188} INFO - [2024-01-08T18:48:36.163+0300] {dag.py:3820} INFO - Setting next_dagrun for tutorial_taskflow_api_virtualenv to None, run_after=None
[2024-01-08T18:48:36.298+0300] {processor.py:183} INFO - Processing /usr/local/lib/python3.10/dist-packages/airflow/example_dags/tutorial_taskflow_api_virtualenv.py took 0.662 seconds
[2024-01-08T18:49:17.079+0300] {processor.py:161} INFO - Started process (PID=18629) to work on /usr/local/lib/python3.10/dist-packages/airflow/example_dags/tutorial_taskflow_api_virtualenv.py
[2024-01-08T18:49:17.140+0300] {processor.py:830} INFO - Processing file /usr/local/lib/python3.10/dist-packages/airflow/example_dags/tutorial_taskflow_api_virtualenv.py for tasks to queue
[2024-01-08T18:49:17.142+0300] {logging_mixin.py:188} INFO - [2024-01-08T18:49:17.141+0300] {dagbag.py:538} INFO - Filling up the DagBag from /usr/local/lib/python3.10/dist-packages/airflow/example_dags/tutorial_taskflow_api_virtualenv.py
[2024-01-08T18:49:17.322+0300] {processor.py:840} INFO - DAG(s) 'tutorial_taskflow_api_virtualenv' retrieved from /usr/local/lib/python3.10/dist-packages/airflow/example_dags/tutorial_taskflow_api_virtualenv.py
[2024-01-08T18:49:17.552+0300] {logging_mixin.py:188} INFO - [2024-01-08T18:49:17.551+0300] {dag.py:3033} INFO - Sync 1 DAGs
[2024-01-08T18:49:17.793+0300] {logging_mixin.py:188} INFO - [2024-01-08T18:49:17.793+0300] {dag.py:3820} INFO - Setting next_dagrun for tutorial_taskflow_api_virtualenv to None, run_after=None
[2024-01-08T18:49:18.020+0300] {processor.py:183} INFO - Processing /usr/local/lib/python3.10/dist-packages/airflow/example_dags/tutorial_taskflow_api_virtualenv.py took 1.016 seconds
[2024-01-08T18:49:48.357+0300] {processor.py:161} INFO - Started process (PID=18966) to work on /usr/local/lib/python3.10/dist-packages/airflow/example_dags/tutorial_taskflow_api_virtualenv.py
[2024-01-08T18:49:48.359+0300] {processor.py:830} INFO - Processing file /usr/local/lib/python3.10/dist-packages/airflow/example_dags/tutorial_taskflow_api_virtualenv.py for tasks to queue
[2024-01-08T18:49:48.361+0300] {logging_mixin.py:188} INFO - [2024-01-08T18:49:48.360+0300] {dagbag.py:538} INFO - Filling up the DagBag from /usr/local/lib/python3.10/dist-packages/airflow/example_dags/tutorial_taskflow_api_virtualenv.py
[2024-01-08T18:49:48.380+0300] {processor.py:840} INFO - DAG(s) 'tutorial_taskflow_api_virtualenv' retrieved from /usr/local/lib/python3.10/dist-packages/airflow/example_dags/tutorial_taskflow_api_virtualenv.py
[2024-01-08T18:49:48.469+0300] {logging_mixin.py:188} INFO - [2024-01-08T18:49:48.469+0300] {dag.py:3033} INFO - Sync 1 DAGs
[2024-01-08T18:49:48.497+0300] {logging_mixin.py:188} INFO - [2024-01-08T18:49:48.496+0300] {dag.py:3820} INFO - Setting next_dagrun for tutorial_taskflow_api_virtualenv to None, run_after=None
[2024-01-08T18:49:48.607+0300] {processor.py:183} INFO - Processing /usr/local/lib/python3.10/dist-packages/airflow/example_dags/tutorial_taskflow_api_virtualenv.py took 0.259 seconds
[2024-01-08T18:50:18.817+0300] {processor.py:161} INFO - Started process (PID=19282) to work on /usr/local/lib/python3.10/dist-packages/airflow/example_dags/tutorial_taskflow_api_virtualenv.py
[2024-01-08T18:50:18.819+0300] {processor.py:830} INFO - Processing file /usr/local/lib/python3.10/dist-packages/airflow/example_dags/tutorial_taskflow_api_virtualenv.py for tasks to queue
[2024-01-08T18:50:18.821+0300] {logging_mixin.py:188} INFO - [2024-01-08T18:50:18.820+0300] {dagbag.py:538} INFO - Filling up the DagBag from /usr/local/lib/python3.10/dist-packages/airflow/example_dags/tutorial_taskflow_api_virtualenv.py
[2024-01-08T18:50:18.839+0300] {processor.py:840} INFO - DAG(s) 'tutorial_taskflow_api_virtualenv' retrieved from /usr/local/lib/python3.10/dist-packages/airflow/example_dags/tutorial_taskflow_api_virtualenv.py
[2024-01-08T18:50:18.927+0300] {logging_mixin.py:188} INFO - [2024-01-08T18:50:18.927+0300] {dag.py:3033} INFO - Sync 1 DAGs
[2024-01-08T18:50:18.956+0300] {logging_mixin.py:188} INFO - [2024-01-08T18:50:18.956+0300] {dag.py:3820} INFO - Setting next_dagrun for tutorial_taskflow_api_virtualenv to None, run_after=None
[2024-01-08T18:50:19.010+0300] {processor.py:183} INFO - Processing /usr/local/lib/python3.10/dist-packages/airflow/example_dags/tutorial_taskflow_api_virtualenv.py took 0.204 seconds
[2024-01-08T18:50:49.800+0300] {processor.py:161} INFO - Started process (PID=19596) to work on /usr/local/lib/python3.10/dist-packages/airflow/example_dags/tutorial_taskflow_api_virtualenv.py
[2024-01-08T18:50:49.802+0300] {processor.py:830} INFO - Processing file /usr/local/lib/python3.10/dist-packages/airflow/example_dags/tutorial_taskflow_api_virtualenv.py for tasks to queue
[2024-01-08T18:50:49.805+0300] {logging_mixin.py:188} INFO - [2024-01-08T18:50:49.804+0300] {dagbag.py:538} INFO - Filling up the DagBag from /usr/local/lib/python3.10/dist-packages/airflow/example_dags/tutorial_taskflow_api_virtualenv.py
[2024-01-08T18:50:49.830+0300] {processor.py:840} INFO - DAG(s) 'tutorial_taskflow_api_virtualenv' retrieved from /usr/local/lib/python3.10/dist-packages/airflow/example_dags/tutorial_taskflow_api_virtualenv.py
[2024-01-08T18:50:49.912+0300] {logging_mixin.py:188} INFO - [2024-01-08T18:50:49.912+0300] {dag.py:3033} INFO - Sync 1 DAGs
[2024-01-08T18:50:49.940+0300] {logging_mixin.py:188} INFO - [2024-01-08T18:50:49.940+0300] {dag.py:3820} INFO - Setting next_dagrun for tutorial_taskflow_api_virtualenv to None, run_after=None
[2024-01-08T18:50:49.987+0300] {processor.py:183} INFO - Processing /usr/local/lib/python3.10/dist-packages/airflow/example_dags/tutorial_taskflow_api_virtualenv.py took 0.205 seconds
[2024-01-08T18:51:21.974+0300] {processor.py:161} INFO - Started process (PID=19980) to work on /usr/local/lib/python3.10/dist-packages/airflow/example_dags/tutorial_taskflow_api_virtualenv.py
[2024-01-08T18:51:21.981+0300] {processor.py:830} INFO - Processing file /usr/local/lib/python3.10/dist-packages/airflow/example_dags/tutorial_taskflow_api_virtualenv.py for tasks to queue
[2024-01-08T18:51:21.983+0300] {logging_mixin.py:188} INFO - [2024-01-08T18:51:21.982+0300] {dagbag.py:538} INFO - Filling up the DagBag from /usr/local/lib/python3.10/dist-packages/airflow/example_dags/tutorial_taskflow_api_virtualenv.py
[2024-01-08T18:51:22.053+0300] {processor.py:840} INFO - DAG(s) 'tutorial_taskflow_api_virtualenv' retrieved from /usr/local/lib/python3.10/dist-packages/airflow/example_dags/tutorial_taskflow_api_virtualenv.py
[2024-01-08T18:51:22.200+0300] {logging_mixin.py:188} INFO - [2024-01-08T18:51:22.198+0300] {dag.py:3033} INFO - Sync 1 DAGs
[2024-01-08T18:51:22.271+0300] {logging_mixin.py:188} INFO - [2024-01-08T18:51:22.271+0300] {dag.py:3820} INFO - Setting next_dagrun for tutorial_taskflow_api_virtualenv to None, run_after=None
[2024-01-08T18:51:22.370+0300] {processor.py:183} INFO - Processing /usr/local/lib/python3.10/dist-packages/airflow/example_dags/tutorial_taskflow_api_virtualenv.py took 0.419 seconds
[2024-01-08T18:51:55.440+0300] {processor.py:161} INFO - Started process (PID=20370) to work on /usr/local/lib/python3.10/dist-packages/airflow/example_dags/tutorial_taskflow_api_virtualenv.py
[2024-01-08T18:51:55.487+0300] {processor.py:830} INFO - Processing file /usr/local/lib/python3.10/dist-packages/airflow/example_dags/tutorial_taskflow_api_virtualenv.py for tasks to queue
[2024-01-08T18:51:55.489+0300] {logging_mixin.py:188} INFO - [2024-01-08T18:51:55.488+0300] {dagbag.py:538} INFO - Filling up the DagBag from /usr/local/lib/python3.10/dist-packages/airflow/example_dags/tutorial_taskflow_api_virtualenv.py
[2024-01-08T18:51:55.697+0300] {processor.py:840} INFO - DAG(s) 'tutorial_taskflow_api_virtualenv' retrieved from /usr/local/lib/python3.10/dist-packages/airflow/example_dags/tutorial_taskflow_api_virtualenv.py
[2024-01-08T18:51:56.229+0300] {logging_mixin.py:188} INFO - [2024-01-08T18:51:56.201+0300] {dag.py:3033} INFO - Sync 1 DAGs
[2024-01-08T18:51:56.560+0300] {logging_mixin.py:188} INFO - [2024-01-08T18:51:56.559+0300] {dag.py:3820} INFO - Setting next_dagrun for tutorial_taskflow_api_virtualenv to None, run_after=None
[2024-01-08T18:51:56.662+0300] {processor.py:183} INFO - Processing /usr/local/lib/python3.10/dist-packages/airflow/example_dags/tutorial_taskflow_api_virtualenv.py took 1.282 seconds
[2024-01-08T18:52:29.181+0300] {processor.py:161} INFO - Started process (PID=20723) to work on /usr/local/lib/python3.10/dist-packages/airflow/example_dags/tutorial_taskflow_api_virtualenv.py
[2024-01-08T18:52:29.184+0300] {processor.py:830} INFO - Processing file /usr/local/lib/python3.10/dist-packages/airflow/example_dags/tutorial_taskflow_api_virtualenv.py for tasks to queue
[2024-01-08T18:52:29.204+0300] {logging_mixin.py:188} INFO - [2024-01-08T18:52:29.203+0300] {dagbag.py:538} INFO - Filling up the DagBag from /usr/local/lib/python3.10/dist-packages/airflow/example_dags/tutorial_taskflow_api_virtualenv.py
[2024-01-08T18:52:29.332+0300] {processor.py:840} INFO - DAG(s) 'tutorial_taskflow_api_virtualenv' retrieved from /usr/local/lib/python3.10/dist-packages/airflow/example_dags/tutorial_taskflow_api_virtualenv.py
[2024-01-08T18:52:29.489+0300] {logging_mixin.py:188} INFO - [2024-01-08T18:52:29.489+0300] {dag.py:3033} INFO - Sync 1 DAGs
[2024-01-08T18:52:29.547+0300] {logging_mixin.py:188} INFO - [2024-01-08T18:52:29.547+0300] {dag.py:3820} INFO - Setting next_dagrun for tutorial_taskflow_api_virtualenv to None, run_after=None
[2024-01-08T18:52:29.713+0300] {processor.py:183} INFO - Processing /usr/local/lib/python3.10/dist-packages/airflow/example_dags/tutorial_taskflow_api_virtualenv.py took 0.624 seconds
[2024-01-08T18:53:12.306+0300] {processor.py:161} INFO - Started process (PID=21124) to work on /usr/local/lib/python3.10/dist-packages/airflow/example_dags/tutorial_taskflow_api_virtualenv.py
[2024-01-08T18:53:12.363+0300] {processor.py:830} INFO - Processing file /usr/local/lib/python3.10/dist-packages/airflow/example_dags/tutorial_taskflow_api_virtualenv.py for tasks to queue
[2024-01-08T18:53:12.365+0300] {logging_mixin.py:188} INFO - [2024-01-08T18:53:12.365+0300] {dagbag.py:538} INFO - Filling up the DagBag from /usr/local/lib/python3.10/dist-packages/airflow/example_dags/tutorial_taskflow_api_virtualenv.py
[2024-01-08T18:53:12.531+0300] {processor.py:840} INFO - DAG(s) 'tutorial_taskflow_api_virtualenv' retrieved from /usr/local/lib/python3.10/dist-packages/airflow/example_dags/tutorial_taskflow_api_virtualenv.py
[2024-01-08T18:53:13.235+0300] {logging_mixin.py:188} INFO - [2024-01-08T18:53:13.182+0300] {dag.py:3033} INFO - Sync 1 DAGs
[2024-01-08T18:53:13.510+0300] {logging_mixin.py:188} INFO - [2024-01-08T18:53:13.509+0300] {dag.py:3820} INFO - Setting next_dagrun for tutorial_taskflow_api_virtualenv to None, run_after=None
[2024-01-08T18:53:13.941+0300] {processor.py:183} INFO - Processing /usr/local/lib/python3.10/dist-packages/airflow/example_dags/tutorial_taskflow_api_virtualenv.py took 1.729 seconds
[2024-01-08T18:53:52.045+0300] {processor.py:161} INFO - Started process (PID=21491) to work on /usr/local/lib/python3.10/dist-packages/airflow/example_dags/tutorial_taskflow_api_virtualenv.py
[2024-01-08T18:53:52.062+0300] {processor.py:830} INFO - Processing file /usr/local/lib/python3.10/dist-packages/airflow/example_dags/tutorial_taskflow_api_virtualenv.py for tasks to queue
[2024-01-08T18:53:52.064+0300] {logging_mixin.py:188} INFO - [2024-01-08T18:53:52.063+0300] {dagbag.py:538} INFO - Filling up the DagBag from /usr/local/lib/python3.10/dist-packages/airflow/example_dags/tutorial_taskflow_api_virtualenv.py
[2024-01-08T18:53:52.215+0300] {processor.py:840} INFO - DAG(s) 'tutorial_taskflow_api_virtualenv' retrieved from /usr/local/lib/python3.10/dist-packages/airflow/example_dags/tutorial_taskflow_api_virtualenv.py
[2024-01-08T18:53:52.851+0300] {logging_mixin.py:188} INFO - [2024-01-08T18:53:52.850+0300] {dag.py:3033} INFO - Sync 1 DAGs
[2024-01-08T18:53:53.431+0300] {logging_mixin.py:188} INFO - [2024-01-08T18:53:53.431+0300] {dag.py:3820} INFO - Setting next_dagrun for tutorial_taskflow_api_virtualenv to None, run_after=None
[2024-01-08T18:53:54.003+0300] {processor.py:183} INFO - Processing /usr/local/lib/python3.10/dist-packages/airflow/example_dags/tutorial_taskflow_api_virtualenv.py took 2.068 seconds
[2024-01-08T18:54:29.190+0300] {processor.py:161} INFO - Started process (PID=21900) to work on /usr/local/lib/python3.10/dist-packages/airflow/example_dags/tutorial_taskflow_api_virtualenv.py
[2024-01-08T18:54:29.197+0300] {processor.py:830} INFO - Processing file /usr/local/lib/python3.10/dist-packages/airflow/example_dags/tutorial_taskflow_api_virtualenv.py for tasks to queue
[2024-01-08T18:54:29.200+0300] {logging_mixin.py:188} INFO - [2024-01-08T18:54:29.199+0300] {dagbag.py:538} INFO - Filling up the DagBag from /usr/local/lib/python3.10/dist-packages/airflow/example_dags/tutorial_taskflow_api_virtualenv.py
[2024-01-08T18:54:29.466+0300] {processor.py:840} INFO - DAG(s) 'tutorial_taskflow_api_virtualenv' retrieved from /usr/local/lib/python3.10/dist-packages/airflow/example_dags/tutorial_taskflow_api_virtualenv.py
[2024-01-08T18:54:30.106+0300] {logging_mixin.py:188} INFO - [2024-01-08T18:54:30.106+0300] {dag.py:3033} INFO - Sync 1 DAGs
[2024-01-08T18:54:30.455+0300] {logging_mixin.py:188} INFO - [2024-01-08T18:54:30.455+0300] {dag.py:3820} INFO - Setting next_dagrun for tutorial_taskflow_api_virtualenv to None, run_after=None
[2024-01-08T18:54:30.834+0300] {processor.py:183} INFO - Processing /usr/local/lib/python3.10/dist-packages/airflow/example_dags/tutorial_taskflow_api_virtualenv.py took 1.695 seconds
[2024-01-08T18:55:02.627+0300] {processor.py:161} INFO - Started process (PID=22356) to work on /usr/local/lib/python3.10/dist-packages/airflow/example_dags/tutorial_taskflow_api_virtualenv.py
[2024-01-08T18:55:02.633+0300] {processor.py:830} INFO - Processing file /usr/local/lib/python3.10/dist-packages/airflow/example_dags/tutorial_taskflow_api_virtualenv.py for tasks to queue
[2024-01-08T18:55:02.635+0300] {logging_mixin.py:188} INFO - [2024-01-08T18:55:02.634+0300] {dagbag.py:538} INFO - Filling up the DagBag from /usr/local/lib/python3.10/dist-packages/airflow/example_dags/tutorial_taskflow_api_virtualenv.py
[2024-01-08T18:55:02.656+0300] {processor.py:840} INFO - DAG(s) 'tutorial_taskflow_api_virtualenv' retrieved from /usr/local/lib/python3.10/dist-packages/airflow/example_dags/tutorial_taskflow_api_virtualenv.py
[2024-01-08T18:55:02.795+0300] {logging_mixin.py:188} INFO - [2024-01-08T18:55:02.794+0300] {dag.py:3033} INFO - Sync 1 DAGs
[2024-01-08T18:55:02.835+0300] {logging_mixin.py:188} INFO - [2024-01-08T18:55:02.834+0300] {dag.py:3820} INFO - Setting next_dagrun for tutorial_taskflow_api_virtualenv to None, run_after=None
[2024-01-08T18:55:02.903+0300] {processor.py:183} INFO - Processing /usr/local/lib/python3.10/dist-packages/airflow/example_dags/tutorial_taskflow_api_virtualenv.py took 0.297 seconds
[2024-01-08T18:55:39.473+0300] {processor.py:161} INFO - Started process (PID=22771) to work on /usr/local/lib/python3.10/dist-packages/airflow/example_dags/tutorial_taskflow_api_virtualenv.py
[2024-01-08T18:55:39.510+0300] {processor.py:830} INFO - Processing file /usr/local/lib/python3.10/dist-packages/airflow/example_dags/tutorial_taskflow_api_virtualenv.py for tasks to queue
[2024-01-08T18:55:39.513+0300] {logging_mixin.py:188} INFO - [2024-01-08T18:55:39.513+0300] {dagbag.py:538} INFO - Filling up the DagBag from /usr/local/lib/python3.10/dist-packages/airflow/example_dags/tutorial_taskflow_api_virtualenv.py
[2024-01-08T18:55:39.543+0300] {processor.py:840} INFO - DAG(s) 'tutorial_taskflow_api_virtualenv' retrieved from /usr/local/lib/python3.10/dist-packages/airflow/example_dags/tutorial_taskflow_api_virtualenv.py
[2024-01-08T18:55:39.772+0300] {logging_mixin.py:188} INFO - [2024-01-08T18:55:39.772+0300] {dag.py:3033} INFO - Sync 1 DAGs
[2024-01-08T18:55:39.940+0300] {logging_mixin.py:188} INFO - [2024-01-08T18:55:39.915+0300] {dag.py:3820} INFO - Setting next_dagrun for tutorial_taskflow_api_virtualenv to None, run_after=None
[2024-01-08T18:55:40.111+0300] {processor.py:183} INFO - Processing /usr/local/lib/python3.10/dist-packages/airflow/example_dags/tutorial_taskflow_api_virtualenv.py took 0.691 seconds
[2024-01-08T18:56:10.374+0300] {processor.py:161} INFO - Started process (PID=23091) to work on /usr/local/lib/python3.10/dist-packages/airflow/example_dags/tutorial_taskflow_api_virtualenv.py
[2024-01-08T18:56:10.376+0300] {processor.py:830} INFO - Processing file /usr/local/lib/python3.10/dist-packages/airflow/example_dags/tutorial_taskflow_api_virtualenv.py for tasks to queue
[2024-01-08T18:56:10.378+0300] {logging_mixin.py:188} INFO - [2024-01-08T18:56:10.377+0300] {dagbag.py:538} INFO - Filling up the DagBag from /usr/local/lib/python3.10/dist-packages/airflow/example_dags/tutorial_taskflow_api_virtualenv.py
[2024-01-08T18:56:10.403+0300] {processor.py:840} INFO - DAG(s) 'tutorial_taskflow_api_virtualenv' retrieved from /usr/local/lib/python3.10/dist-packages/airflow/example_dags/tutorial_taskflow_api_virtualenv.py
[2024-01-08T18:56:10.504+0300] {logging_mixin.py:188} INFO - [2024-01-08T18:56:10.504+0300] {dag.py:3033} INFO - Sync 1 DAGs
[2024-01-08T18:56:10.536+0300] {logging_mixin.py:188} INFO - [2024-01-08T18:56:10.536+0300] {dag.py:3820} INFO - Setting next_dagrun for tutorial_taskflow_api_virtualenv to None, run_after=None
[2024-01-08T18:56:10.629+0300] {processor.py:183} INFO - Processing /usr/local/lib/python3.10/dist-packages/airflow/example_dags/tutorial_taskflow_api_virtualenv.py took 0.265 seconds
[2024-01-08T18:56:41.056+0300] {processor.py:161} INFO - Started process (PID=23405) to work on /usr/local/lib/python3.10/dist-packages/airflow/example_dags/tutorial_taskflow_api_virtualenv.py
[2024-01-08T18:56:41.060+0300] {processor.py:830} INFO - Processing file /usr/local/lib/python3.10/dist-packages/airflow/example_dags/tutorial_taskflow_api_virtualenv.py for tasks to queue
[2024-01-08T18:56:41.062+0300] {logging_mixin.py:188} INFO - [2024-01-08T18:56:41.061+0300] {dagbag.py:538} INFO - Filling up the DagBag from /usr/local/lib/python3.10/dist-packages/airflow/example_dags/tutorial_taskflow_api_virtualenv.py
[2024-01-08T18:56:41.085+0300] {processor.py:840} INFO - DAG(s) 'tutorial_taskflow_api_virtualenv' retrieved from /usr/local/lib/python3.10/dist-packages/airflow/example_dags/tutorial_taskflow_api_virtualenv.py
[2024-01-08T18:56:41.233+0300] {logging_mixin.py:188} INFO - [2024-01-08T18:56:41.232+0300] {dag.py:3033} INFO - Sync 1 DAGs
[2024-01-08T18:56:41.270+0300] {logging_mixin.py:188} INFO - [2024-01-08T18:56:41.270+0300] {dag.py:3820} INFO - Setting next_dagrun for tutorial_taskflow_api_virtualenv to None, run_after=None
[2024-01-08T18:56:41.315+0300] {processor.py:183} INFO - Processing /usr/local/lib/python3.10/dist-packages/airflow/example_dags/tutorial_taskflow_api_virtualenv.py took 0.300 seconds
[2024-01-08T18:57:13.560+0300] {processor.py:161} INFO - Started process (PID=23768) to work on /usr/local/lib/python3.10/dist-packages/airflow/example_dags/tutorial_taskflow_api_virtualenv.py
[2024-01-08T18:57:13.563+0300] {processor.py:830} INFO - Processing file /usr/local/lib/python3.10/dist-packages/airflow/example_dags/tutorial_taskflow_api_virtualenv.py for tasks to queue
[2024-01-08T18:57:13.578+0300] {logging_mixin.py:188} INFO - [2024-01-08T18:57:13.564+0300] {dagbag.py:538} INFO - Filling up the DagBag from /usr/local/lib/python3.10/dist-packages/airflow/example_dags/tutorial_taskflow_api_virtualenv.py
[2024-01-08T18:57:13.605+0300] {processor.py:840} INFO - DAG(s) 'tutorial_taskflow_api_virtualenv' retrieved from /usr/local/lib/python3.10/dist-packages/airflow/example_dags/tutorial_taskflow_api_virtualenv.py
[2024-01-08T18:57:13.798+0300] {logging_mixin.py:188} INFO - [2024-01-08T18:57:13.798+0300] {dag.py:3033} INFO - Sync 1 DAGs
[2024-01-08T18:57:13.848+0300] {logging_mixin.py:188} INFO - [2024-01-08T18:57:13.846+0300] {dag.py:3820} INFO - Setting next_dagrun for tutorial_taskflow_api_virtualenv to None, run_after=None
[2024-01-08T18:57:13.919+0300] {processor.py:183} INFO - Processing /usr/local/lib/python3.10/dist-packages/airflow/example_dags/tutorial_taskflow_api_virtualenv.py took 0.405 seconds
[2024-01-08T18:57:44.625+0300] {processor.py:161} INFO - Started process (PID=24066) to work on /usr/local/lib/python3.10/dist-packages/airflow/example_dags/tutorial_taskflow_api_virtualenv.py
[2024-01-08T18:57:44.646+0300] {processor.py:830} INFO - Processing file /usr/local/lib/python3.10/dist-packages/airflow/example_dags/tutorial_taskflow_api_virtualenv.py for tasks to queue
[2024-01-08T18:57:44.648+0300] {logging_mixin.py:188} INFO - [2024-01-08T18:57:44.647+0300] {dagbag.py:538} INFO - Filling up the DagBag from /usr/local/lib/python3.10/dist-packages/airflow/example_dags/tutorial_taskflow_api_virtualenv.py
[2024-01-08T18:57:44.751+0300] {processor.py:840} INFO - DAG(s) 'tutorial_taskflow_api_virtualenv' retrieved from /usr/local/lib/python3.10/dist-packages/airflow/example_dags/tutorial_taskflow_api_virtualenv.py
[2024-01-08T18:57:45.177+0300] {logging_mixin.py:188} INFO - [2024-01-08T18:57:45.167+0300] {dag.py:3033} INFO - Sync 1 DAGs
[2024-01-08T18:57:45.328+0300] {logging_mixin.py:188} INFO - [2024-01-08T18:57:45.328+0300] {dag.py:3820} INFO - Setting next_dagrun for tutorial_taskflow_api_virtualenv to None, run_after=None
[2024-01-08T18:57:45.569+0300] {processor.py:183} INFO - Processing /usr/local/lib/python3.10/dist-packages/airflow/example_dags/tutorial_taskflow_api_virtualenv.py took 0.977 seconds
[2024-01-08T18:58:15.795+0300] {processor.py:161} INFO - Started process (PID=24443) to work on /usr/local/lib/python3.10/dist-packages/airflow/example_dags/tutorial_taskflow_api_virtualenv.py
[2024-01-08T18:58:15.797+0300] {processor.py:830} INFO - Processing file /usr/local/lib/python3.10/dist-packages/airflow/example_dags/tutorial_taskflow_api_virtualenv.py for tasks to queue
[2024-01-08T18:58:15.799+0300] {logging_mixin.py:188} INFO - [2024-01-08T18:58:15.798+0300] {dagbag.py:538} INFO - Filling up the DagBag from /usr/local/lib/python3.10/dist-packages/airflow/example_dags/tutorial_taskflow_api_virtualenv.py
[2024-01-08T18:58:15.820+0300] {processor.py:840} INFO - DAG(s) 'tutorial_taskflow_api_virtualenv' retrieved from /usr/local/lib/python3.10/dist-packages/airflow/example_dags/tutorial_taskflow_api_virtualenv.py
[2024-01-08T18:58:15.912+0300] {logging_mixin.py:188} INFO - [2024-01-08T18:58:15.912+0300] {dag.py:3033} INFO - Sync 1 DAGs
[2024-01-08T18:58:15.949+0300] {logging_mixin.py:188} INFO - [2024-01-08T18:58:15.948+0300] {dag.py:3820} INFO - Setting next_dagrun for tutorial_taskflow_api_virtualenv to None, run_after=None
[2024-01-08T18:58:16.001+0300] {processor.py:183} INFO - Processing /usr/local/lib/python3.10/dist-packages/airflow/example_dags/tutorial_taskflow_api_virtualenv.py took 0.217 seconds
[2024-01-08T18:58:50.092+0300] {processor.py:161} INFO - Started process (PID=24868) to work on /usr/local/lib/python3.10/dist-packages/airflow/example_dags/tutorial_taskflow_api_virtualenv.py
[2024-01-08T18:58:50.102+0300] {processor.py:830} INFO - Processing file /usr/local/lib/python3.10/dist-packages/airflow/example_dags/tutorial_taskflow_api_virtualenv.py for tasks to queue
[2024-01-08T18:58:50.104+0300] {logging_mixin.py:188} INFO - [2024-01-08T18:58:50.103+0300] {dagbag.py:538} INFO - Filling up the DagBag from /usr/local/lib/python3.10/dist-packages/airflow/example_dags/tutorial_taskflow_api_virtualenv.py
[2024-01-08T18:58:50.145+0300] {processor.py:840} INFO - DAG(s) 'tutorial_taskflow_api_virtualenv' retrieved from /usr/local/lib/python3.10/dist-packages/airflow/example_dags/tutorial_taskflow_api_virtualenv.py
[2024-01-08T18:58:50.450+0300] {logging_mixin.py:188} INFO - [2024-01-08T18:58:50.449+0300] {dag.py:3033} INFO - Sync 1 DAGs
[2024-01-08T18:58:50.579+0300] {logging_mixin.py:188} INFO - [2024-01-08T18:58:50.579+0300] {dag.py:3820} INFO - Setting next_dagrun for tutorial_taskflow_api_virtualenv to None, run_after=None
[2024-01-08T18:58:50.713+0300] {processor.py:183} INFO - Processing /usr/local/lib/python3.10/dist-packages/airflow/example_dags/tutorial_taskflow_api_virtualenv.py took 0.652 seconds
[2024-01-08T18:59:20.968+0300] {processor.py:161} INFO - Started process (PID=25240) to work on /usr/local/lib/python3.10/dist-packages/airflow/example_dags/tutorial_taskflow_api_virtualenv.py
[2024-01-08T18:59:20.970+0300] {processor.py:830} INFO - Processing file /usr/local/lib/python3.10/dist-packages/airflow/example_dags/tutorial_taskflow_api_virtualenv.py for tasks to queue
[2024-01-08T18:59:20.972+0300] {logging_mixin.py:188} INFO - [2024-01-08T18:59:20.971+0300] {dagbag.py:538} INFO - Filling up the DagBag from /usr/local/lib/python3.10/dist-packages/airflow/example_dags/tutorial_taskflow_api_virtualenv.py
[2024-01-08T18:59:20.997+0300] {processor.py:840} INFO - DAG(s) 'tutorial_taskflow_api_virtualenv' retrieved from /usr/local/lib/python3.10/dist-packages/airflow/example_dags/tutorial_taskflow_api_virtualenv.py
[2024-01-08T18:59:21.088+0300] {logging_mixin.py:188} INFO - [2024-01-08T18:59:21.088+0300] {dag.py:3033} INFO - Sync 1 DAGs
[2024-01-08T18:59:21.133+0300] {logging_mixin.py:188} INFO - [2024-01-08T18:59:21.130+0300] {dag.py:3820} INFO - Setting next_dagrun for tutorial_taskflow_api_virtualenv to None, run_after=None
[2024-01-08T18:59:21.268+0300] {processor.py:183} INFO - Processing /usr/local/lib/python3.10/dist-packages/airflow/example_dags/tutorial_taskflow_api_virtualenv.py took 0.311 seconds
[2024-01-08T18:59:51.597+0300] {processor.py:161} INFO - Started process (PID=25640) to work on /usr/local/lib/python3.10/dist-packages/airflow/example_dags/tutorial_taskflow_api_virtualenv.py
[2024-01-08T18:59:51.624+0300] {processor.py:830} INFO - Processing file /usr/local/lib/python3.10/dist-packages/airflow/example_dags/tutorial_taskflow_api_virtualenv.py for tasks to queue
[2024-01-08T18:59:51.627+0300] {logging_mixin.py:188} INFO - [2024-01-08T18:59:51.626+0300] {dagbag.py:538} INFO - Filling up the DagBag from /usr/local/lib/python3.10/dist-packages/airflow/example_dags/tutorial_taskflow_api_virtualenv.py
[2024-01-08T18:59:51.665+0300] {processor.py:840} INFO - DAG(s) 'tutorial_taskflow_api_virtualenv' retrieved from /usr/local/lib/python3.10/dist-packages/airflow/example_dags/tutorial_taskflow_api_virtualenv.py
[2024-01-08T18:59:51.863+0300] {logging_mixin.py:188} INFO - [2024-01-08T18:59:51.856+0300] {dag.py:3033} INFO - Sync 1 DAGs
[2024-01-08T18:59:51.911+0300] {logging_mixin.py:188} INFO - [2024-01-08T18:59:51.911+0300] {dag.py:3820} INFO - Setting next_dagrun for tutorial_taskflow_api_virtualenv to None, run_after=None
[2024-01-08T18:59:51.963+0300] {processor.py:183} INFO - Processing /usr/local/lib/python3.10/dist-packages/airflow/example_dags/tutorial_taskflow_api_virtualenv.py took 0.416 seconds
[2024-01-08T19:00:24.380+0300] {processor.py:161} INFO - Started process (PID=26047) to work on /usr/local/lib/python3.10/dist-packages/airflow/example_dags/tutorial_taskflow_api_virtualenv.py
[2024-01-08T19:00:24.391+0300] {processor.py:830} INFO - Processing file /usr/local/lib/python3.10/dist-packages/airflow/example_dags/tutorial_taskflow_api_virtualenv.py for tasks to queue
[2024-01-08T19:00:24.394+0300] {logging_mixin.py:188} INFO - [2024-01-08T19:00:24.393+0300] {dagbag.py:538} INFO - Filling up the DagBag from /usr/local/lib/python3.10/dist-packages/airflow/example_dags/tutorial_taskflow_api_virtualenv.py
[2024-01-08T19:00:24.467+0300] {processor.py:840} INFO - DAG(s) 'tutorial_taskflow_api_virtualenv' retrieved from /usr/local/lib/python3.10/dist-packages/airflow/example_dags/tutorial_taskflow_api_virtualenv.py
[2024-01-08T19:00:24.766+0300] {logging_mixin.py:188} INFO - [2024-01-08T19:00:24.766+0300] {dag.py:3033} INFO - Sync 1 DAGs
[2024-01-08T19:00:24.843+0300] {logging_mixin.py:188} INFO - [2024-01-08T19:00:24.843+0300] {dag.py:3820} INFO - Setting next_dagrun for tutorial_taskflow_api_virtualenv to None, run_after=None
[2024-01-08T19:00:25.027+0300] {processor.py:183} INFO - Processing /usr/local/lib/python3.10/dist-packages/airflow/example_dags/tutorial_taskflow_api_virtualenv.py took 0.677 seconds
[2024-01-08T19:00:55.687+0300] {processor.py:161} INFO - Started process (PID=26467) to work on /usr/local/lib/python3.10/dist-packages/airflow/example_dags/tutorial_taskflow_api_virtualenv.py
[2024-01-08T19:00:55.690+0300] {processor.py:830} INFO - Processing file /usr/local/lib/python3.10/dist-packages/airflow/example_dags/tutorial_taskflow_api_virtualenv.py for tasks to queue
[2024-01-08T19:00:55.692+0300] {logging_mixin.py:188} INFO - [2024-01-08T19:00:55.692+0300] {dagbag.py:538} INFO - Filling up the DagBag from /usr/local/lib/python3.10/dist-packages/airflow/example_dags/tutorial_taskflow_api_virtualenv.py
[2024-01-08T19:00:55.722+0300] {processor.py:840} INFO - DAG(s) 'tutorial_taskflow_api_virtualenv' retrieved from /usr/local/lib/python3.10/dist-packages/airflow/example_dags/tutorial_taskflow_api_virtualenv.py
[2024-01-08T19:00:55.874+0300] {logging_mixin.py:188} INFO - [2024-01-08T19:00:55.874+0300] {dag.py:3033} INFO - Sync 1 DAGs
[2024-01-08T19:00:55.965+0300] {logging_mixin.py:188} INFO - [2024-01-08T19:00:55.964+0300] {dag.py:3820} INFO - Setting next_dagrun for tutorial_taskflow_api_virtualenv to None, run_after=None
[2024-01-08T19:00:56.035+0300] {processor.py:183} INFO - Processing /usr/local/lib/python3.10/dist-packages/airflow/example_dags/tutorial_taskflow_api_virtualenv.py took 0.362 seconds
[2024-01-08T19:01:32.559+0300] {processor.py:161} INFO - Started process (PID=26869) to work on /usr/local/lib/python3.10/dist-packages/airflow/example_dags/tutorial_taskflow_api_virtualenv.py
[2024-01-08T19:01:32.562+0300] {processor.py:830} INFO - Processing file /usr/local/lib/python3.10/dist-packages/airflow/example_dags/tutorial_taskflow_api_virtualenv.py for tasks to queue
[2024-01-08T19:01:32.564+0300] {logging_mixin.py:188} INFO - [2024-01-08T19:01:32.563+0300] {dagbag.py:538} INFO - Filling up the DagBag from /usr/local/lib/python3.10/dist-packages/airflow/example_dags/tutorial_taskflow_api_virtualenv.py
[2024-01-08T19:01:32.612+0300] {processor.py:840} INFO - DAG(s) 'tutorial_taskflow_api_virtualenv' retrieved from /usr/local/lib/python3.10/dist-packages/airflow/example_dags/tutorial_taskflow_api_virtualenv.py
[2024-01-08T19:01:32.889+0300] {logging_mixin.py:188} INFO - [2024-01-08T19:01:32.889+0300] {dag.py:3033} INFO - Sync 1 DAGs
[2024-01-08T19:01:33.017+0300] {logging_mixin.py:188} INFO - [2024-01-08T19:01:33.017+0300] {dag.py:3820} INFO - Setting next_dagrun for tutorial_taskflow_api_virtualenv to None, run_after=None
[2024-01-08T19:01:33.260+0300] {processor.py:183} INFO - Processing /usr/local/lib/python3.10/dist-packages/airflow/example_dags/tutorial_taskflow_api_virtualenv.py took 0.713 seconds
[2024-01-08T19:02:03.706+0300] {processor.py:161} INFO - Started process (PID=27196) to work on /usr/local/lib/python3.10/dist-packages/airflow/example_dags/tutorial_taskflow_api_virtualenv.py
[2024-01-08T19:02:03.709+0300] {processor.py:830} INFO - Processing file /usr/local/lib/python3.10/dist-packages/airflow/example_dags/tutorial_taskflow_api_virtualenv.py for tasks to queue
[2024-01-08T19:02:03.712+0300] {logging_mixin.py:188} INFO - [2024-01-08T19:02:03.711+0300] {dagbag.py:538} INFO - Filling up the DagBag from /usr/local/lib/python3.10/dist-packages/airflow/example_dags/tutorial_taskflow_api_virtualenv.py
[2024-01-08T19:02:03.732+0300] {processor.py:840} INFO - DAG(s) 'tutorial_taskflow_api_virtualenv' retrieved from /usr/local/lib/python3.10/dist-packages/airflow/example_dags/tutorial_taskflow_api_virtualenv.py
[2024-01-08T19:02:03.880+0300] {logging_mixin.py:188} INFO - [2024-01-08T19:02:03.880+0300] {dag.py:3033} INFO - Sync 1 DAGs
[2024-01-08T19:02:03.919+0300] {logging_mixin.py:188} INFO - [2024-01-08T19:02:03.918+0300] {dag.py:3820} INFO - Setting next_dagrun for tutorial_taskflow_api_virtualenv to None, run_after=None
[2024-01-08T19:02:03.978+0300] {processor.py:183} INFO - Processing /usr/local/lib/python3.10/dist-packages/airflow/example_dags/tutorial_taskflow_api_virtualenv.py took 0.285 seconds
[2024-01-08T19:02:34.532+0300] {processor.py:161} INFO - Started process (PID=27513) to work on /usr/local/lib/python3.10/dist-packages/airflow/example_dags/tutorial_taskflow_api_virtualenv.py
[2024-01-08T19:02:34.542+0300] {processor.py:830} INFO - Processing file /usr/local/lib/python3.10/dist-packages/airflow/example_dags/tutorial_taskflow_api_virtualenv.py for tasks to queue
[2024-01-08T19:02:34.544+0300] {logging_mixin.py:188} INFO - [2024-01-08T19:02:34.543+0300] {dagbag.py:538} INFO - Filling up the DagBag from /usr/local/lib/python3.10/dist-packages/airflow/example_dags/tutorial_taskflow_api_virtualenv.py
[2024-01-08T19:02:34.562+0300] {processor.py:840} INFO - DAG(s) 'tutorial_taskflow_api_virtualenv' retrieved from /usr/local/lib/python3.10/dist-packages/airflow/example_dags/tutorial_taskflow_api_virtualenv.py
[2024-01-08T19:02:34.671+0300] {logging_mixin.py:188} INFO - [2024-01-08T19:02:34.671+0300] {dag.py:3033} INFO - Sync 1 DAGs
[2024-01-08T19:02:34.699+0300] {logging_mixin.py:188} INFO - [2024-01-08T19:02:34.699+0300] {dag.py:3820} INFO - Setting next_dagrun for tutorial_taskflow_api_virtualenv to None, run_after=None
[2024-01-08T19:02:34.757+0300] {processor.py:183} INFO - Processing /usr/local/lib/python3.10/dist-packages/airflow/example_dags/tutorial_taskflow_api_virtualenv.py took 0.249 seconds
[2024-01-08T19:03:12.151+0300] {processor.py:161} INFO - Started process (PID=27853) to work on /usr/local/lib/python3.10/dist-packages/airflow/example_dags/tutorial_taskflow_api_virtualenv.py
[2024-01-08T19:03:12.174+0300] {processor.py:830} INFO - Processing file /usr/local/lib/python3.10/dist-packages/airflow/example_dags/tutorial_taskflow_api_virtualenv.py for tasks to queue
[2024-01-08T19:03:12.177+0300] {logging_mixin.py:188} INFO - [2024-01-08T19:03:12.176+0300] {dagbag.py:538} INFO - Filling up the DagBag from /usr/local/lib/python3.10/dist-packages/airflow/example_dags/tutorial_taskflow_api_virtualenv.py
[2024-01-08T19:03:12.316+0300] {processor.py:840} INFO - DAG(s) 'tutorial_taskflow_api_virtualenv' retrieved from /usr/local/lib/python3.10/dist-packages/airflow/example_dags/tutorial_taskflow_api_virtualenv.py
[2024-01-08T19:03:12.989+0300] {logging_mixin.py:188} INFO - [2024-01-08T19:03:12.989+0300] {dag.py:3033} INFO - Sync 1 DAGs
[2024-01-08T19:03:13.262+0300] {logging_mixin.py:188} INFO - [2024-01-08T19:03:13.261+0300] {dag.py:3820} INFO - Setting next_dagrun for tutorial_taskflow_api_virtualenv to None, run_after=None
[2024-01-08T19:03:13.636+0300] {processor.py:183} INFO - Processing /usr/local/lib/python3.10/dist-packages/airflow/example_dags/tutorial_taskflow_api_virtualenv.py took 1.583 seconds
[2024-01-08T19:03:44.487+0300] {processor.py:161} INFO - Started process (PID=28265) to work on /usr/local/lib/python3.10/dist-packages/airflow/example_dags/tutorial_taskflow_api_virtualenv.py
[2024-01-08T19:03:44.499+0300] {processor.py:830} INFO - Processing file /usr/local/lib/python3.10/dist-packages/airflow/example_dags/tutorial_taskflow_api_virtualenv.py for tasks to queue
[2024-01-08T19:03:44.502+0300] {logging_mixin.py:188} INFO - [2024-01-08T19:03:44.500+0300] {dagbag.py:538} INFO - Filling up the DagBag from /usr/local/lib/python3.10/dist-packages/airflow/example_dags/tutorial_taskflow_api_virtualenv.py
[2024-01-08T19:03:44.568+0300] {processor.py:840} INFO - DAG(s) 'tutorial_taskflow_api_virtualenv' retrieved from /usr/local/lib/python3.10/dist-packages/airflow/example_dags/tutorial_taskflow_api_virtualenv.py
[2024-01-08T19:03:45.067+0300] {logging_mixin.py:188} INFO - [2024-01-08T19:03:45.067+0300] {dag.py:3033} INFO - Sync 1 DAGs
[2024-01-08T19:03:45.256+0300] {logging_mixin.py:188} INFO - [2024-01-08T19:03:45.256+0300] {dag.py:3820} INFO - Setting next_dagrun for tutorial_taskflow_api_virtualenv to None, run_after=None
[2024-01-08T19:03:45.420+0300] {processor.py:183} INFO - Processing /usr/local/lib/python3.10/dist-packages/airflow/example_dags/tutorial_taskflow_api_virtualenv.py took 0.988 seconds
[2024-01-08T19:04:16.043+0300] {processor.py:161} INFO - Started process (PID=28656) to work on /usr/local/lib/python3.10/dist-packages/airflow/example_dags/tutorial_taskflow_api_virtualenv.py
[2024-01-08T19:04:16.047+0300] {processor.py:830} INFO - Processing file /usr/local/lib/python3.10/dist-packages/airflow/example_dags/tutorial_taskflow_api_virtualenv.py for tasks to queue
[2024-01-08T19:04:16.054+0300] {logging_mixin.py:188} INFO - [2024-01-08T19:04:16.052+0300] {dagbag.py:538} INFO - Filling up the DagBag from /usr/local/lib/python3.10/dist-packages/airflow/example_dags/tutorial_taskflow_api_virtualenv.py
[2024-01-08T19:04:16.080+0300] {processor.py:840} INFO - DAG(s) 'tutorial_taskflow_api_virtualenv' retrieved from /usr/local/lib/python3.10/dist-packages/airflow/example_dags/tutorial_taskflow_api_virtualenv.py
[2024-01-08T19:04:16.204+0300] {logging_mixin.py:188} INFO - [2024-01-08T19:04:16.204+0300] {dag.py:3033} INFO - Sync 1 DAGs
[2024-01-08T19:04:16.244+0300] {logging_mixin.py:188} INFO - [2024-01-08T19:04:16.244+0300] {dag.py:3820} INFO - Setting next_dagrun for tutorial_taskflow_api_virtualenv to None, run_after=None
[2024-01-08T19:04:16.306+0300] {processor.py:183} INFO - Processing /usr/local/lib/python3.10/dist-packages/airflow/example_dags/tutorial_taskflow_api_virtualenv.py took 0.280 seconds
[2024-01-08T19:04:46.864+0300] {processor.py:161} INFO - Started process (PID=29021) to work on /usr/local/lib/python3.10/dist-packages/airflow/example_dags/tutorial_taskflow_api_virtualenv.py
[2024-01-08T19:04:46.867+0300] {processor.py:830} INFO - Processing file /usr/local/lib/python3.10/dist-packages/airflow/example_dags/tutorial_taskflow_api_virtualenv.py for tasks to queue
[2024-01-08T19:04:46.869+0300] {logging_mixin.py:188} INFO - [2024-01-08T19:04:46.868+0300] {dagbag.py:538} INFO - Filling up the DagBag from /usr/local/lib/python3.10/dist-packages/airflow/example_dags/tutorial_taskflow_api_virtualenv.py
[2024-01-08T19:04:47.015+0300] {processor.py:840} INFO - DAG(s) 'tutorial_taskflow_api_virtualenv' retrieved from /usr/local/lib/python3.10/dist-packages/airflow/example_dags/tutorial_taskflow_api_virtualenv.py
[2024-01-08T19:04:47.696+0300] {logging_mixin.py:188} INFO - [2024-01-08T19:04:47.696+0300] {dag.py:3033} INFO - Sync 1 DAGs
[2024-01-08T19:04:47.999+0300] {logging_mixin.py:188} INFO - [2024-01-08T19:04:47.998+0300] {dag.py:3820} INFO - Setting next_dagrun for tutorial_taskflow_api_virtualenv to None, run_after=None
[2024-01-08T19:04:48.517+0300] {processor.py:183} INFO - Processing /usr/local/lib/python3.10/dist-packages/airflow/example_dags/tutorial_taskflow_api_virtualenv.py took 1.677 seconds
[2024-01-08T19:05:18.946+0300] {processor.py:161} INFO - Started process (PID=29444) to work on /usr/local/lib/python3.10/dist-packages/airflow/example_dags/tutorial_taskflow_api_virtualenv.py
[2024-01-08T19:05:18.958+0300] {processor.py:830} INFO - Processing file /usr/local/lib/python3.10/dist-packages/airflow/example_dags/tutorial_taskflow_api_virtualenv.py for tasks to queue
[2024-01-08T19:05:18.961+0300] {logging_mixin.py:188} INFO - [2024-01-08T19:05:18.960+0300] {dagbag.py:538} INFO - Filling up the DagBag from /usr/local/lib/python3.10/dist-packages/airflow/example_dags/tutorial_taskflow_api_virtualenv.py
[2024-01-08T19:05:19.132+0300] {processor.py:840} INFO - DAG(s) 'tutorial_taskflow_api_virtualenv' retrieved from /usr/local/lib/python3.10/dist-packages/airflow/example_dags/tutorial_taskflow_api_virtualenv.py
[2024-01-08T19:05:19.609+0300] {logging_mixin.py:188} INFO - [2024-01-08T19:05:19.608+0300] {dag.py:3033} INFO - Sync 1 DAGs
[2024-01-08T19:05:19.729+0300] {logging_mixin.py:188} INFO - [2024-01-08T19:05:19.717+0300] {dag.py:3820} INFO - Setting next_dagrun for tutorial_taskflow_api_virtualenv to None, run_after=None
[2024-01-08T19:05:19.870+0300] {processor.py:183} INFO - Processing /usr/local/lib/python3.10/dist-packages/airflow/example_dags/tutorial_taskflow_api_virtualenv.py took 1.014 seconds
[2024-01-08T19:05:59.419+0300] {processor.py:161} INFO - Started process (PID=29864) to work on /usr/local/lib/python3.10/dist-packages/airflow/example_dags/tutorial_taskflow_api_virtualenv.py
[2024-01-08T19:05:59.427+0300] {processor.py:830} INFO - Processing file /usr/local/lib/python3.10/dist-packages/airflow/example_dags/tutorial_taskflow_api_virtualenv.py for tasks to queue
[2024-01-08T19:05:59.430+0300] {logging_mixin.py:188} INFO - [2024-01-08T19:05:59.429+0300] {dagbag.py:538} INFO - Filling up the DagBag from /usr/local/lib/python3.10/dist-packages/airflow/example_dags/tutorial_taskflow_api_virtualenv.py
[2024-01-08T19:05:59.472+0300] {processor.py:840} INFO - DAG(s) 'tutorial_taskflow_api_virtualenv' retrieved from /usr/local/lib/python3.10/dist-packages/airflow/example_dags/tutorial_taskflow_api_virtualenv.py
[2024-01-08T19:05:59.746+0300] {logging_mixin.py:188} INFO - [2024-01-08T19:05:59.745+0300] {dag.py:3033} INFO - Sync 1 DAGs
[2024-01-08T19:05:59.868+0300] {logging_mixin.py:188} INFO - [2024-01-08T19:05:59.868+0300] {dag.py:3820} INFO - Setting next_dagrun for tutorial_taskflow_api_virtualenv to None, run_after=None
[2024-01-08T19:06:00.093+0300] {processor.py:183} INFO - Processing /usr/local/lib/python3.10/dist-packages/airflow/example_dags/tutorial_taskflow_api_virtualenv.py took 0.692 seconds
[2024-01-08T19:06:34.130+0300] {processor.py:161} INFO - Started process (PID=30240) to work on /usr/local/lib/python3.10/dist-packages/airflow/example_dags/tutorial_taskflow_api_virtualenv.py
[2024-01-08T19:06:34.146+0300] {processor.py:830} INFO - Processing file /usr/local/lib/python3.10/dist-packages/airflow/example_dags/tutorial_taskflow_api_virtualenv.py for tasks to queue
[2024-01-08T19:06:34.148+0300] {logging_mixin.py:188} INFO - [2024-01-08T19:06:34.147+0300] {dagbag.py:538} INFO - Filling up the DagBag from /usr/local/lib/python3.10/dist-packages/airflow/example_dags/tutorial_taskflow_api_virtualenv.py
[2024-01-08T19:06:34.203+0300] {processor.py:840} INFO - DAG(s) 'tutorial_taskflow_api_virtualenv' retrieved from /usr/local/lib/python3.10/dist-packages/airflow/example_dags/tutorial_taskflow_api_virtualenv.py
[2024-01-08T19:06:34.426+0300] {logging_mixin.py:188} INFO - [2024-01-08T19:06:34.426+0300] {dag.py:3033} INFO - Sync 1 DAGs
[2024-01-08T19:06:34.566+0300] {logging_mixin.py:188} INFO - [2024-01-08T19:06:34.566+0300] {dag.py:3820} INFO - Setting next_dagrun for tutorial_taskflow_api_virtualenv to None, run_after=None
[2024-01-08T19:06:34.951+0300] {processor.py:183} INFO - Processing /usr/local/lib/python3.10/dist-packages/airflow/example_dags/tutorial_taskflow_api_virtualenv.py took 0.865 seconds
[2024-01-08T19:07:09.679+0300] {processor.py:161} INFO - Started process (PID=30585) to work on /usr/local/lib/python3.10/dist-packages/airflow/example_dags/tutorial_taskflow_api_virtualenv.py
[2024-01-08T19:07:09.683+0300] {processor.py:830} INFO - Processing file /usr/local/lib/python3.10/dist-packages/airflow/example_dags/tutorial_taskflow_api_virtualenv.py for tasks to queue
[2024-01-08T19:07:09.686+0300] {logging_mixin.py:188} INFO - [2024-01-08T19:07:09.685+0300] {dagbag.py:538} INFO - Filling up the DagBag from /usr/local/lib/python3.10/dist-packages/airflow/example_dags/tutorial_taskflow_api_virtualenv.py
[2024-01-08T19:07:09.714+0300] {processor.py:840} INFO - DAG(s) 'tutorial_taskflow_api_virtualenv' retrieved from /usr/local/lib/python3.10/dist-packages/airflow/example_dags/tutorial_taskflow_api_virtualenv.py
[2024-01-08T19:07:09.903+0300] {logging_mixin.py:188} INFO - [2024-01-08T19:07:09.903+0300] {dag.py:3033} INFO - Sync 1 DAGs
[2024-01-08T19:07:09.950+0300] {logging_mixin.py:188} INFO - [2024-01-08T19:07:09.949+0300] {dag.py:3820} INFO - Setting next_dagrun for tutorial_taskflow_api_virtualenv to None, run_after=None
[2024-01-08T19:07:10.092+0300] {processor.py:183} INFO - Processing /usr/local/lib/python3.10/dist-packages/airflow/example_dags/tutorial_taskflow_api_virtualenv.py took 0.430 seconds
[2024-01-08T19:07:44.774+0300] {processor.py:161} INFO - Started process (PID=31000) to work on /usr/local/lib/python3.10/dist-packages/airflow/example_dags/tutorial_taskflow_api_virtualenv.py
[2024-01-08T19:07:44.790+0300] {processor.py:830} INFO - Processing file /usr/local/lib/python3.10/dist-packages/airflow/example_dags/tutorial_taskflow_api_virtualenv.py for tasks to queue
[2024-01-08T19:07:44.793+0300] {logging_mixin.py:188} INFO - [2024-01-08T19:07:44.792+0300] {dagbag.py:538} INFO - Filling up the DagBag from /usr/local/lib/python3.10/dist-packages/airflow/example_dags/tutorial_taskflow_api_virtualenv.py
[2024-01-08T19:07:44.848+0300] {processor.py:840} INFO - DAG(s) 'tutorial_taskflow_api_virtualenv' retrieved from /usr/local/lib/python3.10/dist-packages/airflow/example_dags/tutorial_taskflow_api_virtualenv.py
[2024-01-08T19:07:45.205+0300] {logging_mixin.py:188} INFO - [2024-01-08T19:07:45.204+0300] {dag.py:3033} INFO - Sync 1 DAGs
[2024-01-08T19:07:45.337+0300] {logging_mixin.py:188} INFO - [2024-01-08T19:07:45.336+0300] {dag.py:3820} INFO - Setting next_dagrun for tutorial_taskflow_api_virtualenv to None, run_after=None
[2024-01-08T19:07:45.429+0300] {processor.py:183} INFO - Processing /usr/local/lib/python3.10/dist-packages/airflow/example_dags/tutorial_taskflow_api_virtualenv.py took 0.686 seconds
[2024-01-08T19:08:16.018+0300] {processor.py:161} INFO - Started process (PID=31323) to work on /usr/local/lib/python3.10/dist-packages/airflow/example_dags/tutorial_taskflow_api_virtualenv.py
[2024-01-08T19:08:16.020+0300] {processor.py:830} INFO - Processing file /usr/local/lib/python3.10/dist-packages/airflow/example_dags/tutorial_taskflow_api_virtualenv.py for tasks to queue
[2024-01-08T19:08:16.028+0300] {logging_mixin.py:188} INFO - [2024-01-08T19:08:16.028+0300] {dagbag.py:538} INFO - Filling up the DagBag from /usr/local/lib/python3.10/dist-packages/airflow/example_dags/tutorial_taskflow_api_virtualenv.py
[2024-01-08T19:08:16.056+0300] {processor.py:840} INFO - DAG(s) 'tutorial_taskflow_api_virtualenv' retrieved from /usr/local/lib/python3.10/dist-packages/airflow/example_dags/tutorial_taskflow_api_virtualenv.py
[2024-01-08T19:08:16.208+0300] {logging_mixin.py:188} INFO - [2024-01-08T19:08:16.208+0300] {dag.py:3033} INFO - Sync 1 DAGs
[2024-01-08T19:08:16.239+0300] {logging_mixin.py:188} INFO - [2024-01-08T19:08:16.238+0300] {dag.py:3820} INFO - Setting next_dagrun for tutorial_taskflow_api_virtualenv to None, run_after=None
[2024-01-08T19:08:16.285+0300] {processor.py:183} INFO - Processing /usr/local/lib/python3.10/dist-packages/airflow/example_dags/tutorial_taskflow_api_virtualenv.py took 0.278 seconds
[2024-01-08T19:08:46.464+0300] {processor.py:161} INFO - Started process (PID=31639) to work on /usr/local/lib/python3.10/dist-packages/airflow/example_dags/tutorial_taskflow_api_virtualenv.py
[2024-01-08T19:08:46.468+0300] {processor.py:830} INFO - Processing file /usr/local/lib/python3.10/dist-packages/airflow/example_dags/tutorial_taskflow_api_virtualenv.py for tasks to queue
[2024-01-08T19:08:46.472+0300] {logging_mixin.py:188} INFO - [2024-01-08T19:08:46.471+0300] {dagbag.py:538} INFO - Filling up the DagBag from /usr/local/lib/python3.10/dist-packages/airflow/example_dags/tutorial_taskflow_api_virtualenv.py
[2024-01-08T19:08:46.552+0300] {processor.py:840} INFO - DAG(s) 'tutorial_taskflow_api_virtualenv' retrieved from /usr/local/lib/python3.10/dist-packages/airflow/example_dags/tutorial_taskflow_api_virtualenv.py
[2024-01-08T19:08:46.770+0300] {logging_mixin.py:188} INFO - [2024-01-08T19:08:46.769+0300] {dag.py:3033} INFO - Sync 1 DAGs
[2024-01-08T19:08:46.821+0300] {logging_mixin.py:188} INFO - [2024-01-08T19:08:46.820+0300] {dag.py:3820} INFO - Setting next_dagrun for tutorial_taskflow_api_virtualenv to None, run_after=None
[2024-01-08T19:08:46.941+0300] {processor.py:183} INFO - Processing /usr/local/lib/python3.10/dist-packages/airflow/example_dags/tutorial_taskflow_api_virtualenv.py took 0.494 seconds
[2024-01-08T19:09:18.056+0300] {processor.py:161} INFO - Started process (PID=32019) to work on /usr/local/lib/python3.10/dist-packages/airflow/example_dags/tutorial_taskflow_api_virtualenv.py
[2024-01-08T19:09:18.058+0300] {processor.py:830} INFO - Processing file /usr/local/lib/python3.10/dist-packages/airflow/example_dags/tutorial_taskflow_api_virtualenv.py for tasks to queue
[2024-01-08T19:09:18.060+0300] {logging_mixin.py:188} INFO - [2024-01-08T19:09:18.060+0300] {dagbag.py:538} INFO - Filling up the DagBag from /usr/local/lib/python3.10/dist-packages/airflow/example_dags/tutorial_taskflow_api_virtualenv.py
[2024-01-08T19:09:18.084+0300] {processor.py:840} INFO - DAG(s) 'tutorial_taskflow_api_virtualenv' retrieved from /usr/local/lib/python3.10/dist-packages/airflow/example_dags/tutorial_taskflow_api_virtualenv.py
[2024-01-08T19:09:18.199+0300] {logging_mixin.py:188} INFO - [2024-01-08T19:09:18.199+0300] {dag.py:3033} INFO - Sync 1 DAGs
[2024-01-08T19:09:18.265+0300] {logging_mixin.py:188} INFO - [2024-01-08T19:09:18.264+0300] {dag.py:3820} INFO - Setting next_dagrun for tutorial_taskflow_api_virtualenv to None, run_after=None
[2024-01-08T19:09:18.328+0300] {processor.py:183} INFO - Processing /usr/local/lib/python3.10/dist-packages/airflow/example_dags/tutorial_taskflow_api_virtualenv.py took 0.283 seconds
[2024-01-08T19:09:49.062+0300] {processor.py:161} INFO - Started process (PID=32398) to work on /usr/local/lib/python3.10/dist-packages/airflow/example_dags/tutorial_taskflow_api_virtualenv.py
[2024-01-08T19:09:49.065+0300] {processor.py:830} INFO - Processing file /usr/local/lib/python3.10/dist-packages/airflow/example_dags/tutorial_taskflow_api_virtualenv.py for tasks to queue
[2024-01-08T19:09:49.068+0300] {logging_mixin.py:188} INFO - [2024-01-08T19:09:49.067+0300] {dagbag.py:538} INFO - Filling up the DagBag from /usr/local/lib/python3.10/dist-packages/airflow/example_dags/tutorial_taskflow_api_virtualenv.py
[2024-01-08T19:09:49.088+0300] {processor.py:840} INFO - DAG(s) 'tutorial_taskflow_api_virtualenv' retrieved from /usr/local/lib/python3.10/dist-packages/airflow/example_dags/tutorial_taskflow_api_virtualenv.py
[2024-01-08T19:09:49.220+0300] {logging_mixin.py:188} INFO - [2024-01-08T19:09:49.219+0300] {dag.py:3033} INFO - Sync 1 DAGs
[2024-01-08T19:09:49.264+0300] {logging_mixin.py:188} INFO - [2024-01-08T19:09:49.264+0300] {dag.py:3820} INFO - Setting next_dagrun for tutorial_taskflow_api_virtualenv to None, run_after=None
[2024-01-08T19:09:49.320+0300] {processor.py:183} INFO - Processing /usr/local/lib/python3.10/dist-packages/airflow/example_dags/tutorial_taskflow_api_virtualenv.py took 0.269 seconds
[2024-01-08T19:10:24.962+0300] {processor.py:161} INFO - Started process (PID=32736) to work on /usr/local/lib/python3.10/dist-packages/airflow/example_dags/tutorial_taskflow_api_virtualenv.py
[2024-01-08T19:10:24.966+0300] {processor.py:830} INFO - Processing file /usr/local/lib/python3.10/dist-packages/airflow/example_dags/tutorial_taskflow_api_virtualenv.py for tasks to queue
[2024-01-08T19:10:24.972+0300] {logging_mixin.py:188} INFO - [2024-01-08T19:10:24.967+0300] {dagbag.py:538} INFO - Filling up the DagBag from /usr/local/lib/python3.10/dist-packages/airflow/example_dags/tutorial_taskflow_api_virtualenv.py
[2024-01-08T19:10:25.001+0300] {processor.py:840} INFO - DAG(s) 'tutorial_taskflow_api_virtualenv' retrieved from /usr/local/lib/python3.10/dist-packages/airflow/example_dags/tutorial_taskflow_api_virtualenv.py
[2024-01-08T19:10:25.319+0300] {logging_mixin.py:188} INFO - [2024-01-08T19:10:25.319+0300] {dag.py:3033} INFO - Sync 1 DAGs
[2024-01-08T19:10:25.504+0300] {logging_mixin.py:188} INFO - [2024-01-08T19:10:25.504+0300] {dag.py:3820} INFO - Setting next_dagrun for tutorial_taskflow_api_virtualenv to None, run_after=None
[2024-01-08T19:10:25.821+0300] {processor.py:183} INFO - Processing /usr/local/lib/python3.10/dist-packages/airflow/example_dags/tutorial_taskflow_api_virtualenv.py took 0.886 seconds
[2024-01-08T19:11:06.805+0300] {processor.py:161} INFO - Started process (PID=33128) to work on /usr/local/lib/python3.10/dist-packages/airflow/example_dags/tutorial_taskflow_api_virtualenv.py
[2024-01-08T19:11:06.813+0300] {processor.py:830} INFO - Processing file /usr/local/lib/python3.10/dist-packages/airflow/example_dags/tutorial_taskflow_api_virtualenv.py for tasks to queue
[2024-01-08T19:11:06.815+0300] {logging_mixin.py:188} INFO - [2024-01-08T19:11:06.815+0300] {dagbag.py:538} INFO - Filling up the DagBag from /usr/local/lib/python3.10/dist-packages/airflow/example_dags/tutorial_taskflow_api_virtualenv.py
[2024-01-08T19:11:06.886+0300] {processor.py:840} INFO - DAG(s) 'tutorial_taskflow_api_virtualenv' retrieved from /usr/local/lib/python3.10/dist-packages/airflow/example_dags/tutorial_taskflow_api_virtualenv.py
[2024-01-08T19:11:07.204+0300] {logging_mixin.py:188} INFO - [2024-01-08T19:11:07.204+0300] {dag.py:3033} INFO - Sync 1 DAGs
[2024-01-08T19:11:07.332+0300] {logging_mixin.py:188} INFO - [2024-01-08T19:11:07.331+0300] {dag.py:3820} INFO - Setting next_dagrun for tutorial_taskflow_api_virtualenv to None, run_after=None
[2024-01-08T19:11:07.527+0300] {processor.py:183} INFO - Processing /usr/local/lib/python3.10/dist-packages/airflow/example_dags/tutorial_taskflow_api_virtualenv.py took 0.736 seconds
[2024-01-08T19:11:43.770+0300] {processor.py:161} INFO - Started process (PID=33500) to work on /usr/local/lib/python3.10/dist-packages/airflow/example_dags/tutorial_taskflow_api_virtualenv.py
[2024-01-08T19:11:43.779+0300] {processor.py:830} INFO - Processing file /usr/local/lib/python3.10/dist-packages/airflow/example_dags/tutorial_taskflow_api_virtualenv.py for tasks to queue
[2024-01-08T19:11:43.781+0300] {logging_mixin.py:188} INFO - [2024-01-08T19:11:43.780+0300] {dagbag.py:538} INFO - Filling up the DagBag from /usr/local/lib/python3.10/dist-packages/airflow/example_dags/tutorial_taskflow_api_virtualenv.py
[2024-01-08T19:11:43.862+0300] {processor.py:840} INFO - DAG(s) 'tutorial_taskflow_api_virtualenv' retrieved from /usr/local/lib/python3.10/dist-packages/airflow/example_dags/tutorial_taskflow_api_virtualenv.py
[2024-01-08T19:11:44.375+0300] {logging_mixin.py:188} INFO - [2024-01-08T19:11:44.374+0300] {dag.py:3033} INFO - Sync 1 DAGs
[2024-01-08T19:11:44.851+0300] {logging_mixin.py:188} INFO - [2024-01-08T19:11:44.851+0300] {dag.py:3820} INFO - Setting next_dagrun for tutorial_taskflow_api_virtualenv to None, run_after=None
[2024-01-08T19:11:47.579+0300] {processor.py:183} INFO - Processing /usr/local/lib/python3.10/dist-packages/airflow/example_dags/tutorial_taskflow_api_virtualenv.py took 3.836 seconds
[2024-01-08T19:12:18.052+0300] {processor.py:161} INFO - Started process (PID=33924) to work on /usr/local/lib/python3.10/dist-packages/airflow/example_dags/tutorial_taskflow_api_virtualenv.py
[2024-01-08T19:12:18.120+0300] {processor.py:830} INFO - Processing file /usr/local/lib/python3.10/dist-packages/airflow/example_dags/tutorial_taskflow_api_virtualenv.py for tasks to queue
[2024-01-08T19:12:18.123+0300] {logging_mixin.py:188} INFO - [2024-01-08T19:12:18.122+0300] {dagbag.py:538} INFO - Filling up the DagBag from /usr/local/lib/python3.10/dist-packages/airflow/example_dags/tutorial_taskflow_api_virtualenv.py
[2024-01-08T19:12:18.158+0300] {processor.py:840} INFO - DAG(s) 'tutorial_taskflow_api_virtualenv' retrieved from /usr/local/lib/python3.10/dist-packages/airflow/example_dags/tutorial_taskflow_api_virtualenv.py
[2024-01-08T19:12:18.276+0300] {logging_mixin.py:188} INFO - [2024-01-08T19:12:18.276+0300] {dag.py:3033} INFO - Sync 1 DAGs
[2024-01-08T19:12:18.312+0300] {logging_mixin.py:188} INFO - [2024-01-08T19:12:18.311+0300] {dag.py:3820} INFO - Setting next_dagrun for tutorial_taskflow_api_virtualenv to None, run_after=None
[2024-01-08T19:12:18.379+0300] {processor.py:183} INFO - Processing /usr/local/lib/python3.10/dist-packages/airflow/example_dags/tutorial_taskflow_api_virtualenv.py took 0.354 seconds
