[2024-01-08T17:37:14.196+0300] {processor.py:161} INFO - Started process (PID=5467) to work on /usr/local/lib/python3.10/dist-packages/airflow/example_dags/tutorial.py
[2024-01-08T17:37:14.199+0300] {processor.py:830} INFO - Processing file /usr/local/lib/python3.10/dist-packages/airflow/example_dags/tutorial.py for tasks to queue
[2024-01-08T17:37:14.202+0300] {logging_mixin.py:188} INFO - [2024-01-08T17:37:14.201+0300] {dagbag.py:538} INFO - Filling up the DagBag from /usr/local/lib/python3.10/dist-packages/airflow/example_dags/tutorial.py
[2024-01-08T17:37:14.303+0300] {processor.py:840} INFO - DAG(s) 'tutorial' retrieved from /usr/local/lib/python3.10/dist-packages/airflow/example_dags/tutorial.py
[2024-01-08T17:37:14.537+0300] {logging_mixin.py:188} INFO - [2024-01-08T17:37:14.537+0300] {dag.py:3033} INFO - Sync 1 DAGs
[2024-01-08T17:37:14.661+0300] {logging_mixin.py:188} INFO - [2024-01-08T17:37:14.660+0300] {dag.py:3820} INFO - Setting next_dagrun for tutorial to 2024-01-07T00:00:00+00:00, run_after=2024-01-08T00:00:00+00:00
[2024-01-08T17:37:14.767+0300] {processor.py:183} INFO - Processing /usr/local/lib/python3.10/dist-packages/airflow/example_dags/tutorial.py took 0.593 seconds
[2024-01-08T17:37:45.630+0300] {processor.py:161} INFO - Started process (PID=5817) to work on /usr/local/lib/python3.10/dist-packages/airflow/example_dags/tutorial.py
[2024-01-08T17:37:45.633+0300] {processor.py:830} INFO - Processing file /usr/local/lib/python3.10/dist-packages/airflow/example_dags/tutorial.py for tasks to queue
[2024-01-08T17:37:45.635+0300] {logging_mixin.py:188} INFO - [2024-01-08T17:37:45.634+0300] {dagbag.py:538} INFO - Filling up the DagBag from /usr/local/lib/python3.10/dist-packages/airflow/example_dags/tutorial.py
[2024-01-08T17:37:45.660+0300] {processor.py:840} INFO - DAG(s) 'tutorial' retrieved from /usr/local/lib/python3.10/dist-packages/airflow/example_dags/tutorial.py
[2024-01-08T17:37:45.810+0300] {logging_mixin.py:188} INFO - [2024-01-08T17:37:45.809+0300] {dag.py:3033} INFO - Sync 1 DAGs
[2024-01-08T17:37:45.890+0300] {logging_mixin.py:188} INFO - [2024-01-08T17:37:45.889+0300] {dag.py:3820} INFO - Setting next_dagrun for tutorial to 2024-01-07T00:00:00+00:00, run_after=2024-01-08T00:00:00+00:00
[2024-01-08T17:37:45.955+0300] {processor.py:183} INFO - Processing /usr/local/lib/python3.10/dist-packages/airflow/example_dags/tutorial.py took 0.338 seconds
[2024-01-08T17:38:16.070+0300] {processor.py:161} INFO - Started process (PID=6130) to work on /usr/local/lib/python3.10/dist-packages/airflow/example_dags/tutorial.py
[2024-01-08T17:38:16.073+0300] {processor.py:830} INFO - Processing file /usr/local/lib/python3.10/dist-packages/airflow/example_dags/tutorial.py for tasks to queue
[2024-01-08T17:38:16.075+0300] {logging_mixin.py:188} INFO - [2024-01-08T17:38:16.074+0300] {dagbag.py:538} INFO - Filling up the DagBag from /usr/local/lib/python3.10/dist-packages/airflow/example_dags/tutorial.py
[2024-01-08T17:38:16.091+0300] {processor.py:840} INFO - DAG(s) 'tutorial' retrieved from /usr/local/lib/python3.10/dist-packages/airflow/example_dags/tutorial.py
[2024-01-08T17:38:16.220+0300] {logging_mixin.py:188} INFO - [2024-01-08T17:38:16.219+0300] {dag.py:3033} INFO - Sync 1 DAGs
[2024-01-08T17:38:16.276+0300] {logging_mixin.py:188} INFO - [2024-01-08T17:38:16.276+0300] {dag.py:3820} INFO - Setting next_dagrun for tutorial to 2024-01-07T00:00:00+00:00, run_after=2024-01-08T00:00:00+00:00
[2024-01-08T17:38:16.336+0300] {processor.py:183} INFO - Processing /usr/local/lib/python3.10/dist-packages/airflow/example_dags/tutorial.py took 0.274 seconds
[2024-01-08T18:15:18.278+0300] {processor.py:161} INFO - Started process (PID=7409) to work on /usr/local/lib/python3.10/dist-packages/airflow/example_dags/tutorial.py
[2024-01-08T18:15:18.281+0300] {processor.py:830} INFO - Processing file /usr/local/lib/python3.10/dist-packages/airflow/example_dags/tutorial.py for tasks to queue
[2024-01-08T18:15:18.284+0300] {logging_mixin.py:188} INFO - [2024-01-08T18:15:18.283+0300] {dagbag.py:538} INFO - Filling up the DagBag from /usr/local/lib/python3.10/dist-packages/airflow/example_dags/tutorial.py
[2024-01-08T18:15:18.308+0300] {processor.py:840} INFO - DAG(s) 'tutorial' retrieved from /usr/local/lib/python3.10/dist-packages/airflow/example_dags/tutorial.py
[2024-01-08T18:15:18.410+0300] {logging_mixin.py:188} INFO - [2024-01-08T18:15:18.409+0300] {dag.py:3033} INFO - Sync 1 DAGs
[2024-01-08T18:15:18.468+0300] {logging_mixin.py:188} INFO - [2024-01-08T18:15:18.468+0300] {dag.py:3820} INFO - Setting next_dagrun for tutorial to 2024-01-07T00:00:00+00:00, run_after=2024-01-08T00:00:00+00:00
[2024-01-08T18:15:18.522+0300] {processor.py:183} INFO - Processing /usr/local/lib/python3.10/dist-packages/airflow/example_dags/tutorial.py took 0.257 seconds
[2024-01-08T18:15:50.063+0300] {processor.py:161} INFO - Started process (PID=7749) to work on /usr/local/lib/python3.10/dist-packages/airflow/example_dags/tutorial.py
[2024-01-08T18:15:50.066+0300] {processor.py:830} INFO - Processing file /usr/local/lib/python3.10/dist-packages/airflow/example_dags/tutorial.py for tasks to queue
[2024-01-08T18:15:50.072+0300] {logging_mixin.py:188} INFO - [2024-01-08T18:15:50.067+0300] {dagbag.py:538} INFO - Filling up the DagBag from /usr/local/lib/python3.10/dist-packages/airflow/example_dags/tutorial.py
[2024-01-08T18:15:50.098+0300] {processor.py:840} INFO - DAG(s) 'tutorial' retrieved from /usr/local/lib/python3.10/dist-packages/airflow/example_dags/tutorial.py
[2024-01-08T18:15:50.237+0300] {logging_mixin.py:188} INFO - [2024-01-08T18:15:50.237+0300] {dag.py:3033} INFO - Sync 1 DAGs
[2024-01-08T18:15:50.336+0300] {logging_mixin.py:188} INFO - [2024-01-08T18:15:50.335+0300] {dag.py:3820} INFO - Setting next_dagrun for tutorial to 2024-01-07T00:00:00+00:00, run_after=2024-01-08T00:00:00+00:00
[2024-01-08T18:15:50.404+0300] {processor.py:183} INFO - Processing /usr/local/lib/python3.10/dist-packages/airflow/example_dags/tutorial.py took 0.358 seconds
[2024-01-08T18:28:05.039+0300] {processor.py:161} INFO - Started process (PID=8427) to work on /usr/local/lib/python3.10/dist-packages/airflow/example_dags/tutorial.py
[2024-01-08T18:28:05.049+0300] {processor.py:830} INFO - Processing file /usr/local/lib/python3.10/dist-packages/airflow/example_dags/tutorial.py for tasks to queue
[2024-01-08T18:28:05.064+0300] {logging_mixin.py:188} INFO - [2024-01-08T18:28:05.053+0300] {dagbag.py:538} INFO - Filling up the DagBag from /usr/local/lib/python3.10/dist-packages/airflow/example_dags/tutorial.py
[2024-01-08T18:28:05.618+0300] {processor.py:840} INFO - DAG(s) 'tutorial' retrieved from /usr/local/lib/python3.10/dist-packages/airflow/example_dags/tutorial.py
[2024-01-08T18:28:07.652+0300] {logging_mixin.py:188} INFO - [2024-01-08T18:28:07.651+0300] {dag.py:3033} INFO - Sync 1 DAGs
[2024-01-08T18:28:08.739+0300] {logging_mixin.py:188} INFO - [2024-01-08T18:28:08.738+0300] {dag.py:3820} INFO - Setting next_dagrun for tutorial to 2024-01-07T00:00:00+00:00, run_after=2024-01-08T00:00:00+00:00
[2024-01-08T18:28:09.712+0300] {processor.py:183} INFO - Processing /usr/local/lib/python3.10/dist-packages/airflow/example_dags/tutorial.py took 4.702 seconds
[2024-01-08T18:32:09.860+0300] {processor.py:161} INFO - Started process (PID=9661) to work on /usr/local/lib/python3.10/dist-packages/airflow/example_dags/tutorial.py
[2024-01-08T18:32:09.873+0300] {processor.py:830} INFO - Processing file /usr/local/lib/python3.10/dist-packages/airflow/example_dags/tutorial.py for tasks to queue
[2024-01-08T18:32:09.875+0300] {logging_mixin.py:188} INFO - [2024-01-08T18:32:09.874+0300] {dagbag.py:538} INFO - Filling up the DagBag from /usr/local/lib/python3.10/dist-packages/airflow/example_dags/tutorial.py
[2024-01-08T18:32:10.378+0300] {processor.py:840} INFO - DAG(s) 'tutorial' retrieved from /usr/local/lib/python3.10/dist-packages/airflow/example_dags/tutorial.py
[2024-01-08T18:32:12.328+0300] {logging_mixin.py:188} INFO - [2024-01-08T18:32:12.328+0300] {dag.py:3033} INFO - Sync 1 DAGs
[2024-01-08T18:32:12.775+0300] {logging_mixin.py:188} INFO - [2024-01-08T18:32:12.775+0300] {dag.py:3820} INFO - Setting next_dagrun for tutorial to 2024-01-07T00:00:00+00:00, run_after=2024-01-08T00:00:00+00:00
[2024-01-08T18:32:13.532+0300] {processor.py:183} INFO - Processing /usr/local/lib/python3.10/dist-packages/airflow/example_dags/tutorial.py took 3.771 seconds
[2024-01-08T18:34:41.889+0300] {processor.py:161} INFO - Started process (PID=10631) to work on /usr/local/lib/python3.10/dist-packages/airflow/example_dags/tutorial.py
[2024-01-08T18:34:42.000+0300] {processor.py:830} INFO - Processing file /usr/local/lib/python3.10/dist-packages/airflow/example_dags/tutorial.py for tasks to queue
[2024-01-08T18:34:42.054+0300] {logging_mixin.py:188} INFO - [2024-01-08T18:34:42.002+0300] {dagbag.py:538} INFO - Filling up the DagBag from /usr/local/lib/python3.10/dist-packages/airflow/example_dags/tutorial.py
[2024-01-08T18:34:42.423+0300] {processor.py:840} INFO - DAG(s) 'tutorial' retrieved from /usr/local/lib/python3.10/dist-packages/airflow/example_dags/tutorial.py
[2024-01-08T18:34:44.654+0300] {logging_mixin.py:188} INFO - [2024-01-08T18:34:44.653+0300] {dag.py:3033} INFO - Sync 1 DAGs
[2024-01-08T18:34:45.848+0300] {logging_mixin.py:188} INFO - [2024-01-08T18:34:45.848+0300] {dag.py:3820} INFO - Setting next_dagrun for tutorial to 2024-01-07T00:00:00+00:00, run_after=2024-01-08T00:00:00+00:00
[2024-01-08T18:34:46.969+0300] {processor.py:183} INFO - Processing /usr/local/lib/python3.10/dist-packages/airflow/example_dags/tutorial.py took 5.578 seconds
[2024-01-08T18:37:32.681+0300] {processor.py:161} INFO - Started process (PID=11756) to work on /usr/local/lib/python3.10/dist-packages/airflow/example_dags/tutorial.py
[2024-01-08T18:37:32.685+0300] {processor.py:830} INFO - Processing file /usr/local/lib/python3.10/dist-packages/airflow/example_dags/tutorial.py for tasks to queue
[2024-01-08T18:37:32.688+0300] {logging_mixin.py:188} INFO - [2024-01-08T18:37:32.687+0300] {dagbag.py:538} INFO - Filling up the DagBag from /usr/local/lib/python3.10/dist-packages/airflow/example_dags/tutorial.py
[2024-01-08T18:37:33.008+0300] {processor.py:840} INFO - DAG(s) 'tutorial' retrieved from /usr/local/lib/python3.10/dist-packages/airflow/example_dags/tutorial.py
[2024-01-08T18:37:33.590+0300] {logging_mixin.py:188} INFO - [2024-01-08T18:37:33.590+0300] {dag.py:3033} INFO - Sync 1 DAGs
[2024-01-08T18:37:34.166+0300] {logging_mixin.py:188} INFO - [2024-01-08T18:37:34.166+0300] {dag.py:3820} INFO - Setting next_dagrun for tutorial to 2024-01-07T00:00:00+00:00, run_after=2024-01-08T00:00:00+00:00
[2024-01-08T18:37:34.712+0300] {processor.py:183} INFO - Processing /usr/local/lib/python3.10/dist-packages/airflow/example_dags/tutorial.py took 2.253 seconds
[2024-01-08T18:38:36.924+0300] {processor.py:161} INFO - Started process (PID=12286) to work on /usr/local/lib/python3.10/dist-packages/airflow/example_dags/tutorial.py
[2024-01-08T18:38:37.045+0300] {processor.py:830} INFO - Processing file /usr/local/lib/python3.10/dist-packages/airflow/example_dags/tutorial.py for tasks to queue
[2024-01-08T18:38:37.049+0300] {logging_mixin.py:188} INFO - [2024-01-08T18:38:37.047+0300] {dagbag.py:538} INFO - Filling up the DagBag from /usr/local/lib/python3.10/dist-packages/airflow/example_dags/tutorial.py
[2024-01-08T18:38:37.450+0300] {processor.py:840} INFO - DAG(s) 'tutorial' retrieved from /usr/local/lib/python3.10/dist-packages/airflow/example_dags/tutorial.py
[2024-01-08T18:38:40.867+0300] {logging_mixin.py:188} INFO - [2024-01-08T18:38:40.867+0300] {dag.py:3033} INFO - Sync 1 DAGs
[2024-01-08T18:38:42.807+0300] {logging_mixin.py:188} INFO - [2024-01-08T18:38:42.806+0300] {dag.py:3820} INFO - Setting next_dagrun for tutorial to 2024-01-07T00:00:00+00:00, run_after=2024-01-08T00:00:00+00:00
[2024-01-08T18:38:44.282+0300] {processor.py:183} INFO - Processing /usr/local/lib/python3.10/dist-packages/airflow/example_dags/tutorial.py took 7.724 seconds
[2024-01-08T18:40:37.184+0300] {processor.py:161} INFO - Started process (PID=12952) to work on /usr/local/lib/python3.10/dist-packages/airflow/example_dags/tutorial.py
[2024-01-08T18:40:37.203+0300] {processor.py:830} INFO - Processing file /usr/local/lib/python3.10/dist-packages/airflow/example_dags/tutorial.py for tasks to queue
[2024-01-08T18:40:37.219+0300] {logging_mixin.py:188} INFO - [2024-01-08T18:40:37.218+0300] {dagbag.py:538} INFO - Filling up the DagBag from /usr/local/lib/python3.10/dist-packages/airflow/example_dags/tutorial.py
[2024-01-08T18:40:37.466+0300] {processor.py:840} INFO - DAG(s) 'tutorial' retrieved from /usr/local/lib/python3.10/dist-packages/airflow/example_dags/tutorial.py
[2024-01-08T18:40:38.615+0300] {logging_mixin.py:188} INFO - [2024-01-08T18:40:38.615+0300] {dag.py:3033} INFO - Sync 1 DAGs
[2024-01-08T18:40:38.757+0300] {logging_mixin.py:188} INFO - [2024-01-08T18:40:38.756+0300] {dag.py:3820} INFO - Setting next_dagrun for tutorial to 2024-01-07T00:00:00+00:00, run_after=2024-01-08T00:00:00+00:00
[2024-01-08T18:40:39.432+0300] {processor.py:183} INFO - Processing /usr/local/lib/python3.10/dist-packages/airflow/example_dags/tutorial.py took 2.367 seconds
[2024-01-08T18:41:33.661+0300] {processor.py:161} INFO - Started process (PID=13520) to work on /usr/local/lib/python3.10/dist-packages/airflow/example_dags/tutorial.py
[2024-01-08T18:41:33.703+0300] {processor.py:830} INFO - Processing file /usr/local/lib/python3.10/dist-packages/airflow/example_dags/tutorial.py for tasks to queue
[2024-01-08T18:41:33.705+0300] {logging_mixin.py:188} INFO - [2024-01-08T18:41:33.704+0300] {dagbag.py:538} INFO - Filling up the DagBag from /usr/local/lib/python3.10/dist-packages/airflow/example_dags/tutorial.py
[2024-01-08T18:41:33.873+0300] {processor.py:840} INFO - DAG(s) 'tutorial' retrieved from /usr/local/lib/python3.10/dist-packages/airflow/example_dags/tutorial.py
[2024-01-08T18:41:34.429+0300] {logging_mixin.py:188} INFO - [2024-01-08T18:41:34.429+0300] {dag.py:3033} INFO - Sync 1 DAGs
[2024-01-08T18:41:34.982+0300] {logging_mixin.py:188} INFO - [2024-01-08T18:41:34.981+0300] {dag.py:3820} INFO - Setting next_dagrun for tutorial to 2024-01-07T00:00:00+00:00, run_after=2024-01-08T00:00:00+00:00
[2024-01-08T18:41:35.416+0300] {processor.py:183} INFO - Processing /usr/local/lib/python3.10/dist-packages/airflow/example_dags/tutorial.py took 1.881 seconds
[2024-01-08T18:42:14.888+0300] {processor.py:161} INFO - Started process (PID=14021) to work on /usr/local/lib/python3.10/dist-packages/airflow/example_dags/tutorial.py
[2024-01-08T18:42:14.901+0300] {processor.py:830} INFO - Processing file /usr/local/lib/python3.10/dist-packages/airflow/example_dags/tutorial.py for tasks to queue
[2024-01-08T18:42:14.913+0300] {logging_mixin.py:188} INFO - [2024-01-08T18:42:14.903+0300] {dagbag.py:538} INFO - Filling up the DagBag from /usr/local/lib/python3.10/dist-packages/airflow/example_dags/tutorial.py
[2024-01-08T18:42:14.963+0300] {processor.py:840} INFO - DAG(s) 'tutorial' retrieved from /usr/local/lib/python3.10/dist-packages/airflow/example_dags/tutorial.py
[2024-01-08T18:42:15.069+0300] {logging_mixin.py:188} INFO - [2024-01-08T18:42:15.069+0300] {dag.py:3033} INFO - Sync 1 DAGs
[2024-01-08T18:42:15.138+0300] {logging_mixin.py:188} INFO - [2024-01-08T18:42:15.137+0300] {dag.py:3820} INFO - Setting next_dagrun for tutorial to 2024-01-07T00:00:00+00:00, run_after=2024-01-08T00:00:00+00:00
[2024-01-08T18:42:15.231+0300] {processor.py:183} INFO - Processing /usr/local/lib/python3.10/dist-packages/airflow/example_dags/tutorial.py took 0.358 seconds
[2024-01-08T18:42:59.647+0300] {processor.py:161} INFO - Started process (PID=14471) to work on /usr/local/lib/python3.10/dist-packages/airflow/example_dags/tutorial.py
[2024-01-08T18:42:59.680+0300] {processor.py:830} INFO - Processing file /usr/local/lib/python3.10/dist-packages/airflow/example_dags/tutorial.py for tasks to queue
[2024-01-08T18:42:59.683+0300] {logging_mixin.py:188} INFO - [2024-01-08T18:42:59.682+0300] {dagbag.py:538} INFO - Filling up the DagBag from /usr/local/lib/python3.10/dist-packages/airflow/example_dags/tutorial.py
[2024-01-08T18:42:59.729+0300] {processor.py:840} INFO - DAG(s) 'tutorial' retrieved from /usr/local/lib/python3.10/dist-packages/airflow/example_dags/tutorial.py
[2024-01-08T18:43:00.232+0300] {logging_mixin.py:188} INFO - [2024-01-08T18:43:00.232+0300] {dag.py:3033} INFO - Sync 1 DAGs
[2024-01-08T18:43:00.386+0300] {logging_mixin.py:188} INFO - [2024-01-08T18:43:00.386+0300] {dag.py:3820} INFO - Setting next_dagrun for tutorial to 2024-01-07T00:00:00+00:00, run_after=2024-01-08T00:00:00+00:00
[2024-01-08T18:43:00.736+0300] {processor.py:183} INFO - Processing /usr/local/lib/python3.10/dist-packages/airflow/example_dags/tutorial.py took 1.137 seconds
[2024-01-08T18:43:31.302+0300] {processor.py:161} INFO - Started process (PID=14797) to work on /usr/local/lib/python3.10/dist-packages/airflow/example_dags/tutorial.py
[2024-01-08T18:43:31.304+0300] {processor.py:830} INFO - Processing file /usr/local/lib/python3.10/dist-packages/airflow/example_dags/tutorial.py for tasks to queue
[2024-01-08T18:43:31.306+0300] {logging_mixin.py:188} INFO - [2024-01-08T18:43:31.306+0300] {dagbag.py:538} INFO - Filling up the DagBag from /usr/local/lib/python3.10/dist-packages/airflow/example_dags/tutorial.py
[2024-01-08T18:43:31.328+0300] {processor.py:840} INFO - DAG(s) 'tutorial' retrieved from /usr/local/lib/python3.10/dist-packages/airflow/example_dags/tutorial.py
[2024-01-08T18:43:31.429+0300] {logging_mixin.py:188} INFO - [2024-01-08T18:43:31.429+0300] {dag.py:3033} INFO - Sync 1 DAGs
[2024-01-08T18:43:31.482+0300] {logging_mixin.py:188} INFO - [2024-01-08T18:43:31.482+0300] {dag.py:3820} INFO - Setting next_dagrun for tutorial to 2024-01-07T00:00:00+00:00, run_after=2024-01-08T00:00:00+00:00
[2024-01-08T18:43:31.536+0300] {processor.py:183} INFO - Processing /usr/local/lib/python3.10/dist-packages/airflow/example_dags/tutorial.py took 0.250 seconds
[2024-01-08T18:44:01.974+0300] {processor.py:161} INFO - Started process (PID=15115) to work on /usr/local/lib/python3.10/dist-packages/airflow/example_dags/tutorial.py
[2024-01-08T18:44:01.977+0300] {processor.py:830} INFO - Processing file /usr/local/lib/python3.10/dist-packages/airflow/example_dags/tutorial.py for tasks to queue
[2024-01-08T18:44:01.980+0300] {logging_mixin.py:188} INFO - [2024-01-08T18:44:01.979+0300] {dagbag.py:538} INFO - Filling up the DagBag from /usr/local/lib/python3.10/dist-packages/airflow/example_dags/tutorial.py
[2024-01-08T18:44:02.008+0300] {processor.py:840} INFO - DAG(s) 'tutorial' retrieved from /usr/local/lib/python3.10/dist-packages/airflow/example_dags/tutorial.py
[2024-01-08T18:44:02.115+0300] {logging_mixin.py:188} INFO - [2024-01-08T18:44:02.115+0300] {dag.py:3033} INFO - Sync 1 DAGs
[2024-01-08T18:44:02.227+0300] {logging_mixin.py:188} INFO - [2024-01-08T18:44:02.227+0300] {dag.py:3820} INFO - Setting next_dagrun for tutorial to 2024-01-07T00:00:00+00:00, run_after=2024-01-08T00:00:00+00:00
[2024-01-08T18:44:02.284+0300] {processor.py:183} INFO - Processing /usr/local/lib/python3.10/dist-packages/airflow/example_dags/tutorial.py took 0.325 seconds
[2024-01-08T18:44:32.741+0300] {processor.py:161} INFO - Started process (PID=15431) to work on /usr/local/lib/python3.10/dist-packages/airflow/example_dags/tutorial.py
[2024-01-08T18:44:32.744+0300] {processor.py:830} INFO - Processing file /usr/local/lib/python3.10/dist-packages/airflow/example_dags/tutorial.py for tasks to queue
[2024-01-08T18:44:32.746+0300] {logging_mixin.py:188} INFO - [2024-01-08T18:44:32.745+0300] {dagbag.py:538} INFO - Filling up the DagBag from /usr/local/lib/python3.10/dist-packages/airflow/example_dags/tutorial.py
[2024-01-08T18:44:32.776+0300] {processor.py:840} INFO - DAG(s) 'tutorial' retrieved from /usr/local/lib/python3.10/dist-packages/airflow/example_dags/tutorial.py
[2024-01-08T18:44:32.889+0300] {logging_mixin.py:188} INFO - [2024-01-08T18:44:32.885+0300] {dag.py:3033} INFO - Sync 1 DAGs
[2024-01-08T18:44:32.965+0300] {logging_mixin.py:188} INFO - [2024-01-08T18:44:32.963+0300] {dag.py:3820} INFO - Setting next_dagrun for tutorial to 2024-01-07T00:00:00+00:00, run_after=2024-01-08T00:00:00+00:00
[2024-01-08T18:44:33.007+0300] {processor.py:183} INFO - Processing /usr/local/lib/python3.10/dist-packages/airflow/example_dags/tutorial.py took 0.285 seconds
[2024-01-08T18:45:03.176+0300] {processor.py:161} INFO - Started process (PID=15812) to work on /usr/local/lib/python3.10/dist-packages/airflow/example_dags/tutorial.py
[2024-01-08T18:45:03.179+0300] {processor.py:830} INFO - Processing file /usr/local/lib/python3.10/dist-packages/airflow/example_dags/tutorial.py for tasks to queue
[2024-01-08T18:45:03.182+0300] {logging_mixin.py:188} INFO - [2024-01-08T18:45:03.181+0300] {dagbag.py:538} INFO - Filling up the DagBag from /usr/local/lib/python3.10/dist-packages/airflow/example_dags/tutorial.py
[2024-01-08T18:45:03.201+0300] {processor.py:840} INFO - DAG(s) 'tutorial' retrieved from /usr/local/lib/python3.10/dist-packages/airflow/example_dags/tutorial.py
[2024-01-08T18:45:03.312+0300] {logging_mixin.py:188} INFO - [2024-01-08T18:45:03.311+0300] {dag.py:3033} INFO - Sync 1 DAGs
[2024-01-08T18:45:03.429+0300] {logging_mixin.py:188} INFO - [2024-01-08T18:45:03.428+0300] {dag.py:3820} INFO - Setting next_dagrun for tutorial to 2024-01-07T00:00:00+00:00, run_after=2024-01-08T00:00:00+00:00
[2024-01-08T18:45:03.527+0300] {processor.py:183} INFO - Processing /usr/local/lib/python3.10/dist-packages/airflow/example_dags/tutorial.py took 0.367 seconds
[2024-01-08T18:45:36.526+0300] {processor.py:161} INFO - Started process (PID=16223) to work on /usr/local/lib/python3.10/dist-packages/airflow/example_dags/tutorial.py
[2024-01-08T18:45:36.570+0300] {processor.py:830} INFO - Processing file /usr/local/lib/python3.10/dist-packages/airflow/example_dags/tutorial.py for tasks to queue
[2024-01-08T18:45:36.572+0300] {logging_mixin.py:188} INFO - [2024-01-08T18:45:36.571+0300] {dagbag.py:538} INFO - Filling up the DagBag from /usr/local/lib/python3.10/dist-packages/airflow/example_dags/tutorial.py
[2024-01-08T18:45:36.701+0300] {processor.py:840} INFO - DAG(s) 'tutorial' retrieved from /usr/local/lib/python3.10/dist-packages/airflow/example_dags/tutorial.py
[2024-01-08T18:45:37.269+0300] {logging_mixin.py:188} INFO - [2024-01-08T18:45:37.268+0300] {dag.py:3033} INFO - Sync 1 DAGs
[2024-01-08T18:45:37.706+0300] {logging_mixin.py:188} INFO - [2024-01-08T18:45:37.706+0300] {dag.py:3820} INFO - Setting next_dagrun for tutorial to 2024-01-07T00:00:00+00:00, run_after=2024-01-08T00:00:00+00:00
[2024-01-08T18:45:38.105+0300] {processor.py:183} INFO - Processing /usr/local/lib/python3.10/dist-packages/airflow/example_dags/tutorial.py took 1.630 seconds
[2024-01-08T18:46:29.733+0300] {processor.py:161} INFO - Started process (PID=16759) to work on /usr/local/lib/python3.10/dist-packages/airflow/example_dags/tutorial.py
[2024-01-08T18:46:29.793+0300] {processor.py:830} INFO - Processing file /usr/local/lib/python3.10/dist-packages/airflow/example_dags/tutorial.py for tasks to queue
[2024-01-08T18:46:29.795+0300] {logging_mixin.py:188} INFO - [2024-01-08T18:46:29.794+0300] {dagbag.py:538} INFO - Filling up the DagBag from /usr/local/lib/python3.10/dist-packages/airflow/example_dags/tutorial.py
[2024-01-08T18:46:29.948+0300] {processor.py:840} INFO - DAG(s) 'tutorial' retrieved from /usr/local/lib/python3.10/dist-packages/airflow/example_dags/tutorial.py
[2024-01-08T18:46:30.518+0300] {logging_mixin.py:188} INFO - [2024-01-08T18:46:30.517+0300] {dag.py:3033} INFO - Sync 1 DAGs
[2024-01-08T18:46:30.840+0300] {logging_mixin.py:188} INFO - [2024-01-08T18:46:30.839+0300] {dag.py:3820} INFO - Setting next_dagrun for tutorial to 2024-01-07T00:00:00+00:00, run_after=2024-01-08T00:00:00+00:00
[2024-01-08T18:46:31.154+0300] {processor.py:183} INFO - Processing /usr/local/lib/python3.10/dist-packages/airflow/example_dags/tutorial.py took 1.563 seconds
[2024-01-08T18:47:04.050+0300] {processor.py:161} INFO - Started process (PID=17189) to work on /usr/local/lib/python3.10/dist-packages/airflow/example_dags/tutorial.py
[2024-01-08T18:47:04.073+0300] {processor.py:830} INFO - Processing file /usr/local/lib/python3.10/dist-packages/airflow/example_dags/tutorial.py for tasks to queue
[2024-01-08T18:47:04.075+0300] {logging_mixin.py:188} INFO - [2024-01-08T18:47:04.074+0300] {dagbag.py:538} INFO - Filling up the DagBag from /usr/local/lib/python3.10/dist-packages/airflow/example_dags/tutorial.py
[2024-01-08T18:47:04.209+0300] {processor.py:840} INFO - DAG(s) 'tutorial' retrieved from /usr/local/lib/python3.10/dist-packages/airflow/example_dags/tutorial.py
[2024-01-08T18:47:04.562+0300] {logging_mixin.py:188} INFO - [2024-01-08T18:47:04.562+0300] {dag.py:3033} INFO - Sync 1 DAGs
[2024-01-08T18:47:04.679+0300] {logging_mixin.py:188} INFO - [2024-01-08T18:47:04.677+0300] {dag.py:3820} INFO - Setting next_dagrun for tutorial to 2024-01-07T00:00:00+00:00, run_after=2024-01-08T00:00:00+00:00
[2024-01-08T18:47:04.831+0300] {processor.py:183} INFO - Processing /usr/local/lib/python3.10/dist-packages/airflow/example_dags/tutorial.py took 0.864 seconds
[2024-01-08T18:47:35.788+0300] {processor.py:161} INFO - Started process (PID=17539) to work on /usr/local/lib/python3.10/dist-packages/airflow/example_dags/tutorial.py
[2024-01-08T18:47:35.791+0300] {processor.py:830} INFO - Processing file /usr/local/lib/python3.10/dist-packages/airflow/example_dags/tutorial.py for tasks to queue
[2024-01-08T18:47:35.793+0300] {logging_mixin.py:188} INFO - [2024-01-08T18:47:35.792+0300] {dagbag.py:538} INFO - Filling up the DagBag from /usr/local/lib/python3.10/dist-packages/airflow/example_dags/tutorial.py
[2024-01-08T18:47:35.866+0300] {processor.py:840} INFO - DAG(s) 'tutorial' retrieved from /usr/local/lib/python3.10/dist-packages/airflow/example_dags/tutorial.py
[2024-01-08T18:47:36.072+0300] {logging_mixin.py:188} INFO - [2024-01-08T18:47:36.072+0300] {dag.py:3033} INFO - Sync 1 DAGs
[2024-01-08T18:47:36.151+0300] {logging_mixin.py:188} INFO - [2024-01-08T18:47:36.151+0300] {dag.py:3820} INFO - Setting next_dagrun for tutorial to 2024-01-07T00:00:00+00:00, run_after=2024-01-08T00:00:00+00:00
[2024-01-08T18:47:36.220+0300] {processor.py:183} INFO - Processing /usr/local/lib/python3.10/dist-packages/airflow/example_dags/tutorial.py took 0.467 seconds
[2024-01-08T18:48:07.435+0300] {processor.py:161} INFO - Started process (PID=17884) to work on /usr/local/lib/python3.10/dist-packages/airflow/example_dags/tutorial.py
[2024-01-08T18:48:07.478+0300] {processor.py:830} INFO - Processing file /usr/local/lib/python3.10/dist-packages/airflow/example_dags/tutorial.py for tasks to queue
[2024-01-08T18:48:07.522+0300] {logging_mixin.py:188} INFO - [2024-01-08T18:48:07.491+0300] {dagbag.py:538} INFO - Filling up the DagBag from /usr/local/lib/python3.10/dist-packages/airflow/example_dags/tutorial.py
[2024-01-08T18:48:07.638+0300] {processor.py:840} INFO - DAG(s) 'tutorial' retrieved from /usr/local/lib/python3.10/dist-packages/airflow/example_dags/tutorial.py
[2024-01-08T18:48:08.208+0300] {logging_mixin.py:188} INFO - [2024-01-08T18:48:08.207+0300] {dag.py:3033} INFO - Sync 1 DAGs
[2024-01-08T18:48:08.590+0300] {logging_mixin.py:188} INFO - [2024-01-08T18:48:08.590+0300] {dag.py:3820} INFO - Setting next_dagrun for tutorial to 2024-01-07T00:00:00+00:00, run_after=2024-01-08T00:00:00+00:00
[2024-01-08T18:48:08.925+0300] {processor.py:183} INFO - Processing /usr/local/lib/python3.10/dist-packages/airflow/example_dags/tutorial.py took 1.603 seconds
[2024-01-08T18:48:41.078+0300] {processor.py:161} INFO - Started process (PID=18305) to work on /usr/local/lib/python3.10/dist-packages/airflow/example_dags/tutorial.py
[2024-01-08T18:48:41.083+0300] {processor.py:830} INFO - Processing file /usr/local/lib/python3.10/dist-packages/airflow/example_dags/tutorial.py for tasks to queue
[2024-01-08T18:48:41.086+0300] {logging_mixin.py:188} INFO - [2024-01-08T18:48:41.085+0300] {dagbag.py:538} INFO - Filling up the DagBag from /usr/local/lib/python3.10/dist-packages/airflow/example_dags/tutorial.py
[2024-01-08T18:48:41.108+0300] {processor.py:840} INFO - DAG(s) 'tutorial' retrieved from /usr/local/lib/python3.10/dist-packages/airflow/example_dags/tutorial.py
[2024-01-08T18:48:41.243+0300] {logging_mixin.py:188} INFO - [2024-01-08T18:48:41.243+0300] {dag.py:3033} INFO - Sync 1 DAGs
[2024-01-08T18:48:41.315+0300] {logging_mixin.py:188} INFO - [2024-01-08T18:48:41.314+0300] {dag.py:3820} INFO - Setting next_dagrun for tutorial to 2024-01-07T00:00:00+00:00, run_after=2024-01-08T00:00:00+00:00
[2024-01-08T18:48:41.376+0300] {processor.py:183} INFO - Processing /usr/local/lib/python3.10/dist-packages/airflow/example_dags/tutorial.py took 0.336 seconds
[2024-01-08T18:49:19.317+0300] {processor.py:161} INFO - Started process (PID=18663) to work on /usr/local/lib/python3.10/dist-packages/airflow/example_dags/tutorial.py
[2024-01-08T18:49:19.340+0300] {processor.py:830} INFO - Processing file /usr/local/lib/python3.10/dist-packages/airflow/example_dags/tutorial.py for tasks to queue
[2024-01-08T18:49:19.344+0300] {logging_mixin.py:188} INFO - [2024-01-08T18:49:19.342+0300] {dagbag.py:538} INFO - Filling up the DagBag from /usr/local/lib/python3.10/dist-packages/airflow/example_dags/tutorial.py
[2024-01-08T18:49:19.411+0300] {processor.py:840} INFO - DAG(s) 'tutorial' retrieved from /usr/local/lib/python3.10/dist-packages/airflow/example_dags/tutorial.py
[2024-01-08T18:49:19.707+0300] {logging_mixin.py:188} INFO - [2024-01-08T18:49:19.706+0300] {dag.py:3033} INFO - Sync 1 DAGs
[2024-01-08T18:49:19.817+0300] {logging_mixin.py:188} INFO - [2024-01-08T18:49:19.817+0300] {dag.py:3820} INFO - Setting next_dagrun for tutorial to 2024-01-07T00:00:00+00:00, run_after=2024-01-08T00:00:00+00:00
[2024-01-08T18:49:20.061+0300] {processor.py:183} INFO - Processing /usr/local/lib/python3.10/dist-packages/airflow/example_dags/tutorial.py took 0.788 seconds
[2024-01-08T18:49:50.356+0300] {processor.py:161} INFO - Started process (PID=18992) to work on /usr/local/lib/python3.10/dist-packages/airflow/example_dags/tutorial.py
[2024-01-08T18:49:50.358+0300] {processor.py:830} INFO - Processing file /usr/local/lib/python3.10/dist-packages/airflow/example_dags/tutorial.py for tasks to queue
[2024-01-08T18:49:50.360+0300] {logging_mixin.py:188} INFO - [2024-01-08T18:49:50.359+0300] {dagbag.py:538} INFO - Filling up the DagBag from /usr/local/lib/python3.10/dist-packages/airflow/example_dags/tutorial.py
[2024-01-08T18:49:50.383+0300] {processor.py:840} INFO - DAG(s) 'tutorial' retrieved from /usr/local/lib/python3.10/dist-packages/airflow/example_dags/tutorial.py
[2024-01-08T18:49:50.622+0300] {logging_mixin.py:188} INFO - [2024-01-08T18:49:50.622+0300] {dag.py:3033} INFO - Sync 1 DAGs
[2024-01-08T18:49:50.744+0300] {logging_mixin.py:188} INFO - [2024-01-08T18:49:50.743+0300] {dag.py:3820} INFO - Setting next_dagrun for tutorial to 2024-01-07T00:00:00+00:00, run_after=2024-01-08T00:00:00+00:00
[2024-01-08T18:49:50.808+0300] {processor.py:183} INFO - Processing /usr/local/lib/python3.10/dist-packages/airflow/example_dags/tutorial.py took 0.462 seconds
[2024-01-08T18:50:21.281+0300] {processor.py:161} INFO - Started process (PID=19308) to work on /usr/local/lib/python3.10/dist-packages/airflow/example_dags/tutorial.py
[2024-01-08T18:50:21.284+0300] {processor.py:830} INFO - Processing file /usr/local/lib/python3.10/dist-packages/airflow/example_dags/tutorial.py for tasks to queue
[2024-01-08T18:50:21.287+0300] {logging_mixin.py:188} INFO - [2024-01-08T18:50:21.286+0300] {dagbag.py:538} INFO - Filling up the DagBag from /usr/local/lib/python3.10/dist-packages/airflow/example_dags/tutorial.py
[2024-01-08T18:50:21.313+0300] {processor.py:840} INFO - DAG(s) 'tutorial' retrieved from /usr/local/lib/python3.10/dist-packages/airflow/example_dags/tutorial.py
[2024-01-08T18:50:21.434+0300] {logging_mixin.py:188} INFO - [2024-01-08T18:50:21.434+0300] {dag.py:3033} INFO - Sync 1 DAGs
[2024-01-08T18:50:21.513+0300] {logging_mixin.py:188} INFO - [2024-01-08T18:50:21.512+0300] {dag.py:3820} INFO - Setting next_dagrun for tutorial to 2024-01-07T00:00:00+00:00, run_after=2024-01-08T00:00:00+00:00
[2024-01-08T18:50:21.576+0300] {processor.py:183} INFO - Processing /usr/local/lib/python3.10/dist-packages/airflow/example_dags/tutorial.py took 0.305 seconds
[2024-01-08T18:50:52.404+0300] {processor.py:161} INFO - Started process (PID=19625) to work on /usr/local/lib/python3.10/dist-packages/airflow/example_dags/tutorial.py
[2024-01-08T18:50:52.407+0300] {processor.py:830} INFO - Processing file /usr/local/lib/python3.10/dist-packages/airflow/example_dags/tutorial.py for tasks to queue
[2024-01-08T18:50:52.409+0300] {logging_mixin.py:188} INFO - [2024-01-08T18:50:52.408+0300] {dagbag.py:538} INFO - Filling up the DagBag from /usr/local/lib/python3.10/dist-packages/airflow/example_dags/tutorial.py
[2024-01-08T18:50:52.447+0300] {processor.py:840} INFO - DAG(s) 'tutorial' retrieved from /usr/local/lib/python3.10/dist-packages/airflow/example_dags/tutorial.py
[2024-01-08T18:50:52.598+0300] {logging_mixin.py:188} INFO - [2024-01-08T18:50:52.598+0300] {dag.py:3033} INFO - Sync 1 DAGs
[2024-01-08T18:50:52.666+0300] {logging_mixin.py:188} INFO - [2024-01-08T18:50:52.666+0300] {dag.py:3820} INFO - Setting next_dagrun for tutorial to 2024-01-07T00:00:00+00:00, run_after=2024-01-08T00:00:00+00:00
[2024-01-08T18:50:52.730+0300] {processor.py:183} INFO - Processing /usr/local/lib/python3.10/dist-packages/airflow/example_dags/tutorial.py took 0.351 seconds
[2024-01-08T18:51:23.114+0300] {processor.py:161} INFO - Started process (PID=20013) to work on /usr/local/lib/python3.10/dist-packages/airflow/example_dags/tutorial.py
[2024-01-08T18:51:23.117+0300] {processor.py:830} INFO - Processing file /usr/local/lib/python3.10/dist-packages/airflow/example_dags/tutorial.py for tasks to queue
[2024-01-08T18:51:23.120+0300] {logging_mixin.py:188} INFO - [2024-01-08T18:51:23.119+0300] {dagbag.py:538} INFO - Filling up the DagBag from /usr/local/lib/python3.10/dist-packages/airflow/example_dags/tutorial.py
[2024-01-08T18:51:23.145+0300] {processor.py:840} INFO - DAG(s) 'tutorial' retrieved from /usr/local/lib/python3.10/dist-packages/airflow/example_dags/tutorial.py
[2024-01-08T18:51:23.275+0300] {logging_mixin.py:188} INFO - [2024-01-08T18:51:23.275+0300] {dag.py:3033} INFO - Sync 1 DAGs
[2024-01-08T18:51:23.383+0300] {logging_mixin.py:188} INFO - [2024-01-08T18:51:23.382+0300] {dag.py:3820} INFO - Setting next_dagrun for tutorial to 2024-01-07T00:00:00+00:00, run_after=2024-01-08T00:00:00+00:00
[2024-01-08T18:51:23.491+0300] {processor.py:183} INFO - Processing /usr/local/lib/python3.10/dist-packages/airflow/example_dags/tutorial.py took 0.388 seconds
[2024-01-08T18:52:02.847+0300] {processor.py:161} INFO - Started process (PID=20442) to work on /usr/local/lib/python3.10/dist-packages/airflow/example_dags/tutorial.py
[2024-01-08T18:52:02.872+0300] {processor.py:830} INFO - Processing file /usr/local/lib/python3.10/dist-packages/airflow/example_dags/tutorial.py for tasks to queue
[2024-01-08T18:52:02.874+0300] {logging_mixin.py:188} INFO - [2024-01-08T18:52:02.874+0300] {dagbag.py:538} INFO - Filling up the DagBag from /usr/local/lib/python3.10/dist-packages/airflow/example_dags/tutorial.py
[2024-01-08T18:52:02.997+0300] {processor.py:840} INFO - DAG(s) 'tutorial' retrieved from /usr/local/lib/python3.10/dist-packages/airflow/example_dags/tutorial.py
[2024-01-08T18:52:03.875+0300] {logging_mixin.py:188} INFO - [2024-01-08T18:52:03.875+0300] {dag.py:3033} INFO - Sync 1 DAGs
[2024-01-08T18:52:04.490+0300] {logging_mixin.py:188} INFO - [2024-01-08T18:52:04.489+0300] {dag.py:3820} INFO - Setting next_dagrun for tutorial to 2024-01-07T00:00:00+00:00, run_after=2024-01-08T00:00:00+00:00
[2024-01-08T18:52:04.760+0300] {processor.py:183} INFO - Processing /usr/local/lib/python3.10/dist-packages/airflow/example_dags/tutorial.py took 1.969 seconds
[2024-01-08T18:52:38.048+0300] {processor.py:161} INFO - Started process (PID=20891) to work on /usr/local/lib/python3.10/dist-packages/airflow/example_dags/tutorial.py
[2024-01-08T18:52:38.058+0300] {processor.py:830} INFO - Processing file /usr/local/lib/python3.10/dist-packages/airflow/example_dags/tutorial.py for tasks to queue
[2024-01-08T18:52:38.060+0300] {logging_mixin.py:188} INFO - [2024-01-08T18:52:38.060+0300] {dagbag.py:538} INFO - Filling up the DagBag from /usr/local/lib/python3.10/dist-packages/airflow/example_dags/tutorial.py
[2024-01-08T18:52:38.153+0300] {processor.py:840} INFO - DAG(s) 'tutorial' retrieved from /usr/local/lib/python3.10/dist-packages/airflow/example_dags/tutorial.py
[2024-01-08T18:52:38.448+0300] {logging_mixin.py:188} INFO - [2024-01-08T18:52:38.448+0300] {dag.py:3033} INFO - Sync 1 DAGs
[2024-01-08T18:52:38.636+0300] {logging_mixin.py:188} INFO - [2024-01-08T18:52:38.635+0300] {dag.py:3820} INFO - Setting next_dagrun for tutorial to 2024-01-07T00:00:00+00:00, run_after=2024-01-08T00:00:00+00:00
[2024-01-08T18:52:38.783+0300] {processor.py:183} INFO - Processing /usr/local/lib/python3.10/dist-packages/airflow/example_dags/tutorial.py took 0.755 seconds
[2024-01-08T18:53:20.341+0300] {processor.py:161} INFO - Started process (PID=21215) to work on /usr/local/lib/python3.10/dist-packages/airflow/example_dags/tutorial.py
[2024-01-08T18:53:20.348+0300] {processor.py:830} INFO - Processing file /usr/local/lib/python3.10/dist-packages/airflow/example_dags/tutorial.py for tasks to queue
[2024-01-08T18:53:20.367+0300] {logging_mixin.py:188} INFO - [2024-01-08T18:53:20.356+0300] {dagbag.py:538} INFO - Filling up the DagBag from /usr/local/lib/python3.10/dist-packages/airflow/example_dags/tutorial.py
[2024-01-08T18:53:20.508+0300] {processor.py:840} INFO - DAG(s) 'tutorial' retrieved from /usr/local/lib/python3.10/dist-packages/airflow/example_dags/tutorial.py
[2024-01-08T18:53:21.798+0300] {logging_mixin.py:188} INFO - [2024-01-08T18:53:21.798+0300] {dag.py:3033} INFO - Sync 1 DAGs
[2024-01-08T18:53:22.511+0300] {logging_mixin.py:188} INFO - [2024-01-08T18:53:22.510+0300] {dag.py:3820} INFO - Setting next_dagrun for tutorial to 2024-01-07T00:00:00+00:00, run_after=2024-01-08T00:00:00+00:00
[2024-01-08T18:53:22.836+0300] {processor.py:183} INFO - Processing /usr/local/lib/python3.10/dist-packages/airflow/example_dags/tutorial.py took 2.631 seconds
[2024-01-08T18:54:10.602+0300] {processor.py:161} INFO - Started process (PID=21679) to work on /usr/local/lib/python3.10/dist-packages/airflow/example_dags/tutorial.py
[2024-01-08T18:54:10.615+0300] {processor.py:830} INFO - Processing file /usr/local/lib/python3.10/dist-packages/airflow/example_dags/tutorial.py for tasks to queue
[2024-01-08T18:54:10.618+0300] {logging_mixin.py:188} INFO - [2024-01-08T18:54:10.617+0300] {dagbag.py:538} INFO - Filling up the DagBag from /usr/local/lib/python3.10/dist-packages/airflow/example_dags/tutorial.py
[2024-01-08T18:54:10.674+0300] {processor.py:840} INFO - DAG(s) 'tutorial' retrieved from /usr/local/lib/python3.10/dist-packages/airflow/example_dags/tutorial.py
[2024-01-08T18:54:10.955+0300] {logging_mixin.py:188} INFO - [2024-01-08T18:54:10.954+0300] {dag.py:3033} INFO - Sync 1 DAGs
[2024-01-08T18:54:11.242+0300] {logging_mixin.py:188} INFO - [2024-01-08T18:54:11.240+0300] {dag.py:3820} INFO - Setting next_dagrun for tutorial to 2024-01-07T00:00:00+00:00, run_after=2024-01-08T00:00:00+00:00
[2024-01-08T18:54:11.464+0300] {processor.py:183} INFO - Processing /usr/local/lib/python3.10/dist-packages/airflow/example_dags/tutorial.py took 0.887 seconds
[2024-01-08T18:54:53.145+0300] {processor.py:161} INFO - Started process (PID=22179) to work on /usr/local/lib/python3.10/dist-packages/airflow/example_dags/tutorial.py
[2024-01-08T18:54:53.174+0300] {processor.py:830} INFO - Processing file /usr/local/lib/python3.10/dist-packages/airflow/example_dags/tutorial.py for tasks to queue
[2024-01-08T18:54:53.181+0300] {logging_mixin.py:188} INFO - [2024-01-08T18:54:53.180+0300] {dagbag.py:538} INFO - Filling up the DagBag from /usr/local/lib/python3.10/dist-packages/airflow/example_dags/tutorial.py
[2024-01-08T18:54:53.252+0300] {processor.py:840} INFO - DAG(s) 'tutorial' retrieved from /usr/local/lib/python3.10/dist-packages/airflow/example_dags/tutorial.py
[2024-01-08T18:54:53.422+0300] {logging_mixin.py:188} INFO - [2024-01-08T18:54:53.422+0300] {dag.py:3033} INFO - Sync 1 DAGs
[2024-01-08T18:54:53.570+0300] {logging_mixin.py:188} INFO - [2024-01-08T18:54:53.569+0300] {dag.py:3820} INFO - Setting next_dagrun for tutorial to 2024-01-07T00:00:00+00:00, run_after=2024-01-08T00:00:00+00:00
[2024-01-08T18:54:53.687+0300] {processor.py:183} INFO - Processing /usr/local/lib/python3.10/dist-packages/airflow/example_dags/tutorial.py took 0.554 seconds
[2024-01-08T18:55:23.965+0300] {processor.py:161} INFO - Started process (PID=22545) to work on /usr/local/lib/python3.10/dist-packages/airflow/example_dags/tutorial.py
[2024-01-08T18:55:23.967+0300] {processor.py:830} INFO - Processing file /usr/local/lib/python3.10/dist-packages/airflow/example_dags/tutorial.py for tasks to queue
[2024-01-08T18:55:23.970+0300] {logging_mixin.py:188} INFO - [2024-01-08T18:55:23.969+0300] {dagbag.py:538} INFO - Filling up the DagBag from /usr/local/lib/python3.10/dist-packages/airflow/example_dags/tutorial.py
[2024-01-08T18:55:24.078+0300] {processor.py:840} INFO - DAG(s) 'tutorial' retrieved from /usr/local/lib/python3.10/dist-packages/airflow/example_dags/tutorial.py
[2024-01-08T18:55:24.432+0300] {logging_mixin.py:188} INFO - [2024-01-08T18:55:24.431+0300] {dag.py:3033} INFO - Sync 1 DAGs
[2024-01-08T18:55:24.643+0300] {logging_mixin.py:188} INFO - [2024-01-08T18:55:24.642+0300] {dag.py:3820} INFO - Setting next_dagrun for tutorial to 2024-01-07T00:00:00+00:00, run_after=2024-01-08T00:00:00+00:00
[2024-01-08T18:55:24.865+0300] {processor.py:183} INFO - Processing /usr/local/lib/python3.10/dist-packages/airflow/example_dags/tutorial.py took 0.960 seconds
[2024-01-08T18:55:55.723+0300] {processor.py:161} INFO - Started process (PID=22920) to work on /usr/local/lib/python3.10/dist-packages/airflow/example_dags/tutorial.py
[2024-01-08T18:55:55.728+0300] {processor.py:830} INFO - Processing file /usr/local/lib/python3.10/dist-packages/airflow/example_dags/tutorial.py for tasks to queue
[2024-01-08T18:55:55.730+0300] {logging_mixin.py:188} INFO - [2024-01-08T18:55:55.729+0300] {dagbag.py:538} INFO - Filling up the DagBag from /usr/local/lib/python3.10/dist-packages/airflow/example_dags/tutorial.py
[2024-01-08T18:55:55.756+0300] {processor.py:840} INFO - DAG(s) 'tutorial' retrieved from /usr/local/lib/python3.10/dist-packages/airflow/example_dags/tutorial.py
[2024-01-08T18:55:55.880+0300] {logging_mixin.py:188} INFO - [2024-01-08T18:55:55.878+0300] {dag.py:3033} INFO - Sync 1 DAGs
[2024-01-08T18:55:55.983+0300] {logging_mixin.py:188} INFO - [2024-01-08T18:55:55.983+0300] {dag.py:3820} INFO - Setting next_dagrun for tutorial to 2024-01-07T00:00:00+00:00, run_after=2024-01-08T00:00:00+00:00
[2024-01-08T18:55:56.089+0300] {processor.py:183} INFO - Processing /usr/local/lib/python3.10/dist-packages/airflow/example_dags/tutorial.py took 0.390 seconds
[2024-01-08T18:56:26.879+0300] {processor.py:161} INFO - Started process (PID=23236) to work on /usr/local/lib/python3.10/dist-packages/airflow/example_dags/tutorial.py
[2024-01-08T18:56:26.888+0300] {processor.py:830} INFO - Processing file /usr/local/lib/python3.10/dist-packages/airflow/example_dags/tutorial.py for tasks to queue
[2024-01-08T18:56:26.889+0300] {logging_mixin.py:188} INFO - [2024-01-08T18:56:26.889+0300] {dagbag.py:538} INFO - Filling up the DagBag from /usr/local/lib/python3.10/dist-packages/airflow/example_dags/tutorial.py
[2024-01-08T18:56:26.937+0300] {processor.py:840} INFO - DAG(s) 'tutorial' retrieved from /usr/local/lib/python3.10/dist-packages/airflow/example_dags/tutorial.py
[2024-01-08T18:56:27.117+0300] {logging_mixin.py:188} INFO - [2024-01-08T18:56:27.116+0300] {dag.py:3033} INFO - Sync 1 DAGs
[2024-01-08T18:56:27.274+0300] {logging_mixin.py:188} INFO - [2024-01-08T18:56:27.273+0300] {dag.py:3820} INFO - Setting next_dagrun for tutorial to 2024-01-07T00:00:00+00:00, run_after=2024-01-08T00:00:00+00:00
[2024-01-08T18:56:27.346+0300] {processor.py:183} INFO - Processing /usr/local/lib/python3.10/dist-packages/airflow/example_dags/tutorial.py took 0.495 seconds
[2024-01-08T18:56:57.563+0300] {processor.py:161} INFO - Started process (PID=23555) to work on /usr/local/lib/python3.10/dist-packages/airflow/example_dags/tutorial.py
[2024-01-08T18:56:57.578+0300] {processor.py:830} INFO - Processing file /usr/local/lib/python3.10/dist-packages/airflow/example_dags/tutorial.py for tasks to queue
[2024-01-08T18:56:57.579+0300] {logging_mixin.py:188} INFO - [2024-01-08T18:56:57.579+0300] {dagbag.py:538} INFO - Filling up the DagBag from /usr/local/lib/python3.10/dist-packages/airflow/example_dags/tutorial.py
[2024-01-08T18:56:57.639+0300] {processor.py:840} INFO - DAG(s) 'tutorial' retrieved from /usr/local/lib/python3.10/dist-packages/airflow/example_dags/tutorial.py
[2024-01-08T18:56:57.839+0300] {logging_mixin.py:188} INFO - [2024-01-08T18:56:57.838+0300] {dag.py:3033} INFO - Sync 1 DAGs
[2024-01-08T18:56:58.055+0300] {logging_mixin.py:188} INFO - [2024-01-08T18:56:58.055+0300] {dag.py:3820} INFO - Setting next_dagrun for tutorial to 2024-01-07T00:00:00+00:00, run_after=2024-01-08T00:00:00+00:00
[2024-01-08T18:56:58.148+0300] {processor.py:183} INFO - Processing /usr/local/lib/python3.10/dist-packages/airflow/example_dags/tutorial.py took 0.605 seconds
[2024-01-08T18:57:28.432+0300] {processor.py:161} INFO - Started process (PID=23938) to work on /usr/local/lib/python3.10/dist-packages/airflow/example_dags/tutorial.py
[2024-01-08T18:57:28.435+0300] {processor.py:830} INFO - Processing file /usr/local/lib/python3.10/dist-packages/airflow/example_dags/tutorial.py for tasks to queue
[2024-01-08T18:57:28.436+0300] {logging_mixin.py:188} INFO - [2024-01-08T18:57:28.436+0300] {dagbag.py:538} INFO - Filling up the DagBag from /usr/local/lib/python3.10/dist-packages/airflow/example_dags/tutorial.py
[2024-01-08T18:57:28.457+0300] {processor.py:840} INFO - DAG(s) 'tutorial' retrieved from /usr/local/lib/python3.10/dist-packages/airflow/example_dags/tutorial.py
[2024-01-08T18:57:28.568+0300] {logging_mixin.py:188} INFO - [2024-01-08T18:57:28.567+0300] {dag.py:3033} INFO - Sync 1 DAGs
[2024-01-08T18:57:28.622+0300] {logging_mixin.py:188} INFO - [2024-01-08T18:57:28.621+0300] {dag.py:3820} INFO - Setting next_dagrun for tutorial to 2024-01-07T00:00:00+00:00, run_after=2024-01-08T00:00:00+00:00
[2024-01-08T18:57:28.683+0300] {processor.py:183} INFO - Processing /usr/local/lib/python3.10/dist-packages/airflow/example_dags/tutorial.py took 0.260 seconds
[2024-01-08T18:57:59.044+0300] {processor.py:161} INFO - Started process (PID=24317) to work on /usr/local/lib/python3.10/dist-packages/airflow/example_dags/tutorial.py
[2024-01-08T18:57:59.047+0300] {processor.py:830} INFO - Processing file /usr/local/lib/python3.10/dist-packages/airflow/example_dags/tutorial.py for tasks to queue
[2024-01-08T18:57:59.058+0300] {logging_mixin.py:188} INFO - [2024-01-08T18:57:59.049+0300] {dagbag.py:538} INFO - Filling up the DagBag from /usr/local/lib/python3.10/dist-packages/airflow/example_dags/tutorial.py
[2024-01-08T18:57:59.078+0300] {processor.py:840} INFO - DAG(s) 'tutorial' retrieved from /usr/local/lib/python3.10/dist-packages/airflow/example_dags/tutorial.py
[2024-01-08T18:57:59.197+0300] {logging_mixin.py:188} INFO - [2024-01-08T18:57:59.197+0300] {dag.py:3033} INFO - Sync 1 DAGs
[2024-01-08T18:57:59.249+0300] {logging_mixin.py:188} INFO - [2024-01-08T18:57:59.248+0300] {dag.py:3820} INFO - Setting next_dagrun for tutorial to 2024-01-07T00:00:00+00:00, run_after=2024-01-08T00:00:00+00:00
[2024-01-08T18:57:59.298+0300] {processor.py:183} INFO - Processing /usr/local/lib/python3.10/dist-packages/airflow/example_dags/tutorial.py took 0.270 seconds
[2024-01-08T18:58:34.084+0300] {processor.py:161} INFO - Started process (PID=24667) to work on /usr/local/lib/python3.10/dist-packages/airflow/example_dags/tutorial.py
[2024-01-08T18:58:34.095+0300] {processor.py:830} INFO - Processing file /usr/local/lib/python3.10/dist-packages/airflow/example_dags/tutorial.py for tasks to queue
[2024-01-08T18:58:34.097+0300] {logging_mixin.py:188} INFO - [2024-01-08T18:58:34.096+0300] {dagbag.py:538} INFO - Filling up the DagBag from /usr/local/lib/python3.10/dist-packages/airflow/example_dags/tutorial.py
[2024-01-08T18:58:34.194+0300] {processor.py:840} INFO - DAG(s) 'tutorial' retrieved from /usr/local/lib/python3.10/dist-packages/airflow/example_dags/tutorial.py
[2024-01-08T18:58:34.614+0300] {logging_mixin.py:188} INFO - [2024-01-08T18:58:34.613+0300] {dag.py:3033} INFO - Sync 1 DAGs
[2024-01-08T18:58:34.877+0300] {logging_mixin.py:188} INFO - [2024-01-08T18:58:34.877+0300] {dag.py:3820} INFO - Setting next_dagrun for tutorial to 2024-01-07T00:00:00+00:00, run_after=2024-01-08T00:00:00+00:00
[2024-01-08T18:58:35.020+0300] {processor.py:183} INFO - Processing /usr/local/lib/python3.10/dist-packages/airflow/example_dags/tutorial.py took 0.953 seconds
[2024-01-08T18:59:05.134+0300] {processor.py:161} INFO - Started process (PID=25104) to work on /usr/local/lib/python3.10/dist-packages/airflow/example_dags/tutorial.py
[2024-01-08T18:59:05.136+0300] {processor.py:830} INFO - Processing file /usr/local/lib/python3.10/dist-packages/airflow/example_dags/tutorial.py for tasks to queue
[2024-01-08T18:59:05.138+0300] {logging_mixin.py:188} INFO - [2024-01-08T18:59:05.137+0300] {dagbag.py:538} INFO - Filling up the DagBag from /usr/local/lib/python3.10/dist-packages/airflow/example_dags/tutorial.py
[2024-01-08T18:59:05.158+0300] {processor.py:840} INFO - DAG(s) 'tutorial' retrieved from /usr/local/lib/python3.10/dist-packages/airflow/example_dags/tutorial.py
[2024-01-08T18:59:05.250+0300] {logging_mixin.py:188} INFO - [2024-01-08T18:59:05.249+0300] {dag.py:3033} INFO - Sync 1 DAGs
[2024-01-08T18:59:05.317+0300] {logging_mixin.py:188} INFO - [2024-01-08T18:59:05.317+0300] {dag.py:3820} INFO - Setting next_dagrun for tutorial to 2024-01-07T00:00:00+00:00, run_after=2024-01-08T00:00:00+00:00
[2024-01-08T18:59:05.360+0300] {processor.py:183} INFO - Processing /usr/local/lib/python3.10/dist-packages/airflow/example_dags/tutorial.py took 0.238 seconds
[2024-01-08T18:59:37.103+0300] {processor.py:161} INFO - Started process (PID=25439) to work on /usr/local/lib/python3.10/dist-packages/airflow/example_dags/tutorial.py
[2024-01-08T18:59:37.114+0300] {processor.py:830} INFO - Processing file /usr/local/lib/python3.10/dist-packages/airflow/example_dags/tutorial.py for tasks to queue
[2024-01-08T18:59:37.117+0300] {logging_mixin.py:188} INFO - [2024-01-08T18:59:37.116+0300] {dagbag.py:538} INFO - Filling up the DagBag from /usr/local/lib/python3.10/dist-packages/airflow/example_dags/tutorial.py
[2024-01-08T18:59:37.172+0300] {processor.py:840} INFO - DAG(s) 'tutorial' retrieved from /usr/local/lib/python3.10/dist-packages/airflow/example_dags/tutorial.py
[2024-01-08T18:59:37.379+0300] {logging_mixin.py:188} INFO - [2024-01-08T18:59:37.379+0300] {dag.py:3033} INFO - Sync 1 DAGs
[2024-01-08T18:59:37.611+0300] {logging_mixin.py:188} INFO - [2024-01-08T18:59:37.611+0300] {dag.py:3820} INFO - Setting next_dagrun for tutorial to 2024-01-07T00:00:00+00:00, run_after=2024-01-08T00:00:00+00:00
[2024-01-08T18:59:37.756+0300] {processor.py:183} INFO - Processing /usr/local/lib/python3.10/dist-packages/airflow/example_dags/tutorial.py took 0.664 seconds
[2024-01-08T19:00:07.943+0300] {processor.py:161} INFO - Started process (PID=25801) to work on /usr/local/lib/python3.10/dist-packages/airflow/example_dags/tutorial.py
[2024-01-08T19:00:07.946+0300] {processor.py:830} INFO - Processing file /usr/local/lib/python3.10/dist-packages/airflow/example_dags/tutorial.py for tasks to queue
[2024-01-08T19:00:07.957+0300] {logging_mixin.py:188} INFO - [2024-01-08T19:00:07.956+0300] {dagbag.py:538} INFO - Filling up the DagBag from /usr/local/lib/python3.10/dist-packages/airflow/example_dags/tutorial.py
[2024-01-08T19:00:07.979+0300] {processor.py:840} INFO - DAG(s) 'tutorial' retrieved from /usr/local/lib/python3.10/dist-packages/airflow/example_dags/tutorial.py
[2024-01-08T19:00:08.150+0300] {logging_mixin.py:188} INFO - [2024-01-08T19:00:08.149+0300] {dag.py:3033} INFO - Sync 1 DAGs
[2024-01-08T19:00:08.239+0300] {logging_mixin.py:188} INFO - [2024-01-08T19:00:08.238+0300] {dag.py:3820} INFO - Setting next_dagrun for tutorial to 2024-01-07T00:00:00+00:00, run_after=2024-01-08T00:00:00+00:00
[2024-01-08T19:00:08.322+0300] {processor.py:183} INFO - Processing /usr/local/lib/python3.10/dist-packages/airflow/example_dags/tutorial.py took 0.388 seconds
[2024-01-08T19:00:39.191+0300] {processor.py:161} INFO - Started process (PID=26213) to work on /usr/local/lib/python3.10/dist-packages/airflow/example_dags/tutorial.py
[2024-01-08T19:00:39.218+0300] {processor.py:830} INFO - Processing file /usr/local/lib/python3.10/dist-packages/airflow/example_dags/tutorial.py for tasks to queue
[2024-01-08T19:00:39.221+0300] {logging_mixin.py:188} INFO - [2024-01-08T19:00:39.220+0300] {dagbag.py:538} INFO - Filling up the DagBag from /usr/local/lib/python3.10/dist-packages/airflow/example_dags/tutorial.py
[2024-01-08T19:00:39.294+0300] {processor.py:840} INFO - DAG(s) 'tutorial' retrieved from /usr/local/lib/python3.10/dist-packages/airflow/example_dags/tutorial.py
[2024-01-08T19:00:39.448+0300] {logging_mixin.py:188} INFO - [2024-01-08T19:00:39.448+0300] {dag.py:3033} INFO - Sync 1 DAGs
[2024-01-08T19:00:39.521+0300] {logging_mixin.py:188} INFO - [2024-01-08T19:00:39.520+0300] {dag.py:3820} INFO - Setting next_dagrun for tutorial to 2024-01-07T00:00:00+00:00, run_after=2024-01-08T00:00:00+00:00
[2024-01-08T19:00:39.630+0300] {processor.py:183} INFO - Processing /usr/local/lib/python3.10/dist-packages/airflow/example_dags/tutorial.py took 0.465 seconds
[2024-01-08T19:01:10.498+0300] {processor.py:161} INFO - Started process (PID=26603) to work on /usr/local/lib/python3.10/dist-packages/airflow/example_dags/tutorial.py
[2024-01-08T19:01:10.500+0300] {processor.py:830} INFO - Processing file /usr/local/lib/python3.10/dist-packages/airflow/example_dags/tutorial.py for tasks to queue
[2024-01-08T19:01:10.502+0300] {logging_mixin.py:188} INFO - [2024-01-08T19:01:10.501+0300] {dagbag.py:538} INFO - Filling up the DagBag from /usr/local/lib/python3.10/dist-packages/airflow/example_dags/tutorial.py
[2024-01-08T19:01:10.537+0300] {processor.py:840} INFO - DAG(s) 'tutorial' retrieved from /usr/local/lib/python3.10/dist-packages/airflow/example_dags/tutorial.py
[2024-01-08T19:01:10.691+0300] {logging_mixin.py:188} INFO - [2024-01-08T19:01:10.690+0300] {dag.py:3033} INFO - Sync 1 DAGs
[2024-01-08T19:01:10.793+0300] {logging_mixin.py:188} INFO - [2024-01-08T19:01:10.793+0300] {dag.py:3820} INFO - Setting next_dagrun for tutorial to 2024-01-07T00:00:00+00:00, run_after=2024-01-08T00:00:00+00:00
[2024-01-08T19:01:10.866+0300] {processor.py:183} INFO - Processing /usr/local/lib/python3.10/dist-packages/airflow/example_dags/tutorial.py took 0.379 seconds
[2024-01-08T19:01:41.213+0300] {processor.py:161} INFO - Started process (PID=27005) to work on /usr/local/lib/python3.10/dist-packages/airflow/example_dags/tutorial.py
[2024-01-08T19:01:41.218+0300] {processor.py:830} INFO - Processing file /usr/local/lib/python3.10/dist-packages/airflow/example_dags/tutorial.py for tasks to queue
[2024-01-08T19:01:41.222+0300] {logging_mixin.py:188} INFO - [2024-01-08T19:01:41.220+0300] {dagbag.py:538} INFO - Filling up the DagBag from /usr/local/lib/python3.10/dist-packages/airflow/example_dags/tutorial.py
[2024-01-08T19:01:41.253+0300] {processor.py:840} INFO - DAG(s) 'tutorial' retrieved from /usr/local/lib/python3.10/dist-packages/airflow/example_dags/tutorial.py
[2024-01-08T19:01:41.532+0300] {logging_mixin.py:188} INFO - [2024-01-08T19:01:41.530+0300] {dag.py:3033} INFO - Sync 1 DAGs
[2024-01-08T19:01:41.693+0300] {logging_mixin.py:188} INFO - [2024-01-08T19:01:41.692+0300] {dag.py:3820} INFO - Setting next_dagrun for tutorial to 2024-01-07T00:00:00+00:00, run_after=2024-01-08T00:00:00+00:00
[2024-01-08T19:01:41.850+0300] {processor.py:183} INFO - Processing /usr/local/lib/python3.10/dist-packages/airflow/example_dags/tutorial.py took 0.651 seconds
[2024-01-08T19:02:12.528+0300] {processor.py:161} INFO - Started process (PID=27322) to work on /usr/local/lib/python3.10/dist-packages/airflow/example_dags/tutorial.py
[2024-01-08T19:02:12.533+0300] {processor.py:830} INFO - Processing file /usr/local/lib/python3.10/dist-packages/airflow/example_dags/tutorial.py for tasks to queue
[2024-01-08T19:02:12.536+0300] {logging_mixin.py:188} INFO - [2024-01-08T19:02:12.535+0300] {dagbag.py:538} INFO - Filling up the DagBag from /usr/local/lib/python3.10/dist-packages/airflow/example_dags/tutorial.py
[2024-01-08T19:02:12.560+0300] {processor.py:840} INFO - DAG(s) 'tutorial' retrieved from /usr/local/lib/python3.10/dist-packages/airflow/example_dags/tutorial.py
[2024-01-08T19:02:12.691+0300] {logging_mixin.py:188} INFO - [2024-01-08T19:02:12.691+0300] {dag.py:3033} INFO - Sync 1 DAGs
[2024-01-08T19:02:12.757+0300] {logging_mixin.py:188} INFO - [2024-01-08T19:02:12.757+0300] {dag.py:3820} INFO - Setting next_dagrun for tutorial to 2024-01-07T00:00:00+00:00, run_after=2024-01-08T00:00:00+00:00
[2024-01-08T19:02:12.825+0300] {processor.py:183} INFO - Processing /usr/local/lib/python3.10/dist-packages/airflow/example_dags/tutorial.py took 0.314 seconds
[2024-01-08T19:02:43.476+0300] {processor.py:161} INFO - Started process (PID=27638) to work on /usr/local/lib/python3.10/dist-packages/airflow/example_dags/tutorial.py
[2024-01-08T19:02:43.488+0300] {processor.py:830} INFO - Processing file /usr/local/lib/python3.10/dist-packages/airflow/example_dags/tutorial.py for tasks to queue
[2024-01-08T19:02:43.491+0300] {logging_mixin.py:188} INFO - [2024-01-08T19:02:43.490+0300] {dagbag.py:538} INFO - Filling up the DagBag from /usr/local/lib/python3.10/dist-packages/airflow/example_dags/tutorial.py
[2024-01-08T19:02:43.528+0300] {processor.py:840} INFO - DAG(s) 'tutorial' retrieved from /usr/local/lib/python3.10/dist-packages/airflow/example_dags/tutorial.py
[2024-01-08T19:02:43.654+0300] {logging_mixin.py:188} INFO - [2024-01-08T19:02:43.654+0300] {dag.py:3033} INFO - Sync 1 DAGs
[2024-01-08T19:02:43.722+0300] {logging_mixin.py:188} INFO - [2024-01-08T19:02:43.721+0300] {dag.py:3820} INFO - Setting next_dagrun for tutorial to 2024-01-07T00:00:00+00:00, run_after=2024-01-08T00:00:00+00:00
[2024-01-08T19:02:43.811+0300] {processor.py:183} INFO - Processing /usr/local/lib/python3.10/dist-packages/airflow/example_dags/tutorial.py took 0.363 seconds
[2024-01-08T19:03:16.052+0300] {processor.py:161} INFO - Started process (PID=27909) to work on /usr/local/lib/python3.10/dist-packages/airflow/example_dags/tutorial.py
[2024-01-08T19:03:16.066+0300] {processor.py:830} INFO - Processing file /usr/local/lib/python3.10/dist-packages/airflow/example_dags/tutorial.py for tasks to queue
[2024-01-08T19:03:16.068+0300] {logging_mixin.py:188} INFO - [2024-01-08T19:03:16.067+0300] {dagbag.py:538} INFO - Filling up the DagBag from /usr/local/lib/python3.10/dist-packages/airflow/example_dags/tutorial.py
[2024-01-08T19:03:16.192+0300] {processor.py:840} INFO - DAG(s) 'tutorial' retrieved from /usr/local/lib/python3.10/dist-packages/airflow/example_dags/tutorial.py
[2024-01-08T19:03:16.820+0300] {logging_mixin.py:188} INFO - [2024-01-08T19:03:16.819+0300] {dag.py:3033} INFO - Sync 1 DAGs
[2024-01-08T19:03:17.022+0300] {logging_mixin.py:188} INFO - [2024-01-08T19:03:17.021+0300] {dag.py:3820} INFO - Setting next_dagrun for tutorial to 2024-01-07T00:00:00+00:00, run_after=2024-01-08T00:00:00+00:00
[2024-01-08T19:03:17.255+0300] {processor.py:183} INFO - Processing /usr/local/lib/python3.10/dist-packages/airflow/example_dags/tutorial.py took 1.241 seconds
[2024-01-08T19:03:47.630+0300] {processor.py:161} INFO - Started process (PID=28312) to work on /usr/local/lib/python3.10/dist-packages/airflow/example_dags/tutorial.py
[2024-01-08T19:03:47.644+0300] {processor.py:830} INFO - Processing file /usr/local/lib/python3.10/dist-packages/airflow/example_dags/tutorial.py for tasks to queue
[2024-01-08T19:03:47.647+0300] {logging_mixin.py:188} INFO - [2024-01-08T19:03:47.647+0300] {dagbag.py:538} INFO - Filling up the DagBag from /usr/local/lib/python3.10/dist-packages/airflow/example_dags/tutorial.py
[2024-01-08T19:03:47.696+0300] {processor.py:840} INFO - DAG(s) 'tutorial' retrieved from /usr/local/lib/python3.10/dist-packages/airflow/example_dags/tutorial.py
[2024-01-08T19:03:47.967+0300] {logging_mixin.py:188} INFO - [2024-01-08T19:03:47.966+0300] {dag.py:3033} INFO - Sync 1 DAGs
[2024-01-08T19:03:48.155+0300] {logging_mixin.py:188} INFO - [2024-01-08T19:03:48.155+0300] {dag.py:3820} INFO - Setting next_dagrun for tutorial to 2024-01-07T00:00:00+00:00, run_after=2024-01-08T00:00:00+00:00
[2024-01-08T19:03:48.322+0300] {processor.py:183} INFO - Processing /usr/local/lib/python3.10/dist-packages/airflow/example_dags/tutorial.py took 0.715 seconds
[2024-01-08T19:04:19.071+0300] {processor.py:161} INFO - Started process (PID=28686) to work on /usr/local/lib/python3.10/dist-packages/airflow/example_dags/tutorial.py
[2024-01-08T19:04:19.075+0300] {processor.py:830} INFO - Processing file /usr/local/lib/python3.10/dist-packages/airflow/example_dags/tutorial.py for tasks to queue
[2024-01-08T19:04:19.078+0300] {logging_mixin.py:188} INFO - [2024-01-08T19:04:19.077+0300] {dagbag.py:538} INFO - Filling up the DagBag from /usr/local/lib/python3.10/dist-packages/airflow/example_dags/tutorial.py
[2024-01-08T19:04:19.102+0300] {processor.py:840} INFO - DAG(s) 'tutorial' retrieved from /usr/local/lib/python3.10/dist-packages/airflow/example_dags/tutorial.py
[2024-01-08T19:04:19.198+0300] {logging_mixin.py:188} INFO - [2024-01-08T19:04:19.198+0300] {dag.py:3033} INFO - Sync 1 DAGs
[2024-01-08T19:04:19.247+0300] {logging_mixin.py:188} INFO - [2024-01-08T19:04:19.247+0300] {dag.py:3820} INFO - Setting next_dagrun for tutorial to 2024-01-07T00:00:00+00:00, run_after=2024-01-08T00:00:00+00:00
[2024-01-08T19:04:19.292+0300] {processor.py:183} INFO - Processing /usr/local/lib/python3.10/dist-packages/airflow/example_dags/tutorial.py took 0.238 seconds
[2024-01-08T19:04:50.593+0300] {processor.py:161} INFO - Started process (PID=29070) to work on /usr/local/lib/python3.10/dist-packages/airflow/example_dags/tutorial.py
[2024-01-08T19:04:50.643+0300] {processor.py:830} INFO - Processing file /usr/local/lib/python3.10/dist-packages/airflow/example_dags/tutorial.py for tasks to queue
[2024-01-08T19:04:50.646+0300] {logging_mixin.py:188} INFO - [2024-01-08T19:04:50.644+0300] {dagbag.py:538} INFO - Filling up the DagBag from /usr/local/lib/python3.10/dist-packages/airflow/example_dags/tutorial.py
[2024-01-08T19:04:50.778+0300] {processor.py:840} INFO - DAG(s) 'tutorial' retrieved from /usr/local/lib/python3.10/dist-packages/airflow/example_dags/tutorial.py
[2024-01-08T19:04:51.247+0300] {logging_mixin.py:188} INFO - [2024-01-08T19:04:51.246+0300] {dag.py:3033} INFO - Sync 1 DAGs
[2024-01-08T19:04:51.728+0300] {logging_mixin.py:188} INFO - [2024-01-08T19:04:51.727+0300] {dag.py:3820} INFO - Setting next_dagrun for tutorial to 2024-01-07T00:00:00+00:00, run_after=2024-01-08T00:00:00+00:00
[2024-01-08T19:04:52.037+0300] {processor.py:183} INFO - Processing /usr/local/lib/python3.10/dist-packages/airflow/example_dags/tutorial.py took 1.521 seconds
[2024-01-08T19:05:22.743+0300] {processor.py:161} INFO - Started process (PID=29497) to work on /usr/local/lib/python3.10/dist-packages/airflow/example_dags/tutorial.py
[2024-01-08T19:05:22.778+0300] {processor.py:830} INFO - Processing file /usr/local/lib/python3.10/dist-packages/airflow/example_dags/tutorial.py for tasks to queue
[2024-01-08T19:05:22.780+0300] {logging_mixin.py:188} INFO - [2024-01-08T19:05:22.779+0300] {dagbag.py:538} INFO - Filling up the DagBag from /usr/local/lib/python3.10/dist-packages/airflow/example_dags/tutorial.py
[2024-01-08T19:05:22.901+0300] {processor.py:840} INFO - DAG(s) 'tutorial' retrieved from /usr/local/lib/python3.10/dist-packages/airflow/example_dags/tutorial.py
[2024-01-08T19:05:23.464+0300] {logging_mixin.py:188} INFO - [2024-01-08T19:05:23.463+0300] {dag.py:3033} INFO - Sync 1 DAGs
[2024-01-08T19:05:23.796+0300] {logging_mixin.py:188} INFO - [2024-01-08T19:05:23.795+0300] {dag.py:3820} INFO - Setting next_dagrun for tutorial to 2024-01-07T00:00:00+00:00, run_after=2024-01-08T00:00:00+00:00
[2024-01-08T19:05:24.100+0300] {processor.py:183} INFO - Processing /usr/local/lib/python3.10/dist-packages/airflow/example_dags/tutorial.py took 1.378 seconds
[2024-01-08T19:06:00.933+0300] {processor.py:161} INFO - Started process (PID=29894) to work on /usr/local/lib/python3.10/dist-packages/airflow/example_dags/tutorial.py
[2024-01-08T19:06:00.946+0300] {processor.py:830} INFO - Processing file /usr/local/lib/python3.10/dist-packages/airflow/example_dags/tutorial.py for tasks to queue
[2024-01-08T19:06:00.961+0300] {logging_mixin.py:188} INFO - [2024-01-08T19:06:00.953+0300] {dagbag.py:538} INFO - Filling up the DagBag from /usr/local/lib/python3.10/dist-packages/airflow/example_dags/tutorial.py
[2024-01-08T19:06:01.016+0300] {processor.py:840} INFO - DAG(s) 'tutorial' retrieved from /usr/local/lib/python3.10/dist-packages/airflow/example_dags/tutorial.py
[2024-01-08T19:06:01.161+0300] {logging_mixin.py:188} INFO - [2024-01-08T19:06:01.159+0300] {dag.py:3033} INFO - Sync 1 DAGs
[2024-01-08T19:06:01.246+0300] {logging_mixin.py:188} INFO - [2024-01-08T19:06:01.246+0300] {dag.py:3820} INFO - Setting next_dagrun for tutorial to 2024-01-07T00:00:00+00:00, run_after=2024-01-08T00:00:00+00:00
[2024-01-08T19:06:01.297+0300] {processor.py:183} INFO - Processing /usr/local/lib/python3.10/dist-packages/airflow/example_dags/tutorial.py took 0.394 seconds
[2024-01-08T19:06:36.723+0300] {processor.py:161} INFO - Started process (PID=30284) to work on /usr/local/lib/python3.10/dist-packages/airflow/example_dags/tutorial.py
[2024-01-08T19:06:36.732+0300] {processor.py:830} INFO - Processing file /usr/local/lib/python3.10/dist-packages/airflow/example_dags/tutorial.py for tasks to queue
[2024-01-08T19:06:36.735+0300] {logging_mixin.py:188} INFO - [2024-01-08T19:06:36.735+0300] {dagbag.py:538} INFO - Filling up the DagBag from /usr/local/lib/python3.10/dist-packages/airflow/example_dags/tutorial.py
[2024-01-08T19:06:36.761+0300] {processor.py:840} INFO - DAG(s) 'tutorial' retrieved from /usr/local/lib/python3.10/dist-packages/airflow/example_dags/tutorial.py
[2024-01-08T19:06:37.062+0300] {logging_mixin.py:188} INFO - [2024-01-08T19:06:37.061+0300] {dag.py:3033} INFO - Sync 1 DAGs
[2024-01-08T19:06:37.452+0300] {logging_mixin.py:188} INFO - [2024-01-08T19:06:37.452+0300] {dag.py:3820} INFO - Setting next_dagrun for tutorial to 2024-01-07T00:00:00+00:00, run_after=2024-01-08T00:00:00+00:00
[2024-01-08T19:06:37.865+0300] {processor.py:183} INFO - Processing /usr/local/lib/python3.10/dist-packages/airflow/example_dags/tutorial.py took 1.198 seconds
[2024-01-08T19:07:12.055+0300] {processor.py:161} INFO - Started process (PID=30632) to work on /usr/local/lib/python3.10/dist-packages/airflow/example_dags/tutorial.py
[2024-01-08T19:07:12.074+0300] {processor.py:830} INFO - Processing file /usr/local/lib/python3.10/dist-packages/airflow/example_dags/tutorial.py for tasks to queue
[2024-01-08T19:07:12.076+0300] {logging_mixin.py:188} INFO - [2024-01-08T19:07:12.075+0300] {dagbag.py:538} INFO - Filling up the DagBag from /usr/local/lib/python3.10/dist-packages/airflow/example_dags/tutorial.py
[2024-01-08T19:07:12.153+0300] {processor.py:840} INFO - DAG(s) 'tutorial' retrieved from /usr/local/lib/python3.10/dist-packages/airflow/example_dags/tutorial.py
[2024-01-08T19:07:12.387+0300] {logging_mixin.py:188} INFO - [2024-01-08T19:07:12.386+0300] {dag.py:3033} INFO - Sync 1 DAGs
[2024-01-08T19:07:12.553+0300] {logging_mixin.py:188} INFO - [2024-01-08T19:07:12.553+0300] {dag.py:3820} INFO - Setting next_dagrun for tutorial to 2024-01-07T00:00:00+00:00, run_after=2024-01-08T00:00:00+00:00
[2024-01-08T19:07:12.729+0300] {processor.py:183} INFO - Processing /usr/local/lib/python3.10/dist-packages/airflow/example_dags/tutorial.py took 0.702 seconds
[2024-01-08T19:07:47.677+0300] {processor.py:161} INFO - Started process (PID=31046) to work on /usr/local/lib/python3.10/dist-packages/airflow/example_dags/tutorial.py
[2024-01-08T19:07:47.680+0300] {processor.py:830} INFO - Processing file /usr/local/lib/python3.10/dist-packages/airflow/example_dags/tutorial.py for tasks to queue
[2024-01-08T19:07:47.683+0300] {logging_mixin.py:188} INFO - [2024-01-08T19:07:47.682+0300] {dagbag.py:538} INFO - Filling up the DagBag from /usr/local/lib/python3.10/dist-packages/airflow/example_dags/tutorial.py
[2024-01-08T19:07:47.707+0300] {processor.py:840} INFO - DAG(s) 'tutorial' retrieved from /usr/local/lib/python3.10/dist-packages/airflow/example_dags/tutorial.py
[2024-01-08T19:07:47.812+0300] {logging_mixin.py:188} INFO - [2024-01-08T19:07:47.811+0300] {dag.py:3033} INFO - Sync 1 DAGs
[2024-01-08T19:07:47.882+0300] {logging_mixin.py:188} INFO - [2024-01-08T19:07:47.881+0300] {dag.py:3820} INFO - Setting next_dagrun for tutorial to 2024-01-07T00:00:00+00:00, run_after=2024-01-08T00:00:00+00:00
[2024-01-08T19:07:47.966+0300] {processor.py:183} INFO - Processing /usr/local/lib/python3.10/dist-packages/airflow/example_dags/tutorial.py took 0.302 seconds
[2024-01-08T19:08:18.487+0300] {processor.py:161} INFO - Started process (PID=31354) to work on /usr/local/lib/python3.10/dist-packages/airflow/example_dags/tutorial.py
[2024-01-08T19:08:18.489+0300] {processor.py:830} INFO - Processing file /usr/local/lib/python3.10/dist-packages/airflow/example_dags/tutorial.py for tasks to queue
[2024-01-08T19:08:18.491+0300] {logging_mixin.py:188} INFO - [2024-01-08T19:08:18.491+0300] {dagbag.py:538} INFO - Filling up the DagBag from /usr/local/lib/python3.10/dist-packages/airflow/example_dags/tutorial.py
[2024-01-08T19:08:18.530+0300] {processor.py:840} INFO - DAG(s) 'tutorial' retrieved from /usr/local/lib/python3.10/dist-packages/airflow/example_dags/tutorial.py
[2024-01-08T19:08:18.678+0300] {logging_mixin.py:188} INFO - [2024-01-08T19:08:18.678+0300] {dag.py:3033} INFO - Sync 1 DAGs
[2024-01-08T19:08:18.745+0300] {logging_mixin.py:188} INFO - [2024-01-08T19:08:18.745+0300] {dag.py:3820} INFO - Setting next_dagrun for tutorial to 2024-01-07T00:00:00+00:00, run_after=2024-01-08T00:00:00+00:00
[2024-01-08T19:08:18.804+0300] {processor.py:183} INFO - Processing /usr/local/lib/python3.10/dist-packages/airflow/example_dags/tutorial.py took 0.335 seconds
[2024-01-08T19:08:49.642+0300] {processor.py:161} INFO - Started process (PID=31677) to work on /usr/local/lib/python3.10/dist-packages/airflow/example_dags/tutorial.py
[2024-01-08T19:08:49.650+0300] {processor.py:830} INFO - Processing file /usr/local/lib/python3.10/dist-packages/airflow/example_dags/tutorial.py for tasks to queue
[2024-01-08T19:08:49.652+0300] {logging_mixin.py:188} INFO - [2024-01-08T19:08:49.652+0300] {dagbag.py:538} INFO - Filling up the DagBag from /usr/local/lib/python3.10/dist-packages/airflow/example_dags/tutorial.py
[2024-01-08T19:08:49.686+0300] {processor.py:840} INFO - DAG(s) 'tutorial' retrieved from /usr/local/lib/python3.10/dist-packages/airflow/example_dags/tutorial.py
[2024-01-08T19:08:49.928+0300] {logging_mixin.py:188} INFO - [2024-01-08T19:08:49.928+0300] {dag.py:3033} INFO - Sync 1 DAGs
[2024-01-08T19:08:50.076+0300] {logging_mixin.py:188} INFO - [2024-01-08T19:08:50.076+0300] {dag.py:3820} INFO - Setting next_dagrun for tutorial to 2024-01-07T00:00:00+00:00, run_after=2024-01-08T00:00:00+00:00
[2024-01-08T19:08:50.169+0300] {processor.py:183} INFO - Processing /usr/local/lib/python3.10/dist-packages/airflow/example_dags/tutorial.py took 0.552 seconds
[2024-01-08T19:09:20.847+0300] {processor.py:161} INFO - Started process (PID=32049) to work on /usr/local/lib/python3.10/dist-packages/airflow/example_dags/tutorial.py
[2024-01-08T19:09:20.850+0300] {processor.py:830} INFO - Processing file /usr/local/lib/python3.10/dist-packages/airflow/example_dags/tutorial.py for tasks to queue
[2024-01-08T19:09:20.853+0300] {logging_mixin.py:188} INFO - [2024-01-08T19:09:20.852+0300] {dagbag.py:538} INFO - Filling up the DagBag from /usr/local/lib/python3.10/dist-packages/airflow/example_dags/tutorial.py
[2024-01-08T19:09:20.889+0300] {processor.py:840} INFO - DAG(s) 'tutorial' retrieved from /usr/local/lib/python3.10/dist-packages/airflow/example_dags/tutorial.py
[2024-01-08T19:09:21.004+0300] {logging_mixin.py:188} INFO - [2024-01-08T19:09:21.004+0300] {dag.py:3033} INFO - Sync 1 DAGs
[2024-01-08T19:09:21.072+0300] {logging_mixin.py:188} INFO - [2024-01-08T19:09:21.071+0300] {dag.py:3820} INFO - Setting next_dagrun for tutorial to 2024-01-07T00:00:00+00:00, run_after=2024-01-08T00:00:00+00:00
[2024-01-08T19:09:21.138+0300] {processor.py:183} INFO - Processing /usr/local/lib/python3.10/dist-packages/airflow/example_dags/tutorial.py took 0.303 seconds
[2024-01-08T19:09:51.898+0300] {processor.py:161} INFO - Started process (PID=32428) to work on /usr/local/lib/python3.10/dist-packages/airflow/example_dags/tutorial.py
[2024-01-08T19:09:51.905+0300] {processor.py:830} INFO - Processing file /usr/local/lib/python3.10/dist-packages/airflow/example_dags/tutorial.py for tasks to queue
[2024-01-08T19:09:51.906+0300] {logging_mixin.py:188} INFO - [2024-01-08T19:09:51.906+0300] {dagbag.py:538} INFO - Filling up the DagBag from /usr/local/lib/python3.10/dist-packages/airflow/example_dags/tutorial.py
[2024-01-08T19:09:51.923+0300] {processor.py:840} INFO - DAG(s) 'tutorial' retrieved from /usr/local/lib/python3.10/dist-packages/airflow/example_dags/tutorial.py
[2024-01-08T19:09:52.006+0300] {logging_mixin.py:188} INFO - [2024-01-08T19:09:52.006+0300] {dag.py:3033} INFO - Sync 1 DAGs
[2024-01-08T19:09:52.076+0300] {logging_mixin.py:188} INFO - [2024-01-08T19:09:52.075+0300] {dag.py:3820} INFO - Setting next_dagrun for tutorial to 2024-01-07T00:00:00+00:00, run_after=2024-01-08T00:00:00+00:00
[2024-01-08T19:09:52.136+0300] {processor.py:183} INFO - Processing /usr/local/lib/python3.10/dist-packages/airflow/example_dags/tutorial.py took 0.258 seconds
[2024-01-08T19:10:27.374+0300] {processor.py:161} INFO - Started process (PID=32770) to work on /usr/local/lib/python3.10/dist-packages/airflow/example_dags/tutorial.py
[2024-01-08T19:10:27.386+0300] {processor.py:830} INFO - Processing file /usr/local/lib/python3.10/dist-packages/airflow/example_dags/tutorial.py for tasks to queue
[2024-01-08T19:10:27.388+0300] {logging_mixin.py:188} INFO - [2024-01-08T19:10:27.387+0300] {dagbag.py:538} INFO - Filling up the DagBag from /usr/local/lib/python3.10/dist-packages/airflow/example_dags/tutorial.py
[2024-01-08T19:10:27.446+0300] {processor.py:840} INFO - DAG(s) 'tutorial' retrieved from /usr/local/lib/python3.10/dist-packages/airflow/example_dags/tutorial.py
[2024-01-08T19:10:27.841+0300] {logging_mixin.py:188} INFO - [2024-01-08T19:10:27.840+0300] {dag.py:3033} INFO - Sync 1 DAGs
[2024-01-08T19:10:28.124+0300] {logging_mixin.py:188} INFO - [2024-01-08T19:10:28.123+0300] {dag.py:3820} INFO - Setting next_dagrun for tutorial to 2024-01-07T00:00:00+00:00, run_after=2024-01-08T00:00:00+00:00
[2024-01-08T19:10:28.439+0300] {processor.py:183} INFO - Processing /usr/local/lib/python3.10/dist-packages/airflow/example_dags/tutorial.py took 1.098 seconds
[2024-01-08T19:11:08.717+0300] {processor.py:161} INFO - Started process (PID=33165) to work on /usr/local/lib/python3.10/dist-packages/airflow/example_dags/tutorial.py
[2024-01-08T19:11:08.727+0300] {processor.py:830} INFO - Processing file /usr/local/lib/python3.10/dist-packages/airflow/example_dags/tutorial.py for tasks to queue
[2024-01-08T19:11:08.735+0300] {logging_mixin.py:188} INFO - [2024-01-08T19:11:08.728+0300] {dagbag.py:538} INFO - Filling up the DagBag from /usr/local/lib/python3.10/dist-packages/airflow/example_dags/tutorial.py
[2024-01-08T19:11:08.801+0300] {processor.py:840} INFO - DAG(s) 'tutorial' retrieved from /usr/local/lib/python3.10/dist-packages/airflow/example_dags/tutorial.py
[2024-01-08T19:11:08.962+0300] {logging_mixin.py:188} INFO - [2024-01-08T19:11:08.962+0300] {dag.py:3033} INFO - Sync 1 DAGs
[2024-01-08T19:11:09.303+0300] {logging_mixin.py:188} INFO - [2024-01-08T19:11:09.303+0300] {dag.py:3820} INFO - Setting next_dagrun for tutorial to 2024-01-07T00:00:00+00:00, run_after=2024-01-08T00:00:00+00:00
[2024-01-08T19:11:09.426+0300] {processor.py:183} INFO - Processing /usr/local/lib/python3.10/dist-packages/airflow/example_dags/tutorial.py took 0.748 seconds
[2024-01-08T19:11:56.799+0300] {processor.py:161} INFO - Started process (PID=33635) to work on /usr/local/lib/python3.10/dist-packages/airflow/example_dags/tutorial.py
[2024-01-08T19:11:56.812+0300] {processor.py:830} INFO - Processing file /usr/local/lib/python3.10/dist-packages/airflow/example_dags/tutorial.py for tasks to queue
[2024-01-08T19:11:56.821+0300] {logging_mixin.py:188} INFO - [2024-01-08T19:11:56.820+0300] {dagbag.py:538} INFO - Filling up the DagBag from /usr/local/lib/python3.10/dist-packages/airflow/example_dags/tutorial.py
[2024-01-08T19:11:57.029+0300] {processor.py:840} INFO - DAG(s) 'tutorial' retrieved from /usr/local/lib/python3.10/dist-packages/airflow/example_dags/tutorial.py
[2024-01-08T19:11:57.389+0300] {logging_mixin.py:188} INFO - [2024-01-08T19:11:57.388+0300] {dag.py:3033} INFO - Sync 1 DAGs
[2024-01-08T19:11:57.794+0300] {logging_mixin.py:188} INFO - [2024-01-08T19:11:57.794+0300] {dag.py:3820} INFO - Setting next_dagrun for tutorial to 2024-01-07T00:00:00+00:00, run_after=2024-01-08T00:00:00+00:00
[2024-01-08T19:11:57.998+0300] {processor.py:183} INFO - Processing /usr/local/lib/python3.10/dist-packages/airflow/example_dags/tutorial.py took 1.254 seconds
[2024-01-08T19:12:28.565+0300] {processor.py:161} INFO - Started process (PID=33988) to work on /usr/local/lib/python3.10/dist-packages/airflow/example_dags/tutorial.py
[2024-01-08T19:12:28.568+0300] {processor.py:830} INFO - Processing file /usr/local/lib/python3.10/dist-packages/airflow/example_dags/tutorial.py for tasks to queue
[2024-01-08T19:12:28.569+0300] {logging_mixin.py:188} INFO - [2024-01-08T19:12:28.569+0300] {dagbag.py:538} INFO - Filling up the DagBag from /usr/local/lib/python3.10/dist-packages/airflow/example_dags/tutorial.py
[2024-01-08T19:12:28.589+0300] {processor.py:840} INFO - DAG(s) 'tutorial' retrieved from /usr/local/lib/python3.10/dist-packages/airflow/example_dags/tutorial.py
[2024-01-08T19:12:28.723+0300] {logging_mixin.py:188} INFO - [2024-01-08T19:12:28.722+0300] {dag.py:3033} INFO - Sync 1 DAGs
[2024-01-08T19:12:28.823+0300] {logging_mixin.py:188} INFO - [2024-01-08T19:12:28.823+0300] {dag.py:3820} INFO - Setting next_dagrun for tutorial to 2024-01-07T00:00:00+00:00, run_after=2024-01-08T00:00:00+00:00
[2024-01-08T19:12:29.657+0300] {processor.py:183} INFO - Processing /usr/local/lib/python3.10/dist-packages/airflow/example_dags/tutorial.py took 1.104 seconds
