[2024-01-08T18:40:09.307+0300] {taskinstance.py:1957} INFO - Dependencies all met for dep_context=non-requeueable deps ti=<TaskInstance: youtube_comments_score.get_data scheduled__2022-12-28T00:00:00+00:00 [queued]>
[2024-01-08T18:40:09.527+0300] {taskinstance.py:1957} INFO - Dependencies all met for dep_context=requeueable deps ti=<TaskInstance: youtube_comments_score.get_data scheduled__2022-12-28T00:00:00+00:00 [queued]>
[2024-01-08T18:40:09.527+0300] {taskinstance.py:2171} INFO - Starting attempt 1 of 2
[2024-01-08T18:40:19.685+0300] {taskinstance.py:2192} INFO - Executing <Task(BashOperator): get_data> on 2022-12-28 00:00:00+00:00
[2024-01-08T18:40:19.738+0300] {standard_task_runner.py:60} INFO - Started process 12822 to run task
[2024-01-08T18:40:20.021+0300] {standard_task_runner.py:87} INFO - Running: ['airflow', 'tasks', 'run', 'youtube_comments_score', 'get_data', 'scheduled__2022-12-28T00:00:00+00:00', '--job-id', '1495', '--raw', '--subdir', 'DAGS_FOLDER/youtube_comments_score.py', '--cfg-path', '/tmp/tmp8yaz8_jw']
[2024-01-08T18:40:20.200+0300] {standard_task_runner.py:88} INFO - Job 1495: Subtask get_data
[2024-01-08T18:40:25.580+0300] {task_command.py:423} INFO - Running <TaskInstance: youtube_comments_score.get_data scheduled__2022-12-28T00:00:00+00:00 [running]> on host airflow
[2024-01-08T18:40:29.845+0300] {taskinstance.py:2481} INFO - Exporting env vars: AIRFLOW_CTX_DAG_OWNER='admin' AIRFLOW_CTX_DAG_ID='youtube_comments_score' AIRFLOW_CTX_TASK_ID='get_data' AIRFLOW_CTX_EXECUTION_DATE='2022-12-28T00:00:00+00:00' AIRFLOW_CTX_TRY_NUMBER='1' AIRFLOW_CTX_DAG_RUN_ID='scheduled__2022-12-28T00:00:00+00:00'
[2024-01-08T18:40:30.072+0300] {subprocess.py:63} INFO - Tmp dir root location: /tmp
[2024-01-08T18:40:30.075+0300] {subprocess.py:75} INFO - Running command: ['/usr/bin/bash', '-c', 'python3 /home/angry/mlops_3/scripts/get_data.py']
[2024-01-08T18:40:30.452+0300] {subprocess.py:86} INFO - Output:
[2024-01-08T18:40:39.567+0300] {subprocess.py:93} INFO - Traceback (most recent call last):
[2024-01-08T18:40:39.593+0300] {subprocess.py:93} INFO -   File "/home/angry/mlops_3/scripts/get_data.py", line 25, in <module>
[2024-01-08T18:40:39.594+0300] {subprocess.py:93} INFO -     for item in data['items']:
[2024-01-08T18:40:39.594+0300] {subprocess.py:93} INFO - KeyError: 'items'
[2024-01-08T18:40:39.912+0300] {subprocess.py:97} INFO - Command exited with return code 1
[2024-01-08T18:40:40.402+0300] {taskinstance.py:2699} ERROR - Task failed with exception
Traceback (most recent call last):
  File "/usr/local/lib/python3.10/dist-packages/airflow/models/taskinstance.py", line 433, in _execute_task
    result = execute_callable(context=context, **execute_callable_kwargs)
  File "/usr/local/lib/python3.10/dist-packages/airflow/operators/bash.py", line 212, in execute
    raise AirflowException(
airflow.exceptions.AirflowException: Bash command failed. The command returned a non-zero exit code 1.
[2024-01-08T18:40:40.687+0300] {taskinstance.py:1138} INFO - Marking task as UP_FOR_RETRY. dag_id=youtube_comments_score, task_id=get_data, execution_date=20221228T000000, start_date=20240108T154009, end_date=20240108T154040
[2024-01-08T18:40:40.922+0300] {standard_task_runner.py:107} ERROR - Failed to execute job 1495 for task get_data (Bash command failed. The command returned a non-zero exit code 1.; 12822)
[2024-01-08T18:40:41.280+0300] {local_task_job_runner.py:234} INFO - Task exited with return code 1
[2024-01-08T18:40:42.051+0300] {taskinstance.py:3281} INFO - 0 downstream tasks scheduled from follow-on schedule check
