[2024-01-08T18:40:31.855+0300] {taskinstance.py:1957} INFO - Dependencies all met for dep_context=non-requeueable deps ti=<TaskInstance: youtube_comments_score.get_data scheduled__2022-12-30T00:00:00+00:00 [queued]>
[2024-01-08T18:40:32.238+0300] {taskinstance.py:1957} INFO - Dependencies all met for dep_context=requeueable deps ti=<TaskInstance: youtube_comments_score.get_data scheduled__2022-12-30T00:00:00+00:00 [queued]>
[2024-01-08T18:40:32.239+0300] {taskinstance.py:2171} INFO - Starting attempt 1 of 2
[2024-01-08T18:40:34.452+0300] {taskinstance.py:2192} INFO - Executing <Task(BashOperator): get_data> on 2022-12-30 00:00:00+00:00
[2024-01-08T18:40:34.487+0300] {standard_task_runner.py:60} INFO - Started process 12936 to run task
[2024-01-08T18:40:34.677+0300] {standard_task_runner.py:87} INFO - Running: ['airflow', 'tasks', 'run', 'youtube_comments_score', 'get_data', 'scheduled__2022-12-30T00:00:00+00:00', '--job-id', '1497', '--raw', '--subdir', 'DAGS_FOLDER/youtube_comments_score.py', '--cfg-path', '/tmp/tmpglbnyub7']
[2024-01-08T18:40:34.682+0300] {standard_task_runner.py:88} INFO - Job 1497: Subtask get_data
[2024-01-08T18:40:37.253+0300] {task_command.py:423} INFO - Running <TaskInstance: youtube_comments_score.get_data scheduled__2022-12-30T00:00:00+00:00 [running]> on host airflow
[2024-01-08T18:40:40.142+0300] {taskinstance.py:2481} INFO - Exporting env vars: AIRFLOW_CTX_DAG_OWNER='admin' AIRFLOW_CTX_DAG_ID='youtube_comments_score' AIRFLOW_CTX_TASK_ID='get_data' AIRFLOW_CTX_EXECUTION_DATE='2022-12-30T00:00:00+00:00' AIRFLOW_CTX_TRY_NUMBER='1' AIRFLOW_CTX_DAG_RUN_ID='scheduled__2022-12-30T00:00:00+00:00'
[2024-01-08T18:40:40.155+0300] {subprocess.py:63} INFO - Tmp dir root location: /tmp
[2024-01-08T18:40:40.158+0300] {subprocess.py:75} INFO - Running command: ['/usr/bin/bash', '-c', 'python3 /home/angry/mlops_3/scripts/get_data.py']
[2024-01-08T18:40:40.213+0300] {subprocess.py:86} INFO - Output:
[2024-01-08T18:40:48.328+0300] {subprocess.py:93} INFO - Traceback (most recent call last):
[2024-01-08T18:40:48.329+0300] {subprocess.py:93} INFO -   File "/home/angry/mlops_3/scripts/get_data.py", line 25, in <module>
[2024-01-08T18:40:48.330+0300] {subprocess.py:93} INFO -     for item in data['items']:
[2024-01-08T18:40:48.330+0300] {subprocess.py:93} INFO - KeyError: 'items'
[2024-01-08T18:40:48.473+0300] {subprocess.py:97} INFO - Command exited with return code 1
[2024-01-08T18:40:48.681+0300] {taskinstance.py:2699} ERROR - Task failed with exception
Traceback (most recent call last):
  File "/usr/local/lib/python3.10/dist-packages/airflow/models/taskinstance.py", line 433, in _execute_task
    result = execute_callable(context=context, **execute_callable_kwargs)
  File "/usr/local/lib/python3.10/dist-packages/airflow/operators/bash.py", line 212, in execute
    raise AirflowException(
airflow.exceptions.AirflowException: Bash command failed. The command returned a non-zero exit code 1.
[2024-01-08T18:40:48.765+0300] {taskinstance.py:1138} INFO - Marking task as UP_FOR_RETRY. dag_id=youtube_comments_score, task_id=get_data, execution_date=20221230T000000, start_date=20240108T154031, end_date=20240108T154048
[2024-01-08T18:40:49.742+0300] {standard_task_runner.py:107} ERROR - Failed to execute job 1497 for task get_data (Bash command failed. The command returned a non-zero exit code 1.; 12936)
[2024-01-08T18:40:49.870+0300] {local_task_job_runner.py:234} INFO - Task exited with return code 1
[2024-01-08T18:40:50.428+0300] {taskinstance.py:3281} INFO - 0 downstream tasks scheduled from follow-on schedule check
