[2024-01-08T18:44:53.010+0300] {taskinstance.py:1957} INFO - Dependencies all met for dep_context=non-requeueable deps ti=<TaskInstance: youtube_comments_score.get_data scheduled__2022-12-23T00:00:00+00:00 [queued]>
[2024-01-08T18:44:53.057+0300] {taskinstance.py:1957} INFO - Dependencies all met for dep_context=requeueable deps ti=<TaskInstance: youtube_comments_score.get_data scheduled__2022-12-23T00:00:00+00:00 [queued]>
[2024-01-08T18:44:53.057+0300] {taskinstance.py:2171} INFO - Starting attempt 2 of 2
[2024-01-08T18:44:53.141+0300] {taskinstance.py:2192} INFO - Executing <Task(BashOperator): get_data> on 2022-12-23 00:00:00+00:00
[2024-01-08T18:44:53.173+0300] {standard_task_runner.py:60} INFO - Started process 15728 to run task
[2024-01-08T18:44:53.214+0300] {standard_task_runner.py:87} INFO - Running: ['airflow', 'tasks', 'run', 'youtube_comments_score', 'get_data', 'scheduled__2022-12-23T00:00:00+00:00', '--job-id', '1522', '--raw', '--subdir', 'DAGS_FOLDER/youtube_comments_score.py', '--cfg-path', '/tmp/tmpm__0ohfn']
[2024-01-08T18:44:53.231+0300] {standard_task_runner.py:88} INFO - Job 1522: Subtask get_data
[2024-01-08T18:44:53.734+0300] {task_command.py:423} INFO - Running <TaskInstance: youtube_comments_score.get_data scheduled__2022-12-23T00:00:00+00:00 [running]> on host airflow
[2024-01-08T18:44:54.282+0300] {taskinstance.py:2481} INFO - Exporting env vars: AIRFLOW_CTX_DAG_OWNER='admin' AIRFLOW_CTX_DAG_ID='youtube_comments_score' AIRFLOW_CTX_TASK_ID='get_data' AIRFLOW_CTX_EXECUTION_DATE='2022-12-23T00:00:00+00:00' AIRFLOW_CTX_TRY_NUMBER='2' AIRFLOW_CTX_DAG_RUN_ID='scheduled__2022-12-23T00:00:00+00:00'
[2024-01-08T18:44:54.286+0300] {subprocess.py:63} INFO - Tmp dir root location: /tmp
[2024-01-08T18:44:54.296+0300] {subprocess.py:75} INFO - Running command: ['/usr/bin/bash', '-c', 'python3 /home/angry/mlops_3/scripts/get_data.py']
[2024-01-08T18:44:54.324+0300] {subprocess.py:86} INFO - Output:
[2024-01-08T18:45:02.844+0300] {subprocess.py:93} INFO - Traceback (most recent call last):
[2024-01-08T18:45:02.846+0300] {subprocess.py:93} INFO -   File "/home/angry/mlops_3/scripts/get_data.py", line 25, in <module>
[2024-01-08T18:45:02.847+0300] {subprocess.py:93} INFO -     for item in data['items']:
[2024-01-08T18:45:02.847+0300] {subprocess.py:93} INFO - KeyError: 'items'
[2024-01-08T18:45:02.960+0300] {subprocess.py:97} INFO - Command exited with return code 1
[2024-01-08T18:45:03.038+0300] {taskinstance.py:2699} ERROR - Task failed with exception
Traceback (most recent call last):
  File "/usr/local/lib/python3.10/dist-packages/airflow/models/taskinstance.py", line 433, in _execute_task
    result = execute_callable(context=context, **execute_callable_kwargs)
  File "/usr/local/lib/python3.10/dist-packages/airflow/operators/bash.py", line 212, in execute
    raise AirflowException(
airflow.exceptions.AirflowException: Bash command failed. The command returned a non-zero exit code 1.
[2024-01-08T18:45:03.048+0300] {taskinstance.py:1138} INFO - Marking task as FAILED. dag_id=youtube_comments_score, task_id=get_data, execution_date=20221223T000000, start_date=20240108T154453, end_date=20240108T154503
[2024-01-08T18:45:03.101+0300] {standard_task_runner.py:107} ERROR - Failed to execute job 1522 for task get_data (Bash command failed. The command returned a non-zero exit code 1.; 15728)
[2024-01-08T18:45:03.148+0300] {local_task_job_runner.py:234} INFO - Task exited with return code 1
[2024-01-08T18:45:03.254+0300] {taskinstance.py:3281} INFO - 0 downstream tasks scheduled from follow-on schedule check
