[2024-01-08T17:37:10.918+0300] {processor.py:161} INFO - Started process (PID=5420) to work on /home/angry/airflow/dags/app.py
[2024-01-08T17:37:10.920+0300] {processor.py:830} INFO - Processing file /home/angry/airflow/dags/app.py for tasks to queue
[2024-01-08T17:37:10.922+0300] {logging_mixin.py:188} INFO - [2024-01-08T17:37:10.921+0300] {dagbag.py:538} INFO - Filling up the DagBag from /home/angry/airflow/dags/app.py
[2024-01-08T17:37:10.953+0300] {processor.py:840} INFO - DAG(s) 'Hello-world_example' retrieved from /home/angry/airflow/dags/app.py
[2024-01-08T17:37:11.315+0300] {logging_mixin.py:188} INFO - [2024-01-08T17:37:11.314+0300] {dag.py:3033} INFO - Sync 1 DAGs
[2024-01-08T17:37:11.456+0300] {logging_mixin.py:188} INFO - [2024-01-08T17:37:11.455+0300] {dag.py:3820} INFO - Setting next_dagrun for Hello-world_example to 2024-01-08T14:36:00+00:00, run_after=2024-01-08T14:37:00+00:00
[2024-01-08T17:37:11.547+0300] {processor.py:183} INFO - Processing /home/angry/airflow/dags/app.py took 0.640 seconds
[2024-01-08T17:37:42.047+0300] {processor.py:161} INFO - Started process (PID=5775) to work on /home/angry/airflow/dags/app.py
[2024-01-08T17:37:42.059+0300] {processor.py:830} INFO - Processing file /home/angry/airflow/dags/app.py for tasks to queue
[2024-01-08T17:37:42.061+0300] {logging_mixin.py:188} INFO - [2024-01-08T17:37:42.061+0300] {dagbag.py:538} INFO - Filling up the DagBag from /home/angry/airflow/dags/app.py
[2024-01-08T17:37:42.109+0300] {processor.py:840} INFO - DAG(s) 'Hello-world_example' retrieved from /home/angry/airflow/dags/app.py
[2024-01-08T17:37:42.257+0300] {logging_mixin.py:188} INFO - [2024-01-08T17:37:42.254+0300] {dag.py:3033} INFO - Sync 1 DAGs
[2024-01-08T17:37:42.390+0300] {logging_mixin.py:188} INFO - [2024-01-08T17:37:42.389+0300] {dag.py:3820} INFO - Setting next_dagrun for Hello-world_example to 2024-01-08T14:36:00+00:00, run_after=2024-01-08T14:37:00+00:00
[2024-01-08T17:37:42.454+0300] {processor.py:183} INFO - Processing /home/angry/airflow/dags/app.py took 0.426 seconds
[2024-01-08T17:38:12.721+0300] {processor.py:161} INFO - Started process (PID=6093) to work on /home/angry/airflow/dags/app.py
[2024-01-08T17:38:12.735+0300] {processor.py:830} INFO - Processing file /home/angry/airflow/dags/app.py for tasks to queue
[2024-01-08T17:38:12.738+0300] {logging_mixin.py:188} INFO - [2024-01-08T17:38:12.737+0300] {dagbag.py:538} INFO - Filling up the DagBag from /home/angry/airflow/dags/app.py
[2024-01-08T17:38:12.790+0300] {processor.py:840} INFO - DAG(s) 'Hello-world_example' retrieved from /home/angry/airflow/dags/app.py
[2024-01-08T17:38:12.954+0300] {logging_mixin.py:188} INFO - [2024-01-08T17:38:12.953+0300] {dag.py:3033} INFO - Sync 1 DAGs
[2024-01-08T17:38:13.018+0300] {logging_mixin.py:188} INFO - [2024-01-08T17:38:13.018+0300] {dag.py:3820} INFO - Setting next_dagrun for Hello-world_example to 2024-01-08T14:37:00+00:00, run_after=2024-01-08T14:38:00+00:00
[2024-01-08T17:38:13.094+0300] {processor.py:183} INFO - Processing /home/angry/airflow/dags/app.py took 0.388 seconds
[2024-01-08T17:38:43.931+0300] {processor.py:161} INFO - Started process (PID=6465) to work on /home/angry/airflow/dags/app.py
[2024-01-08T17:38:43.934+0300] {processor.py:830} INFO - Processing file /home/angry/airflow/dags/app.py for tasks to queue
[2024-01-08T17:38:43.936+0300] {logging_mixin.py:188} INFO - [2024-01-08T17:38:43.935+0300] {dagbag.py:538} INFO - Filling up the DagBag from /home/angry/airflow/dags/app.py
[2024-01-08T17:38:43.967+0300] {processor.py:840} INFO - DAG(s) 'Hello-world_example' retrieved from /home/angry/airflow/dags/app.py
[2024-01-08T17:38:44.993+0300] {logging_mixin.py:188} INFO - [2024-01-08T17:38:44.993+0300] {process_utils.py:262} INFO - Waiting up to 5 seconds for processes to exit...
[2024-01-08T18:15:16.516+0300] {processor.py:161} INFO - Started process (PID=7359) to work on /home/angry/airflow/dags/app.py
[2024-01-08T18:15:16.519+0300] {processor.py:830} INFO - Processing file /home/angry/airflow/dags/app.py for tasks to queue
[2024-01-08T18:15:16.521+0300] {logging_mixin.py:188} INFO - [2024-01-08T18:15:16.520+0300] {dagbag.py:538} INFO - Filling up the DagBag from /home/angry/airflow/dags/app.py
[2024-01-08T18:15:16.557+0300] {processor.py:840} INFO - DAG(s) 'Hello-world_example' retrieved from /home/angry/airflow/dags/app.py
[2024-01-08T18:15:16.688+0300] {logging_mixin.py:188} INFO - [2024-01-08T18:15:16.687+0300] {dag.py:3033} INFO - Sync 1 DAGs
[2024-01-08T18:15:16.777+0300] {logging_mixin.py:188} INFO - [2024-01-08T18:15:16.776+0300] {dag.py:3820} INFO - Setting next_dagrun for Hello-world_example to 2024-01-08T15:14:00+00:00, run_after=2024-01-08T15:15:00+00:00
[2024-01-08T18:15:16.858+0300] {processor.py:183} INFO - Processing /home/angry/airflow/dags/app.py took 0.353 seconds
[2024-01-08T18:15:47.998+0300] {processor.py:161} INFO - Started process (PID=7701) to work on /home/angry/airflow/dags/app.py
[2024-01-08T18:15:48.002+0300] {processor.py:830} INFO - Processing file /home/angry/airflow/dags/app.py for tasks to queue
[2024-01-08T18:15:48.005+0300] {logging_mixin.py:188} INFO - [2024-01-08T18:15:48.004+0300] {dagbag.py:538} INFO - Filling up the DagBag from /home/angry/airflow/dags/app.py
[2024-01-08T18:15:48.031+0300] {processor.py:840} INFO - DAG(s) 'Hello-world_example' retrieved from /home/angry/airflow/dags/app.py
[2024-01-08T18:15:48.191+0300] {logging_mixin.py:188} INFO - [2024-01-08T18:15:48.191+0300] {dag.py:3033} INFO - Sync 1 DAGs
[2024-01-08T18:15:48.374+0300] {logging_mixin.py:188} INFO - [2024-01-08T18:15:48.373+0300] {dag.py:3820} INFO - Setting next_dagrun for Hello-world_example to 2024-01-08T15:14:00+00:00, run_after=2024-01-08T15:15:00+00:00
[2024-01-08T18:15:48.444+0300] {processor.py:183} INFO - Processing /home/angry/airflow/dags/app.py took 0.460 seconds
[2024-01-08T18:27:50.374+0300] {processor.py:161} INFO - Started process (PID=8363) to work on /home/angry/airflow/dags/app.py
[2024-01-08T18:27:50.416+0300] {processor.py:830} INFO - Processing file /home/angry/airflow/dags/app.py for tasks to queue
[2024-01-08T18:27:50.419+0300] {logging_mixin.py:188} INFO - [2024-01-08T18:27:50.418+0300] {dagbag.py:538} INFO - Filling up the DagBag from /home/angry/airflow/dags/app.py
[2024-01-08T18:27:50.673+0300] {processor.py:840} INFO - DAG(s) 'Hello-world_example' retrieved from /home/angry/airflow/dags/app.py
[2024-01-08T18:27:50.887+0300] {logging_mixin.py:188} INFO - [2024-01-08T18:27:50.886+0300] {dag.py:3033} INFO - Sync 1 DAGs
[2024-01-08T18:27:51.466+0300] {logging_mixin.py:188} INFO - [2024-01-08T18:27:51.466+0300] {dag.py:3820} INFO - Setting next_dagrun for Hello-world_example to 2024-01-08T15:26:00+00:00, run_after=2024-01-08T15:27:00+00:00
[2024-01-08T18:27:51.939+0300] {processor.py:183} INFO - Processing /home/angry/airflow/dags/app.py took 1.595 seconds
[2024-01-08T18:31:49.934+0300] {processor.py:161} INFO - Started process (PID=9515) to work on /home/angry/airflow/dags/app.py
[2024-01-08T18:31:50.056+0300] {processor.py:830} INFO - Processing file /home/angry/airflow/dags/app.py for tasks to queue
[2024-01-08T18:31:50.058+0300] {logging_mixin.py:188} INFO - [2024-01-08T18:31:50.058+0300] {dagbag.py:538} INFO - Filling up the DagBag from /home/angry/airflow/dags/app.py
[2024-01-08T18:31:50.560+0300] {processor.py:840} INFO - DAG(s) 'Hello-world_example' retrieved from /home/angry/airflow/dags/app.py
[2024-01-08T18:31:51.963+0300] {logging_mixin.py:188} INFO - [2024-01-08T18:31:51.962+0300] {dag.py:3033} INFO - Sync 1 DAGs
[2024-01-08T18:31:52.893+0300] {logging_mixin.py:188} INFO - [2024-01-08T18:31:52.892+0300] {dag.py:3820} INFO - Setting next_dagrun for Hello-world_example to 2024-01-08T15:30:00+00:00, run_after=2024-01-08T15:31:00+00:00
[2024-01-08T18:31:53.810+0300] {processor.py:183} INFO - Processing /home/angry/airflow/dags/app.py took 4.322 seconds
[2024-01-08T18:34:20.921+0300] {processor.py:161} INFO - Started process (PID=10484) to work on /home/angry/airflow/dags/app.py
[2024-01-08T18:34:20.938+0300] {processor.py:830} INFO - Processing file /home/angry/airflow/dags/app.py for tasks to queue
[2024-01-08T18:34:20.950+0300] {logging_mixin.py:188} INFO - [2024-01-08T18:34:20.949+0300] {dagbag.py:538} INFO - Filling up the DagBag from /home/angry/airflow/dags/app.py
[2024-01-08T18:34:21.112+0300] {processor.py:840} INFO - DAG(s) 'Hello-world_example' retrieved from /home/angry/airflow/dags/app.py
[2024-01-08T18:34:22.150+0300] {logging_mixin.py:188} INFO - [2024-01-08T18:34:22.150+0300] {dag.py:3033} INFO - Sync 1 DAGs
[2024-01-08T18:34:22.374+0300] {logging_mixin.py:188} INFO - [2024-01-08T18:34:22.374+0300] {dag.py:3820} INFO - Setting next_dagrun for Hello-world_example to 2024-01-08T15:33:00+00:00, run_after=2024-01-08T15:34:00+00:00
[2024-01-08T18:34:23.474+0300] {processor.py:183} INFO - Processing /home/angry/airflow/dags/app.py took 2.572 seconds
[2024-01-08T18:37:18.935+0300] {processor.py:161} INFO - Started process (PID=11648) to work on /home/angry/airflow/dags/app.py
[2024-01-08T18:37:19.015+0300] {processor.py:830} INFO - Processing file /home/angry/airflow/dags/app.py for tasks to queue
[2024-01-08T18:37:19.017+0300] {logging_mixin.py:188} INFO - [2024-01-08T18:37:19.016+0300] {dagbag.py:538} INFO - Filling up the DagBag from /home/angry/airflow/dags/app.py
[2024-01-08T18:37:19.263+0300] {processor.py:840} INFO - DAG(s) 'Hello-world_example' retrieved from /home/angry/airflow/dags/app.py
[2024-01-08T18:37:20.068+0300] {logging_mixin.py:188} INFO - [2024-01-08T18:37:20.068+0300] {dag.py:3033} INFO - Sync 1 DAGs
[2024-01-08T18:37:21.225+0300] {logging_mixin.py:188} INFO - [2024-01-08T18:37:21.225+0300] {dag.py:3820} INFO - Setting next_dagrun for Hello-world_example to 2024-01-08T15:36:00+00:00, run_after=2024-01-08T15:37:00+00:00
[2024-01-08T18:37:22.058+0300] {processor.py:183} INFO - Processing /home/angry/airflow/dags/app.py took 3.240 seconds
[2024-01-08T18:38:25.312+0300] {processor.py:161} INFO - Started process (PID=12178) to work on /home/angry/airflow/dags/app.py
[2024-01-08T18:38:25.364+0300] {processor.py:830} INFO - Processing file /home/angry/airflow/dags/app.py for tasks to queue
[2024-01-08T18:38:25.367+0300] {logging_mixin.py:188} INFO - [2024-01-08T18:38:25.366+0300] {dagbag.py:538} INFO - Filling up the DagBag from /home/angry/airflow/dags/app.py
[2024-01-08T18:38:25.522+0300] {processor.py:840} INFO - DAG(s) 'Hello-world_example' retrieved from /home/angry/airflow/dags/app.py
[2024-01-08T18:38:26.393+0300] {logging_mixin.py:188} INFO - [2024-01-08T18:38:26.393+0300] {dag.py:3033} INFO - Sync 1 DAGs
[2024-01-08T18:38:26.919+0300] {logging_mixin.py:188} INFO - [2024-01-08T18:38:26.907+0300] {dag.py:3820} INFO - Setting next_dagrun for Hello-world_example to 2024-01-08T15:37:00+00:00, run_after=2024-01-08T15:38:00+00:00
[2024-01-08T18:38:27.569+0300] {processor.py:183} INFO - Processing /home/angry/airflow/dags/app.py took 2.443 seconds
[2024-01-08T18:40:13.527+0300] {processor.py:161} INFO - Started process (PID=12790) to work on /home/angry/airflow/dags/app.py
[2024-01-08T18:40:13.748+0300] {processor.py:830} INFO - Processing file /home/angry/airflow/dags/app.py for tasks to queue
[2024-01-08T18:40:13.751+0300] {logging_mixin.py:188} INFO - [2024-01-08T18:40:13.750+0300] {dagbag.py:538} INFO - Filling up the DagBag from /home/angry/airflow/dags/app.py
[2024-01-08T18:40:14.714+0300] {processor.py:840} INFO - DAG(s) 'Hello-world_example' retrieved from /home/angry/airflow/dags/app.py
[2024-01-08T18:40:17.055+0300] {logging_mixin.py:188} INFO - [2024-01-08T18:40:17.038+0300] {dag.py:3033} INFO - Sync 1 DAGs
[2024-01-08T18:40:18.687+0300] {logging_mixin.py:188} INFO - [2024-01-08T18:40:18.687+0300] {dag.py:3820} INFO - Setting next_dagrun for Hello-world_example to 2024-01-08T15:39:00+00:00, run_after=2024-01-08T15:40:00+00:00
[2024-01-08T18:40:20.056+0300] {processor.py:183} INFO - Processing /home/angry/airflow/dags/app.py took 6.851 seconds
[2024-01-08T18:41:22.643+0300] {processor.py:161} INFO - Started process (PID=13404) to work on /home/angry/airflow/dags/app.py
[2024-01-08T18:41:22.685+0300] {processor.py:830} INFO - Processing file /home/angry/airflow/dags/app.py for tasks to queue
[2024-01-08T18:41:22.687+0300] {logging_mixin.py:188} INFO - [2024-01-08T18:41:22.686+0300] {dagbag.py:538} INFO - Filling up the DagBag from /home/angry/airflow/dags/app.py
[2024-01-08T18:41:23.110+0300] {processor.py:840} INFO - DAG(s) 'Hello-world_example' retrieved from /home/angry/airflow/dags/app.py
[2024-01-08T18:41:24.125+0300] {logging_mixin.py:188} INFO - [2024-01-08T18:41:24.124+0300] {dag.py:3033} INFO - Sync 1 DAGs
[2024-01-08T18:41:25.000+0300] {logging_mixin.py:188} INFO - [2024-01-08T18:41:24.999+0300] {dag.py:3820} INFO - Setting next_dagrun for Hello-world_example to 2024-01-08T15:40:00+00:00, run_after=2024-01-08T15:41:00+00:00
[2024-01-08T18:41:25.472+0300] {processor.py:183} INFO - Processing /home/angry/airflow/dags/app.py took 3.018 seconds
[2024-01-08T18:42:12.147+0300] {processor.py:161} INFO - Started process (PID=13970) to work on /home/angry/airflow/dags/app.py
[2024-01-08T18:42:12.151+0300] {processor.py:830} INFO - Processing file /home/angry/airflow/dags/app.py for tasks to queue
[2024-01-08T18:42:12.153+0300] {logging_mixin.py:188} INFO - [2024-01-08T18:42:12.152+0300] {dagbag.py:538} INFO - Filling up the DagBag from /home/angry/airflow/dags/app.py
[2024-01-08T18:42:12.187+0300] {processor.py:840} INFO - DAG(s) 'Hello-world_example' retrieved from /home/angry/airflow/dags/app.py
[2024-01-08T18:42:12.289+0300] {logging_mixin.py:188} INFO - [2024-01-08T18:42:12.288+0300] {dag.py:3033} INFO - Sync 1 DAGs
[2024-01-08T18:42:12.387+0300] {logging_mixin.py:188} INFO - [2024-01-08T18:42:12.387+0300] {dag.py:3820} INFO - Setting next_dagrun for Hello-world_example to 2024-01-08T15:41:00+00:00, run_after=2024-01-08T15:42:00+00:00
[2024-01-08T18:42:12.465+0300] {processor.py:183} INFO - Processing /home/angry/airflow/dags/app.py took 0.332 seconds
[2024-01-08T18:42:49.713+0300] {processor.py:161} INFO - Started process (PID=14385) to work on /home/angry/airflow/dags/app.py
[2024-01-08T18:42:49.811+0300] {processor.py:830} INFO - Processing file /home/angry/airflow/dags/app.py for tasks to queue
[2024-01-08T18:42:49.835+0300] {logging_mixin.py:188} INFO - [2024-01-08T18:42:49.834+0300] {dagbag.py:538} INFO - Filling up the DagBag from /home/angry/airflow/dags/app.py
[2024-01-08T18:42:50.049+0300] {processor.py:840} INFO - DAG(s) 'Hello-world_example' retrieved from /home/angry/airflow/dags/app.py
[2024-01-08T18:42:50.794+0300] {logging_mixin.py:188} INFO - [2024-01-08T18:42:50.794+0300] {dag.py:3033} INFO - Sync 1 DAGs
[2024-01-08T18:42:51.431+0300] {logging_mixin.py:188} INFO - [2024-01-08T18:42:51.431+0300] {dag.py:3820} INFO - Setting next_dagrun for Hello-world_example to 2024-01-08T15:41:00+00:00, run_after=2024-01-08T15:42:00+00:00
[2024-01-08T18:42:51.877+0300] {processor.py:183} INFO - Processing /home/angry/airflow/dags/app.py took 2.238 seconds
[2024-01-08T18:43:22.212+0300] {processor.py:161} INFO - Started process (PID=14751) to work on /home/angry/airflow/dags/app.py
[2024-01-08T18:43:22.216+0300] {processor.py:830} INFO - Processing file /home/angry/airflow/dags/app.py for tasks to queue
[2024-01-08T18:43:22.219+0300] {logging_mixin.py:188} INFO - [2024-01-08T18:43:22.218+0300] {dagbag.py:538} INFO - Filling up the DagBag from /home/angry/airflow/dags/app.py
[2024-01-08T18:43:22.250+0300] {processor.py:840} INFO - DAG(s) 'Hello-world_example' retrieved from /home/angry/airflow/dags/app.py
[2024-01-08T18:43:22.415+0300] {logging_mixin.py:188} INFO - [2024-01-08T18:43:22.415+0300] {dag.py:3033} INFO - Sync 1 DAGs
[2024-01-08T18:43:22.536+0300] {logging_mixin.py:188} INFO - [2024-01-08T18:43:22.536+0300] {dag.py:3820} INFO - Setting next_dagrun for Hello-world_example to 2024-01-08T15:42:00+00:00, run_after=2024-01-08T15:43:00+00:00
[2024-01-08T18:43:22.658+0300] {processor.py:183} INFO - Processing /home/angry/airflow/dags/app.py took 0.461 seconds
[2024-01-08T18:43:52.945+0300] {processor.py:161} INFO - Started process (PID=15069) to work on /home/angry/airflow/dags/app.py
[2024-01-08T18:43:52.972+0300] {processor.py:830} INFO - Processing file /home/angry/airflow/dags/app.py for tasks to queue
[2024-01-08T18:43:52.977+0300] {logging_mixin.py:188} INFO - [2024-01-08T18:43:52.976+0300] {dagbag.py:538} INFO - Filling up the DagBag from /home/angry/airflow/dags/app.py
[2024-01-08T18:43:53.032+0300] {processor.py:840} INFO - DAG(s) 'Hello-world_example' retrieved from /home/angry/airflow/dags/app.py
[2024-01-08T18:43:53.221+0300] {logging_mixin.py:188} INFO - [2024-01-08T18:43:53.221+0300] {dag.py:3033} INFO - Sync 1 DAGs
[2024-01-08T18:43:53.397+0300] {logging_mixin.py:188} INFO - [2024-01-08T18:43:53.396+0300] {dag.py:3820} INFO - Setting next_dagrun for Hello-world_example to 2024-01-08T15:42:00+00:00, run_after=2024-01-08T15:43:00+00:00
[2024-01-08T18:43:53.457+0300] {processor.py:183} INFO - Processing /home/angry/airflow/dags/app.py took 0.546 seconds
[2024-01-08T18:44:23.610+0300] {processor.py:161} INFO - Started process (PID=15385) to work on /home/angry/airflow/dags/app.py
[2024-01-08T18:44:23.613+0300] {processor.py:830} INFO - Processing file /home/angry/airflow/dags/app.py for tasks to queue
[2024-01-08T18:44:23.616+0300] {logging_mixin.py:188} INFO - [2024-01-08T18:44:23.615+0300] {dagbag.py:538} INFO - Filling up the DagBag from /home/angry/airflow/dags/app.py
[2024-01-08T18:44:23.693+0300] {processor.py:840} INFO - DAG(s) 'Hello-world_example' retrieved from /home/angry/airflow/dags/app.py
[2024-01-08T18:44:23.820+0300] {logging_mixin.py:188} INFO - [2024-01-08T18:44:23.818+0300] {dag.py:3033} INFO - Sync 1 DAGs
[2024-01-08T18:44:23.882+0300] {logging_mixin.py:188} INFO - [2024-01-08T18:44:23.881+0300] {dag.py:3820} INFO - Setting next_dagrun for Hello-world_example to 2024-01-08T15:43:00+00:00, run_after=2024-01-08T15:44:00+00:00
[2024-01-08T18:44:23.935+0300] {processor.py:183} INFO - Processing /home/angry/airflow/dags/app.py took 0.338 seconds
[2024-01-08T18:44:54.926+0300] {processor.py:161} INFO - Started process (PID=15753) to work on /home/angry/airflow/dags/app.py
[2024-01-08T18:44:54.947+0300] {processor.py:830} INFO - Processing file /home/angry/airflow/dags/app.py for tasks to queue
[2024-01-08T18:44:54.951+0300] {logging_mixin.py:188} INFO - [2024-01-08T18:44:54.950+0300] {dagbag.py:538} INFO - Filling up the DagBag from /home/angry/airflow/dags/app.py
[2024-01-08T18:44:54.971+0300] {processor.py:840} INFO - DAG(s) 'Hello-world_example' retrieved from /home/angry/airflow/dags/app.py
[2024-01-08T18:44:55.101+0300] {logging_mixin.py:188} INFO - [2024-01-08T18:44:55.100+0300] {dag.py:3033} INFO - Sync 1 DAGs
[2024-01-08T18:44:55.351+0300] {logging_mixin.py:188} INFO - [2024-01-08T18:44:55.351+0300] {dag.py:3820} INFO - Setting next_dagrun for Hello-world_example to 2024-01-08T15:43:00+00:00, run_after=2024-01-08T15:44:00+00:00
[2024-01-08T18:44:55.493+0300] {processor.py:183} INFO - Processing /home/angry/airflow/dags/app.py took 0.595 seconds
[2024-01-08T18:45:32.043+0300] {processor.py:161} INFO - Started process (PID=16160) to work on /home/angry/airflow/dags/app.py
[2024-01-08T18:45:32.063+0300] {processor.py:830} INFO - Processing file /home/angry/airflow/dags/app.py for tasks to queue
[2024-01-08T18:45:32.067+0300] {logging_mixin.py:188} INFO - [2024-01-08T18:45:32.066+0300] {dagbag.py:538} INFO - Filling up the DagBag from /home/angry/airflow/dags/app.py
[2024-01-08T18:45:32.243+0300] {processor.py:840} INFO - DAG(s) 'Hello-world_example' retrieved from /home/angry/airflow/dags/app.py
[2024-01-08T18:45:32.650+0300] {logging_mixin.py:188} INFO - [2024-01-08T18:45:32.650+0300] {dag.py:3033} INFO - Sync 1 DAGs
[2024-01-08T18:45:32.900+0300] {logging_mixin.py:188} INFO - [2024-01-08T18:45:32.899+0300] {dag.py:3820} INFO - Setting next_dagrun for Hello-world_example to 2024-01-08T15:44:00+00:00, run_after=2024-01-08T15:45:00+00:00
[2024-01-08T18:45:33.095+0300] {processor.py:183} INFO - Processing /home/angry/airflow/dags/app.py took 1.109 seconds
[2024-01-08T18:46:06.536+0300] {processor.py:161} INFO - Started process (PID=16513) to work on /home/angry/airflow/dags/app.py
[2024-01-08T18:46:06.553+0300] {processor.py:830} INFO - Processing file /home/angry/airflow/dags/app.py for tasks to queue
[2024-01-08T18:46:06.559+0300] {logging_mixin.py:188} INFO - [2024-01-08T18:46:06.558+0300] {dagbag.py:538} INFO - Filling up the DagBag from /home/angry/airflow/dags/app.py
[2024-01-08T18:46:06.657+0300] {processor.py:840} INFO - DAG(s) 'Hello-world_example' retrieved from /home/angry/airflow/dags/app.py
[2024-01-08T18:46:06.986+0300] {logging_mixin.py:188} INFO - [2024-01-08T18:46:06.986+0300] {dag.py:3033} INFO - Sync 1 DAGs
[2024-01-08T18:46:07.422+0300] {logging_mixin.py:188} INFO - [2024-01-08T18:46:07.422+0300] {dag.py:3820} INFO - Setting next_dagrun for Hello-world_example to 2024-01-08T15:45:00+00:00, run_after=2024-01-08T15:46:00+00:00
[2024-01-08T18:46:07.591+0300] {processor.py:183} INFO - Processing /home/angry/airflow/dags/app.py took 1.139 seconds
[2024-01-08T18:46:41.034+0300] {processor.py:161} INFO - Started process (PID=16897) to work on /home/angry/airflow/dags/app.py
[2024-01-08T18:46:41.036+0300] {processor.py:830} INFO - Processing file /home/angry/airflow/dags/app.py for tasks to queue
[2024-01-08T18:46:41.038+0300] {logging_mixin.py:188} INFO - [2024-01-08T18:46:41.037+0300] {dagbag.py:538} INFO - Filling up the DagBag from /home/angry/airflow/dags/app.py
[2024-01-08T18:46:41.069+0300] {processor.py:840} INFO - DAG(s) 'Hello-world_example' retrieved from /home/angry/airflow/dags/app.py
[2024-01-08T18:46:41.247+0300] {logging_mixin.py:188} INFO - [2024-01-08T18:46:41.246+0300] {dag.py:3033} INFO - Sync 1 DAGs
[2024-01-08T18:46:41.459+0300] {logging_mixin.py:188} INFO - [2024-01-08T18:46:41.451+0300] {dag.py:3820} INFO - Setting next_dagrun for Hello-world_example to 2024-01-08T15:45:00+00:00, run_after=2024-01-08T15:46:00+00:00
[2024-01-08T18:46:41.676+0300] {processor.py:183} INFO - Processing /home/angry/airflow/dags/app.py took 0.666 seconds
[2024-01-08T18:47:12.126+0300] {processor.py:161} INFO - Started process (PID=17295) to work on /home/angry/airflow/dags/app.py
[2024-01-08T18:47:12.127+0300] {processor.py:830} INFO - Processing file /home/angry/airflow/dags/app.py for tasks to queue
[2024-01-08T18:47:12.129+0300] {logging_mixin.py:188} INFO - [2024-01-08T18:47:12.128+0300] {dagbag.py:538} INFO - Filling up the DagBag from /home/angry/airflow/dags/app.py
[2024-01-08T18:47:12.155+0300] {processor.py:840} INFO - DAG(s) 'Hello-world_example' retrieved from /home/angry/airflow/dags/app.py
[2024-01-08T18:47:12.275+0300] {logging_mixin.py:188} INFO - [2024-01-08T18:47:12.274+0300] {dag.py:3033} INFO - Sync 1 DAGs
[2024-01-08T18:47:12.418+0300] {logging_mixin.py:188} INFO - [2024-01-08T18:47:12.418+0300] {dag.py:3820} INFO - Setting next_dagrun for Hello-world_example to 2024-01-08T15:46:00+00:00, run_after=2024-01-08T15:47:00+00:00
[2024-01-08T18:47:12.520+0300] {processor.py:183} INFO - Processing /home/angry/airflow/dags/app.py took 0.404 seconds
[2024-01-08T18:47:43.573+0300] {processor.py:161} INFO - Started process (PID=17634) to work on /home/angry/airflow/dags/app.py
[2024-01-08T18:47:43.601+0300] {processor.py:830} INFO - Processing file /home/angry/airflow/dags/app.py for tasks to queue
[2024-01-08T18:47:43.604+0300] {logging_mixin.py:188} INFO - [2024-01-08T18:47:43.603+0300] {dagbag.py:538} INFO - Filling up the DagBag from /home/angry/airflow/dags/app.py
[2024-01-08T18:47:43.655+0300] {processor.py:840} INFO - DAG(s) 'Hello-world_example' retrieved from /home/angry/airflow/dags/app.py
[2024-01-08T18:47:43.752+0300] {logging_mixin.py:188} INFO - [2024-01-08T18:47:43.752+0300] {dag.py:3033} INFO - Sync 1 DAGs
[2024-01-08T18:47:43.858+0300] {logging_mixin.py:188} INFO - [2024-01-08T18:47:43.857+0300] {dag.py:3820} INFO - Setting next_dagrun for Hello-world_example to 2024-01-08T15:46:00+00:00, run_after=2024-01-08T15:47:00+00:00
[2024-01-08T18:47:43.905+0300] {processor.py:183} INFO - Processing /home/angry/airflow/dags/app.py took 0.346 seconds
[2024-01-08T18:48:20.702+0300] {processor.py:161} INFO - Started process (PID=18026) to work on /home/angry/airflow/dags/app.py
[2024-01-08T18:48:20.769+0300] {processor.py:830} INFO - Processing file /home/angry/airflow/dags/app.py for tasks to queue
[2024-01-08T18:48:20.771+0300] {logging_mixin.py:188} INFO - [2024-01-08T18:48:20.770+0300] {dagbag.py:538} INFO - Filling up the DagBag from /home/angry/airflow/dags/app.py
[2024-01-08T18:48:20.909+0300] {processor.py:840} INFO - DAG(s) 'Hello-world_example' retrieved from /home/angry/airflow/dags/app.py
[2024-01-08T18:48:21.335+0300] {logging_mixin.py:188} INFO - [2024-01-08T18:48:21.319+0300] {dag.py:3033} INFO - Sync 1 DAGs
[2024-01-08T18:48:21.944+0300] {logging_mixin.py:188} INFO - [2024-01-08T18:48:21.944+0300] {dag.py:3820} INFO - Setting next_dagrun for Hello-world_example to 2024-01-08T15:47:00+00:00, run_after=2024-01-08T15:48:00+00:00
[2024-01-08T18:48:22.348+0300] {processor.py:183} INFO - Processing /home/angry/airflow/dags/app.py took 1.764 seconds
[2024-01-08T18:48:53.430+0300] {processor.py:161} INFO - Started process (PID=18410) to work on /home/angry/airflow/dags/app.py
[2024-01-08T18:48:53.432+0300] {processor.py:830} INFO - Processing file /home/angry/airflow/dags/app.py for tasks to queue
[2024-01-08T18:48:53.439+0300] {logging_mixin.py:188} INFO - [2024-01-08T18:48:53.433+0300] {dagbag.py:538} INFO - Filling up the DagBag from /home/angry/airflow/dags/app.py
[2024-01-08T18:48:53.486+0300] {processor.py:840} INFO - DAG(s) 'Hello-world_example' retrieved from /home/angry/airflow/dags/app.py
[2024-01-08T18:48:53.751+0300] {logging_mixin.py:188} INFO - [2024-01-08T18:48:53.750+0300] {dag.py:3033} INFO - Sync 1 DAGs
[2024-01-08T18:48:53.942+0300] {logging_mixin.py:188} INFO - [2024-01-08T18:48:53.942+0300] {dag.py:3820} INFO - Setting next_dagrun for Hello-world_example to 2024-01-08T15:47:00+00:00, run_after=2024-01-08T15:48:00+00:00
[2024-01-08T18:48:54.037+0300] {processor.py:183} INFO - Processing /home/angry/airflow/dags/app.py took 0.631 seconds
[2024-01-08T18:49:27.791+0300] {processor.py:161} INFO - Started process (PID=18822) to work on /home/angry/airflow/dags/app.py
[2024-01-08T18:49:27.794+0300] {processor.py:830} INFO - Processing file /home/angry/airflow/dags/app.py for tasks to queue
[2024-01-08T18:49:27.796+0300] {logging_mixin.py:188} INFO - [2024-01-08T18:49:27.795+0300] {dagbag.py:538} INFO - Filling up the DagBag from /home/angry/airflow/dags/app.py
[2024-01-08T18:49:27.821+0300] {processor.py:840} INFO - DAG(s) 'Hello-world_example' retrieved from /home/angry/airflow/dags/app.py
[2024-01-08T18:49:27.940+0300] {logging_mixin.py:188} INFO - [2024-01-08T18:49:27.939+0300] {dag.py:3033} INFO - Sync 1 DAGs
[2024-01-08T18:49:28.027+0300] {logging_mixin.py:188} INFO - [2024-01-08T18:49:28.026+0300] {dag.py:3820} INFO - Setting next_dagrun for Hello-world_example to 2024-01-08T15:48:00+00:00, run_after=2024-01-08T15:49:00+00:00
[2024-01-08T18:49:28.083+0300] {processor.py:183} INFO - Processing /home/angry/airflow/dags/app.py took 0.307 seconds
[2024-01-08T18:49:59.030+0300] {processor.py:161} INFO - Started process (PID=19138) to work on /home/angry/airflow/dags/app.py
[2024-01-08T18:49:59.037+0300] {processor.py:830} INFO - Processing file /home/angry/airflow/dags/app.py for tasks to queue
[2024-01-08T18:49:59.039+0300] {logging_mixin.py:188} INFO - [2024-01-08T18:49:59.038+0300] {dagbag.py:538} INFO - Filling up the DagBag from /home/angry/airflow/dags/app.py
[2024-01-08T18:49:59.079+0300] {processor.py:840} INFO - DAG(s) 'Hello-world_example' retrieved from /home/angry/airflow/dags/app.py
[2024-01-08T18:49:59.274+0300] {logging_mixin.py:188} INFO - [2024-01-08T18:49:59.274+0300] {dag.py:3033} INFO - Sync 1 DAGs
[2024-01-08T18:49:59.385+0300] {logging_mixin.py:188} INFO - [2024-01-08T18:49:59.385+0300] {dag.py:3820} INFO - Setting next_dagrun for Hello-world_example to 2024-01-08T15:48:00+00:00, run_after=2024-01-08T15:49:00+00:00
[2024-01-08T18:49:59.508+0300] {processor.py:183} INFO - Processing /home/angry/airflow/dags/app.py took 0.506 seconds
[2024-01-08T18:50:30.052+0300] {processor.py:161} INFO - Started process (PID=19453) to work on /home/angry/airflow/dags/app.py
[2024-01-08T18:50:30.055+0300] {processor.py:830} INFO - Processing file /home/angry/airflow/dags/app.py for tasks to queue
[2024-01-08T18:50:30.058+0300] {logging_mixin.py:188} INFO - [2024-01-08T18:50:30.057+0300] {dagbag.py:538} INFO - Filling up the DagBag from /home/angry/airflow/dags/app.py
[2024-01-08T18:50:30.087+0300] {processor.py:840} INFO - DAG(s) 'Hello-world_example' retrieved from /home/angry/airflow/dags/app.py
[2024-01-08T18:50:30.251+0300] {logging_mixin.py:188} INFO - [2024-01-08T18:50:30.251+0300] {dag.py:3033} INFO - Sync 1 DAGs
[2024-01-08T18:50:30.347+0300] {logging_mixin.py:188} INFO - [2024-01-08T18:50:30.346+0300] {dag.py:3820} INFO - Setting next_dagrun for Hello-world_example to 2024-01-08T15:49:00+00:00, run_after=2024-01-08T15:50:00+00:00
[2024-01-08T18:50:30.400+0300] {processor.py:183} INFO - Processing /home/angry/airflow/dags/app.py took 0.358 seconds
[2024-01-08T18:51:03.318+0300] {processor.py:161} INFO - Started process (PID=19790) to work on /home/angry/airflow/dags/app.py
[2024-01-08T18:51:03.323+0300] {processor.py:830} INFO - Processing file /home/angry/airflow/dags/app.py for tasks to queue
[2024-01-08T18:51:03.327+0300] {logging_mixin.py:188} INFO - [2024-01-08T18:51:03.326+0300] {dagbag.py:538} INFO - Filling up the DagBag from /home/angry/airflow/dags/app.py
[2024-01-08T18:51:03.388+0300] {processor.py:840} INFO - DAG(s) 'Hello-world_example' retrieved from /home/angry/airflow/dags/app.py
[2024-01-08T18:51:03.697+0300] {logging_mixin.py:188} INFO - [2024-01-08T18:51:03.696+0300] {dag.py:3033} INFO - Sync 1 DAGs
[2024-01-08T18:51:03.877+0300] {logging_mixin.py:188} INFO - [2024-01-08T18:51:03.876+0300] {dag.py:3820} INFO - Setting next_dagrun for Hello-world_example to 2024-01-08T15:50:00+00:00, run_after=2024-01-08T15:51:00+00:00
[2024-01-08T18:51:03.990+0300] {processor.py:183} INFO - Processing /home/angry/airflow/dags/app.py took 0.702 seconds
[2024-01-08T18:51:35.350+0300] {processor.py:161} INFO - Started process (PID=20163) to work on /home/angry/airflow/dags/app.py
[2024-01-08T18:51:35.367+0300] {processor.py:830} INFO - Processing file /home/angry/airflow/dags/app.py for tasks to queue
[2024-01-08T18:51:35.380+0300] {logging_mixin.py:188} INFO - [2024-01-08T18:51:35.379+0300] {dagbag.py:538} INFO - Filling up the DagBag from /home/angry/airflow/dags/app.py
[2024-01-08T18:51:35.490+0300] {processor.py:840} INFO - DAG(s) 'Hello-world_example' retrieved from /home/angry/airflow/dags/app.py
[2024-01-08T18:51:35.820+0300] {logging_mixin.py:188} INFO - [2024-01-08T18:51:35.819+0300] {dag.py:3033} INFO - Sync 1 DAGs
[2024-01-08T18:51:36.049+0300] {logging_mixin.py:188} INFO - [2024-01-08T18:51:36.048+0300] {dag.py:3820} INFO - Setting next_dagrun for Hello-world_example to 2024-01-08T15:50:00+00:00, run_after=2024-01-08T15:51:00+00:00
[2024-01-08T18:51:36.131+0300] {processor.py:183} INFO - Processing /home/angry/airflow/dags/app.py took 0.829 seconds
[2024-01-08T18:52:27.876+0300] {processor.py:161} INFO - Started process (PID=20705) to work on /home/angry/airflow/dags/app.py
[2024-01-08T18:52:27.932+0300] {processor.py:830} INFO - Processing file /home/angry/airflow/dags/app.py for tasks to queue
[2024-01-08T18:52:27.934+0300] {logging_mixin.py:188} INFO - [2024-01-08T18:52:27.934+0300] {dagbag.py:538} INFO - Filling up the DagBag from /home/angry/airflow/dags/app.py
[2024-01-08T18:52:28.033+0300] {processor.py:840} INFO - DAG(s) 'Hello-world_example' retrieved from /home/angry/airflow/dags/app.py
[2024-01-08T18:52:28.458+0300] {logging_mixin.py:188} INFO - [2024-01-08T18:52:28.458+0300] {dag.py:3033} INFO - Sync 1 DAGs
[2024-01-08T18:52:28.690+0300] {logging_mixin.py:188} INFO - [2024-01-08T18:52:28.690+0300] {dag.py:3820} INFO - Setting next_dagrun for Hello-world_example to 2024-01-08T15:51:00+00:00, run_after=2024-01-08T15:52:00+00:00
[2024-01-08T18:52:28.771+0300] {processor.py:183} INFO - Processing /home/angry/airflow/dags/app.py took 0.966 seconds
[2024-01-08T18:53:00.679+0300] {processor.py:161} INFO - Started process (PID=21038) to work on /home/angry/airflow/dags/app.py
[2024-01-08T18:53:00.708+0300] {processor.py:830} INFO - Processing file /home/angry/airflow/dags/app.py for tasks to queue
[2024-01-08T18:53:00.721+0300] {logging_mixin.py:188} INFO - [2024-01-08T18:53:00.710+0300] {dagbag.py:538} INFO - Filling up the DagBag from /home/angry/airflow/dags/app.py
[2024-01-08T18:53:01.103+0300] {processor.py:840} INFO - DAG(s) 'Hello-world_example' retrieved from /home/angry/airflow/dags/app.py
[2024-01-08T18:53:02.003+0300] {logging_mixin.py:188} INFO - [2024-01-08T18:53:02.002+0300] {dag.py:3033} INFO - Sync 1 DAGs
[2024-01-08T18:53:03.221+0300] {logging_mixin.py:188} INFO - [2024-01-08T18:53:03.219+0300] {dag.py:3820} INFO - Setting next_dagrun for Hello-world_example to 2024-01-08T15:52:00+00:00, run_after=2024-01-08T15:53:00+00:00
[2024-01-08T18:53:03.728+0300] {processor.py:183} INFO - Processing /home/angry/airflow/dags/app.py took 3.307 seconds
[2024-01-08T18:53:50.834+0300] {processor.py:161} INFO - Started process (PID=21474) to work on /home/angry/airflow/dags/app.py
[2024-01-08T18:53:50.866+0300] {processor.py:830} INFO - Processing file /home/angry/airflow/dags/app.py for tasks to queue
[2024-01-08T18:53:50.870+0300] {logging_mixin.py:188} INFO - [2024-01-08T18:53:50.869+0300] {dagbag.py:538} INFO - Filling up the DagBag from /home/angry/airflow/dags/app.py
[2024-01-08T18:53:51.000+0300] {processor.py:840} INFO - DAG(s) 'Hello-world_example' retrieved from /home/angry/airflow/dags/app.py
[2024-01-08T18:53:51.494+0300] {logging_mixin.py:188} INFO - [2024-01-08T18:53:51.493+0300] {dag.py:3033} INFO - Sync 1 DAGs
[2024-01-08T18:53:51.851+0300] {logging_mixin.py:188} INFO - [2024-01-08T18:53:51.850+0300] {dag.py:3820} INFO - Setting next_dagrun for Hello-world_example to 2024-01-08T15:52:00+00:00, run_after=2024-01-08T15:53:00+00:00
[2024-01-08T18:53:52.090+0300] {processor.py:183} INFO - Processing /home/angry/airflow/dags/app.py took 1.365 seconds
[2024-01-08T18:54:28.152+0300] {processor.py:161} INFO - Started process (PID=21884) to work on /home/angry/airflow/dags/app.py
[2024-01-08T18:54:28.165+0300] {processor.py:830} INFO - Processing file /home/angry/airflow/dags/app.py for tasks to queue
[2024-01-08T18:54:28.168+0300] {logging_mixin.py:188} INFO - [2024-01-08T18:54:28.167+0300] {dagbag.py:538} INFO - Filling up the DagBag from /home/angry/airflow/dags/app.py
[2024-01-08T18:54:28.256+0300] {processor.py:840} INFO - DAG(s) 'Hello-world_example' retrieved from /home/angry/airflow/dags/app.py
[2024-01-08T18:54:28.487+0300] {logging_mixin.py:188} INFO - [2024-01-08T18:54:28.486+0300] {dag.py:3033} INFO - Sync 1 DAGs
[2024-01-08T18:54:28.631+0300] {logging_mixin.py:188} INFO - [2024-01-08T18:54:28.631+0300] {dag.py:3820} INFO - Setting next_dagrun for Hello-world_example to 2024-01-08T15:53:00+00:00, run_after=2024-01-08T15:54:00+00:00
[2024-01-08T18:54:28.759+0300] {processor.py:183} INFO - Processing /home/angry/airflow/dags/app.py took 0.633 seconds
[2024-01-08T18:55:01.698+0300] {processor.py:161} INFO - Started process (PID=22339) to work on /home/angry/airflow/dags/app.py
[2024-01-08T18:55:01.709+0300] {processor.py:830} INFO - Processing file /home/angry/airflow/dags/app.py for tasks to queue
[2024-01-08T18:55:01.711+0300] {logging_mixin.py:188} INFO - [2024-01-08T18:55:01.710+0300] {dagbag.py:538} INFO - Filling up the DagBag from /home/angry/airflow/dags/app.py
[2024-01-08T18:55:01.785+0300] {processor.py:840} INFO - DAG(s) 'Hello-world_example' retrieved from /home/angry/airflow/dags/app.py
[2024-01-08T18:55:02.170+0300] {logging_mixin.py:188} INFO - [2024-01-08T18:55:02.170+0300] {dag.py:3033} INFO - Sync 1 DAGs
[2024-01-08T18:55:02.523+0300] {logging_mixin.py:188} INFO - [2024-01-08T18:55:02.522+0300] {dag.py:3820} INFO - Setting next_dagrun for Hello-world_example to 2024-01-08T15:54:00+00:00, run_after=2024-01-08T15:55:00+00:00
[2024-01-08T18:55:02.664+0300] {processor.py:183} INFO - Processing /home/angry/airflow/dags/app.py took 1.002 seconds
[2024-01-08T18:55:38.929+0300] {processor.py:161} INFO - Started process (PID=22759) to work on /home/angry/airflow/dags/app.py
[2024-01-08T18:55:38.946+0300] {processor.py:830} INFO - Processing file /home/angry/airflow/dags/app.py for tasks to queue
[2024-01-08T18:55:38.949+0300] {logging_mixin.py:188} INFO - [2024-01-08T18:55:38.948+0300] {dagbag.py:538} INFO - Filling up the DagBag from /home/angry/airflow/dags/app.py
[2024-01-08T18:55:39.000+0300] {processor.py:840} INFO - DAG(s) 'Hello-world_example' retrieved from /home/angry/airflow/dags/app.py
[2024-01-08T18:55:39.168+0300] {logging_mixin.py:188} INFO - [2024-01-08T18:55:39.168+0300] {dag.py:3033} INFO - Sync 1 DAGs
[2024-01-08T18:55:39.284+0300] {logging_mixin.py:188} INFO - [2024-01-08T18:55:39.284+0300] {dag.py:3820} INFO - Setting next_dagrun for Hello-world_example to 2024-01-08T15:54:00+00:00, run_after=2024-01-08T15:55:00+00:00
[2024-01-08T18:55:39.337+0300] {processor.py:183} INFO - Processing /home/angry/airflow/dags/app.py took 0.432 seconds
[2024-01-08T18:56:09.983+0300] {processor.py:161} INFO - Started process (PID=23085) to work on /home/angry/airflow/dags/app.py
[2024-01-08T18:56:09.986+0300] {processor.py:830} INFO - Processing file /home/angry/airflow/dags/app.py for tasks to queue
[2024-01-08T18:56:09.992+0300] {logging_mixin.py:188} INFO - [2024-01-08T18:56:09.988+0300] {dagbag.py:538} INFO - Filling up the DagBag from /home/angry/airflow/dags/app.py
[2024-01-08T18:56:10.023+0300] {processor.py:840} INFO - DAG(s) 'Hello-world_example' retrieved from /home/angry/airflow/dags/app.py
[2024-01-08T18:56:10.179+0300] {logging_mixin.py:188} INFO - [2024-01-08T18:56:10.178+0300] {dag.py:3033} INFO - Sync 1 DAGs
[2024-01-08T18:56:10.263+0300] {logging_mixin.py:188} INFO - [2024-01-08T18:56:10.262+0300] {dag.py:3820} INFO - Setting next_dagrun for Hello-world_example to 2024-01-08T15:55:00+00:00, run_after=2024-01-08T15:56:00+00:00
[2024-01-08T18:56:10.303+0300] {processor.py:183} INFO - Processing /home/angry/airflow/dags/app.py took 0.338 seconds
[2024-01-08T18:56:40.644+0300] {processor.py:161} INFO - Started process (PID=23399) to work on /home/angry/airflow/dags/app.py
[2024-01-08T18:56:40.651+0300] {processor.py:830} INFO - Processing file /home/angry/airflow/dags/app.py for tasks to queue
[2024-01-08T18:56:40.656+0300] {logging_mixin.py:188} INFO - [2024-01-08T18:56:40.655+0300] {dagbag.py:538} INFO - Filling up the DagBag from /home/angry/airflow/dags/app.py
[2024-01-08T18:56:40.696+0300] {processor.py:840} INFO - DAG(s) 'Hello-world_example' retrieved from /home/angry/airflow/dags/app.py
[2024-01-08T18:56:40.857+0300] {logging_mixin.py:188} INFO - [2024-01-08T18:56:40.856+0300] {dag.py:3033} INFO - Sync 1 DAGs
[2024-01-08T18:56:40.949+0300] {logging_mixin.py:188} INFO - [2024-01-08T18:56:40.949+0300] {dag.py:3820} INFO - Setting next_dagrun for Hello-world_example to 2024-01-08T15:55:00+00:00, run_after=2024-01-08T15:56:00+00:00
[2024-01-08T18:56:41.013+0300] {processor.py:183} INFO - Processing /home/angry/airflow/dags/app.py took 0.380 seconds
[2024-01-08T18:57:13.228+0300] {processor.py:161} INFO - Started process (PID=23762) to work on /home/angry/airflow/dags/app.py
[2024-01-08T18:57:13.242+0300] {processor.py:830} INFO - Processing file /home/angry/airflow/dags/app.py for tasks to queue
[2024-01-08T18:57:13.245+0300] {logging_mixin.py:188} INFO - [2024-01-08T18:57:13.244+0300] {dagbag.py:538} INFO - Filling up the DagBag from /home/angry/airflow/dags/app.py
[2024-01-08T18:57:13.284+0300] {processor.py:840} INFO - DAG(s) 'Hello-world_example' retrieved from /home/angry/airflow/dags/app.py
[2024-01-08T18:57:13.488+0300] {logging_mixin.py:188} INFO - [2024-01-08T18:57:13.487+0300] {dag.py:3033} INFO - Sync 1 DAGs
[2024-01-08T18:57:13.673+0300] {logging_mixin.py:188} INFO - [2024-01-08T18:57:13.672+0300] {dag.py:3820} INFO - Setting next_dagrun for Hello-world_example to 2024-01-08T15:56:00+00:00, run_after=2024-01-08T15:57:00+00:00
[2024-01-08T18:57:13.767+0300] {processor.py:183} INFO - Processing /home/angry/airflow/dags/app.py took 0.556 seconds
[2024-01-08T18:57:44.140+0300] {processor.py:161} INFO - Started process (PID=24059) to work on /home/angry/airflow/dags/app.py
[2024-01-08T18:57:44.151+0300] {processor.py:830} INFO - Processing file /home/angry/airflow/dags/app.py for tasks to queue
[2024-01-08T18:57:44.153+0300] {logging_mixin.py:188} INFO - [2024-01-08T18:57:44.152+0300] {dagbag.py:538} INFO - Filling up the DagBag from /home/angry/airflow/dags/app.py
[2024-01-08T18:57:44.226+0300] {processor.py:840} INFO - DAG(s) 'Hello-world_example' retrieved from /home/angry/airflow/dags/app.py
[2024-01-08T18:57:44.621+0300] {logging_mixin.py:188} INFO - [2024-01-08T18:57:44.620+0300] {dag.py:3033} INFO - Sync 1 DAGs
[2024-01-08T18:57:44.974+0300] {logging_mixin.py:188} INFO - [2024-01-08T18:57:44.973+0300] {dag.py:3820} INFO - Setting next_dagrun for Hello-world_example to 2024-01-08T15:56:00+00:00, run_after=2024-01-08T15:57:00+00:00
[2024-01-08T18:57:45.192+0300] {processor.py:183} INFO - Processing /home/angry/airflow/dags/app.py took 1.086 seconds
[2024-01-08T18:58:15.463+0300] {processor.py:161} INFO - Started process (PID=24437) to work on /home/angry/airflow/dags/app.py
[2024-01-08T18:58:15.466+0300] {processor.py:830} INFO - Processing file /home/angry/airflow/dags/app.py for tasks to queue
[2024-01-08T18:58:15.469+0300] {logging_mixin.py:188} INFO - [2024-01-08T18:58:15.468+0300] {dagbag.py:538} INFO - Filling up the DagBag from /home/angry/airflow/dags/app.py
[2024-01-08T18:58:15.494+0300] {processor.py:840} INFO - DAG(s) 'Hello-world_example' retrieved from /home/angry/airflow/dags/app.py
[2024-01-08T18:58:15.584+0300] {logging_mixin.py:188} INFO - [2024-01-08T18:58:15.584+0300] {dag.py:3033} INFO - Sync 1 DAGs
[2024-01-08T18:58:15.676+0300] {logging_mixin.py:188} INFO - [2024-01-08T18:58:15.675+0300] {dag.py:3820} INFO - Setting next_dagrun for Hello-world_example to 2024-01-08T15:57:00+00:00, run_after=2024-01-08T15:58:00+00:00
[2024-01-08T18:58:15.728+0300] {processor.py:183} INFO - Processing /home/angry/airflow/dags/app.py took 0.274 seconds
[2024-01-08T18:58:49.215+0300] {processor.py:161} INFO - Started process (PID=24856) to work on /home/angry/airflow/dags/app.py
[2024-01-08T18:58:49.219+0300] {processor.py:830} INFO - Processing file /home/angry/airflow/dags/app.py for tasks to queue
[2024-01-08T18:58:49.221+0300] {logging_mixin.py:188} INFO - [2024-01-08T18:58:49.220+0300] {dagbag.py:538} INFO - Filling up the DagBag from /home/angry/airflow/dags/app.py
[2024-01-08T18:58:49.262+0300] {processor.py:840} INFO - DAG(s) 'Hello-world_example' retrieved from /home/angry/airflow/dags/app.py
[2024-01-08T18:58:49.489+0300] {logging_mixin.py:188} INFO - [2024-01-08T18:58:49.488+0300] {dag.py:3033} INFO - Sync 1 DAGs
[2024-01-08T18:58:49.787+0300] {logging_mixin.py:188} INFO - [2024-01-08T18:58:49.787+0300] {dag.py:3820} INFO - Setting next_dagrun for Hello-world_example to 2024-01-08T15:57:00+00:00, run_after=2024-01-08T15:58:00+00:00
[2024-01-08T18:58:49.956+0300] {processor.py:183} INFO - Processing /home/angry/airflow/dags/app.py took 0.760 seconds
[2024-01-08T18:59:20.506+0300] {processor.py:161} INFO - Started process (PID=25231) to work on /home/angry/airflow/dags/app.py
[2024-01-08T18:59:20.510+0300] {processor.py:830} INFO - Processing file /home/angry/airflow/dags/app.py for tasks to queue
[2024-01-08T18:59:20.512+0300] {logging_mixin.py:188} INFO - [2024-01-08T18:59:20.511+0300] {dagbag.py:538} INFO - Filling up the DagBag from /home/angry/airflow/dags/app.py
[2024-01-08T18:59:20.541+0300] {processor.py:840} INFO - DAG(s) 'Hello-world_example' retrieved from /home/angry/airflow/dags/app.py
[2024-01-08T18:59:20.680+0300] {logging_mixin.py:188} INFO - [2024-01-08T18:59:20.680+0300] {dag.py:3033} INFO - Sync 1 DAGs
[2024-01-08T18:59:20.765+0300] {logging_mixin.py:188} INFO - [2024-01-08T18:59:20.764+0300] {dag.py:3820} INFO - Setting next_dagrun for Hello-world_example to 2024-01-08T15:58:00+00:00, run_after=2024-01-08T15:59:00+00:00
[2024-01-08T18:59:20.833+0300] {processor.py:183} INFO - Processing /home/angry/airflow/dags/app.py took 0.340 seconds
[2024-01-08T18:59:51.267+0300] {processor.py:161} INFO - Started process (PID=25634) to work on /home/angry/airflow/dags/app.py
[2024-01-08T18:59:51.287+0300] {processor.py:830} INFO - Processing file /home/angry/airflow/dags/app.py for tasks to queue
[2024-01-08T18:59:51.289+0300] {logging_mixin.py:188} INFO - [2024-01-08T18:59:51.288+0300] {dagbag.py:538} INFO - Filling up the DagBag from /home/angry/airflow/dags/app.py
[2024-01-08T18:59:51.352+0300] {processor.py:840} INFO - DAG(s) 'Hello-world_example' retrieved from /home/angry/airflow/dags/app.py
[2024-01-08T18:59:51.600+0300] {logging_mixin.py:188} INFO - [2024-01-08T18:59:51.599+0300] {dag.py:3033} INFO - Sync 1 DAGs
[2024-01-08T18:59:51.819+0300] {logging_mixin.py:188} INFO - [2024-01-08T18:59:51.818+0300] {dag.py:3820} INFO - Setting next_dagrun for Hello-world_example to 2024-01-08T15:58:00+00:00, run_after=2024-01-08T15:59:00+00:00
[2024-01-08T18:59:51.993+0300] {processor.py:183} INFO - Processing /home/angry/airflow/dags/app.py took 0.769 seconds
[2024-01-08T19:00:23.915+0300] {processor.py:161} INFO - Started process (PID=26037) to work on /home/angry/airflow/dags/app.py
[2024-01-08T19:00:23.918+0300] {processor.py:830} INFO - Processing file /home/angry/airflow/dags/app.py for tasks to queue
[2024-01-08T19:00:23.920+0300] {logging_mixin.py:188} INFO - [2024-01-08T19:00:23.919+0300] {dagbag.py:538} INFO - Filling up the DagBag from /home/angry/airflow/dags/app.py
[2024-01-08T19:00:23.980+0300] {processor.py:840} INFO - DAG(s) 'Hello-world_example' retrieved from /home/angry/airflow/dags/app.py
[2024-01-08T19:00:24.186+0300] {logging_mixin.py:188} INFO - [2024-01-08T19:00:24.186+0300] {dag.py:3033} INFO - Sync 1 DAGs
[2024-01-08T19:00:24.441+0300] {logging_mixin.py:188} INFO - [2024-01-08T19:00:24.440+0300] {dag.py:3820} INFO - Setting next_dagrun for Hello-world_example to 2024-01-08T15:59:00+00:00, run_after=2024-01-08T16:00:00+00:00
[2024-01-08T19:00:24.691+0300] {processor.py:183} INFO - Processing /home/angry/airflow/dags/app.py took 0.799 seconds
[2024-01-08T19:00:55.673+0300] {processor.py:161} INFO - Started process (PID=26462) to work on /home/angry/airflow/dags/app.py
[2024-01-08T19:00:55.686+0300] {processor.py:830} INFO - Processing file /home/angry/airflow/dags/app.py for tasks to queue
[2024-01-08T19:00:55.688+0300] {logging_mixin.py:188} INFO - [2024-01-08T19:00:55.688+0300] {dagbag.py:538} INFO - Filling up the DagBag from /home/angry/airflow/dags/app.py
[2024-01-08T19:00:55.765+0300] {processor.py:840} INFO - DAG(s) 'Hello-world_example' retrieved from /home/angry/airflow/dags/app.py
[2024-01-08T19:00:55.951+0300] {logging_mixin.py:188} INFO - [2024-01-08T19:00:55.951+0300] {dag.py:3033} INFO - Sync 1 DAGs
[2024-01-08T19:00:56.134+0300] {logging_mixin.py:188} INFO - [2024-01-08T19:00:56.134+0300] {dag.py:3820} INFO - Setting next_dagrun for Hello-world_example to 2024-01-08T15:59:00+00:00, run_after=2024-01-08T16:00:00+00:00
[2024-01-08T19:00:56.238+0300] {processor.py:183} INFO - Processing /home/angry/airflow/dags/app.py took 0.613 seconds
[2024-01-08T19:01:30.727+0300] {processor.py:161} INFO - Started process (PID=26834) to work on /home/angry/airflow/dags/app.py
[2024-01-08T19:01:30.772+0300] {processor.py:830} INFO - Processing file /home/angry/airflow/dags/app.py for tasks to queue
[2024-01-08T19:01:30.774+0300] {logging_mixin.py:188} INFO - [2024-01-08T19:01:30.774+0300] {dagbag.py:538} INFO - Filling up the DagBag from /home/angry/airflow/dags/app.py
[2024-01-08T19:01:30.914+0300] {processor.py:840} INFO - DAG(s) 'Hello-world_example' retrieved from /home/angry/airflow/dags/app.py
[2024-01-08T19:01:31.206+0300] {logging_mixin.py:188} INFO - [2024-01-08T19:01:31.200+0300] {dag.py:3033} INFO - Sync 1 DAGs
[2024-01-08T19:01:31.659+0300] {logging_mixin.py:188} INFO - [2024-01-08T19:01:31.659+0300] {dag.py:3820} INFO - Setting next_dagrun for Hello-world_example to 2024-01-08T16:00:00+00:00, run_after=2024-01-08T16:01:00+00:00
[2024-01-08T19:01:31.950+0300] {processor.py:183} INFO - Processing /home/angry/airflow/dags/app.py took 1.299 seconds
[2024-01-08T19:02:02.324+0300] {processor.py:161} INFO - Started process (PID=27184) to work on /home/angry/airflow/dags/app.py
[2024-01-08T19:02:02.327+0300] {processor.py:830} INFO - Processing file /home/angry/airflow/dags/app.py for tasks to queue
[2024-01-08T19:02:02.329+0300] {logging_mixin.py:188} INFO - [2024-01-08T19:02:02.328+0300] {dagbag.py:538} INFO - Filling up the DagBag from /home/angry/airflow/dags/app.py
[2024-01-08T19:02:02.348+0300] {processor.py:840} INFO - DAG(s) 'Hello-world_example' retrieved from /home/angry/airflow/dags/app.py
[2024-01-08T19:02:02.437+0300] {logging_mixin.py:188} INFO - [2024-01-08T19:02:02.437+0300] {dag.py:3033} INFO - Sync 1 DAGs
[2024-01-08T19:02:02.505+0300] {logging_mixin.py:188} INFO - [2024-01-08T19:02:02.505+0300] {dag.py:3820} INFO - Setting next_dagrun for Hello-world_example to 2024-01-08T16:01:00+00:00, run_after=2024-01-08T16:02:00+00:00
[2024-01-08T19:02:02.569+0300] {processor.py:183} INFO - Processing /home/angry/airflow/dags/app.py took 0.255 seconds
[2024-01-08T19:02:33.181+0300] {processor.py:161} INFO - Started process (PID=27501) to work on /home/angry/airflow/dags/app.py
[2024-01-08T19:02:33.185+0300] {processor.py:830} INFO - Processing file /home/angry/airflow/dags/app.py for tasks to queue
[2024-01-08T19:02:33.187+0300] {logging_mixin.py:188} INFO - [2024-01-08T19:02:33.186+0300] {dagbag.py:538} INFO - Filling up the DagBag from /home/angry/airflow/dags/app.py
[2024-01-08T19:02:33.218+0300] {processor.py:840} INFO - DAG(s) 'Hello-world_example' retrieved from /home/angry/airflow/dags/app.py
[2024-01-08T19:02:33.392+0300] {logging_mixin.py:188} INFO - [2024-01-08T19:02:33.391+0300] {dag.py:3033} INFO - Sync 1 DAGs
[2024-01-08T19:02:33.506+0300] {logging_mixin.py:188} INFO - [2024-01-08T19:02:33.505+0300] {dag.py:3820} INFO - Setting next_dagrun for Hello-world_example to 2024-01-08T16:01:00+00:00, run_after=2024-01-08T16:02:00+00:00
[2024-01-08T19:02:33.553+0300] {processor.py:183} INFO - Processing /home/angry/airflow/dags/app.py took 0.393 seconds
[2024-01-08T19:03:09.139+0300] {processor.py:161} INFO - Started process (PID=27831) to work on /home/angry/airflow/dags/app.py
[2024-01-08T19:03:09.178+0300] {processor.py:830} INFO - Processing file /home/angry/airflow/dags/app.py for tasks to queue
[2024-01-08T19:03:09.180+0300] {logging_mixin.py:188} INFO - [2024-01-08T19:03:09.179+0300] {dagbag.py:538} INFO - Filling up the DagBag from /home/angry/airflow/dags/app.py
[2024-01-08T19:03:09.515+0300] {processor.py:840} INFO - DAG(s) 'Hello-world_example' retrieved from /home/angry/airflow/dags/app.py
[2024-01-08T19:03:10.443+0300] {logging_mixin.py:188} INFO - [2024-01-08T19:03:10.443+0300] {dag.py:3033} INFO - Sync 1 DAGs
[2024-01-08T19:03:11.102+0300] {logging_mixin.py:188} INFO - [2024-01-08T19:03:11.102+0300] {dag.py:3820} INFO - Setting next_dagrun for Hello-world_example to 2024-01-08T16:02:00+00:00, run_after=2024-01-08T16:03:00+00:00
[2024-01-08T19:03:11.510+0300] {processor.py:183} INFO - Processing /home/angry/airflow/dags/app.py took 2.489 seconds
[2024-01-08T19:03:42.521+0300] {processor.py:161} INFO - Started process (PID=28233) to work on /home/angry/airflow/dags/app.py
[2024-01-08T19:03:42.524+0300] {processor.py:830} INFO - Processing file /home/angry/airflow/dags/app.py for tasks to queue
[2024-01-08T19:03:42.526+0300] {logging_mixin.py:188} INFO - [2024-01-08T19:03:42.525+0300] {dagbag.py:538} INFO - Filling up the DagBag from /home/angry/airflow/dags/app.py
[2024-01-08T19:03:42.639+0300] {processor.py:840} INFO - DAG(s) 'Hello-world_example' retrieved from /home/angry/airflow/dags/app.py
[2024-01-08T19:03:42.915+0300] {logging_mixin.py:188} INFO - [2024-01-08T19:03:42.914+0300] {dag.py:3033} INFO - Sync 1 DAGs
[2024-01-08T19:03:43.044+0300] {logging_mixin.py:188} INFO - [2024-01-08T19:03:43.043+0300] {dag.py:3820} INFO - Setting next_dagrun for Hello-world_example to 2024-01-08T16:02:00+00:00, run_after=2024-01-08T16:03:00+00:00
[2024-01-08T19:03:43.179+0300] {processor.py:183} INFO - Processing /home/angry/airflow/dags/app.py took 0.696 seconds
[2024-01-08T19:04:13.504+0300] {processor.py:161} INFO - Started process (PID=28640) to work on /home/angry/airflow/dags/app.py
[2024-01-08T19:04:13.513+0300] {processor.py:830} INFO - Processing file /home/angry/airflow/dags/app.py for tasks to queue
[2024-01-08T19:04:13.515+0300] {logging_mixin.py:188} INFO - [2024-01-08T19:04:13.515+0300] {dagbag.py:538} INFO - Filling up the DagBag from /home/angry/airflow/dags/app.py
[2024-01-08T19:04:13.535+0300] {processor.py:840} INFO - DAG(s) 'Hello-world_example' retrieved from /home/angry/airflow/dags/app.py
[2024-01-08T19:04:13.649+0300] {logging_mixin.py:188} INFO - [2024-01-08T19:04:13.649+0300] {dag.py:3033} INFO - Sync 1 DAGs
[2024-01-08T19:04:13.786+0300] {logging_mixin.py:188} INFO - [2024-01-08T19:04:13.785+0300] {dag.py:3820} INFO - Setting next_dagrun for Hello-world_example to 2024-01-08T16:03:00+00:00, run_after=2024-01-08T16:04:00+00:00
[2024-01-08T19:04:13.875+0300] {processor.py:183} INFO - Processing /home/angry/airflow/dags/app.py took 0.388 seconds
[2024-01-08T19:04:44.312+0300] {processor.py:161} INFO - Started process (PID=28986) to work on /home/angry/airflow/dags/app.py
[2024-01-08T19:04:44.315+0300] {processor.py:830} INFO - Processing file /home/angry/airflow/dags/app.py for tasks to queue
[2024-01-08T19:04:44.345+0300] {logging_mixin.py:188} INFO - [2024-01-08T19:04:44.316+0300] {dagbag.py:538} INFO - Filling up the DagBag from /home/angry/airflow/dags/app.py
[2024-01-08T19:04:44.463+0300] {processor.py:840} INFO - DAG(s) 'Hello-world_example' retrieved from /home/angry/airflow/dags/app.py
[2024-01-08T19:04:44.936+0300] {logging_mixin.py:188} INFO - [2024-01-08T19:04:44.936+0300] {dag.py:3033} INFO - Sync 1 DAGs
[2024-01-08T19:04:45.156+0300] {logging_mixin.py:188} INFO - [2024-01-08T19:04:45.156+0300] {dag.py:3820} INFO - Setting next_dagrun for Hello-world_example to 2024-01-08T16:03:00+00:00, run_after=2024-01-08T16:04:00+00:00
[2024-01-08T19:04:45.291+0300] {processor.py:183} INFO - Processing /home/angry/airflow/dags/app.py took 1.055 seconds
[2024-01-08T19:05:15.996+0300] {processor.py:161} INFO - Started process (PID=29414) to work on /home/angry/airflow/dags/app.py
[2024-01-08T19:05:16.007+0300] {processor.py:830} INFO - Processing file /home/angry/airflow/dags/app.py for tasks to queue
[2024-01-08T19:05:16.009+0300] {logging_mixin.py:188} INFO - [2024-01-08T19:05:16.008+0300] {dagbag.py:538} INFO - Filling up the DagBag from /home/angry/airflow/dags/app.py
[2024-01-08T19:05:16.059+0300] {processor.py:840} INFO - DAG(s) 'Hello-world_example' retrieved from /home/angry/airflow/dags/app.py
[2024-01-08T19:05:16.429+0300] {logging_mixin.py:188} INFO - [2024-01-08T19:05:16.429+0300] {dag.py:3033} INFO - Sync 1 DAGs
[2024-01-08T19:05:16.525+0300] {logging_mixin.py:188} INFO - [2024-01-08T19:05:16.525+0300] {dag.py:3820} INFO - Setting next_dagrun for Hello-world_example to 2024-01-08T16:04:00+00:00, run_after=2024-01-08T16:05:00+00:00
[2024-01-08T19:05:16.659+0300] {processor.py:183} INFO - Processing /home/angry/airflow/dags/app.py took 0.735 seconds
[2024-01-08T19:05:58.731+0300] {processor.py:161} INFO - Started process (PID=29848) to work on /home/angry/airflow/dags/app.py
[2024-01-08T19:05:58.742+0300] {processor.py:830} INFO - Processing file /home/angry/airflow/dags/app.py for tasks to queue
[2024-01-08T19:05:58.745+0300] {logging_mixin.py:188} INFO - [2024-01-08T19:05:58.743+0300] {dagbag.py:538} INFO - Filling up the DagBag from /home/angry/airflow/dags/app.py
[2024-01-08T19:05:58.776+0300] {processor.py:840} INFO - DAG(s) 'Hello-world_example' retrieved from /home/angry/airflow/dags/app.py
[2024-01-08T19:05:58.896+0300] {logging_mixin.py:188} INFO - [2024-01-08T19:05:58.895+0300] {dag.py:3033} INFO - Sync 1 DAGs
[2024-01-08T19:05:58.985+0300] {logging_mixin.py:188} INFO - [2024-01-08T19:05:58.984+0300] {dag.py:3820} INFO - Setting next_dagrun for Hello-world_example to 2024-01-08T16:04:00+00:00, run_after=2024-01-08T16:05:00+00:00
[2024-01-08T19:05:59.048+0300] {processor.py:183} INFO - Processing /home/angry/airflow/dags/app.py took 0.348 seconds
[2024-01-08T19:06:32.902+0300] {processor.py:161} INFO - Started process (PID=30226) to work on /home/angry/airflow/dags/app.py
[2024-01-08T19:06:32.928+0300] {processor.py:830} INFO - Processing file /home/angry/airflow/dags/app.py for tasks to queue
[2024-01-08T19:06:32.931+0300] {logging_mixin.py:188} INFO - [2024-01-08T19:06:32.930+0300] {dagbag.py:538} INFO - Filling up the DagBag from /home/angry/airflow/dags/app.py
[2024-01-08T19:06:33.023+0300] {processor.py:840} INFO - DAG(s) 'Hello-world_example' retrieved from /home/angry/airflow/dags/app.py
[2024-01-08T19:06:33.375+0300] {logging_mixin.py:188} INFO - [2024-01-08T19:06:33.375+0300] {dag.py:3033} INFO - Sync 1 DAGs
[2024-01-08T19:06:33.486+0300] {logging_mixin.py:188} INFO - [2024-01-08T19:06:33.480+0300] {dag.py:3820} INFO - Setting next_dagrun for Hello-world_example to 2024-01-08T16:05:00+00:00, run_after=2024-01-08T16:06:00+00:00
[2024-01-08T19:06:33.708+0300] {processor.py:183} INFO - Processing /home/angry/airflow/dags/app.py took 0.916 seconds
[2024-01-08T19:07:09.360+0300] {processor.py:161} INFO - Started process (PID=30573) to work on /home/angry/airflow/dags/app.py
[2024-01-08T19:07:09.365+0300] {processor.py:830} INFO - Processing file /home/angry/airflow/dags/app.py for tasks to queue
[2024-01-08T19:07:09.367+0300] {logging_mixin.py:188} INFO - [2024-01-08T19:07:09.366+0300] {dagbag.py:538} INFO - Filling up the DagBag from /home/angry/airflow/dags/app.py
[2024-01-08T19:07:09.477+0300] {processor.py:840} INFO - DAG(s) 'Hello-world_example' retrieved from /home/angry/airflow/dags/app.py
[2024-01-08T19:07:09.707+0300] {logging_mixin.py:188} INFO - [2024-01-08T19:07:09.706+0300] {dag.py:3033} INFO - Sync 1 DAGs
[2024-01-08T19:07:09.818+0300] {logging_mixin.py:188} INFO - [2024-01-08T19:07:09.817+0300] {dag.py:3820} INFO - Setting next_dagrun for Hello-world_example to 2024-01-08T16:06:00+00:00, run_after=2024-01-08T16:07:00+00:00
[2024-01-08T19:07:09.882+0300] {processor.py:183} INFO - Processing /home/angry/airflow/dags/app.py took 0.541 seconds
[2024-01-08T19:07:44.488+0300] {processor.py:161} INFO - Started process (PID=30992) to work on /home/angry/airflow/dags/app.py
[2024-01-08T19:07:44.500+0300] {processor.py:830} INFO - Processing file /home/angry/airflow/dags/app.py for tasks to queue
[2024-01-08T19:07:44.504+0300] {logging_mixin.py:188} INFO - [2024-01-08T19:07:44.503+0300] {dagbag.py:538} INFO - Filling up the DagBag from /home/angry/airflow/dags/app.py
[2024-01-08T19:07:44.610+0300] {processor.py:840} INFO - DAG(s) 'Hello-world_example' retrieved from /home/angry/airflow/dags/app.py
[2024-01-08T19:07:44.840+0300] {logging_mixin.py:188} INFO - [2024-01-08T19:07:44.840+0300] {dag.py:3033} INFO - Sync 1 DAGs
[2024-01-08T19:07:45.158+0300] {logging_mixin.py:188} INFO - [2024-01-08T19:07:45.157+0300] {dag.py:3820} INFO - Setting next_dagrun for Hello-world_example to 2024-01-08T16:06:00+00:00, run_after=2024-01-08T16:07:00+00:00
[2024-01-08T19:07:45.321+0300] {processor.py:183} INFO - Processing /home/angry/airflow/dags/app.py took 0.892 seconds
[2024-01-08T19:08:15.988+0300] {processor.py:161} INFO - Started process (PID=31320) to work on /home/angry/airflow/dags/app.py
[2024-01-08T19:08:15.990+0300] {processor.py:830} INFO - Processing file /home/angry/airflow/dags/app.py for tasks to queue
[2024-01-08T19:08:15.992+0300] {logging_mixin.py:188} INFO - [2024-01-08T19:08:15.992+0300] {dagbag.py:538} INFO - Filling up the DagBag from /home/angry/airflow/dags/app.py
[2024-01-08T19:08:16.027+0300] {processor.py:840} INFO - DAG(s) 'Hello-world_example' retrieved from /home/angry/airflow/dags/app.py
[2024-01-08T19:08:16.126+0300] {logging_mixin.py:188} INFO - [2024-01-08T19:08:16.126+0300] {dag.py:3033} INFO - Sync 1 DAGs
[2024-01-08T19:08:16.213+0300] {logging_mixin.py:188} INFO - [2024-01-08T19:08:16.213+0300] {dag.py:3820} INFO - Setting next_dagrun for Hello-world_example to 2024-01-08T16:07:00+00:00, run_after=2024-01-08T16:08:00+00:00
[2024-01-08T19:08:16.266+0300] {processor.py:183} INFO - Processing /home/angry/airflow/dags/app.py took 0.300 seconds
[2024-01-08T19:08:46.452+0300] {processor.py:161} INFO - Started process (PID=31637) to work on /home/angry/airflow/dags/app.py
[2024-01-08T19:08:46.469+0300] {processor.py:830} INFO - Processing file /home/angry/airflow/dags/app.py for tasks to queue
[2024-01-08T19:08:46.472+0300] {logging_mixin.py:188} INFO - [2024-01-08T19:08:46.471+0300] {dagbag.py:538} INFO - Filling up the DagBag from /home/angry/airflow/dags/app.py
[2024-01-08T19:08:46.564+0300] {processor.py:840} INFO - DAG(s) 'Hello-world_example' retrieved from /home/angry/airflow/dags/app.py
[2024-01-08T19:08:46.809+0300] {logging_mixin.py:188} INFO - [2024-01-08T19:08:46.809+0300] {dag.py:3033} INFO - Sync 1 DAGs
[2024-01-08T19:08:46.938+0300] {logging_mixin.py:188} INFO - [2024-01-08T19:08:46.936+0300] {dag.py:3820} INFO - Setting next_dagrun for Hello-world_example to 2024-01-08T16:07:00+00:00, run_after=2024-01-08T16:08:00+00:00
[2024-01-08T19:08:47.072+0300] {processor.py:183} INFO - Processing /home/angry/airflow/dags/app.py took 0.631 seconds
[2024-01-08T19:09:18.006+0300] {processor.py:161} INFO - Started process (PID=32016) to work on /home/angry/airflow/dags/app.py
[2024-01-08T19:09:18.009+0300] {processor.py:830} INFO - Processing file /home/angry/airflow/dags/app.py for tasks to queue
[2024-01-08T19:09:18.011+0300] {logging_mixin.py:188} INFO - [2024-01-08T19:09:18.010+0300] {dagbag.py:538} INFO - Filling up the DagBag from /home/angry/airflow/dags/app.py
[2024-01-08T19:09:18.041+0300] {processor.py:840} INFO - DAG(s) 'Hello-world_example' retrieved from /home/angry/airflow/dags/app.py
[2024-01-08T19:09:18.122+0300] {logging_mixin.py:188} INFO - [2024-01-08T19:09:18.121+0300] {dag.py:3033} INFO - Sync 1 DAGs
[2024-01-08T19:09:18.207+0300] {logging_mixin.py:188} INFO - [2024-01-08T19:09:18.206+0300] {dag.py:3820} INFO - Setting next_dagrun for Hello-world_example to 2024-01-08T16:08:00+00:00, run_after=2024-01-08T16:09:00+00:00
[2024-01-08T19:09:18.251+0300] {processor.py:183} INFO - Processing /home/angry/airflow/dags/app.py took 0.257 seconds
[2024-01-08T19:09:49.036+0300] {processor.py:161} INFO - Started process (PID=32395) to work on /home/angry/airflow/dags/app.py
[2024-01-08T19:09:49.042+0300] {processor.py:830} INFO - Processing file /home/angry/airflow/dags/app.py for tasks to queue
[2024-01-08T19:09:49.045+0300] {logging_mixin.py:188} INFO - [2024-01-08T19:09:49.044+0300] {dagbag.py:538} INFO - Filling up the DagBag from /home/angry/airflow/dags/app.py
[2024-01-08T19:09:49.080+0300] {processor.py:840} INFO - DAG(s) 'Hello-world_example' retrieved from /home/angry/airflow/dags/app.py
[2024-01-08T19:09:49.191+0300] {logging_mixin.py:188} INFO - [2024-01-08T19:09:49.191+0300] {dag.py:3033} INFO - Sync 1 DAGs
[2024-01-08T19:09:49.272+0300] {logging_mixin.py:188} INFO - [2024-01-08T19:09:49.272+0300] {dag.py:3820} INFO - Setting next_dagrun for Hello-world_example to 2024-01-08T16:08:00+00:00, run_after=2024-01-08T16:09:00+00:00
[2024-01-08T19:09:49.328+0300] {processor.py:183} INFO - Processing /home/angry/airflow/dags/app.py took 0.306 seconds
[2024-01-08T19:10:24.888+0300] {processor.py:161} INFO - Started process (PID=32733) to work on /home/angry/airflow/dags/app.py
[2024-01-08T19:10:24.895+0300] {processor.py:830} INFO - Processing file /home/angry/airflow/dags/app.py for tasks to queue
[2024-01-08T19:10:24.899+0300] {logging_mixin.py:188} INFO - [2024-01-08T19:10:24.897+0300] {dagbag.py:538} INFO - Filling up the DagBag from /home/angry/airflow/dags/app.py
[2024-01-08T19:10:24.928+0300] {processor.py:840} INFO - DAG(s) 'Hello-world_example' retrieved from /home/angry/airflow/dags/app.py
[2024-01-08T19:10:25.116+0300] {logging_mixin.py:188} INFO - [2024-01-08T19:10:25.115+0300] {dag.py:3033} INFO - Sync 1 DAGs
[2024-01-08T19:10:25.389+0300] {logging_mixin.py:188} INFO - [2024-01-08T19:10:25.388+0300] {dag.py:3820} INFO - Setting next_dagrun for Hello-world_example to 2024-01-08T16:09:00+00:00, run_after=2024-01-08T16:10:00+00:00
[2024-01-08T19:10:25.589+0300] {processor.py:183} INFO - Processing /home/angry/airflow/dags/app.py took 0.733 seconds
[2024-01-08T19:11:04.884+0300] {processor.py:161} INFO - Started process (PID=33104) to work on /home/angry/airflow/dags/app.py
[2024-01-08T19:11:04.911+0300] {processor.py:830} INFO - Processing file /home/angry/airflow/dags/app.py for tasks to queue
[2024-01-08T19:11:04.928+0300] {logging_mixin.py:188} INFO - [2024-01-08T19:11:04.916+0300] {dagbag.py:538} INFO - Filling up the DagBag from /home/angry/airflow/dags/app.py
[2024-01-08T19:11:05.121+0300] {processor.py:840} INFO - DAG(s) 'Hello-world_example' retrieved from /home/angry/airflow/dags/app.py
[2024-01-08T19:11:05.842+0300] {logging_mixin.py:188} INFO - [2024-01-08T19:11:05.826+0300] {dag.py:3033} INFO - Sync 1 DAGs
[2024-01-08T19:11:06.421+0300] {logging_mixin.py:188} INFO - [2024-01-08T19:11:06.392+0300] {dag.py:3820} INFO - Setting next_dagrun for Hello-world_example to 2024-01-08T16:10:00+00:00, run_after=2024-01-08T16:11:00+00:00
[2024-01-08T19:11:06.626+0300] {processor.py:183} INFO - Processing /home/angry/airflow/dags/app.py took 1.828 seconds
[2024-01-08T19:11:42.104+0300] {processor.py:161} INFO - Started process (PID=33477) to work on /home/angry/airflow/dags/app.py
[2024-01-08T19:11:42.133+0300] {processor.py:830} INFO - Processing file /home/angry/airflow/dags/app.py for tasks to queue
[2024-01-08T19:11:42.136+0300] {logging_mixin.py:188} INFO - [2024-01-08T19:11:42.135+0300] {dagbag.py:538} INFO - Filling up the DagBag from /home/angry/airflow/dags/app.py
[2024-01-08T19:11:42.376+0300] {processor.py:840} INFO - DAG(s) 'Hello-world_example' retrieved from /home/angry/airflow/dags/app.py
[2024-01-08T19:11:42.845+0300] {logging_mixin.py:188} INFO - [2024-01-08T19:11:42.844+0300] {dag.py:3033} INFO - Sync 1 DAGs
[2024-01-08T19:11:43.532+0300] {logging_mixin.py:188} INFO - [2024-01-08T19:11:43.512+0300] {dag.py:3820} INFO - Setting next_dagrun for Hello-world_example to 2024-01-08T16:10:00+00:00, run_after=2024-01-08T16:11:00+00:00
[2024-01-08T19:11:46.355+0300] {processor.py:183} INFO - Processing /home/angry/airflow/dags/app.py took 4.300 seconds
[2024-01-08T19:12:16.762+0300] {processor.py:161} INFO - Started process (PID=33913) to work on /home/angry/airflow/dags/app.py
[2024-01-08T19:12:16.765+0300] {processor.py:830} INFO - Processing file /home/angry/airflow/dags/app.py for tasks to queue
[2024-01-08T19:12:16.770+0300] {logging_mixin.py:188} INFO - [2024-01-08T19:12:16.768+0300] {dagbag.py:538} INFO - Filling up the DagBag from /home/angry/airflow/dags/app.py
[2024-01-08T19:12:16.805+0300] {processor.py:840} INFO - DAG(s) 'Hello-world_example' retrieved from /home/angry/airflow/dags/app.py
[2024-01-08T19:12:16.920+0300] {logging_mixin.py:188} INFO - [2024-01-08T19:12:16.919+0300] {dag.py:3033} INFO - Sync 1 DAGs
[2024-01-08T19:12:17.088+0300] {logging_mixin.py:188} INFO - [2024-01-08T19:12:17.088+0300] {dag.py:3820} INFO - Setting next_dagrun for Hello-world_example to 2024-01-08T16:11:00+00:00, run_after=2024-01-08T16:12:00+00:00
[2024-01-08T19:12:17.174+0300] {processor.py:183} INFO - Processing /home/angry/airflow/dags/app.py took 0.433 seconds
