[2024-01-08T17:37:09.737+0300] {processor.py:161} INFO - Started process (PID=5402) to work on /home/angry/airflow/dags/youtube_comments_score.py
[2024-01-08T17:37:09.740+0300] {processor.py:830} INFO - Processing file /home/angry/airflow/dags/youtube_comments_score.py for tasks to queue
[2024-01-08T17:37:09.742+0300] {logging_mixin.py:188} INFO - [2024-01-08T17:37:09.741+0300] {dagbag.py:538} INFO - Filling up the DagBag from /home/angry/airflow/dags/youtube_comments_score.py
[2024-01-08T17:37:09.773+0300] {processor.py:840} INFO - DAG(s) 'youtube_comments_score' retrieved from /home/angry/airflow/dags/youtube_comments_score.py
[2024-01-08T17:37:10.646+0300] {logging_mixin.py:188} INFO - [2024-01-08T17:37:10.646+0300] {dag.py:3033} INFO - Sync 1 DAGs
[2024-01-08T17:37:10.674+0300] {logging_mixin.py:188} INFO - [2024-01-08T17:37:10.674+0300] {dag.py:3055} INFO - Creating ORM DAG for youtube_comments_score
[2024-01-08T17:37:10.714+0300] {logging_mixin.py:188} INFO - [2024-01-08T17:37:10.713+0300] {dag.py:3820} INFO - Setting next_dagrun for youtube_comments_score to 2022-12-01T00:00:00+00:00, run_after=2022-12-02T00:00:00+00:00
[2024-01-08T17:37:10.835+0300] {processor.py:183} INFO - Processing /home/angry/airflow/dags/youtube_comments_score.py took 1.107 seconds
[2024-01-08T17:37:41.457+0300] {processor.py:161} INFO - Started process (PID=5759) to work on /home/angry/airflow/dags/youtube_comments_score.py
[2024-01-08T17:37:41.460+0300] {processor.py:830} INFO - Processing file /home/angry/airflow/dags/youtube_comments_score.py for tasks to queue
[2024-01-08T17:37:41.463+0300] {logging_mixin.py:188} INFO - [2024-01-08T17:37:41.462+0300] {dagbag.py:538} INFO - Filling up the DagBag from /home/angry/airflow/dags/youtube_comments_score.py
[2024-01-08T17:37:41.484+0300] {processor.py:840} INFO - DAG(s) 'youtube_comments_score' retrieved from /home/angry/airflow/dags/youtube_comments_score.py
[2024-01-08T17:37:41.606+0300] {logging_mixin.py:188} INFO - [2024-01-08T17:37:41.606+0300] {dag.py:3033} INFO - Sync 1 DAGs
[2024-01-08T17:37:41.692+0300] {logging_mixin.py:188} INFO - [2024-01-08T17:37:41.692+0300] {dag.py:3820} INFO - Setting next_dagrun for youtube_comments_score to 2022-12-01T00:00:00+00:00, run_after=2022-12-02T00:00:00+00:00
[2024-01-08T17:37:41.764+0300] {processor.py:183} INFO - Processing /home/angry/airflow/dags/youtube_comments_score.py took 0.319 seconds
[2024-01-08T17:38:12.168+0300] {processor.py:161} INFO - Started process (PID=6075) to work on /home/angry/airflow/dags/youtube_comments_score.py
[2024-01-08T17:38:12.172+0300] {processor.py:830} INFO - Processing file /home/angry/airflow/dags/youtube_comments_score.py for tasks to queue
[2024-01-08T17:38:12.174+0300] {logging_mixin.py:188} INFO - [2024-01-08T17:38:12.173+0300] {dagbag.py:538} INFO - Filling up the DagBag from /home/angry/airflow/dags/youtube_comments_score.py
[2024-01-08T17:38:12.196+0300] {processor.py:840} INFO - DAG(s) 'youtube_comments_score' retrieved from /home/angry/airflow/dags/youtube_comments_score.py
[2024-01-08T17:38:12.324+0300] {logging_mixin.py:188} INFO - [2024-01-08T17:38:12.323+0300] {dag.py:3033} INFO - Sync 1 DAGs
[2024-01-08T17:38:12.444+0300] {logging_mixin.py:188} INFO - [2024-01-08T17:38:12.444+0300] {dag.py:3820} INFO - Setting next_dagrun for youtube_comments_score to 2022-12-01T00:00:00+00:00, run_after=2022-12-02T00:00:00+00:00
[2024-01-08T17:38:12.506+0300] {processor.py:183} INFO - Processing /home/angry/airflow/dags/youtube_comments_score.py took 0.349 seconds
[2024-01-08T17:38:43.502+0300] {processor.py:161} INFO - Started process (PID=6435) to work on /home/angry/airflow/dags/youtube_comments_score.py
[2024-01-08T17:38:43.505+0300] {processor.py:830} INFO - Processing file /home/angry/airflow/dags/youtube_comments_score.py for tasks to queue
[2024-01-08T17:38:43.508+0300] {logging_mixin.py:188} INFO - [2024-01-08T17:38:43.507+0300] {dagbag.py:538} INFO - Filling up the DagBag from /home/angry/airflow/dags/youtube_comments_score.py
[2024-01-08T17:38:43.530+0300] {processor.py:840} INFO - DAG(s) 'youtube_comments_score' retrieved from /home/angry/airflow/dags/youtube_comments_score.py
[2024-01-08T17:38:43.662+0300] {logging_mixin.py:188} INFO - [2024-01-08T17:38:43.662+0300] {dag.py:3033} INFO - Sync 1 DAGs
[2024-01-08T17:38:43.764+0300] {logging_mixin.py:188} INFO - [2024-01-08T17:38:43.764+0300] {dag.py:3820} INFO - Setting next_dagrun for youtube_comments_score to 2022-12-01T00:00:00+00:00, run_after=2022-12-02T00:00:00+00:00
[2024-01-08T17:38:43.823+0300] {processor.py:183} INFO - Processing /home/angry/airflow/dags/youtube_comments_score.py took 0.332 seconds
[2024-01-08T18:15:15.824+0300] {processor.py:161} INFO - Started process (PID=7344) to work on /home/angry/airflow/dags/youtube_comments_score.py
[2024-01-08T18:15:15.831+0300] {processor.py:830} INFO - Processing file /home/angry/airflow/dags/youtube_comments_score.py for tasks to queue
[2024-01-08T18:15:15.833+0300] {logging_mixin.py:188} INFO - [2024-01-08T18:15:15.833+0300] {dagbag.py:538} INFO - Filling up the DagBag from /home/angry/airflow/dags/youtube_comments_score.py
[2024-01-08T18:15:15.875+0300] {processor.py:840} INFO - DAG(s) 'youtube_comments_score' retrieved from /home/angry/airflow/dags/youtube_comments_score.py
[2024-01-08T18:15:16.263+0300] {logging_mixin.py:188} INFO - [2024-01-08T18:15:16.262+0300] {dag.py:3033} INFO - Sync 1 DAGs
[2024-01-08T18:15:16.295+0300] {logging_mixin.py:188} INFO - [2024-01-08T18:15:16.294+0300] {dag.py:3055} INFO - Creating ORM DAG for youtube_comments_score
[2024-01-08T18:15:16.317+0300] {logging_mixin.py:188} INFO - [2024-01-08T18:15:16.317+0300] {dag.py:3820} INFO - Setting next_dagrun for youtube_comments_score to 2022-12-01T00:00:00+00:00, run_after=2022-12-02T00:00:00+00:00
[2024-01-08T18:15:16.405+0300] {processor.py:183} INFO - Processing /home/angry/airflow/dags/youtube_comments_score.py took 0.592 seconds
[2024-01-08T18:15:47.313+0300] {processor.py:161} INFO - Started process (PID=7685) to work on /home/angry/airflow/dags/youtube_comments_score.py
[2024-01-08T18:15:47.317+0300] {processor.py:830} INFO - Processing file /home/angry/airflow/dags/youtube_comments_score.py for tasks to queue
[2024-01-08T18:15:47.320+0300] {logging_mixin.py:188} INFO - [2024-01-08T18:15:47.319+0300] {dagbag.py:538} INFO - Filling up the DagBag from /home/angry/airflow/dags/youtube_comments_score.py
[2024-01-08T18:15:47.344+0300] {processor.py:840} INFO - DAG(s) 'youtube_comments_score' retrieved from /home/angry/airflow/dags/youtube_comments_score.py
[2024-01-08T18:15:47.457+0300] {logging_mixin.py:188} INFO - [2024-01-08T18:15:47.456+0300] {dag.py:3033} INFO - Sync 1 DAGs
[2024-01-08T18:15:47.557+0300] {logging_mixin.py:188} INFO - [2024-01-08T18:15:47.557+0300] {dag.py:3820} INFO - Setting next_dagrun for youtube_comments_score to 2022-12-01T00:00:00+00:00, run_after=2022-12-02T00:00:00+00:00
[2024-01-08T18:15:47.653+0300] {processor.py:183} INFO - Processing /home/angry/airflow/dags/youtube_comments_score.py took 0.352 seconds
[2024-01-08T18:27:48.311+0300] {processor.py:161} INFO - Started process (PID=8340) to work on /home/angry/airflow/dags/youtube_comments_score.py
[2024-01-08T18:27:48.350+0300] {processor.py:830} INFO - Processing file /home/angry/airflow/dags/youtube_comments_score.py for tasks to queue
[2024-01-08T18:27:48.390+0300] {logging_mixin.py:188} INFO - [2024-01-08T18:27:48.389+0300] {dagbag.py:538} INFO - Filling up the DagBag from /home/angry/airflow/dags/youtube_comments_score.py
[2024-01-08T18:27:48.511+0300] {processor.py:840} INFO - DAG(s) 'youtube_comments_score' retrieved from /home/angry/airflow/dags/youtube_comments_score.py
[2024-01-08T18:27:49.001+0300] {logging_mixin.py:188} INFO - [2024-01-08T18:27:49.000+0300] {dag.py:3033} INFO - Sync 1 DAGs
[2024-01-08T18:27:49.118+0300] {logging_mixin.py:188} INFO - [2024-01-08T18:27:49.117+0300] {dag.py:3820} INFO - Setting next_dagrun for youtube_comments_score to 2022-12-02T00:00:00+00:00, run_after=2022-12-03T00:00:00+00:00
[2024-01-08T18:27:49.214+0300] {processor.py:183} INFO - Processing /home/angry/airflow/dags/youtube_comments_score.py took 0.916 seconds
[2024-01-08T18:31:39.607+0300] {processor.py:161} INFO - Started process (PID=9433) to work on /home/angry/airflow/dags/youtube_comments_score.py
[2024-01-08T18:31:39.797+0300] {processor.py:830} INFO - Processing file /home/angry/airflow/dags/youtube_comments_score.py for tasks to queue
[2024-01-08T18:31:39.798+0300] {logging_mixin.py:188} INFO - [2024-01-08T18:31:39.798+0300] {dagbag.py:538} INFO - Filling up the DagBag from /home/angry/airflow/dags/youtube_comments_score.py
[2024-01-08T18:31:41.144+0300] {processor.py:840} INFO - DAG(s) 'youtube_comments_score' retrieved from /home/angry/airflow/dags/youtube_comments_score.py
[2024-01-08T18:31:42.636+0300] {logging_mixin.py:188} INFO - [2024-01-08T18:31:42.636+0300] {dag.py:3033} INFO - Sync 1 DAGs
[2024-01-08T18:31:45.877+0300] {processor.py:183} INFO - Processing /home/angry/airflow/dags/youtube_comments_score.py took 6.690 seconds
[2024-01-08T18:34:01.119+0300] {processor.py:161} INFO - Started process (PID=10402) to work on /home/angry/airflow/dags/youtube_comments_score.py
[2024-01-08T18:34:01.256+0300] {processor.py:830} INFO - Processing file /home/angry/airflow/dags/youtube_comments_score.py for tasks to queue
[2024-01-08T18:34:01.418+0300] {logging_mixin.py:188} INFO - [2024-01-08T18:34:01.258+0300] {dagbag.py:538} INFO - Filling up the DagBag from /home/angry/airflow/dags/youtube_comments_score.py
[2024-01-08T18:34:02.547+0300] {processor.py:840} INFO - DAG(s) 'youtube_comments_score' retrieved from /home/angry/airflow/dags/youtube_comments_score.py
[2024-01-08T18:34:06.061+0300] {logging_mixin.py:188} INFO - [2024-01-08T18:34:06.060+0300] {dag.py:3033} INFO - Sync 1 DAGs
[2024-01-08T18:34:14.012+0300] {processor.py:183} INFO - Processing /home/angry/airflow/dags/youtube_comments_score.py took 13.122 seconds
[2024-01-08T18:37:08.413+0300] {processor.py:161} INFO - Started process (PID=11560) to work on /home/angry/airflow/dags/youtube_comments_score.py
[2024-01-08T18:37:08.593+0300] {processor.py:830} INFO - Processing file /home/angry/airflow/dags/youtube_comments_score.py for tasks to queue
[2024-01-08T18:37:08.596+0300] {logging_mixin.py:188} INFO - [2024-01-08T18:37:08.595+0300] {dagbag.py:538} INFO - Filling up the DagBag from /home/angry/airflow/dags/youtube_comments_score.py
[2024-01-08T18:37:09.620+0300] {processor.py:840} INFO - DAG(s) 'youtube_comments_score' retrieved from /home/angry/airflow/dags/youtube_comments_score.py
[2024-01-08T18:37:11.965+0300] {logging_mixin.py:188} INFO - [2024-01-08T18:37:11.964+0300] {dag.py:3033} INFO - Sync 1 DAGs
[2024-01-08T18:37:14.594+0300] {logging_mixin.py:188} INFO - [2024-01-08T18:37:14.594+0300] {dag.py:3820} INFO - Setting next_dagrun for youtube_comments_score to 2022-12-15T00:00:00+00:00, run_after=2022-12-16T00:00:00+00:00
[2024-01-08T18:37:16.269+0300] {processor.py:183} INFO - Processing /home/angry/airflow/dags/youtube_comments_score.py took 8.421 seconds
[2024-01-08T18:38:20.339+0300] {processor.py:161} INFO - Started process (PID=12146) to work on /home/angry/airflow/dags/youtube_comments_score.py
[2024-01-08T18:38:20.386+0300] {processor.py:830} INFO - Processing file /home/angry/airflow/dags/youtube_comments_score.py for tasks to queue
[2024-01-08T18:38:20.410+0300] {logging_mixin.py:188} INFO - [2024-01-08T18:38:20.409+0300] {dagbag.py:538} INFO - Filling up the DagBag from /home/angry/airflow/dags/youtube_comments_score.py
[2024-01-08T18:38:20.616+0300] {processor.py:840} INFO - DAG(s) 'youtube_comments_score' retrieved from /home/angry/airflow/dags/youtube_comments_score.py
[2024-01-08T18:38:21.354+0300] {logging_mixin.py:188} INFO - [2024-01-08T18:38:21.353+0300] {dag.py:3033} INFO - Sync 1 DAGs
[2024-01-08T18:38:21.770+0300] {logging_mixin.py:188} INFO - [2024-01-08T18:38:21.770+0300] {dag.py:3820} INFO - Setting next_dagrun for youtube_comments_score to 2022-12-21T00:00:00+00:00, run_after=2022-12-22T00:00:00+00:00
[2024-01-08T18:38:22.156+0300] {processor.py:183} INFO - Processing /home/angry/airflow/dags/youtube_comments_score.py took 1.872 seconds
[2024-01-08T18:40:03.639+0300] {processor.py:161} INFO - Started process (PID=12715) to work on /home/angry/airflow/dags/youtube_comments_score.py
[2024-01-08T18:40:03.698+0300] {processor.py:830} INFO - Processing file /home/angry/airflow/dags/youtube_comments_score.py for tasks to queue
[2024-01-08T18:40:03.700+0300] {logging_mixin.py:188} INFO - [2024-01-08T18:40:03.699+0300] {dagbag.py:538} INFO - Filling up the DagBag from /home/angry/airflow/dags/youtube_comments_score.py
[2024-01-08T18:40:03.844+0300] {processor.py:840} INFO - DAG(s) 'youtube_comments_score' retrieved from /home/angry/airflow/dags/youtube_comments_score.py
[2024-01-08T18:40:04.824+0300] {logging_mixin.py:188} INFO - [2024-01-08T18:40:04.824+0300] {dag.py:3033} INFO - Sync 1 DAGs
[2024-01-08T18:40:08.004+0300] {processor.py:183} INFO - Processing /home/angry/airflow/dags/youtube_comments_score.py took 4.461 seconds
[2024-01-08T18:41:18.642+0300] {processor.py:161} INFO - Started process (PID=13365) to work on /home/angry/airflow/dags/youtube_comments_score.py
[2024-01-08T18:41:18.661+0300] {processor.py:830} INFO - Processing file /home/angry/airflow/dags/youtube_comments_score.py for tasks to queue
[2024-01-08T18:41:18.663+0300] {logging_mixin.py:188} INFO - [2024-01-08T18:41:18.662+0300] {dagbag.py:538} INFO - Filling up the DagBag from /home/angry/airflow/dags/youtube_comments_score.py
[2024-01-08T18:41:18.793+0300] {processor.py:840} INFO - DAG(s) 'youtube_comments_score' retrieved from /home/angry/airflow/dags/youtube_comments_score.py
[2024-01-08T18:41:19.278+0300] {logging_mixin.py:188} INFO - [2024-01-08T18:41:19.277+0300] {dag.py:3033} INFO - Sync 1 DAGs
[2024-01-08T18:41:20.247+0300] {processor.py:183} INFO - Processing /home/angry/airflow/dags/youtube_comments_score.py took 1.675 seconds
[2024-01-08T18:42:11.281+0300] {processor.py:161} INFO - Started process (PID=13948) to work on /home/angry/airflow/dags/youtube_comments_score.py
[2024-01-08T18:42:11.299+0300] {processor.py:830} INFO - Processing file /home/angry/airflow/dags/youtube_comments_score.py for tasks to queue
[2024-01-08T18:42:11.320+0300] {logging_mixin.py:188} INFO - [2024-01-08T18:42:11.313+0300] {dagbag.py:538} INFO - Filling up the DagBag from /home/angry/airflow/dags/youtube_comments_score.py
[2024-01-08T18:42:11.410+0300] {processor.py:840} INFO - DAG(s) 'youtube_comments_score' retrieved from /home/angry/airflow/dags/youtube_comments_score.py
[2024-01-08T18:42:11.611+0300] {logging_mixin.py:188} INFO - [2024-01-08T18:42:11.610+0300] {dag.py:3033} INFO - Sync 1 DAGs
[2024-01-08T18:42:11.765+0300] {logging_mixin.py:188} INFO - [2024-01-08T18:42:11.762+0300] {dag.py:3820} INFO - Setting next_dagrun for youtube_comments_score to 2022-12-31T00:00:00+00:00, run_after=2023-01-01T00:00:00+00:00
[2024-01-08T18:42:11.890+0300] {processor.py:183} INFO - Processing /home/angry/airflow/dags/youtube_comments_score.py took 0.632 seconds
[2024-01-08T18:42:42.818+0300] {processor.py:161} INFO - Started process (PID=14293) to work on /home/angry/airflow/dags/youtube_comments_score.py
[2024-01-08T18:42:42.829+0300] {processor.py:830} INFO - Processing file /home/angry/airflow/dags/youtube_comments_score.py for tasks to queue
[2024-01-08T18:42:42.831+0300] {logging_mixin.py:188} INFO - [2024-01-08T18:42:42.830+0300] {dagbag.py:538} INFO - Filling up the DagBag from /home/angry/airflow/dags/youtube_comments_score.py
[2024-01-08T18:42:42.899+0300] {processor.py:840} INFO - DAG(s) 'youtube_comments_score' retrieved from /home/angry/airflow/dags/youtube_comments_score.py
[2024-01-08T18:42:43.438+0300] {logging_mixin.py:188} INFO - [2024-01-08T18:42:43.438+0300] {dag.py:3033} INFO - Sync 1 DAGs
[2024-01-08T18:42:44.144+0300] {processor.py:183} INFO - Processing /home/angry/airflow/dags/youtube_comments_score.py took 1.437 seconds
[2024-01-08T18:43:14.977+0300] {processor.py:161} INFO - Started process (PID=14711) to work on /home/angry/airflow/dags/youtube_comments_score.py
[2024-01-08T18:43:14.981+0300] {processor.py:830} INFO - Processing file /home/angry/airflow/dags/youtube_comments_score.py for tasks to queue
[2024-01-08T18:43:14.985+0300] {logging_mixin.py:188} INFO - [2024-01-08T18:43:14.983+0300] {dagbag.py:538} INFO - Filling up the DagBag from /home/angry/airflow/dags/youtube_comments_score.py
[2024-01-08T18:43:15.009+0300] {processor.py:840} INFO - DAG(s) 'youtube_comments_score' retrieved from /home/angry/airflow/dags/youtube_comments_score.py
[2024-01-08T18:43:15.112+0300] {logging_mixin.py:188} INFO - [2024-01-08T18:43:15.111+0300] {dag.py:3033} INFO - Sync 1 DAGs
[2024-01-08T18:43:15.269+0300] {processor.py:183} INFO - Processing /home/angry/airflow/dags/youtube_comments_score.py took 0.304 seconds
[2024-01-08T18:43:45.786+0300] {processor.py:161} INFO - Started process (PID=15029) to work on /home/angry/airflow/dags/youtube_comments_score.py
[2024-01-08T18:43:45.789+0300] {processor.py:830} INFO - Processing file /home/angry/airflow/dags/youtube_comments_score.py for tasks to queue
[2024-01-08T18:43:45.791+0300] {logging_mixin.py:188} INFO - [2024-01-08T18:43:45.790+0300] {dagbag.py:538} INFO - Filling up the DagBag from /home/angry/airflow/dags/youtube_comments_score.py
[2024-01-08T18:43:45.825+0300] {processor.py:840} INFO - DAG(s) 'youtube_comments_score' retrieved from /home/angry/airflow/dags/youtube_comments_score.py
[2024-01-08T18:43:45.967+0300] {logging_mixin.py:188} INFO - [2024-01-08T18:43:45.966+0300] {dag.py:3033} INFO - Sync 1 DAGs
[2024-01-08T18:43:46.151+0300] {processor.py:183} INFO - Processing /home/angry/airflow/dags/youtube_comments_score.py took 0.384 seconds
[2024-01-08T18:44:16.699+0300] {processor.py:161} INFO - Started process (PID=15346) to work on /home/angry/airflow/dags/youtube_comments_score.py
[2024-01-08T18:44:16.712+0300] {processor.py:830} INFO - Processing file /home/angry/airflow/dags/youtube_comments_score.py for tasks to queue
[2024-01-08T18:44:16.716+0300] {logging_mixin.py:188} INFO - [2024-01-08T18:44:16.714+0300] {dagbag.py:538} INFO - Filling up the DagBag from /home/angry/airflow/dags/youtube_comments_score.py
[2024-01-08T18:44:16.781+0300] {processor.py:840} INFO - DAG(s) 'youtube_comments_score' retrieved from /home/angry/airflow/dags/youtube_comments_score.py
[2024-01-08T18:44:16.927+0300] {logging_mixin.py:188} INFO - [2024-01-08T18:44:16.926+0300] {dag.py:3033} INFO - Sync 1 DAGs
[2024-01-08T18:44:17.076+0300] {processor.py:183} INFO - Processing /home/angry/airflow/dags/youtube_comments_score.py took 0.398 seconds
[2024-01-08T18:44:48.963+0300] {processor.py:161} INFO - Started process (PID=15660) to work on /home/angry/airflow/dags/youtube_comments_score.py
[2024-01-08T18:44:48.990+0300] {processor.py:830} INFO - Processing file /home/angry/airflow/dags/youtube_comments_score.py for tasks to queue
[2024-01-08T18:44:48.991+0300] {logging_mixin.py:188} INFO - [2024-01-08T18:44:48.991+0300] {dagbag.py:538} INFO - Filling up the DagBag from /home/angry/airflow/dags/youtube_comments_score.py
[2024-01-08T18:44:49.046+0300] {processor.py:840} INFO - DAG(s) 'youtube_comments_score' retrieved from /home/angry/airflow/dags/youtube_comments_score.py
[2024-01-08T18:44:49.470+0300] {logging_mixin.py:188} INFO - [2024-01-08T18:44:49.470+0300] {dag.py:3033} INFO - Sync 1 DAGs
[2024-01-08T18:44:50.540+0300] {processor.py:183} INFO - Processing /home/angry/airflow/dags/youtube_comments_score.py took 1.606 seconds
[2024-01-08T18:45:21.894+0300] {processor.py:161} INFO - Started process (PID=16060) to work on /home/angry/airflow/dags/youtube_comments_score.py
[2024-01-08T18:45:21.898+0300] {processor.py:830} INFO - Processing file /home/angry/airflow/dags/youtube_comments_score.py for tasks to queue
[2024-01-08T18:45:21.900+0300] {logging_mixin.py:188} INFO - [2024-01-08T18:45:21.899+0300] {dagbag.py:538} INFO - Filling up the DagBag from /home/angry/airflow/dags/youtube_comments_score.py
[2024-01-08T18:45:21.925+0300] {processor.py:840} INFO - DAG(s) 'youtube_comments_score' retrieved from /home/angry/airflow/dags/youtube_comments_score.py
[2024-01-08T18:45:22.129+0300] {logging_mixin.py:188} INFO - [2024-01-08T18:45:22.128+0300] {dag.py:3033} INFO - Sync 1 DAGs
[2024-01-08T18:45:22.303+0300] {logging_mixin.py:188} INFO - [2024-01-08T18:45:22.302+0300] {dag.py:3820} INFO - Setting next_dagrun for youtube_comments_score to 2023-01-06T00:00:00+00:00, run_after=2023-01-07T00:00:00+00:00
[2024-01-08T18:45:22.566+0300] {processor.py:183} INFO - Processing /home/angry/airflow/dags/youtube_comments_score.py took 0.685 seconds
[2024-01-08T18:46:03.785+0300] {processor.py:161} INFO - Started process (PID=16473) to work on /home/angry/airflow/dags/youtube_comments_score.py
[2024-01-08T18:46:03.812+0300] {processor.py:830} INFO - Processing file /home/angry/airflow/dags/youtube_comments_score.py for tasks to queue
[2024-01-08T18:46:03.827+0300] {logging_mixin.py:188} INFO - [2024-01-08T18:46:03.827+0300] {dagbag.py:538} INFO - Filling up the DagBag from /home/angry/airflow/dags/youtube_comments_score.py
[2024-01-08T18:46:03.925+0300] {processor.py:840} INFO - DAG(s) 'youtube_comments_score' retrieved from /home/angry/airflow/dags/youtube_comments_score.py
[2024-01-08T18:46:04.300+0300] {logging_mixin.py:188} INFO - [2024-01-08T18:46:04.299+0300] {dag.py:3033} INFO - Sync 1 DAGs
[2024-01-08T18:46:05.232+0300] {logging_mixin.py:188} INFO - [2024-01-08T18:46:05.232+0300] {dag.py:3820} INFO - Setting next_dagrun for youtube_comments_score to 2023-01-09T00:00:00+00:00, run_after=2023-01-10T00:00:00+00:00
[2024-01-08T18:46:05.443+0300] {processor.py:183} INFO - Processing /home/angry/airflow/dags/youtube_comments_score.py took 1.693 seconds
[2024-01-08T18:46:40.256+0300] {processor.py:161} INFO - Started process (PID=16879) to work on /home/angry/airflow/dags/youtube_comments_score.py
[2024-01-08T18:46:40.260+0300] {processor.py:830} INFO - Processing file /home/angry/airflow/dags/youtube_comments_score.py for tasks to queue
[2024-01-08T18:46:40.262+0300] {logging_mixin.py:188} INFO - [2024-01-08T18:46:40.262+0300] {dagbag.py:538} INFO - Filling up the DagBag from /home/angry/airflow/dags/youtube_comments_score.py
[2024-01-08T18:46:40.287+0300] {processor.py:840} INFO - DAG(s) 'youtube_comments_score' retrieved from /home/angry/airflow/dags/youtube_comments_score.py
[2024-01-08T18:46:40.455+0300] {logging_mixin.py:188} INFO - [2024-01-08T18:46:40.455+0300] {dag.py:3033} INFO - Sync 1 DAGs
[2024-01-08T18:46:40.716+0300] {logging_mixin.py:188} INFO - [2024-01-08T18:46:40.715+0300] {dag.py:3820} INFO - Setting next_dagrun for youtube_comments_score to 2023-01-13T00:00:00+00:00, run_after=2023-01-14T00:00:00+00:00
[2024-01-08T18:46:40.870+0300] {processor.py:183} INFO - Processing /home/angry/airflow/dags/youtube_comments_score.py took 0.659 seconds
[2024-01-08T18:47:11.603+0300] {processor.py:161} INFO - Started process (PID=17279) to work on /home/angry/airflow/dags/youtube_comments_score.py
[2024-01-08T18:47:11.607+0300] {processor.py:830} INFO - Processing file /home/angry/airflow/dags/youtube_comments_score.py for tasks to queue
[2024-01-08T18:47:11.611+0300] {logging_mixin.py:188} INFO - [2024-01-08T18:47:11.610+0300] {dagbag.py:538} INFO - Filling up the DagBag from /home/angry/airflow/dags/youtube_comments_score.py
[2024-01-08T18:47:11.637+0300] {processor.py:840} INFO - DAG(s) 'youtube_comments_score' retrieved from /home/angry/airflow/dags/youtube_comments_score.py
[2024-01-08T18:47:11.773+0300] {logging_mixin.py:188} INFO - [2024-01-08T18:47:11.771+0300] {dag.py:3033} INFO - Sync 1 DAGs
[2024-01-08T18:47:11.904+0300] {processor.py:183} INFO - Processing /home/angry/airflow/dags/youtube_comments_score.py took 0.319 seconds
[2024-01-08T18:47:42.646+0300] {processor.py:161} INFO - Started process (PID=17615) to work on /home/angry/airflow/dags/youtube_comments_score.py
[2024-01-08T18:47:42.659+0300] {processor.py:830} INFO - Processing file /home/angry/airflow/dags/youtube_comments_score.py for tasks to queue
[2024-01-08T18:47:42.662+0300] {logging_mixin.py:188} INFO - [2024-01-08T18:47:42.661+0300] {dagbag.py:538} INFO - Filling up the DagBag from /home/angry/airflow/dags/youtube_comments_score.py
[2024-01-08T18:47:42.695+0300] {processor.py:840} INFO - DAG(s) 'youtube_comments_score' retrieved from /home/angry/airflow/dags/youtube_comments_score.py
[2024-01-08T18:47:42.891+0300] {logging_mixin.py:188} INFO - [2024-01-08T18:47:42.891+0300] {dag.py:3033} INFO - Sync 1 DAGs
[2024-01-08T18:47:43.296+0300] {processor.py:183} INFO - Processing /home/angry/airflow/dags/youtube_comments_score.py took 0.675 seconds
[2024-01-08T18:48:17.663+0300] {processor.py:161} INFO - Started process (PID=17992) to work on /home/angry/airflow/dags/youtube_comments_score.py
[2024-01-08T18:48:17.682+0300] {processor.py:830} INFO - Processing file /home/angry/airflow/dags/youtube_comments_score.py for tasks to queue
[2024-01-08T18:48:17.714+0300] {logging_mixin.py:188} INFO - [2024-01-08T18:48:17.684+0300] {dagbag.py:538} INFO - Filling up the DagBag from /home/angry/airflow/dags/youtube_comments_score.py
[2024-01-08T18:48:17.914+0300] {processor.py:840} INFO - DAG(s) 'youtube_comments_score' retrieved from /home/angry/airflow/dags/youtube_comments_score.py
[2024-01-08T18:48:18.467+0300] {logging_mixin.py:188} INFO - [2024-01-08T18:48:18.440+0300] {dag.py:3033} INFO - Sync 1 DAGs
[2024-01-08T18:48:20.001+0300] {processor.py:183} INFO - Processing /home/angry/airflow/dags/youtube_comments_score.py took 2.425 seconds
[2024-01-08T18:48:50.878+0300] {processor.py:161} INFO - Started process (PID=18394) to work on /home/angry/airflow/dags/youtube_comments_score.py
[2024-01-08T18:48:50.881+0300] {processor.py:830} INFO - Processing file /home/angry/airflow/dags/youtube_comments_score.py for tasks to queue
[2024-01-08T18:48:50.885+0300] {logging_mixin.py:188} INFO - [2024-01-08T18:48:50.883+0300] {dagbag.py:538} INFO - Filling up the DagBag from /home/angry/airflow/dags/youtube_comments_score.py
[2024-01-08T18:48:50.919+0300] {processor.py:840} INFO - DAG(s) 'youtube_comments_score' retrieved from /home/angry/airflow/dags/youtube_comments_score.py
[2024-01-08T18:48:51.058+0300] {logging_mixin.py:188} INFO - [2024-01-08T18:48:51.058+0300] {dag.py:3033} INFO - Sync 1 DAGs
[2024-01-08T18:48:51.178+0300] {logging_mixin.py:188} INFO - [2024-01-08T18:48:51.178+0300] {dag.py:3820} INFO - Setting next_dagrun for youtube_comments_score to 2023-01-17T00:00:00+00:00, run_after=2023-01-18T00:00:00+00:00
[2024-01-08T18:48:51.235+0300] {processor.py:183} INFO - Processing /home/angry/airflow/dags/youtube_comments_score.py took 0.372 seconds
[2024-01-08T18:49:27.090+0300] {processor.py:161} INFO - Started process (PID=18804) to work on /home/angry/airflow/dags/youtube_comments_score.py
[2024-01-08T18:49:27.095+0300] {processor.py:830} INFO - Processing file /home/angry/airflow/dags/youtube_comments_score.py for tasks to queue
[2024-01-08T18:49:27.097+0300] {logging_mixin.py:188} INFO - [2024-01-08T18:49:27.097+0300] {dagbag.py:538} INFO - Filling up the DagBag from /home/angry/airflow/dags/youtube_comments_score.py
[2024-01-08T18:49:27.123+0300] {processor.py:840} INFO - DAG(s) 'youtube_comments_score' retrieved from /home/angry/airflow/dags/youtube_comments_score.py
[2024-01-08T18:49:27.280+0300] {logging_mixin.py:188} INFO - [2024-01-08T18:49:27.279+0300] {dag.py:3033} INFO - Sync 1 DAGs
[2024-01-08T18:49:27.394+0300] {processor.py:183} INFO - Processing /home/angry/airflow/dags/youtube_comments_score.py took 0.320 seconds
[2024-01-08T18:49:58.219+0300] {processor.py:161} INFO - Started process (PID=19120) to work on /home/angry/airflow/dags/youtube_comments_score.py
[2024-01-08T18:49:58.222+0300] {processor.py:830} INFO - Processing file /home/angry/airflow/dags/youtube_comments_score.py for tasks to queue
[2024-01-08T18:49:58.226+0300] {logging_mixin.py:188} INFO - [2024-01-08T18:49:58.224+0300] {dagbag.py:538} INFO - Filling up the DagBag from /home/angry/airflow/dags/youtube_comments_score.py
[2024-01-08T18:49:58.255+0300] {processor.py:840} INFO - DAG(s) 'youtube_comments_score' retrieved from /home/angry/airflow/dags/youtube_comments_score.py
[2024-01-08T18:49:58.384+0300] {logging_mixin.py:188} INFO - [2024-01-08T18:49:58.384+0300] {dag.py:3033} INFO - Sync 1 DAGs
[2024-01-08T18:49:58.507+0300] {processor.py:183} INFO - Processing /home/angry/airflow/dags/youtube_comments_score.py took 0.314 seconds
[2024-01-08T18:50:28.843+0300] {processor.py:161} INFO - Started process (PID=19430) to work on /home/angry/airflow/dags/youtube_comments_score.py
[2024-01-08T18:50:28.847+0300] {processor.py:830} INFO - Processing file /home/angry/airflow/dags/youtube_comments_score.py for tasks to queue
[2024-01-08T18:50:28.849+0300] {logging_mixin.py:188} INFO - [2024-01-08T18:50:28.849+0300] {dagbag.py:538} INFO - Filling up the DagBag from /home/angry/airflow/dags/youtube_comments_score.py
[2024-01-08T18:50:28.874+0300] {processor.py:840} INFO - DAG(s) 'youtube_comments_score' retrieved from /home/angry/airflow/dags/youtube_comments_score.py
[2024-01-08T18:50:29.025+0300] {logging_mixin.py:188} INFO - [2024-01-08T18:50:29.025+0300] {dag.py:3033} INFO - Sync 1 DAGs
[2024-01-08T18:50:29.629+0300] {processor.py:183} INFO - Processing /home/angry/airflow/dags/youtube_comments_score.py took 0.799 seconds
[2024-01-08T18:51:00.056+0300] {processor.py:161} INFO - Started process (PID=19751) to work on /home/angry/airflow/dags/youtube_comments_score.py
[2024-01-08T18:51:00.059+0300] {processor.py:830} INFO - Processing file /home/angry/airflow/dags/youtube_comments_score.py for tasks to queue
[2024-01-08T18:51:00.087+0300] {logging_mixin.py:188} INFO - [2024-01-08T18:51:00.085+0300] {dagbag.py:538} INFO - Filling up the DagBag from /home/angry/airflow/dags/youtube_comments_score.py
[2024-01-08T18:51:00.178+0300] {processor.py:840} INFO - DAG(s) 'youtube_comments_score' retrieved from /home/angry/airflow/dags/youtube_comments_score.py
[2024-01-08T18:51:00.505+0300] {logging_mixin.py:188} INFO - [2024-01-08T18:51:00.503+0300] {dag.py:3033} INFO - Sync 1 DAGs
[2024-01-08T18:51:01.142+0300] {processor.py:183} INFO - Processing /home/angry/airflow/dags/youtube_comments_score.py took 1.140 seconds
[2024-01-08T18:51:31.292+0300] {processor.py:161} INFO - Started process (PID=20124) to work on /home/angry/airflow/dags/youtube_comments_score.py
[2024-01-08T18:51:31.295+0300] {processor.py:830} INFO - Processing file /home/angry/airflow/dags/youtube_comments_score.py for tasks to queue
[2024-01-08T18:51:31.298+0300] {logging_mixin.py:188} INFO - [2024-01-08T18:51:31.297+0300] {dagbag.py:538} INFO - Filling up the DagBag from /home/angry/airflow/dags/youtube_comments_score.py
[2024-01-08T18:51:31.315+0300] {processor.py:840} INFO - DAG(s) 'youtube_comments_score' retrieved from /home/angry/airflow/dags/youtube_comments_score.py
[2024-01-08T18:51:31.412+0300] {logging_mixin.py:188} INFO - [2024-01-08T18:51:31.411+0300] {dag.py:3033} INFO - Sync 1 DAGs
[2024-01-08T18:51:31.461+0300] {logging_mixin.py:188} INFO - [2024-01-08T18:51:31.461+0300] {dag.py:3820} INFO - Setting next_dagrun for youtube_comments_score to 2023-01-22T00:00:00+00:00, run_after=2023-01-23T00:00:00+00:00
[2024-01-08T18:51:31.506+0300] {processor.py:183} INFO - Processing /home/angry/airflow/dags/youtube_comments_score.py took 0.227 seconds
[2024-01-08T18:52:07.014+0300] {processor.py:161} INFO - Started process (PID=20489) to work on /home/angry/airflow/dags/youtube_comments_score.py
[2024-01-08T18:52:07.042+0300] {processor.py:830} INFO - Processing file /home/angry/airflow/dags/youtube_comments_score.py for tasks to queue
[2024-01-08T18:52:07.045+0300] {logging_mixin.py:188} INFO - [2024-01-08T18:52:07.044+0300] {dagbag.py:538} INFO - Filling up the DagBag from /home/angry/airflow/dags/youtube_comments_score.py
[2024-01-08T18:52:07.226+0300] {processor.py:840} INFO - DAG(s) 'youtube_comments_score' retrieved from /home/angry/airflow/dags/youtube_comments_score.py
[2024-01-08T18:52:07.793+0300] {logging_mixin.py:188} INFO - [2024-01-08T18:52:07.793+0300] {dag.py:3033} INFO - Sync 1 DAGs
[2024-01-08T18:52:10.270+0300] {processor.py:183} INFO - Processing /home/angry/airflow/dags/youtube_comments_score.py took 3.364 seconds
[2024-01-08T18:52:40.800+0300] {processor.py:161} INFO - Started process (PID=20922) to work on /home/angry/airflow/dags/youtube_comments_score.py
[2024-01-08T18:52:40.804+0300] {processor.py:830} INFO - Processing file /home/angry/airflow/dags/youtube_comments_score.py for tasks to queue
[2024-01-08T18:52:40.806+0300] {logging_mixin.py:188} INFO - [2024-01-08T18:52:40.805+0300] {dagbag.py:538} INFO - Filling up the DagBag from /home/angry/airflow/dags/youtube_comments_score.py
[2024-01-08T18:52:40.963+0300] {processor.py:840} INFO - DAG(s) 'youtube_comments_score' retrieved from /home/angry/airflow/dags/youtube_comments_score.py
[2024-01-08T18:52:41.237+0300] {logging_mixin.py:188} INFO - [2024-01-08T18:52:41.236+0300] {dag.py:3033} INFO - Sync 1 DAGs
[2024-01-08T18:52:41.851+0300] {logging_mixin.py:188} INFO - [2024-01-08T18:52:41.851+0300] {dag.py:3820} INFO - Setting next_dagrun for youtube_comments_score to 2023-01-25T00:00:00+00:00, run_after=2023-01-26T00:00:00+00:00
[2024-01-08T18:52:42.427+0300] {processor.py:183} INFO - Processing /home/angry/airflow/dags/youtube_comments_score.py took 1.658 seconds
[2024-01-08T18:53:47.612+0300] {processor.py:161} INFO - Started process (PID=21448) to work on /home/angry/airflow/dags/youtube_comments_score.py
[2024-01-08T18:53:47.623+0300] {processor.py:830} INFO - Processing file /home/angry/airflow/dags/youtube_comments_score.py for tasks to queue
[2024-01-08T18:53:47.626+0300] {logging_mixin.py:188} INFO - [2024-01-08T18:53:47.625+0300] {dagbag.py:538} INFO - Filling up the DagBag from /home/angry/airflow/dags/youtube_comments_score.py
[2024-01-08T18:53:47.739+0300] {processor.py:840} INFO - DAG(s) 'youtube_comments_score' retrieved from /home/angry/airflow/dags/youtube_comments_score.py
[2024-01-08T18:53:48.363+0300] {logging_mixin.py:188} INFO - [2024-01-08T18:53:48.362+0300] {dag.py:3033} INFO - Sync 1 DAGs
[2024-01-08T18:53:48.716+0300] {processor.py:183} INFO - Processing /home/angry/airflow/dags/youtube_comments_score.py took 1.168 seconds
[2024-01-08T18:54:20.126+0300] {processor.py:161} INFO - Started process (PID=21784) to work on /home/angry/airflow/dags/youtube_comments_score.py
[2024-01-08T18:54:20.138+0300] {processor.py:830} INFO - Processing file /home/angry/airflow/dags/youtube_comments_score.py for tasks to queue
[2024-01-08T18:54:20.140+0300] {logging_mixin.py:188} INFO - [2024-01-08T18:54:20.139+0300] {dagbag.py:538} INFO - Filling up the DagBag from /home/angry/airflow/dags/youtube_comments_score.py
[2024-01-08T18:54:20.206+0300] {processor.py:840} INFO - DAG(s) 'youtube_comments_score' retrieved from /home/angry/airflow/dags/youtube_comments_score.py
[2024-01-08T18:54:20.422+0300] {logging_mixin.py:188} INFO - [2024-01-08T18:54:20.422+0300] {dag.py:3033} INFO - Sync 1 DAGs
[2024-01-08T18:54:21.178+0300] {logging_mixin.py:188} INFO - [2024-01-08T18:54:21.178+0300] {dag.py:3820} INFO - Setting next_dagrun for youtube_comments_score to 2023-01-31T00:00:00+00:00, run_after=2023-02-01T00:00:00+00:00
[2024-01-08T18:54:21.429+0300] {processor.py:183} INFO - Processing /home/angry/airflow/dags/youtube_comments_score.py took 1.334 seconds
[2024-01-08T18:54:56.938+0300] {processor.py:161} INFO - Started process (PID=22261) to work on /home/angry/airflow/dags/youtube_comments_score.py
[2024-01-08T18:54:56.942+0300] {processor.py:830} INFO - Processing file /home/angry/airflow/dags/youtube_comments_score.py for tasks to queue
[2024-01-08T18:54:56.944+0300] {logging_mixin.py:188} INFO - [2024-01-08T18:54:56.943+0300] {dagbag.py:538} INFO - Filling up the DagBag from /home/angry/airflow/dags/youtube_comments_score.py
[2024-01-08T18:54:56.966+0300] {processor.py:840} INFO - DAG(s) 'youtube_comments_score' retrieved from /home/angry/airflow/dags/youtube_comments_score.py
[2024-01-08T18:54:57.059+0300] {logging_mixin.py:188} INFO - [2024-01-08T18:54:57.058+0300] {dag.py:3033} INFO - Sync 1 DAGs
[2024-01-08T18:54:57.119+0300] {logging_mixin.py:188} INFO - [2024-01-08T18:54:57.119+0300] {dag.py:3820} INFO - Setting next_dagrun for youtube_comments_score to 2023-02-02T00:00:00+00:00, run_after=2023-02-03T00:00:00+00:00
[2024-01-08T18:54:57.192+0300] {processor.py:183} INFO - Processing /home/angry/airflow/dags/youtube_comments_score.py took 0.265 seconds
[2024-01-08T18:55:32.260+0300] {processor.py:161} INFO - Started process (PID=22653) to work on /home/angry/airflow/dags/youtube_comments_score.py
[2024-01-08T18:55:32.266+0300] {processor.py:830} INFO - Processing file /home/angry/airflow/dags/youtube_comments_score.py for tasks to queue
[2024-01-08T18:55:32.268+0300] {logging_mixin.py:188} INFO - [2024-01-08T18:55:32.267+0300] {dagbag.py:538} INFO - Filling up the DagBag from /home/angry/airflow/dags/youtube_comments_score.py
[2024-01-08T18:55:32.353+0300] {processor.py:840} INFO - DAG(s) 'youtube_comments_score' retrieved from /home/angry/airflow/dags/youtube_comments_score.py
[2024-01-08T18:55:32.936+0300] {logging_mixin.py:188} INFO - [2024-01-08T18:55:32.935+0300] {dag.py:3033} INFO - Sync 1 DAGs
[2024-01-08T18:55:34.612+0300] {processor.py:183} INFO - Processing /home/angry/airflow/dags/youtube_comments_score.py took 2.427 seconds
[2024-01-08T18:56:05.194+0300] {processor.py:161} INFO - Started process (PID=23007) to work on /home/angry/airflow/dags/youtube_comments_score.py
[2024-01-08T18:56:05.197+0300] {processor.py:830} INFO - Processing file /home/angry/airflow/dags/youtube_comments_score.py for tasks to queue
[2024-01-08T18:56:05.200+0300] {logging_mixin.py:188} INFO - [2024-01-08T18:56:05.199+0300] {dagbag.py:538} INFO - Filling up the DagBag from /home/angry/airflow/dags/youtube_comments_score.py
[2024-01-08T18:56:05.219+0300] {processor.py:840} INFO - DAG(s) 'youtube_comments_score' retrieved from /home/angry/airflow/dags/youtube_comments_score.py
[2024-01-08T18:56:05.350+0300] {logging_mixin.py:188} INFO - [2024-01-08T18:56:05.349+0300] {dag.py:3033} INFO - Sync 1 DAGs
[2024-01-08T18:56:05.601+0300] {processor.py:183} INFO - Processing /home/angry/airflow/dags/youtube_comments_score.py took 0.425 seconds
[2024-01-08T18:56:36.001+0300] {processor.py:161} INFO - Started process (PID=23323) to work on /home/angry/airflow/dags/youtube_comments_score.py
[2024-01-08T18:56:36.003+0300] {processor.py:830} INFO - Processing file /home/angry/airflow/dags/youtube_comments_score.py for tasks to queue
[2024-01-08T18:56:36.006+0300] {logging_mixin.py:188} INFO - [2024-01-08T18:56:36.005+0300] {dagbag.py:538} INFO - Filling up the DagBag from /home/angry/airflow/dags/youtube_comments_score.py
[2024-01-08T18:56:36.033+0300] {processor.py:840} INFO - DAG(s) 'youtube_comments_score' retrieved from /home/angry/airflow/dags/youtube_comments_score.py
[2024-01-08T18:56:36.185+0300] {logging_mixin.py:188} INFO - [2024-01-08T18:56:36.184+0300] {dag.py:3033} INFO - Sync 1 DAGs
[2024-01-08T18:56:36.438+0300] {processor.py:183} INFO - Processing /home/angry/airflow/dags/youtube_comments_score.py took 0.448 seconds
[2024-01-08T18:57:08.608+0300] {processor.py:161} INFO - Started process (PID=23677) to work on /home/angry/airflow/dags/youtube_comments_score.py
[2024-01-08T18:57:08.614+0300] {processor.py:830} INFO - Processing file /home/angry/airflow/dags/youtube_comments_score.py for tasks to queue
[2024-01-08T18:57:08.616+0300] {logging_mixin.py:188} INFO - [2024-01-08T18:57:08.615+0300] {dagbag.py:538} INFO - Filling up the DagBag from /home/angry/airflow/dags/youtube_comments_score.py
[2024-01-08T18:57:08.682+0300] {processor.py:840} INFO - DAG(s) 'youtube_comments_score' retrieved from /home/angry/airflow/dags/youtube_comments_score.py
[2024-01-08T18:57:08.918+0300] {logging_mixin.py:188} INFO - [2024-01-08T18:57:08.917+0300] {dag.py:3033} INFO - Sync 1 DAGs
[2024-01-08T18:57:09.640+0300] {processor.py:183} INFO - Processing /home/angry/airflow/dags/youtube_comments_score.py took 1.088 seconds
[2024-01-08T18:57:41.312+0300] {processor.py:161} INFO - Started process (PID=24024) to work on /home/angry/airflow/dags/youtube_comments_score.py
[2024-01-08T18:57:41.335+0300] {processor.py:830} INFO - Processing file /home/angry/airflow/dags/youtube_comments_score.py for tasks to queue
[2024-01-08T18:57:41.338+0300] {logging_mixin.py:188} INFO - [2024-01-08T18:57:41.337+0300] {dagbag.py:538} INFO - Filling up the DagBag from /home/angry/airflow/dags/youtube_comments_score.py
[2024-01-08T18:57:41.392+0300] {processor.py:840} INFO - DAG(s) 'youtube_comments_score' retrieved from /home/angry/airflow/dags/youtube_comments_score.py
[2024-01-08T18:57:41.555+0300] {logging_mixin.py:188} INFO - [2024-01-08T18:57:41.548+0300] {dag.py:3033} INFO - Sync 1 DAGs
[2024-01-08T18:57:41.838+0300] {processor.py:183} INFO - Processing /home/angry/airflow/dags/youtube_comments_score.py took 0.565 seconds
[2024-01-08T18:58:12.571+0300] {processor.py:161} INFO - Started process (PID=24394) to work on /home/angry/airflow/dags/youtube_comments_score.py
[2024-01-08T18:58:12.576+0300] {processor.py:830} INFO - Processing file /home/angry/airflow/dags/youtube_comments_score.py for tasks to queue
[2024-01-08T18:58:12.578+0300] {logging_mixin.py:188} INFO - [2024-01-08T18:58:12.578+0300] {dagbag.py:538} INFO - Filling up the DagBag from /home/angry/airflow/dags/youtube_comments_score.py
[2024-01-08T18:58:12.601+0300] {processor.py:840} INFO - DAG(s) 'youtube_comments_score' retrieved from /home/angry/airflow/dags/youtube_comments_score.py
[2024-01-08T18:58:12.688+0300] {logging_mixin.py:188} INFO - [2024-01-08T18:58:12.688+0300] {dag.py:3033} INFO - Sync 1 DAGs
[2024-01-08T18:58:12.789+0300] {processor.py:183} INFO - Processing /home/angry/airflow/dags/youtube_comments_score.py took 0.237 seconds
[2024-01-08T18:58:46.966+0300] {processor.py:161} INFO - Started process (PID=24823) to work on /home/angry/airflow/dags/youtube_comments_score.py
[2024-01-08T18:58:46.968+0300] {processor.py:830} INFO - Processing file /home/angry/airflow/dags/youtube_comments_score.py for tasks to queue
[2024-01-08T18:58:46.971+0300] {logging_mixin.py:188} INFO - [2024-01-08T18:58:46.970+0300] {dagbag.py:538} INFO - Filling up the DagBag from /home/angry/airflow/dags/youtube_comments_score.py
[2024-01-08T18:58:47.053+0300] {processor.py:840} INFO - DAG(s) 'youtube_comments_score' retrieved from /home/angry/airflow/dags/youtube_comments_score.py
[2024-01-08T18:58:47.441+0300] {logging_mixin.py:188} INFO - [2024-01-08T18:58:47.440+0300] {dag.py:3033} INFO - Sync 1 DAGs
[2024-01-08T18:58:48.267+0300] {logging_mixin.py:188} INFO - [2024-01-08T18:58:48.267+0300] {dag.py:3820} INFO - Setting next_dagrun for youtube_comments_score to 2023-02-10T00:00:00+00:00, run_after=2023-02-11T00:00:00+00:00
[2024-01-08T18:58:48.409+0300] {processor.py:183} INFO - Processing /home/angry/airflow/dags/youtube_comments_score.py took 1.515 seconds
[2024-01-08T18:59:18.638+0300] {processor.py:161} INFO - Started process (PID=25206) to work on /home/angry/airflow/dags/youtube_comments_score.py
[2024-01-08T18:59:18.658+0300] {processor.py:830} INFO - Processing file /home/angry/airflow/dags/youtube_comments_score.py for tasks to queue
[2024-01-08T18:59:18.660+0300] {logging_mixin.py:188} INFO - [2024-01-08T18:59:18.660+0300] {dagbag.py:538} INFO - Filling up the DagBag from /home/angry/airflow/dags/youtube_comments_score.py
[2024-01-08T18:59:18.687+0300] {processor.py:840} INFO - DAG(s) 'youtube_comments_score' retrieved from /home/angry/airflow/dags/youtube_comments_score.py
[2024-01-08T18:59:19.008+0300] {logging_mixin.py:188} INFO - [2024-01-08T18:59:19.007+0300] {dag.py:3033} INFO - Sync 1 DAGs
[2024-01-08T18:59:19.283+0300] {logging_mixin.py:188} INFO - [2024-01-08T18:59:19.281+0300] {dag.py:3820} INFO - Setting next_dagrun for youtube_comments_score to 2023-02-15T00:00:00+00:00, run_after=2023-02-16T00:00:00+00:00
[2024-01-08T18:59:19.549+0300] {processor.py:183} INFO - Processing /home/angry/airflow/dags/youtube_comments_score.py took 0.923 seconds
[2024-01-08T18:59:49.896+0300] {processor.py:161} INFO - Started process (PID=25610) to work on /home/angry/airflow/dags/youtube_comments_score.py
[2024-01-08T18:59:49.902+0300] {processor.py:830} INFO - Processing file /home/angry/airflow/dags/youtube_comments_score.py for tasks to queue
[2024-01-08T18:59:49.913+0300] {logging_mixin.py:188} INFO - [2024-01-08T18:59:49.912+0300] {dagbag.py:538} INFO - Filling up the DagBag from /home/angry/airflow/dags/youtube_comments_score.py
[2024-01-08T18:59:49.964+0300] {processor.py:840} INFO - DAG(s) 'youtube_comments_score' retrieved from /home/angry/airflow/dags/youtube_comments_score.py
[2024-01-08T18:59:50.095+0300] {logging_mixin.py:188} INFO - [2024-01-08T18:59:50.094+0300] {dag.py:3033} INFO - Sync 1 DAGs
[2024-01-08T18:59:50.235+0300] {processor.py:183} INFO - Processing /home/angry/airflow/dags/youtube_comments_score.py took 0.366 seconds
[2024-01-08T19:00:21.246+0300] {processor.py:161} INFO - Started process (PID=25986) to work on /home/angry/airflow/dags/youtube_comments_score.py
[2024-01-08T19:00:21.249+0300] {processor.py:830} INFO - Processing file /home/angry/airflow/dags/youtube_comments_score.py for tasks to queue
[2024-01-08T19:00:21.251+0300] {logging_mixin.py:188} INFO - [2024-01-08T19:00:21.250+0300] {dagbag.py:538} INFO - Filling up the DagBag from /home/angry/airflow/dags/youtube_comments_score.py
[2024-01-08T19:00:21.332+0300] {processor.py:840} INFO - DAG(s) 'youtube_comments_score' retrieved from /home/angry/airflow/dags/youtube_comments_score.py
[2024-01-08T19:00:21.591+0300] {logging_mixin.py:188} INFO - [2024-01-08T19:00:21.591+0300] {dag.py:3033} INFO - Sync 1 DAGs
[2024-01-08T19:00:21.786+0300] {logging_mixin.py:188} INFO - [2024-01-08T19:00:21.786+0300] {dag.py:3820} INFO - Setting next_dagrun for youtube_comments_score to 2023-02-16T00:00:00+00:00, run_after=2023-02-17T00:00:00+00:00
[2024-01-08T19:00:21.909+0300] {processor.py:183} INFO - Processing /home/angry/airflow/dags/youtube_comments_score.py took 0.696 seconds
[2024-01-08T19:00:52.781+0300] {processor.py:161} INFO - Started process (PID=26408) to work on /home/angry/airflow/dags/youtube_comments_score.py
[2024-01-08T19:00:52.785+0300] {processor.py:830} INFO - Processing file /home/angry/airflow/dags/youtube_comments_score.py for tasks to queue
[2024-01-08T19:00:52.787+0300] {logging_mixin.py:188} INFO - [2024-01-08T19:00:52.787+0300] {dagbag.py:538} INFO - Filling up the DagBag from /home/angry/airflow/dags/youtube_comments_score.py
[2024-01-08T19:00:52.824+0300] {processor.py:840} INFO - DAG(s) 'youtube_comments_score' retrieved from /home/angry/airflow/dags/youtube_comments_score.py
[2024-01-08T19:00:52.996+0300] {logging_mixin.py:188} INFO - [2024-01-08T19:00:52.996+0300] {dag.py:3033} INFO - Sync 1 DAGs
[2024-01-08T19:00:53.322+0300] {logging_mixin.py:188} INFO - [2024-01-08T19:00:53.321+0300] {dag.py:3820} INFO - Setting next_dagrun for youtube_comments_score to 2023-02-18T00:00:00+00:00, run_after=2023-02-19T00:00:00+00:00
[2024-01-08T19:00:53.370+0300] {processor.py:183} INFO - Processing /home/angry/airflow/dags/youtube_comments_score.py took 0.609 seconds
[2024-01-08T19:01:25.140+0300] {processor.py:161} INFO - Started process (PID=26768) to work on /home/angry/airflow/dags/youtube_comments_score.py
[2024-01-08T19:01:25.143+0300] {processor.py:830} INFO - Processing file /home/angry/airflow/dags/youtube_comments_score.py for tasks to queue
[2024-01-08T19:01:25.145+0300] {logging_mixin.py:188} INFO - [2024-01-08T19:01:25.144+0300] {dagbag.py:538} INFO - Filling up the DagBag from /home/angry/airflow/dags/youtube_comments_score.py
[2024-01-08T19:01:25.219+0300] {processor.py:840} INFO - DAG(s) 'youtube_comments_score' retrieved from /home/angry/airflow/dags/youtube_comments_score.py
[2024-01-08T19:01:25.406+0300] {logging_mixin.py:188} INFO - [2024-01-08T19:01:25.406+0300] {dag.py:3033} INFO - Sync 1 DAGs
[2024-01-08T19:01:25.917+0300] {processor.py:183} INFO - Processing /home/angry/airflow/dags/youtube_comments_score.py took 0.807 seconds
[2024-01-08T19:01:57.010+0300] {processor.py:161} INFO - Started process (PID=27147) to work on /home/angry/airflow/dags/youtube_comments_score.py
[2024-01-08T19:01:57.042+0300] {processor.py:830} INFO - Processing file /home/angry/airflow/dags/youtube_comments_score.py for tasks to queue
[2024-01-08T19:01:57.044+0300] {logging_mixin.py:188} INFO - [2024-01-08T19:01:57.044+0300] {dagbag.py:538} INFO - Filling up the DagBag from /home/angry/airflow/dags/youtube_comments_score.py
[2024-01-08T19:01:57.100+0300] {processor.py:840} INFO - DAG(s) 'youtube_comments_score' retrieved from /home/angry/airflow/dags/youtube_comments_score.py
[2024-01-08T19:01:57.267+0300] {logging_mixin.py:188} INFO - [2024-01-08T19:01:57.266+0300] {dag.py:3033} INFO - Sync 1 DAGs
[2024-01-08T19:01:57.602+0300] {processor.py:183} INFO - Processing /home/angry/airflow/dags/youtube_comments_score.py took 0.611 seconds
[2024-01-08T19:02:27.876+0300] {processor.py:161} INFO - Started process (PID=27464) to work on /home/angry/airflow/dags/youtube_comments_score.py
[2024-01-08T19:02:27.880+0300] {processor.py:830} INFO - Processing file /home/angry/airflow/dags/youtube_comments_score.py for tasks to queue
[2024-01-08T19:02:27.881+0300] {logging_mixin.py:188} INFO - [2024-01-08T19:02:27.881+0300] {dagbag.py:538} INFO - Filling up the DagBag from /home/angry/airflow/dags/youtube_comments_score.py
[2024-01-08T19:02:27.900+0300] {processor.py:840} INFO - DAG(s) 'youtube_comments_score' retrieved from /home/angry/airflow/dags/youtube_comments_score.py
[2024-01-08T19:02:27.991+0300] {logging_mixin.py:188} INFO - [2024-01-08T19:02:27.991+0300] {dag.py:3033} INFO - Sync 1 DAGs
[2024-01-08T19:02:28.143+0300] {processor.py:183} INFO - Processing /home/angry/airflow/dags/youtube_comments_score.py took 0.279 seconds
[2024-01-08T19:02:59.939+0300] {processor.py:161} INFO - Started process (PID=27780) to work on /home/angry/airflow/dags/youtube_comments_score.py
[2024-01-08T19:02:59.985+0300] {processor.py:830} INFO - Processing file /home/angry/airflow/dags/youtube_comments_score.py for tasks to queue
[2024-01-08T19:02:59.986+0300] {logging_mixin.py:188} INFO - [2024-01-08T19:02:59.986+0300] {dagbag.py:538} INFO - Filling up the DagBag from /home/angry/airflow/dags/youtube_comments_score.py
[2024-01-08T19:03:00.212+0300] {processor.py:840} INFO - DAG(s) 'youtube_comments_score' retrieved from /home/angry/airflow/dags/youtube_comments_score.py
[2024-01-08T19:03:00.933+0300] {logging_mixin.py:188} INFO - [2024-01-08T19:03:00.912+0300] {dag.py:3033} INFO - Sync 1 DAGs
[2024-01-08T19:03:02.805+0300] {processor.py:183} INFO - Processing /home/angry/airflow/dags/youtube_comments_score.py took 2.951 seconds
[2024-01-08T19:03:33.243+0300] {processor.py:161} INFO - Started process (PID=28174) to work on /home/angry/airflow/dags/youtube_comments_score.py
[2024-01-08T19:03:33.246+0300] {processor.py:830} INFO - Processing file /home/angry/airflow/dags/youtube_comments_score.py for tasks to queue
[2024-01-08T19:03:33.249+0300] {logging_mixin.py:188} INFO - [2024-01-08T19:03:33.248+0300] {dagbag.py:538} INFO - Filling up the DagBag from /home/angry/airflow/dags/youtube_comments_score.py
[2024-01-08T19:03:33.275+0300] {processor.py:840} INFO - DAG(s) 'youtube_comments_score' retrieved from /home/angry/airflow/dags/youtube_comments_score.py
[2024-01-08T19:03:33.455+0300] {logging_mixin.py:188} INFO - [2024-01-08T19:03:33.454+0300] {dag.py:3033} INFO - Sync 1 DAGs
[2024-01-08T19:03:33.940+0300] {logging_mixin.py:188} INFO - [2024-01-08T19:03:33.940+0300] {dag.py:3820} INFO - Setting next_dagrun for youtube_comments_score to 2023-02-23T00:00:00+00:00, run_after=2023-02-24T00:00:00+00:00
[2024-01-08T19:03:34.006+0300] {processor.py:183} INFO - Processing /home/angry/airflow/dags/youtube_comments_score.py took 0.776 seconds
[2024-01-08T19:04:04.864+0300] {processor.py:161} INFO - Started process (PID=28560) to work on /home/angry/airflow/dags/youtube_comments_score.py
[2024-01-08T19:04:04.890+0300] {processor.py:830} INFO - Processing file /home/angry/airflow/dags/youtube_comments_score.py for tasks to queue
[2024-01-08T19:04:04.893+0300] {logging_mixin.py:188} INFO - [2024-01-08T19:04:04.892+0300] {dagbag.py:538} INFO - Filling up the DagBag from /home/angry/airflow/dags/youtube_comments_score.py
[2024-01-08T19:04:04.958+0300] {processor.py:840} INFO - DAG(s) 'youtube_comments_score' retrieved from /home/angry/airflow/dags/youtube_comments_score.py
[2024-01-08T19:04:05.253+0300] {logging_mixin.py:188} INFO - [2024-01-08T19:04:05.253+0300] {dag.py:3033} INFO - Sync 1 DAGs
[2024-01-08T19:04:05.810+0300] {processor.py:183} INFO - Processing /home/angry/airflow/dags/youtube_comments_score.py took 0.985 seconds
[2024-01-08T19:04:39.509+0300] {processor.py:161} INFO - Started process (PID=28938) to work on /home/angry/airflow/dags/youtube_comments_score.py
[2024-01-08T19:04:39.525+0300] {processor.py:830} INFO - Processing file /home/angry/airflow/dags/youtube_comments_score.py for tasks to queue
[2024-01-08T19:04:39.529+0300] {logging_mixin.py:188} INFO - [2024-01-08T19:04:39.528+0300] {dagbag.py:538} INFO - Filling up the DagBag from /home/angry/airflow/dags/youtube_comments_score.py
[2024-01-08T19:04:39.591+0300] {processor.py:840} INFO - DAG(s) 'youtube_comments_score' retrieved from /home/angry/airflow/dags/youtube_comments_score.py
[2024-01-08T19:04:39.809+0300] {logging_mixin.py:188} INFO - [2024-01-08T19:04:39.809+0300] {dag.py:3033} INFO - Sync 1 DAGs
[2024-01-08T19:04:40.678+0300] {logging_mixin.py:188} INFO - [2024-01-08T19:04:40.678+0300] {dag.py:3820} INFO - Setting next_dagrun for youtube_comments_score to 2023-02-27T00:00:00+00:00, run_after=2023-02-28T00:00:00+00:00
[2024-01-08T19:04:40.790+0300] {processor.py:183} INFO - Processing /home/angry/airflow/dags/youtube_comments_score.py took 1.311 seconds
[2024-01-08T19:05:10.911+0300] {processor.py:161} INFO - Started process (PID=29371) to work on /home/angry/airflow/dags/youtube_comments_score.py
[2024-01-08T19:05:10.920+0300] {processor.py:830} INFO - Processing file /home/angry/airflow/dags/youtube_comments_score.py for tasks to queue
[2024-01-08T19:05:10.927+0300] {logging_mixin.py:188} INFO - [2024-01-08T19:05:10.921+0300] {dagbag.py:538} INFO - Filling up the DagBag from /home/angry/airflow/dags/youtube_comments_score.py
[2024-01-08T19:05:10.954+0300] {processor.py:840} INFO - DAG(s) 'youtube_comments_score' retrieved from /home/angry/airflow/dags/youtube_comments_score.py
[2024-01-08T19:05:11.051+0300] {logging_mixin.py:188} INFO - [2024-01-08T19:05:11.050+0300] {dag.py:3033} INFO - Sync 1 DAGs
[2024-01-08T19:05:11.171+0300] {logging_mixin.py:188} INFO - [2024-01-08T19:05:11.171+0300] {dag.py:3820} INFO - Setting next_dagrun for youtube_comments_score to 2023-02-28T00:00:00+00:00, run_after=2023-03-01T00:00:00+00:00
[2024-01-08T19:05:11.219+0300] {processor.py:183} INFO - Processing /home/angry/airflow/dags/youtube_comments_score.py took 0.321 seconds
[2024-01-08T19:05:42.464+0300] {processor.py:161} INFO - Started process (PID=29687) to work on /home/angry/airflow/dags/youtube_comments_score.py
[2024-01-08T19:05:42.482+0300] {processor.py:830} INFO - Processing file /home/angry/airflow/dags/youtube_comments_score.py for tasks to queue
[2024-01-08T19:05:42.484+0300] {logging_mixin.py:188} INFO - [2024-01-08T19:05:42.484+0300] {dagbag.py:538} INFO - Filling up the DagBag from /home/angry/airflow/dags/youtube_comments_score.py
[2024-01-08T19:05:42.588+0300] {processor.py:840} INFO - DAG(s) 'youtube_comments_score' retrieved from /home/angry/airflow/dags/youtube_comments_score.py
[2024-01-08T19:05:42.891+0300] {logging_mixin.py:188} INFO - [2024-01-08T19:05:42.891+0300] {dag.py:3033} INFO - Sync 1 DAGs
[2024-01-08T19:05:43.419+0300] {processor.py:183} INFO - Processing /home/angry/airflow/dags/youtube_comments_score.py took 0.966 seconds
[2024-01-08T19:06:14.023+0300] {processor.py:161} INFO - Started process (PID=30066) to work on /home/angry/airflow/dags/youtube_comments_score.py
[2024-01-08T19:06:14.026+0300] {processor.py:830} INFO - Processing file /home/angry/airflow/dags/youtube_comments_score.py for tasks to queue
[2024-01-08T19:06:14.029+0300] {logging_mixin.py:188} INFO - [2024-01-08T19:06:14.028+0300] {dagbag.py:538} INFO - Filling up the DagBag from /home/angry/airflow/dags/youtube_comments_score.py
[2024-01-08T19:06:14.059+0300] {processor.py:840} INFO - DAG(s) 'youtube_comments_score' retrieved from /home/angry/airflow/dags/youtube_comments_score.py
[2024-01-08T19:06:14.227+0300] {logging_mixin.py:188} INFO - [2024-01-08T19:06:14.226+0300] {dag.py:3033} INFO - Sync 1 DAGs
[2024-01-08T19:06:14.354+0300] {logging_mixin.py:188} INFO - [2024-01-08T19:06:14.354+0300] {dag.py:3820} INFO - Setting next_dagrun for youtube_comments_score to 2023-03-04T00:00:00+00:00, run_after=2023-03-05T00:00:00+00:00
[2024-01-08T19:06:14.495+0300] {processor.py:183} INFO - Processing /home/angry/airflow/dags/youtube_comments_score.py took 0.487 seconds
[2024-01-08T19:06:49.056+0300] {processor.py:161} INFO - Started process (PID=30376) to work on /home/angry/airflow/dags/youtube_comments_score.py
[2024-01-08T19:06:49.070+0300] {processor.py:830} INFO - Processing file /home/angry/airflow/dags/youtube_comments_score.py for tasks to queue
[2024-01-08T19:06:49.073+0300] {logging_mixin.py:188} INFO - [2024-01-08T19:06:49.072+0300] {dagbag.py:538} INFO - Filling up the DagBag from /home/angry/airflow/dags/youtube_comments_score.py
[2024-01-08T19:06:49.172+0300] {processor.py:840} INFO - DAG(s) 'youtube_comments_score' retrieved from /home/angry/airflow/dags/youtube_comments_score.py
[2024-01-08T19:06:49.637+0300] {logging_mixin.py:188} INFO - [2024-01-08T19:06:49.636+0300] {dag.py:3033} INFO - Sync 1 DAGs
[2024-01-08T19:06:50.960+0300] {logging_mixin.py:188} INFO - [2024-01-08T19:06:50.960+0300] {dag.py:3820} INFO - Setting next_dagrun for youtube_comments_score to 2023-03-06T00:00:00+00:00, run_after=2023-03-07T00:00:00+00:00
[2024-01-08T19:06:51.522+0300] {processor.py:183} INFO - Processing /home/angry/airflow/dags/youtube_comments_score.py took 2.539 seconds
[2024-01-08T19:07:22.420+0300] {processor.py:161} INFO - Started process (PID=30784) to work on /home/angry/airflow/dags/youtube_comments_score.py
[2024-01-08T19:07:22.429+0300] {processor.py:830} INFO - Processing file /home/angry/airflow/dags/youtube_comments_score.py for tasks to queue
[2024-01-08T19:07:22.431+0300] {logging_mixin.py:188} INFO - [2024-01-08T19:07:22.431+0300] {dagbag.py:538} INFO - Filling up the DagBag from /home/angry/airflow/dags/youtube_comments_score.py
[2024-01-08T19:07:22.474+0300] {processor.py:840} INFO - DAG(s) 'youtube_comments_score' retrieved from /home/angry/airflow/dags/youtube_comments_score.py
[2024-01-08T19:07:22.903+0300] {logging_mixin.py:188} INFO - [2024-01-08T19:07:22.903+0300] {dag.py:3033} INFO - Sync 1 DAGs
[2024-01-08T19:07:23.072+0300] {logging_mixin.py:188} INFO - [2024-01-08T19:07:23.071+0300] {dag.py:3820} INFO - Setting next_dagrun for youtube_comments_score to 2023-03-07T00:00:00+00:00, run_after=2023-03-08T00:00:00+00:00
[2024-01-08T19:07:23.154+0300] {processor.py:183} INFO - Processing /home/angry/airflow/dags/youtube_comments_score.py took 0.757 seconds
[2024-01-08T19:07:54.463+0300] {processor.py:161} INFO - Started process (PID=31149) to work on /home/angry/airflow/dags/youtube_comments_score.py
[2024-01-08T19:07:54.466+0300] {processor.py:830} INFO - Processing file /home/angry/airflow/dags/youtube_comments_score.py for tasks to queue
[2024-01-08T19:07:54.468+0300] {logging_mixin.py:188} INFO - [2024-01-08T19:07:54.468+0300] {dagbag.py:538} INFO - Filling up the DagBag from /home/angry/airflow/dags/youtube_comments_score.py
[2024-01-08T19:07:54.495+0300] {processor.py:840} INFO - DAG(s) 'youtube_comments_score' retrieved from /home/angry/airflow/dags/youtube_comments_score.py
[2024-01-08T19:07:54.603+0300] {logging_mixin.py:188} INFO - [2024-01-08T19:07:54.603+0300] {dag.py:3033} INFO - Sync 1 DAGs
[2024-01-08T19:07:54.742+0300] {processor.py:183} INFO - Processing /home/angry/airflow/dags/youtube_comments_score.py took 0.298 seconds
[2024-01-08T19:08:25.334+0300] {processor.py:161} INFO - Started process (PID=31464) to work on /home/angry/airflow/dags/youtube_comments_score.py
[2024-01-08T19:08:25.337+0300] {processor.py:830} INFO - Processing file /home/angry/airflow/dags/youtube_comments_score.py for tasks to queue
[2024-01-08T19:08:25.339+0300] {logging_mixin.py:188} INFO - [2024-01-08T19:08:25.338+0300] {dagbag.py:538} INFO - Filling up the DagBag from /home/angry/airflow/dags/youtube_comments_score.py
[2024-01-08T19:08:25.363+0300] {processor.py:840} INFO - DAG(s) 'youtube_comments_score' retrieved from /home/angry/airflow/dags/youtube_comments_score.py
[2024-01-08T19:08:25.461+0300] {logging_mixin.py:188} INFO - [2024-01-08T19:08:25.461+0300] {dag.py:3033} INFO - Sync 1 DAGs
[2024-01-08T19:08:25.611+0300] {processor.py:183} INFO - Processing /home/angry/airflow/dags/youtube_comments_score.py took 0.291 seconds
[2024-01-08T19:09:00.405+0300] {processor.py:161} INFO - Started process (PID=31821) to work on /home/angry/airflow/dags/youtube_comments_score.py
[2024-01-08T19:09:00.429+0300] {processor.py:830} INFO - Processing file /home/angry/airflow/dags/youtube_comments_score.py for tasks to queue
[2024-01-08T19:09:00.431+0300] {logging_mixin.py:188} INFO - [2024-01-08T19:09:00.430+0300] {dagbag.py:538} INFO - Filling up the DagBag from /home/angry/airflow/dags/youtube_comments_score.py
[2024-01-08T19:09:00.456+0300] {processor.py:840} INFO - DAG(s) 'youtube_comments_score' retrieved from /home/angry/airflow/dags/youtube_comments_score.py
[2024-01-08T19:09:00.613+0300] {logging_mixin.py:188} INFO - [2024-01-08T19:09:00.613+0300] {dag.py:3033} INFO - Sync 1 DAGs
[2024-01-08T19:09:01.551+0300] {processor.py:183} INFO - Processing /home/angry/airflow/dags/youtube_comments_score.py took 1.171 seconds
[2024-01-08T19:09:33.055+0300] {processor.py:161} INFO - Started process (PID=32167) to work on /home/angry/airflow/dags/youtube_comments_score.py
[2024-01-08T19:09:33.061+0300] {processor.py:830} INFO - Processing file /home/angry/airflow/dags/youtube_comments_score.py for tasks to queue
[2024-01-08T19:09:33.064+0300] {logging_mixin.py:188} INFO - [2024-01-08T19:09:33.063+0300] {dagbag.py:538} INFO - Filling up the DagBag from /home/angry/airflow/dags/youtube_comments_score.py
[2024-01-08T19:09:33.181+0300] {processor.py:840} INFO - DAG(s) 'youtube_comments_score' retrieved from /home/angry/airflow/dags/youtube_comments_score.py
[2024-01-08T19:09:33.469+0300] {logging_mixin.py:188} INFO - [2024-01-08T19:09:33.469+0300] {dag.py:3033} INFO - Sync 1 DAGs
[2024-01-08T19:09:33.792+0300] {processor.py:183} INFO - Processing /home/angry/airflow/dags/youtube_comments_score.py took 0.806 seconds
[2024-01-08T19:10:04.317+0300] {processor.py:161} INFO - Started process (PID=32520) to work on /home/angry/airflow/dags/youtube_comments_score.py
[2024-01-08T19:10:04.320+0300] {processor.py:830} INFO - Processing file /home/angry/airflow/dags/youtube_comments_score.py for tasks to queue
[2024-01-08T19:10:04.330+0300] {logging_mixin.py:188} INFO - [2024-01-08T19:10:04.321+0300] {dagbag.py:538} INFO - Filling up the DagBag from /home/angry/airflow/dags/youtube_comments_score.py
[2024-01-08T19:10:04.396+0300] {processor.py:840} INFO - DAG(s) 'youtube_comments_score' retrieved from /home/angry/airflow/dags/youtube_comments_score.py
[2024-01-08T19:10:04.681+0300] {logging_mixin.py:188} INFO - [2024-01-08T19:10:04.680+0300] {dag.py:3033} INFO - Sync 1 DAGs
[2024-01-08T19:10:05.002+0300] {processor.py:183} INFO - Processing /home/angry/airflow/dags/youtube_comments_score.py took 0.712 seconds
[2024-01-08T19:10:45.967+0300] {processor.py:161} INFO - Started process (PID=32931) to work on /home/angry/airflow/dags/youtube_comments_score.py
[2024-01-08T19:10:45.988+0300] {processor.py:830} INFO - Processing file /home/angry/airflow/dags/youtube_comments_score.py for tasks to queue
[2024-01-08T19:10:45.991+0300] {logging_mixin.py:188} INFO - [2024-01-08T19:10:45.990+0300] {dagbag.py:538} INFO - Filling up the DagBag from /home/angry/airflow/dags/youtube_comments_score.py
[2024-01-08T19:10:46.119+0300] {processor.py:840} INFO - DAG(s) 'youtube_comments_score' retrieved from /home/angry/airflow/dags/youtube_comments_score.py
[2024-01-08T19:10:46.265+0300] {logging_mixin.py:188} INFO - [2024-01-08T19:10:46.264+0300] {dag.py:3033} INFO - Sync 1 DAGs
[2024-01-08T19:10:46.389+0300] {logging_mixin.py:188} INFO - [2024-01-08T19:10:46.388+0300] {dag.py:3820} INFO - Setting next_dagrun for youtube_comments_score to 2023-03-14T00:00:00+00:00, run_after=2023-03-15T00:00:00+00:00
[2024-01-08T19:10:47.376+0300] {processor.py:183} INFO - Processing /home/angry/airflow/dags/youtube_comments_score.py took 1.470 seconds
[2024-01-08T19:11:18.026+0300] {processor.py:161} INFO - Started process (PID=33290) to work on /home/angry/airflow/dags/youtube_comments_score.py
[2024-01-08T19:11:18.029+0300] {processor.py:830} INFO - Processing file /home/angry/airflow/dags/youtube_comments_score.py for tasks to queue
[2024-01-08T19:11:18.032+0300] {logging_mixin.py:188} INFO - [2024-01-08T19:11:18.031+0300] {dagbag.py:538} INFO - Filling up the DagBag from /home/angry/airflow/dags/youtube_comments_score.py
[2024-01-08T19:11:18.096+0300] {processor.py:840} INFO - DAG(s) 'youtube_comments_score' retrieved from /home/angry/airflow/dags/youtube_comments_score.py
[2024-01-08T19:11:18.339+0300] {logging_mixin.py:188} INFO - [2024-01-08T19:11:18.336+0300] {dag.py:3033} INFO - Sync 1 DAGs
[2024-01-08T19:11:18.575+0300] {logging_mixin.py:188} INFO - [2024-01-08T19:11:18.575+0300] {dag.py:3820} INFO - Setting next_dagrun for youtube_comments_score to 2023-03-16T00:00:00+00:00, run_after=2023-03-17T00:00:00+00:00
[2024-01-08T19:11:18.649+0300] {processor.py:183} INFO - Processing /home/angry/airflow/dags/youtube_comments_score.py took 0.655 seconds
[2024-01-08T19:11:53.282+0300] {processor.py:161} INFO - Started process (PID=33600) to work on /home/angry/airflow/dags/youtube_comments_score.py
[2024-01-08T19:11:53.303+0300] {processor.py:830} INFO - Processing file /home/angry/airflow/dags/youtube_comments_score.py for tasks to queue
[2024-01-08T19:11:53.308+0300] {logging_mixin.py:188} INFO - [2024-01-08T19:11:53.304+0300] {dagbag.py:538} INFO - Filling up the DagBag from /home/angry/airflow/dags/youtube_comments_score.py
[2024-01-08T19:11:53.404+0300] {processor.py:840} INFO - DAG(s) 'youtube_comments_score' retrieved from /home/angry/airflow/dags/youtube_comments_score.py
[2024-01-08T19:11:53.700+0300] {logging_mixin.py:188} INFO - [2024-01-08T19:11:53.699+0300] {dag.py:3033} INFO - Sync 1 DAGs
[2024-01-08T19:11:56.540+0300] {processor.py:183} INFO - Processing /home/angry/airflow/dags/youtube_comments_score.py took 3.294 seconds
[2024-01-08T19:12:26.917+0300] {processor.py:161} INFO - Started process (PID=33980) to work on /home/angry/airflow/dags/youtube_comments_score.py
[2024-01-08T19:12:26.927+0300] {processor.py:830} INFO - Processing file /home/angry/airflow/dags/youtube_comments_score.py for tasks to queue
[2024-01-08T19:12:26.937+0300] {logging_mixin.py:188} INFO - [2024-01-08T19:12:26.935+0300] {dagbag.py:538} INFO - Filling up the DagBag from /home/angry/airflow/dags/youtube_comments_score.py
[2024-01-08T19:12:26.993+0300] {processor.py:840} INFO - DAG(s) 'youtube_comments_score' retrieved from /home/angry/airflow/dags/youtube_comments_score.py
[2024-01-08T19:12:27.151+0300] {logging_mixin.py:188} INFO - [2024-01-08T19:12:27.151+0300] {dag.py:3033} INFO - Sync 1 DAGs
[2024-01-08T19:12:27.220+0300] {logging_mixin.py:188} INFO - [2024-01-08T19:12:27.220+0300] {dag.py:3820} INFO - Setting next_dagrun for youtube_comments_score to 2023-03-20T00:00:00+00:00, run_after=2023-03-21T00:00:00+00:00
[2024-01-08T19:12:27.656+0300] {processor.py:183} INFO - Processing /home/angry/airflow/dags/youtube_comments_score.py took 0.758 seconds
