[2024-01-08T19:03:41.267+0300] {taskinstance.py:1957} INFO - Dependencies all met for dep_context=non-requeueable deps ti=<TaskInstance: youtube_comments_score.get_data scheduled__2023-02-23T00:00:00+00:00 [queued]>
[2024-01-08T19:03:41.285+0300] {taskinstance.py:1957} INFO - Dependencies all met for dep_context=requeueable deps ti=<TaskInstance: youtube_comments_score.get_data scheduled__2023-02-23T00:00:00+00:00 [queued]>
[2024-01-08T19:03:41.286+0300] {taskinstance.py:2171} INFO - Starting attempt 1 of 2
[2024-01-08T19:03:41.339+0300] {taskinstance.py:2192} INFO - Executing <Task(BashOperator): get_data> on 2023-02-23 00:00:00+00:00
[2024-01-08T19:03:41.396+0300] {standard_task_runner.py:60} INFO - Started process 28224 to run task
[2024-01-08T19:03:41.414+0300] {standard_task_runner.py:87} INFO - Running: ['airflow', 'tasks', 'run', 'youtube_comments_score', 'get_data', 'scheduled__2023-02-23T00:00:00+00:00', '--job-id', '1624', '--raw', '--subdir', 'DAGS_FOLDER/youtube_comments_score.py', '--cfg-path', '/tmp/tmpbcj_1604']
[2024-01-08T19:03:41.434+0300] {standard_task_runner.py:88} INFO - Job 1624: Subtask get_data
[2024-01-08T19:03:42.096+0300] {task_command.py:423} INFO - Running <TaskInstance: youtube_comments_score.get_data scheduled__2023-02-23T00:00:00+00:00 [running]> on host airflow
[2024-01-08T19:03:43.194+0300] {taskinstance.py:2481} INFO - Exporting env vars: AIRFLOW_CTX_DAG_OWNER='admin' AIRFLOW_CTX_DAG_ID='youtube_comments_score' AIRFLOW_CTX_TASK_ID='get_data' AIRFLOW_CTX_EXECUTION_DATE='2023-02-23T00:00:00+00:00' AIRFLOW_CTX_TRY_NUMBER='1' AIRFLOW_CTX_DAG_RUN_ID='scheduled__2023-02-23T00:00:00+00:00'
[2024-01-08T19:03:43.199+0300] {subprocess.py:63} INFO - Tmp dir root location: /tmp
[2024-01-08T19:03:43.209+0300] {subprocess.py:75} INFO - Running command: ['/usr/bin/bash', '-c', 'python3 /home/angry/mlops_3/scripts/get_data.py']
[2024-01-08T19:03:43.269+0300] {subprocess.py:86} INFO - Output:
[2024-01-08T19:03:44.892+0300] {subprocess.py:93} INFO - Traceback (most recent call last):
[2024-01-08T19:03:44.897+0300] {subprocess.py:93} INFO -   File "/home/angry/mlops_3/scripts/get_data.py", line 9, in <module>
[2024-01-08T19:03:44.897+0300] {subprocess.py:93} INFO -     video = api.search_by_keywords(q=query, search_type=["video"], count=10, limit=30)
[2024-01-08T19:03:44.898+0300] {subprocess.py:93} INFO -   File "/home/angry/.local/lib/python3.10/site-packages/pyyoutube/api.py", line 1750, in search_by_keywords
[2024-01-08T19:03:44.899+0300] {subprocess.py:93} INFO -     return self.search(
[2024-01-08T19:03:44.899+0300] {subprocess.py:93} INFO -   File "/home/angry/.local/lib/python3.10/site-packages/pyyoutube/api.py", line 1683, in search
[2024-01-08T19:03:44.910+0300] {subprocess.py:93} INFO -     res_data = self.paged_by_page_token(resource="search", args=args, count=count)
[2024-01-08T19:03:44.911+0300] {subprocess.py:93} INFO -   File "/home/angry/.local/lib/python3.10/site-packages/pyyoutube/api.py", line 487, in paged_by_page_token
[2024-01-08T19:03:44.911+0300] {subprocess.py:93} INFO -     data = self._parse_response(resp)  # origin response
[2024-01-08T19:03:44.912+0300] {subprocess.py:93} INFO -   File "/home/angry/.local/lib/python3.10/site-packages/pyyoutube/api.py", line 327, in _parse_response
[2024-01-08T19:03:44.912+0300] {subprocess.py:93} INFO -     raise PyYouTubeException(response)
[2024-01-08T19:03:44.913+0300] {subprocess.py:93} INFO - pyyoutube.error.PyYouTubeException: YouTubeException(status_code=403,message=The request cannot be completed because you have exceeded your <a href="/youtube/v3/getting-started#quota">quota</a>.)
[2024-01-08T19:03:45.052+0300] {subprocess.py:97} INFO - Command exited with return code 1
[2024-01-08T19:03:45.281+0300] {taskinstance.py:2699} ERROR - Task failed with exception
Traceback (most recent call last):
  File "/usr/local/lib/python3.10/dist-packages/airflow/models/taskinstance.py", line 433, in _execute_task
    result = execute_callable(context=context, **execute_callable_kwargs)
  File "/usr/local/lib/python3.10/dist-packages/airflow/operators/bash.py", line 212, in execute
    raise AirflowException(
airflow.exceptions.AirflowException: Bash command failed. The command returned a non-zero exit code 1.
[2024-01-08T19:03:45.378+0300] {taskinstance.py:1138} INFO - Marking task as UP_FOR_RETRY. dag_id=youtube_comments_score, task_id=get_data, execution_date=20230223T000000, start_date=20240108T160341, end_date=20240108T160345
[2024-01-08T19:03:45.896+0300] {standard_task_runner.py:107} ERROR - Failed to execute job 1624 for task get_data (Bash command failed. The command returned a non-zero exit code 1.; 28224)
[2024-01-08T19:03:46.042+0300] {local_task_job_runner.py:234} INFO - Task exited with return code 1
[2024-01-08T19:03:46.355+0300] {taskinstance.py:3281} INFO - 0 downstream tasks scheduled from follow-on schedule check
